[0.303s] DEBUG:colcon:Command line arguments: ['/usr/bin/colcon', 'build', '--symlink-install']
[0.303s] DEBUG:colcon:Parsed command line arguments: Namespace(log_base=None, log_level=None, verb_name='build', build_base='build', install_base='install', merge_install=False, symlink_install=True, test_result_base=None, continue_on_error=False, executor='parallel', parallel_workers=6, event_handlers=None, ignore_user_meta=False, metas=['./colcon.meta'], base_paths=['.'], packages_ignore=None, packages_ignore_regex=None, paths=None, packages_up_to=None, packages_up_to_regex=None, packages_above=None, packages_above_and_dependencies=None, packages_above_depth=None, packages_select_by_dep=None, packages_skip_by_dep=None, packages_skip_up_to=None, packages_select_build_failed=False, packages_skip_build_finished=False, packages_select_test_failures=False, packages_skip_test_passed=False, packages_select=None, packages_skip=None, packages_select_regex=None, packages_skip_regex=None, packages_start=None, packages_end=None, allow_overriding=[], cmake_args=None, cmake_target=None, cmake_target_skip_unavailable=False, cmake_clean_cache=False, cmake_clean_first=False, cmake_force_configure=False, ament_cmake_args=None, catkin_cmake_args=None, catkin_skip_building_tests=False, verb_parser=<colcon_defaults.argument_parser.defaults.DefaultArgumentsDecorator object at 0x7f1d146029e0>, verb_extension=<colcon_core.verb.build.BuildVerb object at 0x7f1d1502ae00>, main=<bound method BuildVerb.main of <colcon_core.verb.build.BuildVerb object at 0x7f1d1502ae00>>)
[0.324s] Level 1:colcon.colcon_core.package_discovery:discover_packages(colcon_meta) check parameters
[0.324s] Level 1:colcon.colcon_core.package_discovery:discover_packages(recursive) check parameters
[0.324s] Level 1:colcon.colcon_core.package_discovery:discover_packages(ignore) check parameters
[0.324s] Level 1:colcon.colcon_core.package_discovery:discover_packages(path) check parameters
[0.324s] Level 1:colcon.colcon_core.package_discovery:discover_packages(colcon_meta) discover
[0.324s] Level 1:colcon.colcon_core.package_discovery:discover_packages(recursive) discover
[0.324s] INFO:colcon.colcon_core.package_discovery:Crawling recursively for packages in '/home/rlcontrol/jay_ws'
[0.324s] Level 1:colcon.colcon_core.package_identification:_identify(.) by extensions ['ignore', 'ignore_ament_install']
[0.325s] Level 1:colcon.colcon_core.package_identification:_identify(.) by extension 'ignore'
[0.325s] Level 1:colcon.colcon_core.package_identification:_identify(.) by extension 'ignore_ament_install'
[0.325s] Level 1:colcon.colcon_core.package_identification:_identify(.) by extensions ['colcon_pkg']
[0.325s] Level 1:colcon.colcon_core.package_identification:_identify(.) by extension 'colcon_pkg'
[0.325s] Level 1:colcon.colcon_core.package_identification:_identify(.) by extensions ['colcon_meta']
[0.325s] Level 1:colcon.colcon_core.package_identification:_identify(.) by extension 'colcon_meta'
[0.325s] Level 1:colcon.colcon_core.package_identification:_identify(.) by extensions ['ros']
[0.325s] Level 1:colcon.colcon_core.package_identification:_identify(.) by extension 'ros'
[0.334s] Level 1:colcon.colcon_core.package_identification:_identify(.) by extensions ['cmake', 'python']
[0.334s] Level 1:colcon.colcon_core.package_identification:_identify(.) by extension 'cmake'
[0.334s] Level 1:colcon.colcon_core.package_identification:_identify(.) by extension 'python'
[0.334s] Level 1:colcon.colcon_core.package_identification:_identify(.) by extensions ['python_setup_py']
[0.334s] Level 1:colcon.colcon_core.package_identification:_identify(.) by extension 'python_setup_py'
[0.334s] Level 1:colcon.colcon_core.package_identification:_identify(build) by extensions ['ignore', 'ignore_ament_install']
[0.334s] Level 1:colcon.colcon_core.package_identification:_identify(build) by extension 'ignore'
[0.334s] Level 1:colcon.colcon_core.package_identification:_identify(build) ignored
[0.334s] Level 1:colcon.colcon_core.package_identification:_identify(install) by extensions ['ignore', 'ignore_ament_install']
[0.334s] Level 1:colcon.colcon_core.package_identification:_identify(install) by extension 'ignore'
[0.334s] Level 1:colcon.colcon_core.package_identification:_identify(install) ignored
[0.334s] Level 1:colcon.colcon_core.package_identification:_identify(jaybot) by extensions ['ignore', 'ignore_ament_install']
[0.334s] Level 1:colcon.colcon_core.package_identification:_identify(jaybot) by extension 'ignore'
[0.334s] Level 1:colcon.colcon_core.package_identification:_identify(jaybot) by extension 'ignore_ament_install'
[0.334s] Level 1:colcon.colcon_core.package_identification:_identify(jaybot) by extensions ['colcon_pkg']
[0.335s] Level 1:colcon.colcon_core.package_identification:_identify(jaybot) by extension 'colcon_pkg'
[0.335s] Level 1:colcon.colcon_core.package_identification:_identify(jaybot) by extensions ['colcon_meta']
[0.335s] Level 1:colcon.colcon_core.package_identification:_identify(jaybot) by extension 'colcon_meta'
[0.335s] Level 1:colcon.colcon_core.package_identification:_identify(jaybot) by extensions ['ros']
[0.335s] Level 1:colcon.colcon_core.package_identification:_identify(jaybot) by extension 'ros'
[0.337s] DEBUG:colcon.colcon_core.package_identification:Package 'jaybot' with type 'ros.ament_cmake' and name 'jaybot'
[0.337s] Level 1:colcon.colcon_core.package_identification:_identify(log) by extensions ['ignore', 'ignore_ament_install']
[0.337s] Level 1:colcon.colcon_core.package_identification:_identify(log) by extension 'ignore'
[0.337s] Level 1:colcon.colcon_core.package_identification:_identify(log) ignored
[0.337s] Level 1:colcon.colcon_core.package_identification:_identify(rl_custom_messages) by extensions ['ignore', 'ignore_ament_install']
[0.337s] Level 1:colcon.colcon_core.package_identification:_identify(rl_custom_messages) by extension 'ignore'
[0.337s] Level 1:colcon.colcon_core.package_identification:_identify(rl_custom_messages) by extension 'ignore_ament_install'
[0.337s] Level 1:colcon.colcon_core.package_identification:_identify(rl_custom_messages) by extensions ['colcon_pkg']
[0.337s] Level 1:colcon.colcon_core.package_identification:_identify(rl_custom_messages) by extension 'colcon_pkg'
[0.337s] Level 1:colcon.colcon_core.package_identification:_identify(rl_custom_messages) by extensions ['colcon_meta']
[0.337s] Level 1:colcon.colcon_core.package_identification:_identify(rl_custom_messages) by extension 'colcon_meta'
[0.338s] Level 1:colcon.colcon_core.package_identification:_identify(rl_custom_messages) by extensions ['ros']
[0.338s] Level 1:colcon.colcon_core.package_identification:_identify(rl_custom_messages) by extension 'ros'
[0.338s] DEBUG:colcon.colcon_core.package_identification:Package 'rl_custom_messages' with type 'ros.ament_cmake' and name 'rl_custom_messages'
[0.338s] Level 1:colcon.colcon_core.package_identification:_identify(runs) by extensions ['ignore', 'ignore_ament_install']
[0.338s] Level 1:colcon.colcon_core.package_identification:_identify(runs) by extension 'ignore'
[0.338s] Level 1:colcon.colcon_core.package_identification:_identify(runs) by extension 'ignore_ament_install'
[0.338s] Level 1:colcon.colcon_core.package_identification:_identify(runs) by extensions ['colcon_pkg']
[0.338s] Level 1:colcon.colcon_core.package_identification:_identify(runs) by extension 'colcon_pkg'
[0.338s] Level 1:colcon.colcon_core.package_identification:_identify(runs) by extensions ['colcon_meta']
[0.338s] Level 1:colcon.colcon_core.package_identification:_identify(runs) by extension 'colcon_meta'
[0.338s] Level 1:colcon.colcon_core.package_identification:_identify(runs) by extensions ['ros']
[0.338s] Level 1:colcon.colcon_core.package_identification:_identify(runs) by extension 'ros'
[0.338s] Level 1:colcon.colcon_core.package_identification:_identify(runs) by extensions ['cmake', 'python']
[0.338s] Level 1:colcon.colcon_core.package_identification:_identify(runs) by extension 'cmake'
[0.338s] Level 1:colcon.colcon_core.package_identification:_identify(runs) by extension 'python'
[0.339s] Level 1:colcon.colcon_core.package_identification:_identify(runs) by extensions ['python_setup_py']
[0.339s] Level 1:colcon.colcon_core.package_identification:_identify(runs) by extension 'python_setup_py'
[0.339s] Level 1:colcon.colcon_core.package_identification:_identify(runs/Jun19_08-44-27_rlcontrolJayNetv1.0) by extensions ['ignore', 'ignore_ament_install']
[0.339s] Level 1:colcon.colcon_core.package_identification:_identify(runs/Jun19_08-44-27_rlcontrolJayNetv1.0) by extension 'ignore'
[0.339s] Level 1:colcon.colcon_core.package_identification:_identify(runs/Jun19_08-44-27_rlcontrolJayNetv1.0) by extension 'ignore_ament_install'
[0.339s] Level 1:colcon.colcon_core.package_identification:_identify(runs/Jun19_08-44-27_rlcontrolJayNetv1.0) by extensions ['colcon_pkg']
[0.339s] Level 1:colcon.colcon_core.package_identification:_identify(runs/Jun19_08-44-27_rlcontrolJayNetv1.0) by extension 'colcon_pkg'
[0.339s] Level 1:colcon.colcon_core.package_identification:_identify(runs/Jun19_08-44-27_rlcontrolJayNetv1.0) by extensions ['colcon_meta']
[0.339s] Level 1:colcon.colcon_core.package_identification:_identify(runs/Jun19_08-44-27_rlcontrolJayNetv1.0) by extension 'colcon_meta'
[0.339s] Level 1:colcon.colcon_core.package_identification:_identify(runs/Jun19_08-44-27_rlcontrolJayNetv1.0) by extensions ['ros']
[0.339s] Level 1:colcon.colcon_core.package_identification:_identify(runs/Jun19_08-44-27_rlcontrolJayNetv1.0) by extension 'ros'
[0.339s] Level 1:colcon.colcon_core.package_identification:_identify(runs/Jun19_08-44-27_rlcontrolJayNetv1.0) by extensions ['cmake', 'python']
[0.339s] Level 1:colcon.colcon_core.package_identification:_identify(runs/Jun19_08-44-27_rlcontrolJayNetv1.0) by extension 'cmake'
[0.339s] Level 1:colcon.colcon_core.package_identification:_identify(runs/Jun19_08-44-27_rlcontrolJayNetv1.0) by extension 'python'
[0.339s] Level 1:colcon.colcon_core.package_identification:_identify(runs/Jun19_08-44-27_rlcontrolJayNetv1.0) by extensions ['python_setup_py']
[0.339s] Level 1:colcon.colcon_core.package_identification:_identify(runs/Jun19_08-44-27_rlcontrolJayNetv1.0) by extension 'python_setup_py'
[0.339s] Level 1:colcon.colcon_core.package_identification:_identify(runs/Jun19_08-47-06_rlcontrolJayNetv1.0) by extensions ['ignore', 'ignore_ament_install']
[0.339s] Level 1:colcon.colcon_core.package_identification:_identify(runs/Jun19_08-47-06_rlcontrolJayNetv1.0) by extension 'ignore'
[0.339s] Level 1:colcon.colcon_core.package_identification:_identify(runs/Jun19_08-47-06_rlcontrolJayNetv1.0) by extension 'ignore_ament_install'
[0.339s] Level 1:colcon.colcon_core.package_identification:_identify(runs/Jun19_08-47-06_rlcontrolJayNetv1.0) by extensions ['colcon_pkg']
[0.339s] Level 1:colcon.colcon_core.package_identification:_identify(runs/Jun19_08-47-06_rlcontrolJayNetv1.0) by extension 'colcon_pkg'
[0.339s] Level 1:colcon.colcon_core.package_identification:_identify(runs/Jun19_08-47-06_rlcontrolJayNetv1.0) by extensions ['colcon_meta']
[0.339s] Level 1:colcon.colcon_core.package_identification:_identify(runs/Jun19_08-47-06_rlcontrolJayNetv1.0) by extension 'colcon_meta'
[0.339s] Level 1:colcon.colcon_core.package_identification:_identify(runs/Jun19_08-47-06_rlcontrolJayNetv1.0) by extensions ['ros']
[0.340s] Level 1:colcon.colcon_core.package_identification:_identify(runs/Jun19_08-47-06_rlcontrolJayNetv1.0) by extension 'ros'
[0.340s] Level 1:colcon.colcon_core.package_identification:_identify(runs/Jun19_08-47-06_rlcontrolJayNetv1.0) by extensions ['cmake', 'python']
[0.340s] Level 1:colcon.colcon_core.package_identification:_identify(runs/Jun19_08-47-06_rlcontrolJayNetv1.0) by extension 'cmake'
[0.340s] Level 1:colcon.colcon_core.package_identification:_identify(runs/Jun19_08-47-06_rlcontrolJayNetv1.0) by extension 'python'
[0.340s] Level 1:colcon.colcon_core.package_identification:_identify(runs/Jun19_08-47-06_rlcontrolJayNetv1.0) by extensions ['python_setup_py']
[0.340s] Level 1:colcon.colcon_core.package_identification:_identify(runs/Jun19_08-47-06_rlcontrolJayNetv1.0) by extension 'python_setup_py'
[0.340s] Level 1:colcon.colcon_core.package_identification:_identify(runs/Jun19_08-47-47_rlcontrolJayNetv1.0) by extensions ['ignore', 'ignore_ament_install']
[0.340s] Level 1:colcon.colcon_core.package_identification:_identify(runs/Jun19_08-47-47_rlcontrolJayNetv1.0) by extension 'ignore'
[0.340s] Level 1:colcon.colcon_core.package_identification:_identify(runs/Jun19_08-47-47_rlcontrolJayNetv1.0) by extension 'ignore_ament_install'
[0.340s] Level 1:colcon.colcon_core.package_identification:_identify(runs/Jun19_08-47-47_rlcontrolJayNetv1.0) by extensions ['colcon_pkg']
[0.340s] Level 1:colcon.colcon_core.package_identification:_identify(runs/Jun19_08-47-47_rlcontrolJayNetv1.0) by extension 'colcon_pkg'
[0.340s] Level 1:colcon.colcon_core.package_identification:_identify(runs/Jun19_08-47-47_rlcontrolJayNetv1.0) by extensions ['colcon_meta']
[0.340s] Level 1:colcon.colcon_core.package_identification:_identify(runs/Jun19_08-47-47_rlcontrolJayNetv1.0) by extension 'colcon_meta'
[0.340s] Level 1:colcon.colcon_core.package_identification:_identify(runs/Jun19_08-47-47_rlcontrolJayNetv1.0) by extensions ['ros']
[0.340s] Level 1:colcon.colcon_core.package_identification:_identify(runs/Jun19_08-47-47_rlcontrolJayNetv1.0) by extension 'ros'
[0.340s] Level 1:colcon.colcon_core.package_identification:_identify(runs/Jun19_08-47-47_rlcontrolJayNetv1.0) by extensions ['cmake', 'python']
[0.340s] Level 1:colcon.colcon_core.package_identification:_identify(runs/Jun19_08-47-47_rlcontrolJayNetv1.0) by extension 'cmake'
[0.340s] Level 1:colcon.colcon_core.package_identification:_identify(runs/Jun19_08-47-47_rlcontrolJayNetv1.0) by extension 'python'
[0.340s] Level 1:colcon.colcon_core.package_identification:_identify(runs/Jun19_08-47-47_rlcontrolJayNetv1.0) by extensions ['python_setup_py']
[0.340s] Level 1:colcon.colcon_core.package_identification:_identify(runs/Jun19_08-47-47_rlcontrolJayNetv1.0) by extension 'python_setup_py'
[0.340s] Level 1:colcon.colcon_core.package_identification:_identify(runs/Jun19_08-51-31_rlcontrolJayNetv1.0) by extensions ['ignore', 'ignore_ament_install']
[0.340s] Level 1:colcon.colcon_core.package_identification:_identify(runs/Jun19_08-51-31_rlcontrolJayNetv1.0) by extension 'ignore'
[0.340s] Level 1:colcon.colcon_core.package_identification:_identify(runs/Jun19_08-51-31_rlcontrolJayNetv1.0) by extension 'ignore_ament_install'
[0.341s] Level 1:colcon.colcon_core.package_identification:_identify(runs/Jun19_08-51-31_rlcontrolJayNetv1.0) by extensions ['colcon_pkg']
[0.341s] Level 1:colcon.colcon_core.package_identification:_identify(runs/Jun19_08-51-31_rlcontrolJayNetv1.0) by extension 'colcon_pkg'
[0.341s] Level 1:colcon.colcon_core.package_identification:_identify(runs/Jun19_08-51-31_rlcontrolJayNetv1.0) by extensions ['colcon_meta']
[0.341s] Level 1:colcon.colcon_core.package_identification:_identify(runs/Jun19_08-51-31_rlcontrolJayNetv1.0) by extension 'colcon_meta'
[0.341s] Level 1:colcon.colcon_core.package_identification:_identify(runs/Jun19_08-51-31_rlcontrolJayNetv1.0) by extensions ['ros']
[0.341s] Level 1:colcon.colcon_core.package_identification:_identify(runs/Jun19_08-51-31_rlcontrolJayNetv1.0) by extension 'ros'
[0.341s] Level 1:colcon.colcon_core.package_identification:_identify(runs/Jun19_08-51-31_rlcontrolJayNetv1.0) by extensions ['cmake', 'python']
[0.341s] Level 1:colcon.colcon_core.package_identification:_identify(runs/Jun19_08-51-31_rlcontrolJayNetv1.0) by extension 'cmake'
[0.341s] Level 1:colcon.colcon_core.package_identification:_identify(runs/Jun19_08-51-31_rlcontrolJayNetv1.0) by extension 'python'
[0.341s] Level 1:colcon.colcon_core.package_identification:_identify(runs/Jun19_08-51-31_rlcontrolJayNetv1.0) by extensions ['python_setup_py']
[0.341s] Level 1:colcon.colcon_core.package_identification:_identify(runs/Jun19_08-51-31_rlcontrolJayNetv1.0) by extension 'python_setup_py'
[0.341s] Level 1:colcon.colcon_core.package_identification:_identify(runs/Jun19_08-54-24_rlcontrolJayNetv1.0) by extensions ['ignore', 'ignore_ament_install']
[0.341s] Level 1:colcon.colcon_core.package_identification:_identify(runs/Jun19_08-54-24_rlcontrolJayNetv1.0) by extension 'ignore'
[0.341s] Level 1:colcon.colcon_core.package_identification:_identify(runs/Jun19_08-54-24_rlcontrolJayNetv1.0) by extension 'ignore_ament_install'
[0.341s] Level 1:colcon.colcon_core.package_identification:_identify(runs/Jun19_08-54-24_rlcontrolJayNetv1.0) by extensions ['colcon_pkg']
[0.341s] Level 1:colcon.colcon_core.package_identification:_identify(runs/Jun19_08-54-24_rlcontrolJayNetv1.0) by extension 'colcon_pkg'
[0.341s] Level 1:colcon.colcon_core.package_identification:_identify(runs/Jun19_08-54-24_rlcontrolJayNetv1.0) by extensions ['colcon_meta']
[0.341s] Level 1:colcon.colcon_core.package_identification:_identify(runs/Jun19_08-54-24_rlcontrolJayNetv1.0) by extension 'colcon_meta'
[0.341s] Level 1:colcon.colcon_core.package_identification:_identify(runs/Jun19_08-54-24_rlcontrolJayNetv1.0) by extensions ['ros']
[0.341s] Level 1:colcon.colcon_core.package_identification:_identify(runs/Jun19_08-54-24_rlcontrolJayNetv1.0) by extension 'ros'
[0.341s] Level 1:colcon.colcon_core.package_identification:_identify(runs/Jun19_08-54-24_rlcontrolJayNetv1.0) by extensions ['cmake', 'python']
[0.341s] Level 1:colcon.colcon_core.package_identification:_identify(runs/Jun19_08-54-24_rlcontrolJayNetv1.0) by extension 'cmake'
[0.341s] Level 1:colcon.colcon_core.package_identification:_identify(runs/Jun19_08-54-24_rlcontrolJayNetv1.0) by extension 'python'
[0.341s] Level 1:colcon.colcon_core.package_identification:_identify(runs/Jun19_08-54-24_rlcontrolJayNetv1.0) by extensions ['python_setup_py']
[0.341s] Level 1:colcon.colcon_core.package_identification:_identify(runs/Jun19_08-54-24_rlcontrolJayNetv1.0) by extension 'python_setup_py'
[0.342s] Level 1:colcon.colcon_core.package_identification:_identify(runs/Jun19_08-55-34_rlcontrolJayNetv1.0) by extensions ['ignore', 'ignore_ament_install']
[0.342s] Level 1:colcon.colcon_core.package_identification:_identify(runs/Jun19_08-55-34_rlcontrolJayNetv1.0) by extension 'ignore'
[0.342s] Level 1:colcon.colcon_core.package_identification:_identify(runs/Jun19_08-55-34_rlcontrolJayNetv1.0) by extension 'ignore_ament_install'
[0.342s] Level 1:colcon.colcon_core.package_identification:_identify(runs/Jun19_08-55-34_rlcontrolJayNetv1.0) by extensions ['colcon_pkg']
[0.342s] Level 1:colcon.colcon_core.package_identification:_identify(runs/Jun19_08-55-34_rlcontrolJayNetv1.0) by extension 'colcon_pkg'
[0.342s] Level 1:colcon.colcon_core.package_identification:_identify(runs/Jun19_08-55-34_rlcontrolJayNetv1.0) by extensions ['colcon_meta']
[0.342s] Level 1:colcon.colcon_core.package_identification:_identify(runs/Jun19_08-55-34_rlcontrolJayNetv1.0) by extension 'colcon_meta'
[0.342s] Level 1:colcon.colcon_core.package_identification:_identify(runs/Jun19_08-55-34_rlcontrolJayNetv1.0) by extensions ['ros']
[0.342s] Level 1:colcon.colcon_core.package_identification:_identify(runs/Jun19_08-55-34_rlcontrolJayNetv1.0) by extension 'ros'
[0.342s] Level 1:colcon.colcon_core.package_identification:_identify(runs/Jun19_08-55-34_rlcontrolJayNetv1.0) by extensions ['cmake', 'python']
[0.342s] Level 1:colcon.colcon_core.package_identification:_identify(runs/Jun19_08-55-34_rlcontrolJayNetv1.0) by extension 'cmake'
[0.342s] Level 1:colcon.colcon_core.package_identification:_identify(runs/Jun19_08-55-34_rlcontrolJayNetv1.0) by extension 'python'
[0.342s] Level 1:colcon.colcon_core.package_identification:_identify(runs/Jun19_08-55-34_rlcontrolJayNetv1.0) by extensions ['python_setup_py']
[0.342s] Level 1:colcon.colcon_core.package_identification:_identify(runs/Jun19_08-55-34_rlcontrolJayNetv1.0) by extension 'python_setup_py'
[0.342s] Level 1:colcon.colcon_core.package_identification:_identify(runs/Jun19_08-56-10_rlcontrolJayNetv1.0) by extensions ['ignore', 'ignore_ament_install']
[0.342s] Level 1:colcon.colcon_core.package_identification:_identify(runs/Jun19_08-56-10_rlcontrolJayNetv1.0) by extension 'ignore'
[0.342s] Level 1:colcon.colcon_core.package_identification:_identify(runs/Jun19_08-56-10_rlcontrolJayNetv1.0) by extension 'ignore_ament_install'
[0.342s] Level 1:colcon.colcon_core.package_identification:_identify(runs/Jun19_08-56-10_rlcontrolJayNetv1.0) by extensions ['colcon_pkg']
[0.342s] Level 1:colcon.colcon_core.package_identification:_identify(runs/Jun19_08-56-10_rlcontrolJayNetv1.0) by extension 'colcon_pkg'
[0.342s] Level 1:colcon.colcon_core.package_identification:_identify(runs/Jun19_08-56-10_rlcontrolJayNetv1.0) by extensions ['colcon_meta']
[0.342s] Level 1:colcon.colcon_core.package_identification:_identify(runs/Jun19_08-56-10_rlcontrolJayNetv1.0) by extension 'colcon_meta'
[0.342s] Level 1:colcon.colcon_core.package_identification:_identify(runs/Jun19_08-56-10_rlcontrolJayNetv1.0) by extensions ['ros']
[0.342s] Level 1:colcon.colcon_core.package_identification:_identify(runs/Jun19_08-56-10_rlcontrolJayNetv1.0) by extension 'ros'
[0.342s] Level 1:colcon.colcon_core.package_identification:_identify(runs/Jun19_08-56-10_rlcontrolJayNetv1.0) by extensions ['cmake', 'python']
[0.343s] Level 1:colcon.colcon_core.package_identification:_identify(runs/Jun19_08-56-10_rlcontrolJayNetv1.0) by extension 'cmake'
[0.343s] Level 1:colcon.colcon_core.package_identification:_identify(runs/Jun19_08-56-10_rlcontrolJayNetv1.0) by extension 'python'
[0.343s] Level 1:colcon.colcon_core.package_identification:_identify(runs/Jun19_08-56-10_rlcontrolJayNetv1.0) by extensions ['python_setup_py']
[0.343s] Level 1:colcon.colcon_core.package_identification:_identify(runs/Jun19_08-56-10_rlcontrolJayNetv1.0) by extension 'python_setup_py'
[0.343s] Level 1:colcon.colcon_core.package_identification:_identify(saves) by extensions ['ignore', 'ignore_ament_install']
[0.343s] Level 1:colcon.colcon_core.package_identification:_identify(saves) by extension 'ignore'
[0.343s] Level 1:colcon.colcon_core.package_identification:_identify(saves) by extension 'ignore_ament_install'
[0.343s] Level 1:colcon.colcon_core.package_identification:_identify(saves) by extensions ['colcon_pkg']
[0.343s] Level 1:colcon.colcon_core.package_identification:_identify(saves) by extension 'colcon_pkg'
[0.343s] Level 1:colcon.colcon_core.package_identification:_identify(saves) by extensions ['colcon_meta']
[0.343s] Level 1:colcon.colcon_core.package_identification:_identify(saves) by extension 'colcon_meta'
[0.343s] Level 1:colcon.colcon_core.package_identification:_identify(saves) by extensions ['ros']
[0.343s] Level 1:colcon.colcon_core.package_identification:_identify(saves) by extension 'ros'
[0.343s] Level 1:colcon.colcon_core.package_identification:_identify(saves) by extensions ['cmake', 'python']
[0.343s] Level 1:colcon.colcon_core.package_identification:_identify(saves) by extension 'cmake'
[0.343s] Level 1:colcon.colcon_core.package_identification:_identify(saves) by extension 'python'
[0.343s] Level 1:colcon.colcon_core.package_identification:_identify(saves) by extensions ['python_setup_py']
[0.343s] Level 1:colcon.colcon_core.package_identification:_identify(saves) by extension 'python_setup_py'
[0.343s] Level 1:colcon.colcon_core.package_identification:_identify(saves/a2c-JayNetv1.0) by extensions ['ignore', 'ignore_ament_install']
[0.343s] Level 1:colcon.colcon_core.package_identification:_identify(saves/a2c-JayNetv1.0) by extension 'ignore'
[0.343s] Level 1:colcon.colcon_core.package_identification:_identify(saves/a2c-JayNetv1.0) by extension 'ignore_ament_install'
[0.343s] Level 1:colcon.colcon_core.package_identification:_identify(saves/a2c-JayNetv1.0) by extensions ['colcon_pkg']
[0.343s] Level 1:colcon.colcon_core.package_identification:_identify(saves/a2c-JayNetv1.0) by extension 'colcon_pkg'
[0.343s] Level 1:colcon.colcon_core.package_identification:_identify(saves/a2c-JayNetv1.0) by extensions ['colcon_meta']
[0.343s] Level 1:colcon.colcon_core.package_identification:_identify(saves/a2c-JayNetv1.0) by extension 'colcon_meta'
[0.344s] Level 1:colcon.colcon_core.package_identification:_identify(saves/a2c-JayNetv1.0) by extensions ['ros']
[0.344s] Level 1:colcon.colcon_core.package_identification:_identify(saves/a2c-JayNetv1.0) by extension 'ros'
[0.344s] Level 1:colcon.colcon_core.package_identification:_identify(saves/a2c-JayNetv1.0) by extensions ['cmake', 'python']
[0.344s] Level 1:colcon.colcon_core.package_identification:_identify(saves/a2c-JayNetv1.0) by extension 'cmake'
[0.344s] Level 1:colcon.colcon_core.package_identification:_identify(saves/a2c-JayNetv1.0) by extension 'python'
[0.344s] Level 1:colcon.colcon_core.package_identification:_identify(saves/a2c-JayNetv1.0) by extensions ['python_setup_py']
[0.344s] Level 1:colcon.colcon_core.package_identification:_identify(saves/a2c-JayNetv1.0) by extension 'python_setup_py'
[0.344s] Level 1:colcon.colcon_core.package_discovery:discover_packages(recursive) using defaults
[0.344s] Level 1:colcon.colcon_core.package_discovery:discover_packages(ignore) discover
[0.344s] Level 1:colcon.colcon_core.package_discovery:discover_packages(ignore) using defaults
[0.344s] Level 1:colcon.colcon_core.package_discovery:discover_packages(path) discover
[0.344s] Level 1:colcon.colcon_core.package_discovery:discover_packages(path) using defaults
[0.363s] Level 1:colcon.colcon_core.package_discovery:discover_packages(prefix_path) check parameters
[0.363s] Level 1:colcon.colcon_core.package_discovery:discover_packages(prefix_path) discover
[0.365s] DEBUG:colcon.colcon_installed_package_information.package_discovery:Found 2 installed packages in /home/rlcontrol/jay_ws/install
[0.366s] DEBUG:colcon.colcon_installed_package_information.package_discovery:Found 270 installed packages in /opt/ros/humble
[0.367s] Level 1:colcon.colcon_core.package_discovery:discover_packages(prefix_path) using defaults
[0.417s] Level 5:colcon.colcon_core.verb:set package 'rl_custom_messages' build argument 'cmake_args' from command line to 'None'
[0.417s] Level 5:colcon.colcon_core.verb:set package 'rl_custom_messages' build argument 'cmake_target' from command line to 'None'
[0.417s] Level 5:colcon.colcon_core.verb:set package 'rl_custom_messages' build argument 'cmake_target_skip_unavailable' from command line to 'False'
[0.417s] Level 5:colcon.colcon_core.verb:set package 'rl_custom_messages' build argument 'cmake_clean_cache' from command line to 'False'
[0.417s] Level 5:colcon.colcon_core.verb:set package 'rl_custom_messages' build argument 'cmake_clean_first' from command line to 'False'
[0.418s] Level 5:colcon.colcon_core.verb:set package 'rl_custom_messages' build argument 'cmake_force_configure' from command line to 'False'
[0.418s] Level 5:colcon.colcon_core.verb:set package 'rl_custom_messages' build argument 'ament_cmake_args' from command line to 'None'
[0.418s] Level 5:colcon.colcon_core.verb:set package 'rl_custom_messages' build argument 'catkin_cmake_args' from command line to 'None'
[0.418s] Level 5:colcon.colcon_core.verb:set package 'rl_custom_messages' build argument 'catkin_skip_building_tests' from command line to 'False'
[0.418s] DEBUG:colcon.colcon_core.verb:Building package 'rl_custom_messages' with the following arguments: {'ament_cmake_args': None, 'build_base': '/home/rlcontrol/jay_ws/build/rl_custom_messages', 'catkin_cmake_args': None, 'catkin_skip_building_tests': False, 'cmake_args': None, 'cmake_clean_cache': False, 'cmake_clean_first': False, 'cmake_force_configure': False, 'cmake_target': None, 'cmake_target_skip_unavailable': False, 'install_base': '/home/rlcontrol/jay_ws/install/rl_custom_messages', 'merge_install': False, 'path': '/home/rlcontrol/jay_ws/rl_custom_messages', 'symlink_install': True, 'test_result_base': None}
[0.418s] Level 5:colcon.colcon_core.verb:set package 'jaybot' build argument 'cmake_args' from command line to 'None'
[0.418s] Level 5:colcon.colcon_core.verb:set package 'jaybot' build argument 'cmake_target' from command line to 'None'
[0.419s] Level 5:colcon.colcon_core.verb:set package 'jaybot' build argument 'cmake_target_skip_unavailable' from command line to 'False'
[0.419s] Level 5:colcon.colcon_core.verb:set package 'jaybot' build argument 'cmake_clean_cache' from command line to 'False'
[0.419s] Level 5:colcon.colcon_core.verb:set package 'jaybot' build argument 'cmake_clean_first' from command line to 'False'
[0.419s] Level 5:colcon.colcon_core.verb:set package 'jaybot' build argument 'cmake_force_configure' from command line to 'False'
[0.419s] Level 5:colcon.colcon_core.verb:set package 'jaybot' build argument 'ament_cmake_args' from command line to 'None'
[0.419s] Level 5:colcon.colcon_core.verb:set package 'jaybot' build argument 'catkin_cmake_args' from command line to 'None'
[0.419s] Level 5:colcon.colcon_core.verb:set package 'jaybot' build argument 'catkin_skip_building_tests' from command line to 'False'
[0.419s] DEBUG:colcon.colcon_core.verb:Building package 'jaybot' with the following arguments: {'ament_cmake_args': None, 'build_base': '/home/rlcontrol/jay_ws/build/jaybot', 'catkin_cmake_args': None, 'catkin_skip_building_tests': False, 'cmake_args': None, 'cmake_clean_cache': False, 'cmake_clean_first': False, 'cmake_force_configure': False, 'cmake_target': None, 'cmake_target_skip_unavailable': False, 'install_base': '/home/rlcontrol/jay_ws/install/jaybot', 'merge_install': False, 'path': '/home/rlcontrol/jay_ws/jaybot', 'symlink_install': True, 'test_result_base': None}
[0.419s] INFO:colcon.colcon_core.executor:Executing jobs using 'parallel' executor
[0.422s] DEBUG:colcon.colcon_parallel_executor.executor.parallel:run_until_complete
[0.422s] INFO:colcon.colcon_ros.task.ament_cmake.build:Building ROS package in '/home/rlcontrol/jay_ws/rl_custom_messages' with build type 'ament_cmake'
[0.422s] INFO:colcon.colcon_cmake.task.cmake.build:Building CMake package in '/home/rlcontrol/jay_ws/rl_custom_messages'
[0.426s] INFO:colcon.colcon_core.plugin_system:Skipping extension 'colcon_core.shell.bat': Not used on non-Windows systems
[0.426s] INFO:colcon.colcon_core.shell:Skip shell extension 'powershell' for command environment: Not usable outside of PowerShell
[0.426s] DEBUG:colcon.colcon_core.shell:Skip shell extension 'dsv' for command environment
[0.436s] DEBUG:colcon.colcon_core.event_handler.log_command:Invoking command in '/home/rlcontrol/jay_ws/build/rl_custom_messages': CMAKE_PREFIX_PATH=${CMAKE_PREFIX_PATH}:/opt/ros/humble /home/rlcontrol/.local/bin/cmake --build /home/rlcontrol/jay_ws/build/rl_custom_messages -- -j6 -l6
[0.741s] DEBUG:colcon.colcon_core.event_handler.log_command:Invoked command in '/home/rlcontrol/jay_ws/build/rl_custom_messages' returned '0': CMAKE_PREFIX_PATH=${CMAKE_PREFIX_PATH}:/opt/ros/humble /home/rlcontrol/.local/bin/cmake --build /home/rlcontrol/jay_ws/build/rl_custom_messages -- -j6 -l6
[0.876s] DEBUG:colcon.colcon_core.event_handler.log_command:Invoking command in '/home/rlcontrol/jay_ws/build/rl_custom_messages': CMAKE_PREFIX_PATH=${CMAKE_PREFIX_PATH}:/opt/ros/humble /home/rlcontrol/.local/bin/cmake --install /home/rlcontrol/jay_ws/build/rl_custom_messages
[0.961s] Level 1:colcon.colcon_core.environment:create_environment_scripts_only(rl_custom_messages)
[0.963s] DEBUG:colcon.colcon_core.event_handler.log_command:Invoked command in '/home/rlcontrol/jay_ws/build/rl_custom_messages' returned '0': CMAKE_PREFIX_PATH=${CMAKE_PREFIX_PATH}:/opt/ros/humble /home/rlcontrol/.local/bin/cmake --install /home/rlcontrol/jay_ws/build/rl_custom_messages
[0.967s] Level 1:colcon.colcon_core.environment:checking '/home/rlcontrol/jay_ws/install/rl_custom_messages' for CMake module files
[0.967s] Level 1:colcon.colcon_core.environment:checking '/home/rlcontrol/jay_ws/install/rl_custom_messages' for CMake config files
[0.968s] Level 1:colcon.colcon_core.shell:create_environment_hook('rl_custom_messages', 'cmake_prefix_path')
[0.970s] INFO:colcon.colcon_core.shell:Creating environment hook '/home/rlcontrol/jay_ws/install/rl_custom_messages/share/rl_custom_messages/hook/cmake_prefix_path.ps1'
[0.971s] INFO:colcon.colcon_core.shell:Creating environment descriptor '/home/rlcontrol/jay_ws/install/rl_custom_messages/share/rl_custom_messages/hook/cmake_prefix_path.dsv'
[0.971s] INFO:colcon.colcon_core.shell:Creating environment hook '/home/rlcontrol/jay_ws/install/rl_custom_messages/share/rl_custom_messages/hook/cmake_prefix_path.sh'
[0.972s] Level 1:colcon.colcon_core.environment:checking '/home/rlcontrol/jay_ws/install/rl_custom_messages/lib'
[0.972s] Level 1:colcon.colcon_core.shell:create_environment_hook('rl_custom_messages', 'ld_library_path_lib')
[0.973s] INFO:colcon.colcon_core.shell:Creating environment hook '/home/rlcontrol/jay_ws/install/rl_custom_messages/share/rl_custom_messages/hook/ld_library_path_lib.ps1'
[0.973s] INFO:colcon.colcon_core.shell:Creating environment descriptor '/home/rlcontrol/jay_ws/install/rl_custom_messages/share/rl_custom_messages/hook/ld_library_path_lib.dsv'
[0.974s] INFO:colcon.colcon_core.shell:Creating environment hook '/home/rlcontrol/jay_ws/install/rl_custom_messages/share/rl_custom_messages/hook/ld_library_path_lib.sh'
[0.974s] Level 1:colcon.colcon_core.environment:checking '/home/rlcontrol/jay_ws/install/rl_custom_messages/bin'
[0.974s] Level 1:colcon.colcon_core.environment:checking '/home/rlcontrol/jay_ws/install/rl_custom_messages/lib/pkgconfig/rl_custom_messages.pc'
[0.974s] Level 1:colcon.colcon_core.environment:checking '/home/rlcontrol/jay_ws/install/rl_custom_messages/lib/python3.10/site-packages'
[0.975s] Level 1:colcon.colcon_core.environment:checking '/home/rlcontrol/jay_ws/install/rl_custom_messages/bin'
[0.976s] INFO:colcon.colcon_core.shell:Creating package script '/home/rlcontrol/jay_ws/install/rl_custom_messages/share/rl_custom_messages/package.ps1'
[0.976s] INFO:colcon.colcon_core.shell:Creating package descriptor '/home/rlcontrol/jay_ws/install/rl_custom_messages/share/rl_custom_messages/package.dsv'
[0.977s] INFO:colcon.colcon_core.shell:Creating package script '/home/rlcontrol/jay_ws/install/rl_custom_messages/share/rl_custom_messages/package.sh'
[0.978s] INFO:colcon.colcon_core.shell:Creating package script '/home/rlcontrol/jay_ws/install/rl_custom_messages/share/rl_custom_messages/package.bash'
[0.978s] INFO:colcon.colcon_core.shell:Creating package script '/home/rlcontrol/jay_ws/install/rl_custom_messages/share/rl_custom_messages/package.zsh'
[0.979s] Level 1:colcon.colcon_core.environment:create_file_with_runtime_dependencies(/home/rlcontrol/jay_ws/install/rl_custom_messages/share/colcon-core/packages/rl_custom_messages)
[1.101s] Level 1:colcon.colcon_core.environment:create_environment_scripts_only(rl_custom_messages)
[1.102s] Level 1:colcon.colcon_core.environment:checking '/home/rlcontrol/jay_ws/install/rl_custom_messages' for CMake module files
[1.103s] Level 1:colcon.colcon_core.environment:checking '/home/rlcontrol/jay_ws/install/rl_custom_messages' for CMake config files
[1.103s] Level 1:colcon.colcon_core.shell:create_environment_hook('rl_custom_messages', 'cmake_prefix_path')
[1.105s] INFO:colcon.colcon_core.shell:Creating environment hook '/home/rlcontrol/jay_ws/install/rl_custom_messages/share/rl_custom_messages/hook/cmake_prefix_path.ps1'
[1.105s] INFO:colcon.colcon_core.shell:Creating environment descriptor '/home/rlcontrol/jay_ws/install/rl_custom_messages/share/rl_custom_messages/hook/cmake_prefix_path.dsv'
[1.105s] INFO:colcon.colcon_core.shell:Creating environment hook '/home/rlcontrol/jay_ws/install/rl_custom_messages/share/rl_custom_messages/hook/cmake_prefix_path.sh'
[1.106s] Level 1:colcon.colcon_core.environment:checking '/home/rlcontrol/jay_ws/install/rl_custom_messages/lib'
[1.106s] Level 1:colcon.colcon_core.shell:create_environment_hook('rl_custom_messages', 'ld_library_path_lib')
[1.107s] INFO:colcon.colcon_core.shell:Creating environment hook '/home/rlcontrol/jay_ws/install/rl_custom_messages/share/rl_custom_messages/hook/ld_library_path_lib.ps1'
[1.107s] INFO:colcon.colcon_core.shell:Creating environment descriptor '/home/rlcontrol/jay_ws/install/rl_custom_messages/share/rl_custom_messages/hook/ld_library_path_lib.dsv'
[1.108s] INFO:colcon.colcon_core.shell:Creating environment hook '/home/rlcontrol/jay_ws/install/rl_custom_messages/share/rl_custom_messages/hook/ld_library_path_lib.sh'
[1.108s] Level 1:colcon.colcon_core.environment:checking '/home/rlcontrol/jay_ws/install/rl_custom_messages/bin'
[1.108s] Level 1:colcon.colcon_core.environment:checking '/home/rlcontrol/jay_ws/install/rl_custom_messages/lib/pkgconfig/rl_custom_messages.pc'
[1.108s] Level 1:colcon.colcon_core.environment:checking '/home/rlcontrol/jay_ws/install/rl_custom_messages/lib/python3.10/site-packages'
[1.109s] Level 1:colcon.colcon_core.environment:checking '/home/rlcontrol/jay_ws/install/rl_custom_messages/bin'
[1.110s] INFO:colcon.colcon_core.shell:Creating package script '/home/rlcontrol/jay_ws/install/rl_custom_messages/share/rl_custom_messages/package.ps1'
[1.110s] INFO:colcon.colcon_core.shell:Creating package descriptor '/home/rlcontrol/jay_ws/install/rl_custom_messages/share/rl_custom_messages/package.dsv'
[1.111s] INFO:colcon.colcon_core.shell:Creating package script '/home/rlcontrol/jay_ws/install/rl_custom_messages/share/rl_custom_messages/package.sh'
[1.111s] INFO:colcon.colcon_core.shell:Creating package script '/home/rlcontrol/jay_ws/install/rl_custom_messages/share/rl_custom_messages/package.bash'
[1.112s] INFO:colcon.colcon_core.shell:Creating package script '/home/rlcontrol/jay_ws/install/rl_custom_messages/share/rl_custom_messages/package.zsh'
[1.112s] Level 1:colcon.colcon_core.environment:create_file_with_runtime_dependencies(/home/rlcontrol/jay_ws/install/rl_custom_messages/share/colcon-core/packages/rl_custom_messages)
[1.113s] INFO:colcon.colcon_ros.task.ament_cmake.build:Building ROS package in '/home/rlcontrol/jay_ws/jaybot' with build type 'ament_cmake'
[1.113s] INFO:colcon.colcon_cmake.task.cmake.build:Building CMake package in '/home/rlcontrol/jay_ws/jaybot'
[1.114s] INFO:colcon.colcon_core.shell:Skip shell extension 'powershell' for command environment: Not usable outside of PowerShell
[1.114s] DEBUG:colcon.colcon_core.shell:Skip shell extension 'dsv' for command environment
[1.126s] DEBUG:colcon.colcon_core.event_handler.log_command:Invoking command in '/home/rlcontrol/jay_ws/build/jaybot': CMAKE_PREFIX_PATH=/home/rlcontrol/jay_ws/install/rl_custom_messages:/home/rlcontrol/jay_ws/install/jaybot:/opt/ros/humble /home/rlcontrol/.local/bin/cmake --build /home/rlcontrol/jay_ws/build/jaybot -- -j6 -l6
[10.692s] DEBUG:colcon.colcon_core.event_handler.log_command:Invoked command in '/home/rlcontrol/jay_ws/build/jaybot' returned '0': CMAKE_PREFIX_PATH=/home/rlcontrol/jay_ws/install/rl_custom_messages:/home/rlcontrol/jay_ws/install/jaybot:/opt/ros/humble /home/rlcontrol/.local/bin/cmake --build /home/rlcontrol/jay_ws/build/jaybot -- -j6 -l6
[10.749s] DEBUG:colcon.colcon_core.event_handler.log_command:Invoking command in '/home/rlcontrol/jay_ws/build/jaybot': CMAKE_PREFIX_PATH=/home/rlcontrol/jay_ws/install/rl_custom_messages:/home/rlcontrol/jay_ws/install/jaybot:/opt/ros/humble /home/rlcontrol/.local/bin/cmake --install /home/rlcontrol/jay_ws/build/jaybot
[10.815s] Level 1:colcon.colcon_core.environment:create_environment_scripts_only(jaybot)
[10.817s] Level 1:colcon.colcon_core.environment:checking '/home/rlcontrol/jay_ws/install/jaybot' for CMake module files
[10.818s] DEBUG:colcon.colcon_core.event_handler.log_command:Invoked command in '/home/rlcontrol/jay_ws/build/jaybot' returned '0': CMAKE_PREFIX_PATH=/home/rlcontrol/jay_ws/install/rl_custom_messages:/home/rlcontrol/jay_ws/install/jaybot:/opt/ros/humble /home/rlcontrol/.local/bin/cmake --install /home/rlcontrol/jay_ws/build/jaybot
[10.818s] Level 1:colcon.colcon_core.environment:checking '/home/rlcontrol/jay_ws/install/jaybot' for CMake config files
[10.819s] Level 1:colcon.colcon_core.shell:create_environment_hook('jaybot', 'cmake_prefix_path')
[10.820s] INFO:colcon.colcon_core.shell:Creating environment hook '/home/rlcontrol/jay_ws/install/jaybot/share/jaybot/hook/cmake_prefix_path.ps1'
[10.820s] INFO:colcon.colcon_core.shell:Creating environment descriptor '/home/rlcontrol/jay_ws/install/jaybot/share/jaybot/hook/cmake_prefix_path.dsv'
[10.821s] INFO:colcon.colcon_core.shell:Creating environment hook '/home/rlcontrol/jay_ws/install/jaybot/share/jaybot/hook/cmake_prefix_path.sh'
[10.821s] Level 1:colcon.colcon_core.environment:checking '/home/rlcontrol/jay_ws/install/jaybot/lib'
[10.821s] Level 1:colcon.colcon_core.environment:checking '/home/rlcontrol/jay_ws/install/jaybot/bin'
[10.821s] Level 1:colcon.colcon_core.environment:checking '/home/rlcontrol/jay_ws/install/jaybot/lib/pkgconfig/jaybot.pc'
[10.822s] Level 1:colcon.colcon_core.environment:checking '/home/rlcontrol/jay_ws/install/jaybot/lib/python3.10/site-packages'
[10.822s] Level 1:colcon.colcon_core.environment:checking '/home/rlcontrol/jay_ws/install/jaybot/bin'
[10.823s] INFO:colcon.colcon_core.shell:Creating package script '/home/rlcontrol/jay_ws/install/jaybot/share/jaybot/package.ps1'
[10.824s] INFO:colcon.colcon_core.shell:Creating package descriptor '/home/rlcontrol/jay_ws/install/jaybot/share/jaybot/package.dsv'
[10.824s] INFO:colcon.colcon_core.shell:Creating package script '/home/rlcontrol/jay_ws/install/jaybot/share/jaybot/package.sh'
[10.824s] INFO:colcon.colcon_core.shell:Creating package script '/home/rlcontrol/jay_ws/install/jaybot/share/jaybot/package.bash'
[10.825s] INFO:colcon.colcon_core.shell:Creating package script '/home/rlcontrol/jay_ws/install/jaybot/share/jaybot/package.zsh'
[10.825s] Level 1:colcon.colcon_core.environment:create_file_with_runtime_dependencies(/home/rlcontrol/jay_ws/install/jaybot/share/colcon-core/packages/jaybot)
[10.878s] Level 1:colcon.colcon_core.environment:create_environment_scripts_only(jaybot)
[10.880s] Level 1:colcon.colcon_core.environment:checking '/home/rlcontrol/jay_ws/install/jaybot' for CMake module files
[10.880s] Level 1:colcon.colcon_core.environment:checking '/home/rlcontrol/jay_ws/install/jaybot' for CMake config files
[10.880s] Level 1:colcon.colcon_core.shell:create_environment_hook('jaybot', 'cmake_prefix_path')
[10.881s] INFO:colcon.colcon_core.shell:Creating environment hook '/home/rlcontrol/jay_ws/install/jaybot/share/jaybot/hook/cmake_prefix_path.ps1'
[10.882s] INFO:colcon.colcon_core.shell:Creating environment descriptor '/home/rlcontrol/jay_ws/install/jaybot/share/jaybot/hook/cmake_prefix_path.dsv'
[10.882s] INFO:colcon.colcon_core.shell:Creating environment hook '/home/rlcontrol/jay_ws/install/jaybot/share/jaybot/hook/cmake_prefix_path.sh'
[10.882s] Level 1:colcon.colcon_core.environment:checking '/home/rlcontrol/jay_ws/install/jaybot/lib'
[10.882s] Level 1:colcon.colcon_core.environment:checking '/home/rlcontrol/jay_ws/install/jaybot/bin'
[10.882s] Level 1:colcon.colcon_core.environment:checking '/home/rlcontrol/jay_ws/install/jaybot/lib/pkgconfig/jaybot.pc'
[10.883s] Level 1:colcon.colcon_core.environment:checking '/home/rlcontrol/jay_ws/install/jaybot/lib/python3.10/site-packages'
[10.883s] Level 1:colcon.colcon_core.environment:checking '/home/rlcontrol/jay_ws/install/jaybot/bin'
[10.884s] INFO:colcon.colcon_core.shell:Creating package script '/home/rlcontrol/jay_ws/install/jaybot/share/jaybot/package.ps1'
[10.884s] INFO:colcon.colcon_core.shell:Creating package descriptor '/home/rlcontrol/jay_ws/install/jaybot/share/jaybot/package.dsv'
[10.885s] INFO:colcon.colcon_core.shell:Creating package script '/home/rlcontrol/jay_ws/install/jaybot/share/jaybot/package.sh'
[10.885s] INFO:colcon.colcon_core.shell:Creating package script '/home/rlcontrol/jay_ws/install/jaybot/share/jaybot/package.bash'
[10.885s] INFO:colcon.colcon_core.shell:Creating package script '/home/rlcontrol/jay_ws/install/jaybot/share/jaybot/package.zsh'
[10.886s] Level 1:colcon.colcon_core.environment:create_file_with_runtime_dependencies(/home/rlcontrol/jay_ws/install/jaybot/share/colcon-core/packages/jaybot)
[10.886s] DEBUG:colcon.colcon_parallel_executor.executor.parallel:closing loop
[10.886s] DEBUG:colcon.colcon_parallel_executor.executor.parallel:loop closed
[10.886s] DEBUG:colcon.colcon_parallel_executor.executor.parallel:run_until_complete finished with '0'
[10.886s] DEBUG:colcon.colcon_core.event_reactor:joining thread
[10.891s] INFO:colcon.colcon_core.plugin_system:Skipping extension 'colcon_notification.desktop_notification.terminal_notifier': Not used on non-Darwin systems
[10.891s] INFO:colcon.colcon_core.plugin_system:Skipping extension 'colcon_notification.desktop_notification.win32': Not used on non-Windows systems
[10.891s] INFO:colcon.colcon_notification.desktop_notification:Sending desktop notification using 'notify2'
[10.903s] DEBUG:colcon.colcon_core.event_reactor:joined thread
[10.905s] INFO:colcon.colcon_core.shell:Creating prefix script '/home/rlcontrol/jay_ws/install/local_setup.ps1'
[10.906s] INFO:colcon.colcon_core.shell:Creating prefix util module '/home/rlcontrol/jay_ws/install/_local_setup_util_ps1.py'
[10.907s] INFO:colcon.colcon_core.shell:Creating prefix chain script '/home/rlcontrol/jay_ws/install/setup.ps1'
[10.909s] INFO:colcon.colcon_core.shell:Creating prefix script '/home/rlcontrol/jay_ws/install/local_setup.sh'
[10.910s] INFO:colcon.colcon_core.shell:Creating prefix util module '/home/rlcontrol/jay_ws/install/_local_setup_util_sh.py'
[10.910s] INFO:colcon.colcon_core.shell:Creating prefix chain script '/home/rlcontrol/jay_ws/install/setup.sh'
[10.911s] INFO:colcon.colcon_core.shell:Creating prefix script '/home/rlcontrol/jay_ws/install/local_setup.bash'
[10.912s] INFO:colcon.colcon_core.shell:Creating prefix chain script '/home/rlcontrol/jay_ws/install/setup.bash'
[10.913s] INFO:colcon.colcon_core.shell:Creating prefix script '/home/rlcontrol/jay_ws/install/local_setup.zsh'
[10.914s] INFO:colcon.colcon_core.shell:Creating prefix chain script '/home/rlcontrol/jay_ws/install/setup.zsh'
