[0.020s] Invoking command in '/home/rlcontrol/jay_ws/build/jaybot': CMAKE_PREFIX_PATH=/home/rlcontrol/jay_ws/install/rl_custom_messages:/home/rlcontrol/jay_ws/install/vision_opencv:/home/rlcontrol/jay_ws/install/jaybot:/home/rlcontrol/jay_ws/install/image_geometry:/home/rlcontrol/jay_ws/install/cv_bridge:/home/rlcontrol/jay_ws/install/opencv_tests:/opt/ros/humble /home/rlcontrol/.local/bin/cmake /home/rlcontrol/jay_ws/jaybot -DAMENT_CMAKE_SYMLINK_INSTALL=1 -DCMAKE_INSTALL_PREFIX=/home/rlcontrol/jay_ws/install/jaybot
[0.065s] -- Found ament_cmake: 1.3.4 (/opt/ros/humble/share/ament_cmake/cmake)
[0.203s] -- Override CMake install command with custom implementation using symlinks instead of copying resources
[0.215s] -- Found rclcpp: 16.0.4 (/opt/ros/humble/share/rclcpp/cmake)
[0.261s] -- Found rosidl_generator_c: 3.1.4 (/opt/ros/humble/share/rosidl_generator_c/cmake)
[0.266s] -- Found rosidl_adapter: 3.1.4 (/opt/ros/humble/share/rosidl_adapter/cmake)
[0.276s] -- Found rosidl_generator_cpp: 3.1.4 (/opt/ros/humble/share/rosidl_generator_cpp/cmake)
[0.294s] -- Using all available rosidl_typesupport_c: rosidl_typesupport_fastrtps_c;rosidl_typesupport_introspection_c
[0.320s] -- Using all available rosidl_typesupport_cpp: rosidl_typesupport_fastrtps_cpp;rosidl_typesupport_introspection_cpp
[0.404s] -- Found rmw_implementation_cmake: 6.1.1 (/opt/ros/humble/share/rmw_implementation_cmake/cmake)
[0.406s] -- Found rmw_fastrtps_cpp: 6.2.2 (/opt/ros/humble/share/rmw_fastrtps_cpp/cmake)
[0.559s] -- Using RMW implementation 'rmw_fastrtps_cpp' as default
[0.769s] -- Found rclpy: 3.3.8 (/opt/ros/humble/share/rclpy/cmake)
[0.769s] -- Found rl_custom_messages: 0.0.0 (/home/rlcontrol/jay_ws/install/rl_custom_messages/share/rl_custom_messages/cmake)
[0.791s] -- Found sensor_msgs: 4.2.3 (/opt/ros/humble/share/sensor_msgs/cmake)
[0.957s] -- Found cv_bridge: 3.2.1 (/opt/ros/humble/share/cv_bridge/cmake)
[1.129s] -- Configuring done (1.1s)
[1.191s] -- Generating done (0.0s)
[1.196s] -- Build files have been written to: /home/rlcontrol/jay_ws/build/jaybot
[1.209s] Invoked command in '/home/rlcontrol/jay_ws/build/jaybot' returned '0': CMAKE_PREFIX_PATH=/home/rlcontrol/jay_ws/install/rl_custom_messages:/home/rlcontrol/jay_ws/install/vision_opencv:/home/rlcontrol/jay_ws/install/jaybot:/home/rlcontrol/jay_ws/install/image_geometry:/home/rlcontrol/jay_ws/install/cv_bridge:/home/rlcontrol/jay_ws/install/opencv_tests:/opt/ros/humble /home/rlcontrol/.local/bin/cmake /home/rlcontrol/jay_ws/jaybot -DAMENT_CMAKE_SYMLINK_INSTALL=1 -DCMAKE_INSTALL_PREFIX=/home/rlcontrol/jay_ws/install/jaybot
[1.212s] Invoking command in '/home/rlcontrol/jay_ws/build/jaybot': CMAKE_PREFIX_PATH=/home/rlcontrol/jay_ws/install/rl_custom_messages:/home/rlcontrol/jay_ws/install/vision_opencv:/home/rlcontrol/jay_ws/install/jaybot:/home/rlcontrol/jay_ws/install/image_geometry:/home/rlcontrol/jay_ws/install/cv_bridge:/home/rlcontrol/jay_ws/install/opencv_tests:/opt/ros/humble /home/rlcontrol/.local/bin/cmake --build /home/rlcontrol/jay_ws/build/jaybot -- -j6 -l6
[1.305s] [  8%] [32mBuilding CXX object CMakeFiles/microphone_publisher.dir/src/microphone_publisher.cpp.o[0m
[1.317s] [ 25%] Built target range_publisher
[1.318s] [ 41%] Built target motor_controller
[1.326s] [ 58%] Built target camera_publisher
[1.328s] [ 75%] Built target image_debugger
[1.329s] [ 91%] Built target rl_server
[1.344s] [ 91%] Built target ament_cmake_python_symlink_jaybot
[1.677s] running egg_info
[1.678s] writing jaybot.egg-info/PKG-INFO
[1.678s] writing dependency_links to jaybot.egg-info/dependency_links.txt
[1.678s] writing top-level names to jaybot.egg-info/top_level.txt
[1.681s] reading manifest file 'jaybot.egg-info/SOURCES.txt'
[1.681s] writing manifest file 'jaybot.egg-info/SOURCES.txt'
[1.706s] [ 91%] Built target ament_cmake_python_build_jaybot_egg
[6.478s] [100%] [32m[1mLinking CXX executable microphone_publisher[0m
[6.703s] /usr/bin/ld: CMakeFiles/microphone_publisher.dir/src/microphone_publisher.cpp.o: in function `AudioCapturePublisher::AudioCapturePublisher()':
[6.703s] microphone_publisher.cpp:(.text._ZN21AudioCapturePublisherC2Ev[_ZN21AudioCapturePublisherC5Ev]+0x321): undefined reference to `snd_pcm_open'
[6.703s] /usr/bin/ld: microphone_publisher.cpp:(.text._ZN21AudioCapturePublisherC2Ev[_ZN21AudioCapturePublisherC5Ev]+0x35b): undefined reference to `snd_pcm_set_params'
[6.703s] /usr/bin/ld: CMakeFiles/microphone_publisher.dir/src/microphone_publisher.cpp.o: in function `AudioCapturePublisher::timer_callback()':
[6.703s] microphone_publisher.cpp:(.text._ZN21AudioCapturePublisher14timer_callbackEv[_ZN21AudioCapturePublisher14timer_callbackEv]+0x81): undefined reference to `snd_pcm_readi'
[6.743s] collect2: error: ld returned 1 exit status
[6.744s] gmake[2]: *** [CMakeFiles/microphone_publisher.dir/build.make:175: microphone_publisher] Error 1
[6.744s] gmake[1]: *** [CMakeFiles/Makefile2:228: CMakeFiles/microphone_publisher.dir/all] Error 2
[6.745s] gmake: *** [Makefile:146: all] Error 2
[6.750s] Invoked command in '/home/rlcontrol/jay_ws/build/jaybot' returned '2': CMAKE_PREFIX_PATH=/home/rlcontrol/jay_ws/install/rl_custom_messages:/home/rlcontrol/jay_ws/install/vision_opencv:/home/rlcontrol/jay_ws/install/jaybot:/home/rlcontrol/jay_ws/install/image_geometry:/home/rlcontrol/jay_ws/install/cv_bridge:/home/rlcontrol/jay_ws/install/opencv_tests:/opt/ros/humble /home/rlcontrol/.local/bin/cmake --build /home/rlcontrol/jay_ws/build/jaybot -- -j6 -l6
