[0.009s] Invoking command in '/home/rlagent/jay_ws/build/jaybot': CMAKE_PREFIX_PATH=/home/rlagent/jay_ws/install/rl_custom_messages:/home/rlagent/jay_ws/install/jaybot:/opt/ros/humble /usr/bin/cmake --build /home/rlagent/jay_ws/build/jaybot -- -j2 -l2
[0.033s] -- Found ament_cmake: 1.3.4 (/opt/ros/humble/share/ament_cmake/cmake)
[0.149s] -- Found rclcpp: 16.0.4 (/opt/ros/humble/share/rclcpp/cmake)
[0.171s] -- Found rosidl_generator_c: 3.1.4 (/opt/ros/humble/share/rosidl_generator_c/cmake)
[0.173s] -- Found rosidl_adapter: 3.1.4 (/opt/ros/humble/share/rosidl_adapter/cmake)
[0.178s] -- Found rosidl_generator_cpp: 3.1.4 (/opt/ros/humble/share/rosidl_generator_cpp/cmake)
[0.187s] -- Using all available rosidl_typesupport_c: rosidl_typesupport_fastrtps_c;rosidl_typesupport_introspection_c
[0.200s] -- Using all available rosidl_typesupport_cpp: rosidl_typesupport_fastrtps_cpp;rosidl_typesupport_introspection_cpp
[0.252s] -- Found rmw_implementation_cmake: 6.1.1 (/opt/ros/humble/share/rmw_implementation_cmake/cmake)
[0.253s] -- Found rmw_fastrtps_cpp: 6.2.2 (/opt/ros/humble/share/rmw_fastrtps_cpp/cmake)
[0.345s] -- Using RMW implementation 'rmw_fastrtps_cpp' as default
[0.480s] -- Found rl_custom_messages: 0.0.0 (/home/rlagent/jay_ws/install/rl_custom_messages/share/rl_custom_messages/cmake)
[0.544s] -- Configuring done
[0.555s] -- Generating done
[0.556s] -- Build files have been written to: /home/rlagent/jay_ws/build/jaybot
[0.581s] [35m[1mConsolidate compiler generated dependencies of target range_subscriber[0m
[0.590s] [ 25%] [32mBuilding CXX object CMakeFiles/range_publisher.dir/src/range_publisher.cpp.o[0m
[0.596s] [ 75%] Built target range_subscriber
[0.753s] In file included from [01m[K/home/rlagent/jay_ws/jaybot/src/range_publisher.cpp:10[m[K:
[0.753s] [01m[K/home/rlagent/jay_ws/jaybot/include/jaybot/RangeSensor.h:6:10:[m[K [01;31m[Kfatal error: [m[Kpigpio_if2.h: No such file or directory
[0.753s]     6 | #include [01;31m[K<pigpio_if2.h>[m[K
[0.753s]       |          [01;31m[K^~~~~~~~~~~~~~[m[K
[0.753s] compilation terminated.
[0.757s] gmake[2]: *** [CMakeFiles/range_publisher.dir/build.make:76: CMakeFiles/range_publisher.dir/src/range_publisher.cpp.o] Error 1
[0.757s] gmake[1]: *** [CMakeFiles/Makefile2:139: CMakeFiles/range_publisher.dir/all] Error 2
[0.757s] gmake: *** [Makefile:146: all] Error 2
[0.759s] Invoked command in '/home/rlagent/jay_ws/build/jaybot' returned '2': CMAKE_PREFIX_PATH=/home/rlagent/jay_ws/install/rl_custom_messages:/home/rlagent/jay_ws/install/jaybot:/opt/ros/humble /usr/bin/cmake --build /home/rlagent/jay_ws/build/jaybot -- -j2 -l2
