[0.008s] Invoking command in '/home/rlcontrol/jay_ws/build/jaybot': AMENT_PREFIX_PATH=/home/rlcontrol/jay_ws/install/rl_custom_messages:${AMENT_PREFIX_PATH} CMAKE_PREFIX_PATH=/home/rlcontrol/jay_ws/install/rl_custom_messages:/opt/ros/humble LD_LIBRARY_PATH=/home/rlcontrol/jay_ws/install/rl_custom_messages/lib:${LD_LIBRARY_PATH} PYTHONPATH=/home/rlcontrol/jay_ws/install/rl_custom_messages/local/lib/python3.10/dist-packages:${PYTHONPATH} /home/rlcontrol/.local/bin/cmake --build /home/rlcontrol/jay_ws/build/jaybot -- -j6 -l6
[0.044s] -- Found ament_cmake: 1.3.4 (/opt/ros/humble/share/ament_cmake/cmake)
[0.166s] -- Found rclcpp: 16.0.4 (/opt/ros/humble/share/rclcpp/cmake)
[0.189s] -- Found rosidl_generator_c: 3.1.4 (/opt/ros/humble/share/rosidl_generator_c/cmake)
[0.191s] -- Found rosidl_adapter: 3.1.4 (/opt/ros/humble/share/rosidl_adapter/cmake)
[0.196s] -- Found rosidl_generator_cpp: 3.1.4 (/opt/ros/humble/share/rosidl_generator_cpp/cmake)
[0.205s] -- Using all available rosidl_typesupport_c: rosidl_typesupport_fastrtps_c;rosidl_typesupport_introspection_c
[0.218s] -- Using all available rosidl_typesupport_cpp: rosidl_typesupport_fastrtps_cpp;rosidl_typesupport_introspection_cpp
[0.267s] -- Found rmw_implementation_cmake: 6.1.1 (/opt/ros/humble/share/rmw_implementation_cmake/cmake)
[0.268s] -- Found rmw_fastrtps_cpp: 6.2.2 (/opt/ros/humble/share/rmw_fastrtps_cpp/cmake)
[0.359s] -- Using RMW implementation 'rmw_fastrtps_cpp' as default
[0.497s] -- Found rl_custom_messages: 0.0.0 (/home/rlcontrol/jay_ws/install/rl_custom_messages/share/rl_custom_messages/cmake)
[0.565s] -- Configuring done
[0.579s] -- Generating done
[0.580s] -- Build files have been written to: /home/rlcontrol/jay_ws/build/jaybot
[0.601s] [35m[1mConsolidate compiler generated dependencies of target range_publisher[0m
[0.609s] [ 25%] [32mBuilding CXX object CMakeFiles/rl_server.dir/src/rl_server.cpp.o[0m
[0.623s] [ 75%] Built target range_publisher
[9.379s] [100%] [32m[1mLinking CXX executable rl_server[0m
[9.741s] [100%] Built target rl_server
[9.754s] Invoked command in '/home/rlcontrol/jay_ws/build/jaybot' returned '0': AMENT_PREFIX_PATH=/home/rlcontrol/jay_ws/install/rl_custom_messages:${AMENT_PREFIX_PATH} CMAKE_PREFIX_PATH=/home/rlcontrol/jay_ws/install/rl_custom_messages:/opt/ros/humble LD_LIBRARY_PATH=/home/rlcontrol/jay_ws/install/rl_custom_messages/lib:${LD_LIBRARY_PATH} PYTHONPATH=/home/rlcontrol/jay_ws/install/rl_custom_messages/local/lib/python3.10/dist-packages:${PYTHONPATH} /home/rlcontrol/.local/bin/cmake --build /home/rlcontrol/jay_ws/build/jaybot -- -j6 -l6
[9.821s] Invoking command in '/home/rlcontrol/jay_ws/build/jaybot': AMENT_PREFIX_PATH=/home/rlcontrol/jay_ws/install/rl_custom_messages:${AMENT_PREFIX_PATH} CMAKE_PREFIX_PATH=/home/rlcontrol/jay_ws/install/rl_custom_messages:/opt/ros/humble LD_LIBRARY_PATH=/home/rlcontrol/jay_ws/install/rl_custom_messages/lib:${LD_LIBRARY_PATH} PYTHONPATH=/home/rlcontrol/jay_ws/install/rl_custom_messages/local/lib/python3.10/dist-packages:${PYTHONPATH} /home/rlcontrol/.local/bin/cmake --install /home/rlcontrol/jay_ws/build/jaybot
[9.849s] -- Install configuration: ""
[9.850s] -- Up-to-date: /home/rlcontrol/jay_ws/install/jaybot/lib/jaybot/range_publisher
[9.850s] -- Installing: /home/rlcontrol/jay_ws/install/jaybot/lib/jaybot/rl_server
[9.853s] -- Set runtime path of "/home/rlcontrol/jay_ws/install/jaybot/lib/jaybot/rl_server" to ""
[9.853s] -- Up-to-date: /home/rlcontrol/jay_ws/install/jaybot/include
[9.853s] -- Up-to-date: /home/rlcontrol/jay_ws/install/jaybot/include/jaybot
[9.854s] -- Up-to-date: /home/rlcontrol/jay_ws/install/jaybot/include/jaybot/RangeSensor (copy).h
[9.854s] -- Up-to-date: /home/rlcontrol/jay_ws/install/jaybot/include/jaybot/RangeSensor.h
[9.854s] -- Up-to-date: /home/rlcontrol/jay_ws/install/jaybot/share/ament_index/resource_index/package_run_dependencies/jaybot
[9.854s] -- Installing: /home/rlcontrol/jay_ws/install/jaybot/share/ament_index/resource_index/parent_prefix_path/jaybot
[9.854s] -- Up-to-date: /home/rlcontrol/jay_ws/install/jaybot/share/jaybot/environment/ament_prefix_path.sh
[9.855s] -- Installing: /home/rlcontrol/jay_ws/install/jaybot/share/jaybot/environment/ament_prefix_path.dsv
[9.855s] -- Up-to-date: /home/rlcontrol/jay_ws/install/jaybot/share/jaybot/environment/path.sh
[9.855s] -- Installing: /home/rlcontrol/jay_ws/install/jaybot/share/jaybot/environment/path.dsv
[9.855s] -- Up-to-date: /home/rlcontrol/jay_ws/install/jaybot/share/jaybot/local_setup.bash
[9.855s] -- Up-to-date: /home/rlcontrol/jay_ws/install/jaybot/share/jaybot/local_setup.sh
[9.855s] -- Up-to-date: /home/rlcontrol/jay_ws/install/jaybot/share/jaybot/local_setup.zsh
[9.855s] -- Installing: /home/rlcontrol/jay_ws/install/jaybot/share/jaybot/local_setup.dsv
[9.855s] -- Installing: /home/rlcontrol/jay_ws/install/jaybot/share/jaybot/package.dsv
[9.855s] -- Up-to-date: /home/rlcontrol/jay_ws/install/jaybot/share/ament_index/resource_index/packages/jaybot
[9.855s] -- Up-to-date: /home/rlcontrol/jay_ws/install/jaybot/share/jaybot/cmake/ament_cmake_export_dependencies-extras.cmake
[9.855s] -- Up-to-date: /home/rlcontrol/jay_ws/install/jaybot/share/jaybot/cmake/jaybotConfig.cmake
[9.855s] -- Up-to-date: /home/rlcontrol/jay_ws/install/jaybot/share/jaybot/cmake/jaybotConfig-version.cmake
[9.855s] -- Up-to-date: /home/rlcontrol/jay_ws/install/jaybot/share/jaybot/package.xml
[9.862s] Invoked command in '/home/rlcontrol/jay_ws/build/jaybot' returned '0': AMENT_PREFIX_PATH=/home/rlcontrol/jay_ws/install/rl_custom_messages:${AMENT_PREFIX_PATH} CMAKE_PREFIX_PATH=/home/rlcontrol/jay_ws/install/rl_custom_messages:/opt/ros/humble LD_LIBRARY_PATH=/home/rlcontrol/jay_ws/install/rl_custom_messages/lib:${LD_LIBRARY_PATH} PYTHONPATH=/home/rlcontrol/jay_ws/install/rl_custom_messages/local/lib/python3.10/dist-packages:${PYTHONPATH} /home/rlcontrol/.local/bin/cmake --install /home/rlcontrol/jay_ws/build/jaybot
