[0.010s] Invoking command in '/home/rlcontrol/jay_ws/build/jaybot': CMAKE_PREFIX_PATH=/home/rlcontrol/jay_ws/install/rl_custom_messages:/home/rlcontrol/jay_ws/install/jaybot:/opt/ros/humble /home/rlcontrol/.local/bin/cmake --build /home/rlcontrol/jay_ws/build/jaybot -- -j6 -l6
[0.048s] -- Found ament_cmake: 1.3.4 (/opt/ros/humble/share/ament_cmake/cmake)
[0.173s] -- Found rclcpp: 16.0.4 (/opt/ros/humble/share/rclcpp/cmake)
[0.201s] -- Found rosidl_generator_c: 3.1.4 (/opt/ros/humble/share/rosidl_generator_c/cmake)
[0.203s] -- Found rosidl_adapter: 3.1.4 (/opt/ros/humble/share/rosidl_adapter/cmake)
[0.209s] -- Found rosidl_generator_cpp: 3.1.4 (/opt/ros/humble/share/rosidl_generator_cpp/cmake)
[0.219s] -- Using all available rosidl_typesupport_c: rosidl_typesupport_fastrtps_c;rosidl_typesupport_introspection_c
[0.233s] -- Using all available rosidl_typesupport_cpp: rosidl_typesupport_fastrtps_cpp;rosidl_typesupport_introspection_cpp
[0.287s] -- Found rmw_implementation_cmake: 6.1.1 (/opt/ros/humble/share/rmw_implementation_cmake/cmake)
[0.288s] -- Found rmw_fastrtps_cpp: 6.2.2 (/opt/ros/humble/share/rmw_fastrtps_cpp/cmake)
[0.381s] -- Using RMW implementation 'rmw_fastrtps_cpp' as default
[0.520s] -- Found rl_custom_messages: 0.0.0 (/home/rlcontrol/jay_ws/install/rl_custom_messages/share/rl_custom_messages/cmake)
[0.584s] -- Configuring done
[0.595s] -- Generating done
[0.597s] -- Build files have been written to: /home/rlcontrol/jay_ws/build/jaybot
[0.620s] [35m[1mConsolidate compiler generated dependencies of target range_publisher[0m
[0.620s] [35m[1mConsolidate compiler generated dependencies of target rl_server[0m
[0.635s] [ 50%] [32mBuilding CXX object CMakeFiles/rl_server.dir/src/rl_server.cpp.o[0m
[0.635s] [ 50%] [32mBuilding CXX object CMakeFiles/range_publisher.dir/src/range_publisher.cpp.o[0m
[5.277s] [ 75%] [32m[1mLinking CXX executable range_publisher[0m
[5.455s] [ 75%] Built target range_publisher
[8.852s] [100%] [32m[1mLinking CXX executable rl_server[0m
[9.173s] [100%] Built target rl_server
[9.190s] Invoked command in '/home/rlcontrol/jay_ws/build/jaybot' returned '0': CMAKE_PREFIX_PATH=/home/rlcontrol/jay_ws/install/rl_custom_messages:/home/rlcontrol/jay_ws/install/jaybot:/opt/ros/humble /home/rlcontrol/.local/bin/cmake --build /home/rlcontrol/jay_ws/build/jaybot -- -j6 -l6
[9.250s] Invoking command in '/home/rlcontrol/jay_ws/build/jaybot': CMAKE_PREFIX_PATH=/home/rlcontrol/jay_ws/install/rl_custom_messages:/home/rlcontrol/jay_ws/install/jaybot:/opt/ros/humble /home/rlcontrol/.local/bin/cmake --install /home/rlcontrol/jay_ws/build/jaybot
[9.271s] -- Install configuration: ""
[9.271s] -- Installing: /home/rlcontrol/jay_ws/install/jaybot/lib/jaybot/range_publisher
[9.272s] -- Set runtime path of "/home/rlcontrol/jay_ws/install/jaybot/lib/jaybot/range_publisher" to ""
[9.272s] -- Installing: /home/rlcontrol/jay_ws/install/jaybot/lib/jaybot/rl_server
[9.277s] -- Set runtime path of "/home/rlcontrol/jay_ws/install/jaybot/lib/jaybot/rl_server" to ""
[9.277s] -- Up-to-date: /home/rlcontrol/jay_ws/install/jaybot/include
[9.277s] -- Up-to-date: /home/rlcontrol/jay_ws/install/jaybot/include/jaybot
[9.278s] -- Up-to-date: /home/rlcontrol/jay_ws/install/jaybot/include/jaybot/RangeSensor (copy).h
[9.278s] -- Up-to-date: /home/rlcontrol/jay_ws/install/jaybot/include/jaybot/RangeSensor.h
[9.278s] -- Up-to-date: /home/rlcontrol/jay_ws/install/jaybot/share/ament_index/resource_index/package_run_dependencies/jaybot
[9.278s] -- Installing: /home/rlcontrol/jay_ws/install/jaybot/share/ament_index/resource_index/parent_prefix_path/jaybot
[9.278s] -- Up-to-date: /home/rlcontrol/jay_ws/install/jaybot/share/jaybot/environment/ament_prefix_path.sh
[9.279s] -- Installing: /home/rlcontrol/jay_ws/install/jaybot/share/jaybot/environment/ament_prefix_path.dsv
[9.279s] -- Up-to-date: /home/rlcontrol/jay_ws/install/jaybot/share/jaybot/environment/path.sh
[9.279s] -- Installing: /home/rlcontrol/jay_ws/install/jaybot/share/jaybot/environment/path.dsv
[9.279s] -- Up-to-date: /home/rlcontrol/jay_ws/install/jaybot/share/jaybot/local_setup.bash
[9.279s] -- Up-to-date: /home/rlcontrol/jay_ws/install/jaybot/share/jaybot/local_setup.sh
[9.279s] -- Up-to-date: /home/rlcontrol/jay_ws/install/jaybot/share/jaybot/local_setup.zsh
[9.279s] -- Installing: /home/rlcontrol/jay_ws/install/jaybot/share/jaybot/local_setup.dsv
[9.280s] -- Installing: /home/rlcontrol/jay_ws/install/jaybot/share/jaybot/package.dsv
[9.280s] -- Up-to-date: /home/rlcontrol/jay_ws/install/jaybot/share/ament_index/resource_index/packages/jaybot
[9.280s] -- Up-to-date: /home/rlcontrol/jay_ws/install/jaybot/share/jaybot/cmake/ament_cmake_export_dependencies-extras.cmake
[9.280s] -- Up-to-date: /home/rlcontrol/jay_ws/install/jaybot/share/jaybot/cmake/jaybotConfig.cmake
[9.280s] -- Up-to-date: /home/rlcontrol/jay_ws/install/jaybot/share/jaybot/cmake/jaybotConfig-version.cmake
[9.280s] -- Up-to-date: /home/rlcontrol/jay_ws/install/jaybot/share/jaybot/package.xml
[9.287s] Invoked command in '/home/rlcontrol/jay_ws/build/jaybot' returned '0': CMAKE_PREFIX_PATH=/home/rlcontrol/jay_ws/install/rl_custom_messages:/home/rlcontrol/jay_ws/install/jaybot:/opt/ros/humble /home/rlcontrol/.local/bin/cmake --install /home/rlcontrol/jay_ws/build/jaybot
