[01m[K/home/rlcontrol/jay_ws/jaybot/src/rl_server.cpp:[m[K In member function ‘[01m[Kvoid ImageServer::service_callback(std::shared_ptr<rl_custom_messages::srv::ImageService_Request_<std::allocator<void> > >, std::shared_ptr<rl_custom_messages::srv::ImageService_Response_<std::allocator<void> > >)[m[K’:
[01m[K/home/rlcontrol/jay_ws/jaybot/src/rl_server.cpp:82:32:[m[K [01;31m[Kerror: [m[Kno match for ‘[01m[Koperator=[m[K’ (operand types are ‘[01m[Krl_custom_messages::srv::ImageService_Response_<std::allocator<void> >::_image_data_type[m[K’ {aka ‘[01m[Krl_custom_messages::msg::ImageArray_<std::allocator<void> >[m[K’} and ‘[01m[Ksensor_msgs::msg::CompressedImage[m[K’ {aka ‘[01m[Ksensor_msgs::msg::CompressedImage_<std::allocator<void> >[m[K’})
   82 |         response->image_data = [01;31m[Klast_image_data_[m[K; // Forward the compressed image
      |                                [01;31m[K^~~~~~~~~~~~~~~~[m[K
In file included from [01m[K/home/rlcontrol/jay_ws/build/rl_custom_messages/rosidl_generator_cpp/rl_custom_messages/msg/image_array.hpp:7[m[K,
                 from [01m[K/home/rlcontrol/jay_ws/jaybot/src/rl_server.cpp:4[m[K:
[01m[K/home/rlcontrol/jay_ws/build/rl_custom_messages/rosidl_generator_cpp/rl_custom_messages/msg/detail/image_array__struct.hpp:32:8:[m[K [01;36m[Knote: [m[Kcandidate: ‘[01m[Krl_custom_messages::msg::ImageArray_<std::allocator<void> >& rl_custom_messages::msg::ImageArray_<std::allocator<void> >::operator=(const rl_custom_messages::msg::ImageArray_<std::allocator<void> >&)[m[K’
   32 | struct [01;36m[KImageArray_[m[K
      |        [01;36m[K^~~~~~~~~~~[m[K
[01m[K/home/rlcontrol/jay_ws/build/rl_custom_messages/rosidl_generator_cpp/rl_custom_messages/msg/detail/image_array__struct.hpp:32:8:[m[K [01;36m[Knote: [m[K  no known conversion for argument 1 from ‘[01m[Ksensor_msgs::msg::CompressedImage[m[K’ {aka ‘[01m[Ksensor_msgs::msg::CompressedImage_<std::allocator<void> >[m[K’} to ‘[01m[Kconst rl_custom_messages::msg::ImageArray_<std::allocator<void> >&[m[K’
[01m[K/home/rlcontrol/jay_ws/build/rl_custom_messages/rosidl_generator_cpp/rl_custom_messages/msg/detail/image_array__struct.hpp:32:8:[m[K [01;36m[Knote: [m[Kcandidate: ‘[01m[Krl_custom_messages::msg::ImageArray_<std::allocator<void> >& rl_custom_messages::msg::ImageArray_<std::allocator<void> >::operator=(rl_custom_messages::msg::ImageArray_<std::allocator<void> >&&)[m[K’
[01m[K/home/rlcontrol/jay_ws/build/rl_custom_messages/rosidl_generator_cpp/rl_custom_messages/msg/detail/image_array__struct.hpp:32:8:[m[K [01;36m[Knote: [m[K  no known conversion for argument 1 from ‘[01m[Ksensor_msgs::msg::CompressedImage[m[K’ {aka ‘[01m[Ksensor_msgs::msg::CompressedImage_<std::allocator<void> >[m[K’} to ‘[01m[Krl_custom_messages::msg::ImageArray_<std::allocator<void> >&&[m[K’
[01m[K/home/rlcontrol/jay_ws/jaybot/src/rl_server.cpp:79:79:[m[K [01;35m[Kwarning: [m[Kunused parameter ‘[01m[Krequest[m[K’ [[01;35m[K]8;;https://gcc.gnu.org/onlinedocs/gcc/Warning-Options.html#index-Wunused-parameter-Wunused-parameter]8;;[m[K]
   79 |         [01;35m[Kconst std::shared_ptr<rl_custom_messages::srv::ImageService::Request> request[m[K,
      |         [01;35m[K~~~~~~~~~~~~~~~~~~~~~~~~~~~~~~~~~~~~~~~~~~~~~~~~~~~~~~~~~~~~~~~~~~~~~~^~~~~~~[m[K
[01m[K/home/rlcontrol/jay_ws/jaybot/src/rl_server.cpp:[m[K In member function ‘[01m[Kvoid AudioReceiverSubscriber::topic_callback(sensor_msgs::msg::Image_<std::allocator<void> >::SharedPtr) const[m[K’:
[01m[K/home/rlcontrol/jay_ws/jaybot/src/rl_server.cpp:101:66:[m[K [01;35m[Kwarning: [m[Kunused parameter ‘[01m[Kmsg[m[K’ [[01;35m[K]8;;https://gcc.gnu.org/onlinedocs/gcc/Warning-Options.html#index-Wunused-parameter-Wunused-parameter]8;;[m[K]
  101 |     void topic_callback([01;35m[Kconst sensor_msgs::msg::Image::SharedPtr msg[m[K) const
      |                         [01;35m[K~~~~~~~~~~~~~~~~~~~~~~~~~~~~~~~~~~~~~~~~~^~~[m[K
gmake[2]: *** [CMakeFiles/rl_server.dir/build.make:76: CMakeFiles/rl_server.dir/src/rl_server.cpp.o] Error 1
gmake[1]: *** [CMakeFiles/Makefile2:254: CMakeFiles/rl_server.dir/all] Error 2
gmake: *** [Makefile:146: all] Error 2
