[0.017s] Invoking command in '/home/rlcontrol/jay_ws/build/jaybot': CMAKE_PREFIX_PATH=/home/rlcontrol/jay_ws/install/rl_custom_messages:/home/rlcontrol/jay_ws/install/jaybot:/opt/ros/humble /home/rlcontrol/.local/bin/cmake /home/rlcontrol/jay_ws/jaybot -DAMENT_CMAKE_SYMLINK_INSTALL=1 -DCMAKE_INSTALL_PREFIX=/home/rlcontrol/jay_ws/install/jaybot
[0.056s] -- Found ament_cmake: 1.3.5 (/opt/ros/humble/share/ament_cmake/cmake)
[0.191s] -- Override CMake install command with custom implementation using symlinks instead of copying resources
[0.204s] -- Found rclcpp: 16.0.4 (/opt/ros/humble/share/rclcpp/cmake)
[0.247s] -- Found rosidl_generator_c: 3.1.4 (/opt/ros/humble/share/rosidl_generator_c/cmake)
[0.251s] -- Found rosidl_adapter: 3.1.4 (/opt/ros/humble/share/rosidl_adapter/cmake)
[0.260s] -- Found rosidl_generator_cpp: 3.1.4 (/opt/ros/humble/share/rosidl_generator_cpp/cmake)
[0.278s] -- Using all available rosidl_typesupport_c: rosidl_typesupport_fastrtps_c;rosidl_typesupport_introspection_c
[0.302s] -- Using all available rosidl_typesupport_cpp: rosidl_typesupport_fastrtps_cpp;rosidl_typesupport_introspection_cpp
[0.384s] -- Found rmw_implementation_cmake: 6.1.1 (/opt/ros/humble/share/rmw_implementation_cmake/cmake)
[0.386s] -- Found rmw_fastrtps_cpp: 6.2.2 (/opt/ros/humble/share/rmw_fastrtps_cpp/cmake)
[0.530s] -- Using RMW implementation 'rmw_fastrtps_cpp' as default
[0.737s] -- Found rclpy: 3.3.8 (/opt/ros/humble/share/rclpy/cmake)
[0.737s] -- Found rl_custom_messages: 0.0.0 (/home/rlcontrol/jay_ws/install/rl_custom_messages/share/rl_custom_messages/cmake)
[0.758s] -- Found sensor_msgs: 4.2.3 (/opt/ros/humble/share/sensor_msgs/cmake)
[0.927s] -- Found cv_bridge: 3.2.1 (/opt/ros/humble/share/cv_bridge/cmake)
[1.085s] -- Configuring done (1.0s)
[1.148s] -- Generating done (0.0s)
[1.152s] -- Build files have been written to: /home/rlcontrol/jay_ws/build/jaybot
[1.164s] Invoked command in '/home/rlcontrol/jay_ws/build/jaybot' returned '0': CMAKE_PREFIX_PATH=/home/rlcontrol/jay_ws/install/rl_custom_messages:/home/rlcontrol/jay_ws/install/jaybot:/opt/ros/humble /home/rlcontrol/.local/bin/cmake /home/rlcontrol/jay_ws/jaybot -DAMENT_CMAKE_SYMLINK_INSTALL=1 -DCMAKE_INSTALL_PREFIX=/home/rlcontrol/jay_ws/install/jaybot
[1.166s] Invoking command in '/home/rlcontrol/jay_ws/build/jaybot': CMAKE_PREFIX_PATH=/home/rlcontrol/jay_ws/install/rl_custom_messages:/home/rlcontrol/jay_ws/install/jaybot:/opt/ros/humble /home/rlcontrol/.local/bin/cmake --build /home/rlcontrol/jay_ws/build/jaybot -- -j6 -l6
[1.263s] [ 16%] Built target motor_controller
[1.264s] [ 33%] Built target microphone_publisher
[1.266s] [ 50%] Built target range_publisher
[1.269s] [ 66%] Built target camera_publisher
[1.271s] [ 75%] [32mBuilding CXX object CMakeFiles/rl_server.dir/src/rl_server.cpp.o[0m
[1.274s] [ 91%] Built target image_debugger
[1.288s] [ 91%] Built target ament_cmake_python_symlink_jaybot
[1.629s] running egg_info
[1.630s] writing jaybot.egg-info/PKG-INFO
[1.630s] writing dependency_links to jaybot.egg-info/dependency_links.txt
[1.631s] writing top-level names to jaybot.egg-info/top_level.txt
[1.634s] reading manifest file 'jaybot.egg-info/SOURCES.txt'
[1.635s] writing manifest file 'jaybot.egg-info/SOURCES.txt'
[1.658s] [ 91%] Built target ament_cmake_python_build_jaybot_egg
[5.012s] [01m[K/home/rlcontrol/jay_ws/jaybot/src/rl_server.cpp:[m[K In member function ‘[01m[Kvoid ImageServer::service_callback(std::shared_ptr<rl_custom_messages::srv::ImageService_Request_<std::allocator<void> > >, std::shared_ptr<rl_custom_messages::srv::ImageService_Response_<std::allocator<void> > >)[m[K’:
[5.012s] [01m[K/home/rlcontrol/jay_ws/jaybot/src/rl_server.cpp:82:32:[m[K [01;31m[Kerror: [m[Kno match for ‘[01m[Koperator=[m[K’ (operand types are ‘[01m[Krl_custom_messages::srv::ImageService_Response_<std::allocator<void> >::_image_data_type[m[K’ {aka ‘[01m[Krl_custom_messages::msg::ImageArray_<std::allocator<void> >[m[K’} and ‘[01m[Ksensor_msgs::msg::CompressedImage[m[K’ {aka ‘[01m[Ksensor_msgs::msg::CompressedImage_<std::allocator<void> >[m[K’})
[5.012s]    82 |         response->image_data = [01;31m[Klast_image_data_[m[K; // Forward the compressed image
[5.012s]       |                                [01;31m[K^~~~~~~~~~~~~~~~[m[K
[5.013s] In file included from [01m[K/home/rlcontrol/jay_ws/build/rl_custom_messages/rosidl_generator_cpp/rl_custom_messages/msg/image_array.hpp:7[m[K,
[5.013s]                  from [01m[K/home/rlcontrol/jay_ws/jaybot/src/rl_server.cpp:4[m[K:
[5.013s] [01m[K/home/rlcontrol/jay_ws/build/rl_custom_messages/rosidl_generator_cpp/rl_custom_messages/msg/detail/image_array__struct.hpp:32:8:[m[K [01;36m[Knote: [m[Kcandidate: ‘[01m[Krl_custom_messages::msg::ImageArray_<std::allocator<void> >& rl_custom_messages::msg::ImageArray_<std::allocator<void> >::operator=(const rl_custom_messages::msg::ImageArray_<std::allocator<void> >&)[m[K’
[5.013s]    32 | struct [01;36m[KImageArray_[m[K
[5.013s]       |        [01;36m[K^~~~~~~~~~~[m[K
[5.013s] [01m[K/home/rlcontrol/jay_ws/build/rl_custom_messages/rosidl_generator_cpp/rl_custom_messages/msg/detail/image_array__struct.hpp:32:8:[m[K [01;36m[Knote: [m[K  no known conversion for argument 1 from ‘[01m[Ksensor_msgs::msg::CompressedImage[m[K’ {aka ‘[01m[Ksensor_msgs::msg::CompressedImage_<std::allocator<void> >[m[K’} to ‘[01m[Kconst rl_custom_messages::msg::ImageArray_<std::allocator<void> >&[m[K’
[5.013s] [01m[K/home/rlcontrol/jay_ws/build/rl_custom_messages/rosidl_generator_cpp/rl_custom_messages/msg/detail/image_array__struct.hpp:32:8:[m[K [01;36m[Knote: [m[Kcandidate: ‘[01m[Krl_custom_messages::msg::ImageArray_<std::allocator<void> >& rl_custom_messages::msg::ImageArray_<std::allocator<void> >::operator=(rl_custom_messages::msg::ImageArray_<std::allocator<void> >&&)[m[K’
[5.013s] [01m[K/home/rlcontrol/jay_ws/build/rl_custom_messages/rosidl_generator_cpp/rl_custom_messages/msg/detail/image_array__struct.hpp:32:8:[m[K [01;36m[Knote: [m[K  no known conversion for argument 1 from ‘[01m[Ksensor_msgs::msg::CompressedImage[m[K’ {aka ‘[01m[Ksensor_msgs::msg::CompressedImage_<std::allocator<void> >[m[K’} to ‘[01m[Krl_custom_messages::msg::ImageArray_<std::allocator<void> >&&[m[K’
[5.013s] [01m[K/home/rlcontrol/jay_ws/jaybot/src/rl_server.cpp:79:79:[m[K [01;35m[Kwarning: [m[Kunused parameter ‘[01m[Krequest[m[K’ [[01;35m[K]8;;https://gcc.gnu.org/onlinedocs/gcc/Warning-Options.html#index-Wunused-parameter-Wunused-parameter]8;;[m[K]
[5.013s]    79 |         [01;35m[Kconst std::shared_ptr<rl_custom_messages::srv::ImageService::Request> request[m[K,
[5.013s]       |         [01;35m[K~~~~~~~~~~~~~~~~~~~~~~~~~~~~~~~~~~~~~~~~~~~~~~~~~~~~~~~~~~~~~~~~~~~~~~^~~~~~~[m[K
[5.066s] [01m[K/home/rlcontrol/jay_ws/jaybot/src/rl_server.cpp:[m[K In member function ‘[01m[Kvoid AudioReceiverSubscriber::topic_callback(sensor_msgs::msg::Image_<std::allocator<void> >::SharedPtr) const[m[K’:
[5.067s] [01m[K/home/rlcontrol/jay_ws/jaybot/src/rl_server.cpp:101:66:[m[K [01;35m[Kwarning: [m[Kunused parameter ‘[01m[Kmsg[m[K’ [[01;35m[K]8;;https://gcc.gnu.org/onlinedocs/gcc/Warning-Options.html#index-Wunused-parameter-Wunused-parameter]8;;[m[K]
[5.067s]   101 |     void topic_callback([01;35m[Kconst sensor_msgs::msg::Image::SharedPtr msg[m[K) const
[5.067s]       |                         [01;35m[K~~~~~~~~~~~~~~~~~~~~~~~~~~~~~~~~~~~~~~~~~^~~[m[K
[11.492s] gmake[2]: *** [CMakeFiles/rl_server.dir/build.make:76: CMakeFiles/rl_server.dir/src/rl_server.cpp.o] Error 1
[11.493s] gmake[1]: *** [CMakeFiles/Makefile2:254: CMakeFiles/rl_server.dir/all] Error 2
[11.493s] gmake: *** [Makefile:146: all] Error 2
[11.499s] Invoked command in '/home/rlcontrol/jay_ws/build/jaybot' returned '2': CMAKE_PREFIX_PATH=/home/rlcontrol/jay_ws/install/rl_custom_messages:/home/rlcontrol/jay_ws/install/jaybot:/opt/ros/humble /home/rlcontrol/.local/bin/cmake --build /home/rlcontrol/jay_ws/build/jaybot -- -j6 -l6
