[0.245s] DEBUG:colcon:Command line arguments: ['/usr/bin/colcon', 'build', '--packages-select', 'rl_custom_messages']
[0.245s] DEBUG:colcon:Parsed command line arguments: Namespace(log_base=None, log_level=None, verb_name='build', build_base='build', install_base='install', merge_install=False, symlink_install=False, test_result_base=None, continue_on_error=False, executor='parallel', parallel_workers=2, event_handlers=None, ignore_user_meta=False, metas=['./colcon.meta'], base_paths=['.'], packages_ignore=None, packages_ignore_regex=None, paths=None, packages_up_to=None, packages_up_to_regex=None, packages_above=None, packages_above_and_dependencies=None, packages_above_depth=None, packages_select_by_dep=None, packages_skip_by_dep=None, packages_skip_up_to=None, packages_select_build_failed=False, packages_skip_build_finished=False, packages_select_test_failures=False, packages_skip_test_passed=False, packages_select=['rl_custom_messages'], packages_skip=None, packages_select_regex=None, packages_skip_regex=None, packages_start=None, packages_end=None, allow_overriding=[], cmake_args=None, cmake_target=None, cmake_target_skip_unavailable=False, cmake_clean_cache=False, cmake_clean_first=False, cmake_force_configure=False, ament_cmake_args=None, catkin_cmake_args=None, catkin_skip_building_tests=False, verb_parser=<colcon_defaults.argument_parser.defaults.DefaultArgumentsDecorator object at 0x7f2f2e2355a0>, verb_extension=<colcon_core.verb.build.BuildVerb object at 0x7f2f2ea3f4f0>, main=<bound method BuildVerb.main of <colcon_core.verb.build.BuildVerb object at 0x7f2f2ea3f4f0>>)
[0.269s] Level 1:colcon.colcon_core.package_discovery:discover_packages(colcon_meta) check parameters
[0.269s] Level 1:colcon.colcon_core.package_discovery:discover_packages(recursive) check parameters
[0.269s] Level 1:colcon.colcon_core.package_discovery:discover_packages(ignore) check parameters
[0.269s] Level 1:colcon.colcon_core.package_discovery:discover_packages(path) check parameters
[0.269s] Level 1:colcon.colcon_core.package_discovery:discover_packages(colcon_meta) discover
[0.269s] Level 1:colcon.colcon_core.package_discovery:discover_packages(recursive) discover
[0.269s] INFO:colcon.colcon_core.package_discovery:Crawling recursively for packages in '/home/rlagent/jay_ws'
[0.269s] Level 1:colcon.colcon_core.package_identification:_identify(.) by extensions ['ignore', 'ignore_ament_install']
[0.269s] Level 1:colcon.colcon_core.package_identification:_identify(.) by extension 'ignore'
[0.269s] Level 1:colcon.colcon_core.package_identification:_identify(.) by extension 'ignore_ament_install'
[0.269s] Level 1:colcon.colcon_core.package_identification:_identify(.) by extensions ['colcon_pkg']
[0.270s] Level 1:colcon.colcon_core.package_identification:_identify(.) by extension 'colcon_pkg'
[0.270s] Level 1:colcon.colcon_core.package_identification:_identify(.) by extensions ['colcon_meta']
[0.270s] Level 1:colcon.colcon_core.package_identification:_identify(.) by extension 'colcon_meta'
[0.270s] Level 1:colcon.colcon_core.package_identification:_identify(.) by extensions ['ros']
[0.270s] Level 1:colcon.colcon_core.package_identification:_identify(.) by extension 'ros'
[0.279s] Level 1:colcon.colcon_core.package_identification:_identify(.) by extensions ['cmake', 'python']
[0.279s] Level 1:colcon.colcon_core.package_identification:_identify(.) by extension 'cmake'
[0.279s] Level 1:colcon.colcon_core.package_identification:_identify(.) by extension 'python'
[0.279s] Level 1:colcon.colcon_core.package_identification:_identify(.) by extensions ['python_setup_py']
[0.279s] Level 1:colcon.colcon_core.package_identification:_identify(.) by extension 'python_setup_py'
[0.279s] Level 1:colcon.colcon_core.package_identification:_identify(build) by extensions ['ignore', 'ignore_ament_install']
[0.279s] Level 1:colcon.colcon_core.package_identification:_identify(build) by extension 'ignore'
[0.279s] Level 1:colcon.colcon_core.package_identification:_identify(build) ignored
[0.279s] Level 1:colcon.colcon_core.package_identification:_identify(install) by extensions ['ignore', 'ignore_ament_install']
[0.279s] Level 1:colcon.colcon_core.package_identification:_identify(install) by extension 'ignore'
[0.279s] Level 1:colcon.colcon_core.package_identification:_identify(install) ignored
[0.279s] Level 1:colcon.colcon_core.package_identification:_identify(jaybot) by extensions ['ignore', 'ignore_ament_install']
[0.279s] Level 1:colcon.colcon_core.package_identification:_identify(jaybot) by extension 'ignore'
[0.280s] Level 1:colcon.colcon_core.package_identification:_identify(jaybot) by extension 'ignore_ament_install'
[0.280s] Level 1:colcon.colcon_core.package_identification:_identify(jaybot) by extensions ['colcon_pkg']
[0.280s] Level 1:colcon.colcon_core.package_identification:_identify(jaybot) by extension 'colcon_pkg'
[0.280s] Level 1:colcon.colcon_core.package_identification:_identify(jaybot) by extensions ['colcon_meta']
[0.280s] Level 1:colcon.colcon_core.package_identification:_identify(jaybot) by extension 'colcon_meta'
[0.280s] Level 1:colcon.colcon_core.package_identification:_identify(jaybot) by extensions ['ros']
[0.280s] Level 1:colcon.colcon_core.package_identification:_identify(jaybot) by extension 'ros'
[0.282s] DEBUG:colcon.colcon_core.package_identification:Package 'jaybot' with type 'ros.ament_cmake' and name 'jaybot'
[0.282s] Level 1:colcon.colcon_core.package_identification:_identify(log) by extensions ['ignore', 'ignore_ament_install']
[0.282s] Level 1:colcon.colcon_core.package_identification:_identify(log) by extension 'ignore'
[0.282s] Level 1:colcon.colcon_core.package_identification:_identify(log) ignored
[0.282s] Level 1:colcon.colcon_core.package_identification:_identify(rl_custom_messages) by extensions ['ignore', 'ignore_ament_install']
[0.282s] Level 1:colcon.colcon_core.package_identification:_identify(rl_custom_messages) by extension 'ignore'
[0.282s] Level 1:colcon.colcon_core.package_identification:_identify(rl_custom_messages) by extension 'ignore_ament_install'
[0.282s] Level 1:colcon.colcon_core.package_identification:_identify(rl_custom_messages) by extensions ['colcon_pkg']
[0.282s] Level 1:colcon.colcon_core.package_identification:_identify(rl_custom_messages) by extension 'colcon_pkg'
[0.282s] Level 1:colcon.colcon_core.package_identification:_identify(rl_custom_messages) by extensions ['colcon_meta']
[0.282s] Level 1:colcon.colcon_core.package_identification:_identify(rl_custom_messages) by extension 'colcon_meta'
[0.282s] Level 1:colcon.colcon_core.package_identification:_identify(rl_custom_messages) by extensions ['ros']
[0.282s] Level 1:colcon.colcon_core.package_identification:_identify(rl_custom_messages) by extension 'ros'
[0.283s] DEBUG:colcon.colcon_core.package_identification:Package 'rl_custom_messages' with type 'ros.ament_cmake' and name 'rl_custom_messages'
[0.283s] Level 1:colcon.colcon_core.package_discovery:discover_packages(recursive) using defaults
[0.283s] Level 1:colcon.colcon_core.package_discovery:discover_packages(ignore) discover
[0.283s] Level 1:colcon.colcon_core.package_discovery:discover_packages(ignore) using defaults
[0.283s] Level 1:colcon.colcon_core.package_discovery:discover_packages(path) discover
[0.283s] Level 1:colcon.colcon_core.package_discovery:discover_packages(path) using defaults
[0.300s] INFO:colcon.colcon_core.package_selection:Skipping not selected package 'jaybot' in 'jaybot'
[0.300s] Level 1:colcon.colcon_core.package_discovery:discover_packages(prefix_path) check parameters
[0.300s] Level 1:colcon.colcon_core.package_discovery:discover_packages(prefix_path) discover
[0.303s] DEBUG:colcon.colcon_installed_package_information.package_discovery:Found 270 installed packages in /opt/ros/humble
[0.304s] Level 1:colcon.colcon_core.package_discovery:discover_packages(prefix_path) using defaults
[0.351s] Level 5:colcon.colcon_core.verb:set package 'rl_custom_messages' build argument 'cmake_args' from command line to 'None'
[0.351s] Level 5:colcon.colcon_core.verb:set package 'rl_custom_messages' build argument 'cmake_target' from command line to 'None'
[0.351s] Level 5:colcon.colcon_core.verb:set package 'rl_custom_messages' build argument 'cmake_target_skip_unavailable' from command line to 'False'
[0.351s] Level 5:colcon.colcon_core.verb:set package 'rl_custom_messages' build argument 'cmake_clean_cache' from command line to 'False'
[0.351s] Level 5:colcon.colcon_core.verb:set package 'rl_custom_messages' build argument 'cmake_clean_first' from command line to 'False'
[0.351s] Level 5:colcon.colcon_core.verb:set package 'rl_custom_messages' build argument 'cmake_force_configure' from command line to 'False'
[0.351s] Level 5:colcon.colcon_core.verb:set package 'rl_custom_messages' build argument 'ament_cmake_args' from command line to 'None'
[0.351s] Level 5:colcon.colcon_core.verb:set package 'rl_custom_messages' build argument 'catkin_cmake_args' from command line to 'None'
[0.351s] Level 5:colcon.colcon_core.verb:set package 'rl_custom_messages' build argument 'catkin_skip_building_tests' from command line to 'False'
[0.351s] DEBUG:colcon.colcon_core.verb:Building package 'rl_custom_messages' with the following arguments: {'ament_cmake_args': None, 'build_base': '/home/rlagent/jay_ws/build/rl_custom_messages', 'catkin_cmake_args': None, 'catkin_skip_building_tests': False, 'cmake_args': None, 'cmake_clean_cache': False, 'cmake_clean_first': False, 'cmake_force_configure': False, 'cmake_target': None, 'cmake_target_skip_unavailable': False, 'install_base': '/home/rlagent/jay_ws/install/rl_custom_messages', 'merge_install': False, 'path': '/home/rlagent/jay_ws/rl_custom_messages', 'symlink_install': False, 'test_result_base': None}
[0.352s] INFO:colcon.colcon_core.executor:Executing jobs using 'parallel' executor
[0.354s] DEBUG:colcon.colcon_parallel_executor.executor.parallel:run_until_complete
[0.354s] INFO:colcon.colcon_ros.task.ament_cmake.build:Building ROS package in '/home/rlagent/jay_ws/rl_custom_messages' with build type 'ament_cmake'
[0.354s] INFO:colcon.colcon_cmake.task.cmake.build:Building CMake package in '/home/rlagent/jay_ws/rl_custom_messages'
[0.358s] INFO:colcon.colcon_core.plugin_system:Skipping extension 'colcon_core.shell.bat': Not used on non-Windows systems
[0.359s] INFO:colcon.colcon_core.shell:Skip shell extension 'powershell' for command environment: Not usable outside of PowerShell
[0.359s] DEBUG:colcon.colcon_core.shell:Skip shell extension 'dsv' for command environment
[0.368s] DEBUG:colcon.colcon_core.event_handler.log_command:Invoking command in '/home/rlagent/jay_ws/build/rl_custom_messages': CMAKE_PREFIX_PATH=/opt/ros/humble /usr/bin/cmake --build /home/rlagent/jay_ws/build/rl_custom_messages -- -j2 -l2
[3.104s] DEBUG:colcon.colcon_core.event_handler.log_command:Invoked command in '/home/rlagent/jay_ws/build/rl_custom_messages' returned '0': CMAKE_PREFIX_PATH=/opt/ros/humble /usr/bin/cmake --build /home/rlagent/jay_ws/build/rl_custom_messages -- -j2 -l2
[3.184s] DEBUG:colcon.colcon_core.event_handler.log_command:Invoking command in '/home/rlagent/jay_ws/build/rl_custom_messages': CMAKE_PREFIX_PATH=/opt/ros/humble /usr/bin/cmake --install /home/rlagent/jay_ws/build/rl_custom_messages
[3.249s] Level 1:colcon.colcon_core.environment:create_environment_scripts_only(rl_custom_messages)
[3.249s] DEBUG:colcon.colcon_core.event_handler.log_command:Invoked command in '/home/rlagent/jay_ws/build/rl_custom_messages' returned '0': CMAKE_PREFIX_PATH=/opt/ros/humble /usr/bin/cmake --install /home/rlagent/jay_ws/build/rl_custom_messages
[3.253s] Level 1:colcon.colcon_core.environment:checking '/home/rlagent/jay_ws/install/rl_custom_messages' for CMake module files
[3.253s] Level 1:colcon.colcon_core.environment:checking '/home/rlagent/jay_ws/install/rl_custom_messages' for CMake config files
[3.254s] Level 1:colcon.colcon_core.shell:create_environment_hook('rl_custom_messages', 'cmake_prefix_path')
[3.254s] INFO:colcon.colcon_core.shell:Creating environment hook '/home/rlagent/jay_ws/install/rl_custom_messages/share/rl_custom_messages/hook/cmake_prefix_path.ps1'
[3.255s] INFO:colcon.colcon_core.shell:Creating environment descriptor '/home/rlagent/jay_ws/install/rl_custom_messages/share/rl_custom_messages/hook/cmake_prefix_path.dsv'
[3.255s] INFO:colcon.colcon_core.shell:Creating environment hook '/home/rlagent/jay_ws/install/rl_custom_messages/share/rl_custom_messages/hook/cmake_prefix_path.sh'
[3.256s] Level 1:colcon.colcon_core.environment:checking '/home/rlagent/jay_ws/install/rl_custom_messages/lib'
[3.256s] Level 1:colcon.colcon_core.shell:create_environment_hook('rl_custom_messages', 'ld_library_path_lib')
[3.257s] INFO:colcon.colcon_core.shell:Creating environment hook '/home/rlagent/jay_ws/install/rl_custom_messages/share/rl_custom_messages/hook/ld_library_path_lib.ps1'
[3.257s] INFO:colcon.colcon_core.shell:Creating environment descriptor '/home/rlagent/jay_ws/install/rl_custom_messages/share/rl_custom_messages/hook/ld_library_path_lib.dsv'
[3.257s] INFO:colcon.colcon_core.shell:Creating environment hook '/home/rlagent/jay_ws/install/rl_custom_messages/share/rl_custom_messages/hook/ld_library_path_lib.sh'
[3.258s] Level 1:colcon.colcon_core.environment:checking '/home/rlagent/jay_ws/install/rl_custom_messages/bin'
[3.258s] Level 1:colcon.colcon_core.environment:checking '/home/rlagent/jay_ws/install/rl_custom_messages/lib/pkgconfig/rl_custom_messages.pc'
[3.258s] Level 1:colcon.colcon_core.environment:checking '/home/rlagent/jay_ws/install/rl_custom_messages/lib/python3.10/site-packages'
[3.258s] Level 1:colcon.colcon_core.environment:checking '/home/rlagent/jay_ws/install/rl_custom_messages/bin'
[3.259s] INFO:colcon.colcon_core.shell:Creating package script '/home/rlagent/jay_ws/install/rl_custom_messages/share/rl_custom_messages/package.ps1'
[3.260s] INFO:colcon.colcon_core.shell:Creating package descriptor '/home/rlagent/jay_ws/install/rl_custom_messages/share/rl_custom_messages/package.dsv'
[3.260s] INFO:colcon.colcon_core.shell:Creating package script '/home/rlagent/jay_ws/install/rl_custom_messages/share/rl_custom_messages/package.sh'
[3.261s] INFO:colcon.colcon_core.shell:Creating package script '/home/rlagent/jay_ws/install/rl_custom_messages/share/rl_custom_messages/package.bash'
[3.262s] INFO:colcon.colcon_core.shell:Creating package script '/home/rlagent/jay_ws/install/rl_custom_messages/share/rl_custom_messages/package.zsh'
[3.262s] Level 1:colcon.colcon_core.environment:create_file_with_runtime_dependencies(/home/rlagent/jay_ws/install/rl_custom_messages/share/colcon-core/packages/rl_custom_messages)
[3.339s] Level 1:colcon.colcon_core.environment:create_environment_scripts_only(rl_custom_messages)
[3.341s] Level 1:colcon.colcon_core.environment:checking '/home/rlagent/jay_ws/install/rl_custom_messages' for CMake module files
[3.342s] Level 1:colcon.colcon_core.environment:checking '/home/rlagent/jay_ws/install/rl_custom_messages' for CMake config files
[3.342s] Level 1:colcon.colcon_core.shell:create_environment_hook('rl_custom_messages', 'cmake_prefix_path')
[3.343s] INFO:colcon.colcon_core.shell:Creating environment hook '/home/rlagent/jay_ws/install/rl_custom_messages/share/rl_custom_messages/hook/cmake_prefix_path.ps1'
[3.343s] INFO:colcon.colcon_core.shell:Creating environment descriptor '/home/rlagent/jay_ws/install/rl_custom_messages/share/rl_custom_messages/hook/cmake_prefix_path.dsv'
[3.343s] INFO:colcon.colcon_core.shell:Creating environment hook '/home/rlagent/jay_ws/install/rl_custom_messages/share/rl_custom_messages/hook/cmake_prefix_path.sh'
[3.344s] Level 1:colcon.colcon_core.environment:checking '/home/rlagent/jay_ws/install/rl_custom_messages/lib'
[3.344s] Level 1:colcon.colcon_core.shell:create_environment_hook('rl_custom_messages', 'ld_library_path_lib')
[3.345s] INFO:colcon.colcon_core.shell:Creating environment hook '/home/rlagent/jay_ws/install/rl_custom_messages/share/rl_custom_messages/hook/ld_library_path_lib.ps1'
[3.345s] INFO:colcon.colcon_core.shell:Creating environment descriptor '/home/rlagent/jay_ws/install/rl_custom_messages/share/rl_custom_messages/hook/ld_library_path_lib.dsv'
[3.345s] INFO:colcon.colcon_core.shell:Creating environment hook '/home/rlagent/jay_ws/install/rl_custom_messages/share/rl_custom_messages/hook/ld_library_path_lib.sh'
[3.346s] Level 1:colcon.colcon_core.environment:checking '/home/rlagent/jay_ws/install/rl_custom_messages/bin'
[3.346s] Level 1:colcon.colcon_core.environment:checking '/home/rlagent/jay_ws/install/rl_custom_messages/lib/pkgconfig/rl_custom_messages.pc'
[3.346s] Level 1:colcon.colcon_core.environment:checking '/home/rlagent/jay_ws/install/rl_custom_messages/lib/python3.10/site-packages'
[3.346s] Level 1:colcon.colcon_core.environment:checking '/home/rlagent/jay_ws/install/rl_custom_messages/bin'
[3.347s] INFO:colcon.colcon_core.shell:Creating package script '/home/rlagent/jay_ws/install/rl_custom_messages/share/rl_custom_messages/package.ps1'
[3.348s] INFO:colcon.colcon_core.shell:Creating package descriptor '/home/rlagent/jay_ws/install/rl_custom_messages/share/rl_custom_messages/package.dsv'
[3.348s] INFO:colcon.colcon_core.shell:Creating package script '/home/rlagent/jay_ws/install/rl_custom_messages/share/rl_custom_messages/package.sh'
[3.348s] INFO:colcon.colcon_core.shell:Creating package script '/home/rlagent/jay_ws/install/rl_custom_messages/share/rl_custom_messages/package.bash'
[3.349s] INFO:colcon.colcon_core.shell:Creating package script '/home/rlagent/jay_ws/install/rl_custom_messages/share/rl_custom_messages/package.zsh'
[3.349s] Level 1:colcon.colcon_core.environment:create_file_with_runtime_dependencies(/home/rlagent/jay_ws/install/rl_custom_messages/share/colcon-core/packages/rl_custom_messages)
[3.350s] DEBUG:colcon.colcon_parallel_executor.executor.parallel:closing loop
[3.350s] DEBUG:colcon.colcon_parallel_executor.executor.parallel:loop closed
[3.350s] DEBUG:colcon.colcon_parallel_executor.executor.parallel:run_until_complete finished with '0'
[3.350s] DEBUG:colcon.colcon_core.event_reactor:joining thread
[3.354s] INFO:colcon.colcon_core.plugin_system:Skipping extension 'colcon_notification.desktop_notification.terminal_notifier': Not used on non-Darwin systems
[3.354s] INFO:colcon.colcon_core.plugin_system:Skipping extension 'colcon_notification.desktop_notification.win32': Not used on non-Windows systems
[3.354s] INFO:colcon.colcon_notification.desktop_notification:Sending desktop notification using 'notify2'
[3.367s] DEBUG:colcon.colcon_core.event_reactor:joined thread
[3.368s] INFO:colcon.colcon_core.shell:Creating prefix script '/home/rlagent/jay_ws/install/local_setup.ps1'
[3.369s] INFO:colcon.colcon_core.shell:Creating prefix util module '/home/rlagent/jay_ws/install/_local_setup_util_ps1.py'
[3.370s] INFO:colcon.colcon_core.shell:Creating prefix chain script '/home/rlagent/jay_ws/install/setup.ps1'
[3.371s] INFO:colcon.colcon_core.shell:Creating prefix script '/home/rlagent/jay_ws/install/local_setup.sh'
[3.371s] INFO:colcon.colcon_core.shell:Creating prefix util module '/home/rlagent/jay_ws/install/_local_setup_util_sh.py'
[3.372s] INFO:colcon.colcon_core.shell:Creating prefix chain script '/home/rlagent/jay_ws/install/setup.sh'
[3.372s] INFO:colcon.colcon_core.shell:Creating prefix script '/home/rlagent/jay_ws/install/local_setup.bash'
[3.373s] INFO:colcon.colcon_core.shell:Creating prefix chain script '/home/rlagent/jay_ws/install/setup.bash'
[3.374s] INFO:colcon.colcon_core.shell:Creating prefix script '/home/rlagent/jay_ws/install/local_setup.zsh'
[3.374s] INFO:colcon.colcon_core.shell:Creating prefix chain script '/home/rlagent/jay_ws/install/setup.zsh'
