[35m[1mConsolidate compiler generated dependencies of target range_publisher[0m
[ 50%] Built target range_subscriber
[ 75%] [32mBuilding CXX object CMakeFiles/range_publisher.dir/src/range_publisher.cpp.o[0m
In file included from [01m[K/home/rlagent/jay_ws/jaybot/src/range_publisher.cpp:10[m[K:
[01m[K/home/rlagent/jay_ws/jaybot/include/jaybot/RangeSensor.h:[m[K In constructor ‘[01m[KRangesensor::Rangesensor(int, int)[m[K’:
[01m[K/home/rlagent/jay_ws/jaybot/include/jaybot/RangeSensor.h:42:24:[m[K [01;31m[Kerror: [m[Ktoo few arguments to function ‘[01m[Kint pigpio_start(const char*, const char*)[m[K’
   42 |   int pi = [01;31m[Kpigpio_start()[m[K;
      |            [01;31m[K~~~~~~~~~~~~^~[m[K
In file included from [01m[K/home/rlagent/jay_ws/jaybot/include/jaybot/RangeSensor.h:6[m[K,
                 from [01m[K/home/rlagent/jay_ws/jaybot/src/range_publisher.cpp:10[m[K:
[01m[K/usr/local/include/pigpiod_if2.h:432:5:[m[K [01;36m[Knote: [m[Kdeclared here
  432 | int [01;36m[Kpigpio_start[m[K(const char *addrStr, const char *portStr);
      |     [01;36m[K^~~~~~~~~~~~[m[K
In file included from [01m[K/home/rlagent/jay_ws/jaybot/src/range_publisher.cpp:10[m[K:
[01m[K/home/rlagent/jay_ws/jaybot/include/jaybot/RangeSensor.h:44:19:[m[K [01;31m[Kerror: [m[Ktoo few arguments to function ‘[01m[Kint pigpio_start(const char*, const char*)[m[K’
   44 |   if ([01;31m[Kpigpio_start()[m[K < 0) {
      |       [01;31m[K~~~~~~~~~~~~^~[m[K
In file included from [01m[K/home/rlagent/jay_ws/jaybot/include/jaybot/RangeSensor.h:6[m[K,
                 from [01m[K/home/rlagent/jay_ws/jaybot/src/range_publisher.cpp:10[m[K:
[01m[K/usr/local/include/pigpiod_if2.h:432:5:[m[K [01;36m[Knote: [m[Kdeclared here
  432 | int [01;36m[Kpigpio_start[m[K(const char *addrStr, const char *portStr);
      |     [01;36m[K^~~~~~~~~~~~[m[K
In file included from [01m[K/home/rlagent/jay_ws/jaybot/src/range_publisher.cpp:10[m[K:
[01m[K/home/rlagent/jay_ws/jaybot/include/jaybot/RangeSensor.h:[m[K In member function ‘[01m[Kdouble Rangesensor::Range()[m[K’:
[01m[K/home/rlagent/jay_ws/jaybot/include/jaybot/RangeSensor.h:58:14:[m[K [01;31m[Kerror: [m[K‘[01m[Kpi[m[K’ was not declared in this scope
   58 |   gpio_write([01;31m[Kpi[m[K, trig, 1);
      |              [01;31m[K^~[m[K
gmake[2]: *** [CMakeFiles/range_publisher.dir/build.make:76: CMakeFiles/range_publisher.dir/src/range_publisher.cpp.o] Error 1
gmake[1]: *** [CMakeFiles/Makefile2:139: CMakeFiles/range_publisher.dir/all] Error 2
gmake: *** [Makefile:146: all] Error 2
