[0.017s] Invoking command in '/home/rlagent/jay_ws/build/rl_custom_messages': CMAKE_PREFIX_PATH=/opt/ros/humble /usr/bin/cmake --build /home/rlagent/jay_ws/build/rl_custom_messages -- -j2 -l2
[0.117s] [  9%] Built target rl_custom_messages__rosidl_generator_c
[0.122s] [ 12%] Built target rl_custom_messages__cpp
[0.172s] [ 22%] Built target rl_custom_messages__rosidl_typesupport_cpp
[0.180s] [ 22%] Built target ament_cmake_python_copy_rl_custom_messages
[0.216s] [ 32%] Built target rl_custom_messages__rosidl_typesupport_fastrtps_c
[0.219s] [ 41%] Built target rl_custom_messages__rosidl_typesupport_introspection_c
[0.258s] [ 51%] Built target rl_custom_messages__rosidl_typesupport_c
[0.274s] [ 61%] Built target rl_custom_messages__rosidl_typesupport_fastrtps_cpp
[0.302s] [ 70%] Built target rl_custom_messages__rosidl_typesupport_introspection_cpp
[0.345s] [ 70%] Built target rl_custom_messages
[0.385s] [ 74%] Built target rl_custom_messages__py
[0.428s] [ 80%] Built target rl_custom_messages__rosidl_generator_py
[0.474s] [ 87%] Built target rl_custom_messages__rosidl_typesupport_fastrtps_c__pyext
[0.516s] [ 93%] Built target rl_custom_messages__rosidl_typesupport_introspection_c__pyext
[0.557s] [100%] Built target rl_custom_messages__rosidl_typesupport_c__pyext
[0.628s] running egg_info
[0.629s] writing rl_custom_messages.egg-info/PKG-INFO
[0.629s] writing dependency_links to rl_custom_messages.egg-info/dependency_links.txt
[0.630s] writing top-level names to rl_custom_messages.egg-info/top_level.txt
[0.632s] reading manifest file 'rl_custom_messages.egg-info/SOURCES.txt'
[0.633s] writing manifest file 'rl_custom_messages.egg-info/SOURCES.txt'
[0.667s] [100%] Built target ament_cmake_python_build_rl_custom_messages_egg
[0.689s] Invoked command in '/home/rlagent/jay_ws/build/rl_custom_messages' returned '0': CMAKE_PREFIX_PATH=/opt/ros/humble /usr/bin/cmake --build /home/rlagent/jay_ws/build/rl_custom_messages -- -j2 -l2
[0.876s] Invoking command in '/home/rlagent/jay_ws/build/rl_custom_messages': CMAKE_PREFIX_PATH=/opt/ros/humble /usr/bin/cmake --install /home/rlagent/jay_ws/build/rl_custom_messages
[0.890s] -- Install configuration: ""
[0.890s] -- Up-to-date: /home/rlagent/jay_ws/install/rl_custom_messages/share/ament_index/resource_index/rosidl_interfaces/rl_custom_messages
[0.891s] -- Up-to-date: /home/rlagent/jay_ws/install/rl_custom_messages/include/rl_custom_messages/rl_custom_messages
[0.891s] -- Up-to-date: /home/rlagent/jay_ws/install/rl_custom_messages/include/rl_custom_messages/rl_custom_messages/msg
[0.891s] -- Up-to-date: /home/rlagent/jay_ws/install/rl_custom_messages/include/rl_custom_messages/rl_custom_messages/msg/range_array.h
[0.891s] -- Up-to-date: /home/rlagent/jay_ws/install/rl_custom_messages/include/rl_custom_messages/rl_custom_messages/msg/detail
[0.892s] -- Up-to-date: /home/rlagent/jay_ws/install/rl_custom_messages/include/rl_custom_messages/rl_custom_messages/msg/detail/range_array__functions.h
[0.892s] -- Up-to-date: /home/rlagent/jay_ws/install/rl_custom_messages/include/rl_custom_messages/rl_custom_messages/msg/detail/range_array__type_support.h
[0.892s] -- Up-to-date: /home/rlagent/jay_ws/install/rl_custom_messages/include/rl_custom_messages/rl_custom_messages/msg/detail/range_array__struct.h
[0.892s] -- Up-to-date: /home/rlagent/jay_ws/install/rl_custom_messages/include/rl_custom_messages/rl_custom_messages/msg/detail/range_array__functions.c
[0.892s] -- Up-to-date: /home/rlagent/jay_ws/install/rl_custom_messages/include/rl_custom_messages/rl_custom_messages/msg/rosidl_generator_c__visibility_control.h
[0.893s] -- Up-to-date: /home/rlagent/jay_ws/install/rl_custom_messages/share/rl_custom_messages/environment/library_path.sh
[0.893s] -- Up-to-date: /home/rlagent/jay_ws/install/rl_custom_messages/share/rl_custom_messages/environment/library_path.dsv
[0.894s] -- Up-to-date: /home/rlagent/jay_ws/install/rl_custom_messages/lib/librl_custom_messages__rosidl_generator_c.so
[0.895s] -- Up-to-date: /home/rlagent/jay_ws/install/rl_custom_messages/include/rl_custom_messages/rl_custom_messages
[0.895s] -- Up-to-date: /home/rlagent/jay_ws/install/rl_custom_messages/include/rl_custom_messages/rl_custom_messages/msg
[0.895s] -- Up-to-date: /home/rlagent/jay_ws/install/rl_custom_messages/include/rl_custom_messages/rl_custom_messages/msg/rosidl_typesupport_fastrtps_c__visibility_control.h
[0.895s] -- Up-to-date: /home/rlagent/jay_ws/install/rl_custom_messages/include/rl_custom_messages/rl_custom_messages/msg/detail
[0.895s] -- Up-to-date: /home/rlagent/jay_ws/install/rl_custom_messages/include/rl_custom_messages/rl_custom_messages/msg/detail/range_array__rosidl_typesupport_fastrtps_c.h
[0.896s] -- Up-to-date: /home/rlagent/jay_ws/install/rl_custom_messages/lib/librl_custom_messages__rosidl_typesupport_fastrtps_c.so
[0.896s] -- Up-to-date: /home/rlagent/jay_ws/install/rl_custom_messages/include/rl_custom_messages/rl_custom_messages
[0.897s] -- Up-to-date: /home/rlagent/jay_ws/install/rl_custom_messages/include/rl_custom_messages/rl_custom_messages/msg
[0.897s] -- Up-to-date: /home/rlagent/jay_ws/install/rl_custom_messages/include/rl_custom_messages/rl_custom_messages/msg/rosidl_typesupport_introspection_c__visibility_control.h
[0.897s] -- Up-to-date: /home/rlagent/jay_ws/install/rl_custom_messages/include/rl_custom_messages/rl_custom_messages/msg/detail
[0.897s] -- Up-to-date: /home/rlagent/jay_ws/install/rl_custom_messages/include/rl_custom_messages/rl_custom_messages/msg/detail/range_array__rosidl_typesupport_introspection_c.h
[0.897s] -- Up-to-date: /home/rlagent/jay_ws/install/rl_custom_messages/include/rl_custom_messages/rl_custom_messages/msg/detail/range_array__type_support.c
[0.898s] -- Up-to-date: /home/rlagent/jay_ws/install/rl_custom_messages/lib/librl_custom_messages__rosidl_typesupport_introspection_c.so
[0.899s] -- Up-to-date: /home/rlagent/jay_ws/install/rl_custom_messages/lib/librl_custom_messages__rosidl_typesupport_c.so
[0.899s] -- Up-to-date: /home/rlagent/jay_ws/install/rl_custom_messages/include/rl_custom_messages/rl_custom_messages
[0.900s] -- Up-to-date: /home/rlagent/jay_ws/install/rl_custom_messages/include/rl_custom_messages/rl_custom_messages/msg
[0.900s] -- Up-to-date: /home/rlagent/jay_ws/install/rl_custom_messages/include/rl_custom_messages/rl_custom_messages/msg/range_array.hpp
[0.900s] -- Up-to-date: /home/rlagent/jay_ws/install/rl_custom_messages/include/rl_custom_messages/rl_custom_messages/msg/detail
[0.900s] -- Up-to-date: /home/rlagent/jay_ws/install/rl_custom_messages/include/rl_custom_messages/rl_custom_messages/msg/detail/range_array__struct.hpp
[0.900s] -- Up-to-date: /home/rlagent/jay_ws/install/rl_custom_messages/include/rl_custom_messages/rl_custom_messages/msg/detail/range_array__builder.hpp
[0.900s] -- Up-to-date: /home/rlagent/jay_ws/install/rl_custom_messages/include/rl_custom_messages/rl_custom_messages/msg/detail/range_array__traits.hpp
[0.901s] -- Up-to-date: /home/rlagent/jay_ws/install/rl_custom_messages/include/rl_custom_messages/rl_custom_messages
[0.901s] -- Up-to-date: /home/rlagent/jay_ws/install/rl_custom_messages/include/rl_custom_messages/rl_custom_messages/msg
[0.901s] -- Up-to-date: /home/rlagent/jay_ws/install/rl_custom_messages/include/rl_custom_messages/rl_custom_messages/msg/rosidl_typesupport_fastrtps_cpp__visibility_control.h
[0.901s] -- Up-to-date: /home/rlagent/jay_ws/install/rl_custom_messages/include/rl_custom_messages/rl_custom_messages/msg/detail
[0.901s] -- Up-to-date: /home/rlagent/jay_ws/install/rl_custom_messages/include/rl_custom_messages/rl_custom_messages/msg/detail/dds_fastrtps
[0.902s] -- Up-to-date: /home/rlagent/jay_ws/install/rl_custom_messages/include/rl_custom_messages/rl_custom_messages/msg/detail/range_array__rosidl_typesupport_fastrtps_cpp.hpp
[0.902s] -- Up-to-date: /home/rlagent/jay_ws/install/rl_custom_messages/lib/librl_custom_messages__rosidl_typesupport_fastrtps_cpp.so
[0.902s] -- Up-to-date: /home/rlagent/jay_ws/install/rl_custom_messages/include/rl_custom_messages/rl_custom_messages
[0.903s] -- Up-to-date: /home/rlagent/jay_ws/install/rl_custom_messages/include/rl_custom_messages/rl_custom_messages/msg
[0.903s] -- Up-to-date: /home/rlagent/jay_ws/install/rl_custom_messages/include/rl_custom_messages/rl_custom_messages/msg/detail
[0.903s] -- Up-to-date: /home/rlagent/jay_ws/install/rl_custom_messages/include/rl_custom_messages/rl_custom_messages/msg/detail/range_array__type_support.cpp
[0.903s] -- Up-to-date: /home/rlagent/jay_ws/install/rl_custom_messages/include/rl_custom_messages/rl_custom_messages/msg/detail/range_array__rosidl_typesupport_introspection_cpp.hpp
[0.903s] -- Up-to-date: /home/rlagent/jay_ws/install/rl_custom_messages/lib/librl_custom_messages__rosidl_typesupport_introspection_cpp.so
[0.905s] -- Up-to-date: /home/rlagent/jay_ws/install/rl_custom_messages/lib/librl_custom_messages__rosidl_typesupport_cpp.so
[0.905s] -- Up-to-date: /home/rlagent/jay_ws/install/rl_custom_messages/share/rl_custom_messages/environment/pythonpath.sh
[0.906s] -- Up-to-date: /home/rlagent/jay_ws/install/rl_custom_messages/share/rl_custom_messages/environment/pythonpath.dsv
[0.906s] -- Up-to-date: /home/rlagent/jay_ws/install/rl_custom_messages/local/lib/python3.10/dist-packages/rl_custom_messages-0.0.0-py3.10.egg-info
[0.906s] -- Installing: /home/rlagent/jay_ws/install/rl_custom_messages/local/lib/python3.10/dist-packages/rl_custom_messages-0.0.0-py3.10.egg-info/dependency_links.txt
[0.906s] -- Installing: /home/rlagent/jay_ws/install/rl_custom_messages/local/lib/python3.10/dist-packages/rl_custom_messages-0.0.0-py3.10.egg-info/SOURCES.txt
[0.906s] -- Installing: /home/rlagent/jay_ws/install/rl_custom_messages/local/lib/python3.10/dist-packages/rl_custom_messages-0.0.0-py3.10.egg-info/PKG-INFO
[0.907s] -- Installing: /home/rlagent/jay_ws/install/rl_custom_messages/local/lib/python3.10/dist-packages/rl_custom_messages-0.0.0-py3.10.egg-info/top_level.txt
[0.907s] -- Up-to-date: /home/rlagent/jay_ws/install/rl_custom_messages/local/lib/python3.10/dist-packages/rl_custom_messages
[0.908s] -- Up-to-date: /home/rlagent/jay_ws/install/rl_custom_messages/local/lib/python3.10/dist-packages/rl_custom_messages/rl_custom_messages_s__rosidl_typesupport_fastrtps_c.cpython-310-x86_64-linux-gnu.so
[0.908s] -- Up-to-date: /home/rlagent/jay_ws/install/rl_custom_messages/local/lib/python3.10/dist-packages/rl_custom_messages/_rl_custom_messages_s.ep.rosidl_typesupport_c.c
[0.908s] -- Up-to-date: /home/rlagent/jay_ws/install/rl_custom_messages/local/lib/python3.10/dist-packages/rl_custom_messages/_rl_custom_messages_s.ep.rosidl_typesupport_fastrtps_c.c
[0.908s] -- Up-to-date: /home/rlagent/jay_ws/install/rl_custom_messages/local/lib/python3.10/dist-packages/rl_custom_messages/rl_custom_messages_s__rosidl_typesupport_introspection_c.cpython-310-x86_64-linux-gnu.so
[0.908s] -- Up-to-date: /home/rlagent/jay_ws/install/rl_custom_messages/local/lib/python3.10/dist-packages/rl_custom_messages/librl_custom_messages__rosidl_generator_py.so
[0.909s] -- Up-to-date: /home/rlagent/jay_ws/install/rl_custom_messages/local/lib/python3.10/dist-packages/rl_custom_messages/msg
[0.909s] -- Up-to-date: /home/rlagent/jay_ws/install/rl_custom_messages/local/lib/python3.10/dist-packages/rl_custom_messages/msg/_range_array.py
[0.909s] -- Up-to-date: /home/rlagent/jay_ws/install/rl_custom_messages/local/lib/python3.10/dist-packages/rl_custom_messages/msg/_range_array_s.c
[0.909s] -- Up-to-date: /home/rlagent/jay_ws/install/rl_custom_messages/local/lib/python3.10/dist-packages/rl_custom_messages/msg/__init__.py
[0.909s] -- Up-to-date: /home/rlagent/jay_ws/install/rl_custom_messages/local/lib/python3.10/dist-packages/rl_custom_messages/rl_custom_messages_s__rosidl_typesupport_c.cpython-310-x86_64-linux-gnu.so
[0.909s] -- Up-to-date: /home/rlagent/jay_ws/install/rl_custom_messages/local/lib/python3.10/dist-packages/rl_custom_messages/__init__.py
[0.909s] -- Up-to-date: /home/rlagent/jay_ws/install/rl_custom_messages/local/lib/python3.10/dist-packages/rl_custom_messages/_rl_custom_messages_s.ep.rosidl_typesupport_introspection_c.c
[0.949s] Listing '/home/rlagent/jay_ws/install/rl_custom_messages/local/lib/python3.10/dist-packages/rl_custom_messages'...
[0.949s] Listing '/home/rlagent/jay_ws/install/rl_custom_messages/local/lib/python3.10/dist-packages/rl_custom_messages/msg'...
[0.953s] -- Up-to-date: /home/rlagent/jay_ws/install/rl_custom_messages/local/lib/python3.10/dist-packages/rl_custom_messages/rl_custom_messages_s__rosidl_typesupport_fastrtps_c.cpython-310-x86_64-linux-gnu.so
[0.954s] -- Up-to-date: /home/rlagent/jay_ws/install/rl_custom_messages/local/lib/python3.10/dist-packages/rl_custom_messages/rl_custom_messages_s__rosidl_typesupport_introspection_c.cpython-310-x86_64-linux-gnu.so
[0.956s] -- Up-to-date: /home/rlagent/jay_ws/install/rl_custom_messages/local/lib/python3.10/dist-packages/rl_custom_messages/rl_custom_messages_s__rosidl_typesupport_c.cpython-310-x86_64-linux-gnu.so
[0.957s] -- Up-to-date: /home/rlagent/jay_ws/install/rl_custom_messages/lib/librl_custom_messages__rosidl_generator_py.so
[0.958s] -- Up-to-date: /home/rlagent/jay_ws/install/rl_custom_messages/share/rl_custom_messages/msg/RangeArray.idl
[0.958s] -- Up-to-date: /home/rlagent/jay_ws/install/rl_custom_messages/share/rl_custom_messages/msg/RangeArray.msg
[0.958s] -- Up-to-date: /home/rlagent/jay_ws/install/rl_custom_messages/share/ament_index/resource_index/package_run_dependencies/rl_custom_messages
[0.959s] -- Up-to-date: /home/rlagent/jay_ws/install/rl_custom_messages/share/ament_index/resource_index/parent_prefix_path/rl_custom_messages
[0.959s] -- Up-to-date: /home/rlagent/jay_ws/install/rl_custom_messages/share/rl_custom_messages/environment/ament_prefix_path.sh
[0.959s] -- Up-to-date: /home/rlagent/jay_ws/install/rl_custom_messages/share/rl_custom_messages/environment/ament_prefix_path.dsv
[0.959s] -- Up-to-date: /home/rlagent/jay_ws/install/rl_custom_messages/share/rl_custom_messages/environment/path.sh
[0.960s] -- Up-to-date: /home/rlagent/jay_ws/install/rl_custom_messages/share/rl_custom_messages/environment/path.dsv
[0.960s] -- Up-to-date: /home/rlagent/jay_ws/install/rl_custom_messages/share/rl_custom_messages/local_setup.bash
[0.960s] -- Up-to-date: /home/rlagent/jay_ws/install/rl_custom_messages/share/rl_custom_messages/local_setup.sh
[0.960s] -- Up-to-date: /home/rlagent/jay_ws/install/rl_custom_messages/share/rl_custom_messages/local_setup.zsh
[0.961s] -- Up-to-date: /home/rlagent/jay_ws/install/rl_custom_messages/share/rl_custom_messages/local_setup.dsv
[0.961s] -- Installing: /home/rlagent/jay_ws/install/rl_custom_messages/share/rl_custom_messages/package.dsv
[0.961s] -- Up-to-date: /home/rlagent/jay_ws/install/rl_custom_messages/share/ament_index/resource_index/packages/rl_custom_messages
[0.961s] -- Up-to-date: /home/rlagent/jay_ws/install/rl_custom_messages/share/rl_custom_messages/cmake/export_rl_custom_messages__rosidl_generator_cExport.cmake
[0.962s] -- Up-to-date: /home/rlagent/jay_ws/install/rl_custom_messages/share/rl_custom_messages/cmake/export_rl_custom_messages__rosidl_generator_cExport-noconfig.cmake
[0.962s] -- Up-to-date: /home/rlagent/jay_ws/install/rl_custom_messages/share/rl_custom_messages/cmake/export_rl_custom_messages__rosidl_typesupport_fastrtps_cExport.cmake
[0.962s] -- Up-to-date: /home/rlagent/jay_ws/install/rl_custom_messages/share/rl_custom_messages/cmake/export_rl_custom_messages__rosidl_typesupport_fastrtps_cExport-noconfig.cmake
[0.962s] -- Up-to-date: /home/rlagent/jay_ws/install/rl_custom_messages/share/rl_custom_messages/cmake/rl_custom_messages__rosidl_typesupport_introspection_cExport.cmake
[0.963s] -- Up-to-date: /home/rlagent/jay_ws/install/rl_custom_messages/share/rl_custom_messages/cmake/rl_custom_messages__rosidl_typesupport_introspection_cExport-noconfig.cmake
[0.963s] -- Up-to-date: /home/rlagent/jay_ws/install/rl_custom_messages/share/rl_custom_messages/cmake/rl_custom_messages__rosidl_typesupport_cExport.cmake
[0.963s] -- Up-to-date: /home/rlagent/jay_ws/install/rl_custom_messages/share/rl_custom_messages/cmake/rl_custom_messages__rosidl_typesupport_cExport-noconfig.cmake
[0.964s] -- Up-to-date: /home/rlagent/jay_ws/install/rl_custom_messages/share/rl_custom_messages/cmake/export_rl_custom_messages__rosidl_generator_cppExport.cmake
[0.964s] -- Up-to-date: /home/rlagent/jay_ws/install/rl_custom_messages/share/rl_custom_messages/cmake/export_rl_custom_messages__rosidl_typesupport_fastrtps_cppExport.cmake
[0.964s] -- Up-to-date: /home/rlagent/jay_ws/install/rl_custom_messages/share/rl_custom_messages/cmake/export_rl_custom_messages__rosidl_typesupport_fastrtps_cppExport-noconfig.cmake
[0.964s] -- Up-to-date: /home/rlagent/jay_ws/install/rl_custom_messages/share/rl_custom_messages/cmake/rl_custom_messages__rosidl_typesupport_introspection_cppExport.cmake
[0.965s] -- Up-to-date: /home/rlagent/jay_ws/install/rl_custom_messages/share/rl_custom_messages/cmake/rl_custom_messages__rosidl_typesupport_introspection_cppExport-noconfig.cmake
[0.965s] -- Up-to-date: /home/rlagent/jay_ws/install/rl_custom_messages/share/rl_custom_messages/cmake/rl_custom_messages__rosidl_typesupport_cppExport.cmake
[0.965s] -- Up-to-date: /home/rlagent/jay_ws/install/rl_custom_messages/share/rl_custom_messages/cmake/rl_custom_messages__rosidl_typesupport_cppExport-noconfig.cmake
[0.965s] -- Up-to-date: /home/rlagent/jay_ws/install/rl_custom_messages/share/rl_custom_messages/cmake/export_rl_custom_messages__rosidl_generator_pyExport.cmake
[0.965s] -- Up-to-date: /home/rlagent/jay_ws/install/rl_custom_messages/share/rl_custom_messages/cmake/export_rl_custom_messages__rosidl_generator_pyExport-noconfig.cmake
[0.965s] -- Up-to-date: /home/rlagent/jay_ws/install/rl_custom_messages/share/rl_custom_messages/cmake/rosidl_cmake-extras.cmake
[0.965s] -- Up-to-date: /home/rlagent/jay_ws/install/rl_custom_messages/share/rl_custom_messages/cmake/ament_cmake_export_include_directories-extras.cmake
[0.965s] -- Up-to-date: /home/rlagent/jay_ws/install/rl_custom_messages/share/rl_custom_messages/cmake/ament_cmake_export_libraries-extras.cmake
[0.966s] -- Up-to-date: /home/rlagent/jay_ws/install/rl_custom_messages/share/rl_custom_messages/cmake/ament_cmake_export_targets-extras.cmake
[0.966s] -- Up-to-date: /home/rlagent/jay_ws/install/rl_custom_messages/share/rl_custom_messages/cmake/rosidl_cmake_export_typesupport_targets-extras.cmake
[0.966s] -- Up-to-date: /home/rlagent/jay_ws/install/rl_custom_messages/share/rl_custom_messages/cmake/ament_cmake_export_dependencies-extras.cmake
[0.966s] -- Up-to-date: /home/rlagent/jay_ws/install/rl_custom_messages/share/rl_custom_messages/cmake/rosidl_cmake_export_typesupport_libraries-extras.cmake
[0.966s] -- Up-to-date: /home/rlagent/jay_ws/install/rl_custom_messages/share/rl_custom_messages/cmake/rl_custom_messagesConfig.cmake
[0.966s] -- Up-to-date: /home/rlagent/jay_ws/install/rl_custom_messages/share/rl_custom_messages/cmake/rl_custom_messagesConfig-version.cmake
[0.966s] -- Up-to-date: /home/rlagent/jay_ws/install/rl_custom_messages/share/rl_custom_messages/package.xml
[0.970s] Invoked command in '/home/rlagent/jay_ws/build/rl_custom_messages' returned '0': CMAKE_PREFIX_PATH=/opt/ros/humble /usr/bin/cmake --install /home/rlagent/jay_ws/build/rl_custom_messages
