[0.983s] DEBUG:colcon:Command line arguments: ['/usr/bin/colcon', 'build', '--symlink-install']
[0.983s] DEBUG:colcon:Parsed command line arguments: Namespace(log_base=None, log_level=None, verb_name='build', build_base='build', install_base='install', merge_install=False, symlink_install=True, test_result_base=None, continue_on_error=False, executor='parallel', parallel_workers=6, event_handlers=None, ignore_user_meta=False, metas=['./colcon.meta'], base_paths=['.'], packages_ignore=None, packages_ignore_regex=None, paths=None, packages_up_to=None, packages_up_to_regex=None, packages_above=None, packages_above_and_dependencies=None, packages_above_depth=None, packages_select_by_dep=None, packages_skip_by_dep=None, packages_skip_up_to=None, packages_select_build_failed=False, packages_skip_build_finished=False, packages_select_test_failures=False, packages_skip_test_passed=False, packages_select=None, packages_skip=None, packages_select_regex=None, packages_skip_regex=None, packages_start=None, packages_end=None, allow_overriding=[], cmake_args=None, cmake_target=None, cmake_target_skip_unavailable=False, cmake_clean_cache=False, cmake_clean_first=False, cmake_force_configure=False, ament_cmake_args=None, catkin_cmake_args=None, catkin_skip_building_tests=False, verb_parser=<colcon_defaults.argument_parser.defaults.DefaultArgumentsDecorator object at 0x7faf4cefe350>, verb_extension=<colcon_core.verb.build.BuildVerb object at 0x7faf4d6eaec0>, main=<bound method BuildVerb.main of <colcon_core.verb.build.BuildVerb object at 0x7faf4d6eaec0>>)
[1.066s] Level 1:colcon.colcon_core.package_discovery:discover_packages(colcon_meta) check parameters
[1.066s] Level 1:colcon.colcon_core.package_discovery:discover_packages(recursive) check parameters
[1.066s] Level 1:colcon.colcon_core.package_discovery:discover_packages(ignore) check parameters
[1.066s] Level 1:colcon.colcon_core.package_discovery:discover_packages(path) check parameters
[1.066s] Level 1:colcon.colcon_core.package_discovery:discover_packages(colcon_meta) discover
[1.066s] Level 1:colcon.colcon_core.package_discovery:discover_packages(recursive) discover
[1.066s] INFO:colcon.colcon_core.package_discovery:Crawling recursively for packages in '/home/rlcontrol/jay_ws'
[1.066s] Level 1:colcon.colcon_core.package_identification:_identify(.) by extensions ['ignore', 'ignore_ament_install']
[1.066s] Level 1:colcon.colcon_core.package_identification:_identify(.) by extension 'ignore'
[1.067s] Level 1:colcon.colcon_core.package_identification:_identify(.) by extension 'ignore_ament_install'
[1.067s] Level 1:colcon.colcon_core.package_identification:_identify(.) by extensions ['colcon_pkg']
[1.067s] Level 1:colcon.colcon_core.package_identification:_identify(.) by extension 'colcon_pkg'
[1.067s] Level 1:colcon.colcon_core.package_identification:_identify(.) by extensions ['colcon_meta']
[1.067s] Level 1:colcon.colcon_core.package_identification:_identify(.) by extension 'colcon_meta'
[1.067s] Level 1:colcon.colcon_core.package_identification:_identify(.) by extensions ['ros']
[1.067s] Level 1:colcon.colcon_core.package_identification:_identify(.) by extension 'ros'
[1.086s] Level 1:colcon.colcon_core.package_identification:_identify(.) by extensions ['cmake', 'python']
[1.086s] Level 1:colcon.colcon_core.package_identification:_identify(.) by extension 'cmake'
[1.086s] Level 1:colcon.colcon_core.package_identification:_identify(.) by extension 'python'
[1.086s] Level 1:colcon.colcon_core.package_identification:_identify(.) by extensions ['python_setup_py']
[1.086s] Level 1:colcon.colcon_core.package_identification:_identify(.) by extension 'python_setup_py'
[1.086s] Level 1:colcon.colcon_core.package_identification:_identify(build) by extensions ['ignore', 'ignore_ament_install']
[1.086s] Level 1:colcon.colcon_core.package_identification:_identify(build) by extension 'ignore'
[1.086s] Level 1:colcon.colcon_core.package_identification:_identify(build) ignored
[1.086s] Level 1:colcon.colcon_core.package_identification:_identify(install) by extensions ['ignore', 'ignore_ament_install']
[1.087s] Level 1:colcon.colcon_core.package_identification:_identify(install) by extension 'ignore'
[1.087s] Level 1:colcon.colcon_core.package_identification:_identify(install) ignored
[1.087s] Level 1:colcon.colcon_core.package_identification:_identify(jaybot) by extensions ['ignore', 'ignore_ament_install']
[1.087s] Level 1:colcon.colcon_core.package_identification:_identify(jaybot) by extension 'ignore'
[1.087s] Level 1:colcon.colcon_core.package_identification:_identify(jaybot) by extension 'ignore_ament_install'
[1.087s] Level 1:colcon.colcon_core.package_identification:_identify(jaybot) by extensions ['colcon_pkg']
[1.087s] Level 1:colcon.colcon_core.package_identification:_identify(jaybot) by extension 'colcon_pkg'
[1.087s] Level 1:colcon.colcon_core.package_identification:_identify(jaybot) by extensions ['colcon_meta']
[1.087s] Level 1:colcon.colcon_core.package_identification:_identify(jaybot) by extension 'colcon_meta'
[1.087s] Level 1:colcon.colcon_core.package_identification:_identify(jaybot) by extensions ['ros']
[1.087s] Level 1:colcon.colcon_core.package_identification:_identify(jaybot) by extension 'ros'
[1.093s] DEBUG:colcon.colcon_core.package_identification:Package 'jaybot' with type 'ros.ament_cmake' and name 'jaybot'
[1.094s] Level 1:colcon.colcon_core.package_identification:_identify(log) by extensions ['ignore', 'ignore_ament_install']
[1.094s] Level 1:colcon.colcon_core.package_identification:_identify(log) by extension 'ignore'
[1.094s] Level 1:colcon.colcon_core.package_identification:_identify(log) ignored
[1.094s] Level 1:colcon.colcon_core.package_identification:_identify(rl_custom_messages) by extensions ['ignore', 'ignore_ament_install']
[1.094s] Level 1:colcon.colcon_core.package_identification:_identify(rl_custom_messages) by extension 'ignore'
[1.094s] Level 1:colcon.colcon_core.package_identification:_identify(rl_custom_messages) by extension 'ignore_ament_install'
[1.094s] Level 1:colcon.colcon_core.package_identification:_identify(rl_custom_messages) by extensions ['colcon_pkg']
[1.094s] Level 1:colcon.colcon_core.package_identification:_identify(rl_custom_messages) by extension 'colcon_pkg'
[1.094s] Level 1:colcon.colcon_core.package_identification:_identify(rl_custom_messages) by extensions ['colcon_meta']
[1.094s] Level 1:colcon.colcon_core.package_identification:_identify(rl_custom_messages) by extension 'colcon_meta'
[1.094s] Level 1:colcon.colcon_core.package_identification:_identify(rl_custom_messages) by extensions ['ros']
[1.094s] Level 1:colcon.colcon_core.package_identification:_identify(rl_custom_messages) by extension 'ros'
[1.096s] DEBUG:colcon.colcon_core.package_identification:Package 'rl_custom_messages' with type 'ros.ament_cmake' and name 'rl_custom_messages'
[1.096s] Level 1:colcon.colcon_core.package_identification:_identify(robot_ws_backup) by extensions ['ignore', 'ignore_ament_install']
[1.096s] Level 1:colcon.colcon_core.package_identification:_identify(robot_ws_backup) by extension 'ignore'
[1.096s] Level 1:colcon.colcon_core.package_identification:_identify(robot_ws_backup) by extension 'ignore_ament_install'
[1.096s] Level 1:colcon.colcon_core.package_identification:_identify(robot_ws_backup) by extensions ['colcon_pkg']
[1.096s] Level 1:colcon.colcon_core.package_identification:_identify(robot_ws_backup) by extension 'colcon_pkg'
[1.097s] Level 1:colcon.colcon_core.package_identification:_identify(robot_ws_backup) by extensions ['colcon_meta']
[1.097s] Level 1:colcon.colcon_core.package_identification:_identify(robot_ws_backup) by extension 'colcon_meta'
[1.097s] Level 1:colcon.colcon_core.package_identification:_identify(robot_ws_backup) by extensions ['ros']
[1.097s] Level 1:colcon.colcon_core.package_identification:_identify(robot_ws_backup) by extension 'ros'
[1.097s] Level 1:colcon.colcon_core.package_identification:_identify(robot_ws_backup) by extensions ['cmake', 'python']
[1.097s] Level 1:colcon.colcon_core.package_identification:_identify(robot_ws_backup) by extension 'cmake'
[1.097s] Level 1:colcon.colcon_core.package_identification:_identify(robot_ws_backup) by extension 'python'
[1.097s] Level 1:colcon.colcon_core.package_identification:_identify(robot_ws_backup) by extensions ['python_setup_py']
[1.097s] Level 1:colcon.colcon_core.package_identification:_identify(robot_ws_backup) by extension 'python_setup_py'
[1.098s] Level 1:colcon.colcon_core.package_identification:_identify(robot_ws_backup/build) by extensions ['ignore', 'ignore_ament_install']
[1.098s] Level 1:colcon.colcon_core.package_identification:_identify(robot_ws_backup/build) by extension 'ignore'
[1.099s] Level 1:colcon.colcon_core.package_identification:_identify(robot_ws_backup/build) ignored
[1.100s] Level 1:colcon.colcon_core.package_identification:_identify(robot_ws_backup/install) by extensions ['ignore', 'ignore_ament_install']
[1.100s] Level 1:colcon.colcon_core.package_identification:_identify(robot_ws_backup/install) by extension 'ignore'
[1.102s] Level 1:colcon.colcon_core.package_identification:_identify(robot_ws_backup/install) ignored
[1.103s] Level 1:colcon.colcon_core.package_identification:_identify(robot_ws_backup/log) by extensions ['ignore', 'ignore_ament_install']
[1.103s] Level 1:colcon.colcon_core.package_identification:_identify(robot_ws_backup/log) by extension 'ignore'
[1.103s] Level 1:colcon.colcon_core.package_identification:_identify(robot_ws_backup/log) ignored
[1.104s] Level 1:colcon.colcon_core.package_identification:_identify(robot_ws_backup/src) by extensions ['ignore', 'ignore_ament_install']
[1.105s] Level 1:colcon.colcon_core.package_identification:_identify(robot_ws_backup/src) by extension 'ignore'
[1.105s] Level 1:colcon.colcon_core.package_identification:_identify(robot_ws_backup/src) by extension 'ignore_ament_install'
[1.105s] Level 1:colcon.colcon_core.package_identification:_identify(robot_ws_backup/src) by extensions ['colcon_pkg']
[1.105s] Level 1:colcon.colcon_core.package_identification:_identify(robot_ws_backup/src) by extension 'colcon_pkg'
[1.105s] Level 1:colcon.colcon_core.package_identification:_identify(robot_ws_backup/src) by extensions ['colcon_meta']
[1.105s] Level 1:colcon.colcon_core.package_identification:_identify(robot_ws_backup/src) by extension 'colcon_meta'
[1.105s] Level 1:colcon.colcon_core.package_identification:_identify(robot_ws_backup/src) by extensions ['ros']
[1.105s] Level 1:colcon.colcon_core.package_identification:_identify(robot_ws_backup/src) by extension 'ros'
[1.105s] Level 1:colcon.colcon_core.package_identification:_identify(robot_ws_backup/src) by extensions ['cmake', 'python']
[1.105s] Level 1:colcon.colcon_core.package_identification:_identify(robot_ws_backup/src) by extension 'cmake'
[1.105s] Level 1:colcon.colcon_core.package_identification:_identify(robot_ws_backup/src) by extension 'python'
[1.105s] Level 1:colcon.colcon_core.package_identification:_identify(robot_ws_backup/src) by extensions ['python_setup_py']
[1.106s] Level 1:colcon.colcon_core.package_identification:_identify(robot_ws_backup/src) by extension 'python_setup_py'
[1.107s] Level 1:colcon.colcon_core.package_identification:_identify(robot_ws_backup/src/jaybot) by extensions ['ignore', 'ignore_ament_install']
[1.107s] Level 1:colcon.colcon_core.package_identification:_identify(robot_ws_backup/src/jaybot) by extension 'ignore'
[1.107s] Level 1:colcon.colcon_core.package_identification:_identify(robot_ws_backup/src/jaybot) by extension 'ignore_ament_install'
[1.107s] Level 1:colcon.colcon_core.package_identification:_identify(robot_ws_backup/src/jaybot) by extensions ['colcon_pkg']
[1.107s] Level 1:colcon.colcon_core.package_identification:_identify(robot_ws_backup/src/jaybot) by extension 'colcon_pkg'
[1.107s] Level 1:colcon.colcon_core.package_identification:_identify(robot_ws_backup/src/jaybot) by extensions ['colcon_meta']
[1.107s] Level 1:colcon.colcon_core.package_identification:_identify(robot_ws_backup/src/jaybot) by extension 'colcon_meta'
[1.107s] Level 1:colcon.colcon_core.package_identification:_identify(robot_ws_backup/src/jaybot) by extensions ['ros']
[1.107s] Level 1:colcon.colcon_core.package_identification:_identify(robot_ws_backup/src/jaybot) by extension 'ros'
[1.110s] DEBUG:colcon.colcon_core.package_identification:Package 'robot_ws_backup/src/jaybot' with type 'ros.ament_cmake' and name 'jaybot'
[1.111s] Level 1:colcon.colcon_core.package_identification:_identify(robot_ws_backup/src/rl_custom_messages) by extensions ['ignore', 'ignore_ament_install']
[1.111s] Level 1:colcon.colcon_core.package_identification:_identify(robot_ws_backup/src/rl_custom_messages) by extension 'ignore'
[1.111s] Level 1:colcon.colcon_core.package_identification:_identify(robot_ws_backup/src/rl_custom_messages) by extension 'ignore_ament_install'
[1.111s] Level 1:colcon.colcon_core.package_identification:_identify(robot_ws_backup/src/rl_custom_messages) by extensions ['colcon_pkg']
[1.111s] Level 1:colcon.colcon_core.package_identification:_identify(robot_ws_backup/src/rl_custom_messages) by extension 'colcon_pkg'
[1.111s] Level 1:colcon.colcon_core.package_identification:_identify(robot_ws_backup/src/rl_custom_messages) by extensions ['colcon_meta']
[1.111s] Level 1:colcon.colcon_core.package_identification:_identify(robot_ws_backup/src/rl_custom_messages) by extension 'colcon_meta'
[1.112s] Level 1:colcon.colcon_core.package_identification:_identify(robot_ws_backup/src/rl_custom_messages) by extensions ['ros']
[1.112s] Level 1:colcon.colcon_core.package_identification:_identify(robot_ws_backup/src/rl_custom_messages) by extension 'ros'
[1.113s] DEBUG:colcon.colcon_core.package_identification:Package 'robot_ws_backup/src/rl_custom_messages' with type 'ros.ament_cmake' and name 'rl_custom_messages'
[1.114s] Level 1:colcon.colcon_core.package_identification:_identify(runs) by extensions ['ignore', 'ignore_ament_install']
[1.114s] Level 1:colcon.colcon_core.package_identification:_identify(runs) by extension 'ignore'
[1.114s] Level 1:colcon.colcon_core.package_identification:_identify(runs) by extension 'ignore_ament_install'
[1.114s] Level 1:colcon.colcon_core.package_identification:_identify(runs) by extensions ['colcon_pkg']
[1.114s] Level 1:colcon.colcon_core.package_identification:_identify(runs) by extension 'colcon_pkg'
[1.114s] Level 1:colcon.colcon_core.package_identification:_identify(runs) by extensions ['colcon_meta']
[1.114s] Level 1:colcon.colcon_core.package_identification:_identify(runs) by extension 'colcon_meta'
[1.114s] Level 1:colcon.colcon_core.package_identification:_identify(runs) by extensions ['ros']
[1.114s] Level 1:colcon.colcon_core.package_identification:_identify(runs) by extension 'ros'
[1.114s] Level 1:colcon.colcon_core.package_identification:_identify(runs) by extensions ['cmake', 'python']
[1.114s] Level 1:colcon.colcon_core.package_identification:_identify(runs) by extension 'cmake'
[1.114s] Level 1:colcon.colcon_core.package_identification:_identify(runs) by extension 'python'
[1.115s] Level 1:colcon.colcon_core.package_identification:_identify(runs) by extensions ['python_setup_py']
[1.115s] Level 1:colcon.colcon_core.package_identification:_identify(runs) by extension 'python_setup_py'
[1.116s] Level 1:colcon.colcon_core.package_identification:_identify(runs/Jun19_08-44-27_rlcontrolJayNetv1.0) by extensions ['ignore', 'ignore_ament_install']
[1.116s] Level 1:colcon.colcon_core.package_identification:_identify(runs/Jun19_08-44-27_rlcontrolJayNetv1.0) by extension 'ignore'
[1.116s] Level 1:colcon.colcon_core.package_identification:_identify(runs/Jun19_08-44-27_rlcontrolJayNetv1.0) by extension 'ignore_ament_install'
[1.116s] Level 1:colcon.colcon_core.package_identification:_identify(runs/Jun19_08-44-27_rlcontrolJayNetv1.0) by extensions ['colcon_pkg']
[1.116s] Level 1:colcon.colcon_core.package_identification:_identify(runs/Jun19_08-44-27_rlcontrolJayNetv1.0) by extension 'colcon_pkg'
[1.116s] Level 1:colcon.colcon_core.package_identification:_identify(runs/Jun19_08-44-27_rlcontrolJayNetv1.0) by extensions ['colcon_meta']
[1.116s] Level 1:colcon.colcon_core.package_identification:_identify(runs/Jun19_08-44-27_rlcontrolJayNetv1.0) by extension 'colcon_meta'
[1.116s] Level 1:colcon.colcon_core.package_identification:_identify(runs/Jun19_08-44-27_rlcontrolJayNetv1.0) by extensions ['ros']
[1.116s] Level 1:colcon.colcon_core.package_identification:_identify(runs/Jun19_08-44-27_rlcontrolJayNetv1.0) by extension 'ros'
[1.116s] Level 1:colcon.colcon_core.package_identification:_identify(runs/Jun19_08-44-27_rlcontrolJayNetv1.0) by extensions ['cmake', 'python']
[1.116s] Level 1:colcon.colcon_core.package_identification:_identify(runs/Jun19_08-44-27_rlcontrolJayNetv1.0) by extension 'cmake'
[1.117s] Level 1:colcon.colcon_core.package_identification:_identify(runs/Jun19_08-44-27_rlcontrolJayNetv1.0) by extension 'python'
[1.117s] Level 1:colcon.colcon_core.package_identification:_identify(runs/Jun19_08-44-27_rlcontrolJayNetv1.0) by extensions ['python_setup_py']
[1.117s] Level 1:colcon.colcon_core.package_identification:_identify(runs/Jun19_08-44-27_rlcontrolJayNetv1.0) by extension 'python_setup_py'
[1.117s] Level 1:colcon.colcon_core.package_identification:_identify(runs/Jun19_08-47-06_rlcontrolJayNetv1.0) by extensions ['ignore', 'ignore_ament_install']
[1.117s] Level 1:colcon.colcon_core.package_identification:_identify(runs/Jun19_08-47-06_rlcontrolJayNetv1.0) by extension 'ignore'
[1.117s] Level 1:colcon.colcon_core.package_identification:_identify(runs/Jun19_08-47-06_rlcontrolJayNetv1.0) by extension 'ignore_ament_install'
[1.117s] Level 1:colcon.colcon_core.package_identification:_identify(runs/Jun19_08-47-06_rlcontrolJayNetv1.0) by extensions ['colcon_pkg']
[1.118s] Level 1:colcon.colcon_core.package_identification:_identify(runs/Jun19_08-47-06_rlcontrolJayNetv1.0) by extension 'colcon_pkg'
[1.118s] Level 1:colcon.colcon_core.package_identification:_identify(runs/Jun19_08-47-06_rlcontrolJayNetv1.0) by extensions ['colcon_meta']
[1.118s] Level 1:colcon.colcon_core.package_identification:_identify(runs/Jun19_08-47-06_rlcontrolJayNetv1.0) by extension 'colcon_meta'
[1.118s] Level 1:colcon.colcon_core.package_identification:_identify(runs/Jun19_08-47-06_rlcontrolJayNetv1.0) by extensions ['ros']
[1.118s] Level 1:colcon.colcon_core.package_identification:_identify(runs/Jun19_08-47-06_rlcontrolJayNetv1.0) by extension 'ros'
[1.118s] Level 1:colcon.colcon_core.package_identification:_identify(runs/Jun19_08-47-06_rlcontrolJayNetv1.0) by extensions ['cmake', 'python']
[1.118s] Level 1:colcon.colcon_core.package_identification:_identify(runs/Jun19_08-47-06_rlcontrolJayNetv1.0) by extension 'cmake'
[1.118s] Level 1:colcon.colcon_core.package_identification:_identify(runs/Jun19_08-47-06_rlcontrolJayNetv1.0) by extension 'python'
[1.118s] Level 1:colcon.colcon_core.package_identification:_identify(runs/Jun19_08-47-06_rlcontrolJayNetv1.0) by extensions ['python_setup_py']
[1.118s] Level 1:colcon.colcon_core.package_identification:_identify(runs/Jun19_08-47-06_rlcontrolJayNetv1.0) by extension 'python_setup_py'
[1.119s] Level 1:colcon.colcon_core.package_identification:_identify(runs/Jun19_08-47-47_rlcontrolJayNetv1.0) by extensions ['ignore', 'ignore_ament_install']
[1.119s] Level 1:colcon.colcon_core.package_identification:_identify(runs/Jun19_08-47-47_rlcontrolJayNetv1.0) by extension 'ignore'
[1.119s] Level 1:colcon.colcon_core.package_identification:_identify(runs/Jun19_08-47-47_rlcontrolJayNetv1.0) by extension 'ignore_ament_install'
[1.120s] Level 1:colcon.colcon_core.package_identification:_identify(runs/Jun19_08-47-47_rlcontrolJayNetv1.0) by extensions ['colcon_pkg']
[1.120s] Level 1:colcon.colcon_core.package_identification:_identify(runs/Jun19_08-47-47_rlcontrolJayNetv1.0) by extension 'colcon_pkg'
[1.120s] Level 1:colcon.colcon_core.package_identification:_identify(runs/Jun19_08-47-47_rlcontrolJayNetv1.0) by extensions ['colcon_meta']
[1.120s] Level 1:colcon.colcon_core.package_identification:_identify(runs/Jun19_08-47-47_rlcontrolJayNetv1.0) by extension 'colcon_meta'
[1.120s] Level 1:colcon.colcon_core.package_identification:_identify(runs/Jun19_08-47-47_rlcontrolJayNetv1.0) by extensions ['ros']
[1.120s] Level 1:colcon.colcon_core.package_identification:_identify(runs/Jun19_08-47-47_rlcontrolJayNetv1.0) by extension 'ros'
[1.120s] Level 1:colcon.colcon_core.package_identification:_identify(runs/Jun19_08-47-47_rlcontrolJayNetv1.0) by extensions ['cmake', 'python']
[1.120s] Level 1:colcon.colcon_core.package_identification:_identify(runs/Jun19_08-47-47_rlcontrolJayNetv1.0) by extension 'cmake'
[1.120s] Level 1:colcon.colcon_core.package_identification:_identify(runs/Jun19_08-47-47_rlcontrolJayNetv1.0) by extension 'python'
[1.120s] Level 1:colcon.colcon_core.package_identification:_identify(runs/Jun19_08-47-47_rlcontrolJayNetv1.0) by extensions ['python_setup_py']
[1.120s] Level 1:colcon.colcon_core.package_identification:_identify(runs/Jun19_08-47-47_rlcontrolJayNetv1.0) by extension 'python_setup_py'
[1.121s] Level 1:colcon.colcon_core.package_identification:_identify(runs/Jun19_08-51-31_rlcontrolJayNetv1.0) by extensions ['ignore', 'ignore_ament_install']
[1.121s] Level 1:colcon.colcon_core.package_identification:_identify(runs/Jun19_08-51-31_rlcontrolJayNetv1.0) by extension 'ignore'
[1.121s] Level 1:colcon.colcon_core.package_identification:_identify(runs/Jun19_08-51-31_rlcontrolJayNetv1.0) by extension 'ignore_ament_install'
[1.121s] Level 1:colcon.colcon_core.package_identification:_identify(runs/Jun19_08-51-31_rlcontrolJayNetv1.0) by extensions ['colcon_pkg']
[1.121s] Level 1:colcon.colcon_core.package_identification:_identify(runs/Jun19_08-51-31_rlcontrolJayNetv1.0) by extension 'colcon_pkg'
[1.121s] Level 1:colcon.colcon_core.package_identification:_identify(runs/Jun19_08-51-31_rlcontrolJayNetv1.0) by extensions ['colcon_meta']
[1.121s] Level 1:colcon.colcon_core.package_identification:_identify(runs/Jun19_08-51-31_rlcontrolJayNetv1.0) by extension 'colcon_meta'
[1.121s] Level 1:colcon.colcon_core.package_identification:_identify(runs/Jun19_08-51-31_rlcontrolJayNetv1.0) by extensions ['ros']
[1.121s] Level 1:colcon.colcon_core.package_identification:_identify(runs/Jun19_08-51-31_rlcontrolJayNetv1.0) by extension 'ros'
[1.121s] Level 1:colcon.colcon_core.package_identification:_identify(runs/Jun19_08-51-31_rlcontrolJayNetv1.0) by extensions ['cmake', 'python']
[1.122s] Level 1:colcon.colcon_core.package_identification:_identify(runs/Jun19_08-51-31_rlcontrolJayNetv1.0) by extension 'cmake'
[1.122s] Level 1:colcon.colcon_core.package_identification:_identify(runs/Jun19_08-51-31_rlcontrolJayNetv1.0) by extension 'python'
[1.122s] Level 1:colcon.colcon_core.package_identification:_identify(runs/Jun19_08-51-31_rlcontrolJayNetv1.0) by extensions ['python_setup_py']
[1.122s] Level 1:colcon.colcon_core.package_identification:_identify(runs/Jun19_08-51-31_rlcontrolJayNetv1.0) by extension 'python_setup_py'
[1.122s] Level 1:colcon.colcon_core.package_identification:_identify(runs/Jun19_08-54-24_rlcontrolJayNetv1.0) by extensions ['ignore', 'ignore_ament_install']
[1.122s] Level 1:colcon.colcon_core.package_identification:_identify(runs/Jun19_08-54-24_rlcontrolJayNetv1.0) by extension 'ignore'
[1.122s] Level 1:colcon.colcon_core.package_identification:_identify(runs/Jun19_08-54-24_rlcontrolJayNetv1.0) by extension 'ignore_ament_install'
[1.123s] Level 1:colcon.colcon_core.package_identification:_identify(runs/Jun19_08-54-24_rlcontrolJayNetv1.0) by extensions ['colcon_pkg']
[1.123s] Level 1:colcon.colcon_core.package_identification:_identify(runs/Jun19_08-54-24_rlcontrolJayNetv1.0) by extension 'colcon_pkg'
[1.123s] Level 1:colcon.colcon_core.package_identification:_identify(runs/Jun19_08-54-24_rlcontrolJayNetv1.0) by extensions ['colcon_meta']
[1.123s] Level 1:colcon.colcon_core.package_identification:_identify(runs/Jun19_08-54-24_rlcontrolJayNetv1.0) by extension 'colcon_meta'
[1.123s] Level 1:colcon.colcon_core.package_identification:_identify(runs/Jun19_08-54-24_rlcontrolJayNetv1.0) by extensions ['ros']
[1.123s] Level 1:colcon.colcon_core.package_identification:_identify(runs/Jun19_08-54-24_rlcontrolJayNetv1.0) by extension 'ros'
[1.123s] Level 1:colcon.colcon_core.package_identification:_identify(runs/Jun19_08-54-24_rlcontrolJayNetv1.0) by extensions ['cmake', 'python']
[1.123s] Level 1:colcon.colcon_core.package_identification:_identify(runs/Jun19_08-54-24_rlcontrolJayNetv1.0) by extension 'cmake'
[1.123s] Level 1:colcon.colcon_core.package_identification:_identify(runs/Jun19_08-54-24_rlcontrolJayNetv1.0) by extension 'python'
[1.123s] Level 1:colcon.colcon_core.package_identification:_identify(runs/Jun19_08-54-24_rlcontrolJayNetv1.0) by extensions ['python_setup_py']
[1.123s] Level 1:colcon.colcon_core.package_identification:_identify(runs/Jun19_08-54-24_rlcontrolJayNetv1.0) by extension 'python_setup_py'
[1.124s] Level 1:colcon.colcon_core.package_identification:_identify(runs/Jun19_08-55-34_rlcontrolJayNetv1.0) by extensions ['ignore', 'ignore_ament_install']
[1.124s] Level 1:colcon.colcon_core.package_identification:_identify(runs/Jun19_08-55-34_rlcontrolJayNetv1.0) by extension 'ignore'
[1.124s] Level 1:colcon.colcon_core.package_identification:_identify(runs/Jun19_08-55-34_rlcontrolJayNetv1.0) by extension 'ignore_ament_install'
[1.124s] Level 1:colcon.colcon_core.package_identification:_identify(runs/Jun19_08-55-34_rlcontrolJayNetv1.0) by extensions ['colcon_pkg']
[1.124s] Level 1:colcon.colcon_core.package_identification:_identify(runs/Jun19_08-55-34_rlcontrolJayNetv1.0) by extension 'colcon_pkg'
[1.124s] Level 1:colcon.colcon_core.package_identification:_identify(runs/Jun19_08-55-34_rlcontrolJayNetv1.0) by extensions ['colcon_meta']
[1.124s] Level 1:colcon.colcon_core.package_identification:_identify(runs/Jun19_08-55-34_rlcontrolJayNetv1.0) by extension 'colcon_meta'
[1.124s] Level 1:colcon.colcon_core.package_identification:_identify(runs/Jun19_08-55-34_rlcontrolJayNetv1.0) by extensions ['ros']
[1.124s] Level 1:colcon.colcon_core.package_identification:_identify(runs/Jun19_08-55-34_rlcontrolJayNetv1.0) by extension 'ros'
[1.124s] Level 1:colcon.colcon_core.package_identification:_identify(runs/Jun19_08-55-34_rlcontrolJayNetv1.0) by extensions ['cmake', 'python']
[1.124s] Level 1:colcon.colcon_core.package_identification:_identify(runs/Jun19_08-55-34_rlcontrolJayNetv1.0) by extension 'cmake'
[1.125s] Level 1:colcon.colcon_core.package_identification:_identify(runs/Jun19_08-55-34_rlcontrolJayNetv1.0) by extension 'python'
[1.125s] Level 1:colcon.colcon_core.package_identification:_identify(runs/Jun19_08-55-34_rlcontrolJayNetv1.0) by extensions ['python_setup_py']
[1.125s] Level 1:colcon.colcon_core.package_identification:_identify(runs/Jun19_08-55-34_rlcontrolJayNetv1.0) by extension 'python_setup_py'
[1.125s] Level 1:colcon.colcon_core.package_identification:_identify(runs/Jun19_08-56-10_rlcontrolJayNetv1.0) by extensions ['ignore', 'ignore_ament_install']
[1.125s] Level 1:colcon.colcon_core.package_identification:_identify(runs/Jun19_08-56-10_rlcontrolJayNetv1.0) by extension 'ignore'
[1.125s] Level 1:colcon.colcon_core.package_identification:_identify(runs/Jun19_08-56-10_rlcontrolJayNetv1.0) by extension 'ignore_ament_install'
[1.125s] Level 1:colcon.colcon_core.package_identification:_identify(runs/Jun19_08-56-10_rlcontrolJayNetv1.0) by extensions ['colcon_pkg']
[1.125s] Level 1:colcon.colcon_core.package_identification:_identify(runs/Jun19_08-56-10_rlcontrolJayNetv1.0) by extension 'colcon_pkg'
[1.126s] Level 1:colcon.colcon_core.package_identification:_identify(runs/Jun19_08-56-10_rlcontrolJayNetv1.0) by extensions ['colcon_meta']
[1.126s] Level 1:colcon.colcon_core.package_identification:_identify(runs/Jun19_08-56-10_rlcontrolJayNetv1.0) by extension 'colcon_meta'
[1.126s] Level 1:colcon.colcon_core.package_identification:_identify(runs/Jun19_08-56-10_rlcontrolJayNetv1.0) by extensions ['ros']
[1.126s] Level 1:colcon.colcon_core.package_identification:_identify(runs/Jun19_08-56-10_rlcontrolJayNetv1.0) by extension 'ros'
[1.126s] Level 1:colcon.colcon_core.package_identification:_identify(runs/Jun19_08-56-10_rlcontrolJayNetv1.0) by extensions ['cmake', 'python']
[1.126s] Level 1:colcon.colcon_core.package_identification:_identify(runs/Jun19_08-56-10_rlcontrolJayNetv1.0) by extension 'cmake'
[1.126s] Level 1:colcon.colcon_core.package_identification:_identify(runs/Jun19_08-56-10_rlcontrolJayNetv1.0) by extension 'python'
[1.126s] Level 1:colcon.colcon_core.package_identification:_identify(runs/Jun19_08-56-10_rlcontrolJayNetv1.0) by extensions ['python_setup_py']
[1.126s] Level 1:colcon.colcon_core.package_identification:_identify(runs/Jun19_08-56-10_rlcontrolJayNetv1.0) by extension 'python_setup_py'
[1.127s] Level 1:colcon.colcon_core.package_identification:_identify(runs/Jun19_09-18-29_rlcontrolJayNetv1.0) by extensions ['ignore', 'ignore_ament_install']
[1.127s] Level 1:colcon.colcon_core.package_identification:_identify(runs/Jun19_09-18-29_rlcontrolJayNetv1.0) by extension 'ignore'
[1.127s] Level 1:colcon.colcon_core.package_identification:_identify(runs/Jun19_09-18-29_rlcontrolJayNetv1.0) by extension 'ignore_ament_install'
[1.127s] Level 1:colcon.colcon_core.package_identification:_identify(runs/Jun19_09-18-29_rlcontrolJayNetv1.0) by extensions ['colcon_pkg']
[1.127s] Level 1:colcon.colcon_core.package_identification:_identify(runs/Jun19_09-18-29_rlcontrolJayNetv1.0) by extension 'colcon_pkg'
[1.127s] Level 1:colcon.colcon_core.package_identification:_identify(runs/Jun19_09-18-29_rlcontrolJayNetv1.0) by extensions ['colcon_meta']
[1.127s] Level 1:colcon.colcon_core.package_identification:_identify(runs/Jun19_09-18-29_rlcontrolJayNetv1.0) by extension 'colcon_meta'
[1.128s] Level 1:colcon.colcon_core.package_identification:_identify(runs/Jun19_09-18-29_rlcontrolJayNetv1.0) by extensions ['ros']
[1.128s] Level 1:colcon.colcon_core.package_identification:_identify(runs/Jun19_09-18-29_rlcontrolJayNetv1.0) by extension 'ros'
[1.128s] Level 1:colcon.colcon_core.package_identification:_identify(runs/Jun19_09-18-29_rlcontrolJayNetv1.0) by extensions ['cmake', 'python']
[1.128s] Level 1:colcon.colcon_core.package_identification:_identify(runs/Jun19_09-18-29_rlcontrolJayNetv1.0) by extension 'cmake'
[1.128s] Level 1:colcon.colcon_core.package_identification:_identify(runs/Jun19_09-18-29_rlcontrolJayNetv1.0) by extension 'python'
[1.128s] Level 1:colcon.colcon_core.package_identification:_identify(runs/Jun19_09-18-29_rlcontrolJayNetv1.0) by extensions ['python_setup_py']
[1.128s] Level 1:colcon.colcon_core.package_identification:_identify(runs/Jun19_09-18-29_rlcontrolJayNetv1.0) by extension 'python_setup_py'
[1.129s] Level 1:colcon.colcon_core.package_identification:_identify(runs/Jun19_09-20-31_rlcontrolJayNetv1.0) by extensions ['ignore', 'ignore_ament_install']
[1.129s] Level 1:colcon.colcon_core.package_identification:_identify(runs/Jun19_09-20-31_rlcontrolJayNetv1.0) by extension 'ignore'
[1.129s] Level 1:colcon.colcon_core.package_identification:_identify(runs/Jun19_09-20-31_rlcontrolJayNetv1.0) by extension 'ignore_ament_install'
[1.129s] Level 1:colcon.colcon_core.package_identification:_identify(runs/Jun19_09-20-31_rlcontrolJayNetv1.0) by extensions ['colcon_pkg']
[1.129s] Level 1:colcon.colcon_core.package_identification:_identify(runs/Jun19_09-20-31_rlcontrolJayNetv1.0) by extension 'colcon_pkg'
[1.129s] Level 1:colcon.colcon_core.package_identification:_identify(runs/Jun19_09-20-31_rlcontrolJayNetv1.0) by extensions ['colcon_meta']
[1.129s] Level 1:colcon.colcon_core.package_identification:_identify(runs/Jun19_09-20-31_rlcontrolJayNetv1.0) by extension 'colcon_meta'
[1.129s] Level 1:colcon.colcon_core.package_identification:_identify(runs/Jun19_09-20-31_rlcontrolJayNetv1.0) by extensions ['ros']
[1.129s] Level 1:colcon.colcon_core.package_identification:_identify(runs/Jun19_09-20-31_rlcontrolJayNetv1.0) by extension 'ros'
[1.129s] Level 1:colcon.colcon_core.package_identification:_identify(runs/Jun19_09-20-31_rlcontrolJayNetv1.0) by extensions ['cmake', 'python']
[1.129s] Level 1:colcon.colcon_core.package_identification:_identify(runs/Jun19_09-20-31_rlcontrolJayNetv1.0) by extension 'cmake'
[1.130s] Level 1:colcon.colcon_core.package_identification:_identify(runs/Jun19_09-20-31_rlcontrolJayNetv1.0) by extension 'python'
[1.130s] Level 1:colcon.colcon_core.package_identification:_identify(runs/Jun19_09-20-31_rlcontrolJayNetv1.0) by extensions ['python_setup_py']
[1.130s] Level 1:colcon.colcon_core.package_identification:_identify(runs/Jun19_09-20-31_rlcontrolJayNetv1.0) by extension 'python_setup_py'
[1.130s] Level 1:colcon.colcon_core.package_identification:_identify(runs/Jun19_09-25-23_rlcontrolJayNetv1.0) by extensions ['ignore', 'ignore_ament_install']
[1.130s] Level 1:colcon.colcon_core.package_identification:_identify(runs/Jun19_09-25-23_rlcontrolJayNetv1.0) by extension 'ignore'
[1.130s] Level 1:colcon.colcon_core.package_identification:_identify(runs/Jun19_09-25-23_rlcontrolJayNetv1.0) by extension 'ignore_ament_install'
[1.131s] Level 1:colcon.colcon_core.package_identification:_identify(runs/Jun19_09-25-23_rlcontrolJayNetv1.0) by extensions ['colcon_pkg']
[1.131s] Level 1:colcon.colcon_core.package_identification:_identify(runs/Jun19_09-25-23_rlcontrolJayNetv1.0) by extension 'colcon_pkg'
[1.131s] Level 1:colcon.colcon_core.package_identification:_identify(runs/Jun19_09-25-23_rlcontrolJayNetv1.0) by extensions ['colcon_meta']
[1.131s] Level 1:colcon.colcon_core.package_identification:_identify(runs/Jun19_09-25-23_rlcontrolJayNetv1.0) by extension 'colcon_meta'
[1.131s] Level 1:colcon.colcon_core.package_identification:_identify(runs/Jun19_09-25-23_rlcontrolJayNetv1.0) by extensions ['ros']
[1.131s] Level 1:colcon.colcon_core.package_identification:_identify(runs/Jun19_09-25-23_rlcontrolJayNetv1.0) by extension 'ros'
[1.131s] Level 1:colcon.colcon_core.package_identification:_identify(runs/Jun19_09-25-23_rlcontrolJayNetv1.0) by extensions ['cmake', 'python']
[1.131s] Level 1:colcon.colcon_core.package_identification:_identify(runs/Jun19_09-25-23_rlcontrolJayNetv1.0) by extension 'cmake'
[1.131s] Level 1:colcon.colcon_core.package_identification:_identify(runs/Jun19_09-25-23_rlcontrolJayNetv1.0) by extension 'python'
[1.131s] Level 1:colcon.colcon_core.package_identification:_identify(runs/Jun19_09-25-23_rlcontrolJayNetv1.0) by extensions ['python_setup_py']
[1.131s] Level 1:colcon.colcon_core.package_identification:_identify(runs/Jun19_09-25-23_rlcontrolJayNetv1.0) by extension 'python_setup_py'
[1.132s] Level 1:colcon.colcon_core.package_identification:_identify(runs/Jun19_09-37-03_rlcontrolJayNetv1.0) by extensions ['ignore', 'ignore_ament_install']
[1.132s] Level 1:colcon.colcon_core.package_identification:_identify(runs/Jun19_09-37-03_rlcontrolJayNetv1.0) by extension 'ignore'
[1.132s] Level 1:colcon.colcon_core.package_identification:_identify(runs/Jun19_09-37-03_rlcontrolJayNetv1.0) by extension 'ignore_ament_install'
[1.132s] Level 1:colcon.colcon_core.package_identification:_identify(runs/Jun19_09-37-03_rlcontrolJayNetv1.0) by extensions ['colcon_pkg']
[1.132s] Level 1:colcon.colcon_core.package_identification:_identify(runs/Jun19_09-37-03_rlcontrolJayNetv1.0) by extension 'colcon_pkg'
[1.132s] Level 1:colcon.colcon_core.package_identification:_identify(runs/Jun19_09-37-03_rlcontrolJayNetv1.0) by extensions ['colcon_meta']
[1.132s] Level 1:colcon.colcon_core.package_identification:_identify(runs/Jun19_09-37-03_rlcontrolJayNetv1.0) by extension 'colcon_meta'
[1.132s] Level 1:colcon.colcon_core.package_identification:_identify(runs/Jun19_09-37-03_rlcontrolJayNetv1.0) by extensions ['ros']
[1.132s] Level 1:colcon.colcon_core.package_identification:_identify(runs/Jun19_09-37-03_rlcontrolJayNetv1.0) by extension 'ros'
[1.133s] Level 1:colcon.colcon_core.package_identification:_identify(runs/Jun19_09-37-03_rlcontrolJayNetv1.0) by extensions ['cmake', 'python']
[1.133s] Level 1:colcon.colcon_core.package_identification:_identify(runs/Jun19_09-37-03_rlcontrolJayNetv1.0) by extension 'cmake'
[1.133s] Level 1:colcon.colcon_core.package_identification:_identify(runs/Jun19_09-37-03_rlcontrolJayNetv1.0) by extension 'python'
[1.133s] Level 1:colcon.colcon_core.package_identification:_identify(runs/Jun19_09-37-03_rlcontrolJayNetv1.0) by extensions ['python_setup_py']
[1.133s] Level 1:colcon.colcon_core.package_identification:_identify(runs/Jun19_09-37-03_rlcontrolJayNetv1.0) by extension 'python_setup_py'
[1.133s] Level 1:colcon.colcon_core.package_identification:_identify(runs/Jun19_09-39-58_rlcontrolJayNetv1.0) by extensions ['ignore', 'ignore_ament_install']
[1.133s] Level 1:colcon.colcon_core.package_identification:_identify(runs/Jun19_09-39-58_rlcontrolJayNetv1.0) by extension 'ignore'
[1.134s] Level 1:colcon.colcon_core.package_identification:_identify(runs/Jun19_09-39-58_rlcontrolJayNetv1.0) by extension 'ignore_ament_install'
[1.134s] Level 1:colcon.colcon_core.package_identification:_identify(runs/Jun19_09-39-58_rlcontrolJayNetv1.0) by extensions ['colcon_pkg']
[1.134s] Level 1:colcon.colcon_core.package_identification:_identify(runs/Jun19_09-39-58_rlcontrolJayNetv1.0) by extension 'colcon_pkg'
[1.134s] Level 1:colcon.colcon_core.package_identification:_identify(runs/Jun19_09-39-58_rlcontrolJayNetv1.0) by extensions ['colcon_meta']
[1.134s] Level 1:colcon.colcon_core.package_identification:_identify(runs/Jun19_09-39-58_rlcontrolJayNetv1.0) by extension 'colcon_meta'
[1.134s] Level 1:colcon.colcon_core.package_identification:_identify(runs/Jun19_09-39-58_rlcontrolJayNetv1.0) by extensions ['ros']
[1.134s] Level 1:colcon.colcon_core.package_identification:_identify(runs/Jun19_09-39-58_rlcontrolJayNetv1.0) by extension 'ros'
[1.134s] Level 1:colcon.colcon_core.package_identification:_identify(runs/Jun19_09-39-58_rlcontrolJayNetv1.0) by extensions ['cmake', 'python']
[1.134s] Level 1:colcon.colcon_core.package_identification:_identify(runs/Jun19_09-39-58_rlcontrolJayNetv1.0) by extension 'cmake'
[1.134s] Level 1:colcon.colcon_core.package_identification:_identify(runs/Jun19_09-39-58_rlcontrolJayNetv1.0) by extension 'python'
[1.134s] Level 1:colcon.colcon_core.package_identification:_identify(runs/Jun19_09-39-58_rlcontrolJayNetv1.0) by extensions ['python_setup_py']
[1.134s] Level 1:colcon.colcon_core.package_identification:_identify(runs/Jun19_09-39-58_rlcontrolJayNetv1.0) by extension 'python_setup_py'
[1.135s] Level 1:colcon.colcon_core.package_identification:_identify(runs/Jun19_13-16-15_rlcontrolJayNetv1.0) by extensions ['ignore', 'ignore_ament_install']
[1.135s] Level 1:colcon.colcon_core.package_identification:_identify(runs/Jun19_13-16-15_rlcontrolJayNetv1.0) by extension 'ignore'
[1.135s] Level 1:colcon.colcon_core.package_identification:_identify(runs/Jun19_13-16-15_rlcontrolJayNetv1.0) by extension 'ignore_ament_install'
[1.135s] Level 1:colcon.colcon_core.package_identification:_identify(runs/Jun19_13-16-15_rlcontrolJayNetv1.0) by extensions ['colcon_pkg']
[1.135s] Level 1:colcon.colcon_core.package_identification:_identify(runs/Jun19_13-16-15_rlcontrolJayNetv1.0) by extension 'colcon_pkg'
[1.135s] Level 1:colcon.colcon_core.package_identification:_identify(runs/Jun19_13-16-15_rlcontrolJayNetv1.0) by extensions ['colcon_meta']
[1.135s] Level 1:colcon.colcon_core.package_identification:_identify(runs/Jun19_13-16-15_rlcontrolJayNetv1.0) by extension 'colcon_meta'
[1.136s] Level 1:colcon.colcon_core.package_identification:_identify(runs/Jun19_13-16-15_rlcontrolJayNetv1.0) by extensions ['ros']
[1.136s] Level 1:colcon.colcon_core.package_identification:_identify(runs/Jun19_13-16-15_rlcontrolJayNetv1.0) by extension 'ros'
[1.136s] Level 1:colcon.colcon_core.package_identification:_identify(runs/Jun19_13-16-15_rlcontrolJayNetv1.0) by extensions ['cmake', 'python']
[1.136s] Level 1:colcon.colcon_core.package_identification:_identify(runs/Jun19_13-16-15_rlcontrolJayNetv1.0) by extension 'cmake'
[1.136s] Level 1:colcon.colcon_core.package_identification:_identify(runs/Jun19_13-16-15_rlcontrolJayNetv1.0) by extension 'python'
[1.136s] Level 1:colcon.colcon_core.package_identification:_identify(runs/Jun19_13-16-15_rlcontrolJayNetv1.0) by extensions ['python_setup_py']
[1.136s] Level 1:colcon.colcon_core.package_identification:_identify(runs/Jun19_13-16-15_rlcontrolJayNetv1.0) by extension 'python_setup_py'
[1.137s] Level 1:colcon.colcon_core.package_identification:_identify(runs/Jun19_13-36-17_rlcontrolJayNetv1.0) by extensions ['ignore', 'ignore_ament_install']
[1.137s] Level 1:colcon.colcon_core.package_identification:_identify(runs/Jun19_13-36-17_rlcontrolJayNetv1.0) by extension 'ignore'
[1.137s] Level 1:colcon.colcon_core.package_identification:_identify(runs/Jun19_13-36-17_rlcontrolJayNetv1.0) by extension 'ignore_ament_install'
[1.137s] Level 1:colcon.colcon_core.package_identification:_identify(runs/Jun19_13-36-17_rlcontrolJayNetv1.0) by extensions ['colcon_pkg']
[1.137s] Level 1:colcon.colcon_core.package_identification:_identify(runs/Jun19_13-36-17_rlcontrolJayNetv1.0) by extension 'colcon_pkg'
[1.137s] Level 1:colcon.colcon_core.package_identification:_identify(runs/Jun19_13-36-17_rlcontrolJayNetv1.0) by extensions ['colcon_meta']
[1.137s] Level 1:colcon.colcon_core.package_identification:_identify(runs/Jun19_13-36-17_rlcontrolJayNetv1.0) by extension 'colcon_meta'
[1.137s] Level 1:colcon.colcon_core.package_identification:_identify(runs/Jun19_13-36-17_rlcontrolJayNetv1.0) by extensions ['ros']
[1.137s] Level 1:colcon.colcon_core.package_identification:_identify(runs/Jun19_13-36-17_rlcontrolJayNetv1.0) by extension 'ros'
[1.137s] Level 1:colcon.colcon_core.package_identification:_identify(runs/Jun19_13-36-17_rlcontrolJayNetv1.0) by extensions ['cmake', 'python']
[1.137s] Level 1:colcon.colcon_core.package_identification:_identify(runs/Jun19_13-36-17_rlcontrolJayNetv1.0) by extension 'cmake'
[1.138s] Level 1:colcon.colcon_core.package_identification:_identify(runs/Jun19_13-36-17_rlcontrolJayNetv1.0) by extension 'python'
[1.138s] Level 1:colcon.colcon_core.package_identification:_identify(runs/Jun19_13-36-17_rlcontrolJayNetv1.0) by extensions ['python_setup_py']
[1.138s] Level 1:colcon.colcon_core.package_identification:_identify(runs/Jun19_13-36-17_rlcontrolJayNetv1.0) by extension 'python_setup_py'
[1.138s] Level 1:colcon.colcon_core.package_identification:_identify(runs/Jun19_13-38-46_rlcontrolJayNetv1.0) by extensions ['ignore', 'ignore_ament_install']
[1.139s] Level 1:colcon.colcon_core.package_identification:_identify(runs/Jun19_13-38-46_rlcontrolJayNetv1.0) by extension 'ignore'
[1.139s] Level 1:colcon.colcon_core.package_identification:_identify(runs/Jun19_13-38-46_rlcontrolJayNetv1.0) by extension 'ignore_ament_install'
[1.139s] Level 1:colcon.colcon_core.package_identification:_identify(runs/Jun19_13-38-46_rlcontrolJayNetv1.0) by extensions ['colcon_pkg']
[1.139s] Level 1:colcon.colcon_core.package_identification:_identify(runs/Jun19_13-38-46_rlcontrolJayNetv1.0) by extension 'colcon_pkg'
[1.139s] Level 1:colcon.colcon_core.package_identification:_identify(runs/Jun19_13-38-46_rlcontrolJayNetv1.0) by extensions ['colcon_meta']
[1.139s] Level 1:colcon.colcon_core.package_identification:_identify(runs/Jun19_13-38-46_rlcontrolJayNetv1.0) by extension 'colcon_meta'
[1.139s] Level 1:colcon.colcon_core.package_identification:_identify(runs/Jun19_13-38-46_rlcontrolJayNetv1.0) by extensions ['ros']
[1.139s] Level 1:colcon.colcon_core.package_identification:_identify(runs/Jun19_13-38-46_rlcontrolJayNetv1.0) by extension 'ros'
[1.139s] Level 1:colcon.colcon_core.package_identification:_identify(runs/Jun19_13-38-46_rlcontrolJayNetv1.0) by extensions ['cmake', 'python']
[1.139s] Level 1:colcon.colcon_core.package_identification:_identify(runs/Jun19_13-38-46_rlcontrolJayNetv1.0) by extension 'cmake'
[1.139s] Level 1:colcon.colcon_core.package_identification:_identify(runs/Jun19_13-38-46_rlcontrolJayNetv1.0) by extension 'python'
[1.139s] Level 1:colcon.colcon_core.package_identification:_identify(runs/Jun19_13-38-46_rlcontrolJayNetv1.0) by extensions ['python_setup_py']
[1.139s] Level 1:colcon.colcon_core.package_identification:_identify(runs/Jun19_13-38-46_rlcontrolJayNetv1.0) by extension 'python_setup_py'
[1.140s] Level 1:colcon.colcon_core.package_identification:_identify(runs/Jun19_13-39-24_rlcontrolJayNetv1.0) by extensions ['ignore', 'ignore_ament_install']
[1.140s] Level 1:colcon.colcon_core.package_identification:_identify(runs/Jun19_13-39-24_rlcontrolJayNetv1.0) by extension 'ignore'
[1.140s] Level 1:colcon.colcon_core.package_identification:_identify(runs/Jun19_13-39-24_rlcontrolJayNetv1.0) by extension 'ignore_ament_install'
[1.140s] Level 1:colcon.colcon_core.package_identification:_identify(runs/Jun19_13-39-24_rlcontrolJayNetv1.0) by extensions ['colcon_pkg']
[1.140s] Level 1:colcon.colcon_core.package_identification:_identify(runs/Jun19_13-39-24_rlcontrolJayNetv1.0) by extension 'colcon_pkg'
[1.140s] Level 1:colcon.colcon_core.package_identification:_identify(runs/Jun19_13-39-24_rlcontrolJayNetv1.0) by extensions ['colcon_meta']
[1.140s] Level 1:colcon.colcon_core.package_identification:_identify(runs/Jun19_13-39-24_rlcontrolJayNetv1.0) by extension 'colcon_meta'
[1.140s] Level 1:colcon.colcon_core.package_identification:_identify(runs/Jun19_13-39-24_rlcontrolJayNetv1.0) by extensions ['ros']
[1.140s] Level 1:colcon.colcon_core.package_identification:_identify(runs/Jun19_13-39-24_rlcontrolJayNetv1.0) by extension 'ros'
[1.141s] Level 1:colcon.colcon_core.package_identification:_identify(runs/Jun19_13-39-24_rlcontrolJayNetv1.0) by extensions ['cmake', 'python']
[1.141s] Level 1:colcon.colcon_core.package_identification:_identify(runs/Jun19_13-39-24_rlcontrolJayNetv1.0) by extension 'cmake'
[1.141s] Level 1:colcon.colcon_core.package_identification:_identify(runs/Jun19_13-39-24_rlcontrolJayNetv1.0) by extension 'python'
[1.141s] Level 1:colcon.colcon_core.package_identification:_identify(runs/Jun19_13-39-24_rlcontrolJayNetv1.0) by extensions ['python_setup_py']
[1.141s] Level 1:colcon.colcon_core.package_identification:_identify(runs/Jun19_13-39-24_rlcontrolJayNetv1.0) by extension 'python_setup_py'
[1.142s] Level 1:colcon.colcon_core.package_identification:_identify(runs/Jun19_17-25-42_rlcontrolJayNetv1.0) by extensions ['ignore', 'ignore_ament_install']
[1.142s] Level 1:colcon.colcon_core.package_identification:_identify(runs/Jun19_17-25-42_rlcontrolJayNetv1.0) by extension 'ignore'
[1.142s] Level 1:colcon.colcon_core.package_identification:_identify(runs/Jun19_17-25-42_rlcontrolJayNetv1.0) by extension 'ignore_ament_install'
[1.142s] Level 1:colcon.colcon_core.package_identification:_identify(runs/Jun19_17-25-42_rlcontrolJayNetv1.0) by extensions ['colcon_pkg']
[1.142s] Level 1:colcon.colcon_core.package_identification:_identify(runs/Jun19_17-25-42_rlcontrolJayNetv1.0) by extension 'colcon_pkg'
[1.142s] Level 1:colcon.colcon_core.package_identification:_identify(runs/Jun19_17-25-42_rlcontrolJayNetv1.0) by extensions ['colcon_meta']
[1.142s] Level 1:colcon.colcon_core.package_identification:_identify(runs/Jun19_17-25-42_rlcontrolJayNetv1.0) by extension 'colcon_meta'
[1.142s] Level 1:colcon.colcon_core.package_identification:_identify(runs/Jun19_17-25-42_rlcontrolJayNetv1.0) by extensions ['ros']
[1.142s] Level 1:colcon.colcon_core.package_identification:_identify(runs/Jun19_17-25-42_rlcontrolJayNetv1.0) by extension 'ros'
[1.142s] Level 1:colcon.colcon_core.package_identification:_identify(runs/Jun19_17-25-42_rlcontrolJayNetv1.0) by extensions ['cmake', 'python']
[1.142s] Level 1:colcon.colcon_core.package_identification:_identify(runs/Jun19_17-25-42_rlcontrolJayNetv1.0) by extension 'cmake'
[1.142s] Level 1:colcon.colcon_core.package_identification:_identify(runs/Jun19_17-25-42_rlcontrolJayNetv1.0) by extension 'python'
[1.142s] Level 1:colcon.colcon_core.package_identification:_identify(runs/Jun19_17-25-42_rlcontrolJayNetv1.0) by extensions ['python_setup_py']
[1.142s] Level 1:colcon.colcon_core.package_identification:_identify(runs/Jun19_17-25-42_rlcontrolJayNetv1.0) by extension 'python_setup_py'
[1.143s] Level 1:colcon.colcon_core.package_identification:_identify(runs/Jun19_17-35-05_rlcontrolJayNetv1.0) by extensions ['ignore', 'ignore_ament_install']
[1.143s] Level 1:colcon.colcon_core.package_identification:_identify(runs/Jun19_17-35-05_rlcontrolJayNetv1.0) by extension 'ignore'
[1.144s] Level 1:colcon.colcon_core.package_identification:_identify(runs/Jun19_17-35-05_rlcontrolJayNetv1.0) by extension 'ignore_ament_install'
[1.144s] Level 1:colcon.colcon_core.package_identification:_identify(runs/Jun19_17-35-05_rlcontrolJayNetv1.0) by extensions ['colcon_pkg']
[1.144s] Level 1:colcon.colcon_core.package_identification:_identify(runs/Jun19_17-35-05_rlcontrolJayNetv1.0) by extension 'colcon_pkg'
[1.144s] Level 1:colcon.colcon_core.package_identification:_identify(runs/Jun19_17-35-05_rlcontrolJayNetv1.0) by extensions ['colcon_meta']
[1.144s] Level 1:colcon.colcon_core.package_identification:_identify(runs/Jun19_17-35-05_rlcontrolJayNetv1.0) by extension 'colcon_meta'
[1.144s] Level 1:colcon.colcon_core.package_identification:_identify(runs/Jun19_17-35-05_rlcontrolJayNetv1.0) by extensions ['ros']
[1.144s] Level 1:colcon.colcon_core.package_identification:_identify(runs/Jun19_17-35-05_rlcontrolJayNetv1.0) by extension 'ros'
[1.144s] Level 1:colcon.colcon_core.package_identification:_identify(runs/Jun19_17-35-05_rlcontrolJayNetv1.0) by extensions ['cmake', 'python']
[1.144s] Level 1:colcon.colcon_core.package_identification:_identify(runs/Jun19_17-35-05_rlcontrolJayNetv1.0) by extension 'cmake'
[1.144s] Level 1:colcon.colcon_core.package_identification:_identify(runs/Jun19_17-35-05_rlcontrolJayNetv1.0) by extension 'python'
[1.144s] Level 1:colcon.colcon_core.package_identification:_identify(runs/Jun19_17-35-05_rlcontrolJayNetv1.0) by extensions ['python_setup_py']
[1.144s] Level 1:colcon.colcon_core.package_identification:_identify(runs/Jun19_17-35-05_rlcontrolJayNetv1.0) by extension 'python_setup_py'
[1.145s] Level 1:colcon.colcon_core.package_identification:_identify(runs/Jun19_17-35-34_rlcontrolJayNetv1.0) by extensions ['ignore', 'ignore_ament_install']
[1.145s] Level 1:colcon.colcon_core.package_identification:_identify(runs/Jun19_17-35-34_rlcontrolJayNetv1.0) by extension 'ignore'
[1.145s] Level 1:colcon.colcon_core.package_identification:_identify(runs/Jun19_17-35-34_rlcontrolJayNetv1.0) by extension 'ignore_ament_install'
[1.145s] Level 1:colcon.colcon_core.package_identification:_identify(runs/Jun19_17-35-34_rlcontrolJayNetv1.0) by extensions ['colcon_pkg']
[1.145s] Level 1:colcon.colcon_core.package_identification:_identify(runs/Jun19_17-35-34_rlcontrolJayNetv1.0) by extension 'colcon_pkg'
[1.145s] Level 1:colcon.colcon_core.package_identification:_identify(runs/Jun19_17-35-34_rlcontrolJayNetv1.0) by extensions ['colcon_meta']
[1.146s] Level 1:colcon.colcon_core.package_identification:_identify(runs/Jun19_17-35-34_rlcontrolJayNetv1.0) by extension 'colcon_meta'
[1.146s] Level 1:colcon.colcon_core.package_identification:_identify(runs/Jun19_17-35-34_rlcontrolJayNetv1.0) by extensions ['ros']
[1.146s] Level 1:colcon.colcon_core.package_identification:_identify(runs/Jun19_17-35-34_rlcontrolJayNetv1.0) by extension 'ros'
[1.146s] Level 1:colcon.colcon_core.package_identification:_identify(runs/Jun19_17-35-34_rlcontrolJayNetv1.0) by extensions ['cmake', 'python']
[1.146s] Level 1:colcon.colcon_core.package_identification:_identify(runs/Jun19_17-35-34_rlcontrolJayNetv1.0) by extension 'cmake'
[1.146s] Level 1:colcon.colcon_core.package_identification:_identify(runs/Jun19_17-35-34_rlcontrolJayNetv1.0) by extension 'python'
[1.146s] Level 1:colcon.colcon_core.package_identification:_identify(runs/Jun19_17-35-34_rlcontrolJayNetv1.0) by extensions ['python_setup_py']
[1.146s] Level 1:colcon.colcon_core.package_identification:_identify(runs/Jun19_17-35-34_rlcontrolJayNetv1.0) by extension 'python_setup_py'
[1.147s] Level 1:colcon.colcon_core.package_identification:_identify(runs/Jun19_17-37-44_rlcontrolJayNetv1.0) by extensions ['ignore', 'ignore_ament_install']
[1.147s] Level 1:colcon.colcon_core.package_identification:_identify(runs/Jun19_17-37-44_rlcontrolJayNetv1.0) by extension 'ignore'
[1.147s] Level 1:colcon.colcon_core.package_identification:_identify(runs/Jun19_17-37-44_rlcontrolJayNetv1.0) by extension 'ignore_ament_install'
[1.147s] Level 1:colcon.colcon_core.package_identification:_identify(runs/Jun19_17-37-44_rlcontrolJayNetv1.0) by extensions ['colcon_pkg']
[1.147s] Level 1:colcon.colcon_core.package_identification:_identify(runs/Jun19_17-37-44_rlcontrolJayNetv1.0) by extension 'colcon_pkg'
[1.147s] Level 1:colcon.colcon_core.package_identification:_identify(runs/Jun19_17-37-44_rlcontrolJayNetv1.0) by extensions ['colcon_meta']
[1.147s] Level 1:colcon.colcon_core.package_identification:_identify(runs/Jun19_17-37-44_rlcontrolJayNetv1.0) by extension 'colcon_meta'
[1.147s] Level 1:colcon.colcon_core.package_identification:_identify(runs/Jun19_17-37-44_rlcontrolJayNetv1.0) by extensions ['ros']
[1.147s] Level 1:colcon.colcon_core.package_identification:_identify(runs/Jun19_17-37-44_rlcontrolJayNetv1.0) by extension 'ros'
[1.147s] Level 1:colcon.colcon_core.package_identification:_identify(runs/Jun19_17-37-44_rlcontrolJayNetv1.0) by extensions ['cmake', 'python']
[1.147s] Level 1:colcon.colcon_core.package_identification:_identify(runs/Jun19_17-37-44_rlcontrolJayNetv1.0) by extension 'cmake'
[1.148s] Level 1:colcon.colcon_core.package_identification:_identify(runs/Jun19_17-37-44_rlcontrolJayNetv1.0) by extension 'python'
[1.148s] Level 1:colcon.colcon_core.package_identification:_identify(runs/Jun19_17-37-44_rlcontrolJayNetv1.0) by extensions ['python_setup_py']
[1.148s] Level 1:colcon.colcon_core.package_identification:_identify(runs/Jun19_17-37-44_rlcontrolJayNetv1.0) by extension 'python_setup_py'
[1.148s] Level 1:colcon.colcon_core.package_identification:_identify(runs/Jun20_04-17-34_rlcontrolJayNetv1.0) by extensions ['ignore', 'ignore_ament_install']
[1.148s] Level 1:colcon.colcon_core.package_identification:_identify(runs/Jun20_04-17-34_rlcontrolJayNetv1.0) by extension 'ignore'
[1.149s] Level 1:colcon.colcon_core.package_identification:_identify(runs/Jun20_04-17-34_rlcontrolJayNetv1.0) by extension 'ignore_ament_install'
[1.149s] Level 1:colcon.colcon_core.package_identification:_identify(runs/Jun20_04-17-34_rlcontrolJayNetv1.0) by extensions ['colcon_pkg']
[1.149s] Level 1:colcon.colcon_core.package_identification:_identify(runs/Jun20_04-17-34_rlcontrolJayNetv1.0) by extension 'colcon_pkg'
[1.149s] Level 1:colcon.colcon_core.package_identification:_identify(runs/Jun20_04-17-34_rlcontrolJayNetv1.0) by extensions ['colcon_meta']
[1.149s] Level 1:colcon.colcon_core.package_identification:_identify(runs/Jun20_04-17-34_rlcontrolJayNetv1.0) by extension 'colcon_meta'
[1.149s] Level 1:colcon.colcon_core.package_identification:_identify(runs/Jun20_04-17-34_rlcontrolJayNetv1.0) by extensions ['ros']
[1.149s] Level 1:colcon.colcon_core.package_identification:_identify(runs/Jun20_04-17-34_rlcontrolJayNetv1.0) by extension 'ros'
[1.149s] Level 1:colcon.colcon_core.package_identification:_identify(runs/Jun20_04-17-34_rlcontrolJayNetv1.0) by extensions ['cmake', 'python']
[1.149s] Level 1:colcon.colcon_core.package_identification:_identify(runs/Jun20_04-17-34_rlcontrolJayNetv1.0) by extension 'cmake'
[1.149s] Level 1:colcon.colcon_core.package_identification:_identify(runs/Jun20_04-17-34_rlcontrolJayNetv1.0) by extension 'python'
[1.149s] Level 1:colcon.colcon_core.package_identification:_identify(runs/Jun20_04-17-34_rlcontrolJayNetv1.0) by extensions ['python_setup_py']
[1.149s] Level 1:colcon.colcon_core.package_identification:_identify(runs/Jun20_04-17-34_rlcontrolJayNetv1.0) by extension 'python_setup_py'
[1.150s] Level 1:colcon.colcon_core.package_identification:_identify(runs/Jun20_04-27-42_rlcontrolJayNetv1.0) by extensions ['ignore', 'ignore_ament_install']
[1.150s] Level 1:colcon.colcon_core.package_identification:_identify(runs/Jun20_04-27-42_rlcontrolJayNetv1.0) by extension 'ignore'
[1.150s] Level 1:colcon.colcon_core.package_identification:_identify(runs/Jun20_04-27-42_rlcontrolJayNetv1.0) by extension 'ignore_ament_install'
[1.151s] Level 1:colcon.colcon_core.package_identification:_identify(runs/Jun20_04-27-42_rlcontrolJayNetv1.0) by extensions ['colcon_pkg']
[1.151s] Level 1:colcon.colcon_core.package_identification:_identify(runs/Jun20_04-27-42_rlcontrolJayNetv1.0) by extension 'colcon_pkg'
[1.151s] Level 1:colcon.colcon_core.package_identification:_identify(runs/Jun20_04-27-42_rlcontrolJayNetv1.0) by extensions ['colcon_meta']
[1.151s] Level 1:colcon.colcon_core.package_identification:_identify(runs/Jun20_04-27-42_rlcontrolJayNetv1.0) by extension 'colcon_meta'
[1.151s] Level 1:colcon.colcon_core.package_identification:_identify(runs/Jun20_04-27-42_rlcontrolJayNetv1.0) by extensions ['ros']
[1.151s] Level 1:colcon.colcon_core.package_identification:_identify(runs/Jun20_04-27-42_rlcontrolJayNetv1.0) by extension 'ros'
[1.151s] Level 1:colcon.colcon_core.package_identification:_identify(runs/Jun20_04-27-42_rlcontrolJayNetv1.0) by extensions ['cmake', 'python']
[1.151s] Level 1:colcon.colcon_core.package_identification:_identify(runs/Jun20_04-27-42_rlcontrolJayNetv1.0) by extension 'cmake'
[1.151s] Level 1:colcon.colcon_core.package_identification:_identify(runs/Jun20_04-27-42_rlcontrolJayNetv1.0) by extension 'python'
[1.151s] Level 1:colcon.colcon_core.package_identification:_identify(runs/Jun20_04-27-42_rlcontrolJayNetv1.0) by extensions ['python_setup_py']
[1.151s] Level 1:colcon.colcon_core.package_identification:_identify(runs/Jun20_04-27-42_rlcontrolJayNetv1.0) by extension 'python_setup_py'
[1.152s] Level 1:colcon.colcon_core.package_identification:_identify(runs/Jun20_05-11-47_rlcontrolJayNetv1.0) by extensions ['ignore', 'ignore_ament_install']
[1.152s] Level 1:colcon.colcon_core.package_identification:_identify(runs/Jun20_05-11-47_rlcontrolJayNetv1.0) by extension 'ignore'
[1.152s] Level 1:colcon.colcon_core.package_identification:_identify(runs/Jun20_05-11-47_rlcontrolJayNetv1.0) by extension 'ignore_ament_install'
[1.152s] Level 1:colcon.colcon_core.package_identification:_identify(runs/Jun20_05-11-47_rlcontrolJayNetv1.0) by extensions ['colcon_pkg']
[1.152s] Level 1:colcon.colcon_core.package_identification:_identify(runs/Jun20_05-11-47_rlcontrolJayNetv1.0) by extension 'colcon_pkg'
[1.152s] Level 1:colcon.colcon_core.package_identification:_identify(runs/Jun20_05-11-47_rlcontrolJayNetv1.0) by extensions ['colcon_meta']
[1.152s] Level 1:colcon.colcon_core.package_identification:_identify(runs/Jun20_05-11-47_rlcontrolJayNetv1.0) by extension 'colcon_meta'
[1.153s] Level 1:colcon.colcon_core.package_identification:_identify(runs/Jun20_05-11-47_rlcontrolJayNetv1.0) by extensions ['ros']
[1.153s] Level 1:colcon.colcon_core.package_identification:_identify(runs/Jun20_05-11-47_rlcontrolJayNetv1.0) by extension 'ros'
[1.153s] Level 1:colcon.colcon_core.package_identification:_identify(runs/Jun20_05-11-47_rlcontrolJayNetv1.0) by extensions ['cmake', 'python']
[1.153s] Level 1:colcon.colcon_core.package_identification:_identify(runs/Jun20_05-11-47_rlcontrolJayNetv1.0) by extension 'cmake'
[1.153s] Level 1:colcon.colcon_core.package_identification:_identify(runs/Jun20_05-11-47_rlcontrolJayNetv1.0) by extension 'python'
[1.153s] Level 1:colcon.colcon_core.package_identification:_identify(runs/Jun20_05-11-47_rlcontrolJayNetv1.0) by extensions ['python_setup_py']
[1.153s] Level 1:colcon.colcon_core.package_identification:_identify(runs/Jun20_05-11-47_rlcontrolJayNetv1.0) by extension 'python_setup_py'
[1.154s] Level 1:colcon.colcon_core.package_identification:_identify(runs/Jun20_06-16-58_rlcontrolJayNetv1.0) by extensions ['ignore', 'ignore_ament_install']
[1.154s] Level 1:colcon.colcon_core.package_identification:_identify(runs/Jun20_06-16-58_rlcontrolJayNetv1.0) by extension 'ignore'
[1.154s] Level 1:colcon.colcon_core.package_identification:_identify(runs/Jun20_06-16-58_rlcontrolJayNetv1.0) by extension 'ignore_ament_install'
[1.154s] Level 1:colcon.colcon_core.package_identification:_identify(runs/Jun20_06-16-58_rlcontrolJayNetv1.0) by extensions ['colcon_pkg']
[1.154s] Level 1:colcon.colcon_core.package_identification:_identify(runs/Jun20_06-16-58_rlcontrolJayNetv1.0) by extension 'colcon_pkg'
[1.154s] Level 1:colcon.colcon_core.package_identification:_identify(runs/Jun20_06-16-58_rlcontrolJayNetv1.0) by extensions ['colcon_meta']
[1.154s] Level 1:colcon.colcon_core.package_identification:_identify(runs/Jun20_06-16-58_rlcontrolJayNetv1.0) by extension 'colcon_meta'
[1.154s] Level 1:colcon.colcon_core.package_identification:_identify(runs/Jun20_06-16-58_rlcontrolJayNetv1.0) by extensions ['ros']
[1.154s] Level 1:colcon.colcon_core.package_identification:_identify(runs/Jun20_06-16-58_rlcontrolJayNetv1.0) by extension 'ros'
[1.155s] Level 1:colcon.colcon_core.package_identification:_identify(runs/Jun20_06-16-58_rlcontrolJayNetv1.0) by extensions ['cmake', 'python']
[1.155s] Level 1:colcon.colcon_core.package_identification:_identify(runs/Jun20_06-16-58_rlcontrolJayNetv1.0) by extension 'cmake'
[1.155s] Level 1:colcon.colcon_core.package_identification:_identify(runs/Jun20_06-16-58_rlcontrolJayNetv1.0) by extension 'python'
[1.155s] Level 1:colcon.colcon_core.package_identification:_identify(runs/Jun20_06-16-58_rlcontrolJayNetv1.0) by extensions ['python_setup_py']
[1.155s] Level 1:colcon.colcon_core.package_identification:_identify(runs/Jun20_06-16-58_rlcontrolJayNetv1.0) by extension 'python_setup_py'
[1.156s] Level 1:colcon.colcon_core.package_identification:_identify(runs/Jun20_06-27-06_rlcontrolJayNetv1.0) by extensions ['ignore', 'ignore_ament_install']
[1.156s] Level 1:colcon.colcon_core.package_identification:_identify(runs/Jun20_06-27-06_rlcontrolJayNetv1.0) by extension 'ignore'
[1.156s] Level 1:colcon.colcon_core.package_identification:_identify(runs/Jun20_06-27-06_rlcontrolJayNetv1.0) by extension 'ignore_ament_install'
[1.156s] Level 1:colcon.colcon_core.package_identification:_identify(runs/Jun20_06-27-06_rlcontrolJayNetv1.0) by extensions ['colcon_pkg']
[1.156s] Level 1:colcon.colcon_core.package_identification:_identify(runs/Jun20_06-27-06_rlcontrolJayNetv1.0) by extension 'colcon_pkg'
[1.156s] Level 1:colcon.colcon_core.package_identification:_identify(runs/Jun20_06-27-06_rlcontrolJayNetv1.0) by extensions ['colcon_meta']
[1.156s] Level 1:colcon.colcon_core.package_identification:_identify(runs/Jun20_06-27-06_rlcontrolJayNetv1.0) by extension 'colcon_meta'
[1.156s] Level 1:colcon.colcon_core.package_identification:_identify(runs/Jun20_06-27-06_rlcontrolJayNetv1.0) by extensions ['ros']
[1.156s] Level 1:colcon.colcon_core.package_identification:_identify(runs/Jun20_06-27-06_rlcontrolJayNetv1.0) by extension 'ros'
[1.156s] Level 1:colcon.colcon_core.package_identification:_identify(runs/Jun20_06-27-06_rlcontrolJayNetv1.0) by extensions ['cmake', 'python']
[1.156s] Level 1:colcon.colcon_core.package_identification:_identify(runs/Jun20_06-27-06_rlcontrolJayNetv1.0) by extension 'cmake'
[1.156s] Level 1:colcon.colcon_core.package_identification:_identify(runs/Jun20_06-27-06_rlcontrolJayNetv1.0) by extension 'python'
[1.157s] Level 1:colcon.colcon_core.package_identification:_identify(runs/Jun20_06-27-06_rlcontrolJayNetv1.0) by extensions ['python_setup_py']
[1.157s] Level 1:colcon.colcon_core.package_identification:_identify(runs/Jun20_06-27-06_rlcontrolJayNetv1.0) by extension 'python_setup_py'
[1.157s] Level 1:colcon.colcon_core.package_identification:_identify(saves) by extensions ['ignore', 'ignore_ament_install']
[1.157s] Level 1:colcon.colcon_core.package_identification:_identify(saves) by extension 'ignore'
[1.157s] Level 1:colcon.colcon_core.package_identification:_identify(saves) by extension 'ignore_ament_install'
[1.157s] Level 1:colcon.colcon_core.package_identification:_identify(saves) by extensions ['colcon_pkg']
[1.157s] Level 1:colcon.colcon_core.package_identification:_identify(saves) by extension 'colcon_pkg'
[1.157s] Level 1:colcon.colcon_core.package_identification:_identify(saves) by extensions ['colcon_meta']
[1.157s] Level 1:colcon.colcon_core.package_identification:_identify(saves) by extension 'colcon_meta'
[1.157s] Level 1:colcon.colcon_core.package_identification:_identify(saves) by extensions ['ros']
[1.157s] Level 1:colcon.colcon_core.package_identification:_identify(saves) by extension 'ros'
[1.157s] Level 1:colcon.colcon_core.package_identification:_identify(saves) by extensions ['cmake', 'python']
[1.157s] Level 1:colcon.colcon_core.package_identification:_identify(saves) by extension 'cmake'
[1.157s] Level 1:colcon.colcon_core.package_identification:_identify(saves) by extension 'python'
[1.158s] Level 1:colcon.colcon_core.package_identification:_identify(saves) by extensions ['python_setup_py']
[1.158s] Level 1:colcon.colcon_core.package_identification:_identify(saves) by extension 'python_setup_py'
[1.158s] Level 1:colcon.colcon_core.package_identification:_identify(saves/a2c-JayNetv1.0) by extensions ['ignore', 'ignore_ament_install']
[1.158s] Level 1:colcon.colcon_core.package_identification:_identify(saves/a2c-JayNetv1.0) by extension 'ignore'
[1.159s] Level 1:colcon.colcon_core.package_identification:_identify(saves/a2c-JayNetv1.0) by extension 'ignore_ament_install'
[1.159s] Level 1:colcon.colcon_core.package_identification:_identify(saves/a2c-JayNetv1.0) by extensions ['colcon_pkg']
[1.159s] Level 1:colcon.colcon_core.package_identification:_identify(saves/a2c-JayNetv1.0) by extension 'colcon_pkg'
[1.159s] Level 1:colcon.colcon_core.package_identification:_identify(saves/a2c-JayNetv1.0) by extensions ['colcon_meta']
[1.159s] Level 1:colcon.colcon_core.package_identification:_identify(saves/a2c-JayNetv1.0) by extension 'colcon_meta'
[1.159s] Level 1:colcon.colcon_core.package_identification:_identify(saves/a2c-JayNetv1.0) by extensions ['ros']
[1.159s] Level 1:colcon.colcon_core.package_identification:_identify(saves/a2c-JayNetv1.0) by extension 'ros'
[1.159s] Level 1:colcon.colcon_core.package_identification:_identify(saves/a2c-JayNetv1.0) by extensions ['cmake', 'python']
[1.159s] Level 1:colcon.colcon_core.package_identification:_identify(saves/a2c-JayNetv1.0) by extension 'cmake'
[1.159s] Level 1:colcon.colcon_core.package_identification:_identify(saves/a2c-JayNetv1.0) by extension 'python'
[1.159s] Level 1:colcon.colcon_core.package_identification:_identify(saves/a2c-JayNetv1.0) by extensions ['python_setup_py']
[1.159s] Level 1:colcon.colcon_core.package_identification:_identify(saves/a2c-JayNetv1.0) by extension 'python_setup_py'
[1.159s] Level 1:colcon.colcon_core.package_discovery:discover_packages(recursive) using defaults
[1.160s] Level 1:colcon.colcon_core.package_discovery:discover_packages(ignore) discover
[1.160s] Level 1:colcon.colcon_core.package_discovery:discover_packages(ignore) using defaults
[1.160s] Level 1:colcon.colcon_core.package_discovery:discover_packages(path) discover
[1.160s] Level 1:colcon.colcon_core.package_discovery:discover_packages(path) using defaults
[1.217s] Level 1:colcon.colcon_core.package_discovery:discover_packages(prefix_path) check parameters
[1.217s] Level 1:colcon.colcon_core.package_discovery:discover_packages(prefix_path) discover
[1.224s] DEBUG:colcon.colcon_installed_package_information.package_discovery:Found 270 installed packages in /opt/ros/humble
[1.226s] Level 1:colcon.colcon_core.package_discovery:discover_packages(prefix_path) using defaults
[1.309s] ERROR:colcon:colcon build: Duplicate package names not supported:
- jaybot:
  - jaybot
  - robot_ws_backup/src/jaybot
- rl_custom_messages:
  - rl_custom_messages
  - robot_ws_backup/src/rl_custom_messages
