[0.027s] Invoking command in '/home/rlcontrol/jay_ws/build/jaybot': CMAKE_PREFIX_PATH=/home/rlcontrol/jay_ws/install/rl_custom_messages:/home/rlcontrol/jay_ws/install/vision_opencv:/home/rlcontrol/jay_ws/install/jaybot:/home/rlcontrol/jay_ws/install/image_geometry:/home/rlcontrol/jay_ws/install/cv_bridge:/home/rlcontrol/jay_ws/install/opencv_tests:/opt/ros/humble /home/rlcontrol/.local/bin/cmake --build /home/rlcontrol/jay_ws/build/jaybot -- -j6 -l6
[0.153s] [ 16%] Built target range_publisher
[0.155s] [ 33%] Built target motor_controller
[0.161s] [ 50%] Built target camera_publisher
[0.162s] [ 66%] Built target rl_server
[0.164s] [ 83%] Built target image_debugger
[0.174s] [ 91%] [32mBuilding CXX object CMakeFiles/microphone_publisher.dir/src/microphone_publisher.cpp.o[0m
[0.191s] [ 91%] Built target ament_cmake_python_symlink_jaybot
[0.698s] running egg_info
[0.699s] writing jaybot.egg-info/PKG-INFO
[0.699s] writing dependency_links to jaybot.egg-info/dependency_links.txt
[0.700s] writing top-level names to jaybot.egg-info/top_level.txt
[0.704s] reading manifest file 'jaybot.egg-info/SOURCES.txt'
[0.705s] writing manifest file 'jaybot.egg-info/SOURCES.txt'
[0.736s] [ 91%] Built target ament_cmake_python_build_jaybot_egg
[4.485s] [01m[K/home/rlcontrol/jay_ws/jaybot/src/microphone_publisher.cpp:[m[K In member function ‘[01m[Kvoid AudioCapturePublisher::timer_callback()[m[K’:
[4.486s] [01m[K/home/rlcontrol/jay_ws/jaybot/src/microphone_publisher.cpp:38:83:[m[K [01;31m[Kerror: [m[Kno match for ‘[01m[Koperator=[m[K’ (operand types are ‘[01m[Krl_custom_messages::msg::AudioData_<std::allocator<void> >::_data_type[m[K’ {aka ‘[01m[Kstd::vector<short unsigned int, std::allocator<short unsigned int> >[m[K’} and ‘[01m[Kstd::vector<unsigned char, std::allocator<unsigned char> >[m[K’)
[4.486s]    38 |         message.data = std::vector<uint8_t>(buffer, buffer + frames * 2 * CHANNELS[01;31m[K)[m[K;
[4.487s]       |                                                                                   [01;31m[K^[m[K
[4.487s] In file included from [01m[K/usr/include/c++/11/vector:72[m[K,
[4.487s]                  from [01m[K/usr/include/c++/11/functional:62[m[K,
[4.487s]                  from [01m[K/usr/include/c++/11/pstl/glue_algorithm_defs.h:13[m[K,
[4.487s]                  from [01m[K/usr/include/c++/11/algorithm:74[m[K,
[4.487s]                  from [01m[K/opt/ros/humble/include/rclcpp/rclcpp/executor.hpp:18[m[K,
[4.487s]                  from [01m[K/opt/ros/humble/include/rclcpp/rclcpp/executors/multi_threaded_executor.hpp:25[m[K,
[4.488s]                  from [01m[K/opt/ros/humble/include/rclcpp/rclcpp/executors.hpp:21[m[K,
[4.488s]                  from [01m[K/opt/ros/humble/include/rclcpp/rclcpp/rclcpp.hpp:155[m[K,
[4.488s]                  from [01m[K/home/rlcontrol/jay_ws/jaybot/src/microphone_publisher.cpp:3[m[K:
[4.488s] [01m[K/usr/include/c++/11/bits/vector.tcc:198:5:[m[K [01;36m[Knote: [m[Kcandidate: ‘[01m[Kstd::vector<_Tp, _Alloc>& std::vector<_Tp, _Alloc>::operator=(const std::vector<_Tp, _Alloc>&) [with _Tp = short unsigned int; _Alloc = std::allocator<short unsigned int>][m[K’
[4.488s]   198 |     [01;36m[Kvector<_Tp, _Alloc>[m[K::
[4.488s]       |     [01;36m[K^~~~~~~~~~~~~~~~~~~[m[K
[4.488s] [01m[K/usr/include/c++/11/bits/vector.tcc:199:42:[m[K [01;36m[Knote: [m[K  no known conversion for argument 1 from ‘[01m[Kstd::vector<unsigned char, std::allocator<unsigned char> >[m[K’ to ‘[01m[Kconst std::vector<short unsigned int, std::allocator<short unsigned int> >&[m[K’
[4.488s]   199 |     operator=([01;36m[Kconst vector<_Tp, _Alloc>& __x[m[K)
[4.489s]       |               [01;36m[K~~~~~~~~~~~~~~~~~~~~~~~~~~~^~~[m[K
[4.489s] In file included from [01m[K/usr/include/c++/11/vector:67[m[K,
[4.489s]                  from [01m[K/usr/include/c++/11/functional:62[m[K,
[4.489s]                  from [01m[K/usr/include/c++/11/pstl/glue_algorithm_defs.h:13[m[K,
[4.489s]                  from [01m[K/usr/include/c++/11/algorithm:74[m[K,
[4.489s]                  from [01m[K/opt/ros/humble/include/rclcpp/rclcpp/executor.hpp:18[m[K,
[4.489s]                  from [01m[K/opt/ros/humble/include/rclcpp/rclcpp/executors/multi_threaded_executor.hpp:25[m[K,
[4.489s]                  from [01m[K/opt/ros/humble/include/rclcpp/rclcpp/executors.hpp:21[m[K,
[4.490s]                  from [01m[K/opt/ros/humble/include/rclcpp/rclcpp/rclcpp.hpp:155[m[K,
[4.490s]                  from [01m[K/home/rlcontrol/jay_ws/jaybot/src/microphone_publisher.cpp:3[m[K:
[4.490s] [01m[K/usr/include/c++/11/bits/stl_vector.h:709:7:[m[K [01;36m[Knote: [m[Kcandidate: ‘[01m[Kstd::vector<_Tp, _Alloc>& std::vector<_Tp, _Alloc>::operator=(std::vector<_Tp, _Alloc>&&) [with _Tp = short unsigned int; _Alloc = std::allocator<short unsigned int>][m[K’
[4.490s]   709 |       [01;36m[Koperator[m[K=(vector&& __x) noexcept(_Alloc_traits::_S_nothrow_move())
[4.490s]       |       [01;36m[K^~~~~~~~[m[K
[4.490s] [01m[K/usr/include/c++/11/bits/stl_vector.h:709:26:[m[K [01;36m[Knote: [m[K  no known conversion for argument 1 from ‘[01m[Kstd::vector<unsigned char, std::allocator<unsigned char> >[m[K’ to ‘[01m[Kstd::vector<short unsigned int, std::allocator<short unsigned int> >&&[m[K’
[4.490s]   709 |       operator=([01;36m[Kvector&& __x[m[K) noexcept(_Alloc_traits::_S_nothrow_move())
[4.491s]       |                 [01;36m[K~~~~~~~~~^~~[m[K
[4.491s] [01m[K/usr/include/c++/11/bits/stl_vector.h:730:7:[m[K [01;36m[Knote: [m[Kcandidate: ‘[01m[Kstd::vector<_Tp, _Alloc>& std::vector<_Tp, _Alloc>::operator=(std::initializer_list<_Tp>) [with _Tp = short unsigned int; _Alloc = std::allocator<short unsigned int>][m[K’
[4.491s]   730 |       [01;36m[Koperator[m[K=(initializer_list<value_type> __l)
[4.491s]       |       [01;36m[K^~~~~~~~[m[K
[4.491s] [01m[K/usr/include/c++/11/bits/stl_vector.h:730:46:[m[K [01;36m[Knote: [m[K  no known conversion for argument 1 from ‘[01m[Kstd::vector<unsigned char, std::allocator<unsigned char> >[m[K’ to ‘[01m[Kstd::initializer_list<short unsigned int>[m[K’
[4.491s]   730 |       operator=([01;36m[Kinitializer_list<value_type> __l[m[K)
[4.491s]       |                 [01;36m[K~~~~~~~~~~~~~~~~~~~~~~~~~~~~~^~~[m[K
[5.751s] gmake[2]: *** [CMakeFiles/microphone_publisher.dir/build.make:76: CMakeFiles/microphone_publisher.dir/src/microphone_publisher.cpp.o] Error 1
[5.751s] gmake[1]: *** [CMakeFiles/Makefile2:228: CMakeFiles/microphone_publisher.dir/all] Error 2
[5.752s] gmake: *** [Makefile:146: all] Error 2
[5.760s] Invoked command in '/home/rlcontrol/jay_ws/build/jaybot' returned '2': CMAKE_PREFIX_PATH=/home/rlcontrol/jay_ws/install/rl_custom_messages:/home/rlcontrol/jay_ws/install/vision_opencv:/home/rlcontrol/jay_ws/install/jaybot:/home/rlcontrol/jay_ws/install/image_geometry:/home/rlcontrol/jay_ws/install/cv_bridge:/home/rlcontrol/jay_ws/install/opencv_tests:/opt/ros/humble /home/rlcontrol/.local/bin/cmake --build /home/rlcontrol/jay_ws/build/jaybot -- -j6 -l6
