[0.018s] Invoking command in '/home/rlagent/jay_ws/build/jaybot': AMENT_PREFIX_PATH=/home/rlagent/jay_ws/install/rl_custom_messages:${AMENT_PREFIX_PATH} CMAKE_PREFIX_PATH=/home/rlagent/jay_ws/install/rl_custom_messages:/opt/ros/humble LD_LIBRARY_PATH=/home/rlagent/jay_ws/install/rl_custom_messages/lib:${LD_LIBRARY_PATH} PYTHONPATH=/home/rlagent/jay_ws/install/rl_custom_messages/local/lib/python3.10/dist-packages:${PYTHONPATH} /usr/bin/cmake --build /home/rlagent/jay_ws/build/jaybot -- -j2 -l2
[0.096s] [35m[1mConsolidate compiler generated dependencies of target range_publisher[0m
[0.097s] [35m[1mConsolidate compiler generated dependencies of target range_subscriber[0m
[0.144s] [ 20%] [32mBuilding CXX object CMakeFiles/range_publisher.dir/src/range_publisher.cpp.o[0m
[0.145s] [ 40%] [32mBuilding CXX object CMakeFiles/range_subscriber.dir/src/range_subscriber.cpp.o[0m
[3.627s] [01m[K/home/rlagent/jay_ws/jaybot/src/range_publisher.cpp:[m[K In constructor ‘[01m[KRangePublisher::RangePublisher()[m[K’:
[3.627s] [01m[K/home/rlagent/jay_ws/jaybot/src/range_publisher.cpp:18:27:[m[K [01;31m[Kerror: [m[Kno matching function for call to ‘[01m[KRangesensor::Rangesensor()[m[K’
[3.628s]    18 |   : Node("range_publisher"[01;31m[K)[m[K
[3.628s]       |                           [01;31m[K^[m[K
[3.628s] In file included from [01m[K/home/rlagent/jay_ws/jaybot/src/range_publisher.cpp:10[m[K:
[3.629s] [01m[K/home/rlagent/jay_ws/jaybot/include/jaybot/RangeSensor.h:19:5:[m[K [01;36m[Knote: [m[Kcandidate: ‘[01m[KRangesensor::Rangesensor(int, int)[m[K’
[3.629s]    19 |     [01;36m[KRangesensor[m[K(int trigpin, int echopin);
[3.629s]       |     [01;36m[K^~~~~~~~~~~[m[K
[3.630s] [01m[K/home/rlagent/jay_ws/jaybot/include/jaybot/RangeSensor.h:19:5:[m[K [01;36m[Knote: [m[K  candidate expects 2 arguments, 0 provided
[3.630s] [01m[K/home/rlagent/jay_ws/jaybot/include/jaybot/RangeSensor.h:15:7:[m[K [01;36m[Knote: [m[Kcandidate: ‘[01m[KRangesensor::Rangesensor(const Rangesensor&)[m[K’
[3.630s]    15 | class [01;36m[KRangesensor[m[K
[3.631s]       |       [01;36m[K^~~~~~~~~~~[m[K
[3.631s] [01m[K/home/rlagent/jay_ws/jaybot/include/jaybot/RangeSensor.h:15:7:[m[K [01;36m[Knote: [m[K  candidate expects 1 argument, 0 provided
[3.631s] [01m[K/home/rlagent/jay_ws/jaybot/include/jaybot/RangeSensor.h:15:7:[m[K [01;36m[Knote: [m[Kcandidate: ‘[01m[KRangesensor::Rangesensor(Rangesensor&&)[m[K’
[3.632s] [01m[K/home/rlagent/jay_ws/jaybot/include/jaybot/RangeSensor.h:15:7:[m[K [01;36m[Knote: [m[K  candidate expects 1 argument, 0 provided
[3.632s] [01m[K/home/rlagent/jay_ws/jaybot/src/range_publisher.cpp:18:27:[m[K [01;31m[Kerror: [m[Kno matching function for call to ‘[01m[KRangesensor::Rangesensor()[m[K’
[3.632s]    18 |   : Node("range_publisher"[01;31m[K)[m[K
[3.633s]       |                           [01;31m[K^[m[K
[3.633s] In file included from [01m[K/home/rlagent/jay_ws/jaybot/src/range_publisher.cpp:10[m[K:
[3.633s] [01m[K/home/rlagent/jay_ws/jaybot/include/jaybot/RangeSensor.h:19:5:[m[K [01;36m[Knote: [m[Kcandidate: ‘[01m[KRangesensor::Rangesensor(int, int)[m[K’
[3.634s]    19 |     [01;36m[KRangesensor[m[K(int trigpin, int echopin);
[3.634s]       |     [01;36m[K^~~~~~~~~~~[m[K
[3.634s] [01m[K/home/rlagent/jay_ws/jaybot/include/jaybot/RangeSensor.h:19:5:[m[K [01;36m[Knote: [m[K  candidate expects 2 arguments, 0 provided
[3.635s] [01m[K/home/rlagent/jay_ws/jaybot/include/jaybot/RangeSensor.h:15:7:[m[K [01;36m[Knote: [m[Kcandidate: ‘[01m[KRangesensor::Rangesensor(const Rangesensor&)[m[K’
[3.635s]    15 | class [01;36m[KRangesensor[m[K
[3.635s]       |       [01;36m[K^~~~~~~~~~~[m[K
[3.636s] [01m[K/home/rlagent/jay_ws/jaybot/include/jaybot/RangeSensor.h:15:7:[m[K [01;36m[Knote: [m[K  candidate expects 1 argument, 0 provided
[3.636s] [01m[K/home/rlagent/jay_ws/jaybot/include/jaybot/RangeSensor.h:15:7:[m[K [01;36m[Knote: [m[Kcandidate: ‘[01m[KRangesensor::Rangesensor(Rangesensor&&)[m[K’
[3.636s] [01m[K/home/rlagent/jay_ws/jaybot/include/jaybot/RangeSensor.h:15:7:[m[K [01;36m[Knote: [m[K  candidate expects 1 argument, 0 provided
[3.637s] [01m[K/home/rlagent/jay_ws/jaybot/src/range_publisher.cpp:18:27:[m[K [01;31m[Kerror: [m[Kno matching function for call to ‘[01m[KRangesensor::Rangesensor()[m[K’
[3.637s]    18 |   : Node("range_publisher"[01;31m[K)[m[K
[3.637s]       |                           [01;31m[K^[m[K
[3.638s] In file included from [01m[K/home/rlagent/jay_ws/jaybot/src/range_publisher.cpp:10[m[K:
[3.638s] [01m[K/home/rlagent/jay_ws/jaybot/include/jaybot/RangeSensor.h:19:5:[m[K [01;36m[Knote: [m[Kcandidate: ‘[01m[KRangesensor::Rangesensor(int, int)[m[K’
[3.638s]    19 |     [01;36m[KRangesensor[m[K(int trigpin, int echopin);
[3.639s]       |     [01;36m[K^~~~~~~~~~~[m[K
[3.639s] [01m[K/home/rlagent/jay_ws/jaybot/include/jaybot/RangeSensor.h:19:5:[m[K [01;36m[Knote: [m[K  candidate expects 2 arguments, 0 provided
[3.639s] [01m[K/home/rlagent/jay_ws/jaybot/include/jaybot/RangeSensor.h:15:7:[m[K [01;36m[Knote: [m[Kcandidate: ‘[01m[KRangesensor::Rangesensor(const Rangesensor&)[m[K’
[3.640s]    15 | class [01;36m[KRangesensor[m[K
[3.640s]       |       [01;36m[K^~~~~~~~~~~[m[K
[3.641s] [01m[K/home/rlagent/jay_ws/jaybot/include/jaybot/RangeSensor.h:15:7:[m[K [01;36m[Knote: [m[K  candidate expects 1 argument, 0 provided
[3.641s] [01m[K/home/rlagent/jay_ws/jaybot/include/jaybot/RangeSensor.h:15:7:[m[K [01;36m[Knote: [m[Kcandidate: ‘[01m[KRangesensor::Rangesensor(Rangesensor&&)[m[K’
[3.641s] [01m[K/home/rlagent/jay_ws/jaybot/include/jaybot/RangeSensor.h:15:7:[m[K [01;36m[Knote: [m[K  candidate expects 1 argument, 0 provided
[3.641s] [01m[K/home/rlagent/jay_ws/jaybot/src/range_publisher.cpp:18:27:[m[K [01;31m[Kerror: [m[Kno matching function for call to ‘[01m[KRangesensor::Rangesensor()[m[K’
[3.642s]    18 |   : Node("range_publisher"[01;31m[K)[m[K
[3.646s]       |                           [01;31m[K^[m[K
[3.646s] In file included from [01m[K/home/rlagent/jay_ws/jaybot/src/range_publisher.cpp:10[m[K:
[3.646s] [01m[K/home/rlagent/jay_ws/jaybot/include/jaybot/RangeSensor.h:19:5:[m[K [01;36m[Knote: [m[Kcandidate: ‘[01m[KRangesensor::Rangesensor(int, int)[m[K’
[3.646s]    19 |     [01;36m[KRangesensor[m[K(int trigpin, int echopin);
[3.646s]       |     [01;36m[K^~~~~~~~~~~[m[K
[3.646s] [01m[K/home/rlagent/jay_ws/jaybot/include/jaybot/RangeSensor.h:19:5:[m[K [01;36m[Knote: [m[K  candidate expects 2 arguments, 0 provided
[3.646s] [01m[K/home/rlagent/jay_ws/jaybot/include/jaybot/RangeSensor.h:15:7:[m[K [01;36m[Knote: [m[Kcandidate: ‘[01m[KRangesensor::Rangesensor(const Rangesensor&)[m[K’
[3.647s]    15 | class [01;36m[KRangesensor[m[K
[3.647s]       |       [01;36m[K^~~~~~~~~~~[m[K
[3.647s] [01m[K/home/rlagent/jay_ws/jaybot/include/jaybot/RangeSensor.h:15:7:[m[K [01;36m[Knote: [m[K  candidate expects 1 argument, 0 provided
[3.647s] [01m[K/home/rlagent/jay_ws/jaybot/include/jaybot/RangeSensor.h:15:7:[m[K [01;36m[Knote: [m[Kcandidate: ‘[01m[KRangesensor::Rangesensor(Rangesensor&&)[m[K’
[3.647s] [01m[K/home/rlagent/jay_ws/jaybot/include/jaybot/RangeSensor.h:15:7:[m[K [01;36m[Knote: [m[K  candidate expects 1 argument, 0 provided
[4.743s] gmake[2]: *** [CMakeFiles/range_publisher.dir/build.make:90: CMakeFiles/range_publisher.dir/src/range_publisher.cpp.o] Error 1
[4.744s] gmake[1]: *** [CMakeFiles/Makefile2:139: CMakeFiles/range_publisher.dir/all] Error 2
[4.744s] gmake[1]: *** Waiting for unfinished jobs....
[10.252s] [ 60%] [32m[1mLinking CXX executable range_subscriber[0m
[10.873s] [ 60%] Built target range_subscriber
[10.874s] gmake: *** [Makefile:146: all] Error 2
[10.879s] Invoked command in '/home/rlagent/jay_ws/build/jaybot' returned '2': AMENT_PREFIX_PATH=/home/rlagent/jay_ws/install/rl_custom_messages:${AMENT_PREFIX_PATH} CMAKE_PREFIX_PATH=/home/rlagent/jay_ws/install/rl_custom_messages:/opt/ros/humble LD_LIBRARY_PATH=/home/rlagent/jay_ws/install/rl_custom_messages/lib:${LD_LIBRARY_PATH} PYTHONPATH=/home/rlagent/jay_ws/install/rl_custom_messages/local/lib/python3.10/dist-packages:${PYTHONPATH} /usr/bin/cmake --build /home/rlagent/jay_ws/build/jaybot -- -j2 -l2
