[ 16%] Built target range_publisher
[ 33%] Built target motor_controller
[ 50%] Built target camera_publisher
[ 66%] Built target rl_server
[ 83%] Built target image_debugger
[ 91%] [32mBuilding CXX object CMakeFiles/microphone_publisher.dir/src/microphone_publisher.cpp.o[0m
[ 91%] Built target ament_cmake_python_symlink_jaybot
running egg_info
writing jaybot.egg-info/PKG-INFO
writing dependency_links to jaybot.egg-info/dependency_links.txt
writing top-level names to jaybot.egg-info/top_level.txt
reading manifest file 'jaybot.egg-info/SOURCES.txt'
writing manifest file 'jaybot.egg-info/SOURCES.txt'
[ 91%] Built target ament_cmake_python_build_jaybot_egg
[100%] [32m[1mLinking CXX executable microphone_publisher[0m
[100%] Built target microphone_publisher
-- Install configuration: ""
-- Execute custom install script
-- Symlinking: /home/rlcontrol/jay_ws/install/jaybot/lib/jaybot/range_publisher
-- Symlinking: /home/rlcontrol/jay_ws/install/jaybot/lib/jaybot/motor_controller
-- Symlinking: /home/rlcontrol/jay_ws/install/jaybot/lib/jaybot/camera_publisher
-- Symlinking: /home/rlcontrol/jay_ws/install/jaybot/lib/jaybot/microphone_publisher
-- Symlinking: /home/rlcontrol/jay_ws/install/jaybot/lib/jaybot/rl_server
-- Symlinking: /home/rlcontrol/jay_ws/install/jaybot/lib/jaybot/image_debugger
-- Symlinking: /home/rlcontrol/jay_ws/install/jaybot/include/jaybot/RangeSensor.h
-- Symlinking: /home/rlcontrol/jay_ws/install/jaybot/include/jaybot/motor_controller.h
-- Symlinking: /home/rlcontrol/jay_ws/install/jaybot/share/jaybot/environment/pythonpath.sh
-- Symlinking: /home/rlcontrol/jay_ws/install/jaybot/share/jaybot/environment/pythonpath.dsv
-- Symlinking: /home/rlcontrol/jay_ws/install/jaybot/local/lib/python3.10/dist-packages/jaybot-0.0.0-py3.10.egg-info/PKG-INFO
-- Symlinking: /home/rlcontrol/jay_ws/install/jaybot/local/lib/python3.10/dist-packages/jaybot-0.0.0-py3.10.egg-info/SOURCES.txt
-- Symlinking: /home/rlcontrol/jay_ws/install/jaybot/local/lib/python3.10/dist-packages/jaybot-0.0.0-py3.10.egg-info/dependency_links.txt
-- Symlinking: /home/rlcontrol/jay_ws/install/jaybot/local/lib/python3.10/dist-packages/jaybot-0.0.0-py3.10.egg-info/top_level.txt
-- Symlinking: /home/rlcontrol/jay_ws/install/jaybot/local/lib/python3.10/dist-packages/jaybot/__init__.py
-- Symlinking: /home/rlcontrol/jay_ws/install/jaybot/lib/jaybot/rl_mind.py
-- Symlinking: /home/rlcontrol/jay_ws/install/jaybot/lib/jaybot/robot_monitor.py
-- Symlinking: /home/rlcontrol/jay_ws/install/jaybot/share/ament_index/resource_index/package_run_dependencies/jaybot
-- Symlinking: /home/rlcontrol/jay_ws/install/jaybot/share/ament_index/resource_index/parent_prefix_path/jaybot
-- Symlinking: /home/rlcontrol/jay_ws/install/jaybot/share/jaybot/environment/ament_prefix_path.sh
-- Symlinking: /home/rlcontrol/jay_ws/install/jaybot/share/jaybot/environment/ament_prefix_path.dsv
-- Symlinking: /home/rlcontrol/jay_ws/install/jaybot/share/jaybot/environment/path.sh
-- Symlinking: /home/rlcontrol/jay_ws/install/jaybot/share/jaybot/environment/path.dsv
-- Symlinking: /home/rlcontrol/jay_ws/install/jaybot/share/jaybot/local_setup.bash
-- Symlinking: /home/rlcontrol/jay_ws/install/jaybot/share/jaybot/local_setup.sh
-- Symlinking: /home/rlcontrol/jay_ws/install/jaybot/share/jaybot/local_setup.zsh
-- Symlinking: /home/rlcontrol/jay_ws/install/jaybot/share/jaybot/local_setup.dsv
-- Symlinking: /home/rlcontrol/jay_ws/install/jaybot/share/jaybot/package.dsv
-- Symlinking: /home/rlcontrol/jay_ws/install/jaybot/share/ament_index/resource_index/packages/jaybot
-- Symlinking: /home/rlcontrol/jay_ws/install/jaybot/share/jaybot/cmake/ament_cmake_export_dependencies-extras.cmake
-- Symlinking: /home/rlcontrol/jay_ws/install/jaybot/share/jaybot/cmake/jaybotConfig.cmake
-- Symlinking: /home/rlcontrol/jay_ws/install/jaybot/share/jaybot/cmake/jaybotConfig-version.cmake
-- Symlinking: /home/rlcontrol/jay_ws/install/jaybot/share/jaybot/package.xml
Listing '/home/rlcontrol/jay_ws/install/jaybot/local/lib/python3.10/dist-packages/jaybot'...
Compiling '/home/rlcontrol/jay_ws/install/jaybot/local/lib/python3.10/dist-packages/jaybot/__init__.py'...
