[0.009s] Invoking command in '/home/rlcontrol/jay_ws/build/jaybot': CMAKE_PREFIX_PATH=/home/rlcontrol/jay_ws/install/rl_custom_messages:/home/rlcontrol/jay_ws/install/jaybot:/opt/ros/humble /home/rlcontrol/.local/bin/cmake --build /home/rlcontrol/jay_ws/build/jaybot -- -j6 -l6
[0.058s] [ 12%] [32mBuilding CXX object CMakeFiles/camera_publisher.dir/src/camera_publisher.cpp.o[0m
[0.062s] [ 12%] Built target ament_cmake_python_symlink_jaybot
[0.063s] [ 37%] Built target range_publisher
[0.063s] [ 50%] [32mBuilding CXX object CMakeFiles/rl_server.dir/src/rl_server.cpp.o[0m
[0.063s] [ 75%] Built target motor_controller
[0.237s] [01m[K/home/rlcontrol/jay_ws/jaybot/src/camera_publisher.cpp:2:10:[m[K [01;31m[Kfatal error: [m[Kopencv2/opencv.hpp: No such file or directory
[0.237s]     2 | #include [01;31m[K<opencv2/opencv.hpp>[m[K
[0.237s]       |          [01;31m[K^~~~~~~~~~~~~~~~~~~~[m[K
[0.238s] compilation terminated.
[0.239s] gmake[2]: *** [CMakeFiles/camera_publisher.dir/build.make:76: CMakeFiles/camera_publisher.dir/src/camera_publisher.cpp.o] Error 1
[0.239s] gmake[1]: *** [CMakeFiles/Makefile2:198: CMakeFiles/camera_publisher.dir/all] Error 2
[0.239s] gmake[1]: *** Waiting for unfinished jobs....
[0.243s] [01m[K/home/rlcontrol/jay_ws/jaybot/src/rl_server.cpp:5:10:[m[K [01;31m[Kfatal error: [m[Ksensor_msgs/msg/image.hpp: No such file or directory
[0.243s]     5 | #include [01;31m[K<sensor_msgs/msg/image.hpp>[m[K
[0.243s]       |          [01;31m[K^~~~~~~~~~~~~~~~~~~~~~~~~~~[m[K
[0.243s] compilation terminated.
[0.245s] gmake[2]: *** [CMakeFiles/rl_server.dir/build.make:76: CMakeFiles/rl_server.dir/src/rl_server.cpp.o] Error 1
[0.245s] gmake[1]: *** [CMakeFiles/Makefile2:224: CMakeFiles/rl_server.dir/all] Error 2
[0.287s] running egg_info
[0.287s] writing jaybot.egg-info/PKG-INFO
[0.288s] writing dependency_links to jaybot.egg-info/dependency_links.txt
[0.288s] writing top-level names to jaybot.egg-info/top_level.txt
[0.290s] reading manifest file 'jaybot.egg-info/SOURCES.txt'
[0.290s] writing manifest file 'jaybot.egg-info/SOURCES.txt'
[0.305s] [ 75%] Built target ament_cmake_python_build_jaybot_egg
[0.306s] gmake: *** [Makefile:146: all] Error 2
[0.311s] Invoked command in '/home/rlcontrol/jay_ws/build/jaybot' returned '2': CMAKE_PREFIX_PATH=/home/rlcontrol/jay_ws/install/rl_custom_messages:/home/rlcontrol/jay_ws/install/jaybot:/opt/ros/humble /home/rlcontrol/.local/bin/cmake --build /home/rlcontrol/jay_ws/build/jaybot -- -j6 -l6
