-- The C compiler identification is GNU 11.3.0
-- The CXX compiler identification is GNU 11.3.0
-- Detecting C compiler ABI info
-- Detecting C compiler ABI info - done
-- Check for working C compiler: /usr/bin/cc - skipped
-- Detecting C compile features
-- Detecting C compile features - done
-- Detecting CXX compiler ABI info
-- Detecting CXX compiler ABI info - done
-- Check for working CXX compiler: /usr/bin/c++ - skipped
-- Detecting CXX compile features
-- Detecting CXX compile features - done
-- Found ament_cmake: 1.3.4 (/opt/ros/humble/share/ament_cmake/cmake)
-- Found Python3: /usr/bin/python3.10 (found version "3.10.6") found components: Interpreter 
-- Found rclcpp: 16.0.4 (/opt/ros/humble/share/rclcpp/cmake)
-- Found rosidl_generator_c: 3.1.4 (/opt/ros/humble/share/rosidl_generator_c/cmake)
-- Found rosidl_adapter: 3.1.4 (/opt/ros/humble/share/rosidl_adapter/cmake)
-- Found rosidl_generator_cpp: 3.1.4 (/opt/ros/humble/share/rosidl_generator_cpp/cmake)
-- Using all available rosidl_typesupport_c: rosidl_typesupport_fastrtps_c;rosidl_typesupport_introspection_c
-- Using all available rosidl_typesupport_cpp: rosidl_typesupport_fastrtps_cpp;rosidl_typesupport_introspection_cpp
-- Found rmw_implementation_cmake: 6.1.1 (/opt/ros/humble/share/rmw_implementation_cmake/cmake)
-- Found rmw_fastrtps_cpp: 6.2.2 (/opt/ros/humble/share/rmw_fastrtps_cpp/cmake)
-- Found OpenSSL: /usr/lib/x86_64-linux-gnu/libcrypto.so (found version "3.0.2")  
-- Found FastRTPS: /opt/ros/humble/include  
-- Using RMW implementation 'rmw_fastrtps_cpp' as default
-- Performing Test CMAKE_HAVE_LIBC_PTHREAD
-- Performing Test CMAKE_HAVE_LIBC_PTHREAD - Success
-- Found Threads: TRUE  
-- Found rl_custom_messages: 0.0.0 (/home/rlcontrol/jay_ws/install/rl_custom_messages/share/rl_custom_messages/cmake)
-- Configuring done (1.2s)
-- Generating done (0.0s)
-- Build files have been written to: /home/rlcontrol/jay_ws/build/jaybot
[ 50%] [32mBuilding CXX object CMakeFiles/range_publisher.dir/src/range_publisher.cpp.o[0m
[ 50%] [32mBuilding CXX object CMakeFiles/rl_server.dir/src/rl_server.cpp.o[0m
[ 75%] [32m[1mLinking CXX executable range_publisher[0m
[ 75%] Built target range_publisher
[100%] [32m[1mLinking CXX executable rl_server[0m
[100%] Built target rl_server
-- Install configuration: ""
-- Installing: /home/rlcontrol/jay_ws/install/jaybot/lib/jaybot/range_publisher
-- Set runtime path of "/home/rlcontrol/jay_ws/install/jaybot/lib/jaybot/range_publisher" to ""
-- Installing: /home/rlcontrol/jay_ws/install/jaybot/lib/jaybot/rl_server
-- Set runtime path of "/home/rlcontrol/jay_ws/install/jaybot/lib/jaybot/rl_server" to ""
-- Installing: /home/rlcontrol/jay_ws/install/jaybot/include
-- Installing: /home/rlcontrol/jay_ws/install/jaybot/include/jaybot
-- Installing: /home/rlcontrol/jay_ws/install/jaybot/include/jaybot/RangeSensor.h
-- Installing: /home/rlcontrol/jay_ws/install/jaybot/share/jaybot/jaybot
-- Installing: /home/rlcontrol/jay_ws/install/jaybot/share/jaybot/jaybot/scripts
-- Installing: /home/rlcontrol/jay_ws/install/jaybot/share/jaybot/jaybot/scripts/saves
-- Installing: /home/rlcontrol/jay_ws/install/jaybot/share/jaybot/jaybot/scripts/saves/a2c-JayNetv1.0
-- Installing: /home/rlcontrol/jay_ws/install/jaybot/share/jaybot/jaybot/scripts/rl_mind.py
-- Installing: /home/rlcontrol/jay_ws/install/jaybot/share/jaybot/jaybot/scripts/__init___.py
-- Installing: /home/rlcontrol/jay_ws/install/jaybot/share/jaybot/jaybot/scripts/runs
-- Installing: /home/rlcontrol/jay_ws/install/jaybot/share/jaybot/jaybot/scripts/runs/Jun17_07-12-01_rlcontrolJayNetv1.0
-- Installing: /home/rlcontrol/jay_ws/install/jaybot/share/jaybot/jaybot/scripts/runs/Jun17_07-21-43_rlcontrolJayNetv1.0
-- Installing: /home/rlcontrol/jay_ws/install/jaybot/share/jaybot/jaybot/scripts/runs/Jun17_06-47-55_rlcontrolJayNetv1.0
-- Installing: /home/rlcontrol/jay_ws/install/jaybot/share/jaybot/jaybot/scripts/runs/Jun17_07-37-16_rlcontrolJayNetv1.0
-- Installing: /home/rlcontrol/jay_ws/install/jaybot/share/jaybot/jaybot/scripts/runs/Jun17_06-46-33_rlcontrolJayNetv1.0
-- Installing: /home/rlcontrol/jay_ws/install/jaybot/share/jaybot/jaybot/scripts/runs/Jun17_07-51-20_rlcontrolJayNetv1.0
-- Installing: /home/rlcontrol/jay_ws/install/jaybot/share/jaybot/jaybot/scripts/runs/Jun17_07-53-46_rlcontrolJayNetv1.0
-- Installing: /home/rlcontrol/jay_ws/install/jaybot/share/jaybot/jaybot/scripts/runs/Jun17_07-23-30_rlcontrolJayNetv1.0
-- Installing: /home/rlcontrol/jay_ws/install/jaybot/share/jaybot/jaybot/scripts/runs/Jun17_06-45-01_rlcontrolJayNetv1.0
-- Installing: /home/rlcontrol/jay_ws/install/jaybot/share/jaybot/jaybot/include
-- Installing: /home/rlcontrol/jay_ws/install/jaybot/share/jaybot/jaybot/include/jaybot
-- Installing: /home/rlcontrol/jay_ws/install/jaybot/share/jaybot/jaybot/setup.py
-- Installing: /home/rlcontrol/jay_ws/install/jaybot/share/jaybot/jaybot/src
-- Installing: /home/rlcontrol/jay_ws/install/jaybot/share/ament_index/resource_index/package_run_dependencies/jaybot
-- Installing: /home/rlcontrol/jay_ws/install/jaybot/share/ament_index/resource_index/parent_prefix_path/jaybot
-- Installing: /home/rlcontrol/jay_ws/install/jaybot/share/jaybot/environment/ament_prefix_path.sh
-- Installing: /home/rlcontrol/jay_ws/install/jaybot/share/jaybot/environment/ament_prefix_path.dsv
-- Installing: /home/rlcontrol/jay_ws/install/jaybot/share/jaybot/environment/path.sh
-- Installing: /home/rlcontrol/jay_ws/install/jaybot/share/jaybot/environment/path.dsv
-- Installing: /home/rlcontrol/jay_ws/install/jaybot/share/jaybot/local_setup.bash
-- Installing: /home/rlcontrol/jay_ws/install/jaybot/share/jaybot/local_setup.sh
-- Installing: /home/rlcontrol/jay_ws/install/jaybot/share/jaybot/local_setup.zsh
-- Installing: /home/rlcontrol/jay_ws/install/jaybot/share/jaybot/local_setup.dsv
-- Installing: /home/rlcontrol/jay_ws/install/jaybot/share/jaybot/package.dsv
-- Installing: /home/rlcontrol/jay_ws/install/jaybot/share/ament_index/resource_index/packages/jaybot
-- Installing: /home/rlcontrol/jay_ws/install/jaybot/share/jaybot/cmake/ament_cmake_export_dependencies-extras.cmake
-- Installing: /home/rlcontrol/jay_ws/install/jaybot/share/jaybot/cmake/jaybotConfig.cmake
-- Installing: /home/rlcontrol/jay_ws/install/jaybot/share/jaybot/cmake/jaybotConfig-version.cmake
-- Installing: /home/rlcontrol/jay_ws/install/jaybot/share/jaybot/package.xml
