[0.596s] DEBUG:colcon:Command line arguments: ['/usr/bin/colcon', 'build', '--symlink-install']
[0.596s] DEBUG:colcon:Parsed command line arguments: Namespace(log_base=None, log_level=None, verb_name='build', build_base='build', install_base='install', merge_install=False, symlink_install=True, test_result_base=None, continue_on_error=False, executor='parallel', parallel_workers=6, event_handlers=None, ignore_user_meta=False, metas=['./colcon.meta'], base_paths=['.'], packages_ignore=None, packages_ignore_regex=None, paths=None, packages_up_to=None, packages_up_to_regex=None, packages_above=None, packages_above_and_dependencies=None, packages_above_depth=None, packages_select_by_dep=None, packages_skip_by_dep=None, packages_skip_up_to=None, packages_select_build_failed=False, packages_skip_build_finished=False, packages_select_test_failures=False, packages_skip_test_passed=False, packages_select=None, packages_skip=None, packages_select_regex=None, packages_skip_regex=None, packages_start=None, packages_end=None, allow_overriding=[], cmake_args=None, cmake_target=None, cmake_target_skip_unavailable=False, cmake_clean_cache=False, cmake_clean_first=False, cmake_force_configure=False, ament_cmake_args=None, catkin_cmake_args=None, catkin_skip_building_tests=False, verb_parser=<colcon_defaults.argument_parser.defaults.DefaultArgumentsDecorator object at 0x7f6aed4faad0>, verb_extension=<colcon_core.verb.build.BuildVerb object at 0x7f6aedc82dd0>, main=<bound method BuildVerb.main of <colcon_core.verb.build.BuildVerb object at 0x7f6aedc82dd0>>)
[0.637s] Level 1:colcon.colcon_core.package_discovery:discover_packages(colcon_meta) check parameters
[0.638s] Level 1:colcon.colcon_core.package_discovery:discover_packages(recursive) check parameters
[0.638s] Level 1:colcon.colcon_core.package_discovery:discover_packages(ignore) check parameters
[0.638s] Level 1:colcon.colcon_core.package_discovery:discover_packages(path) check parameters
[0.638s] Level 1:colcon.colcon_core.package_discovery:discover_packages(colcon_meta) discover
[0.638s] Level 1:colcon.colcon_core.package_discovery:discover_packages(recursive) discover
[0.638s] INFO:colcon.colcon_core.package_discovery:Crawling recursively for packages in '/home/rlcontrol/jay_ws'
[0.638s] Level 1:colcon.colcon_core.package_identification:_identify(.) by extensions ['ignore', 'ignore_ament_install']
[0.638s] Level 1:colcon.colcon_core.package_identification:_identify(.) by extension 'ignore'
[0.638s] Level 1:colcon.colcon_core.package_identification:_identify(.) by extension 'ignore_ament_install'
[0.638s] Level 1:colcon.colcon_core.package_identification:_identify(.) by extensions ['colcon_pkg']
[0.638s] Level 1:colcon.colcon_core.package_identification:_identify(.) by extension 'colcon_pkg'
[0.639s] Level 1:colcon.colcon_core.package_identification:_identify(.) by extensions ['colcon_meta']
[0.639s] Level 1:colcon.colcon_core.package_identification:_identify(.) by extension 'colcon_meta'
[0.639s] Level 1:colcon.colcon_core.package_identification:_identify(.) by extensions ['ros']
[0.639s] Level 1:colcon.colcon_core.package_identification:_identify(.) by extension 'ros'
[0.656s] Level 1:colcon.colcon_core.package_identification:_identify(.) by extensions ['cmake', 'python']
[0.656s] Level 1:colcon.colcon_core.package_identification:_identify(.) by extension 'cmake'
[0.656s] Level 1:colcon.colcon_core.package_identification:_identify(.) by extension 'python'
[0.656s] Level 1:colcon.colcon_core.package_identification:_identify(.) by extensions ['python_setup_py']
[0.656s] Level 1:colcon.colcon_core.package_identification:_identify(.) by extension 'python_setup_py'
[0.657s] Level 1:colcon.colcon_core.package_identification:_identify(build) by extensions ['ignore', 'ignore_ament_install']
[0.657s] Level 1:colcon.colcon_core.package_identification:_identify(build) by extension 'ignore'
[0.657s] Level 1:colcon.colcon_core.package_identification:_identify(build) ignored
[0.657s] Level 1:colcon.colcon_core.package_identification:_identify(install) by extensions ['ignore', 'ignore_ament_install']
[0.657s] Level 1:colcon.colcon_core.package_identification:_identify(install) by extension 'ignore'
[0.657s] Level 1:colcon.colcon_core.package_identification:_identify(install) ignored
[0.657s] Level 1:colcon.colcon_core.package_identification:_identify(jaybot) by extensions ['ignore', 'ignore_ament_install']
[0.658s] Level 1:colcon.colcon_core.package_identification:_identify(jaybot) by extension 'ignore'
[0.658s] Level 1:colcon.colcon_core.package_identification:_identify(jaybot) by extension 'ignore_ament_install'
[0.658s] Level 1:colcon.colcon_core.package_identification:_identify(jaybot) by extensions ['colcon_pkg']
[0.658s] Level 1:colcon.colcon_core.package_identification:_identify(jaybot) by extension 'colcon_pkg'
[0.658s] Level 1:colcon.colcon_core.package_identification:_identify(jaybot) by extensions ['colcon_meta']
[0.658s] Level 1:colcon.colcon_core.package_identification:_identify(jaybot) by extension 'colcon_meta'
[0.658s] Level 1:colcon.colcon_core.package_identification:_identify(jaybot) by extensions ['ros']
[0.658s] Level 1:colcon.colcon_core.package_identification:_identify(jaybot) by extension 'ros'
[0.662s] DEBUG:colcon.colcon_core.package_identification:Package 'jaybot' with type 'ros.ament_cmake' and name 'jaybot'
[0.662s] Level 1:colcon.colcon_core.package_identification:_identify(log) by extensions ['ignore', 'ignore_ament_install']
[0.662s] Level 1:colcon.colcon_core.package_identification:_identify(log) by extension 'ignore'
[0.662s] Level 1:colcon.colcon_core.package_identification:_identify(log) ignored
[0.663s] Level 1:colcon.colcon_core.package_identification:_identify(rl_custom_messages) by extensions ['ignore', 'ignore_ament_install']
[0.663s] Level 1:colcon.colcon_core.package_identification:_identify(rl_custom_messages) by extension 'ignore'
[0.663s] Level 1:colcon.colcon_core.package_identification:_identify(rl_custom_messages) by extension 'ignore_ament_install'
[0.663s] Level 1:colcon.colcon_core.package_identification:_identify(rl_custom_messages) by extensions ['colcon_pkg']
[0.663s] Level 1:colcon.colcon_core.package_identification:_identify(rl_custom_messages) by extension 'colcon_pkg'
[0.663s] Level 1:colcon.colcon_core.package_identification:_identify(rl_custom_messages) by extensions ['colcon_meta']
[0.663s] Level 1:colcon.colcon_core.package_identification:_identify(rl_custom_messages) by extension 'colcon_meta'
[0.663s] Level 1:colcon.colcon_core.package_identification:_identify(rl_custom_messages) by extensions ['ros']
[0.663s] Level 1:colcon.colcon_core.package_identification:_identify(rl_custom_messages) by extension 'ros'
[0.664s] DEBUG:colcon.colcon_core.package_identification:Package 'rl_custom_messages' with type 'ros.ament_cmake' and name 'rl_custom_messages'
[0.664s] Level 1:colcon.colcon_core.package_identification:_identify(runs) by extensions ['ignore', 'ignore_ament_install']
[0.664s] Level 1:colcon.colcon_core.package_identification:_identify(runs) by extension 'ignore'
[0.664s] Level 1:colcon.colcon_core.package_identification:_identify(runs) by extension 'ignore_ament_install'
[0.664s] Level 1:colcon.colcon_core.package_identification:_identify(runs) by extensions ['colcon_pkg']
[0.664s] Level 1:colcon.colcon_core.package_identification:_identify(runs) by extension 'colcon_pkg'
[0.664s] Level 1:colcon.colcon_core.package_identification:_identify(runs) by extensions ['colcon_meta']
[0.664s] Level 1:colcon.colcon_core.package_identification:_identify(runs) by extension 'colcon_meta'
[0.664s] Level 1:colcon.colcon_core.package_identification:_identify(runs) by extensions ['ros']
[0.665s] Level 1:colcon.colcon_core.package_identification:_identify(runs) by extension 'ros'
[0.665s] Level 1:colcon.colcon_core.package_identification:_identify(runs) by extensions ['cmake', 'python']
[0.665s] Level 1:colcon.colcon_core.package_identification:_identify(runs) by extension 'cmake'
[0.665s] Level 1:colcon.colcon_core.package_identification:_identify(runs) by extension 'python'
[0.665s] Level 1:colcon.colcon_core.package_identification:_identify(runs) by extensions ['python_setup_py']
[0.665s] Level 1:colcon.colcon_core.package_identification:_identify(runs) by extension 'python_setup_py'
[0.665s] Level 1:colcon.colcon_core.package_identification:_identify(runs/Jun19_08-44-27_rlcontrolJayNetv1.0) by extensions ['ignore', 'ignore_ament_install']
[0.665s] Level 1:colcon.colcon_core.package_identification:_identify(runs/Jun19_08-44-27_rlcontrolJayNetv1.0) by extension 'ignore'
[0.665s] Level 1:colcon.colcon_core.package_identification:_identify(runs/Jun19_08-44-27_rlcontrolJayNetv1.0) by extension 'ignore_ament_install'
[0.665s] Level 1:colcon.colcon_core.package_identification:_identify(runs/Jun19_08-44-27_rlcontrolJayNetv1.0) by extensions ['colcon_pkg']
[0.665s] Level 1:colcon.colcon_core.package_identification:_identify(runs/Jun19_08-44-27_rlcontrolJayNetv1.0) by extension 'colcon_pkg'
[0.665s] Level 1:colcon.colcon_core.package_identification:_identify(runs/Jun19_08-44-27_rlcontrolJayNetv1.0) by extensions ['colcon_meta']
[0.665s] Level 1:colcon.colcon_core.package_identification:_identify(runs/Jun19_08-44-27_rlcontrolJayNetv1.0) by extension 'colcon_meta'
[0.666s] Level 1:colcon.colcon_core.package_identification:_identify(runs/Jun19_08-44-27_rlcontrolJayNetv1.0) by extensions ['ros']
[0.666s] Level 1:colcon.colcon_core.package_identification:_identify(runs/Jun19_08-44-27_rlcontrolJayNetv1.0) by extension 'ros'
[0.666s] Level 1:colcon.colcon_core.package_identification:_identify(runs/Jun19_08-44-27_rlcontrolJayNetv1.0) by extensions ['cmake', 'python']
[0.666s] Level 1:colcon.colcon_core.package_identification:_identify(runs/Jun19_08-44-27_rlcontrolJayNetv1.0) by extension 'cmake'
[0.666s] Level 1:colcon.colcon_core.package_identification:_identify(runs/Jun19_08-44-27_rlcontrolJayNetv1.0) by extension 'python'
[0.666s] Level 1:colcon.colcon_core.package_identification:_identify(runs/Jun19_08-44-27_rlcontrolJayNetv1.0) by extensions ['python_setup_py']
[0.666s] Level 1:colcon.colcon_core.package_identification:_identify(runs/Jun19_08-44-27_rlcontrolJayNetv1.0) by extension 'python_setup_py'
[0.666s] Level 1:colcon.colcon_core.package_identification:_identify(runs/Jun19_08-47-06_rlcontrolJayNetv1.0) by extensions ['ignore', 'ignore_ament_install']
[0.666s] Level 1:colcon.colcon_core.package_identification:_identify(runs/Jun19_08-47-06_rlcontrolJayNetv1.0) by extension 'ignore'
[0.666s] Level 1:colcon.colcon_core.package_identification:_identify(runs/Jun19_08-47-06_rlcontrolJayNetv1.0) by extension 'ignore_ament_install'
[0.666s] Level 1:colcon.colcon_core.package_identification:_identify(runs/Jun19_08-47-06_rlcontrolJayNetv1.0) by extensions ['colcon_pkg']
[0.666s] Level 1:colcon.colcon_core.package_identification:_identify(runs/Jun19_08-47-06_rlcontrolJayNetv1.0) by extension 'colcon_pkg'
[0.666s] Level 1:colcon.colcon_core.package_identification:_identify(runs/Jun19_08-47-06_rlcontrolJayNetv1.0) by extensions ['colcon_meta']
[0.666s] Level 1:colcon.colcon_core.package_identification:_identify(runs/Jun19_08-47-06_rlcontrolJayNetv1.0) by extension 'colcon_meta'
[0.666s] Level 1:colcon.colcon_core.package_identification:_identify(runs/Jun19_08-47-06_rlcontrolJayNetv1.0) by extensions ['ros']
[0.667s] Level 1:colcon.colcon_core.package_identification:_identify(runs/Jun19_08-47-06_rlcontrolJayNetv1.0) by extension 'ros'
[0.667s] Level 1:colcon.colcon_core.package_identification:_identify(runs/Jun19_08-47-06_rlcontrolJayNetv1.0) by extensions ['cmake', 'python']
[0.667s] Level 1:colcon.colcon_core.package_identification:_identify(runs/Jun19_08-47-06_rlcontrolJayNetv1.0) by extension 'cmake'
[0.667s] Level 1:colcon.colcon_core.package_identification:_identify(runs/Jun19_08-47-06_rlcontrolJayNetv1.0) by extension 'python'
[0.667s] Level 1:colcon.colcon_core.package_identification:_identify(runs/Jun19_08-47-06_rlcontrolJayNetv1.0) by extensions ['python_setup_py']
[0.667s] Level 1:colcon.colcon_core.package_identification:_identify(runs/Jun19_08-47-06_rlcontrolJayNetv1.0) by extension 'python_setup_py'
[0.667s] Level 1:colcon.colcon_core.package_identification:_identify(runs/Jun19_08-47-47_rlcontrolJayNetv1.0) by extensions ['ignore', 'ignore_ament_install']
[0.667s] Level 1:colcon.colcon_core.package_identification:_identify(runs/Jun19_08-47-47_rlcontrolJayNetv1.0) by extension 'ignore'
[0.667s] Level 1:colcon.colcon_core.package_identification:_identify(runs/Jun19_08-47-47_rlcontrolJayNetv1.0) by extension 'ignore_ament_install'
[0.667s] Level 1:colcon.colcon_core.package_identification:_identify(runs/Jun19_08-47-47_rlcontrolJayNetv1.0) by extensions ['colcon_pkg']
[0.667s] Level 1:colcon.colcon_core.package_identification:_identify(runs/Jun19_08-47-47_rlcontrolJayNetv1.0) by extension 'colcon_pkg'
[0.667s] Level 1:colcon.colcon_core.package_identification:_identify(runs/Jun19_08-47-47_rlcontrolJayNetv1.0) by extensions ['colcon_meta']
[0.667s] Level 1:colcon.colcon_core.package_identification:_identify(runs/Jun19_08-47-47_rlcontrolJayNetv1.0) by extension 'colcon_meta'
[0.667s] Level 1:colcon.colcon_core.package_identification:_identify(runs/Jun19_08-47-47_rlcontrolJayNetv1.0) by extensions ['ros']
[0.668s] Level 1:colcon.colcon_core.package_identification:_identify(runs/Jun19_08-47-47_rlcontrolJayNetv1.0) by extension 'ros'
[0.668s] Level 1:colcon.colcon_core.package_identification:_identify(runs/Jun19_08-47-47_rlcontrolJayNetv1.0) by extensions ['cmake', 'python']
[0.668s] Level 1:colcon.colcon_core.package_identification:_identify(runs/Jun19_08-47-47_rlcontrolJayNetv1.0) by extension 'cmake'
[0.668s] Level 1:colcon.colcon_core.package_identification:_identify(runs/Jun19_08-47-47_rlcontrolJayNetv1.0) by extension 'python'
[0.668s] Level 1:colcon.colcon_core.package_identification:_identify(runs/Jun19_08-47-47_rlcontrolJayNetv1.0) by extensions ['python_setup_py']
[0.668s] Level 1:colcon.colcon_core.package_identification:_identify(runs/Jun19_08-47-47_rlcontrolJayNetv1.0) by extension 'python_setup_py'
[0.668s] Level 1:colcon.colcon_core.package_identification:_identify(runs/Jun19_08-51-31_rlcontrolJayNetv1.0) by extensions ['ignore', 'ignore_ament_install']
[0.668s] Level 1:colcon.colcon_core.package_identification:_identify(runs/Jun19_08-51-31_rlcontrolJayNetv1.0) by extension 'ignore'
[0.668s] Level 1:colcon.colcon_core.package_identification:_identify(runs/Jun19_08-51-31_rlcontrolJayNetv1.0) by extension 'ignore_ament_install'
[0.668s] Level 1:colcon.colcon_core.package_identification:_identify(runs/Jun19_08-51-31_rlcontrolJayNetv1.0) by extensions ['colcon_pkg']
[0.668s] Level 1:colcon.colcon_core.package_identification:_identify(runs/Jun19_08-51-31_rlcontrolJayNetv1.0) by extension 'colcon_pkg'
[0.668s] Level 1:colcon.colcon_core.package_identification:_identify(runs/Jun19_08-51-31_rlcontrolJayNetv1.0) by extensions ['colcon_meta']
[0.668s] Level 1:colcon.colcon_core.package_identification:_identify(runs/Jun19_08-51-31_rlcontrolJayNetv1.0) by extension 'colcon_meta'
[0.668s] Level 1:colcon.colcon_core.package_identification:_identify(runs/Jun19_08-51-31_rlcontrolJayNetv1.0) by extensions ['ros']
[0.669s] Level 1:colcon.colcon_core.package_identification:_identify(runs/Jun19_08-51-31_rlcontrolJayNetv1.0) by extension 'ros'
[0.669s] Level 1:colcon.colcon_core.package_identification:_identify(runs/Jun19_08-51-31_rlcontrolJayNetv1.0) by extensions ['cmake', 'python']
[0.669s] Level 1:colcon.colcon_core.package_identification:_identify(runs/Jun19_08-51-31_rlcontrolJayNetv1.0) by extension 'cmake'
[0.669s] Level 1:colcon.colcon_core.package_identification:_identify(runs/Jun19_08-51-31_rlcontrolJayNetv1.0) by extension 'python'
[0.669s] Level 1:colcon.colcon_core.package_identification:_identify(runs/Jun19_08-51-31_rlcontrolJayNetv1.0) by extensions ['python_setup_py']
[0.669s] Level 1:colcon.colcon_core.package_identification:_identify(runs/Jun19_08-51-31_rlcontrolJayNetv1.0) by extension 'python_setup_py'
[0.669s] Level 1:colcon.colcon_core.package_identification:_identify(runs/Jun19_08-54-24_rlcontrolJayNetv1.0) by extensions ['ignore', 'ignore_ament_install']
[0.669s] Level 1:colcon.colcon_core.package_identification:_identify(runs/Jun19_08-54-24_rlcontrolJayNetv1.0) by extension 'ignore'
[0.669s] Level 1:colcon.colcon_core.package_identification:_identify(runs/Jun19_08-54-24_rlcontrolJayNetv1.0) by extension 'ignore_ament_install'
[0.669s] Level 1:colcon.colcon_core.package_identification:_identify(runs/Jun19_08-54-24_rlcontrolJayNetv1.0) by extensions ['colcon_pkg']
[0.669s] Level 1:colcon.colcon_core.package_identification:_identify(runs/Jun19_08-54-24_rlcontrolJayNetv1.0) by extension 'colcon_pkg'
[0.669s] Level 1:colcon.colcon_core.package_identification:_identify(runs/Jun19_08-54-24_rlcontrolJayNetv1.0) by extensions ['colcon_meta']
[0.669s] Level 1:colcon.colcon_core.package_identification:_identify(runs/Jun19_08-54-24_rlcontrolJayNetv1.0) by extension 'colcon_meta'
[0.669s] Level 1:colcon.colcon_core.package_identification:_identify(runs/Jun19_08-54-24_rlcontrolJayNetv1.0) by extensions ['ros']
[0.669s] Level 1:colcon.colcon_core.package_identification:_identify(runs/Jun19_08-54-24_rlcontrolJayNetv1.0) by extension 'ros'
[0.670s] Level 1:colcon.colcon_core.package_identification:_identify(runs/Jun19_08-54-24_rlcontrolJayNetv1.0) by extensions ['cmake', 'python']
[0.670s] Level 1:colcon.colcon_core.package_identification:_identify(runs/Jun19_08-54-24_rlcontrolJayNetv1.0) by extension 'cmake'
[0.670s] Level 1:colcon.colcon_core.package_identification:_identify(runs/Jun19_08-54-24_rlcontrolJayNetv1.0) by extension 'python'
[0.670s] Level 1:colcon.colcon_core.package_identification:_identify(runs/Jun19_08-54-24_rlcontrolJayNetv1.0) by extensions ['python_setup_py']
[0.670s] Level 1:colcon.colcon_core.package_identification:_identify(runs/Jun19_08-54-24_rlcontrolJayNetv1.0) by extension 'python_setup_py'
[0.670s] Level 1:colcon.colcon_core.package_identification:_identify(runs/Jun19_08-55-34_rlcontrolJayNetv1.0) by extensions ['ignore', 'ignore_ament_install']
[0.670s] Level 1:colcon.colcon_core.package_identification:_identify(runs/Jun19_08-55-34_rlcontrolJayNetv1.0) by extension 'ignore'
[0.670s] Level 1:colcon.colcon_core.package_identification:_identify(runs/Jun19_08-55-34_rlcontrolJayNetv1.0) by extension 'ignore_ament_install'
[0.670s] Level 1:colcon.colcon_core.package_identification:_identify(runs/Jun19_08-55-34_rlcontrolJayNetv1.0) by extensions ['colcon_pkg']
[0.670s] Level 1:colcon.colcon_core.package_identification:_identify(runs/Jun19_08-55-34_rlcontrolJayNetv1.0) by extension 'colcon_pkg'
[0.670s] Level 1:colcon.colcon_core.package_identification:_identify(runs/Jun19_08-55-34_rlcontrolJayNetv1.0) by extensions ['colcon_meta']
[0.670s] Level 1:colcon.colcon_core.package_identification:_identify(runs/Jun19_08-55-34_rlcontrolJayNetv1.0) by extension 'colcon_meta'
[0.670s] Level 1:colcon.colcon_core.package_identification:_identify(runs/Jun19_08-55-34_rlcontrolJayNetv1.0) by extensions ['ros']
[0.670s] Level 1:colcon.colcon_core.package_identification:_identify(runs/Jun19_08-55-34_rlcontrolJayNetv1.0) by extension 'ros'
[0.671s] Level 1:colcon.colcon_core.package_identification:_identify(runs/Jun19_08-55-34_rlcontrolJayNetv1.0) by extensions ['cmake', 'python']
[0.671s] Level 1:colcon.colcon_core.package_identification:_identify(runs/Jun19_08-55-34_rlcontrolJayNetv1.0) by extension 'cmake'
[0.671s] Level 1:colcon.colcon_core.package_identification:_identify(runs/Jun19_08-55-34_rlcontrolJayNetv1.0) by extension 'python'
[0.671s] Level 1:colcon.colcon_core.package_identification:_identify(runs/Jun19_08-55-34_rlcontrolJayNetv1.0) by extensions ['python_setup_py']
[0.671s] Level 1:colcon.colcon_core.package_identification:_identify(runs/Jun19_08-55-34_rlcontrolJayNetv1.0) by extension 'python_setup_py'
[0.671s] Level 1:colcon.colcon_core.package_identification:_identify(runs/Jun19_08-56-10_rlcontrolJayNetv1.0) by extensions ['ignore', 'ignore_ament_install']
[0.671s] Level 1:colcon.colcon_core.package_identification:_identify(runs/Jun19_08-56-10_rlcontrolJayNetv1.0) by extension 'ignore'
[0.671s] Level 1:colcon.colcon_core.package_identification:_identify(runs/Jun19_08-56-10_rlcontrolJayNetv1.0) by extension 'ignore_ament_install'
[0.671s] Level 1:colcon.colcon_core.package_identification:_identify(runs/Jun19_08-56-10_rlcontrolJayNetv1.0) by extensions ['colcon_pkg']
[0.671s] Level 1:colcon.colcon_core.package_identification:_identify(runs/Jun19_08-56-10_rlcontrolJayNetv1.0) by extension 'colcon_pkg'
[0.671s] Level 1:colcon.colcon_core.package_identification:_identify(runs/Jun19_08-56-10_rlcontrolJayNetv1.0) by extensions ['colcon_meta']
[0.671s] Level 1:colcon.colcon_core.package_identification:_identify(runs/Jun19_08-56-10_rlcontrolJayNetv1.0) by extension 'colcon_meta'
[0.671s] Level 1:colcon.colcon_core.package_identification:_identify(runs/Jun19_08-56-10_rlcontrolJayNetv1.0) by extensions ['ros']
[0.672s] Level 1:colcon.colcon_core.package_identification:_identify(runs/Jun19_08-56-10_rlcontrolJayNetv1.0) by extension 'ros'
[0.672s] Level 1:colcon.colcon_core.package_identification:_identify(runs/Jun19_08-56-10_rlcontrolJayNetv1.0) by extensions ['cmake', 'python']
[0.672s] Level 1:colcon.colcon_core.package_identification:_identify(runs/Jun19_08-56-10_rlcontrolJayNetv1.0) by extension 'cmake'
[0.672s] Level 1:colcon.colcon_core.package_identification:_identify(runs/Jun19_08-56-10_rlcontrolJayNetv1.0) by extension 'python'
[0.672s] Level 1:colcon.colcon_core.package_identification:_identify(runs/Jun19_08-56-10_rlcontrolJayNetv1.0) by extensions ['python_setup_py']
[0.672s] Level 1:colcon.colcon_core.package_identification:_identify(runs/Jun19_08-56-10_rlcontrolJayNetv1.0) by extension 'python_setup_py'
[0.672s] Level 1:colcon.colcon_core.package_identification:_identify(runs/Jun19_09-18-29_rlcontrolJayNetv1.0) by extensions ['ignore', 'ignore_ament_install']
[0.672s] Level 1:colcon.colcon_core.package_identification:_identify(runs/Jun19_09-18-29_rlcontrolJayNetv1.0) by extension 'ignore'
[0.672s] Level 1:colcon.colcon_core.package_identification:_identify(runs/Jun19_09-18-29_rlcontrolJayNetv1.0) by extension 'ignore_ament_install'
[0.672s] Level 1:colcon.colcon_core.package_identification:_identify(runs/Jun19_09-18-29_rlcontrolJayNetv1.0) by extensions ['colcon_pkg']
[0.672s] Level 1:colcon.colcon_core.package_identification:_identify(runs/Jun19_09-18-29_rlcontrolJayNetv1.0) by extension 'colcon_pkg'
[0.672s] Level 1:colcon.colcon_core.package_identification:_identify(runs/Jun19_09-18-29_rlcontrolJayNetv1.0) by extensions ['colcon_meta']
[0.673s] Level 1:colcon.colcon_core.package_identification:_identify(runs/Jun19_09-18-29_rlcontrolJayNetv1.0) by extension 'colcon_meta'
[0.673s] Level 1:colcon.colcon_core.package_identification:_identify(runs/Jun19_09-18-29_rlcontrolJayNetv1.0) by extensions ['ros']
[0.673s] Level 1:colcon.colcon_core.package_identification:_identify(runs/Jun19_09-18-29_rlcontrolJayNetv1.0) by extension 'ros'
[0.673s] Level 1:colcon.colcon_core.package_identification:_identify(runs/Jun19_09-18-29_rlcontrolJayNetv1.0) by extensions ['cmake', 'python']
[0.673s] Level 1:colcon.colcon_core.package_identification:_identify(runs/Jun19_09-18-29_rlcontrolJayNetv1.0) by extension 'cmake'
[0.673s] Level 1:colcon.colcon_core.package_identification:_identify(runs/Jun19_09-18-29_rlcontrolJayNetv1.0) by extension 'python'
[0.673s] Level 1:colcon.colcon_core.package_identification:_identify(runs/Jun19_09-18-29_rlcontrolJayNetv1.0) by extensions ['python_setup_py']
[0.673s] Level 1:colcon.colcon_core.package_identification:_identify(runs/Jun19_09-18-29_rlcontrolJayNetv1.0) by extension 'python_setup_py'
[0.673s] Level 1:colcon.colcon_core.package_identification:_identify(runs/Jun19_09-20-31_rlcontrolJayNetv1.0) by extensions ['ignore', 'ignore_ament_install']
[0.673s] Level 1:colcon.colcon_core.package_identification:_identify(runs/Jun19_09-20-31_rlcontrolJayNetv1.0) by extension 'ignore'
[0.673s] Level 1:colcon.colcon_core.package_identification:_identify(runs/Jun19_09-20-31_rlcontrolJayNetv1.0) by extension 'ignore_ament_install'
[0.673s] Level 1:colcon.colcon_core.package_identification:_identify(runs/Jun19_09-20-31_rlcontrolJayNetv1.0) by extensions ['colcon_pkg']
[0.673s] Level 1:colcon.colcon_core.package_identification:_identify(runs/Jun19_09-20-31_rlcontrolJayNetv1.0) by extension 'colcon_pkg'
[0.674s] Level 1:colcon.colcon_core.package_identification:_identify(runs/Jun19_09-20-31_rlcontrolJayNetv1.0) by extensions ['colcon_meta']
[0.674s] Level 1:colcon.colcon_core.package_identification:_identify(runs/Jun19_09-20-31_rlcontrolJayNetv1.0) by extension 'colcon_meta'
[0.674s] Level 1:colcon.colcon_core.package_identification:_identify(runs/Jun19_09-20-31_rlcontrolJayNetv1.0) by extensions ['ros']
[0.674s] Level 1:colcon.colcon_core.package_identification:_identify(runs/Jun19_09-20-31_rlcontrolJayNetv1.0) by extension 'ros'
[0.674s] Level 1:colcon.colcon_core.package_identification:_identify(runs/Jun19_09-20-31_rlcontrolJayNetv1.0) by extensions ['cmake', 'python']
[0.674s] Level 1:colcon.colcon_core.package_identification:_identify(runs/Jun19_09-20-31_rlcontrolJayNetv1.0) by extension 'cmake'
[0.674s] Level 1:colcon.colcon_core.package_identification:_identify(runs/Jun19_09-20-31_rlcontrolJayNetv1.0) by extension 'python'
[0.674s] Level 1:colcon.colcon_core.package_identification:_identify(runs/Jun19_09-20-31_rlcontrolJayNetv1.0) by extensions ['python_setup_py']
[0.674s] Level 1:colcon.colcon_core.package_identification:_identify(runs/Jun19_09-20-31_rlcontrolJayNetv1.0) by extension 'python_setup_py'
[0.674s] Level 1:colcon.colcon_core.package_identification:_identify(runs/Jun19_09-25-23_rlcontrolJayNetv1.0) by extensions ['ignore', 'ignore_ament_install']
[0.674s] Level 1:colcon.colcon_core.package_identification:_identify(runs/Jun19_09-25-23_rlcontrolJayNetv1.0) by extension 'ignore'
[0.674s] Level 1:colcon.colcon_core.package_identification:_identify(runs/Jun19_09-25-23_rlcontrolJayNetv1.0) by extension 'ignore_ament_install'
[0.674s] Level 1:colcon.colcon_core.package_identification:_identify(runs/Jun19_09-25-23_rlcontrolJayNetv1.0) by extensions ['colcon_pkg']
[0.675s] Level 1:colcon.colcon_core.package_identification:_identify(runs/Jun19_09-25-23_rlcontrolJayNetv1.0) by extension 'colcon_pkg'
[0.675s] Level 1:colcon.colcon_core.package_identification:_identify(runs/Jun19_09-25-23_rlcontrolJayNetv1.0) by extensions ['colcon_meta']
[0.675s] Level 1:colcon.colcon_core.package_identification:_identify(runs/Jun19_09-25-23_rlcontrolJayNetv1.0) by extension 'colcon_meta'
[0.675s] Level 1:colcon.colcon_core.package_identification:_identify(runs/Jun19_09-25-23_rlcontrolJayNetv1.0) by extensions ['ros']
[0.675s] Level 1:colcon.colcon_core.package_identification:_identify(runs/Jun19_09-25-23_rlcontrolJayNetv1.0) by extension 'ros'
[0.675s] Level 1:colcon.colcon_core.package_identification:_identify(runs/Jun19_09-25-23_rlcontrolJayNetv1.0) by extensions ['cmake', 'python']
[0.675s] Level 1:colcon.colcon_core.package_identification:_identify(runs/Jun19_09-25-23_rlcontrolJayNetv1.0) by extension 'cmake'
[0.675s] Level 1:colcon.colcon_core.package_identification:_identify(runs/Jun19_09-25-23_rlcontrolJayNetv1.0) by extension 'python'
[0.675s] Level 1:colcon.colcon_core.package_identification:_identify(runs/Jun19_09-25-23_rlcontrolJayNetv1.0) by extensions ['python_setup_py']
[0.675s] Level 1:colcon.colcon_core.package_identification:_identify(runs/Jun19_09-25-23_rlcontrolJayNetv1.0) by extension 'python_setup_py'
[0.675s] Level 1:colcon.colcon_core.package_identification:_identify(runs/Jun19_09-37-03_rlcontrolJayNetv1.0) by extensions ['ignore', 'ignore_ament_install']
[0.675s] Level 1:colcon.colcon_core.package_identification:_identify(runs/Jun19_09-37-03_rlcontrolJayNetv1.0) by extension 'ignore'
[0.675s] Level 1:colcon.colcon_core.package_identification:_identify(runs/Jun19_09-37-03_rlcontrolJayNetv1.0) by extension 'ignore_ament_install'
[0.676s] Level 1:colcon.colcon_core.package_identification:_identify(runs/Jun19_09-37-03_rlcontrolJayNetv1.0) by extensions ['colcon_pkg']
[0.676s] Level 1:colcon.colcon_core.package_identification:_identify(runs/Jun19_09-37-03_rlcontrolJayNetv1.0) by extension 'colcon_pkg'
[0.676s] Level 1:colcon.colcon_core.package_identification:_identify(runs/Jun19_09-37-03_rlcontrolJayNetv1.0) by extensions ['colcon_meta']
[0.676s] Level 1:colcon.colcon_core.package_identification:_identify(runs/Jun19_09-37-03_rlcontrolJayNetv1.0) by extension 'colcon_meta'
[0.676s] Level 1:colcon.colcon_core.package_identification:_identify(runs/Jun19_09-37-03_rlcontrolJayNetv1.0) by extensions ['ros']
[0.676s] Level 1:colcon.colcon_core.package_identification:_identify(runs/Jun19_09-37-03_rlcontrolJayNetv1.0) by extension 'ros'
[0.676s] Level 1:colcon.colcon_core.package_identification:_identify(runs/Jun19_09-37-03_rlcontrolJayNetv1.0) by extensions ['cmake', 'python']
[0.676s] Level 1:colcon.colcon_core.package_identification:_identify(runs/Jun19_09-37-03_rlcontrolJayNetv1.0) by extension 'cmake'
[0.676s] Level 1:colcon.colcon_core.package_identification:_identify(runs/Jun19_09-37-03_rlcontrolJayNetv1.0) by extension 'python'
[0.676s] Level 1:colcon.colcon_core.package_identification:_identify(runs/Jun19_09-37-03_rlcontrolJayNetv1.0) by extensions ['python_setup_py']
[0.676s] Level 1:colcon.colcon_core.package_identification:_identify(runs/Jun19_09-37-03_rlcontrolJayNetv1.0) by extension 'python_setup_py'
[0.676s] Level 1:colcon.colcon_core.package_identification:_identify(runs/Jun19_09-39-58_rlcontrolJayNetv1.0) by extensions ['ignore', 'ignore_ament_install']
[0.677s] Level 1:colcon.colcon_core.package_identification:_identify(runs/Jun19_09-39-58_rlcontrolJayNetv1.0) by extension 'ignore'
[0.677s] Level 1:colcon.colcon_core.package_identification:_identify(runs/Jun19_09-39-58_rlcontrolJayNetv1.0) by extension 'ignore_ament_install'
[0.677s] Level 1:colcon.colcon_core.package_identification:_identify(runs/Jun19_09-39-58_rlcontrolJayNetv1.0) by extensions ['colcon_pkg']
[0.677s] Level 1:colcon.colcon_core.package_identification:_identify(runs/Jun19_09-39-58_rlcontrolJayNetv1.0) by extension 'colcon_pkg'
[0.677s] Level 1:colcon.colcon_core.package_identification:_identify(runs/Jun19_09-39-58_rlcontrolJayNetv1.0) by extensions ['colcon_meta']
[0.677s] Level 1:colcon.colcon_core.package_identification:_identify(runs/Jun19_09-39-58_rlcontrolJayNetv1.0) by extension 'colcon_meta'
[0.677s] Level 1:colcon.colcon_core.package_identification:_identify(runs/Jun19_09-39-58_rlcontrolJayNetv1.0) by extensions ['ros']
[0.677s] Level 1:colcon.colcon_core.package_identification:_identify(runs/Jun19_09-39-58_rlcontrolJayNetv1.0) by extension 'ros'
[0.677s] Level 1:colcon.colcon_core.package_identification:_identify(runs/Jun19_09-39-58_rlcontrolJayNetv1.0) by extensions ['cmake', 'python']
[0.677s] Level 1:colcon.colcon_core.package_identification:_identify(runs/Jun19_09-39-58_rlcontrolJayNetv1.0) by extension 'cmake'
[0.677s] Level 1:colcon.colcon_core.package_identification:_identify(runs/Jun19_09-39-58_rlcontrolJayNetv1.0) by extension 'python'
[0.677s] Level 1:colcon.colcon_core.package_identification:_identify(runs/Jun19_09-39-58_rlcontrolJayNetv1.0) by extensions ['python_setup_py']
[0.677s] Level 1:colcon.colcon_core.package_identification:_identify(runs/Jun19_09-39-58_rlcontrolJayNetv1.0) by extension 'python_setup_py'
[0.677s] Level 1:colcon.colcon_core.package_identification:_identify(runs/Jun19_13-16-15_rlcontrolJayNetv1.0) by extensions ['ignore', 'ignore_ament_install']
[0.678s] Level 1:colcon.colcon_core.package_identification:_identify(runs/Jun19_13-16-15_rlcontrolJayNetv1.0) by extension 'ignore'
[0.678s] Level 1:colcon.colcon_core.package_identification:_identify(runs/Jun19_13-16-15_rlcontrolJayNetv1.0) by extension 'ignore_ament_install'
[0.678s] Level 1:colcon.colcon_core.package_identification:_identify(runs/Jun19_13-16-15_rlcontrolJayNetv1.0) by extensions ['colcon_pkg']
[0.678s] Level 1:colcon.colcon_core.package_identification:_identify(runs/Jun19_13-16-15_rlcontrolJayNetv1.0) by extension 'colcon_pkg'
[0.678s] Level 1:colcon.colcon_core.package_identification:_identify(runs/Jun19_13-16-15_rlcontrolJayNetv1.0) by extensions ['colcon_meta']
[0.678s] Level 1:colcon.colcon_core.package_identification:_identify(runs/Jun19_13-16-15_rlcontrolJayNetv1.0) by extension 'colcon_meta'
[0.678s] Level 1:colcon.colcon_core.package_identification:_identify(runs/Jun19_13-16-15_rlcontrolJayNetv1.0) by extensions ['ros']
[0.678s] Level 1:colcon.colcon_core.package_identification:_identify(runs/Jun19_13-16-15_rlcontrolJayNetv1.0) by extension 'ros'
[0.678s] Level 1:colcon.colcon_core.package_identification:_identify(runs/Jun19_13-16-15_rlcontrolJayNetv1.0) by extensions ['cmake', 'python']
[0.678s] Level 1:colcon.colcon_core.package_identification:_identify(runs/Jun19_13-16-15_rlcontrolJayNetv1.0) by extension 'cmake'
[0.678s] Level 1:colcon.colcon_core.package_identification:_identify(runs/Jun19_13-16-15_rlcontrolJayNetv1.0) by extension 'python'
[0.678s] Level 1:colcon.colcon_core.package_identification:_identify(runs/Jun19_13-16-15_rlcontrolJayNetv1.0) by extensions ['python_setup_py']
[0.678s] Level 1:colcon.colcon_core.package_identification:_identify(runs/Jun19_13-16-15_rlcontrolJayNetv1.0) by extension 'python_setup_py'
[0.679s] Level 1:colcon.colcon_core.package_identification:_identify(runs/Jun19_13-36-17_rlcontrolJayNetv1.0) by extensions ['ignore', 'ignore_ament_install']
[0.679s] Level 1:colcon.colcon_core.package_identification:_identify(runs/Jun19_13-36-17_rlcontrolJayNetv1.0) by extension 'ignore'
[0.679s] Level 1:colcon.colcon_core.package_identification:_identify(runs/Jun19_13-36-17_rlcontrolJayNetv1.0) by extension 'ignore_ament_install'
[0.679s] Level 1:colcon.colcon_core.package_identification:_identify(runs/Jun19_13-36-17_rlcontrolJayNetv1.0) by extensions ['colcon_pkg']
[0.679s] Level 1:colcon.colcon_core.package_identification:_identify(runs/Jun19_13-36-17_rlcontrolJayNetv1.0) by extension 'colcon_pkg'
[0.679s] Level 1:colcon.colcon_core.package_identification:_identify(runs/Jun19_13-36-17_rlcontrolJayNetv1.0) by extensions ['colcon_meta']
[0.679s] Level 1:colcon.colcon_core.package_identification:_identify(runs/Jun19_13-36-17_rlcontrolJayNetv1.0) by extension 'colcon_meta'
[0.679s] Level 1:colcon.colcon_core.package_identification:_identify(runs/Jun19_13-36-17_rlcontrolJayNetv1.0) by extensions ['ros']
[0.679s] Level 1:colcon.colcon_core.package_identification:_identify(runs/Jun19_13-36-17_rlcontrolJayNetv1.0) by extension 'ros'
[0.679s] Level 1:colcon.colcon_core.package_identification:_identify(runs/Jun19_13-36-17_rlcontrolJayNetv1.0) by extensions ['cmake', 'python']
[0.679s] Level 1:colcon.colcon_core.package_identification:_identify(runs/Jun19_13-36-17_rlcontrolJayNetv1.0) by extension 'cmake'
[0.679s] Level 1:colcon.colcon_core.package_identification:_identify(runs/Jun19_13-36-17_rlcontrolJayNetv1.0) by extension 'python'
[0.679s] Level 1:colcon.colcon_core.package_identification:_identify(runs/Jun19_13-36-17_rlcontrolJayNetv1.0) by extensions ['python_setup_py']
[0.679s] Level 1:colcon.colcon_core.package_identification:_identify(runs/Jun19_13-36-17_rlcontrolJayNetv1.0) by extension 'python_setup_py'
[0.680s] Level 1:colcon.colcon_core.package_identification:_identify(runs/Jun19_13-38-46_rlcontrolJayNetv1.0) by extensions ['ignore', 'ignore_ament_install']
[0.680s] Level 1:colcon.colcon_core.package_identification:_identify(runs/Jun19_13-38-46_rlcontrolJayNetv1.0) by extension 'ignore'
[0.680s] Level 1:colcon.colcon_core.package_identification:_identify(runs/Jun19_13-38-46_rlcontrolJayNetv1.0) by extension 'ignore_ament_install'
[0.680s] Level 1:colcon.colcon_core.package_identification:_identify(runs/Jun19_13-38-46_rlcontrolJayNetv1.0) by extensions ['colcon_pkg']
[0.680s] Level 1:colcon.colcon_core.package_identification:_identify(runs/Jun19_13-38-46_rlcontrolJayNetv1.0) by extension 'colcon_pkg'
[0.680s] Level 1:colcon.colcon_core.package_identification:_identify(runs/Jun19_13-38-46_rlcontrolJayNetv1.0) by extensions ['colcon_meta']
[0.680s] Level 1:colcon.colcon_core.package_identification:_identify(runs/Jun19_13-38-46_rlcontrolJayNetv1.0) by extension 'colcon_meta'
[0.680s] Level 1:colcon.colcon_core.package_identification:_identify(runs/Jun19_13-38-46_rlcontrolJayNetv1.0) by extensions ['ros']
[0.680s] Level 1:colcon.colcon_core.package_identification:_identify(runs/Jun19_13-38-46_rlcontrolJayNetv1.0) by extension 'ros'
[0.680s] Level 1:colcon.colcon_core.package_identification:_identify(runs/Jun19_13-38-46_rlcontrolJayNetv1.0) by extensions ['cmake', 'python']
[0.680s] Level 1:colcon.colcon_core.package_identification:_identify(runs/Jun19_13-38-46_rlcontrolJayNetv1.0) by extension 'cmake'
[0.680s] Level 1:colcon.colcon_core.package_identification:_identify(runs/Jun19_13-38-46_rlcontrolJayNetv1.0) by extension 'python'
[0.681s] Level 1:colcon.colcon_core.package_identification:_identify(runs/Jun19_13-38-46_rlcontrolJayNetv1.0) by extensions ['python_setup_py']
[0.681s] Level 1:colcon.colcon_core.package_identification:_identify(runs/Jun19_13-38-46_rlcontrolJayNetv1.0) by extension 'python_setup_py'
[0.681s] Level 1:colcon.colcon_core.package_identification:_identify(runs/Jun19_13-39-24_rlcontrolJayNetv1.0) by extensions ['ignore', 'ignore_ament_install']
[0.681s] Level 1:colcon.colcon_core.package_identification:_identify(runs/Jun19_13-39-24_rlcontrolJayNetv1.0) by extension 'ignore'
[0.681s] Level 1:colcon.colcon_core.package_identification:_identify(runs/Jun19_13-39-24_rlcontrolJayNetv1.0) by extension 'ignore_ament_install'
[0.681s] Level 1:colcon.colcon_core.package_identification:_identify(runs/Jun19_13-39-24_rlcontrolJayNetv1.0) by extensions ['colcon_pkg']
[0.681s] Level 1:colcon.colcon_core.package_identification:_identify(runs/Jun19_13-39-24_rlcontrolJayNetv1.0) by extension 'colcon_pkg'
[0.681s] Level 1:colcon.colcon_core.package_identification:_identify(runs/Jun19_13-39-24_rlcontrolJayNetv1.0) by extensions ['colcon_meta']
[0.681s] Level 1:colcon.colcon_core.package_identification:_identify(runs/Jun19_13-39-24_rlcontrolJayNetv1.0) by extension 'colcon_meta'
[0.681s] Level 1:colcon.colcon_core.package_identification:_identify(runs/Jun19_13-39-24_rlcontrolJayNetv1.0) by extensions ['ros']
[0.681s] Level 1:colcon.colcon_core.package_identification:_identify(runs/Jun19_13-39-24_rlcontrolJayNetv1.0) by extension 'ros'
[0.681s] Level 1:colcon.colcon_core.package_identification:_identify(runs/Jun19_13-39-24_rlcontrolJayNetv1.0) by extensions ['cmake', 'python']
[0.681s] Level 1:colcon.colcon_core.package_identification:_identify(runs/Jun19_13-39-24_rlcontrolJayNetv1.0) by extension 'cmake'
[0.682s] Level 1:colcon.colcon_core.package_identification:_identify(runs/Jun19_13-39-24_rlcontrolJayNetv1.0) by extension 'python'
[0.682s] Level 1:colcon.colcon_core.package_identification:_identify(runs/Jun19_13-39-24_rlcontrolJayNetv1.0) by extensions ['python_setup_py']
[0.682s] Level 1:colcon.colcon_core.package_identification:_identify(runs/Jun19_13-39-24_rlcontrolJayNetv1.0) by extension 'python_setup_py'
[0.682s] Level 1:colcon.colcon_core.package_identification:_identify(runs/Jun19_17-25-42_rlcontrolJayNetv1.0) by extensions ['ignore', 'ignore_ament_install']
[0.682s] Level 1:colcon.colcon_core.package_identification:_identify(runs/Jun19_17-25-42_rlcontrolJayNetv1.0) by extension 'ignore'
[0.682s] Level 1:colcon.colcon_core.package_identification:_identify(runs/Jun19_17-25-42_rlcontrolJayNetv1.0) by extension 'ignore_ament_install'
[0.682s] Level 1:colcon.colcon_core.package_identification:_identify(runs/Jun19_17-25-42_rlcontrolJayNetv1.0) by extensions ['colcon_pkg']
[0.682s] Level 1:colcon.colcon_core.package_identification:_identify(runs/Jun19_17-25-42_rlcontrolJayNetv1.0) by extension 'colcon_pkg'
[0.682s] Level 1:colcon.colcon_core.package_identification:_identify(runs/Jun19_17-25-42_rlcontrolJayNetv1.0) by extensions ['colcon_meta']
[0.682s] Level 1:colcon.colcon_core.package_identification:_identify(runs/Jun19_17-25-42_rlcontrolJayNetv1.0) by extension 'colcon_meta'
[0.682s] Level 1:colcon.colcon_core.package_identification:_identify(runs/Jun19_17-25-42_rlcontrolJayNetv1.0) by extensions ['ros']
[0.682s] Level 1:colcon.colcon_core.package_identification:_identify(runs/Jun19_17-25-42_rlcontrolJayNetv1.0) by extension 'ros'
[0.683s] Level 1:colcon.colcon_core.package_identification:_identify(runs/Jun19_17-25-42_rlcontrolJayNetv1.0) by extensions ['cmake', 'python']
[0.683s] Level 1:colcon.colcon_core.package_identification:_identify(runs/Jun19_17-25-42_rlcontrolJayNetv1.0) by extension 'cmake'
[0.683s] Level 1:colcon.colcon_core.package_identification:_identify(runs/Jun19_17-25-42_rlcontrolJayNetv1.0) by extension 'python'
[0.683s] Level 1:colcon.colcon_core.package_identification:_identify(runs/Jun19_17-25-42_rlcontrolJayNetv1.0) by extensions ['python_setup_py']
[0.683s] Level 1:colcon.colcon_core.package_identification:_identify(runs/Jun19_17-25-42_rlcontrolJayNetv1.0) by extension 'python_setup_py'
[0.683s] Level 1:colcon.colcon_core.package_identification:_identify(runs/Jun19_17-35-05_rlcontrolJayNetv1.0) by extensions ['ignore', 'ignore_ament_install']
[0.683s] Level 1:colcon.colcon_core.package_identification:_identify(runs/Jun19_17-35-05_rlcontrolJayNetv1.0) by extension 'ignore'
[0.683s] Level 1:colcon.colcon_core.package_identification:_identify(runs/Jun19_17-35-05_rlcontrolJayNetv1.0) by extension 'ignore_ament_install'
[0.683s] Level 1:colcon.colcon_core.package_identification:_identify(runs/Jun19_17-35-05_rlcontrolJayNetv1.0) by extensions ['colcon_pkg']
[0.683s] Level 1:colcon.colcon_core.package_identification:_identify(runs/Jun19_17-35-05_rlcontrolJayNetv1.0) by extension 'colcon_pkg'
[0.683s] Level 1:colcon.colcon_core.package_identification:_identify(runs/Jun19_17-35-05_rlcontrolJayNetv1.0) by extensions ['colcon_meta']
[0.684s] Level 1:colcon.colcon_core.package_identification:_identify(runs/Jun19_17-35-05_rlcontrolJayNetv1.0) by extension 'colcon_meta'
[0.684s] Level 1:colcon.colcon_core.package_identification:_identify(runs/Jun19_17-35-05_rlcontrolJayNetv1.0) by extensions ['ros']
[0.684s] Level 1:colcon.colcon_core.package_identification:_identify(runs/Jun19_17-35-05_rlcontrolJayNetv1.0) by extension 'ros'
[0.684s] Level 1:colcon.colcon_core.package_identification:_identify(runs/Jun19_17-35-05_rlcontrolJayNetv1.0) by extensions ['cmake', 'python']
[0.684s] Level 1:colcon.colcon_core.package_identification:_identify(runs/Jun19_17-35-05_rlcontrolJayNetv1.0) by extension 'cmake'
[0.684s] Level 1:colcon.colcon_core.package_identification:_identify(runs/Jun19_17-35-05_rlcontrolJayNetv1.0) by extension 'python'
[0.684s] Level 1:colcon.colcon_core.package_identification:_identify(runs/Jun19_17-35-05_rlcontrolJayNetv1.0) by extensions ['python_setup_py']
[0.684s] Level 1:colcon.colcon_core.package_identification:_identify(runs/Jun19_17-35-05_rlcontrolJayNetv1.0) by extension 'python_setup_py'
[0.684s] Level 1:colcon.colcon_core.package_identification:_identify(runs/Jun19_17-35-34_rlcontrolJayNetv1.0) by extensions ['ignore', 'ignore_ament_install']
[0.684s] Level 1:colcon.colcon_core.package_identification:_identify(runs/Jun19_17-35-34_rlcontrolJayNetv1.0) by extension 'ignore'
[0.684s] Level 1:colcon.colcon_core.package_identification:_identify(runs/Jun19_17-35-34_rlcontrolJayNetv1.0) by extension 'ignore_ament_install'
[0.685s] Level 1:colcon.colcon_core.package_identification:_identify(runs/Jun19_17-35-34_rlcontrolJayNetv1.0) by extensions ['colcon_pkg']
[0.685s] Level 1:colcon.colcon_core.package_identification:_identify(runs/Jun19_17-35-34_rlcontrolJayNetv1.0) by extension 'colcon_pkg'
[0.685s] Level 1:colcon.colcon_core.package_identification:_identify(runs/Jun19_17-35-34_rlcontrolJayNetv1.0) by extensions ['colcon_meta']
[0.685s] Level 1:colcon.colcon_core.package_identification:_identify(runs/Jun19_17-35-34_rlcontrolJayNetv1.0) by extension 'colcon_meta'
[0.685s] Level 1:colcon.colcon_core.package_identification:_identify(runs/Jun19_17-35-34_rlcontrolJayNetv1.0) by extensions ['ros']
[0.685s] Level 1:colcon.colcon_core.package_identification:_identify(runs/Jun19_17-35-34_rlcontrolJayNetv1.0) by extension 'ros'
[0.685s] Level 1:colcon.colcon_core.package_identification:_identify(runs/Jun19_17-35-34_rlcontrolJayNetv1.0) by extensions ['cmake', 'python']
[0.685s] Level 1:colcon.colcon_core.package_identification:_identify(runs/Jun19_17-35-34_rlcontrolJayNetv1.0) by extension 'cmake'
[0.685s] Level 1:colcon.colcon_core.package_identification:_identify(runs/Jun19_17-35-34_rlcontrolJayNetv1.0) by extension 'python'
[0.685s] Level 1:colcon.colcon_core.package_identification:_identify(runs/Jun19_17-35-34_rlcontrolJayNetv1.0) by extensions ['python_setup_py']
[0.685s] Level 1:colcon.colcon_core.package_identification:_identify(runs/Jun19_17-35-34_rlcontrolJayNetv1.0) by extension 'python_setup_py'
[0.685s] Level 1:colcon.colcon_core.package_identification:_identify(runs/Jun19_17-37-44_rlcontrolJayNetv1.0) by extensions ['ignore', 'ignore_ament_install']
[0.685s] Level 1:colcon.colcon_core.package_identification:_identify(runs/Jun19_17-37-44_rlcontrolJayNetv1.0) by extension 'ignore'
[0.685s] Level 1:colcon.colcon_core.package_identification:_identify(runs/Jun19_17-37-44_rlcontrolJayNetv1.0) by extension 'ignore_ament_install'
[0.686s] Level 1:colcon.colcon_core.package_identification:_identify(runs/Jun19_17-37-44_rlcontrolJayNetv1.0) by extensions ['colcon_pkg']
[0.686s] Level 1:colcon.colcon_core.package_identification:_identify(runs/Jun19_17-37-44_rlcontrolJayNetv1.0) by extension 'colcon_pkg'
[0.686s] Level 1:colcon.colcon_core.package_identification:_identify(runs/Jun19_17-37-44_rlcontrolJayNetv1.0) by extensions ['colcon_meta']
[0.686s] Level 1:colcon.colcon_core.package_identification:_identify(runs/Jun19_17-37-44_rlcontrolJayNetv1.0) by extension 'colcon_meta'
[0.686s] Level 1:colcon.colcon_core.package_identification:_identify(runs/Jun19_17-37-44_rlcontrolJayNetv1.0) by extensions ['ros']
[0.686s] Level 1:colcon.colcon_core.package_identification:_identify(runs/Jun19_17-37-44_rlcontrolJayNetv1.0) by extension 'ros'
[0.686s] Level 1:colcon.colcon_core.package_identification:_identify(runs/Jun19_17-37-44_rlcontrolJayNetv1.0) by extensions ['cmake', 'python']
[0.686s] Level 1:colcon.colcon_core.package_identification:_identify(runs/Jun19_17-37-44_rlcontrolJayNetv1.0) by extension 'cmake'
[0.686s] Level 1:colcon.colcon_core.package_identification:_identify(runs/Jun19_17-37-44_rlcontrolJayNetv1.0) by extension 'python'
[0.686s] Level 1:colcon.colcon_core.package_identification:_identify(runs/Jun19_17-37-44_rlcontrolJayNetv1.0) by extensions ['python_setup_py']
[0.686s] Level 1:colcon.colcon_core.package_identification:_identify(runs/Jun19_17-37-44_rlcontrolJayNetv1.0) by extension 'python_setup_py'
[0.686s] Level 1:colcon.colcon_core.package_identification:_identify(runs/Jun20_04-17-34_rlcontrolJayNetv1.0) by extensions ['ignore', 'ignore_ament_install']
[0.686s] Level 1:colcon.colcon_core.package_identification:_identify(runs/Jun20_04-17-34_rlcontrolJayNetv1.0) by extension 'ignore'
[0.686s] Level 1:colcon.colcon_core.package_identification:_identify(runs/Jun20_04-17-34_rlcontrolJayNetv1.0) by extension 'ignore_ament_install'
[0.687s] Level 1:colcon.colcon_core.package_identification:_identify(runs/Jun20_04-17-34_rlcontrolJayNetv1.0) by extensions ['colcon_pkg']
[0.687s] Level 1:colcon.colcon_core.package_identification:_identify(runs/Jun20_04-17-34_rlcontrolJayNetv1.0) by extension 'colcon_pkg'
[0.687s] Level 1:colcon.colcon_core.package_identification:_identify(runs/Jun20_04-17-34_rlcontrolJayNetv1.0) by extensions ['colcon_meta']
[0.687s] Level 1:colcon.colcon_core.package_identification:_identify(runs/Jun20_04-17-34_rlcontrolJayNetv1.0) by extension 'colcon_meta'
[0.687s] Level 1:colcon.colcon_core.package_identification:_identify(runs/Jun20_04-17-34_rlcontrolJayNetv1.0) by extensions ['ros']
[0.687s] Level 1:colcon.colcon_core.package_identification:_identify(runs/Jun20_04-17-34_rlcontrolJayNetv1.0) by extension 'ros'
[0.687s] Level 1:colcon.colcon_core.package_identification:_identify(runs/Jun20_04-17-34_rlcontrolJayNetv1.0) by extensions ['cmake', 'python']
[0.687s] Level 1:colcon.colcon_core.package_identification:_identify(runs/Jun20_04-17-34_rlcontrolJayNetv1.0) by extension 'cmake'
[0.687s] Level 1:colcon.colcon_core.package_identification:_identify(runs/Jun20_04-17-34_rlcontrolJayNetv1.0) by extension 'python'
[0.687s] Level 1:colcon.colcon_core.package_identification:_identify(runs/Jun20_04-17-34_rlcontrolJayNetv1.0) by extensions ['python_setup_py']
[0.687s] Level 1:colcon.colcon_core.package_identification:_identify(runs/Jun20_04-17-34_rlcontrolJayNetv1.0) by extension 'python_setup_py'
[0.687s] Level 1:colcon.colcon_core.package_identification:_identify(runs/Jun20_04-27-42_rlcontrolJayNetv1.0) by extensions ['ignore', 'ignore_ament_install']
[0.687s] Level 1:colcon.colcon_core.package_identification:_identify(runs/Jun20_04-27-42_rlcontrolJayNetv1.0) by extension 'ignore'
[0.688s] Level 1:colcon.colcon_core.package_identification:_identify(runs/Jun20_04-27-42_rlcontrolJayNetv1.0) by extension 'ignore_ament_install'
[0.688s] Level 1:colcon.colcon_core.package_identification:_identify(runs/Jun20_04-27-42_rlcontrolJayNetv1.0) by extensions ['colcon_pkg']
[0.688s] Level 1:colcon.colcon_core.package_identification:_identify(runs/Jun20_04-27-42_rlcontrolJayNetv1.0) by extension 'colcon_pkg'
[0.688s] Level 1:colcon.colcon_core.package_identification:_identify(runs/Jun20_04-27-42_rlcontrolJayNetv1.0) by extensions ['colcon_meta']
[0.688s] Level 1:colcon.colcon_core.package_identification:_identify(runs/Jun20_04-27-42_rlcontrolJayNetv1.0) by extension 'colcon_meta'
[0.688s] Level 1:colcon.colcon_core.package_identification:_identify(runs/Jun20_04-27-42_rlcontrolJayNetv1.0) by extensions ['ros']
[0.688s] Level 1:colcon.colcon_core.package_identification:_identify(runs/Jun20_04-27-42_rlcontrolJayNetv1.0) by extension 'ros'
[0.688s] Level 1:colcon.colcon_core.package_identification:_identify(runs/Jun20_04-27-42_rlcontrolJayNetv1.0) by extensions ['cmake', 'python']
[0.688s] Level 1:colcon.colcon_core.package_identification:_identify(runs/Jun20_04-27-42_rlcontrolJayNetv1.0) by extension 'cmake'
[0.688s] Level 1:colcon.colcon_core.package_identification:_identify(runs/Jun20_04-27-42_rlcontrolJayNetv1.0) by extension 'python'
[0.688s] Level 1:colcon.colcon_core.package_identification:_identify(runs/Jun20_04-27-42_rlcontrolJayNetv1.0) by extensions ['python_setup_py']
[0.688s] Level 1:colcon.colcon_core.package_identification:_identify(runs/Jun20_04-27-42_rlcontrolJayNetv1.0) by extension 'python_setup_py'
[0.688s] Level 1:colcon.colcon_core.package_identification:_identify(runs/Jun20_05-11-47_rlcontrolJayNetv1.0) by extensions ['ignore', 'ignore_ament_install']
[0.689s] Level 1:colcon.colcon_core.package_identification:_identify(runs/Jun20_05-11-47_rlcontrolJayNetv1.0) by extension 'ignore'
[0.689s] Level 1:colcon.colcon_core.package_identification:_identify(runs/Jun20_05-11-47_rlcontrolJayNetv1.0) by extension 'ignore_ament_install'
[0.689s] Level 1:colcon.colcon_core.package_identification:_identify(runs/Jun20_05-11-47_rlcontrolJayNetv1.0) by extensions ['colcon_pkg']
[0.689s] Level 1:colcon.colcon_core.package_identification:_identify(runs/Jun20_05-11-47_rlcontrolJayNetv1.0) by extension 'colcon_pkg'
[0.689s] Level 1:colcon.colcon_core.package_identification:_identify(runs/Jun20_05-11-47_rlcontrolJayNetv1.0) by extensions ['colcon_meta']
[0.689s] Level 1:colcon.colcon_core.package_identification:_identify(runs/Jun20_05-11-47_rlcontrolJayNetv1.0) by extension 'colcon_meta'
[0.689s] Level 1:colcon.colcon_core.package_identification:_identify(runs/Jun20_05-11-47_rlcontrolJayNetv1.0) by extensions ['ros']
[0.689s] Level 1:colcon.colcon_core.package_identification:_identify(runs/Jun20_05-11-47_rlcontrolJayNetv1.0) by extension 'ros'
[0.689s] Level 1:colcon.colcon_core.package_identification:_identify(runs/Jun20_05-11-47_rlcontrolJayNetv1.0) by extensions ['cmake', 'python']
[0.689s] Level 1:colcon.colcon_core.package_identification:_identify(runs/Jun20_05-11-47_rlcontrolJayNetv1.0) by extension 'cmake'
[0.689s] Level 1:colcon.colcon_core.package_identification:_identify(runs/Jun20_05-11-47_rlcontrolJayNetv1.0) by extension 'python'
[0.689s] Level 1:colcon.colcon_core.package_identification:_identify(runs/Jun20_05-11-47_rlcontrolJayNetv1.0) by extensions ['python_setup_py']
[0.689s] Level 1:colcon.colcon_core.package_identification:_identify(runs/Jun20_05-11-47_rlcontrolJayNetv1.0) by extension 'python_setup_py'
[0.689s] Level 1:colcon.colcon_core.package_identification:_identify(saves) by extensions ['ignore', 'ignore_ament_install']
[0.690s] Level 1:colcon.colcon_core.package_identification:_identify(saves) by extension 'ignore'
[0.690s] Level 1:colcon.colcon_core.package_identification:_identify(saves) by extension 'ignore_ament_install'
[0.690s] Level 1:colcon.colcon_core.package_identification:_identify(saves) by extensions ['colcon_pkg']
[0.690s] Level 1:colcon.colcon_core.package_identification:_identify(saves) by extension 'colcon_pkg'
[0.690s] Level 1:colcon.colcon_core.package_identification:_identify(saves) by extensions ['colcon_meta']
[0.690s] Level 1:colcon.colcon_core.package_identification:_identify(saves) by extension 'colcon_meta'
[0.690s] Level 1:colcon.colcon_core.package_identification:_identify(saves) by extensions ['ros']
[0.690s] Level 1:colcon.colcon_core.package_identification:_identify(saves) by extension 'ros'
[0.690s] Level 1:colcon.colcon_core.package_identification:_identify(saves) by extensions ['cmake', 'python']
[0.690s] Level 1:colcon.colcon_core.package_identification:_identify(saves) by extension 'cmake'
[0.690s] Level 1:colcon.colcon_core.package_identification:_identify(saves) by extension 'python'
[0.690s] Level 1:colcon.colcon_core.package_identification:_identify(saves) by extensions ['python_setup_py']
[0.690s] Level 1:colcon.colcon_core.package_identification:_identify(saves) by extension 'python_setup_py'
[0.691s] Level 1:colcon.colcon_core.package_identification:_identify(saves/a2c-JayNetv1.0) by extensions ['ignore', 'ignore_ament_install']
[0.691s] Level 1:colcon.colcon_core.package_identification:_identify(saves/a2c-JayNetv1.0) by extension 'ignore'
[0.691s] Level 1:colcon.colcon_core.package_identification:_identify(saves/a2c-JayNetv1.0) by extension 'ignore_ament_install'
[0.691s] Level 1:colcon.colcon_core.package_identification:_identify(saves/a2c-JayNetv1.0) by extensions ['colcon_pkg']
[0.691s] Level 1:colcon.colcon_core.package_identification:_identify(saves/a2c-JayNetv1.0) by extension 'colcon_pkg'
[0.691s] Level 1:colcon.colcon_core.package_identification:_identify(saves/a2c-JayNetv1.0) by extensions ['colcon_meta']
[0.691s] Level 1:colcon.colcon_core.package_identification:_identify(saves/a2c-JayNetv1.0) by extension 'colcon_meta'
[0.691s] Level 1:colcon.colcon_core.package_identification:_identify(saves/a2c-JayNetv1.0) by extensions ['ros']
[0.691s] Level 1:colcon.colcon_core.package_identification:_identify(saves/a2c-JayNetv1.0) by extension 'ros'
[0.691s] Level 1:colcon.colcon_core.package_identification:_identify(saves/a2c-JayNetv1.0) by extensions ['cmake', 'python']
[0.691s] Level 1:colcon.colcon_core.package_identification:_identify(saves/a2c-JayNetv1.0) by extension 'cmake'
[0.691s] Level 1:colcon.colcon_core.package_identification:_identify(saves/a2c-JayNetv1.0) by extension 'python'
[0.691s] Level 1:colcon.colcon_core.package_identification:_identify(saves/a2c-JayNetv1.0) by extensions ['python_setup_py']
[0.691s] Level 1:colcon.colcon_core.package_identification:_identify(saves/a2c-JayNetv1.0) by extension 'python_setup_py'
[0.692s] Level 1:colcon.colcon_core.package_discovery:discover_packages(recursive) using defaults
[0.692s] Level 1:colcon.colcon_core.package_discovery:discover_packages(ignore) discover
[0.692s] Level 1:colcon.colcon_core.package_discovery:discover_packages(ignore) using defaults
[0.692s] Level 1:colcon.colcon_core.package_discovery:discover_packages(path) discover
[0.692s] Level 1:colcon.colcon_core.package_discovery:discover_packages(path) using defaults
[0.727s] Level 1:colcon.colcon_core.package_discovery:discover_packages(prefix_path) check parameters
[0.727s] Level 1:colcon.colcon_core.package_discovery:discover_packages(prefix_path) discover
[0.732s] DEBUG:colcon.colcon_installed_package_information.package_discovery:Found 2 installed packages in /home/rlcontrol/jay_ws/install
[0.734s] DEBUG:colcon.colcon_installed_package_information.package_discovery:Found 270 installed packages in /opt/ros/humble
[0.736s] Level 1:colcon.colcon_core.package_discovery:discover_packages(prefix_path) using defaults
[0.825s] Level 5:colcon.colcon_core.verb:set package 'rl_custom_messages' build argument 'cmake_args' from command line to 'None'
[0.825s] Level 5:colcon.colcon_core.verb:set package 'rl_custom_messages' build argument 'cmake_target' from command line to 'None'
[0.825s] Level 5:colcon.colcon_core.verb:set package 'rl_custom_messages' build argument 'cmake_target_skip_unavailable' from command line to 'False'
[0.826s] Level 5:colcon.colcon_core.verb:set package 'rl_custom_messages' build argument 'cmake_clean_cache' from command line to 'False'
[0.826s] Level 5:colcon.colcon_core.verb:set package 'rl_custom_messages' build argument 'cmake_clean_first' from command line to 'False'
[0.826s] Level 5:colcon.colcon_core.verb:set package 'rl_custom_messages' build argument 'cmake_force_configure' from command line to 'False'
[0.826s] Level 5:colcon.colcon_core.verb:set package 'rl_custom_messages' build argument 'ament_cmake_args' from command line to 'None'
[0.826s] Level 5:colcon.colcon_core.verb:set package 'rl_custom_messages' build argument 'catkin_cmake_args' from command line to 'None'
[0.826s] Level 5:colcon.colcon_core.verb:set package 'rl_custom_messages' build argument 'catkin_skip_building_tests' from command line to 'False'
[0.826s] DEBUG:colcon.colcon_core.verb:Building package 'rl_custom_messages' with the following arguments: {'ament_cmake_args': None, 'build_base': '/home/rlcontrol/jay_ws/build/rl_custom_messages', 'catkin_cmake_args': None, 'catkin_skip_building_tests': False, 'cmake_args': None, 'cmake_clean_cache': False, 'cmake_clean_first': False, 'cmake_force_configure': False, 'cmake_target': None, 'cmake_target_skip_unavailable': False, 'install_base': '/home/rlcontrol/jay_ws/install/rl_custom_messages', 'merge_install': False, 'path': '/home/rlcontrol/jay_ws/rl_custom_messages', 'symlink_install': True, 'test_result_base': None}
[0.827s] Level 5:colcon.colcon_core.verb:set package 'jaybot' build argument 'cmake_args' from command line to 'None'
[0.827s] Level 5:colcon.colcon_core.verb:set package 'jaybot' build argument 'cmake_target' from command line to 'None'
[0.827s] Level 5:colcon.colcon_core.verb:set package 'jaybot' build argument 'cmake_target_skip_unavailable' from command line to 'False'
[0.827s] Level 5:colcon.colcon_core.verb:set package 'jaybot' build argument 'cmake_clean_cache' from command line to 'False'
[0.827s] Level 5:colcon.colcon_core.verb:set package 'jaybot' build argument 'cmake_clean_first' from command line to 'False'
[0.827s] Level 5:colcon.colcon_core.verb:set package 'jaybot' build argument 'cmake_force_configure' from command line to 'False'
[0.827s] Level 5:colcon.colcon_core.verb:set package 'jaybot' build argument 'ament_cmake_args' from command line to 'None'
[0.827s] Level 5:colcon.colcon_core.verb:set package 'jaybot' build argument 'catkin_cmake_args' from command line to 'None'
[0.828s] Level 5:colcon.colcon_core.verb:set package 'jaybot' build argument 'catkin_skip_building_tests' from command line to 'False'
[0.828s] DEBUG:colcon.colcon_core.verb:Building package 'jaybot' with the following arguments: {'ament_cmake_args': None, 'build_base': '/home/rlcontrol/jay_ws/build/jaybot', 'catkin_cmake_args': None, 'catkin_skip_building_tests': False, 'cmake_args': None, 'cmake_clean_cache': False, 'cmake_clean_first': False, 'cmake_force_configure': False, 'cmake_target': None, 'cmake_target_skip_unavailable': False, 'install_base': '/home/rlcontrol/jay_ws/install/jaybot', 'merge_install': False, 'path': '/home/rlcontrol/jay_ws/jaybot', 'symlink_install': True, 'test_result_base': None}
[0.828s] INFO:colcon.colcon_core.executor:Executing jobs using 'parallel' executor
[0.833s] DEBUG:colcon.colcon_parallel_executor.executor.parallel:run_until_complete
[0.833s] INFO:colcon.colcon_ros.task.ament_cmake.build:Building ROS package in '/home/rlcontrol/jay_ws/rl_custom_messages' with build type 'ament_cmake'
[0.833s] INFO:colcon.colcon_cmake.task.cmake.build:Building CMake package in '/home/rlcontrol/jay_ws/rl_custom_messages'
[0.839s] INFO:colcon.colcon_core.plugin_system:Skipping extension 'colcon_core.shell.bat': Not used on non-Windows systems
[0.840s] INFO:colcon.colcon_core.shell:Skip shell extension 'powershell' for command environment: Not usable outside of PowerShell
[0.840s] DEBUG:colcon.colcon_core.shell:Skip shell extension 'dsv' for command environment
[0.856s] DEBUG:colcon.colcon_core.event_handler.log_command:Invoking command in '/home/rlcontrol/jay_ws/build/rl_custom_messages': CMAKE_PREFIX_PATH=${CMAKE_PREFIX_PATH}:/opt/ros/humble /home/rlcontrol/.local/bin/cmake --build /home/rlcontrol/jay_ws/build/rl_custom_messages -- -j6 -l6
[1.370s] DEBUG:colcon.colcon_core.event_handler.log_command:Invoked command in '/home/rlcontrol/jay_ws/build/rl_custom_messages' returned '0': CMAKE_PREFIX_PATH=${CMAKE_PREFIX_PATH}:/opt/ros/humble /home/rlcontrol/.local/bin/cmake --build /home/rlcontrol/jay_ws/build/rl_custom_messages -- -j6 -l6
[1.657s] DEBUG:colcon.colcon_core.event_handler.log_command:Invoking command in '/home/rlcontrol/jay_ws/build/rl_custom_messages': CMAKE_PREFIX_PATH=${CMAKE_PREFIX_PATH}:/opt/ros/humble /home/rlcontrol/.local/bin/cmake --install /home/rlcontrol/jay_ws/build/rl_custom_messages
[1.836s] Level 1:colcon.colcon_core.environment:create_environment_scripts_only(rl_custom_messages)
[1.838s] DEBUG:colcon.colcon_core.event_handler.log_command:Invoked command in '/home/rlcontrol/jay_ws/build/rl_custom_messages' returned '0': CMAKE_PREFIX_PATH=${CMAKE_PREFIX_PATH}:/opt/ros/humble /home/rlcontrol/.local/bin/cmake --install /home/rlcontrol/jay_ws/build/rl_custom_messages
[1.845s] Level 1:colcon.colcon_core.environment:checking '/home/rlcontrol/jay_ws/install/rl_custom_messages' for CMake module files
[1.846s] Level 1:colcon.colcon_core.environment:checking '/home/rlcontrol/jay_ws/install/rl_custom_messages' for CMake config files
[1.847s] Level 1:colcon.colcon_core.shell:create_environment_hook('rl_custom_messages', 'cmake_prefix_path')
[1.849s] INFO:colcon.colcon_core.shell:Creating environment hook '/home/rlcontrol/jay_ws/install/rl_custom_messages/share/rl_custom_messages/hook/cmake_prefix_path.ps1'
[1.851s] INFO:colcon.colcon_core.shell:Creating environment descriptor '/home/rlcontrol/jay_ws/install/rl_custom_messages/share/rl_custom_messages/hook/cmake_prefix_path.dsv'
[1.852s] INFO:colcon.colcon_core.shell:Creating environment hook '/home/rlcontrol/jay_ws/install/rl_custom_messages/share/rl_custom_messages/hook/cmake_prefix_path.sh'
[1.853s] Level 1:colcon.colcon_core.environment:checking '/home/rlcontrol/jay_ws/install/rl_custom_messages/lib'
[1.853s] Level 1:colcon.colcon_core.shell:create_environment_hook('rl_custom_messages', 'ld_library_path_lib')
[1.855s] INFO:colcon.colcon_core.shell:Creating environment hook '/home/rlcontrol/jay_ws/install/rl_custom_messages/share/rl_custom_messages/hook/ld_library_path_lib.ps1'
[1.861s] INFO:colcon.colcon_core.shell:Creating environment descriptor '/home/rlcontrol/jay_ws/install/rl_custom_messages/share/rl_custom_messages/hook/ld_library_path_lib.dsv'
[1.861s] INFO:colcon.colcon_core.shell:Creating environment hook '/home/rlcontrol/jay_ws/install/rl_custom_messages/share/rl_custom_messages/hook/ld_library_path_lib.sh'
[1.862s] Level 1:colcon.colcon_core.environment:checking '/home/rlcontrol/jay_ws/install/rl_custom_messages/bin'
[1.862s] Level 1:colcon.colcon_core.environment:checking '/home/rlcontrol/jay_ws/install/rl_custom_messages/lib/pkgconfig/rl_custom_messages.pc'
[1.863s] Level 1:colcon.colcon_core.environment:checking '/home/rlcontrol/jay_ws/install/rl_custom_messages/lib/python3.10/site-packages'
[1.863s] Level 1:colcon.colcon_core.environment:checking '/home/rlcontrol/jay_ws/install/rl_custom_messages/bin'
[1.865s] INFO:colcon.colcon_core.shell:Creating package script '/home/rlcontrol/jay_ws/install/rl_custom_messages/share/rl_custom_messages/package.ps1'
[1.867s] INFO:colcon.colcon_core.shell:Creating package descriptor '/home/rlcontrol/jay_ws/install/rl_custom_messages/share/rl_custom_messages/package.dsv'
[1.868s] INFO:colcon.colcon_core.shell:Creating package script '/home/rlcontrol/jay_ws/install/rl_custom_messages/share/rl_custom_messages/package.sh'
[1.869s] INFO:colcon.colcon_core.shell:Creating package script '/home/rlcontrol/jay_ws/install/rl_custom_messages/share/rl_custom_messages/package.bash'
[1.871s] INFO:colcon.colcon_core.shell:Creating package script '/home/rlcontrol/jay_ws/install/rl_custom_messages/share/rl_custom_messages/package.zsh'
[1.872s] Level 1:colcon.colcon_core.environment:create_file_with_runtime_dependencies(/home/rlcontrol/jay_ws/install/rl_custom_messages/share/colcon-core/packages/rl_custom_messages)
[2.156s] Level 1:colcon.colcon_core.environment:create_environment_scripts_only(rl_custom_messages)
[2.160s] Level 1:colcon.colcon_core.environment:checking '/home/rlcontrol/jay_ws/install/rl_custom_messages' for CMake module files
[2.161s] Level 1:colcon.colcon_core.environment:checking '/home/rlcontrol/jay_ws/install/rl_custom_messages' for CMake config files
[2.163s] Level 1:colcon.colcon_core.shell:create_environment_hook('rl_custom_messages', 'cmake_prefix_path')
[2.166s] INFO:colcon.colcon_core.shell:Creating environment hook '/home/rlcontrol/jay_ws/install/rl_custom_messages/share/rl_custom_messages/hook/cmake_prefix_path.ps1'
[2.167s] INFO:colcon.colcon_core.shell:Creating environment descriptor '/home/rlcontrol/jay_ws/install/rl_custom_messages/share/rl_custom_messages/hook/cmake_prefix_path.dsv'
[2.168s] INFO:colcon.colcon_core.shell:Creating environment hook '/home/rlcontrol/jay_ws/install/rl_custom_messages/share/rl_custom_messages/hook/cmake_prefix_path.sh'
[2.169s] Level 1:colcon.colcon_core.environment:checking '/home/rlcontrol/jay_ws/install/rl_custom_messages/lib'
[2.169s] Level 1:colcon.colcon_core.shell:create_environment_hook('rl_custom_messages', 'ld_library_path_lib')
[2.173s] INFO:colcon.colcon_core.shell:Creating environment hook '/home/rlcontrol/jay_ws/install/rl_custom_messages/share/rl_custom_messages/hook/ld_library_path_lib.ps1'
[2.173s] INFO:colcon.colcon_core.shell:Creating environment descriptor '/home/rlcontrol/jay_ws/install/rl_custom_messages/share/rl_custom_messages/hook/ld_library_path_lib.dsv'
[2.174s] INFO:colcon.colcon_core.shell:Creating environment hook '/home/rlcontrol/jay_ws/install/rl_custom_messages/share/rl_custom_messages/hook/ld_library_path_lib.sh'
[2.175s] Level 1:colcon.colcon_core.environment:checking '/home/rlcontrol/jay_ws/install/rl_custom_messages/bin'
[2.175s] Level 1:colcon.colcon_core.environment:checking '/home/rlcontrol/jay_ws/install/rl_custom_messages/lib/pkgconfig/rl_custom_messages.pc'
[2.175s] Level 1:colcon.colcon_core.environment:checking '/home/rlcontrol/jay_ws/install/rl_custom_messages/lib/python3.10/site-packages'
[2.176s] Level 1:colcon.colcon_core.environment:checking '/home/rlcontrol/jay_ws/install/rl_custom_messages/bin'
[2.178s] INFO:colcon.colcon_core.shell:Creating package script '/home/rlcontrol/jay_ws/install/rl_custom_messages/share/rl_custom_messages/package.ps1'
[2.180s] INFO:colcon.colcon_core.shell:Creating package descriptor '/home/rlcontrol/jay_ws/install/rl_custom_messages/share/rl_custom_messages/package.dsv'
[2.181s] INFO:colcon.colcon_core.shell:Creating package script '/home/rlcontrol/jay_ws/install/rl_custom_messages/share/rl_custom_messages/package.sh'
[2.181s] INFO:colcon.colcon_core.shell:Creating package script '/home/rlcontrol/jay_ws/install/rl_custom_messages/share/rl_custom_messages/package.bash'
[2.182s] INFO:colcon.colcon_core.shell:Creating package script '/home/rlcontrol/jay_ws/install/rl_custom_messages/share/rl_custom_messages/package.zsh'
[2.183s] Level 1:colcon.colcon_core.environment:create_file_with_runtime_dependencies(/home/rlcontrol/jay_ws/install/rl_custom_messages/share/colcon-core/packages/rl_custom_messages)
[2.184s] INFO:colcon.colcon_ros.task.ament_cmake.build:Building ROS package in '/home/rlcontrol/jay_ws/jaybot' with build type 'ament_cmake'
[2.184s] INFO:colcon.colcon_cmake.task.cmake.build:Building CMake package in '/home/rlcontrol/jay_ws/jaybot'
[2.188s] INFO:colcon.colcon_core.shell:Skip shell extension 'powershell' for command environment: Not usable outside of PowerShell
[2.188s] DEBUG:colcon.colcon_core.shell:Skip shell extension 'dsv' for command environment
[2.214s] DEBUG:colcon.colcon_core.event_handler.log_command:Invoking command in '/home/rlcontrol/jay_ws/build/jaybot': CMAKE_PREFIX_PATH=/home/rlcontrol/jay_ws/install/rl_custom_messages:/home/rlcontrol/jay_ws/install/jaybot:/opt/ros/humble /home/rlcontrol/.local/bin/cmake --build /home/rlcontrol/jay_ws/build/jaybot -- -j6 -l6
[15.854s] DEBUG:colcon.colcon_core.event_handler.log_command:Invoked command in '/home/rlcontrol/jay_ws/build/jaybot' returned '2': CMAKE_PREFIX_PATH=/home/rlcontrol/jay_ws/install/rl_custom_messages:/home/rlcontrol/jay_ws/install/jaybot:/opt/ros/humble /home/rlcontrol/.local/bin/cmake --build /home/rlcontrol/jay_ws/build/jaybot -- -j6 -l6
[15.954s] Level 1:colcon.colcon_core.environment:create_environment_scripts_only(jaybot)
[15.957s] Level 1:colcon.colcon_core.environment:checking '/home/rlcontrol/jay_ws/install/jaybot' for CMake module files
[15.958s] Level 1:colcon.colcon_core.environment:checking '/home/rlcontrol/jay_ws/install/jaybot' for CMake config files
[15.959s] Level 1:colcon.colcon_core.shell:create_environment_hook('jaybot', 'cmake_prefix_path')
[15.961s] INFO:colcon.colcon_core.shell:Creating environment hook '/home/rlcontrol/jay_ws/install/jaybot/share/jaybot/hook/cmake_prefix_path.ps1'
[15.962s] INFO:colcon.colcon_core.shell:Creating environment descriptor '/home/rlcontrol/jay_ws/install/jaybot/share/jaybot/hook/cmake_prefix_path.dsv'
[15.963s] INFO:colcon.colcon_core.shell:Creating environment hook '/home/rlcontrol/jay_ws/install/jaybot/share/jaybot/hook/cmake_prefix_path.sh'
[15.964s] Level 1:colcon.colcon_core.environment:checking '/home/rlcontrol/jay_ws/install/jaybot/lib'
[15.964s] Level 1:colcon.colcon_core.environment:checking '/home/rlcontrol/jay_ws/install/jaybot/bin'
[15.964s] Level 1:colcon.colcon_core.environment:checking '/home/rlcontrol/jay_ws/install/jaybot/lib/pkgconfig/jaybot.pc'
[15.964s] Level 1:colcon.colcon_core.environment:checking '/home/rlcontrol/jay_ws/install/jaybot/lib/python3.10/site-packages'
[15.965s] Level 1:colcon.colcon_core.environment:checking '/home/rlcontrol/jay_ws/install/jaybot/bin'
[15.967s] INFO:colcon.colcon_core.shell:Creating package script '/home/rlcontrol/jay_ws/install/jaybot/share/jaybot/package.ps1'
[15.968s] INFO:colcon.colcon_core.shell:Creating package descriptor '/home/rlcontrol/jay_ws/install/jaybot/share/jaybot/package.dsv'
[15.969s] INFO:colcon.colcon_core.shell:Creating package script '/home/rlcontrol/jay_ws/install/jaybot/share/jaybot/package.sh'
[15.970s] INFO:colcon.colcon_core.shell:Creating package script '/home/rlcontrol/jay_ws/install/jaybot/share/jaybot/package.bash'
[15.971s] INFO:colcon.colcon_core.shell:Creating package script '/home/rlcontrol/jay_ws/install/jaybot/share/jaybot/package.zsh'
[15.971s] Level 1:colcon.colcon_core.environment:create_file_with_runtime_dependencies(/home/rlcontrol/jay_ws/install/jaybot/share/colcon-core/packages/jaybot)
[15.982s] DEBUG:colcon.colcon_parallel_executor.executor.parallel:closing loop
[15.983s] DEBUG:colcon.colcon_parallel_executor.executor.parallel:loop closed
[15.983s] DEBUG:colcon.colcon_parallel_executor.executor.parallel:run_until_complete finished with '2'
[15.983s] DEBUG:colcon.colcon_core.event_reactor:joining thread
[15.995s] INFO:colcon.colcon_core.plugin_system:Skipping extension 'colcon_notification.desktop_notification.terminal_notifier': Not used on non-Darwin systems
[15.995s] INFO:colcon.colcon_core.plugin_system:Skipping extension 'colcon_notification.desktop_notification.win32': Not used on non-Windows systems
[15.995s] INFO:colcon.colcon_notification.desktop_notification:Sending desktop notification using 'notify2'
[16.025s] DEBUG:colcon.colcon_core.event_reactor:joined thread
[16.029s] INFO:colcon.colcon_core.shell:Creating prefix script '/home/rlcontrol/jay_ws/install/local_setup.ps1'
[16.030s] INFO:colcon.colcon_core.shell:Creating prefix util module '/home/rlcontrol/jay_ws/install/_local_setup_util_ps1.py'
[16.035s] INFO:colcon.colcon_core.shell:Creating prefix chain script '/home/rlcontrol/jay_ws/install/setup.ps1'
[16.038s] INFO:colcon.colcon_core.shell:Creating prefix script '/home/rlcontrol/jay_ws/install/local_setup.sh'
[16.039s] INFO:colcon.colcon_core.shell:Creating prefix util module '/home/rlcontrol/jay_ws/install/_local_setup_util_sh.py'
[16.041s] INFO:colcon.colcon_core.shell:Creating prefix chain script '/home/rlcontrol/jay_ws/install/setup.sh'
[16.046s] INFO:colcon.colcon_core.shell:Creating prefix script '/home/rlcontrol/jay_ws/install/local_setup.bash'
[16.047s] INFO:colcon.colcon_core.shell:Creating prefix chain script '/home/rlcontrol/jay_ws/install/setup.bash'
[16.051s] INFO:colcon.colcon_core.shell:Creating prefix script '/home/rlcontrol/jay_ws/install/local_setup.zsh'
[16.052s] INFO:colcon.colcon_core.shell:Creating prefix chain script '/home/rlcontrol/jay_ws/install/setup.zsh'
