-- The C compiler identification is GNU 11.4.0
-- The CXX compiler identification is GNU 11.4.0
-- Detecting C compiler ABI info
-- Detecting C compiler ABI info - done
-- Check for working C compiler: /usr/bin/cc - skipped
-- Detecting C compile features
-- Detecting C compile features - done
-- Detecting CXX compiler ABI info
-- Detecting CXX compiler ABI info - done
-- Check for working CXX compiler: /usr/bin/c++ - skipped
-- Detecting CXX compile features
-- Detecting CXX compile features - done
-- Found ament_cmake: 1.3.5 (/opt/ros/humble/share/ament_cmake/cmake)
-- Found Python3: /usr/bin/python3.10 (found version "3.10.12") found components: Interpreter 
-- Override CMake install command with custom implementation using symlinks instead of copying resources
-- Found rclcpp: 16.0.5 (/opt/ros/humble/share/rclcpp/cmake)
-- Found rosidl_generator_c: 3.1.5 (/opt/ros/humble/share/rosidl_generator_c/cmake)
-- Found rosidl_adapter: 3.1.5 (/opt/ros/humble/share/rosidl_adapter/cmake)
-- Found rosidl_generator_cpp: 3.1.5 (/opt/ros/humble/share/rosidl_generator_cpp/cmake)
-- Using all available rosidl_typesupport_c: rosidl_typesupport_fastrtps_c;rosidl_typesupport_introspection_c
-- Using all available rosidl_typesupport_cpp: rosidl_typesupport_fastrtps_cpp;rosidl_typesupport_introspection_cpp
-- Found rmw_implementation_cmake: 6.1.1 (/opt/ros/humble/share/rmw_implementation_cmake/cmake)
-- Found rmw_fastrtps_cpp: 6.2.3 (/opt/ros/humble/share/rmw_fastrtps_cpp/cmake)
-- Found OpenSSL: /usr/lib/x86_64-linux-gnu/libcrypto.so (found version "3.0.2")  
-- Found FastRTPS: /opt/ros/humble/include  
-- Using RMW implementation 'rmw_fastrtps_cpp' as default
-- Performing Test CMAKE_HAVE_LIBC_PTHREAD
-- Performing Test CMAKE_HAVE_LIBC_PTHREAD - Success
-- Found Threads: TRUE  
-- Found rclpy: 3.3.9 (/opt/ros/humble/share/rclpy/cmake)
-- Found rl_custom_messages: 0.0.0 (/home/rlcontrol/jay_ws/install/rl_custom_messages/share/rl_custom_messages/cmake)
-- Found OpenCV: /usr (found version "4.5.4") 
-- Found cv_bridge: 3.2.1 (/opt/ros/humble/share/cv_bridge/cmake)
-- Configuring done (2.3s)
-- Generating done (0.1s)
-- Build files have been written to: /home/rlcontrol/jay_ws/build/jaybot
[  7%] [32mBuilding CXX object CMakeFiles/range_publisher.dir/src/range_publisher.cpp.o[0m
[ 14%] [32mBuilding CXX object CMakeFiles/motor_controller.dir/src/motor_controller.cpp.o[0m
[ 21%] [32mBuilding CXX object CMakeFiles/microphone_publisher.dir/src/microphone_publisher.cpp.o[0m
[ 28%] [32mBuilding CXX object CMakeFiles/camera_publisher.dir/src/camera_publisher.cpp.o[0m
[ 35%] [32mBuilding CXX object CMakeFiles/speaker_controller.dir/src/speaker_controller.cpp.o[0m
[ 42%] [32mBuilding CXX object CMakeFiles/rl_server.dir/src/rl_server.cpp.o[0m
[ 50%] [32m[1mLinking CXX executable microphone_publisher[0m
[ 57%] [32m[1mLinking CXX executable range_publisher[0m
[ 57%] Built target microphone_publisher
[ 57%] Built target range_publisher
[ 64%] [32m[1mLinking CXX executable motor_controller[0m
[ 71%] [32m[1mLinking CXX executable speaker_controller[0m
[ 71%] Built target motor_controller
[ 71%] Built target speaker_controller
[ 78%] [32m[1mLinking CXX executable rl_server[0m
[ 78%] Built target rl_server
