[  0%] Built target ament_cmake_python_symlink_jaybot
[ 25%] Built target range_publisher
[ 50%] Built target motor_controller
[ 62%] [32mBuilding CXX object CMakeFiles/rl_server.dir/src/rl_server.cpp.o[0m
[ 75%] [32mBuilding CXX object CMakeFiles/camera_publisher.dir/src/camera_publisher.cpp.o[0m
[01m[K/home/rlcontrol/jay_ws/jaybot/src/rl_server.cpp:6:10:[m[K [01;31m[Kfatal error: [m[Kcv_bridge/cv_bridge.h: No such file or directory
    6 | #include [01;31m[K<cv_bridge/cv_bridge.h>[m[K
      |          [01;31m[K^~~~~~~~~~~~~~~~~~~~~~~[m[K
compilation terminated.
gmake[2]: *** [CMakeFiles/rl_server.dir/build.make:76: CMakeFiles/rl_server.dir/src/rl_server.cpp.o] Error 1
gmake[1]: *** [CMakeFiles/Makefile2:224: CMakeFiles/rl_server.dir/all] Error 2
gmake[1]: *** Waiting for unfinished jobs....
running egg_info
writing jaybot.egg-info/PKG-INFO
writing dependency_links to jaybot.egg-info/dependency_links.txt
writing top-level names to jaybot.egg-info/top_level.txt
reading manifest file 'jaybot.egg-info/SOURCES.txt'
writing manifest file 'jaybot.egg-info/SOURCES.txt'
[ 75%] Built target ament_cmake_python_build_jaybot_egg
[01m[K/home/rlcontrol/jay_ws/jaybot/src/camera_publisher.cpp:4:10:[m[K [01;31m[Kfatal error: [m[Kvision_opencv/cv_bridge/cv_bridge.hpp: No such file or directory
    4 | #include [01;31m[K<vision_opencv/cv_bridge/cv_bridge.hpp>[m[K
      |          [01;31m[K^~~~~~~~~~~~~~~~~~~~~~~~~~~~~~~~~~~~~~~[m[K
compilation terminated.
gmake[2]: *** [CMakeFiles/camera_publisher.dir/build.make:76: CMakeFiles/camera_publisher.dir/src/camera_publisher.cpp.o] Error 1
gmake[1]: *** [CMakeFiles/Makefile2:198: CMakeFiles/camera_publisher.dir/all] Error 2
gmake: *** [Makefile:146: all] Error 2
