[0.008s] Invoking command in '/home/rlcontrol/jay_ws/build/jaybot': AMENT_PREFIX_PATH=/home/rlcontrol/jay_ws/install/rl_custom_messages:${AMENT_PREFIX_PATH} CMAKE_PREFIX_PATH=/home/rlcontrol/jay_ws/install/rl_custom_messages:/opt/ros/humble LD_LIBRARY_PATH=/home/rlcontrol/jay_ws/install/rl_custom_messages/lib:${LD_LIBRARY_PATH} PYTHONPATH=/home/rlcontrol/jay_ws/install/rl_custom_messages/local/lib/python3.10/dist-packages:${PYTHONPATH} /home/rlcontrol/.local/bin/cmake --build /home/rlcontrol/jay_ws/build/jaybot -- -j6 -l6
[0.042s] -- Found ament_cmake: 1.3.4 (/opt/ros/humble/share/ament_cmake/cmake)
[0.130s] -- Override CMake install command with custom implementation using symlinks instead of copying resources
[0.137s] -- Found rclcpp: 16.0.4 (/opt/ros/humble/share/rclcpp/cmake)
[0.167s] -- Found rosidl_generator_c: 3.1.4 (/opt/ros/humble/share/rosidl_generator_c/cmake)
[0.169s] -- Found rosidl_adapter: 3.1.4 (/opt/ros/humble/share/rosidl_adapter/cmake)
[0.175s] -- Found rosidl_generator_cpp: 3.1.4 (/opt/ros/humble/share/rosidl_generator_cpp/cmake)
[0.187s] -- Using all available rosidl_typesupport_c: rosidl_typesupport_fastrtps_c;rosidl_typesupport_introspection_c
[0.203s] -- Using all available rosidl_typesupport_cpp: rosidl_typesupport_fastrtps_cpp;rosidl_typesupport_introspection_cpp
[0.264s] -- Found rmw_implementation_cmake: 6.1.1 (/opt/ros/humble/share/rmw_implementation_cmake/cmake)
[0.266s] -- Found rmw_fastrtps_cpp: 6.2.2 (/opt/ros/humble/share/rmw_fastrtps_cpp/cmake)
[0.372s] -- Using RMW implementation 'rmw_fastrtps_cpp' as default
[0.533s] -- Found rclpy: 3.3.8 (/opt/ros/humble/share/rclpy/cmake)
[0.533s] -- Found rl_custom_messages: 0.0.0 (/home/rlcontrol/jay_ws/install/rl_custom_messages/share/rl_custom_messages/cmake)
[0.549s] -- Found sensor_msgs: 4.2.3 (/opt/ros/humble/share/sensor_msgs/cmake)
[0.684s] -- Found vision_opencv: 3.2.1 (/opt/ros/humble/share/vision_opencv/cmake)
[0.794s] -- Configuring done (0.8s)
[0.817s] -- Generating done (0.0s)
[0.819s] -- Build files have been written to: /home/rlcontrol/jay_ws/build/jaybot
[0.846s] [  0%] Built target ament_cmake_python_symlink_jaybot
[0.851s] [ 12%] [32mBuilding CXX object CMakeFiles/rl_server.dir/src/rl_server.cpp.o[0m
[0.851s] [ 62%] Built target range_publisher
[0.851s] [ 62%] Built target motor_controller
[0.854s] [ 75%] [32mBuilding CXX object CMakeFiles/camera_publisher.dir/src/camera_publisher.cpp.o[0m
[1.033s] [01m[K/home/rlcontrol/jay_ws/jaybot/src/rl_server.cpp:6:10:[m[K [01;31m[Kfatal error: [m[Kcv_bridge/cv_bridge.h: No such file or directory
[1.034s]     6 | #include [01;31m[K<cv_bridge/cv_bridge.h>[m[K
[1.034s]       |          [01;31m[K^~~~~~~~~~~~~~~~~~~~~~~[m[K
[1.034s] compilation terminated.
[1.036s] gmake[2]: *** [CMakeFiles/rl_server.dir/build.make:76: CMakeFiles/rl_server.dir/src/rl_server.cpp.o] Error 1
[1.036s] gmake[1]: *** [CMakeFiles/Makefile2:224: CMakeFiles/rl_server.dir/all] Error 2
[1.036s] gmake[1]: *** Waiting for unfinished jobs....
[1.067s] running egg_info
[1.068s] writing jaybot.egg-info/PKG-INFO
[1.068s] writing dependency_links to jaybot.egg-info/dependency_links.txt
[1.068s] writing top-level names to jaybot.egg-info/top_level.txt
[1.070s] reading manifest file 'jaybot.egg-info/SOURCES.txt'
[1.071s] writing manifest file 'jaybot.egg-info/SOURCES.txt'
[1.089s] [ 75%] Built target ament_cmake_python_build_jaybot_egg
[1.096s] [01m[K/home/rlcontrol/jay_ws/jaybot/src/camera_publisher.cpp:4:10:[m[K [01;31m[Kfatal error: [m[Kcv_bridge/cv_bridge.h: No such file or directory
[1.096s]     4 | #include [01;31m[K<cv_bridge/cv_bridge.h>[m[K
[1.096s]       |          [01;31m[K^~~~~~~~~~~~~~~~~~~~~~~[m[K
[1.096s] compilation terminated.
[1.099s] gmake[2]: *** [CMakeFiles/camera_publisher.dir/build.make:76: CMakeFiles/camera_publisher.dir/src/camera_publisher.cpp.o] Error 1
[1.099s] gmake[1]: *** [CMakeFiles/Makefile2:198: CMakeFiles/camera_publisher.dir/all] Error 2
[1.099s] gmake: *** [Makefile:146: all] Error 2
[1.106s] Invoked command in '/home/rlcontrol/jay_ws/build/jaybot' returned '2': AMENT_PREFIX_PATH=/home/rlcontrol/jay_ws/install/rl_custom_messages:${AMENT_PREFIX_PATH} CMAKE_PREFIX_PATH=/home/rlcontrol/jay_ws/install/rl_custom_messages:/opt/ros/humble LD_LIBRARY_PATH=/home/rlcontrol/jay_ws/install/rl_custom_messages/lib:${LD_LIBRARY_PATH} PYTHONPATH=/home/rlcontrol/jay_ws/install/rl_custom_messages/local/lib/python3.10/dist-packages:${PYTHONPATH} /home/rlcontrol/.local/bin/cmake --build /home/rlcontrol/jay_ws/build/jaybot -- -j6 -l6
