[ 16%] Built target motor_controller
[ 33%] Built target range_publisher
[ 50%] Built target image_debugger
[ 66%] Built target camera_publisher
[ 83%] Built target rl_server
[ 91%] [32mBuilding CXX object CMakeFiles/microphone_publisher.dir/src/microphone_publisher.cpp.o[0m
[ 91%] Built target ament_cmake_python_symlink_jaybot
running egg_info
writing jaybot.egg-info/PKG-INFO
writing dependency_links to jaybot.egg-info/dependency_links.txt
writing top-level names to jaybot.egg-info/top_level.txt
reading manifest file 'jaybot.egg-info/SOURCES.txt'
writing manifest file 'jaybot.egg-info/SOURCES.txt'
[ 91%] Built target ament_cmake_python_build_jaybot_egg
[01m[K/home/rlcontrol/jay_ws/jaybot/src/microphone_publisher.cpp:45:48:[m[K [01;31m[Kerror: [m[K‘[01m[Kaudio_data[m[K’ is not a member of ‘[01m[Krl_custom_messages::msg[m[K’; did you mean ‘[01m[KAudioData[m[K’?
   45 |     rclcpp::Publisher<rl_custom_messages::msg::[01;31m[Kaudio_data[m[K>::SharedPtr publisher_;
      |                                                [01;31m[K^~~~~~~~~~[m[K
      |                                                [32m[KAudioData[m[K
[01m[K/home/rlcontrol/jay_ws/jaybot/src/microphone_publisher.cpp:45:58:[m[K [01;31m[Kerror: [m[Ktemplate argument 1 is invalid
   45 |     rclcpp::Publisher<rl_custom_messages::msg::audio_data[01;31m[K>[m[K::SharedPtr publisher_;
      |                                                          [01;31m[K^[m[K
[01m[K/home/rlcontrol/jay_ws/jaybot/src/microphone_publisher.cpp:45:61:[m[K [01;31m[Kerror: [m[Kexpected ‘[01m[K;[m[K’ at end of member declaration
   45 |     rclcpp::Publisher<rl_custom_messages::msg::audio_data>::[01;31m[KSharedPtr[m[K publisher_;
      |                                                             [01;31m[K^~~~~~~~~[m[K
      |                                                                      [32m[K;[m[K
[01m[K/home/rlcontrol/jay_ws/jaybot/src/microphone_publisher.cpp:45:71:[m[K [01;31m[Kerror: [m[K‘[01m[Kpublisher_[m[K’ does not name a type; did you mean ‘[01m[Krmw_publisher_t[m[K’?
   45 |     rclcpp::Publisher<rl_custom_messages::msg::audio_data>::SharedPtr [01;31m[Kpublisher_[m[K;
      |                                                                       [01;31m[K^~~~~~~~~~[m[K
      |                                                                       [32m[Krmw_publisher_t[m[K
[01m[K/home/rlcontrol/jay_ws/jaybot/src/microphone_publisher.cpp:[m[K In constructor ‘[01m[KAudioCapturePublisher::AudioCapturePublisher()[m[K’:
[01m[K/home/rlcontrol/jay_ws/jaybot/src/microphone_publisher.cpp:16:9:[m[K [01;31m[Kerror: [m[K‘[01m[Kpublisher_[m[K’ was not declared in this scope; did you mean ‘[01m[Krmw_publisher_t[m[K’?
   16 |         [01;31m[Kpublisher_[m[K = this->create_publisher<rl_custom_messages::msg::audio_data>("audio_data", 10);
      |         [01;31m[K^~~~~~~~~~[m[K
      |         [32m[Krmw_publisher_t[m[K
[01m[K/home/rlcontrol/jay_ws/jaybot/src/microphone_publisher.cpp:16:70:[m[K [01;31m[Kerror: [m[K‘[01m[Kaudio_data[m[K’ is not a member of ‘[01m[Krl_custom_messages::msg[m[K’; did you mean ‘[01m[KAudioData[m[K’?
   16 |         publisher_ = this->create_publisher<rl_custom_messages::msg::[01;31m[Kaudio_data[m[K>("audio_data", 10);
      |                                                                      [01;31m[K^~~~~~~~~~[m[K
      |                                                                      [32m[KAudioData[m[K
[01m[K/home/rlcontrol/jay_ws/jaybot/src/microphone_publisher.cpp:16:81:[m[K [01;31m[Kerror: [m[Kno matching function for call to ‘[01m[KAudioCapturePublisher::create_publisher<<expression error> >(const char [11], int)[m[K’
   16 |         publisher_ = [01;31m[Kthis->create_publisher<rl_custom_messages::msg::audio_data>("audio_data", 10)[m[K;
      |                      [01;31m[K~~~~~~~~~~~~~~~~~~~~~~~~~~~~~~~~~~~~~~~~~~~~~~~~~~~~~~~~~~~^~~~~~~~~~~~~~~~~~[m[K
In file included from [01m[K/opt/ros/humble/include/rclcpp/rclcpp/executors/single_threaded_executor.hpp:28[m[K,
                 from [01m[K/opt/ros/humble/include/rclcpp/rclcpp/executors.hpp:22[m[K,
                 from [01m[K/opt/ros/humble/include/rclcpp/rclcpp/rclcpp.hpp:155[m[K,
                 from [01m[K/home/rlcontrol/jay_ws/jaybot/src/microphone_publisher.cpp:3[m[K:
[01m[K/opt/ros/humble/include/rclcpp/rclcpp/node.hpp:195:3:[m[K [01;36m[Knote: [m[Kcandidate: ‘[01m[Ktemplate<class MessageT, class AllocatorT, class PublisherT> std::shared_ptr<PublisherT> rclcpp::Node::create_publisher(const string&, const rclcpp::QoS&, const rclcpp::PublisherOptionsWithAllocator<AllocatorT>&)[m[K’
  195 |   [01;36m[Kcreate_publisher[m[K(
      |   [01;36m[K^~~~~~~~~~~~~~~~[m[K
[01m[K/opt/ros/humble/include/rclcpp/rclcpp/node.hpp:195:3:[m[K [01;36m[Knote: [m[K  template argument deduction/substitution failed:
[01m[K/home/rlcontrol/jay_ws/jaybot/src/microphone_publisher.cpp:16:81:[m[K [01;31m[Kerror: [m[Ktemplate argument 1 is invalid
   16 |         publisher_ = [01;31m[Kthis->create_publisher<rl_custom_messages::msg::audio_data>("audio_data", 10)[m[K;
      |                      [01;31m[K~~~~~~~~~~~~~~~~~~~~~~~~~~~~~~~~~~~~~~~~~~~~~~~~~~~~~~~~~~~^~~~~~~~~~~~~~~~~~[m[K
[01m[K/home/rlcontrol/jay_ws/jaybot/src/microphone_publisher.cpp:[m[K In member function ‘[01m[Kvoid AudioCapturePublisher::timer_callback()[m[K’:
[01m[K/home/rlcontrol/jay_ws/jaybot/src/microphone_publisher.cpp:33:49:[m[K [01;31m[Kerror: [m[K‘[01m[Kaudio_data[m[K’ is not a member of ‘[01m[Krl_custom_messages::msg[m[K’; did you mean ‘[01m[KAudioData[m[K’?
   33 |         auto message = rl_custom_messages::msg::[01;31m[Kaudio_data[m[K();
      |                                                 [01;31m[K^~~~~~~~~~[m[K
      |                                                 [32m[KAudioData[m[K
[01m[K/home/rlcontrol/jay_ws/jaybot/src/microphone_publisher.cpp:39:9:[m[K [01;31m[Kerror: [m[K‘[01m[Kpublisher_[m[K’ was not declared in this scope; did you mean ‘[01m[Krmw_publisher_t[m[K’?
   39 |         [01;31m[Kpublisher_[m[K->publish(message);
      |         [01;31m[K^~~~~~~~~~[m[K
      |         [32m[Krmw_publisher_t[m[K
gmake[2]: *** [CMakeFiles/microphone_publisher.dir/build.make:76: CMakeFiles/microphone_publisher.dir/src/microphone_publisher.cpp.o] Error 1
gmake[1]: *** [CMakeFiles/Makefile2:228: CMakeFiles/microphone_publisher.dir/all] Error 2
gmake: *** [Makefile:146: all] Error 2
