[2.930s] DEBUG:colcon:Command line arguments: ['/usr/bin/colcon', 'build', '--packages-select', 'rl_custom_messages']
[2.931s] DEBUG:colcon:Parsed command line arguments: Namespace(log_base=None, log_level=None, verb_name='build', build_base='build', install_base='install', merge_install=False, symlink_install=False, test_result_base=None, continue_on_error=False, executor='parallel', parallel_workers=4, event_handlers=None, ignore_user_meta=False, metas=['./colcon.meta'], base_paths=['.'], packages_ignore=None, packages_ignore_regex=None, paths=None, packages_up_to=None, packages_up_to_regex=None, packages_above=None, packages_above_and_dependencies=None, packages_above_depth=None, packages_select_by_dep=None, packages_skip_by_dep=None, packages_skip_up_to=None, packages_select_build_failed=False, packages_skip_build_finished=False, packages_select_test_failures=False, packages_skip_test_passed=False, packages_select=['rl_custom_messages'], packages_skip=None, packages_select_regex=None, packages_skip_regex=None, packages_start=None, packages_end=None, allow_overriding=[], cmake_args=None, cmake_target=None, cmake_target_skip_unavailable=False, cmake_clean_cache=False, cmake_clean_first=False, cmake_force_configure=False, ament_cmake_args=None, catkin_cmake_args=None, catkin_skip_building_tests=False, verb_parser=<colcon_defaults.argument_parser.defaults.DefaultArgumentsDecorator object at 0xffff976dac80>, verb_extension=<colcon_core.verb.build.BuildVerb object at 0xffff97f78b50>, main=<bound method BuildVerb.main of <colcon_core.verb.build.BuildVerb object at 0xffff97f78b50>>)
[3.373s] Level 1:colcon.colcon_core.package_discovery:discover_packages(colcon_meta) check parameters
[3.374s] Level 1:colcon.colcon_core.package_discovery:discover_packages(recursive) check parameters
[3.374s] Level 1:colcon.colcon_core.package_discovery:discover_packages(ignore) check parameters
[3.374s] Level 1:colcon.colcon_core.package_discovery:discover_packages(path) check parameters
[3.375s] Level 1:colcon.colcon_core.package_discovery:discover_packages(colcon_meta) discover
[3.375s] Level 1:colcon.colcon_core.package_discovery:discover_packages(recursive) discover
[3.375s] INFO:colcon.colcon_core.package_discovery:Crawling recursively for packages in '/home/rlagent/jay_ws'
[3.376s] Level 1:colcon.colcon_core.package_identification:_identify(.) by extensions ['ignore', 'ignore_ament_install']
[3.377s] Level 1:colcon.colcon_core.package_identification:_identify(.) by extension 'ignore'
[3.377s] Level 1:colcon.colcon_core.package_identification:_identify(.) by extension 'ignore_ament_install'
[3.378s] Level 1:colcon.colcon_core.package_identification:_identify(.) by extensions ['colcon_pkg']
[3.378s] Level 1:colcon.colcon_core.package_identification:_identify(.) by extension 'colcon_pkg'
[3.379s] Level 1:colcon.colcon_core.package_identification:_identify(.) by extensions ['colcon_meta']
[3.379s] Level 1:colcon.colcon_core.package_identification:_identify(.) by extension 'colcon_meta'
[3.379s] Level 1:colcon.colcon_core.package_identification:_identify(.) by extensions ['ros']
[3.379s] Level 1:colcon.colcon_core.package_identification:_identify(.) by extension 'ros'
[3.529s] Level 1:colcon.colcon_core.package_identification:_identify(.) by extensions ['cmake', 'python']
[3.529s] Level 1:colcon.colcon_core.package_identification:_identify(.) by extension 'cmake'
[3.530s] Level 1:colcon.colcon_core.package_identification:_identify(.) by extension 'python'
[3.530s] Level 1:colcon.colcon_core.package_identification:_identify(.) by extensions ['python_setup_py']
[3.531s] Level 1:colcon.colcon_core.package_identification:_identify(.) by extension 'python_setup_py'
[3.532s] Level 1:colcon.colcon_core.package_identification:_identify(build) by extensions ['ignore', 'ignore_ament_install']
[3.532s] Level 1:colcon.colcon_core.package_identification:_identify(build) by extension 'ignore'
[3.533s] Level 1:colcon.colcon_core.package_identification:_identify(build) ignored
[3.534s] Level 1:colcon.colcon_core.package_identification:_identify(install) by extensions ['ignore', 'ignore_ament_install']
[3.535s] Level 1:colcon.colcon_core.package_identification:_identify(install) by extension 'ignore'
[3.535s] Level 1:colcon.colcon_core.package_identification:_identify(install) ignored
[3.537s] Level 1:colcon.colcon_core.package_identification:_identify(log) by extensions ['ignore', 'ignore_ament_install']
[3.537s] Level 1:colcon.colcon_core.package_identification:_identify(log) by extension 'ignore'
[3.538s] Level 1:colcon.colcon_core.package_identification:_identify(log) ignored
[3.538s] Level 1:colcon.colcon_core.package_identification:_identify(src) by extensions ['ignore', 'ignore_ament_install']
[3.539s] Level 1:colcon.colcon_core.package_identification:_identify(src) by extension 'ignore'
[3.540s] Level 1:colcon.colcon_core.package_identification:_identify(src) by extension 'ignore_ament_install'
[3.540s] Level 1:colcon.colcon_core.package_identification:_identify(src) by extensions ['colcon_pkg']
[3.540s] Level 1:colcon.colcon_core.package_identification:_identify(src) by extension 'colcon_pkg'
[3.541s] Level 1:colcon.colcon_core.package_identification:_identify(src) by extensions ['colcon_meta']
[3.541s] Level 1:colcon.colcon_core.package_identification:_identify(src) by extension 'colcon_meta'
[3.542s] Level 1:colcon.colcon_core.package_identification:_identify(src) by extensions ['ros']
[3.542s] Level 1:colcon.colcon_core.package_identification:_identify(src) by extension 'ros'
[3.543s] Level 1:colcon.colcon_core.package_identification:_identify(src) by extensions ['cmake', 'python']
[3.543s] Level 1:colcon.colcon_core.package_identification:_identify(src) by extension 'cmake'
[3.543s] Level 1:colcon.colcon_core.package_identification:_identify(src) by extension 'python'
[3.544s] Level 1:colcon.colcon_core.package_identification:_identify(src) by extensions ['python_setup_py']
[3.544s] Level 1:colcon.colcon_core.package_identification:_identify(src) by extension 'python_setup_py'
[3.545s] Level 1:colcon.colcon_core.package_identification:_identify(src/jaybot) by extensions ['ignore', 'ignore_ament_install']
[3.546s] Level 1:colcon.colcon_core.package_identification:_identify(src/jaybot) by extension 'ignore'
[3.546s] Level 1:colcon.colcon_core.package_identification:_identify(src/jaybot) by extension 'ignore_ament_install'
[3.547s] Level 1:colcon.colcon_core.package_identification:_identify(src/jaybot) by extensions ['colcon_pkg']
[3.547s] Level 1:colcon.colcon_core.package_identification:_identify(src/jaybot) by extension 'colcon_pkg'
[3.547s] Level 1:colcon.colcon_core.package_identification:_identify(src/jaybot) by extensions ['colcon_meta']
[3.548s] Level 1:colcon.colcon_core.package_identification:_identify(src/jaybot) by extension 'colcon_meta'
[3.548s] Level 1:colcon.colcon_core.package_identification:_identify(src/jaybot) by extensions ['ros']
[3.548s] Level 1:colcon.colcon_core.package_identification:_identify(src/jaybot) by extension 'ros'
[3.582s] DEBUG:colcon.colcon_core.package_identification:Package 'src/jaybot' with type 'ros.ament_cmake' and name 'jaybot'
[3.584s] Level 1:colcon.colcon_core.package_identification:_identify(src/rl_custom_messages) by extensions ['ignore', 'ignore_ament_install']
[3.585s] Level 1:colcon.colcon_core.package_identification:_identify(src/rl_custom_messages) by extension 'ignore'
[3.585s] Level 1:colcon.colcon_core.package_identification:_identify(src/rl_custom_messages) by extension 'ignore_ament_install'
[3.586s] Level 1:colcon.colcon_core.package_identification:_identify(src/rl_custom_messages) by extensions ['colcon_pkg']
[3.586s] Level 1:colcon.colcon_core.package_identification:_identify(src/rl_custom_messages) by extension 'colcon_pkg'
[3.587s] Level 1:colcon.colcon_core.package_identification:_identify(src/rl_custom_messages) by extensions ['colcon_meta']
[3.587s] Level 1:colcon.colcon_core.package_identification:_identify(src/rl_custom_messages) by extension 'colcon_meta'
[3.587s] Level 1:colcon.colcon_core.package_identification:_identify(src/rl_custom_messages) by extensions ['ros']
[3.588s] Level 1:colcon.colcon_core.package_identification:_identify(src/rl_custom_messages) by extension 'ros'
[3.593s] DEBUG:colcon.colcon_core.package_identification:Package 'src/rl_custom_messages' with type 'ros.ament_cmake' and name 'rl_custom_messages'
[3.593s] Level 1:colcon.colcon_core.package_discovery:discover_packages(recursive) using defaults
[3.594s] Level 1:colcon.colcon_core.package_discovery:discover_packages(ignore) discover
[3.594s] Level 1:colcon.colcon_core.package_discovery:discover_packages(ignore) using defaults
[3.594s] Level 1:colcon.colcon_core.package_discovery:discover_packages(path) discover
[3.594s] Level 1:colcon.colcon_core.package_discovery:discover_packages(path) using defaults
[3.864s] INFO:colcon.colcon_core.package_selection:Skipping not selected package 'jaybot' in 'src/jaybot'
[3.871s] Level 1:colcon.colcon_core.package_discovery:discover_packages(prefix_path) check parameters
[3.871s] Level 1:colcon.colcon_core.package_discovery:discover_packages(prefix_path) discover
[3.911s] DEBUG:colcon.colcon_installed_package_information.package_discovery:Found 180 installed packages in /opt/ros/humble
[3.921s] Level 1:colcon.colcon_core.package_discovery:discover_packages(prefix_path) using defaults
[4.314s] Level 5:colcon.colcon_core.verb:set package 'rl_custom_messages' build argument 'cmake_args' from command line to 'None'
[4.314s] Level 5:colcon.colcon_core.verb:set package 'rl_custom_messages' build argument 'cmake_target' from command line to 'None'
[4.314s] Level 5:colcon.colcon_core.verb:set package 'rl_custom_messages' build argument 'cmake_target_skip_unavailable' from command line to 'False'
[4.315s] Level 5:colcon.colcon_core.verb:set package 'rl_custom_messages' build argument 'cmake_clean_cache' from command line to 'False'
[4.315s] Level 5:colcon.colcon_core.verb:set package 'rl_custom_messages' build argument 'cmake_clean_first' from command line to 'False'
[4.315s] Level 5:colcon.colcon_core.verb:set package 'rl_custom_messages' build argument 'cmake_force_configure' from command line to 'False'
[4.315s] Level 5:colcon.colcon_core.verb:set package 'rl_custom_messages' build argument 'ament_cmake_args' from command line to 'None'
[4.316s] Level 5:colcon.colcon_core.verb:set package 'rl_custom_messages' build argument 'catkin_cmake_args' from command line to 'None'
[4.316s] Level 5:colcon.colcon_core.verb:set package 'rl_custom_messages' build argument 'catkin_skip_building_tests' from command line to 'False'
[4.316s] DEBUG:colcon.colcon_core.verb:Building package 'rl_custom_messages' with the following arguments: {'ament_cmake_args': None, 'build_base': '/home/rlagent/jay_ws/build/rl_custom_messages', 'catkin_cmake_args': None, 'catkin_skip_building_tests': False, 'cmake_args': None, 'cmake_clean_cache': False, 'cmake_clean_first': False, 'cmake_force_configure': False, 'cmake_target': None, 'cmake_target_skip_unavailable': False, 'install_base': '/home/rlagent/jay_ws/install/rl_custom_messages', 'merge_install': False, 'path': '/home/rlagent/jay_ws/src/rl_custom_messages', 'symlink_install': False, 'test_result_base': None}
[4.322s] INFO:colcon.colcon_core.executor:Executing jobs using 'parallel' executor
[4.347s] DEBUG:colcon.colcon_parallel_executor.executor.parallel:run_until_complete
[4.349s] INFO:colcon.colcon_ros.task.ament_cmake.build:Building ROS package in '/home/rlagent/jay_ws/src/rl_custom_messages' with build type 'ament_cmake'
[4.351s] INFO:colcon.colcon_cmake.task.cmake.build:Building CMake package in '/home/rlagent/jay_ws/src/rl_custom_messages'
[4.413s] INFO:colcon.colcon_core.plugin_system:Skipping extension 'colcon_core.shell.bat': Not used on non-Windows systems
[4.415s] INFO:colcon.colcon_core.shell:Skip shell extension 'powershell' for command environment: Not usable outside of PowerShell
[4.416s] DEBUG:colcon.colcon_core.shell:Skip shell extension 'dsv' for command environment
[4.531s] DEBUG:colcon.colcon_core.event_handler.log_command:Invoking command in '/home/rlagent/jay_ws/build/rl_custom_messages': CMAKE_PREFIX_PATH=/opt/ros/humble /usr/bin/cmake /home/rlagent/jay_ws/src/rl_custom_messages -DCMAKE_INSTALL_PREFIX=/home/rlagent/jay_ws/install/rl_custom_messages
[22.472s] DEBUG:colcon.colcon_core.event_handler.log_command:Invoked command in '/home/rlagent/jay_ws/build/rl_custom_messages' returned '0': CMAKE_PREFIX_PATH=/opt/ros/humble /usr/bin/cmake /home/rlagent/jay_ws/src/rl_custom_messages -DCMAKE_INSTALL_PREFIX=/home/rlagent/jay_ws/install/rl_custom_messages
[22.493s] DEBUG:colcon.colcon_core.event_handler.log_command:Invoking command in '/home/rlagent/jay_ws/build/rl_custom_messages': CMAKE_PREFIX_PATH=/opt/ros/humble /usr/bin/cmake --build /home/rlagent/jay_ws/build/rl_custom_messages -- -j4 -l4
[54.540s] DEBUG:colcon.colcon_core.event_handler.log_command:Invoked command in '/home/rlagent/jay_ws/build/rl_custom_messages' returned '0': CMAKE_PREFIX_PATH=/opt/ros/humble /usr/bin/cmake --build /home/rlagent/jay_ws/build/rl_custom_messages -- -j4 -l4
[55.384s] DEBUG:colcon.colcon_core.event_handler.log_command:Invoking command in '/home/rlagent/jay_ws/build/rl_custom_messages': CMAKE_PREFIX_PATH=/opt/ros/humble /usr/bin/cmake --install /home/rlagent/jay_ws/build/rl_custom_messages
[56.302s] DEBUG:colcon.colcon_core.event_handler.log_command:Invoked command in '/home/rlagent/jay_ws/build/rl_custom_messages' returned '0': CMAKE_PREFIX_PATH=/opt/ros/humble /usr/bin/cmake --install /home/rlagent/jay_ws/build/rl_custom_messages
[56.297s] Level 1:colcon.colcon_core.environment:create_environment_scripts_only(rl_custom_messages)
[57.012s] Level 1:colcon.colcon_core.environment:checking '/home/rlagent/jay_ws/install/rl_custom_messages' for CMake module files
[57.035s] Level 1:colcon.colcon_core.environment:checking '/home/rlagent/jay_ws/install/rl_custom_messages' for CMake config files
[57.052s] Level 1:colcon.colcon_core.shell:create_environment_hook('rl_custom_messages', 'cmake_prefix_path')
[57.081s] INFO:colcon.colcon_core.shell:Creating environment hook '/home/rlagent/jay_ws/install/rl_custom_messages/share/rl_custom_messages/hook/cmake_prefix_path.ps1'
[57.164s] INFO:colcon.colcon_core.shell:Creating environment descriptor '/home/rlagent/jay_ws/install/rl_custom_messages/share/rl_custom_messages/hook/cmake_prefix_path.dsv'
[57.228s] INFO:colcon.colcon_core.shell:Creating environment hook '/home/rlagent/jay_ws/install/rl_custom_messages/share/rl_custom_messages/hook/cmake_prefix_path.sh'
[57.291s] Level 1:colcon.colcon_core.environment:checking '/home/rlagent/jay_ws/install/rl_custom_messages/lib'
[57.293s] Level 1:colcon.colcon_core.shell:create_environment_hook('rl_custom_messages', 'ld_library_path_lib')
[57.306s] INFO:colcon.colcon_core.shell:Creating environment hook '/home/rlagent/jay_ws/install/rl_custom_messages/share/rl_custom_messages/hook/ld_library_path_lib.ps1'
[57.311s] INFO:colcon.colcon_core.shell:Creating environment descriptor '/home/rlagent/jay_ws/install/rl_custom_messages/share/rl_custom_messages/hook/ld_library_path_lib.dsv'
[57.314s] INFO:colcon.colcon_core.shell:Creating environment hook '/home/rlagent/jay_ws/install/rl_custom_messages/share/rl_custom_messages/hook/ld_library_path_lib.sh'
[57.317s] Level 1:colcon.colcon_core.environment:checking '/home/rlagent/jay_ws/install/rl_custom_messages/bin'
[57.319s] Level 1:colcon.colcon_core.environment:checking '/home/rlagent/jay_ws/install/rl_custom_messages/lib/pkgconfig/rl_custom_messages.pc'
[57.357s] Level 1:colcon.colcon_core.environment:checking '/home/rlagent/jay_ws/install/rl_custom_messages/lib/python3.10/site-packages'
[57.361s] Level 1:colcon.colcon_core.environment:checking '/home/rlagent/jay_ws/install/rl_custom_messages/bin'
[57.376s] INFO:colcon.colcon_core.shell:Creating package script '/home/rlagent/jay_ws/install/rl_custom_messages/share/rl_custom_messages/package.ps1'
[57.391s] INFO:colcon.colcon_core.shell:Creating package descriptor '/home/rlagent/jay_ws/install/rl_custom_messages/share/rl_custom_messages/package.dsv'
[57.401s] INFO:colcon.colcon_core.shell:Creating package script '/home/rlagent/jay_ws/install/rl_custom_messages/share/rl_custom_messages/package.sh'
[57.415s] INFO:colcon.colcon_core.shell:Creating package script '/home/rlagent/jay_ws/install/rl_custom_messages/share/rl_custom_messages/package.bash'
[57.436s] INFO:colcon.colcon_core.shell:Creating package script '/home/rlagent/jay_ws/install/rl_custom_messages/share/rl_custom_messages/package.zsh'
[57.455s] Level 1:colcon.colcon_core.environment:create_file_with_runtime_dependencies(/home/rlagent/jay_ws/install/rl_custom_messages/share/colcon-core/packages/rl_custom_messages)
[58.054s] Level 1:colcon.colcon_core.environment:create_environment_scripts_only(rl_custom_messages)
[58.075s] Level 1:colcon.colcon_core.environment:checking '/home/rlagent/jay_ws/install/rl_custom_messages' for CMake module files
[58.084s] Level 1:colcon.colcon_core.environment:checking '/home/rlagent/jay_ws/install/rl_custom_messages' for CMake config files
[58.095s] Level 1:colcon.colcon_core.shell:create_environment_hook('rl_custom_messages', 'cmake_prefix_path')
[58.106s] INFO:colcon.colcon_core.shell:Creating environment hook '/home/rlagent/jay_ws/install/rl_custom_messages/share/rl_custom_messages/hook/cmake_prefix_path.ps1'
[58.110s] INFO:colcon.colcon_core.shell:Creating environment descriptor '/home/rlagent/jay_ws/install/rl_custom_messages/share/rl_custom_messages/hook/cmake_prefix_path.dsv'
[58.113s] INFO:colcon.colcon_core.shell:Creating environment hook '/home/rlagent/jay_ws/install/rl_custom_messages/share/rl_custom_messages/hook/cmake_prefix_path.sh'
[58.118s] Level 1:colcon.colcon_core.environment:checking '/home/rlagent/jay_ws/install/rl_custom_messages/lib'
[58.119s] Level 1:colcon.colcon_core.shell:create_environment_hook('rl_custom_messages', 'ld_library_path_lib')
[58.129s] INFO:colcon.colcon_core.shell:Creating environment hook '/home/rlagent/jay_ws/install/rl_custom_messages/share/rl_custom_messages/hook/ld_library_path_lib.ps1'
[58.135s] INFO:colcon.colcon_core.shell:Creating environment descriptor '/home/rlagent/jay_ws/install/rl_custom_messages/share/rl_custom_messages/hook/ld_library_path_lib.dsv'
[58.138s] INFO:colcon.colcon_core.shell:Creating environment hook '/home/rlagent/jay_ws/install/rl_custom_messages/share/rl_custom_messages/hook/ld_library_path_lib.sh'
[58.143s] Level 1:colcon.colcon_core.environment:checking '/home/rlagent/jay_ws/install/rl_custom_messages/bin'
[58.144s] Level 1:colcon.colcon_core.environment:checking '/home/rlagent/jay_ws/install/rl_custom_messages/lib/pkgconfig/rl_custom_messages.pc'
[58.147s] Level 1:colcon.colcon_core.environment:checking '/home/rlagent/jay_ws/install/rl_custom_messages/lib/python3.10/site-packages'
[58.149s] Level 1:colcon.colcon_core.environment:checking '/home/rlagent/jay_ws/install/rl_custom_messages/bin'
[58.162s] INFO:colcon.colcon_core.shell:Creating package script '/home/rlagent/jay_ws/install/rl_custom_messages/share/rl_custom_messages/package.ps1'
[58.168s] INFO:colcon.colcon_core.shell:Creating package descriptor '/home/rlagent/jay_ws/install/rl_custom_messages/share/rl_custom_messages/package.dsv'
[58.174s] INFO:colcon.colcon_core.shell:Creating package script '/home/rlagent/jay_ws/install/rl_custom_messages/share/rl_custom_messages/package.sh'
[58.179s] INFO:colcon.colcon_core.shell:Creating package script '/home/rlagent/jay_ws/install/rl_custom_messages/share/rl_custom_messages/package.bash'
[58.186s] INFO:colcon.colcon_core.shell:Creating package script '/home/rlagent/jay_ws/install/rl_custom_messages/share/rl_custom_messages/package.zsh'
[58.193s] Level 1:colcon.colcon_core.environment:create_file_with_runtime_dependencies(/home/rlagent/jay_ws/install/rl_custom_messages/share/colcon-core/packages/rl_custom_messages)
[58.210s] DEBUG:colcon.colcon_parallel_executor.executor.parallel:closing loop
[58.224s] DEBUG:colcon.colcon_parallel_executor.executor.parallel:loop closed
[58.231s] DEBUG:colcon.colcon_parallel_executor.executor.parallel:run_until_complete finished with '0'
[58.233s] DEBUG:colcon.colcon_core.event_reactor:joining thread
[58.504s] INFO:colcon.colcon_core.plugin_system:Skipping extension 'colcon_notification.desktop_notification.notify_send': Could not find 'notify-send'
[58.506s] INFO:colcon.colcon_core.plugin_system:Skipping extension 'colcon_notification.desktop_notification.terminal_notifier': Not used on non-Darwin systems
[58.507s] INFO:colcon.colcon_core.plugin_system:Skipping extension 'colcon_notification.desktop_notification.win32': Not used on non-Windows systems
[58.508s] INFO:colcon.colcon_notification.desktop_notification:Sending desktop notification using 'notify2'
[58.722s] DEBUG:colcon.colcon_notification.desktop_notification.notify2:Failed to initialize notify2: org.freedesktop.DBus.Error.ServiceUnknown: The name org.freedesktop.Notifications was not provided by any .service files
[58.723s] DEBUG:colcon.colcon_core.event_reactor:joined thread
[58.748s] INFO:colcon.colcon_core.shell:Creating prefix script '/home/rlagent/jay_ws/install/local_setup.ps1'
[58.768s] INFO:colcon.colcon_core.shell:Creating prefix util module '/home/rlagent/jay_ws/install/_local_setup_util_ps1.py'
[58.795s] INFO:colcon.colcon_core.shell:Creating prefix chain script '/home/rlagent/jay_ws/install/setup.ps1'
[58.814s] INFO:colcon.colcon_core.shell:Creating prefix script '/home/rlagent/jay_ws/install/local_setup.sh'
[58.822s] INFO:colcon.colcon_core.shell:Creating prefix util module '/home/rlagent/jay_ws/install/_local_setup_util_sh.py'
[58.828s] INFO:colcon.colcon_core.shell:Creating prefix chain script '/home/rlagent/jay_ws/install/setup.sh'
[58.847s] INFO:colcon.colcon_core.shell:Creating prefix script '/home/rlagent/jay_ws/install/local_setup.bash'
[58.853s] INFO:colcon.colcon_core.shell:Creating prefix chain script '/home/rlagent/jay_ws/install/setup.bash'
[58.867s] INFO:colcon.colcon_core.shell:Creating prefix script '/home/rlagent/jay_ws/install/local_setup.zsh'
[58.875s] INFO:colcon.colcon_core.shell:Creating prefix chain script '/home/rlagent/jay_ws/install/setup.zsh'
