-- Found ament_cmake: 1.3.4 (/opt/ros/humble/share/ament_cmake/cmake)
-- Override CMake install command with custom implementation using symlinks instead of copying resources
-- Found rclcpp: 16.0.4 (/opt/ros/humble/share/rclcpp/cmake)
-- Found rosidl_generator_c: 3.1.4 (/opt/ros/humble/share/rosidl_generator_c/cmake)
-- Found rosidl_adapter: 3.1.4 (/opt/ros/humble/share/rosidl_adapter/cmake)
-- Found rosidl_generator_cpp: 3.1.4 (/opt/ros/humble/share/rosidl_generator_cpp/cmake)
-- Using all available rosidl_typesupport_c: rosidl_typesupport_fastrtps_c;rosidl_typesupport_introspection_c
-- Using all available rosidl_typesupport_cpp: rosidl_typesupport_fastrtps_cpp;rosidl_typesupport_introspection_cpp
-- Found rmw_implementation_cmake: 6.1.1 (/opt/ros/humble/share/rmw_implementation_cmake/cmake)
-- Found rmw_fastrtps_cpp: 6.2.2 (/opt/ros/humble/share/rmw_fastrtps_cpp/cmake)
-- Using RMW implementation 'rmw_fastrtps_cpp' as default
-- Found rclpy: 3.3.8 (/opt/ros/humble/share/rclpy/cmake)
-- Found rl_custom_messages: 0.0.0 (/home/rlcontrol/jay_ws/install/rl_custom_messages/share/rl_custom_messages/cmake)
-- Found sensor_msgs: 4.2.3 (/opt/ros/humble/share/sensor_msgs/cmake)
-- Configuring done (0.8s)
-- Generating done (0.0s)
-- Build files have been written to: /home/rlcontrol/jay_ws/build/jaybot
[ 12%] [32mBuilding CXX object CMakeFiles/camera_publisher.dir/src/motor_controller.cpp.o[0m
[ 12%] Built target ament_cmake_python_symlink_jaybot
[ 37%] Built target range_publisher
[ 50%] [32mBuilding CXX object CMakeFiles/rl_server.dir/src/rl_server.cpp.o[0m
[ 75%] Built target motor_controller
running egg_info
writing jaybot.egg-info/PKG-INFO
writing dependency_links to jaybot.egg-info/dependency_links.txt
writing top-level names to jaybot.egg-info/top_level.txt
reading manifest file 'jaybot.egg-info/SOURCES.txt'
writing manifest file 'jaybot.egg-info/SOURCES.txt'
[ 75%] Built target ament_cmake_python_build_jaybot_egg
