[0.010s] Invoking command in '/home/rlcontrol/jay_ws/build/jaybot': CMAKE_PREFIX_PATH=/home/rlcontrol/jay_ws/install/rl_custom_messages:/home/rlcontrol/jay_ws/install/jaybot:/opt/ros/humble /home/rlcontrol/.local/bin/cmake --build /home/rlcontrol/jay_ws/build/jaybot -- -j6 -l6
[0.044s] -- Found ament_cmake: 1.3.4 (/opt/ros/humble/share/ament_cmake/cmake)
[0.135s] -- Override CMake install command with custom implementation using symlinks instead of copying resources
[0.142s] -- Found rclcpp: 16.0.4 (/opt/ros/humble/share/rclcpp/cmake)
[0.173s] -- Found rosidl_generator_c: 3.1.4 (/opt/ros/humble/share/rosidl_generator_c/cmake)
[0.175s] -- Found rosidl_adapter: 3.1.4 (/opt/ros/humble/share/rosidl_adapter/cmake)
[0.182s] -- Found rosidl_generator_cpp: 3.1.4 (/opt/ros/humble/share/rosidl_generator_cpp/cmake)
[0.194s] -- Using all available rosidl_typesupport_c: rosidl_typesupport_fastrtps_c;rosidl_typesupport_introspection_c
[0.212s] -- Using all available rosidl_typesupport_cpp: rosidl_typesupport_fastrtps_cpp;rosidl_typesupport_introspection_cpp
[0.275s] -- Found rmw_implementation_cmake: 6.1.1 (/opt/ros/humble/share/rmw_implementation_cmake/cmake)
[0.276s] -- Found rmw_fastrtps_cpp: 6.2.2 (/opt/ros/humble/share/rmw_fastrtps_cpp/cmake)
[0.387s] -- Using RMW implementation 'rmw_fastrtps_cpp' as default
[0.552s] -- Found rclpy: 3.3.8 (/opt/ros/humble/share/rclpy/cmake)
[0.553s] -- Found rl_custom_messages: 0.0.0 (/home/rlcontrol/jay_ws/install/rl_custom_messages/share/rl_custom_messages/cmake)
[0.572s] -- Found sensor_msgs: 4.2.3 (/opt/ros/humble/share/sensor_msgs/cmake)
[0.831s] -- Configuring done (0.8s)
[0.849s] -- Generating done (0.0s)
[0.851s] -- Build files have been written to: /home/rlcontrol/jay_ws/build/jaybot
[0.873s] [ 12%] [32mBuilding CXX object CMakeFiles/camera_publisher.dir/src/motor_controller.cpp.o[0m
[0.876s] [ 12%] Built target ament_cmake_python_symlink_jaybot
[0.880s] [ 37%] Built target range_publisher
[0.880s] [ 50%] [32mBuilding CXX object CMakeFiles/rl_server.dir/src/rl_server.cpp.o[0m
[0.881s] [ 75%] Built target motor_controller
[1.075s] [01m[K/home/rlcontrol/jay_ws/jaybot/src/rl_server.cpp:5:10:[m[K [01;31m[Kfatal error: [m[Ksensor_msgs/msg/image.hpp: No such file or directory
[1.075s]     5 | #include [01;31m[K<sensor_msgs/msg/image.hpp>[m[K
[1.076s]       |          [01;31m[K^~~~~~~~~~~~~~~~~~~~~~~~~~~[m[K
[1.076s] compilation terminated.
[1.077s] gmake[2]: *** [CMakeFiles/rl_server.dir/build.make:76: CMakeFiles/rl_server.dir/src/rl_server.cpp.o] Error 1
[1.078s] gmake[1]: *** [CMakeFiles/Makefile2:224: CMakeFiles/rl_server.dir/all] Error 2
[1.078s] gmake[1]: *** Waiting for unfinished jobs....
[1.078s] In file included from [01m[K/home/rlcontrol/jay_ws/jaybot/src/motor_controller.cpp:1[m[K:
[1.078s] [01m[K/home/rlcontrol/jay_ws/jaybot/include/jaybot/motor_controller.h:9:10:[m[K [01;31m[Kfatal error: [m[Krl_custom_messages/msg/motor_commands.hpp: No such file or directory
[1.079s]     9 | #include [01;31m[K"rl_custom_messages/msg/motor_commands.hpp"[m[K
[1.079s]       |          [01;31m[K^~~~~~~~~~~~~~~~~~~~~~~~~~~~~~~~~~~~~~~~~~~[m[K
[1.079s] compilation terminated.
[1.080s] gmake[2]: *** [CMakeFiles/camera_publisher.dir/build.make:76: CMakeFiles/camera_publisher.dir/src/motor_controller.cpp.o] Error 1
[1.080s] gmake[1]: *** [CMakeFiles/Makefile2:198: CMakeFiles/camera_publisher.dir/all] Error 2
[1.103s] running egg_info
[1.103s] writing jaybot.egg-info/PKG-INFO
[1.104s] writing dependency_links to jaybot.egg-info/dependency_links.txt
[1.104s] writing top-level names to jaybot.egg-info/top_level.txt
[1.106s] reading manifest file 'jaybot.egg-info/SOURCES.txt'
[1.106s] writing manifest file 'jaybot.egg-info/SOURCES.txt'
[1.122s] [ 75%] Built target ament_cmake_python_build_jaybot_egg
[1.123s] gmake: *** [Makefile:146: all] Error 2
[1.128s] Invoked command in '/home/rlcontrol/jay_ws/build/jaybot' returned '2': CMAKE_PREFIX_PATH=/home/rlcontrol/jay_ws/install/rl_custom_messages:/home/rlcontrol/jay_ws/install/jaybot:/opt/ros/humble /home/rlcontrol/.local/bin/cmake --build /home/rlcontrol/jay_ws/build/jaybot -- -j6 -l6
