[0.323s] DEBUG:colcon:Command line arguments: ['/usr/bin/colcon', 'build']
[0.323s] DEBUG:colcon:Parsed command line arguments: Namespace(log_base=None, log_level=None, verb_name='build', build_base='build', install_base='install', merge_install=False, symlink_install=False, test_result_base=None, continue_on_error=False, executor='parallel', parallel_workers=6, event_handlers=None, ignore_user_meta=False, metas=['./colcon.meta'], base_paths=['.'], packages_ignore=None, packages_ignore_regex=None, paths=None, packages_up_to=None, packages_up_to_regex=None, packages_above=None, packages_above_and_dependencies=None, packages_above_depth=None, packages_select_by_dep=None, packages_skip_by_dep=None, packages_skip_up_to=None, packages_select_build_failed=False, packages_skip_build_finished=False, packages_select_test_failures=False, packages_skip_test_passed=False, packages_select=None, packages_skip=None, packages_select_regex=None, packages_skip_regex=None, packages_start=None, packages_end=None, allow_overriding=[], cmake_args=None, cmake_target=None, cmake_target_skip_unavailable=False, cmake_clean_cache=False, cmake_clean_first=False, cmake_force_configure=False, ament_cmake_args=None, catkin_cmake_args=None, catkin_skip_building_tests=False, verb_parser=<colcon_defaults.argument_parser.defaults.DefaultArgumentsDecorator object at 0x7f506e6f8760>, verb_extension=<colcon_core.verb.build.BuildVerb object at 0x7f506ef19a80>, main=<bound method BuildVerb.main of <colcon_core.verb.build.BuildVerb object at 0x7f506ef19a80>>)
[0.344s] Level 1:colcon.colcon_core.package_discovery:discover_packages(colcon_meta) check parameters
[0.344s] Level 1:colcon.colcon_core.package_discovery:discover_packages(recursive) check parameters
[0.344s] Level 1:colcon.colcon_core.package_discovery:discover_packages(ignore) check parameters
[0.344s] Level 1:colcon.colcon_core.package_discovery:discover_packages(path) check parameters
[0.344s] Level 1:colcon.colcon_core.package_discovery:discover_packages(colcon_meta) discover
[0.344s] Level 1:colcon.colcon_core.package_discovery:discover_packages(recursive) discover
[0.344s] INFO:colcon.colcon_core.package_discovery:Crawling recursively for packages in '/home/rlcontrol/jay_ws'
[0.344s] Level 1:colcon.colcon_core.package_identification:_identify(.) by extensions ['ignore', 'ignore_ament_install']
[0.344s] Level 1:colcon.colcon_core.package_identification:_identify(.) by extension 'ignore'
[0.344s] Level 1:colcon.colcon_core.package_identification:_identify(.) by extension 'ignore_ament_install'
[0.344s] Level 1:colcon.colcon_core.package_identification:_identify(.) by extensions ['colcon_pkg']
[0.344s] Level 1:colcon.colcon_core.package_identification:_identify(.) by extension 'colcon_pkg'
[0.345s] Level 1:colcon.colcon_core.package_identification:_identify(.) by extensions ['colcon_meta']
[0.345s] Level 1:colcon.colcon_core.package_identification:_identify(.) by extension 'colcon_meta'
[0.345s] Level 1:colcon.colcon_core.package_identification:_identify(.) by extensions ['ros']
[0.345s] Level 1:colcon.colcon_core.package_identification:_identify(.) by extension 'ros'
[0.354s] Level 1:colcon.colcon_core.package_identification:_identify(.) by extensions ['cmake', 'python']
[0.354s] Level 1:colcon.colcon_core.package_identification:_identify(.) by extension 'cmake'
[0.354s] Level 1:colcon.colcon_core.package_identification:_identify(.) by extension 'python'
[0.354s] Level 1:colcon.colcon_core.package_identification:_identify(.) by extensions ['python_setup_py']
[0.354s] Level 1:colcon.colcon_core.package_identification:_identify(.) by extension 'python_setup_py'
[0.354s] Level 1:colcon.colcon_core.package_identification:_identify(build) by extensions ['ignore', 'ignore_ament_install']
[0.355s] Level 1:colcon.colcon_core.package_identification:_identify(build) by extension 'ignore'
[0.355s] Level 1:colcon.colcon_core.package_identification:_identify(build) ignored
[0.355s] Level 1:colcon.colcon_core.package_identification:_identify(install) by extensions ['ignore', 'ignore_ament_install']
[0.355s] Level 1:colcon.colcon_core.package_identification:_identify(install) by extension 'ignore'
[0.355s] Level 1:colcon.colcon_core.package_identification:_identify(install) ignored
[0.355s] Level 1:colcon.colcon_core.package_identification:_identify(jaybot) by extensions ['ignore', 'ignore_ament_install']
[0.355s] Level 1:colcon.colcon_core.package_identification:_identify(jaybot) by extension 'ignore'
[0.355s] Level 1:colcon.colcon_core.package_identification:_identify(jaybot) by extension 'ignore_ament_install'
[0.355s] Level 1:colcon.colcon_core.package_identification:_identify(jaybot) by extensions ['colcon_pkg']
[0.355s] Level 1:colcon.colcon_core.package_identification:_identify(jaybot) by extension 'colcon_pkg'
[0.355s] Level 1:colcon.colcon_core.package_identification:_identify(jaybot) by extensions ['colcon_meta']
[0.355s] Level 1:colcon.colcon_core.package_identification:_identify(jaybot) by extension 'colcon_meta'
[0.355s] Level 1:colcon.colcon_core.package_identification:_identify(jaybot) by extensions ['ros']
[0.355s] Level 1:colcon.colcon_core.package_identification:_identify(jaybot) by extension 'ros'
[0.357s] DEBUG:colcon.colcon_core.package_identification:Package 'jaybot' with type 'ros.ament_cmake' and name 'jaybot'
[0.358s] Level 1:colcon.colcon_core.package_identification:_identify(log) by extensions ['ignore', 'ignore_ament_install']
[0.358s] Level 1:colcon.colcon_core.package_identification:_identify(log) by extension 'ignore'
[0.358s] Level 1:colcon.colcon_core.package_identification:_identify(log) ignored
[0.358s] Level 1:colcon.colcon_core.package_identification:_identify(rl_custom_messages) by extensions ['ignore', 'ignore_ament_install']
[0.358s] Level 1:colcon.colcon_core.package_identification:_identify(rl_custom_messages) by extension 'ignore'
[0.358s] Level 1:colcon.colcon_core.package_identification:_identify(rl_custom_messages) by extension 'ignore_ament_install'
[0.358s] Level 1:colcon.colcon_core.package_identification:_identify(rl_custom_messages) by extensions ['colcon_pkg']
[0.358s] Level 1:colcon.colcon_core.package_identification:_identify(rl_custom_messages) by extension 'colcon_pkg'
[0.358s] Level 1:colcon.colcon_core.package_identification:_identify(rl_custom_messages) by extensions ['colcon_meta']
[0.358s] Level 1:colcon.colcon_core.package_identification:_identify(rl_custom_messages) by extension 'colcon_meta'
[0.358s] Level 1:colcon.colcon_core.package_identification:_identify(rl_custom_messages) by extensions ['ros']
[0.358s] Level 1:colcon.colcon_core.package_identification:_identify(rl_custom_messages) by extension 'ros'
[0.359s] DEBUG:colcon.colcon_core.package_identification:Package 'rl_custom_messages' with type 'ros.ament_cmake' and name 'rl_custom_messages'
[0.359s] Level 1:colcon.colcon_core.package_discovery:discover_packages(recursive) using defaults
[0.359s] Level 1:colcon.colcon_core.package_discovery:discover_packages(ignore) discover
[0.359s] Level 1:colcon.colcon_core.package_discovery:discover_packages(ignore) using defaults
[0.359s] Level 1:colcon.colcon_core.package_discovery:discover_packages(path) discover
[0.359s] Level 1:colcon.colcon_core.package_discovery:discover_packages(path) using defaults
[0.380s] Level 1:colcon.colcon_core.package_discovery:discover_packages(prefix_path) check parameters
[0.380s] Level 1:colcon.colcon_core.package_discovery:discover_packages(prefix_path) discover
[0.382s] DEBUG:colcon.colcon_installed_package_information.package_discovery:Found 2 installed packages in /home/rlcontrol/jay_ws/install
[0.384s] DEBUG:colcon.colcon_installed_package_information.package_discovery:Found 270 installed packages in /opt/ros/humble
[0.385s] Level 1:colcon.colcon_core.package_discovery:discover_packages(prefix_path) using defaults
[0.443s] Level 5:colcon.colcon_core.verb:set package 'rl_custom_messages' build argument 'cmake_args' from command line to 'None'
[0.443s] Level 5:colcon.colcon_core.verb:set package 'rl_custom_messages' build argument 'cmake_target' from command line to 'None'
[0.443s] Level 5:colcon.colcon_core.verb:set package 'rl_custom_messages' build argument 'cmake_target_skip_unavailable' from command line to 'False'
[0.443s] Level 5:colcon.colcon_core.verb:set package 'rl_custom_messages' build argument 'cmake_clean_cache' from command line to 'False'
[0.443s] Level 5:colcon.colcon_core.verb:set package 'rl_custom_messages' build argument 'cmake_clean_first' from command line to 'False'
[0.443s] Level 5:colcon.colcon_core.verb:set package 'rl_custom_messages' build argument 'cmake_force_configure' from command line to 'False'
[0.443s] Level 5:colcon.colcon_core.verb:set package 'rl_custom_messages' build argument 'ament_cmake_args' from command line to 'None'
[0.443s] Level 5:colcon.colcon_core.verb:set package 'rl_custom_messages' build argument 'catkin_cmake_args' from command line to 'None'
[0.443s] Level 5:colcon.colcon_core.verb:set package 'rl_custom_messages' build argument 'catkin_skip_building_tests' from command line to 'False'
[0.443s] DEBUG:colcon.colcon_core.verb:Building package 'rl_custom_messages' with the following arguments: {'ament_cmake_args': None, 'build_base': '/home/rlcontrol/jay_ws/build/rl_custom_messages', 'catkin_cmake_args': None, 'catkin_skip_building_tests': False, 'cmake_args': None, 'cmake_clean_cache': False, 'cmake_clean_first': False, 'cmake_force_configure': False, 'cmake_target': None, 'cmake_target_skip_unavailable': False, 'install_base': '/home/rlcontrol/jay_ws/install/rl_custom_messages', 'merge_install': False, 'path': '/home/rlcontrol/jay_ws/rl_custom_messages', 'symlink_install': False, 'test_result_base': None}
[0.444s] Level 5:colcon.colcon_core.verb:set package 'jaybot' build argument 'cmake_args' from command line to 'None'
[0.444s] Level 5:colcon.colcon_core.verb:set package 'jaybot' build argument 'cmake_target' from command line to 'None'
[0.444s] Level 5:colcon.colcon_core.verb:set package 'jaybot' build argument 'cmake_target_skip_unavailable' from command line to 'False'
[0.445s] Level 5:colcon.colcon_core.verb:set package 'jaybot' build argument 'cmake_clean_cache' from command line to 'False'
[0.445s] Level 5:colcon.colcon_core.verb:set package 'jaybot' build argument 'cmake_clean_first' from command line to 'False'
[0.445s] Level 5:colcon.colcon_core.verb:set package 'jaybot' build argument 'cmake_force_configure' from command line to 'False'
[0.445s] Level 5:colcon.colcon_core.verb:set package 'jaybot' build argument 'ament_cmake_args' from command line to 'None'
[0.445s] Level 5:colcon.colcon_core.verb:set package 'jaybot' build argument 'catkin_cmake_args' from command line to 'None'
[0.445s] Level 5:colcon.colcon_core.verb:set package 'jaybot' build argument 'catkin_skip_building_tests' from command line to 'False'
[0.445s] DEBUG:colcon.colcon_core.verb:Building package 'jaybot' with the following arguments: {'ament_cmake_args': None, 'build_base': '/home/rlcontrol/jay_ws/build/jaybot', 'catkin_cmake_args': None, 'catkin_skip_building_tests': False, 'cmake_args': None, 'cmake_clean_cache': False, 'cmake_clean_first': False, 'cmake_force_configure': False, 'cmake_target': None, 'cmake_target_skip_unavailable': False, 'install_base': '/home/rlcontrol/jay_ws/install/jaybot', 'merge_install': False, 'path': '/home/rlcontrol/jay_ws/jaybot', 'symlink_install': False, 'test_result_base': None}
[0.445s] INFO:colcon.colcon_core.executor:Executing jobs using 'parallel' executor
[0.449s] DEBUG:colcon.colcon_parallel_executor.executor.parallel:run_until_complete
[0.449s] INFO:colcon.colcon_ros.task.ament_cmake.build:Building ROS package in '/home/rlcontrol/jay_ws/rl_custom_messages' with build type 'ament_cmake'
[0.450s] INFO:colcon.colcon_cmake.task.cmake.build:Building CMake package in '/home/rlcontrol/jay_ws/rl_custom_messages'
[0.455s] INFO:colcon.colcon_core.plugin_system:Skipping extension 'colcon_core.shell.bat': Not used on non-Windows systems
[0.456s] INFO:colcon.colcon_core.shell:Skip shell extension 'powershell' for command environment: Not usable outside of PowerShell
[0.456s] DEBUG:colcon.colcon_core.shell:Skip shell extension 'dsv' for command environment
[0.468s] DEBUG:colcon.colcon_core.event_handler.log_command:Invoking command in '/home/rlcontrol/jay_ws/build/rl_custom_messages': CMAKE_PREFIX_PATH=${CMAKE_PREFIX_PATH}:/opt/ros/humble /home/rlcontrol/.local/bin/cmake --build /home/rlcontrol/jay_ws/build/rl_custom_messages -- -j6 -l6
[0.827s] DEBUG:colcon.colcon_core.event_handler.log_command:Invoked command in '/home/rlcontrol/jay_ws/build/rl_custom_messages' returned '0': CMAKE_PREFIX_PATH=${CMAKE_PREFIX_PATH}:/opt/ros/humble /home/rlcontrol/.local/bin/cmake --build /home/rlcontrol/jay_ws/build/rl_custom_messages -- -j6 -l6
[0.969s] DEBUG:colcon.colcon_core.event_handler.log_command:Invoking command in '/home/rlcontrol/jay_ws/build/rl_custom_messages': CMAKE_PREFIX_PATH=${CMAKE_PREFIX_PATH}:/opt/ros/humble /home/rlcontrol/.local/bin/cmake --install /home/rlcontrol/jay_ws/build/rl_custom_messages
[1.043s] Level 1:colcon.colcon_core.environment:create_environment_scripts_only(rl_custom_messages)
[1.044s] DEBUG:colcon.colcon_core.event_handler.log_command:Invoked command in '/home/rlcontrol/jay_ws/build/rl_custom_messages' returned '0': CMAKE_PREFIX_PATH=${CMAKE_PREFIX_PATH}:/opt/ros/humble /home/rlcontrol/.local/bin/cmake --install /home/rlcontrol/jay_ws/build/rl_custom_messages
[1.047s] Level 1:colcon.colcon_core.environment:checking '/home/rlcontrol/jay_ws/install/rl_custom_messages' for CMake module files
[1.047s] Level 1:colcon.colcon_core.environment:checking '/home/rlcontrol/jay_ws/install/rl_custom_messages' for CMake config files
[1.048s] Level 1:colcon.colcon_core.shell:create_environment_hook('rl_custom_messages', 'cmake_prefix_path')
[1.049s] INFO:colcon.colcon_core.shell:Creating environment hook '/home/rlcontrol/jay_ws/install/rl_custom_messages/share/rl_custom_messages/hook/cmake_prefix_path.ps1'
[1.050s] INFO:colcon.colcon_core.shell:Creating environment descriptor '/home/rlcontrol/jay_ws/install/rl_custom_messages/share/rl_custom_messages/hook/cmake_prefix_path.dsv'
[1.050s] INFO:colcon.colcon_core.shell:Creating environment hook '/home/rlcontrol/jay_ws/install/rl_custom_messages/share/rl_custom_messages/hook/cmake_prefix_path.sh'
[1.051s] Level 1:colcon.colcon_core.environment:checking '/home/rlcontrol/jay_ws/install/rl_custom_messages/lib'
[1.051s] Level 1:colcon.colcon_core.shell:create_environment_hook('rl_custom_messages', 'ld_library_path_lib')
[1.052s] INFO:colcon.colcon_core.shell:Creating environment hook '/home/rlcontrol/jay_ws/install/rl_custom_messages/share/rl_custom_messages/hook/ld_library_path_lib.ps1'
[1.052s] INFO:colcon.colcon_core.shell:Creating environment descriptor '/home/rlcontrol/jay_ws/install/rl_custom_messages/share/rl_custom_messages/hook/ld_library_path_lib.dsv'
[1.053s] INFO:colcon.colcon_core.shell:Creating environment hook '/home/rlcontrol/jay_ws/install/rl_custom_messages/share/rl_custom_messages/hook/ld_library_path_lib.sh'
[1.053s] Level 1:colcon.colcon_core.environment:checking '/home/rlcontrol/jay_ws/install/rl_custom_messages/bin'
[1.053s] Level 1:colcon.colcon_core.environment:checking '/home/rlcontrol/jay_ws/install/rl_custom_messages/lib/pkgconfig/rl_custom_messages.pc'
[1.053s] Level 1:colcon.colcon_core.environment:checking '/home/rlcontrol/jay_ws/install/rl_custom_messages/lib/python3.10/site-packages'
[1.054s] Level 1:colcon.colcon_core.environment:checking '/home/rlcontrol/jay_ws/install/rl_custom_messages/bin'
[1.055s] INFO:colcon.colcon_core.shell:Creating package script '/home/rlcontrol/jay_ws/install/rl_custom_messages/share/rl_custom_messages/package.ps1'
[1.055s] INFO:colcon.colcon_core.shell:Creating package descriptor '/home/rlcontrol/jay_ws/install/rl_custom_messages/share/rl_custom_messages/package.dsv'
[1.056s] INFO:colcon.colcon_core.shell:Creating package script '/home/rlcontrol/jay_ws/install/rl_custom_messages/share/rl_custom_messages/package.sh'
[1.056s] INFO:colcon.colcon_core.shell:Creating package script '/home/rlcontrol/jay_ws/install/rl_custom_messages/share/rl_custom_messages/package.bash'
[1.057s] INFO:colcon.colcon_core.shell:Creating package script '/home/rlcontrol/jay_ws/install/rl_custom_messages/share/rl_custom_messages/package.zsh'
[1.057s] Level 1:colcon.colcon_core.environment:create_file_with_runtime_dependencies(/home/rlcontrol/jay_ws/install/rl_custom_messages/share/colcon-core/packages/rl_custom_messages)
[1.164s] Level 1:colcon.colcon_core.environment:create_environment_scripts_only(rl_custom_messages)
[1.166s] Level 1:colcon.colcon_core.environment:checking '/home/rlcontrol/jay_ws/install/rl_custom_messages' for CMake module files
[1.166s] Level 1:colcon.colcon_core.environment:checking '/home/rlcontrol/jay_ws/install/rl_custom_messages' for CMake config files
[1.167s] Level 1:colcon.colcon_core.shell:create_environment_hook('rl_custom_messages', 'cmake_prefix_path')
[1.168s] INFO:colcon.colcon_core.shell:Creating environment hook '/home/rlcontrol/jay_ws/install/rl_custom_messages/share/rl_custom_messages/hook/cmake_prefix_path.ps1'
[1.168s] INFO:colcon.colcon_core.shell:Creating environment descriptor '/home/rlcontrol/jay_ws/install/rl_custom_messages/share/rl_custom_messages/hook/cmake_prefix_path.dsv'
[1.169s] INFO:colcon.colcon_core.shell:Creating environment hook '/home/rlcontrol/jay_ws/install/rl_custom_messages/share/rl_custom_messages/hook/cmake_prefix_path.sh'
[1.169s] Level 1:colcon.colcon_core.environment:checking '/home/rlcontrol/jay_ws/install/rl_custom_messages/lib'
[1.169s] Level 1:colcon.colcon_core.shell:create_environment_hook('rl_custom_messages', 'ld_library_path_lib')
[1.170s] INFO:colcon.colcon_core.shell:Creating environment hook '/home/rlcontrol/jay_ws/install/rl_custom_messages/share/rl_custom_messages/hook/ld_library_path_lib.ps1'
[1.171s] INFO:colcon.colcon_core.shell:Creating environment descriptor '/home/rlcontrol/jay_ws/install/rl_custom_messages/share/rl_custom_messages/hook/ld_library_path_lib.dsv'
[1.171s] INFO:colcon.colcon_core.shell:Creating environment hook '/home/rlcontrol/jay_ws/install/rl_custom_messages/share/rl_custom_messages/hook/ld_library_path_lib.sh'
[1.171s] Level 1:colcon.colcon_core.environment:checking '/home/rlcontrol/jay_ws/install/rl_custom_messages/bin'
[1.171s] Level 1:colcon.colcon_core.environment:checking '/home/rlcontrol/jay_ws/install/rl_custom_messages/lib/pkgconfig/rl_custom_messages.pc'
[1.171s] Level 1:colcon.colcon_core.environment:checking '/home/rlcontrol/jay_ws/install/rl_custom_messages/lib/python3.10/site-packages'
[1.172s] Level 1:colcon.colcon_core.environment:checking '/home/rlcontrol/jay_ws/install/rl_custom_messages/bin'
[1.173s] INFO:colcon.colcon_core.shell:Creating package script '/home/rlcontrol/jay_ws/install/rl_custom_messages/share/rl_custom_messages/package.ps1'
[1.173s] INFO:colcon.colcon_core.shell:Creating package descriptor '/home/rlcontrol/jay_ws/install/rl_custom_messages/share/rl_custom_messages/package.dsv'
[1.174s] INFO:colcon.colcon_core.shell:Creating package script '/home/rlcontrol/jay_ws/install/rl_custom_messages/share/rl_custom_messages/package.sh'
[1.174s] INFO:colcon.colcon_core.shell:Creating package script '/home/rlcontrol/jay_ws/install/rl_custom_messages/share/rl_custom_messages/package.bash'
[1.174s] INFO:colcon.colcon_core.shell:Creating package script '/home/rlcontrol/jay_ws/install/rl_custom_messages/share/rl_custom_messages/package.zsh'
[1.175s] Level 1:colcon.colcon_core.environment:create_file_with_runtime_dependencies(/home/rlcontrol/jay_ws/install/rl_custom_messages/share/colcon-core/packages/rl_custom_messages)
[1.175s] INFO:colcon.colcon_ros.task.ament_cmake.build:Building ROS package in '/home/rlcontrol/jay_ws/jaybot' with build type 'ament_cmake'
[1.175s] INFO:colcon.colcon_cmake.task.cmake.build:Building CMake package in '/home/rlcontrol/jay_ws/jaybot'
[1.176s] INFO:colcon.colcon_core.shell:Skip shell extension 'powershell' for command environment: Not usable outside of PowerShell
[1.176s] DEBUG:colcon.colcon_core.shell:Skip shell extension 'dsv' for command environment
[1.189s] DEBUG:colcon.colcon_core.event_handler.log_command:Invoking command in '/home/rlcontrol/jay_ws/build/jaybot': CMAKE_PREFIX_PATH=/home/rlcontrol/jay_ws/install/rl_custom_messages:/home/rlcontrol/jay_ws/install/jaybot:/opt/ros/humble /home/rlcontrol/.local/bin/cmake --build /home/rlcontrol/jay_ws/build/jaybot -- -j6 -l6
[1.472s] DEBUG:colcon.colcon_core.event_handler.log_command:Invoked command in '/home/rlcontrol/jay_ws/build/jaybot' returned '0': CMAKE_PREFIX_PATH=/home/rlcontrol/jay_ws/install/rl_custom_messages:/home/rlcontrol/jay_ws/install/jaybot:/opt/ros/humble /home/rlcontrol/.local/bin/cmake --build /home/rlcontrol/jay_ws/build/jaybot -- -j6 -l6
[1.527s] DEBUG:colcon.colcon_core.event_handler.log_command:Invoking command in '/home/rlcontrol/jay_ws/build/jaybot': CMAKE_PREFIX_PATH=/home/rlcontrol/jay_ws/install/rl_custom_messages:/home/rlcontrol/jay_ws/install/jaybot:/opt/ros/humble /home/rlcontrol/.local/bin/cmake --install /home/rlcontrol/jay_ws/build/jaybot
[1.584s] Level 1:colcon.colcon_core.environment:create_environment_scripts_only(jaybot)
[1.585s] Level 1:colcon.colcon_core.environment:checking '/home/rlcontrol/jay_ws/install/jaybot' for CMake module files
[1.586s] DEBUG:colcon.colcon_core.event_handler.log_command:Invoked command in '/home/rlcontrol/jay_ws/build/jaybot' returned '0': CMAKE_PREFIX_PATH=/home/rlcontrol/jay_ws/install/rl_custom_messages:/home/rlcontrol/jay_ws/install/jaybot:/opt/ros/humble /home/rlcontrol/.local/bin/cmake --install /home/rlcontrol/jay_ws/build/jaybot
[1.586s] Level 1:colcon.colcon_core.environment:checking '/home/rlcontrol/jay_ws/install/jaybot' for CMake config files
[1.586s] Level 1:colcon.colcon_core.shell:create_environment_hook('jaybot', 'cmake_prefix_path')
[1.587s] INFO:colcon.colcon_core.shell:Creating environment hook '/home/rlcontrol/jay_ws/install/jaybot/share/jaybot/hook/cmake_prefix_path.ps1'
[1.588s] INFO:colcon.colcon_core.shell:Creating environment descriptor '/home/rlcontrol/jay_ws/install/jaybot/share/jaybot/hook/cmake_prefix_path.dsv'
[1.588s] INFO:colcon.colcon_core.shell:Creating environment hook '/home/rlcontrol/jay_ws/install/jaybot/share/jaybot/hook/cmake_prefix_path.sh'
[1.589s] Level 1:colcon.colcon_core.environment:checking '/home/rlcontrol/jay_ws/install/jaybot/lib'
[1.589s] Level 1:colcon.colcon_core.environment:checking '/home/rlcontrol/jay_ws/install/jaybot/bin'
[1.589s] Level 1:colcon.colcon_core.environment:checking '/home/rlcontrol/jay_ws/install/jaybot/lib/pkgconfig/jaybot.pc'
[1.589s] Level 1:colcon.colcon_core.environment:checking '/home/rlcontrol/jay_ws/install/jaybot/lib/python3.10/site-packages'
[1.589s] Level 1:colcon.colcon_core.environment:checking '/home/rlcontrol/jay_ws/install/jaybot/bin'
[1.590s] INFO:colcon.colcon_core.shell:Creating package script '/home/rlcontrol/jay_ws/install/jaybot/share/jaybot/package.ps1'
[1.591s] INFO:colcon.colcon_core.shell:Creating package descriptor '/home/rlcontrol/jay_ws/install/jaybot/share/jaybot/package.dsv'
[1.591s] INFO:colcon.colcon_core.shell:Creating package script '/home/rlcontrol/jay_ws/install/jaybot/share/jaybot/package.sh'
[1.591s] INFO:colcon.colcon_core.shell:Creating package script '/home/rlcontrol/jay_ws/install/jaybot/share/jaybot/package.bash'
[1.592s] INFO:colcon.colcon_core.shell:Creating package script '/home/rlcontrol/jay_ws/install/jaybot/share/jaybot/package.zsh'
[1.592s] Level 1:colcon.colcon_core.environment:create_file_with_runtime_dependencies(/home/rlcontrol/jay_ws/install/jaybot/share/colcon-core/packages/jaybot)
[1.642s] Level 1:colcon.colcon_core.environment:create_environment_scripts_only(jaybot)
[1.644s] Level 1:colcon.colcon_core.environment:checking '/home/rlcontrol/jay_ws/install/jaybot' for CMake module files
[1.644s] Level 1:colcon.colcon_core.environment:checking '/home/rlcontrol/jay_ws/install/jaybot' for CMake config files
[1.644s] Level 1:colcon.colcon_core.shell:create_environment_hook('jaybot', 'cmake_prefix_path')
[1.645s] INFO:colcon.colcon_core.shell:Creating environment hook '/home/rlcontrol/jay_ws/install/jaybot/share/jaybot/hook/cmake_prefix_path.ps1'
[1.646s] INFO:colcon.colcon_core.shell:Creating environment descriptor '/home/rlcontrol/jay_ws/install/jaybot/share/jaybot/hook/cmake_prefix_path.dsv'
[1.646s] INFO:colcon.colcon_core.shell:Creating environment hook '/home/rlcontrol/jay_ws/install/jaybot/share/jaybot/hook/cmake_prefix_path.sh'
[1.646s] Level 1:colcon.colcon_core.environment:checking '/home/rlcontrol/jay_ws/install/jaybot/lib'
[1.646s] Level 1:colcon.colcon_core.environment:checking '/home/rlcontrol/jay_ws/install/jaybot/bin'
[1.646s] Level 1:colcon.colcon_core.environment:checking '/home/rlcontrol/jay_ws/install/jaybot/lib/pkgconfig/jaybot.pc'
[1.647s] Level 1:colcon.colcon_core.environment:checking '/home/rlcontrol/jay_ws/install/jaybot/lib/python3.10/site-packages'
[1.647s] Level 1:colcon.colcon_core.environment:checking '/home/rlcontrol/jay_ws/install/jaybot/bin'
[1.648s] INFO:colcon.colcon_core.shell:Creating package script '/home/rlcontrol/jay_ws/install/jaybot/share/jaybot/package.ps1'
[1.648s] INFO:colcon.colcon_core.shell:Creating package descriptor '/home/rlcontrol/jay_ws/install/jaybot/share/jaybot/package.dsv'
[1.649s] INFO:colcon.colcon_core.shell:Creating package script '/home/rlcontrol/jay_ws/install/jaybot/share/jaybot/package.sh'
[1.649s] INFO:colcon.colcon_core.shell:Creating package script '/home/rlcontrol/jay_ws/install/jaybot/share/jaybot/package.bash'
[1.649s] INFO:colcon.colcon_core.shell:Creating package script '/home/rlcontrol/jay_ws/install/jaybot/share/jaybot/package.zsh'
[1.650s] Level 1:colcon.colcon_core.environment:create_file_with_runtime_dependencies(/home/rlcontrol/jay_ws/install/jaybot/share/colcon-core/packages/jaybot)
[1.650s] DEBUG:colcon.colcon_parallel_executor.executor.parallel:closing loop
[1.650s] DEBUG:colcon.colcon_parallel_executor.executor.parallel:loop closed
[1.650s] DEBUG:colcon.colcon_parallel_executor.executor.parallel:run_until_complete finished with '0'
[1.651s] DEBUG:colcon.colcon_core.event_reactor:joining thread
[1.655s] INFO:colcon.colcon_core.plugin_system:Skipping extension 'colcon_notification.desktop_notification.terminal_notifier': Not used on non-Darwin systems
[1.655s] INFO:colcon.colcon_core.plugin_system:Skipping extension 'colcon_notification.desktop_notification.win32': Not used on non-Windows systems
[1.655s] INFO:colcon.colcon_notification.desktop_notification:Sending desktop notification using 'notify2'
[1.666s] DEBUG:colcon.colcon_core.event_reactor:joined thread
[1.667s] INFO:colcon.colcon_core.shell:Creating prefix script '/home/rlcontrol/jay_ws/install/local_setup.ps1'
[1.668s] INFO:colcon.colcon_core.shell:Creating prefix util module '/home/rlcontrol/jay_ws/install/_local_setup_util_ps1.py'
[1.669s] INFO:colcon.colcon_core.shell:Creating prefix chain script '/home/rlcontrol/jay_ws/install/setup.ps1'
[1.670s] INFO:colcon.colcon_core.shell:Creating prefix script '/home/rlcontrol/jay_ws/install/local_setup.sh'
[1.671s] INFO:colcon.colcon_core.shell:Creating prefix util module '/home/rlcontrol/jay_ws/install/_local_setup_util_sh.py'
[1.671s] INFO:colcon.colcon_core.shell:Creating prefix chain script '/home/rlcontrol/jay_ws/install/setup.sh'
[1.672s] INFO:colcon.colcon_core.shell:Creating prefix script '/home/rlcontrol/jay_ws/install/local_setup.bash'
[1.673s] INFO:colcon.colcon_core.shell:Creating prefix chain script '/home/rlcontrol/jay_ws/install/setup.bash'
[1.674s] INFO:colcon.colcon_core.shell:Creating prefix script '/home/rlcontrol/jay_ws/install/local_setup.zsh'
[1.674s] INFO:colcon.colcon_core.shell:Creating prefix chain script '/home/rlcontrol/jay_ws/install/setup.zsh'
