[0.345s] DEBUG:colcon:Command line arguments: ['/usr/bin/colcon', 'build']
[0.345s] DEBUG:colcon:Parsed command line arguments: Namespace(log_base=None, log_level=None, verb_name='build', build_base='build', install_base='install', merge_install=False, symlink_install=False, test_result_base=None, continue_on_error=False, executor='parallel', parallel_workers=6, event_handlers=None, ignore_user_meta=False, metas=['./colcon.meta'], base_paths=['.'], packages_ignore=None, packages_ignore_regex=None, paths=None, packages_up_to=None, packages_up_to_regex=None, packages_above=None, packages_above_and_dependencies=None, packages_above_depth=None, packages_select_by_dep=None, packages_skip_by_dep=None, packages_skip_up_to=None, packages_select_build_failed=False, packages_skip_build_finished=False, packages_select_test_failures=False, packages_skip_test_passed=False, packages_select=None, packages_skip=None, packages_select_regex=None, packages_skip_regex=None, packages_start=None, packages_end=None, allow_overriding=[], cmake_args=None, cmake_target=None, cmake_target_skip_unavailable=False, cmake_clean_cache=False, cmake_clean_first=False, cmake_force_configure=False, ament_cmake_args=None, catkin_cmake_args=None, catkin_skip_building_tests=False, verb_parser=<colcon_defaults.argument_parser.defaults.DefaultArgumentsDecorator object at 0x7f33481f4610>, verb_extension=<colcon_core.verb.build.BuildVerb object at 0x7f334897ae90>, main=<bound method BuildVerb.main of <colcon_core.verb.build.BuildVerb object at 0x7f334897ae90>>)
[0.372s] Level 1:colcon.colcon_core.package_discovery:discover_packages(colcon_meta) check parameters
[0.372s] Level 1:colcon.colcon_core.package_discovery:discover_packages(recursive) check parameters
[0.372s] Level 1:colcon.colcon_core.package_discovery:discover_packages(ignore) check parameters
[0.372s] Level 1:colcon.colcon_core.package_discovery:discover_packages(path) check parameters
[0.372s] Level 1:colcon.colcon_core.package_discovery:discover_packages(colcon_meta) discover
[0.372s] Level 1:colcon.colcon_core.package_discovery:discover_packages(recursive) discover
[0.372s] INFO:colcon.colcon_core.package_discovery:Crawling recursively for packages in '/home/rlcontrol/jay_ws'
[0.372s] Level 1:colcon.colcon_core.package_identification:_identify(.) by extensions ['ignore', 'ignore_ament_install']
[0.372s] Level 1:colcon.colcon_core.package_identification:_identify(.) by extension 'ignore'
[0.372s] Level 1:colcon.colcon_core.package_identification:_identify(.) by extension 'ignore_ament_install'
[0.372s] Level 1:colcon.colcon_core.package_identification:_identify(.) by extensions ['colcon_pkg']
[0.372s] Level 1:colcon.colcon_core.package_identification:_identify(.) by extension 'colcon_pkg'
[0.372s] Level 1:colcon.colcon_core.package_identification:_identify(.) by extensions ['colcon_meta']
[0.372s] Level 1:colcon.colcon_core.package_identification:_identify(.) by extension 'colcon_meta'
[0.372s] Level 1:colcon.colcon_core.package_identification:_identify(.) by extensions ['ros']
[0.372s] Level 1:colcon.colcon_core.package_identification:_identify(.) by extension 'ros'
[0.383s] Level 1:colcon.colcon_core.package_identification:_identify(.) by extensions ['cmake', 'python']
[0.383s] Level 1:colcon.colcon_core.package_identification:_identify(.) by extension 'cmake'
[0.383s] Level 1:colcon.colcon_core.package_identification:_identify(.) by extension 'python'
[0.383s] Level 1:colcon.colcon_core.package_identification:_identify(.) by extensions ['python_setup_py']
[0.383s] Level 1:colcon.colcon_core.package_identification:_identify(.) by extension 'python_setup_py'
[0.384s] Level 1:colcon.colcon_core.package_identification:_identify(build) by extensions ['ignore', 'ignore_ament_install']
[0.384s] Level 1:colcon.colcon_core.package_identification:_identify(build) by extension 'ignore'
[0.384s] Level 1:colcon.colcon_core.package_identification:_identify(build) ignored
[0.384s] Level 1:colcon.colcon_core.package_identification:_identify(install) by extensions ['ignore', 'ignore_ament_install']
[0.384s] Level 1:colcon.colcon_core.package_identification:_identify(install) by extension 'ignore'
[0.384s] Level 1:colcon.colcon_core.package_identification:_identify(install) ignored
[0.384s] Level 1:colcon.colcon_core.package_identification:_identify(jaybot) by extensions ['ignore', 'ignore_ament_install']
[0.384s] Level 1:colcon.colcon_core.package_identification:_identify(jaybot) by extension 'ignore'
[0.384s] Level 1:colcon.colcon_core.package_identification:_identify(jaybot) by extension 'ignore_ament_install'
[0.384s] Level 1:colcon.colcon_core.package_identification:_identify(jaybot) by extensions ['colcon_pkg']
[0.384s] Level 1:colcon.colcon_core.package_identification:_identify(jaybot) by extension 'colcon_pkg'
[0.384s] Level 1:colcon.colcon_core.package_identification:_identify(jaybot) by extensions ['colcon_meta']
[0.385s] Level 1:colcon.colcon_core.package_identification:_identify(jaybot) by extension 'colcon_meta'
[0.385s] Level 1:colcon.colcon_core.package_identification:_identify(jaybot) by extensions ['ros']
[0.385s] Level 1:colcon.colcon_core.package_identification:_identify(jaybot) by extension 'ros'
[0.387s] DEBUG:colcon.colcon_core.package_identification:Package 'jaybot' with type 'ros.ament_cmake' and name 'jaybot'
[0.387s] Level 1:colcon.colcon_core.package_identification:_identify(log) by extensions ['ignore', 'ignore_ament_install']
[0.387s] Level 1:colcon.colcon_core.package_identification:_identify(log) by extension 'ignore'
[0.387s] Level 1:colcon.colcon_core.package_identification:_identify(log) ignored
[0.388s] Level 1:colcon.colcon_core.package_identification:_identify(rl_custom_messages) by extensions ['ignore', 'ignore_ament_install']
[0.388s] Level 1:colcon.colcon_core.package_identification:_identify(rl_custom_messages) by extension 'ignore'
[0.388s] Level 1:colcon.colcon_core.package_identification:_identify(rl_custom_messages) by extension 'ignore_ament_install'
[0.388s] Level 1:colcon.colcon_core.package_identification:_identify(rl_custom_messages) by extensions ['colcon_pkg']
[0.388s] Level 1:colcon.colcon_core.package_identification:_identify(rl_custom_messages) by extension 'colcon_pkg'
[0.388s] Level 1:colcon.colcon_core.package_identification:_identify(rl_custom_messages) by extensions ['colcon_meta']
[0.388s] Level 1:colcon.colcon_core.package_identification:_identify(rl_custom_messages) by extension 'colcon_meta'
[0.388s] Level 1:colcon.colcon_core.package_identification:_identify(rl_custom_messages) by extensions ['ros']
[0.388s] Level 1:colcon.colcon_core.package_identification:_identify(rl_custom_messages) by extension 'ros'
[0.388s] DEBUG:colcon.colcon_core.package_identification:Package 'rl_custom_messages' with type 'ros.ament_cmake' and name 'rl_custom_messages'
[0.388s] Level 1:colcon.colcon_core.package_discovery:discover_packages(recursive) using defaults
[0.388s] Level 1:colcon.colcon_core.package_discovery:discover_packages(ignore) discover
[0.388s] Level 1:colcon.colcon_core.package_discovery:discover_packages(ignore) using defaults
[0.389s] Level 1:colcon.colcon_core.package_discovery:discover_packages(path) discover
[0.389s] Level 1:colcon.colcon_core.package_discovery:discover_packages(path) using defaults
[0.412s] Level 1:colcon.colcon_core.package_discovery:discover_packages(prefix_path) check parameters
[0.412s] Level 1:colcon.colcon_core.package_discovery:discover_packages(prefix_path) discover
[0.415s] DEBUG:colcon.colcon_installed_package_information.package_discovery:Found 2 installed packages in /home/rlcontrol/jay_ws/install
[0.416s] DEBUG:colcon.colcon_installed_package_information.package_discovery:Found 270 installed packages in /opt/ros/humble
[0.418s] Level 1:colcon.colcon_core.package_discovery:discover_packages(prefix_path) using defaults
[0.472s] Level 5:colcon.colcon_core.verb:set package 'rl_custom_messages' build argument 'cmake_args' from command line to 'None'
[0.472s] Level 5:colcon.colcon_core.verb:set package 'rl_custom_messages' build argument 'cmake_target' from command line to 'None'
[0.472s] Level 5:colcon.colcon_core.verb:set package 'rl_custom_messages' build argument 'cmake_target_skip_unavailable' from command line to 'False'
[0.472s] Level 5:colcon.colcon_core.verb:set package 'rl_custom_messages' build argument 'cmake_clean_cache' from command line to 'False'
[0.472s] Level 5:colcon.colcon_core.verb:set package 'rl_custom_messages' build argument 'cmake_clean_first' from command line to 'False'
[0.472s] Level 5:colcon.colcon_core.verb:set package 'rl_custom_messages' build argument 'cmake_force_configure' from command line to 'False'
[0.472s] Level 5:colcon.colcon_core.verb:set package 'rl_custom_messages' build argument 'ament_cmake_args' from command line to 'None'
[0.472s] Level 5:colcon.colcon_core.verb:set package 'rl_custom_messages' build argument 'catkin_cmake_args' from command line to 'None'
[0.472s] Level 5:colcon.colcon_core.verb:set package 'rl_custom_messages' build argument 'catkin_skip_building_tests' from command line to 'False'
[0.472s] DEBUG:colcon.colcon_core.verb:Building package 'rl_custom_messages' with the following arguments: {'ament_cmake_args': None, 'build_base': '/home/rlcontrol/jay_ws/build/rl_custom_messages', 'catkin_cmake_args': None, 'catkin_skip_building_tests': False, 'cmake_args': None, 'cmake_clean_cache': False, 'cmake_clean_first': False, 'cmake_force_configure': False, 'cmake_target': None, 'cmake_target_skip_unavailable': False, 'install_base': '/home/rlcontrol/jay_ws/install/rl_custom_messages', 'merge_install': False, 'path': '/home/rlcontrol/jay_ws/rl_custom_messages', 'symlink_install': False, 'test_result_base': None}
[0.474s] Level 5:colcon.colcon_core.verb:set package 'jaybot' build argument 'cmake_args' from command line to 'None'
[0.474s] Level 5:colcon.colcon_core.verb:set package 'jaybot' build argument 'cmake_target' from command line to 'None'
[0.474s] Level 5:colcon.colcon_core.verb:set package 'jaybot' build argument 'cmake_target_skip_unavailable' from command line to 'False'
[0.474s] Level 5:colcon.colcon_core.verb:set package 'jaybot' build argument 'cmake_clean_cache' from command line to 'False'
[0.474s] Level 5:colcon.colcon_core.verb:set package 'jaybot' build argument 'cmake_clean_first' from command line to 'False'
[0.474s] Level 5:colcon.colcon_core.verb:set package 'jaybot' build argument 'cmake_force_configure' from command line to 'False'
[0.474s] Level 5:colcon.colcon_core.verb:set package 'jaybot' build argument 'ament_cmake_args' from command line to 'None'
[0.474s] Level 5:colcon.colcon_core.verb:set package 'jaybot' build argument 'catkin_cmake_args' from command line to 'None'
[0.474s] Level 5:colcon.colcon_core.verb:set package 'jaybot' build argument 'catkin_skip_building_tests' from command line to 'False'
[0.474s] DEBUG:colcon.colcon_core.verb:Building package 'jaybot' with the following arguments: {'ament_cmake_args': None, 'build_base': '/home/rlcontrol/jay_ws/build/jaybot', 'catkin_cmake_args': None, 'catkin_skip_building_tests': False, 'cmake_args': None, 'cmake_clean_cache': False, 'cmake_clean_first': False, 'cmake_force_configure': False, 'cmake_target': None, 'cmake_target_skip_unavailable': False, 'install_base': '/home/rlcontrol/jay_ws/install/jaybot', 'merge_install': False, 'path': '/home/rlcontrol/jay_ws/jaybot', 'symlink_install': False, 'test_result_base': None}
[0.474s] INFO:colcon.colcon_core.executor:Executing jobs using 'parallel' executor
[0.478s] DEBUG:colcon.colcon_parallel_executor.executor.parallel:run_until_complete
[0.478s] INFO:colcon.colcon_ros.task.ament_cmake.build:Building ROS package in '/home/rlcontrol/jay_ws/rl_custom_messages' with build type 'ament_cmake'
[0.478s] INFO:colcon.colcon_cmake.task.cmake.build:Building CMake package in '/home/rlcontrol/jay_ws/rl_custom_messages'
[0.482s] INFO:colcon.colcon_core.plugin_system:Skipping extension 'colcon_core.shell.bat': Not used on non-Windows systems
[0.482s] INFO:colcon.colcon_core.shell:Skip shell extension 'powershell' for command environment: Not usable outside of PowerShell
[0.482s] DEBUG:colcon.colcon_core.shell:Skip shell extension 'dsv' for command environment
[0.491s] DEBUG:colcon.colcon_core.event_handler.log_command:Invoking command in '/home/rlcontrol/jay_ws/build/rl_custom_messages': CMAKE_PREFIX_PATH=${CMAKE_PREFIX_PATH}:/opt/ros/humble /home/rlcontrol/.local/bin/cmake --build /home/rlcontrol/jay_ws/build/rl_custom_messages -- -j6 -l6
[0.823s] DEBUG:colcon.colcon_core.event_handler.log_command:Invoked command in '/home/rlcontrol/jay_ws/build/rl_custom_messages' returned '0': CMAKE_PREFIX_PATH=${CMAKE_PREFIX_PATH}:/opt/ros/humble /home/rlcontrol/.local/bin/cmake --build /home/rlcontrol/jay_ws/build/rl_custom_messages -- -j6 -l6
[0.958s] DEBUG:colcon.colcon_core.event_handler.log_command:Invoking command in '/home/rlcontrol/jay_ws/build/rl_custom_messages': CMAKE_PREFIX_PATH=${CMAKE_PREFIX_PATH}:/opt/ros/humble /home/rlcontrol/.local/bin/cmake --install /home/rlcontrol/jay_ws/build/rl_custom_messages
[1.021s] Level 1:colcon.colcon_core.environment:create_environment_scripts_only(rl_custom_messages)
[1.022s] DEBUG:colcon.colcon_core.event_handler.log_command:Invoked command in '/home/rlcontrol/jay_ws/build/rl_custom_messages' returned '0': CMAKE_PREFIX_PATH=${CMAKE_PREFIX_PATH}:/opt/ros/humble /home/rlcontrol/.local/bin/cmake --install /home/rlcontrol/jay_ws/build/rl_custom_messages
[1.025s] Level 1:colcon.colcon_core.environment:checking '/home/rlcontrol/jay_ws/install/rl_custom_messages' for CMake module files
[1.026s] Level 1:colcon.colcon_core.environment:checking '/home/rlcontrol/jay_ws/install/rl_custom_messages' for CMake config files
[1.026s] Level 1:colcon.colcon_core.shell:create_environment_hook('rl_custom_messages', 'cmake_prefix_path')
[1.027s] INFO:colcon.colcon_core.shell:Creating environment hook '/home/rlcontrol/jay_ws/install/rl_custom_messages/share/rl_custom_messages/hook/cmake_prefix_path.ps1'
[1.028s] INFO:colcon.colcon_core.shell:Creating environment descriptor '/home/rlcontrol/jay_ws/install/rl_custom_messages/share/rl_custom_messages/hook/cmake_prefix_path.dsv'
[1.028s] INFO:colcon.colcon_core.shell:Creating environment hook '/home/rlcontrol/jay_ws/install/rl_custom_messages/share/rl_custom_messages/hook/cmake_prefix_path.sh'
[1.029s] Level 1:colcon.colcon_core.environment:checking '/home/rlcontrol/jay_ws/install/rl_custom_messages/lib'
[1.029s] Level 1:colcon.colcon_core.shell:create_environment_hook('rl_custom_messages', 'ld_library_path_lib')
[1.031s] INFO:colcon.colcon_core.shell:Creating environment hook '/home/rlcontrol/jay_ws/install/rl_custom_messages/share/rl_custom_messages/hook/ld_library_path_lib.ps1'
[1.031s] INFO:colcon.colcon_core.shell:Creating environment descriptor '/home/rlcontrol/jay_ws/install/rl_custom_messages/share/rl_custom_messages/hook/ld_library_path_lib.dsv'
[1.031s] INFO:colcon.colcon_core.shell:Creating environment hook '/home/rlcontrol/jay_ws/install/rl_custom_messages/share/rl_custom_messages/hook/ld_library_path_lib.sh'
[1.032s] Level 1:colcon.colcon_core.environment:checking '/home/rlcontrol/jay_ws/install/rl_custom_messages/bin'
[1.032s] Level 1:colcon.colcon_core.environment:checking '/home/rlcontrol/jay_ws/install/rl_custom_messages/lib/pkgconfig/rl_custom_messages.pc'
[1.032s] Level 1:colcon.colcon_core.environment:checking '/home/rlcontrol/jay_ws/install/rl_custom_messages/lib/python3.10/site-packages'
[1.032s] Level 1:colcon.colcon_core.environment:checking '/home/rlcontrol/jay_ws/install/rl_custom_messages/bin'
[1.033s] INFO:colcon.colcon_core.shell:Creating package script '/home/rlcontrol/jay_ws/install/rl_custom_messages/share/rl_custom_messages/package.ps1'
[1.034s] INFO:colcon.colcon_core.shell:Creating package descriptor '/home/rlcontrol/jay_ws/install/rl_custom_messages/share/rl_custom_messages/package.dsv'
[1.034s] INFO:colcon.colcon_core.shell:Creating package script '/home/rlcontrol/jay_ws/install/rl_custom_messages/share/rl_custom_messages/package.sh'
[1.035s] INFO:colcon.colcon_core.shell:Creating package script '/home/rlcontrol/jay_ws/install/rl_custom_messages/share/rl_custom_messages/package.bash'
[1.036s] INFO:colcon.colcon_core.shell:Creating package script '/home/rlcontrol/jay_ws/install/rl_custom_messages/share/rl_custom_messages/package.zsh'
[1.036s] Level 1:colcon.colcon_core.environment:create_file_with_runtime_dependencies(/home/rlcontrol/jay_ws/install/rl_custom_messages/share/colcon-core/packages/rl_custom_messages)
[1.144s] Level 1:colcon.colcon_core.environment:create_environment_scripts_only(rl_custom_messages)
[1.145s] Level 1:colcon.colcon_core.environment:checking '/home/rlcontrol/jay_ws/install/rl_custom_messages' for CMake module files
[1.146s] Level 1:colcon.colcon_core.environment:checking '/home/rlcontrol/jay_ws/install/rl_custom_messages' for CMake config files
[1.146s] Level 1:colcon.colcon_core.shell:create_environment_hook('rl_custom_messages', 'cmake_prefix_path')
[1.147s] INFO:colcon.colcon_core.shell:Creating environment hook '/home/rlcontrol/jay_ws/install/rl_custom_messages/share/rl_custom_messages/hook/cmake_prefix_path.ps1'
[1.147s] INFO:colcon.colcon_core.shell:Creating environment descriptor '/home/rlcontrol/jay_ws/install/rl_custom_messages/share/rl_custom_messages/hook/cmake_prefix_path.dsv'
[1.148s] INFO:colcon.colcon_core.shell:Creating environment hook '/home/rlcontrol/jay_ws/install/rl_custom_messages/share/rl_custom_messages/hook/cmake_prefix_path.sh'
[1.148s] Level 1:colcon.colcon_core.environment:checking '/home/rlcontrol/jay_ws/install/rl_custom_messages/lib'
[1.148s] Level 1:colcon.colcon_core.shell:create_environment_hook('rl_custom_messages', 'ld_library_path_lib')
[1.149s] INFO:colcon.colcon_core.shell:Creating environment hook '/home/rlcontrol/jay_ws/install/rl_custom_messages/share/rl_custom_messages/hook/ld_library_path_lib.ps1'
[1.150s] INFO:colcon.colcon_core.shell:Creating environment descriptor '/home/rlcontrol/jay_ws/install/rl_custom_messages/share/rl_custom_messages/hook/ld_library_path_lib.dsv'
[1.150s] INFO:colcon.colcon_core.shell:Creating environment hook '/home/rlcontrol/jay_ws/install/rl_custom_messages/share/rl_custom_messages/hook/ld_library_path_lib.sh'
[1.151s] Level 1:colcon.colcon_core.environment:checking '/home/rlcontrol/jay_ws/install/rl_custom_messages/bin'
[1.151s] Level 1:colcon.colcon_core.environment:checking '/home/rlcontrol/jay_ws/install/rl_custom_messages/lib/pkgconfig/rl_custom_messages.pc'
[1.151s] Level 1:colcon.colcon_core.environment:checking '/home/rlcontrol/jay_ws/install/rl_custom_messages/lib/python3.10/site-packages'
[1.151s] Level 1:colcon.colcon_core.environment:checking '/home/rlcontrol/jay_ws/install/rl_custom_messages/bin'
[1.152s] INFO:colcon.colcon_core.shell:Creating package script '/home/rlcontrol/jay_ws/install/rl_custom_messages/share/rl_custom_messages/package.ps1'
[1.153s] INFO:colcon.colcon_core.shell:Creating package descriptor '/home/rlcontrol/jay_ws/install/rl_custom_messages/share/rl_custom_messages/package.dsv'
[1.153s] INFO:colcon.colcon_core.shell:Creating package script '/home/rlcontrol/jay_ws/install/rl_custom_messages/share/rl_custom_messages/package.sh'
[1.154s] INFO:colcon.colcon_core.shell:Creating package script '/home/rlcontrol/jay_ws/install/rl_custom_messages/share/rl_custom_messages/package.bash'
[1.154s] INFO:colcon.colcon_core.shell:Creating package script '/home/rlcontrol/jay_ws/install/rl_custom_messages/share/rl_custom_messages/package.zsh'
[1.154s] Level 1:colcon.colcon_core.environment:create_file_with_runtime_dependencies(/home/rlcontrol/jay_ws/install/rl_custom_messages/share/colcon-core/packages/rl_custom_messages)
[1.155s] INFO:colcon.colcon_ros.task.ament_cmake.build:Building ROS package in '/home/rlcontrol/jay_ws/jaybot' with build type 'ament_cmake'
[1.155s] INFO:colcon.colcon_cmake.task.cmake.build:Building CMake package in '/home/rlcontrol/jay_ws/jaybot'
[1.156s] INFO:colcon.colcon_core.shell:Skip shell extension 'powershell' for command environment: Not usable outside of PowerShell
[1.156s] DEBUG:colcon.colcon_core.shell:Skip shell extension 'dsv' for command environment
[1.168s] DEBUG:colcon.colcon_core.event_handler.log_command:Invoking command in '/home/rlcontrol/jay_ws/build/jaybot': CMAKE_PREFIX_PATH=/home/rlcontrol/jay_ws/install/rl_custom_messages:/home/rlcontrol/jay_ws/install/jaybot:/opt/ros/humble /home/rlcontrol/.local/bin/cmake --build /home/rlcontrol/jay_ws/build/jaybot -- -j6 -l6
[1.854s] DEBUG:colcon.colcon_core.event_handler.log_command:Invoked command in '/home/rlcontrol/jay_ws/build/jaybot' returned '2': CMAKE_PREFIX_PATH=/home/rlcontrol/jay_ws/install/rl_custom_messages:/home/rlcontrol/jay_ws/install/jaybot:/opt/ros/humble /home/rlcontrol/.local/bin/cmake --build /home/rlcontrol/jay_ws/build/jaybot -- -j6 -l6
[1.909s] Level 1:colcon.colcon_core.environment:create_environment_scripts_only(jaybot)
[1.911s] Level 1:colcon.colcon_core.environment:checking '/home/rlcontrol/jay_ws/install/jaybot' for CMake module files
[1.911s] Level 1:colcon.colcon_core.environment:checking '/home/rlcontrol/jay_ws/install/jaybot' for CMake config files
[1.912s] Level 1:colcon.colcon_core.shell:create_environment_hook('jaybot', 'cmake_prefix_path')
[1.913s] INFO:colcon.colcon_core.shell:Creating environment hook '/home/rlcontrol/jay_ws/install/jaybot/share/jaybot/hook/cmake_prefix_path.ps1'
[1.914s] INFO:colcon.colcon_core.shell:Creating environment descriptor '/home/rlcontrol/jay_ws/install/jaybot/share/jaybot/hook/cmake_prefix_path.dsv'
[1.914s] INFO:colcon.colcon_core.shell:Creating environment hook '/home/rlcontrol/jay_ws/install/jaybot/share/jaybot/hook/cmake_prefix_path.sh'
[1.915s] Level 1:colcon.colcon_core.environment:checking '/home/rlcontrol/jay_ws/install/jaybot/lib'
[1.915s] Level 1:colcon.colcon_core.environment:checking '/home/rlcontrol/jay_ws/install/jaybot/bin'
[1.915s] Level 1:colcon.colcon_core.environment:checking '/home/rlcontrol/jay_ws/install/jaybot/lib/pkgconfig/jaybot.pc'
[1.915s] Level 1:colcon.colcon_core.environment:checking '/home/rlcontrol/jay_ws/install/jaybot/lib/python3.10/site-packages'
[1.915s] Level 1:colcon.colcon_core.environment:checking '/home/rlcontrol/jay_ws/install/jaybot/bin'
[1.916s] INFO:colcon.colcon_core.shell:Creating package script '/home/rlcontrol/jay_ws/install/jaybot/share/jaybot/package.ps1'
[1.917s] INFO:colcon.colcon_core.shell:Creating package descriptor '/home/rlcontrol/jay_ws/install/jaybot/share/jaybot/package.dsv'
[1.918s] INFO:colcon.colcon_core.shell:Creating package script '/home/rlcontrol/jay_ws/install/jaybot/share/jaybot/package.sh'
[1.918s] INFO:colcon.colcon_core.shell:Creating package script '/home/rlcontrol/jay_ws/install/jaybot/share/jaybot/package.bash'
[1.918s] INFO:colcon.colcon_core.shell:Creating package script '/home/rlcontrol/jay_ws/install/jaybot/share/jaybot/package.zsh'
[1.919s] Level 1:colcon.colcon_core.environment:create_file_with_runtime_dependencies(/home/rlcontrol/jay_ws/install/jaybot/share/colcon-core/packages/jaybot)
[1.929s] DEBUG:colcon.colcon_parallel_executor.executor.parallel:closing loop
[1.930s] DEBUG:colcon.colcon_parallel_executor.executor.parallel:loop closed
[1.930s] DEBUG:colcon.colcon_parallel_executor.executor.parallel:run_until_complete finished with '2'
[1.930s] DEBUG:colcon.colcon_core.event_reactor:joining thread
[1.935s] INFO:colcon.colcon_core.plugin_system:Skipping extension 'colcon_notification.desktop_notification.terminal_notifier': Not used on non-Darwin systems
[1.936s] INFO:colcon.colcon_core.plugin_system:Skipping extension 'colcon_notification.desktop_notification.win32': Not used on non-Windows systems
[1.936s] INFO:colcon.colcon_notification.desktop_notification:Sending desktop notification using 'notify2'
[1.946s] DEBUG:colcon.colcon_core.event_reactor:joined thread
[1.947s] INFO:colcon.colcon_core.shell:Creating prefix script '/home/rlcontrol/jay_ws/install/local_setup.ps1'
[1.948s] INFO:colcon.colcon_core.shell:Creating prefix util module '/home/rlcontrol/jay_ws/install/_local_setup_util_ps1.py'
[1.949s] INFO:colcon.colcon_core.shell:Creating prefix chain script '/home/rlcontrol/jay_ws/install/setup.ps1'
[1.951s] INFO:colcon.colcon_core.shell:Creating prefix script '/home/rlcontrol/jay_ws/install/local_setup.sh'
[1.951s] INFO:colcon.colcon_core.shell:Creating prefix util module '/home/rlcontrol/jay_ws/install/_local_setup_util_sh.py'
[1.952s] INFO:colcon.colcon_core.shell:Creating prefix chain script '/home/rlcontrol/jay_ws/install/setup.sh'
[1.953s] INFO:colcon.colcon_core.shell:Creating prefix script '/home/rlcontrol/jay_ws/install/local_setup.bash'
[1.953s] INFO:colcon.colcon_core.shell:Creating prefix chain script '/home/rlcontrol/jay_ws/install/setup.bash'
[1.955s] INFO:colcon.colcon_core.shell:Creating prefix script '/home/rlcontrol/jay_ws/install/local_setup.zsh'
[1.955s] INFO:colcon.colcon_core.shell:Creating prefix chain script '/home/rlcontrol/jay_ws/install/setup.zsh'
