[0.012s] Invoking command in '/home/rlcontrol/jay_ws/build/jaybot': CMAKE_PREFIX_PATH=/home/rlcontrol/jay_ws/install/rl_custom_messages:/home/rlcontrol/jay_ws/install/jaybot:/opt/ros/humble /home/rlcontrol/.local/bin/cmake --build /home/rlcontrol/jay_ws/build/jaybot -- -j6 -l6
[0.048s] -- Found ament_cmake: 1.3.4 (/opt/ros/humble/share/ament_cmake/cmake)
[0.142s] -- Found rclcpp: 16.0.4 (/opt/ros/humble/share/rclcpp/cmake)
[0.173s] -- Found rosidl_generator_c: 3.1.4 (/opt/ros/humble/share/rosidl_generator_c/cmake)
[0.176s] -- Found rosidl_adapter: 3.1.4 (/opt/ros/humble/share/rosidl_adapter/cmake)
[0.182s] -- Found rosidl_generator_cpp: 3.1.4 (/opt/ros/humble/share/rosidl_generator_cpp/cmake)
[0.194s] -- Using all available rosidl_typesupport_c: rosidl_typesupport_fastrtps_c;rosidl_typesupport_introspection_c
[0.211s] -- Using all available rosidl_typesupport_cpp: rosidl_typesupport_fastrtps_cpp;rosidl_typesupport_introspection_cpp
[0.273s] -- Found rmw_implementation_cmake: 6.1.1 (/opt/ros/humble/share/rmw_implementation_cmake/cmake)
[0.274s] -- Found rmw_fastrtps_cpp: 6.2.2 (/opt/ros/humble/share/rmw_fastrtps_cpp/cmake)
[0.381s] -- Using RMW implementation 'rmw_fastrtps_cpp' as default
[0.540s] -- Found rl_custom_messages: 0.0.0 (/home/rlcontrol/jay_ws/install/rl_custom_messages/share/rl_custom_messages/cmake)
[0.610s] -- Configuring done (0.6s)
[0.622s] -- Generating done (0.0s)
[0.624s] -- Build files have been written to: /home/rlcontrol/jay_ws/build/jaybot
[0.647s] [ 50%] Built target range_publisher
[0.647s] [100%] Built target rl_server
[0.655s] Invoked command in '/home/rlcontrol/jay_ws/build/jaybot' returned '0': CMAKE_PREFIX_PATH=/home/rlcontrol/jay_ws/install/rl_custom_messages:/home/rlcontrol/jay_ws/install/jaybot:/opt/ros/humble /home/rlcontrol/.local/bin/cmake --build /home/rlcontrol/jay_ws/build/jaybot -- -j6 -l6
[0.703s] Invoking command in '/home/rlcontrol/jay_ws/build/jaybot': CMAKE_PREFIX_PATH=/home/rlcontrol/jay_ws/install/rl_custom_messages:/home/rlcontrol/jay_ws/install/jaybot:/opt/ros/humble /home/rlcontrol/.local/bin/cmake --install /home/rlcontrol/jay_ws/build/jaybot
[0.725s] -- Install configuration: ""
[0.726s] -- Up-to-date: /home/rlcontrol/jay_ws/install/jaybot/lib/jaybot/range_publisher
[0.726s] -- Up-to-date: /home/rlcontrol/jay_ws/install/jaybot/lib/jaybot/rl_server
[0.726s] -- Installing: /home/rlcontrol/jay_ws/install/jaybot/lib/jaybot/rl_mind.py
[0.726s] -- Up-to-date: /home/rlcontrol/jay_ws/install/jaybot/include
[0.726s] -- Up-to-date: /home/rlcontrol/jay_ws/install/jaybot/include/jaybot
[0.726s] -- Up-to-date: /home/rlcontrol/jay_ws/install/jaybot/include/jaybot/RangeSensor.h
[0.726s] -- Up-to-date: /home/rlcontrol/jay_ws/install/jaybot/share/jaybot/jaybot
[0.726s] -- Up-to-date: /home/rlcontrol/jay_ws/install/jaybot/share/jaybot/jaybot/scripts
[0.726s] -- Up-to-date: /home/rlcontrol/jay_ws/install/jaybot/share/jaybot/jaybot/scripts/saves
[0.726s] -- Up-to-date: /home/rlcontrol/jay_ws/install/jaybot/share/jaybot/jaybot/scripts/saves/a2c-JayNetv1.0
[0.727s] -- Up-to-date: /home/rlcontrol/jay_ws/install/jaybot/share/jaybot/jaybot/scripts/rl_mind.py
[0.727s] -- Up-to-date: /home/rlcontrol/jay_ws/install/jaybot/share/jaybot/jaybot/scripts/__init___.py
[0.727s] -- Up-to-date: /home/rlcontrol/jay_ws/install/jaybot/share/jaybot/jaybot/scripts/runs
[0.727s] -- Up-to-date: /home/rlcontrol/jay_ws/install/jaybot/share/jaybot/jaybot/scripts/runs/Jun17_07-12-01_rlcontrolJayNetv1.0
[0.727s] -- Up-to-date: /home/rlcontrol/jay_ws/install/jaybot/share/jaybot/jaybot/scripts/runs/Jun17_07-21-43_rlcontrolJayNetv1.0
[0.727s] -- Up-to-date: /home/rlcontrol/jay_ws/install/jaybot/share/jaybot/jaybot/scripts/runs/Jun17_06-47-55_rlcontrolJayNetv1.0
[0.727s] -- Up-to-date: /home/rlcontrol/jay_ws/install/jaybot/share/jaybot/jaybot/scripts/runs/Jun17_07-37-16_rlcontrolJayNetv1.0
[0.728s] -- Up-to-date: /home/rlcontrol/jay_ws/install/jaybot/share/jaybot/jaybot/scripts/runs/Jun17_06-46-33_rlcontrolJayNetv1.0
[0.728s] -- Up-to-date: /home/rlcontrol/jay_ws/install/jaybot/share/jaybot/jaybot/scripts/runs/Jun17_07-51-20_rlcontrolJayNetv1.0
[0.728s] -- Up-to-date: /home/rlcontrol/jay_ws/install/jaybot/share/jaybot/jaybot/scripts/runs/Jun17_07-53-46_rlcontrolJayNetv1.0
[0.728s] -- Up-to-date: /home/rlcontrol/jay_ws/install/jaybot/share/jaybot/jaybot/scripts/runs/Jun17_07-23-30_rlcontrolJayNetv1.0
[0.728s] -- Up-to-date: /home/rlcontrol/jay_ws/install/jaybot/share/jaybot/jaybot/scripts/runs/Jun17_06-45-01_rlcontrolJayNetv1.0
[0.728s] -- Up-to-date: /home/rlcontrol/jay_ws/install/jaybot/share/jaybot/jaybot/include
[0.728s] -- Up-to-date: /home/rlcontrol/jay_ws/install/jaybot/share/jaybot/jaybot/include/jaybot
[0.728s] -- Up-to-date: /home/rlcontrol/jay_ws/install/jaybot/share/jaybot/jaybot/setup.py
[0.728s] -- Up-to-date: /home/rlcontrol/jay_ws/install/jaybot/share/jaybot/jaybot/src
[0.728s] -- Up-to-date: /home/rlcontrol/jay_ws/install/jaybot/share/ament_index/resource_index/package_run_dependencies/jaybot
[0.728s] -- Up-to-date: /home/rlcontrol/jay_ws/install/jaybot/share/ament_index/resource_index/parent_prefix_path/jaybot
[0.729s] -- Up-to-date: /home/rlcontrol/jay_ws/install/jaybot/share/jaybot/environment/ament_prefix_path.sh
[0.729s] -- Installing: /home/rlcontrol/jay_ws/install/jaybot/share/jaybot/environment/ament_prefix_path.dsv
[0.729s] -- Up-to-date: /home/rlcontrol/jay_ws/install/jaybot/share/jaybot/environment/path.sh
[0.729s] -- Installing: /home/rlcontrol/jay_ws/install/jaybot/share/jaybot/environment/path.dsv
[0.729s] -- Up-to-date: /home/rlcontrol/jay_ws/install/jaybot/share/jaybot/local_setup.bash
[0.729s] -- Up-to-date: /home/rlcontrol/jay_ws/install/jaybot/share/jaybot/local_setup.sh
[0.729s] -- Up-to-date: /home/rlcontrol/jay_ws/install/jaybot/share/jaybot/local_setup.zsh
[0.729s] -- Installing: /home/rlcontrol/jay_ws/install/jaybot/share/jaybot/local_setup.dsv
[0.729s] -- Installing: /home/rlcontrol/jay_ws/install/jaybot/share/jaybot/package.dsv
[0.729s] -- Up-to-date: /home/rlcontrol/jay_ws/install/jaybot/share/ament_index/resource_index/packages/jaybot
[0.729s] -- Up-to-date: /home/rlcontrol/jay_ws/install/jaybot/share/jaybot/cmake/ament_cmake_export_dependencies-extras.cmake
[0.729s] -- Up-to-date: /home/rlcontrol/jay_ws/install/jaybot/share/jaybot/cmake/jaybotConfig.cmake
[0.729s] -- Up-to-date: /home/rlcontrol/jay_ws/install/jaybot/share/jaybot/cmake/jaybotConfig-version.cmake
[0.729s] -- Up-to-date: /home/rlcontrol/jay_ws/install/jaybot/share/jaybot/package.xml
[0.733s] Invoked command in '/home/rlcontrol/jay_ws/build/jaybot' returned '0': CMAKE_PREFIX_PATH=/home/rlcontrol/jay_ws/install/rl_custom_messages:/home/rlcontrol/jay_ws/install/jaybot:/opt/ros/humble /home/rlcontrol/.local/bin/cmake --install /home/rlcontrol/jay_ws/build/jaybot
