[0.018s] Invoking command in '/home/rlagent/jay_ws/build/jaybot': AMENT_PREFIX_PATH=/home/rlagent/jay_ws/install/rl_custom_messages:${AMENT_PREFIX_PATH} CMAKE_PREFIX_PATH=/home/rlagent/jay_ws/install/rl_custom_messages:/opt/ros/humble LD_LIBRARY_PATH=/home/rlagent/jay_ws/install/rl_custom_messages/lib:${LD_LIBRARY_PATH} PYTHONPATH=/home/rlagent/jay_ws/install/rl_custom_messages/local/lib/python3.10/dist-packages:${PYTHONPATH} /usr/bin/cmake --build /home/rlagent/jay_ws/build/jaybot -- -j2 -l2
[0.113s] [35m[1mConsolidate compiler generated dependencies of target range_publisher[0m
[0.138s] [ 50%] Built target range_subscriber
[0.161s] [ 75%] [32mBuilding CXX object CMakeFiles/range_publisher.dir/src/range_publisher.cpp.o[0m
[5.640s] [100%] [32m[1mLinking CXX executable range_publisher[0m
[5.875s] /usr/bin/ld: CMakeFiles/range_publisher.dir/src/range_publisher.cpp.o: in function `Rangesensor::Rangesensor(int, int)':
[5.876s] range_publisher.cpp:(.text+0x7a): undefined reference to `gpioInitialise'
[5.876s] /usr/bin/ld: range_publisher.cpp:(.text+0xc1): undefined reference to `gpioSetMode'
[5.877s] /usr/bin/ld: range_publisher.cpp:(.text+0xd4): undefined reference to `gpioSetMode'
[5.877s] /usr/bin/ld: range_publisher.cpp:(.text+0xe6): undefined reference to `gpioWrite'
[5.878s] /usr/bin/ld: CMakeFiles/range_publisher.dir/src/range_publisher.cpp.o: in function `Rangesensor::Range()':
[5.878s] range_publisher.cpp:(.text+0x1b7): undefined reference to `gpioWrite'
[5.878s] /usr/bin/ld: range_publisher.cpp:(.text+0x1f2): undefined reference to `gpioWrite'
[5.878s] /usr/bin/ld: range_publisher.cpp:(.text+0x290): undefined reference to `gpioRead'
[5.879s] /usr/bin/ld: range_publisher.cpp:(.text+0x32c): undefined reference to `gpioRead'
[5.928s] collect2: error: ld returned 1 exit status
[5.931s] gmake[2]: *** [CMakeFiles/range_publisher.dir/build.make:159: range_publisher] Error 1
[5.932s] gmake[1]: *** [CMakeFiles/Makefile2:139: CMakeFiles/range_publisher.dir/all] Error 2
[5.932s] gmake: *** [Makefile:146: all] Error 2
[5.935s] Invoked command in '/home/rlagent/jay_ws/build/jaybot' returned '2': AMENT_PREFIX_PATH=/home/rlagent/jay_ws/install/rl_custom_messages:${AMENT_PREFIX_PATH} CMAKE_PREFIX_PATH=/home/rlagent/jay_ws/install/rl_custom_messages:/opt/ros/humble LD_LIBRARY_PATH=/home/rlagent/jay_ws/install/rl_custom_messages/lib:${LD_LIBRARY_PATH} PYTHONPATH=/home/rlagent/jay_ws/install/rl_custom_messages/local/lib/python3.10/dist-packages:${PYTHONPATH} /usr/bin/cmake --build /home/rlagent/jay_ws/build/jaybot -- -j2 -l2
