[0.176s] Invoking command in '/home/rlagent/jay_ws/build/jaybot': AMENT_PREFIX_PATH=/home/rlagent/jay_ws/install/rl_custom_messages:${AMENT_PREFIX_PATH} CMAKE_PREFIX_PATH=/home/rlagent/jay_ws/install/rl_custom_messages:/opt/ros/humble LD_LIBRARY_PATH=/home/rlagent/jay_ws/install/rl_custom_messages/lib:${LD_LIBRARY_PATH} PYTHONPATH=/home/rlagent/jay_ws/install/rl_custom_messages/local/lib/python3.10/dist-packages:${PYTHONPATH} /usr/bin/cmake --build /home/rlagent/jay_ws/build/jaybot -- -j4 -l4
[1.333s] [35m[1mConsolidate compiler generated dependencies of target range_publisher[0m
[1.579s] [ 25%] [32mBuilding CXX object CMakeFiles/motor_controller.dir/src/motor_controller.cpp.o[0m
[1.586s] [ 75%] Built target range_publisher
[1168.886s] [100%] [32m[1mLinking CXX executable motor_controller[0m
[1173.267s] [100%] Built target motor_controller
[1173.941s] Invoked command in '/home/rlagent/jay_ws/build/jaybot' returned '0': AMENT_PREFIX_PATH=/home/rlagent/jay_ws/install/rl_custom_messages:${AMENT_PREFIX_PATH} CMAKE_PREFIX_PATH=/home/rlagent/jay_ws/install/rl_custom_messages:/opt/ros/humble LD_LIBRARY_PATH=/home/rlagent/jay_ws/install/rl_custom_messages/lib:${LD_LIBRARY_PATH} PYTHONPATH=/home/rlagent/jay_ws/install/rl_custom_messages/local/lib/python3.10/dist-packages:${PYTHONPATH} /usr/bin/cmake --build /home/rlagent/jay_ws/build/jaybot -- -j4 -l4
[1174.572s] Invoking command in '/home/rlagent/jay_ws/build/jaybot': AMENT_PREFIX_PATH=/home/rlagent/jay_ws/install/rl_custom_messages:${AMENT_PREFIX_PATH} CMAKE_PREFIX_PATH=/home/rlagent/jay_ws/install/rl_custom_messages:/opt/ros/humble LD_LIBRARY_PATH=/home/rlagent/jay_ws/install/rl_custom_messages/lib:${LD_LIBRARY_PATH} PYTHONPATH=/home/rlagent/jay_ws/install/rl_custom_messages/local/lib/python3.10/dist-packages:${PYTHONPATH} /usr/bin/cmake --install /home/rlagent/jay_ws/build/jaybot
[1174.640s] -- Install configuration: ""
[1174.662s] -- Installing: /home/rlagent/jay_ws/install/jaybot/lib/jaybot/range_publisher
[1174.717s] -- Set runtime path of "/home/rlagent/jay_ws/install/jaybot/lib/jaybot/range_publisher" to ""
[1174.723s] -- Installing: /home/rlagent/jay_ws/install/jaybot/lib/jaybot/motor_controller
[1174.772s] -- Set runtime path of "/home/rlagent/jay_ws/install/jaybot/lib/jaybot/motor_controller" to ""
[1174.775s] -- Up-to-date: /home/rlagent/jay_ws/install/jaybot/include
[1174.777s] -- Up-to-date: /home/rlagent/jay_ws/install/jaybot/include/jaybot
[1174.780s] -- Installing: /home/rlagent/jay_ws/install/jaybot/include/jaybot/motor_controller.h
[1174.783s] -- Installing: /home/rlagent/jay_ws/install/jaybot/include/jaybot/RangeSensor.h
[1174.794s] -- Up-to-date: /home/rlagent/jay_ws/install/jaybot/share/ament_index/resource_index/package_run_dependencies/jaybot
[1174.805s] -- Up-to-date: /home/rlagent/jay_ws/install/jaybot/share/ament_index/resource_index/parent_prefix_path/jaybot
[1174.821s] -- Up-to-date: /home/rlagent/jay_ws/install/jaybot/share/jaybot/environment/ament_prefix_path.sh
[1174.823s] -- Up-to-date: /home/rlagent/jay_ws/install/jaybot/share/jaybot/environment/ament_prefix_path.dsv
[1174.825s] -- Up-to-date: /home/rlagent/jay_ws/install/jaybot/share/jaybot/environment/path.sh
[1174.826s] -- Up-to-date: /home/rlagent/jay_ws/install/jaybot/share/jaybot/environment/path.dsv
[1174.828s] -- Up-to-date: /home/rlagent/jay_ws/install/jaybot/share/jaybot/local_setup.bash
[1174.829s] -- Up-to-date: /home/rlagent/jay_ws/install/jaybot/share/jaybot/local_setup.sh
[1174.830s] -- Up-to-date: /home/rlagent/jay_ws/install/jaybot/share/jaybot/local_setup.zsh
[1174.831s] -- Up-to-date: /home/rlagent/jay_ws/install/jaybot/share/jaybot/local_setup.dsv
[1174.835s] -- Installing: /home/rlagent/jay_ws/install/jaybot/share/jaybot/package.dsv
[1174.842s] -- Up-to-date: /home/rlagent/jay_ws/install/jaybot/share/ament_index/resource_index/packages/jaybot
[1174.845s] -- Up-to-date: /home/rlagent/jay_ws/install/jaybot/share/jaybot/cmake/ament_cmake_export_dependencies-extras.cmake
[1174.847s] -- Up-to-date: /home/rlagent/jay_ws/install/jaybot/share/jaybot/cmake/jaybotConfig.cmake
[1174.849s] -- Up-to-date: /home/rlagent/jay_ws/install/jaybot/share/jaybot/cmake/jaybotConfig-version.cmake
[1174.850s] -- Up-to-date: /home/rlagent/jay_ws/install/jaybot/share/jaybot/package.xml
[1174.890s] Invoked command in '/home/rlagent/jay_ws/build/jaybot' returned '0': AMENT_PREFIX_PATH=/home/rlagent/jay_ws/install/rl_custom_messages:${AMENT_PREFIX_PATH} CMAKE_PREFIX_PATH=/home/rlagent/jay_ws/install/rl_custom_messages:/opt/ros/humble LD_LIBRARY_PATH=/home/rlagent/jay_ws/install/rl_custom_messages/lib:${LD_LIBRARY_PATH} PYTHONPATH=/home/rlagent/jay_ws/install/rl_custom_messages/local/lib/python3.10/dist-packages:${PYTHONPATH} /usr/bin/cmake --install /home/rlagent/jay_ws/build/jaybot
