[0.009s] Invoking command in '/home/rlcontrol/jay_ws/build/jaybot': CMAKE_PREFIX_PATH=/home/rlcontrol/jay_ws/install/rl_custom_messages:/home/rlcontrol/jay_ws/install/jaybot:/opt/ros/humble /home/rlcontrol/.local/bin/cmake /home/rlcontrol/jay_ws/jaybot -DCMAKE_INSTALL_PREFIX=/home/rlcontrol/jay_ws/install/jaybot
[0.073s] -- The C compiler identification is GNU 11.3.0
[0.129s] -- The CXX compiler identification is GNU 11.3.0
[0.140s] -- Detecting C compiler ABI info
[0.198s] -- Detecting C compiler ABI info - done
[0.210s] -- Check for working C compiler: /usr/bin/cc - skipped
[0.210s] -- Detecting C compile features
[0.210s] -- Detecting C compile features - done
[0.214s] -- Detecting CXX compiler ABI info
[0.285s] -- Detecting CXX compiler ABI info - done
[0.296s] -- Check for working CXX compiler: /usr/bin/c++ - skipped
[0.297s] -- Detecting CXX compile features
[0.297s] -- Detecting CXX compile features - done
[0.299s] -- Found ament_cmake: 1.3.4 (/opt/ros/humble/share/ament_cmake/cmake)
[0.687s] -- Found Python3: /usr/bin/python3.10 (found version "3.10.6") found components: Interpreter 
[0.758s] -- Found rclcpp: 16.0.4 (/opt/ros/humble/share/rclcpp/cmake)
[0.801s] -- Found rosidl_generator_c: 3.1.4 (/opt/ros/humble/share/rosidl_generator_c/cmake)
[0.806s] -- Found rosidl_adapter: 3.1.4 (/opt/ros/humble/share/rosidl_adapter/cmake)
[0.814s] -- Found rosidl_generator_cpp: 3.1.4 (/opt/ros/humble/share/rosidl_generator_cpp/cmake)
[0.830s] -- Using all available rosidl_typesupport_c: rosidl_typesupport_fastrtps_c;rosidl_typesupport_introspection_c
[0.852s] -- Using all available rosidl_typesupport_cpp: rosidl_typesupport_fastrtps_cpp;rosidl_typesupport_introspection_cpp
[0.943s] -- Found rmw_implementation_cmake: 6.1.1 (/opt/ros/humble/share/rmw_implementation_cmake/cmake)
[0.946s] -- Found rmw_fastrtps_cpp: 6.2.2 (/opt/ros/humble/share/rmw_fastrtps_cpp/cmake)
[1.057s] -- Found OpenSSL: /usr/lib/x86_64-linux-gnu/libcrypto.so (found version "3.0.2")  
[1.086s] -- Found FastRTPS: /opt/ros/humble/include  
[1.135s] -- Using RMW implementation 'rmw_fastrtps_cpp' as default
[1.145s] -- Performing Test CMAKE_HAVE_LIBC_PTHREAD
[1.214s] -- Performing Test CMAKE_HAVE_LIBC_PTHREAD - Success
[1.215s] -- Found Threads: TRUE  
[1.398s] -- Found rclpy: 3.3.8 (/opt/ros/humble/share/rclpy/cmake)
[1.398s] -- Found rl_custom_messages: 0.0.0 (/home/rlcontrol/jay_ws/install/rl_custom_messages/share/rl_custom_messages/cmake)
[1.479s] -- Configuring done (1.4s)
[1.492s] -- Generating done (0.0s)
[1.494s] -- Build files have been written to: /home/rlcontrol/jay_ws/build/jaybot
[1.506s] Invoked command in '/home/rlcontrol/jay_ws/build/jaybot' returned '0': CMAKE_PREFIX_PATH=/home/rlcontrol/jay_ws/install/rl_custom_messages:/home/rlcontrol/jay_ws/install/jaybot:/opt/ros/humble /home/rlcontrol/.local/bin/cmake /home/rlcontrol/jay_ws/jaybot -DCMAKE_INSTALL_PREFIX=/home/rlcontrol/jay_ws/install/jaybot
[1.508s] Invoking command in '/home/rlcontrol/jay_ws/build/jaybot': CMAKE_PREFIX_PATH=/home/rlcontrol/jay_ws/install/rl_custom_messages:/home/rlcontrol/jay_ws/install/jaybot:/opt/ros/humble /home/rlcontrol/.local/bin/cmake --build /home/rlcontrol/jay_ws/build/jaybot -- -j6 -l6
[1.554s] [ 25%] [32mBuilding CXX object CMakeFiles/range_publisher.dir/src/range_publisher.cpp.o[0m
[1.554s] [ 50%] [32mBuilding CXX object CMakeFiles/rl_server.dir/src/rl_server.cpp.o[0m
[6.122s] [ 75%] [32m[1mLinking CXX executable range_publisher[0m
[6.286s] [ 75%] Built target range_publisher
[9.976s] [100%] [32m[1mLinking CXX executable rl_server[0m
[10.300s] [100%] Built target rl_server
[10.308s] Invoked command in '/home/rlcontrol/jay_ws/build/jaybot' returned '0': CMAKE_PREFIX_PATH=/home/rlcontrol/jay_ws/install/rl_custom_messages:/home/rlcontrol/jay_ws/install/jaybot:/opt/ros/humble /home/rlcontrol/.local/bin/cmake --build /home/rlcontrol/jay_ws/build/jaybot -- -j6 -l6
[10.367s] Invoking command in '/home/rlcontrol/jay_ws/build/jaybot': CMAKE_PREFIX_PATH=/home/rlcontrol/jay_ws/install/rl_custom_messages:/home/rlcontrol/jay_ws/install/jaybot:/opt/ros/humble /home/rlcontrol/.local/bin/cmake --install /home/rlcontrol/jay_ws/build/jaybot
[10.393s] -- Install configuration: ""
[10.394s] -- Installing: /home/rlcontrol/jay_ws/install/jaybot/lib/jaybot/range_publisher
[10.396s] -- Set runtime path of "/home/rlcontrol/jay_ws/install/jaybot/lib/jaybot/range_publisher" to ""
[10.396s] -- Installing: /home/rlcontrol/jay_ws/install/jaybot/lib/jaybot/rl_server
[10.401s] -- Set runtime path of "/home/rlcontrol/jay_ws/install/jaybot/lib/jaybot/rl_server" to ""
[10.401s] -- Installing: /home/rlcontrol/jay_ws/install/jaybot/include
[10.401s] -- Installing: /home/rlcontrol/jay_ws/install/jaybot/include/jaybot
[10.402s] -- Installing: /home/rlcontrol/jay_ws/install/jaybot/include/jaybot/RangeSensor.h
[10.402s] -- Installing: /home/rlcontrol/jay_ws/install/jaybot/lib/rl_mind.py
[10.402s] -- Installing: /home/rlcontrol/jay_ws/install/jaybot/share/ament_index/resource_index/package_run_dependencies/jaybot
[10.403s] -- Installing: /home/rlcontrol/jay_ws/install/jaybot/share/ament_index/resource_index/parent_prefix_path/jaybot
[10.403s] -- Installing: /home/rlcontrol/jay_ws/install/jaybot/share/jaybot/environment/ament_prefix_path.sh
[10.403s] -- Installing: /home/rlcontrol/jay_ws/install/jaybot/share/jaybot/environment/ament_prefix_path.dsv
[10.403s] -- Installing: /home/rlcontrol/jay_ws/install/jaybot/share/jaybot/environment/path.sh
[10.404s] -- Installing: /home/rlcontrol/jay_ws/install/jaybot/share/jaybot/environment/path.dsv
[10.404s] -- Installing: /home/rlcontrol/jay_ws/install/jaybot/share/jaybot/local_setup.bash
[10.404s] -- Installing: /home/rlcontrol/jay_ws/install/jaybot/share/jaybot/local_setup.sh
[10.404s] -- Installing: /home/rlcontrol/jay_ws/install/jaybot/share/jaybot/local_setup.zsh
[10.404s] -- Installing: /home/rlcontrol/jay_ws/install/jaybot/share/jaybot/local_setup.dsv
[10.405s] -- Installing: /home/rlcontrol/jay_ws/install/jaybot/share/jaybot/package.dsv
[10.405s] -- Installing: /home/rlcontrol/jay_ws/install/jaybot/share/ament_index/resource_index/packages/jaybot
[10.405s] -- Installing: /home/rlcontrol/jay_ws/install/jaybot/share/jaybot/cmake/ament_cmake_export_dependencies-extras.cmake
[10.405s] -- Installing: /home/rlcontrol/jay_ws/install/jaybot/share/jaybot/cmake/jaybotConfig.cmake
[10.405s] -- Installing: /home/rlcontrol/jay_ws/install/jaybot/share/jaybot/cmake/jaybotConfig-version.cmake
[10.405s] -- Installing: /home/rlcontrol/jay_ws/install/jaybot/share/jaybot/package.xml
[10.415s] Invoked command in '/home/rlcontrol/jay_ws/build/jaybot' returned '0': CMAKE_PREFIX_PATH=/home/rlcontrol/jay_ws/install/rl_custom_messages:/home/rlcontrol/jay_ws/install/jaybot:/opt/ros/humble /home/rlcontrol/.local/bin/cmake --install /home/rlcontrol/jay_ws/build/jaybot
