[0.023s] Invoking command in '/home/rlcontrol/jay_ws/build/jaybot': CMAKE_PREFIX_PATH=/home/rlcontrol/jay_ws/install/rl_custom_messages:/home/rlcontrol/jay_ws/install/vision_opencv:/home/rlcontrol/jay_ws/install/jaybot:/home/rlcontrol/jay_ws/install/image_geometry:/home/rlcontrol/jay_ws/install/cv_bridge:/home/rlcontrol/jay_ws/install/opencv_tests:/opt/ros/humble /home/rlcontrol/.local/bin/cmake --build /home/rlcontrol/jay_ws/build/jaybot -- -j6 -l6
[0.126s] [  0%] Built target ament_cmake_python_symlink_jaybot
[0.152s] [ 25%] Built target motor_controller
[0.152s] [ 50%] Built target range_publisher
[0.159s] [ 62%] [32mBuilding CXX object CMakeFiles/rl_server.dir/src/rl_server.cpp.o[0m
[0.159s] [ 87%] Built target camera_publisher
[0.496s] running egg_info
[0.497s] writing jaybot.egg-info/PKG-INFO
[0.498s] writing dependency_links to jaybot.egg-info/dependency_links.txt
[0.498s] writing top-level names to jaybot.egg-info/top_level.txt
[0.501s] reading manifest file 'jaybot.egg-info/SOURCES.txt'
[0.502s] writing manifest file 'jaybot.egg-info/SOURCES.txt'
[0.527s] [ 87%] Built target ament_cmake_python_build_jaybot_egg
[0.821s] [01m[K/home/rlcontrol/jay_ws/jaybot/src/rl_server.cpp:4:10:[m[K [01;31m[Kfatal error: [m[Krl_custom_messages/msg/image_array.hpp: No such file or directory
[0.821s]     4 | #include [01;31m[K"rl_custom_messages/msg/image_array.hpp"[m[K
[0.822s]       |          [01;31m[K^~~~~~~~~~~~~~~~~~~~~~~~~~~~~~~~~~~~~~~~[m[K
[0.822s] compilation terminated.
[0.824s] gmake[2]: *** [CMakeFiles/rl_server.dir/build.make:76: CMakeFiles/rl_server.dir/src/rl_server.cpp.o] Error 1
[0.825s] gmake[1]: *** [CMakeFiles/Makefile2:224: CMakeFiles/rl_server.dir/all] Error 2
[0.825s] gmake: *** [Makefile:146: all] Error 2
[0.832s] Invoked command in '/home/rlcontrol/jay_ws/build/jaybot' returned '2': CMAKE_PREFIX_PATH=/home/rlcontrol/jay_ws/install/rl_custom_messages:/home/rlcontrol/jay_ws/install/vision_opencv:/home/rlcontrol/jay_ws/install/jaybot:/home/rlcontrol/jay_ws/install/image_geometry:/home/rlcontrol/jay_ws/install/cv_bridge:/home/rlcontrol/jay_ws/install/opencv_tests:/opt/ros/humble /home/rlcontrol/.local/bin/cmake --build /home/rlcontrol/jay_ws/build/jaybot -- -j6 -l6
