[0.031s] Invoking command in '/home/rlcontrol/jay_ws/build/rl_custom_messages': CMAKE_PREFIX_PATH=${CMAKE_PREFIX_PATH}:/opt/ros/humble /home/rlcontrol/.local/bin/cmake --build /home/rlcontrol/jay_ws/build/rl_custom_messages -- -j6 -l6
[0.223s] [  1%] Built target rl_custom_messages__cpp
[0.224s] [  1%] Built target ament_cmake_python_symlink_rl_custom_messages
[0.253s] [ 12%] Built target rl_custom_messages__rosidl_generator_c
[0.272s] [ 23%] Built target rl_custom_messages__rosidl_typesupport_cpp
[0.275s] [ 34%] Built target rl_custom_messages__rosidl_typesupport_introspection_cpp
[0.277s] [ 46%] Built target rl_custom_messages__rosidl_typesupport_fastrtps_cpp
[0.294s] [ 57%] Built target rl_custom_messages__rosidl_typesupport_introspection_c
[0.296s] [ 68%] Built target rl_custom_messages__rosidl_typesupport_fastrtps_c
[0.308s] [ 79%] Built target rl_custom_messages__rosidl_typesupport_c
[0.332s] [ 79%] Built target rl_custom_messages
[0.356s] [ 80%] Built target rl_custom_messages__py
[0.395s] [ 90%] Built target rl_custom_messages__rosidl_generator_py
[0.424s] [ 93%] Built target rl_custom_messages__rosidl_typesupport_fastrtps_c__pyext
[0.425s] [ 96%] Built target rl_custom_messages__rosidl_typesupport_introspection_c__pyext
[0.426s] [100%] Built target rl_custom_messages__rosidl_typesupport_c__pyext
[0.581s] running egg_info
[0.582s] writing rl_custom_messages.egg-info/PKG-INFO
[0.582s] writing dependency_links to rl_custom_messages.egg-info/dependency_links.txt
[0.582s] writing top-level names to rl_custom_messages.egg-info/top_level.txt
[0.587s] reading manifest file 'rl_custom_messages.egg-info/SOURCES.txt'
[0.588s] writing manifest file 'rl_custom_messages.egg-info/SOURCES.txt'
[0.611s] [100%] Built target ament_cmake_python_build_rl_custom_messages_egg
[0.623s] Invoked command in '/home/rlcontrol/jay_ws/build/rl_custom_messages' returned '0': CMAKE_PREFIX_PATH=${CMAKE_PREFIX_PATH}:/opt/ros/humble /home/rlcontrol/.local/bin/cmake --build /home/rlcontrol/jay_ws/build/rl_custom_messages -- -j6 -l6
[1.023s] Invoking command in '/home/rlcontrol/jay_ws/build/rl_custom_messages': CMAKE_PREFIX_PATH=${CMAKE_PREFIX_PATH}:/opt/ros/humble /home/rlcontrol/.local/bin/cmake --install /home/rlcontrol/jay_ws/build/rl_custom_messages
[1.061s] -- Install configuration: ""
[1.064s] -- Execute custom install script
[1.065s] -- Up-to-date symlink: /home/rlcontrol/jay_ws/install/rl_custom_messages/share/ament_index/resource_index/rosidl_interfaces/rl_custom_messages
[1.069s] -- Up-to-date symlink: /home/rlcontrol/jay_ws/install/rl_custom_messages/include/rl_custom_messages/rl_custom_messages/msg/audio_data.h
[1.070s] -- Up-to-date symlink: /home/rlcontrol/jay_ws/install/rl_custom_messages/include/rl_custom_messages/rl_custom_messages/msg/detail/audio_data__functions.h
[1.070s] -- Up-to-date symlink: /home/rlcontrol/jay_ws/install/rl_custom_messages/include/rl_custom_messages/rl_custom_messages/msg/detail/audio_data__struct.h
[1.071s] -- Up-to-date symlink: /home/rlcontrol/jay_ws/install/rl_custom_messages/include/rl_custom_messages/rl_custom_messages/msg/detail/audio_data__type_support.h
[1.072s] -- Up-to-date symlink: /home/rlcontrol/jay_ws/install/rl_custom_messages/include/rl_custom_messages/rl_custom_messages/msg/detail/image_array__functions.h
[1.072s] -- Up-to-date symlink: /home/rlcontrol/jay_ws/install/rl_custom_messages/include/rl_custom_messages/rl_custom_messages/msg/detail/image_array__struct.h
[1.073s] -- Up-to-date symlink: /home/rlcontrol/jay_ws/install/rl_custom_messages/include/rl_custom_messages/rl_custom_messages/msg/detail/image_array__type_support.h
[1.073s] -- Up-to-date symlink: /home/rlcontrol/jay_ws/install/rl_custom_messages/include/rl_custom_messages/rl_custom_messages/msg/detail/motor_commands__functions.h
[1.073s] -- Up-to-date symlink: /home/rlcontrol/jay_ws/install/rl_custom_messages/include/rl_custom_messages/rl_custom_messages/msg/detail/motor_commands__struct.h
[1.074s] -- Up-to-date symlink: /home/rlcontrol/jay_ws/install/rl_custom_messages/include/rl_custom_messages/rl_custom_messages/msg/detail/motor_commands__type_support.h
[1.074s] -- Up-to-date symlink: /home/rlcontrol/jay_ws/install/rl_custom_messages/include/rl_custom_messages/rl_custom_messages/msg/detail/range_array__functions.h
[1.075s] -- Up-to-date symlink: /home/rlcontrol/jay_ws/install/rl_custom_messages/include/rl_custom_messages/rl_custom_messages/msg/detail/range_array__struct.h
[1.076s] -- Up-to-date symlink: /home/rlcontrol/jay_ws/install/rl_custom_messages/include/rl_custom_messages/rl_custom_messages/msg/detail/range_array__type_support.h
[1.076s] -- Up-to-date symlink: /home/rlcontrol/jay_ws/install/rl_custom_messages/include/rl_custom_messages/rl_custom_messages/msg/image_array.h
[1.076s] -- Up-to-date symlink: /home/rlcontrol/jay_ws/install/rl_custom_messages/include/rl_custom_messages/rl_custom_messages/msg/motor_commands.h
[1.077s] -- Up-to-date symlink: /home/rlcontrol/jay_ws/install/rl_custom_messages/include/rl_custom_messages/rl_custom_messages/msg/range_array.h
[1.077s] -- Up-to-date symlink: /home/rlcontrol/jay_ws/install/rl_custom_messages/include/rl_custom_messages/rl_custom_messages/msg/rosidl_generator_c__visibility_control.h
[1.078s] -- Up-to-date symlink: /home/rlcontrol/jay_ws/install/rl_custom_messages/include/rl_custom_messages/rl_custom_messages/srv/detail/image_service__functions.h
[1.079s] -- Up-to-date symlink: /home/rlcontrol/jay_ws/install/rl_custom_messages/include/rl_custom_messages/rl_custom_messages/srv/detail/image_service__struct.h
[1.080s] -- Up-to-date symlink: /home/rlcontrol/jay_ws/install/rl_custom_messages/include/rl_custom_messages/rl_custom_messages/srv/detail/image_service__type_support.h
[1.080s] -- Up-to-date symlink: /home/rlcontrol/jay_ws/install/rl_custom_messages/include/rl_custom_messages/rl_custom_messages/srv/detail/observation_service__functions.h
[1.081s] -- Up-to-date symlink: /home/rlcontrol/jay_ws/install/rl_custom_messages/include/rl_custom_messages/rl_custom_messages/srv/detail/observation_service__struct.h
[1.081s] -- Up-to-date symlink: /home/rlcontrol/jay_ws/install/rl_custom_messages/include/rl_custom_messages/rl_custom_messages/srv/detail/observation_service__type_support.h
[1.082s] -- Up-to-date symlink: /home/rlcontrol/jay_ws/install/rl_custom_messages/include/rl_custom_messages/rl_custom_messages/srv/image_service.h
[1.082s] -- Up-to-date symlink: /home/rlcontrol/jay_ws/install/rl_custom_messages/include/rl_custom_messages/rl_custom_messages/srv/observation_service.h
[1.083s] -- Up-to-date symlink: /home/rlcontrol/jay_ws/install/rl_custom_messages/share/rl_custom_messages/environment/library_path.sh
[1.084s] -- Up-to-date symlink: /home/rlcontrol/jay_ws/install/rl_custom_messages/share/rl_custom_messages/environment/library_path.dsv
[1.085s] -- Up-to-date symlink: /home/rlcontrol/jay_ws/install/rl_custom_messages/include/rl_custom_messages/rl_custom_messages/msg/detail/audio_data__rosidl_typesupport_fastrtps_c.h
[1.085s] -- Up-to-date symlink: /home/rlcontrol/jay_ws/install/rl_custom_messages/include/rl_custom_messages/rl_custom_messages/msg/detail/image_array__rosidl_typesupport_fastrtps_c.h
[1.086s] -- Up-to-date symlink: /home/rlcontrol/jay_ws/install/rl_custom_messages/include/rl_custom_messages/rl_custom_messages/msg/detail/motor_commands__rosidl_typesupport_fastrtps_c.h
[1.086s] -- Up-to-date symlink: /home/rlcontrol/jay_ws/install/rl_custom_messages/include/rl_custom_messages/rl_custom_messages/msg/detail/range_array__rosidl_typesupport_fastrtps_c.h
[1.087s] -- Up-to-date symlink: /home/rlcontrol/jay_ws/install/rl_custom_messages/include/rl_custom_messages/rl_custom_messages/msg/rosidl_typesupport_fastrtps_c__visibility_control.h
[1.088s] -- Up-to-date symlink: /home/rlcontrol/jay_ws/install/rl_custom_messages/include/rl_custom_messages/rl_custom_messages/srv/detail/image_service__rosidl_typesupport_fastrtps_c.h
[1.088s] -- Up-to-date symlink: /home/rlcontrol/jay_ws/install/rl_custom_messages/include/rl_custom_messages/rl_custom_messages/srv/detail/observation_service__rosidl_typesupport_fastrtps_c.h
[1.089s] -- Up-to-date symlink: /home/rlcontrol/jay_ws/install/rl_custom_messages/include/rl_custom_messages/rl_custom_messages/msg/detail/audio_data__rosidl_typesupport_introspection_c.h
[1.090s] -- Up-to-date symlink: /home/rlcontrol/jay_ws/install/rl_custom_messages/include/rl_custom_messages/rl_custom_messages/msg/detail/image_array__rosidl_typesupport_introspection_c.h
[1.090s] -- Up-to-date symlink: /home/rlcontrol/jay_ws/install/rl_custom_messages/include/rl_custom_messages/rl_custom_messages/msg/detail/motor_commands__rosidl_typesupport_introspection_c.h
[1.091s] -- Up-to-date symlink: /home/rlcontrol/jay_ws/install/rl_custom_messages/include/rl_custom_messages/rl_custom_messages/msg/detail/range_array__rosidl_typesupport_introspection_c.h
[1.091s] -- Up-to-date symlink: /home/rlcontrol/jay_ws/install/rl_custom_messages/include/rl_custom_messages/rl_custom_messages/msg/rosidl_typesupport_introspection_c__visibility_control.h
[1.092s] -- Up-to-date symlink: /home/rlcontrol/jay_ws/install/rl_custom_messages/include/rl_custom_messages/rl_custom_messages/srv/detail/image_service__rosidl_typesupport_introspection_c.h
[1.092s] -- Up-to-date symlink: /home/rlcontrol/jay_ws/install/rl_custom_messages/include/rl_custom_messages/rl_custom_messages/srv/detail/observation_service__rosidl_typesupport_introspection_c.h
[1.093s] -- Up-to-date symlink: /home/rlcontrol/jay_ws/install/rl_custom_messages/include/rl_custom_messages/rl_custom_messages/msg/audio_data.hpp
[1.093s] -- Up-to-date symlink: /home/rlcontrol/jay_ws/install/rl_custom_messages/include/rl_custom_messages/rl_custom_messages/msg/detail/audio_data__builder.hpp
[1.094s] -- Up-to-date symlink: /home/rlcontrol/jay_ws/install/rl_custom_messages/include/rl_custom_messages/rl_custom_messages/msg/detail/audio_data__struct.hpp
[1.095s] -- Up-to-date symlink: /home/rlcontrol/jay_ws/install/rl_custom_messages/include/rl_custom_messages/rl_custom_messages/msg/detail/audio_data__traits.hpp
[1.095s] -- Up-to-date symlink: /home/rlcontrol/jay_ws/install/rl_custom_messages/include/rl_custom_messages/rl_custom_messages/msg/detail/image_array__builder.hpp
[1.096s] -- Up-to-date symlink: /home/rlcontrol/jay_ws/install/rl_custom_messages/include/rl_custom_messages/rl_custom_messages/msg/detail/image_array__struct.hpp
[1.097s] -- Up-to-date symlink: /home/rlcontrol/jay_ws/install/rl_custom_messages/include/rl_custom_messages/rl_custom_messages/msg/detail/image_array__traits.hpp
[1.098s] -- Up-to-date symlink: /home/rlcontrol/jay_ws/install/rl_custom_messages/include/rl_custom_messages/rl_custom_messages/msg/detail/motor_commands__builder.hpp
[1.098s] -- Up-to-date symlink: /home/rlcontrol/jay_ws/install/rl_custom_messages/include/rl_custom_messages/rl_custom_messages/msg/detail/motor_commands__struct.hpp
[1.099s] -- Up-to-date symlink: /home/rlcontrol/jay_ws/install/rl_custom_messages/include/rl_custom_messages/rl_custom_messages/msg/detail/motor_commands__traits.hpp
[1.100s] -- Up-to-date symlink: /home/rlcontrol/jay_ws/install/rl_custom_messages/include/rl_custom_messages/rl_custom_messages/msg/detail/range_array__builder.hpp
[1.100s] -- Up-to-date symlink: /home/rlcontrol/jay_ws/install/rl_custom_messages/include/rl_custom_messages/rl_custom_messages/msg/detail/range_array__struct.hpp
[1.100s] -- Up-to-date symlink: /home/rlcontrol/jay_ws/install/rl_custom_messages/include/rl_custom_messages/rl_custom_messages/msg/detail/range_array__traits.hpp
[1.101s] -- Up-to-date symlink: /home/rlcontrol/jay_ws/install/rl_custom_messages/include/rl_custom_messages/rl_custom_messages/msg/image_array.hpp
[1.101s] -- Up-to-date symlink: /home/rlcontrol/jay_ws/install/rl_custom_messages/include/rl_custom_messages/rl_custom_messages/msg/motor_commands.hpp
[1.101s] -- Up-to-date symlink: /home/rlcontrol/jay_ws/install/rl_custom_messages/include/rl_custom_messages/rl_custom_messages/msg/range_array.hpp
[1.102s] -- Up-to-date symlink: /home/rlcontrol/jay_ws/install/rl_custom_messages/include/rl_custom_messages/rl_custom_messages/srv/detail/image_service__builder.hpp
[1.102s] -- Up-to-date symlink: /home/rlcontrol/jay_ws/install/rl_custom_messages/include/rl_custom_messages/rl_custom_messages/srv/detail/image_service__struct.hpp
[1.103s] -- Up-to-date symlink: /home/rlcontrol/jay_ws/install/rl_custom_messages/include/rl_custom_messages/rl_custom_messages/srv/detail/image_service__traits.hpp
[1.104s] -- Up-to-date symlink: /home/rlcontrol/jay_ws/install/rl_custom_messages/include/rl_custom_messages/rl_custom_messages/srv/detail/observation_service__builder.hpp
[1.104s] -- Up-to-date symlink: /home/rlcontrol/jay_ws/install/rl_custom_messages/include/rl_custom_messages/rl_custom_messages/srv/detail/observation_service__struct.hpp
[1.105s] -- Up-to-date symlink: /home/rlcontrol/jay_ws/install/rl_custom_messages/include/rl_custom_messages/rl_custom_messages/srv/detail/observation_service__traits.hpp
[1.105s] -- Up-to-date symlink: /home/rlcontrol/jay_ws/install/rl_custom_messages/include/rl_custom_messages/rl_custom_messages/srv/image_service.hpp
[1.105s] -- Up-to-date symlink: /home/rlcontrol/jay_ws/install/rl_custom_messages/include/rl_custom_messages/rl_custom_messages/srv/observation_service.hpp
[1.107s] -- Up-to-date symlink: /home/rlcontrol/jay_ws/install/rl_custom_messages/include/rl_custom_messages/rl_custom_messages/msg/detail/audio_data__rosidl_typesupport_fastrtps_cpp.hpp
[1.108s] -- Up-to-date symlink: /home/rlcontrol/jay_ws/install/rl_custom_messages/include/rl_custom_messages/rl_custom_messages/msg/detail/image_array__rosidl_typesupport_fastrtps_cpp.hpp
[1.108s] -- Up-to-date symlink: /home/rlcontrol/jay_ws/install/rl_custom_messages/include/rl_custom_messages/rl_custom_messages/msg/detail/motor_commands__rosidl_typesupport_fastrtps_cpp.hpp
[1.109s] -- Up-to-date symlink: /home/rlcontrol/jay_ws/install/rl_custom_messages/include/rl_custom_messages/rl_custom_messages/msg/detail/range_array__rosidl_typesupport_fastrtps_cpp.hpp
[1.109s] -- Up-to-date symlink: /home/rlcontrol/jay_ws/install/rl_custom_messages/include/rl_custom_messages/rl_custom_messages/msg/rosidl_typesupport_fastrtps_cpp__visibility_control.h
[1.109s] -- Up-to-date symlink: /home/rlcontrol/jay_ws/install/rl_custom_messages/include/rl_custom_messages/rl_custom_messages/srv/detail/image_service__rosidl_typesupport_fastrtps_cpp.hpp
[1.110s] -- Up-to-date symlink: /home/rlcontrol/jay_ws/install/rl_custom_messages/include/rl_custom_messages/rl_custom_messages/srv/detail/observation_service__rosidl_typesupport_fastrtps_cpp.hpp
[1.111s] -- Up-to-date symlink: /home/rlcontrol/jay_ws/install/rl_custom_messages/include/rl_custom_messages/rl_custom_messages/msg/detail/audio_data__rosidl_typesupport_introspection_cpp.hpp
[1.112s] -- Up-to-date symlink: /home/rlcontrol/jay_ws/install/rl_custom_messages/include/rl_custom_messages/rl_custom_messages/msg/detail/image_array__rosidl_typesupport_introspection_cpp.hpp
[1.112s] -- Up-to-date symlink: /home/rlcontrol/jay_ws/install/rl_custom_messages/include/rl_custom_messages/rl_custom_messages/msg/detail/motor_commands__rosidl_typesupport_introspection_cpp.hpp
[1.113s] -- Up-to-date symlink: /home/rlcontrol/jay_ws/install/rl_custom_messages/include/rl_custom_messages/rl_custom_messages/msg/detail/range_array__rosidl_typesupport_introspection_cpp.hpp
[1.114s] -- Up-to-date symlink: /home/rlcontrol/jay_ws/install/rl_custom_messages/include/rl_custom_messages/rl_custom_messages/srv/detail/image_service__rosidl_typesupport_introspection_cpp.hpp
[1.115s] -- Up-to-date symlink: /home/rlcontrol/jay_ws/install/rl_custom_messages/include/rl_custom_messages/rl_custom_messages/srv/detail/observation_service__rosidl_typesupport_introspection_cpp.hpp
[1.115s] -- Up-to-date symlink: /home/rlcontrol/jay_ws/install/rl_custom_messages/share/rl_custom_messages/environment/pythonpath.sh
[1.116s] -- Up-to-date symlink: /home/rlcontrol/jay_ws/install/rl_custom_messages/share/rl_custom_messages/environment/pythonpath.dsv
[1.116s] -- Up-to-date symlink: /home/rlcontrol/jay_ws/install/rl_custom_messages/local/lib/python3.10/dist-packages/rl_custom_messages-0.0.0-py3.10.egg-info/PKG-INFO
[1.117s] -- Up-to-date symlink: /home/rlcontrol/jay_ws/install/rl_custom_messages/local/lib/python3.10/dist-packages/rl_custom_messages-0.0.0-py3.10.egg-info/SOURCES.txt
[1.118s] -- Up-to-date symlink: /home/rlcontrol/jay_ws/install/rl_custom_messages/local/lib/python3.10/dist-packages/rl_custom_messages-0.0.0-py3.10.egg-info/dependency_links.txt
[1.118s] -- Up-to-date symlink: /home/rlcontrol/jay_ws/install/rl_custom_messages/local/lib/python3.10/dist-packages/rl_custom_messages-0.0.0-py3.10.egg-info/top_level.txt
[1.120s] -- Up-to-date symlink: /home/rlcontrol/jay_ws/install/rl_custom_messages/local/lib/python3.10/dist-packages/rl_custom_messages/__init__.py
[1.121s] -- Up-to-date symlink: /home/rlcontrol/jay_ws/install/rl_custom_messages/local/lib/python3.10/dist-packages/rl_custom_messages/_rl_custom_messages_s.ep.rosidl_typesupport_c.c
[1.122s] -- Up-to-date symlink: /home/rlcontrol/jay_ws/install/rl_custom_messages/local/lib/python3.10/dist-packages/rl_custom_messages/_rl_custom_messages_s.ep.rosidl_typesupport_fastrtps_c.c
[1.122s] -- Up-to-date symlink: /home/rlcontrol/jay_ws/install/rl_custom_messages/local/lib/python3.10/dist-packages/rl_custom_messages/_rl_custom_messages_s.ep.rosidl_typesupport_introspection_c.c
[1.123s] -- Up-to-date symlink: /home/rlcontrol/jay_ws/install/rl_custom_messages/local/lib/python3.10/dist-packages/rl_custom_messages/librl_custom_messages__rosidl_generator_py.so
[1.123s] -- Up-to-date symlink: /home/rlcontrol/jay_ws/install/rl_custom_messages/local/lib/python3.10/dist-packages/rl_custom_messages/msg/__init__.py
[1.123s] -- Up-to-date symlink: /home/rlcontrol/jay_ws/install/rl_custom_messages/local/lib/python3.10/dist-packages/rl_custom_messages/msg/_audio_data.py
[1.123s] -- Up-to-date symlink: /home/rlcontrol/jay_ws/install/rl_custom_messages/local/lib/python3.10/dist-packages/rl_custom_messages/msg/_audio_data_s.c
[1.124s] -- Up-to-date symlink: /home/rlcontrol/jay_ws/install/rl_custom_messages/local/lib/python3.10/dist-packages/rl_custom_messages/msg/_image_array.py
[1.124s] -- Up-to-date symlink: /home/rlcontrol/jay_ws/install/rl_custom_messages/local/lib/python3.10/dist-packages/rl_custom_messages/msg/_image_array_s.c
[1.125s] -- Up-to-date symlink: /home/rlcontrol/jay_ws/install/rl_custom_messages/local/lib/python3.10/dist-packages/rl_custom_messages/msg/_motor_commands.py
[1.125s] -- Up-to-date symlink: /home/rlcontrol/jay_ws/install/rl_custom_messages/local/lib/python3.10/dist-packages/rl_custom_messages/msg/_motor_commands_s.c
[1.125s] -- Up-to-date symlink: /home/rlcontrol/jay_ws/install/rl_custom_messages/local/lib/python3.10/dist-packages/rl_custom_messages/msg/_range_array.py
[1.126s] -- Up-to-date symlink: /home/rlcontrol/jay_ws/install/rl_custom_messages/local/lib/python3.10/dist-packages/rl_custom_messages/msg/_range_array_s.c
[1.126s] -- Up-to-date symlink: /home/rlcontrol/jay_ws/install/rl_custom_messages/local/lib/python3.10/dist-packages/rl_custom_messages/rl_custom_messages_s__rosidl_typesupport_c.cpython-310-x86_64-linux-gnu.so
[1.127s] -- Up-to-date symlink: /home/rlcontrol/jay_ws/install/rl_custom_messages/local/lib/python3.10/dist-packages/rl_custom_messages/rl_custom_messages_s__rosidl_typesupport_fastrtps_c.cpython-310-x86_64-linux-gnu.so
[1.128s] -- Up-to-date symlink: /home/rlcontrol/jay_ws/install/rl_custom_messages/local/lib/python3.10/dist-packages/rl_custom_messages/rl_custom_messages_s__rosidl_typesupport_introspection_c.cpython-310-x86_64-linux-gnu.so
[1.128s] -- Up-to-date symlink: /home/rlcontrol/jay_ws/install/rl_custom_messages/local/lib/python3.10/dist-packages/rl_custom_messages/srv/__init__.py
[1.128s] -- Up-to-date symlink: /home/rlcontrol/jay_ws/install/rl_custom_messages/local/lib/python3.10/dist-packages/rl_custom_messages/srv/_image_service.py
[1.129s] -- Up-to-date symlink: /home/rlcontrol/jay_ws/install/rl_custom_messages/local/lib/python3.10/dist-packages/rl_custom_messages/srv/_image_service_s.c
[1.129s] -- Up-to-date symlink: /home/rlcontrol/jay_ws/install/rl_custom_messages/local/lib/python3.10/dist-packages/rl_custom_messages/srv/_observation_service.py
[1.130s] -- Up-to-date symlink: /home/rlcontrol/jay_ws/install/rl_custom_messages/local/lib/python3.10/dist-packages/rl_custom_messages/srv/_observation_service_s.c
[1.131s] -- Up-to-date symlink: /home/rlcontrol/jay_ws/install/rl_custom_messages/local/lib/python3.10/dist-packages/rl_custom_messages/rl_custom_messages_s__rosidl_typesupport_fastrtps_c.cpython-310-x86_64-linux-gnu.so
[1.131s] -- Up-to-date symlink: /home/rlcontrol/jay_ws/install/rl_custom_messages/local/lib/python3.10/dist-packages/rl_custom_messages/rl_custom_messages_s__rosidl_typesupport_introspection_c.cpython-310-x86_64-linux-gnu.so
[1.132s] -- Up-to-date symlink: /home/rlcontrol/jay_ws/install/rl_custom_messages/local/lib/python3.10/dist-packages/rl_custom_messages/rl_custom_messages_s__rosidl_typesupport_c.cpython-310-x86_64-linux-gnu.so
[1.132s] -- Up-to-date symlink: /home/rlcontrol/jay_ws/install/rl_custom_messages/share/rl_custom_messages/msg/RangeArray.idl
[1.133s] -- Up-to-date symlink: /home/rlcontrol/jay_ws/install/rl_custom_messages/share/rl_custom_messages/msg/MotorCommands.idl
[1.133s] -- Up-to-date symlink: /home/rlcontrol/jay_ws/install/rl_custom_messages/share/rl_custom_messages/msg/AudioData.idl
[1.134s] -- Up-to-date symlink: /home/rlcontrol/jay_ws/install/rl_custom_messages/share/rl_custom_messages/srv/ObservationService.idl
[1.135s] -- Up-to-date symlink: /home/rlcontrol/jay_ws/install/rl_custom_messages/share/rl_custom_messages/srv/ImageService.idl
[1.136s] -- Up-to-date symlink: /home/rlcontrol/jay_ws/install/rl_custom_messages/share/rl_custom_messages/msg/RangeArray.msg
[1.137s] -- Up-to-date symlink: /home/rlcontrol/jay_ws/install/rl_custom_messages/share/rl_custom_messages/msg/MotorCommands.msg
[1.137s] -- Up-to-date symlink: /home/rlcontrol/jay_ws/install/rl_custom_messages/share/rl_custom_messages/msg/AudioData.msg
[1.138s] -- Up-to-date symlink: /home/rlcontrol/jay_ws/install/rl_custom_messages/share/rl_custom_messages/srv/ObservationService.srv
[1.138s] -- Up-to-date symlink: /home/rlcontrol/jay_ws/install/rl_custom_messages/share/rl_custom_messages/srv/ObservationService_Request.msg
[1.138s] -- Up-to-date symlink: /home/rlcontrol/jay_ws/install/rl_custom_messages/share/rl_custom_messages/srv/ObservationService_Response.msg
[1.139s] -- Up-to-date symlink: /home/rlcontrol/jay_ws/install/rl_custom_messages/share/rl_custom_messages/srv/ImageService.srv
[1.139s] -- Up-to-date symlink: /home/rlcontrol/jay_ws/install/rl_custom_messages/share/rl_custom_messages/srv/ImageService_Request.msg
[1.140s] -- Up-to-date symlink: /home/rlcontrol/jay_ws/install/rl_custom_messages/share/rl_custom_messages/srv/ImageService_Response.msg
[1.140s] -- Up-to-date symlink: /home/rlcontrol/jay_ws/install/rl_custom_messages/share/ament_index/resource_index/package_run_dependencies/rl_custom_messages
[1.141s] -- Up-to-date symlink: /home/rlcontrol/jay_ws/install/rl_custom_messages/share/ament_index/resource_index/parent_prefix_path/rl_custom_messages
[1.141s] -- Up-to-date symlink: /home/rlcontrol/jay_ws/install/rl_custom_messages/share/rl_custom_messages/environment/ament_prefix_path.sh
[1.142s] -- Up-to-date symlink: /home/rlcontrol/jay_ws/install/rl_custom_messages/share/rl_custom_messages/environment/ament_prefix_path.dsv
[1.142s] -- Up-to-date symlink: /home/rlcontrol/jay_ws/install/rl_custom_messages/share/rl_custom_messages/environment/path.sh
[1.143s] -- Up-to-date symlink: /home/rlcontrol/jay_ws/install/rl_custom_messages/share/rl_custom_messages/environment/path.dsv
[1.143s] -- Up-to-date symlink: /home/rlcontrol/jay_ws/install/rl_custom_messages/share/rl_custom_messages/local_setup.bash
[1.144s] -- Up-to-date symlink: /home/rlcontrol/jay_ws/install/rl_custom_messages/share/rl_custom_messages/local_setup.sh
[1.145s] -- Up-to-date symlink: /home/rlcontrol/jay_ws/install/rl_custom_messages/share/rl_custom_messages/local_setup.zsh
[1.146s] -- Up-to-date symlink: /home/rlcontrol/jay_ws/install/rl_custom_messages/share/rl_custom_messages/local_setup.dsv
[1.146s] -- Symlinking: /home/rlcontrol/jay_ws/install/rl_custom_messages/share/rl_custom_messages/package.dsv
[1.154s] -- Up-to-date symlink: /home/rlcontrol/jay_ws/install/rl_custom_messages/share/ament_index/resource_index/packages/rl_custom_messages
[1.155s] -- Up-to-date symlink: /home/rlcontrol/jay_ws/install/rl_custom_messages/share/rl_custom_messages/cmake/rosidl_cmake-extras.cmake
[1.155s] -- Up-to-date symlink: /home/rlcontrol/jay_ws/install/rl_custom_messages/share/rl_custom_messages/cmake/ament_cmake_export_dependencies-extras.cmake
[1.156s] -- Up-to-date symlink: /home/rlcontrol/jay_ws/install/rl_custom_messages/share/rl_custom_messages/cmake/ament_cmake_export_include_directories-extras.cmake
[1.156s] -- Up-to-date symlink: /home/rlcontrol/jay_ws/install/rl_custom_messages/share/rl_custom_messages/cmake/ament_cmake_export_libraries-extras.cmake
[1.157s] -- Up-to-date symlink: /home/rlcontrol/jay_ws/install/rl_custom_messages/share/rl_custom_messages/cmake/ament_cmake_export_targets-extras.cmake
[1.157s] -- Up-to-date symlink: /home/rlcontrol/jay_ws/install/rl_custom_messages/share/rl_custom_messages/cmake/rosidl_cmake_export_typesupport_targets-extras.cmake
[1.158s] -- Up-to-date symlink: /home/rlcontrol/jay_ws/install/rl_custom_messages/share/rl_custom_messages/cmake/rosidl_cmake_export_typesupport_libraries-extras.cmake
[1.158s] -- Up-to-date symlink: /home/rlcontrol/jay_ws/install/rl_custom_messages/share/rl_custom_messages/cmake/rl_custom_messagesConfig.cmake
[1.158s] -- Up-to-date symlink: /home/rlcontrol/jay_ws/install/rl_custom_messages/share/rl_custom_messages/cmake/rl_custom_messagesConfig-version.cmake
[1.159s] -- Up-to-date symlink: /home/rlcontrol/jay_ws/install/rl_custom_messages/share/rl_custom_messages/package.xml
[1.160s] -- Up-to-date: /home/rlcontrol/jay_ws/install/rl_custom_messages/lib/librl_custom_messages__rosidl_generator_c.so
[1.161s] -- Up-to-date: /home/rlcontrol/jay_ws/install/rl_custom_messages/lib/librl_custom_messages__rosidl_typesupport_fastrtps_c.so
[1.163s] -- Up-to-date: /home/rlcontrol/jay_ws/install/rl_custom_messages/lib/librl_custom_messages__rosidl_typesupport_introspection_c.so
[1.164s] -- Up-to-date: /home/rlcontrol/jay_ws/install/rl_custom_messages/lib/librl_custom_messages__rosidl_typesupport_c.so
[1.165s] -- Up-to-date: /home/rlcontrol/jay_ws/install/rl_custom_messages/lib/librl_custom_messages__rosidl_typesupport_fastrtps_cpp.so
[1.166s] -- Up-to-date: /home/rlcontrol/jay_ws/install/rl_custom_messages/lib/librl_custom_messages__rosidl_typesupport_introspection_cpp.so
[1.168s] -- Up-to-date: /home/rlcontrol/jay_ws/install/rl_custom_messages/lib/librl_custom_messages__rosidl_typesupport_cpp.so
[1.212s] Listing '/home/rlcontrol/jay_ws/install/rl_custom_messages/local/lib/python3.10/dist-packages/rl_custom_messages'...
[1.212s] Listing '/home/rlcontrol/jay_ws/install/rl_custom_messages/local/lib/python3.10/dist-packages/rl_custom_messages/msg'...
[1.212s] Listing '/home/rlcontrol/jay_ws/install/rl_custom_messages/local/lib/python3.10/dist-packages/rl_custom_messages/srv'...
[1.217s] -- Up-to-date: /home/rlcontrol/jay_ws/install/rl_custom_messages/lib/librl_custom_messages__rosidl_generator_py.so
[1.219s] -- Up-to-date: /home/rlcontrol/jay_ws/install/rl_custom_messages/share/rl_custom_messages/cmake/export_rl_custom_messages__rosidl_generator_cExport.cmake
[1.219s] -- Up-to-date: /home/rlcontrol/jay_ws/install/rl_custom_messages/share/rl_custom_messages/cmake/export_rl_custom_messages__rosidl_generator_cExport-noconfig.cmake
[1.220s] -- Up-to-date: /home/rlcontrol/jay_ws/install/rl_custom_messages/share/rl_custom_messages/cmake/export_rl_custom_messages__rosidl_typesupport_fastrtps_cExport.cmake
[1.220s] -- Up-to-date: /home/rlcontrol/jay_ws/install/rl_custom_messages/share/rl_custom_messages/cmake/export_rl_custom_messages__rosidl_typesupport_fastrtps_cExport-noconfig.cmake
[1.221s] -- Up-to-date: /home/rlcontrol/jay_ws/install/rl_custom_messages/share/rl_custom_messages/cmake/rl_custom_messages__rosidl_typesupport_introspection_cExport.cmake
[1.221s] -- Up-to-date: /home/rlcontrol/jay_ws/install/rl_custom_messages/share/rl_custom_messages/cmake/rl_custom_messages__rosidl_typesupport_introspection_cExport-noconfig.cmake
[1.222s] -- Up-to-date: /home/rlcontrol/jay_ws/install/rl_custom_messages/share/rl_custom_messages/cmake/rl_custom_messages__rosidl_typesupport_cExport.cmake
[1.222s] -- Up-to-date: /home/rlcontrol/jay_ws/install/rl_custom_messages/share/rl_custom_messages/cmake/rl_custom_messages__rosidl_typesupport_cExport-noconfig.cmake
[1.223s] -- Up-to-date: /home/rlcontrol/jay_ws/install/rl_custom_messages/share/rl_custom_messages/cmake/export_rl_custom_messages__rosidl_generator_cppExport.cmake
[1.223s] -- Up-to-date: /home/rlcontrol/jay_ws/install/rl_custom_messages/share/rl_custom_messages/cmake/export_rl_custom_messages__rosidl_typesupport_fastrtps_cppExport.cmake
[1.223s] -- Up-to-date: /home/rlcontrol/jay_ws/install/rl_custom_messages/share/rl_custom_messages/cmake/export_rl_custom_messages__rosidl_typesupport_fastrtps_cppExport-noconfig.cmake
[1.224s] -- Up-to-date: /home/rlcontrol/jay_ws/install/rl_custom_messages/share/rl_custom_messages/cmake/rl_custom_messages__rosidl_typesupport_introspection_cppExport.cmake
[1.224s] -- Up-to-date: /home/rlcontrol/jay_ws/install/rl_custom_messages/share/rl_custom_messages/cmake/rl_custom_messages__rosidl_typesupport_introspection_cppExport-noconfig.cmake
[1.225s] -- Up-to-date: /home/rlcontrol/jay_ws/install/rl_custom_messages/share/rl_custom_messages/cmake/rl_custom_messages__rosidl_typesupport_cppExport.cmake
[1.225s] -- Up-to-date: /home/rlcontrol/jay_ws/install/rl_custom_messages/share/rl_custom_messages/cmake/rl_custom_messages__rosidl_typesupport_cppExport-noconfig.cmake
[1.226s] -- Up-to-date: /home/rlcontrol/jay_ws/install/rl_custom_messages/share/rl_custom_messages/cmake/export_rl_custom_messages__rosidl_generator_pyExport.cmake
[1.226s] -- Up-to-date: /home/rlcontrol/jay_ws/install/rl_custom_messages/share/rl_custom_messages/cmake/export_rl_custom_messages__rosidl_generator_pyExport-noconfig.cmake
[1.233s] Invoked command in '/home/rlcontrol/jay_ws/build/rl_custom_messages' returned '0': CMAKE_PREFIX_PATH=${CMAKE_PREFIX_PATH}:/opt/ros/humble /home/rlcontrol/.local/bin/cmake --install /home/rlcontrol/jay_ws/build/rl_custom_messages
