-- Found ament_cmake: 1.3.5 (/opt/ros/humble/share/ament_cmake/cmake)
-- Override CMake install command with custom implementation using symlinks instead of copying resources
-- Found rosidl_default_generators: 1.2.0 (/opt/ros/humble/share/rosidl_default_generators/cmake)
-- Using all available rosidl_typesupport_c: rosidl_typesupport_fastrtps_c;rosidl_typesupport_introspection_c
-- Found rosidl_adapter: 3.1.4 (/opt/ros/humble/share/rosidl_adapter/cmake)
-- Using all available rosidl_typesupport_cpp: rosidl_typesupport_fastrtps_cpp;rosidl_typesupport_introspection_cpp
-- Found sensor_msgs: 4.2.3 (/opt/ros/humble/share/sensor_msgs/cmake)
-- Found ament_cmake_ros: 0.10.0 (/opt/ros/humble/share/ament_cmake_ros/cmake)
-- Using all available rosidl_typesupport_c: rosidl_typesupport_fastrtps_c;rosidl_typesupport_introspection_c
-- Using all available rosidl_typesupport_cpp: rosidl_typesupport_fastrtps_cpp;rosidl_typesupport_introspection_cpp
-- Found python_cmake_module: 0.10.0 (/opt/ros/humble/share/python_cmake_module/cmake)
-- Using PYTHON_EXECUTABLE: /usr/bin/python3
-- Using PYTHON_INCLUDE_DIRS: /usr/include/python3.10
-- Using PYTHON_LIBRARIES: /usr/lib/x86_64-linux-gnu/libpython3.10.so
-- Configuring done (1.4s)
-- Generating done (0.1s)
-- Build files have been written to: /home/rlcontrol/jay_ws/build/rl_custom_messages
[  1%] [34m[1mGenerating C code for ROS interfaces[0m
[  2%] [34m[1mGenerating C++ code for ROS interfaces[0m
[  2%] Built target ament_cmake_python_symlink_rl_custom_messages
running egg_info
writing rl_custom_messages.egg-info/PKG-INFO
writing dependency_links to rl_custom_messages.egg-info/dependency_links.txt
writing top-level names to rl_custom_messages.egg-info/top_level.txt
reading manifest file 'rl_custom_messages.egg-info/SOURCES.txt'
writing manifest file 'rl_custom_messages.egg-info/SOURCES.txt'
[  2%] Built target ament_cmake_python_build_rl_custom_messages_egg
[  2%] Built target rl_custom_messages__cpp
[  4%] [34m[1mGenerating C++ type support dispatch for ROS interfaces[0m
[  5%] [34m[1mGenerating C++ introspection for ROS interfaces[0m
[  7%] [34m[1mGenerating C++ type support for eProsima Fast-RTPS[0m
[  9%] [32mBuilding C object CMakeFiles/rl_custom_messages__rosidl_generator_c.dir/rosidl_generator_c/rl_custom_messages/msg/detail/motor_commands__functions.c.o[0m
[  9%] [32mBuilding C object CMakeFiles/rl_custom_messages__rosidl_generator_c.dir/rosidl_generator_c/rl_custom_messages/msg/detail/range_array__functions.c.o[0m
[ 11%] [32mBuilding C object CMakeFiles/rl_custom_messages__rosidl_generator_c.dir/rosidl_generator_c/rl_custom_messages/msg/detail/audio_data__functions.c.o[0m
[ 12%] [32mBuilding C object CMakeFiles/rl_custom_messages__rosidl_generator_c.dir/rosidl_generator_c/rl_custom_messages/srv/detail/observation_service__functions.c.o[0m
[ 14%] [32mBuilding C object CMakeFiles/rl_custom_messages__rosidl_generator_c.dir/rosidl_generator_c/rl_custom_messages/srv/detail/image_service__functions.c.o[0m
[ 15%] [32mBuilding C object CMakeFiles/rl_custom_messages__rosidl_generator_c.dir/rosidl_generator_c/rl_custom_messages/srv/detail/emotion_service__functions.c.o[0m
[ 16%] [32m[1mLinking C shared library librl_custom_messages__rosidl_generator_c.so[0m
[ 16%] Built target rl_custom_messages__rosidl_generator_c
[ 18%] [34m[1mGenerating C type support dispatch for ROS interfaces[0m
[ 19%] [34m[1mGenerating C type support for eProsima Fast-RTPS[0m
[ 21%] [34m[1mGenerating C introspection for ROS interfaces[0m
[ 22%] [32mBuilding CXX object CMakeFiles/rl_custom_messages__rosidl_typesupport_cpp.dir/rosidl_typesupport_cpp/rl_custom_messages/msg/range_array__type_support.cpp.o[0m
[ 23%] [32mBuilding CXX object CMakeFiles/rl_custom_messages__rosidl_typesupport_introspection_cpp.dir/rosidl_typesupport_introspection_cpp/rl_custom_messages/msg/detail/range_array__type_support.cpp.o[0m
[ 25%] [32mBuilding CXX object CMakeFiles/rl_custom_messages__rosidl_typesupport_fastrtps_cpp.dir/rosidl_typesupport_fastrtps_cpp/rl_custom_messages/msg/detail/dds_fastrtps/range_array__type_support.cpp.o[0m
[ 26%] [32mBuilding CXX object CMakeFiles/rl_custom_messages__rosidl_typesupport_c.dir/rosidl_typesupport_c/rl_custom_messages/msg/range_array__type_support.cpp.o[0m
[ 28%] [32mBuilding CXX object CMakeFiles/rl_custom_messages__rosidl_typesupport_c.dir/rosidl_typesupport_c/rl_custom_messages/msg/motor_commands__type_support.cpp.o[0m
[ 29%] [32mBuilding CXX object CMakeFiles/rl_custom_messages__rosidl_typesupport_c.dir/rosidl_typesupport_c/rl_custom_messages/msg/audio_data__type_support.cpp.o[0m
[ 30%] [32mBuilding CXX object CMakeFiles/rl_custom_messages__rosidl_typesupport_c.dir/rosidl_typesupport_c/rl_custom_messages/srv/observation_service__type_support.cpp.o[0m
[ 32%] [32mBuilding CXX object CMakeFiles/rl_custom_messages__rosidl_typesupport_c.dir/rosidl_typesupport_c/rl_custom_messages/srv/image_service__type_support.cpp.o[0m
[ 33%] [32mBuilding CXX object CMakeFiles/rl_custom_messages__rosidl_typesupport_cpp.dir/rosidl_typesupport_cpp/rl_custom_messages/msg/motor_commands__type_support.cpp.o[0m
[ 35%] [32mBuilding CXX object CMakeFiles/rl_custom_messages__rosidl_typesupport_c.dir/rosidl_typesupport_c/rl_custom_messages/srv/emotion_service__type_support.cpp.o[0m
[ 36%] [32mBuilding C object CMakeFiles/rl_custom_messages__rosidl_typesupport_introspection_c.dir/rosidl_typesupport_introspection_c/rl_custom_messages/msg/detail/range_array__type_support.c.o[0m
[ 38%] [32mBuilding CXX object CMakeFiles/rl_custom_messages__rosidl_typesupport_fastrtps_c.dir/rosidl_typesupport_fastrtps_c/rl_custom_messages/msg/detail/range_array__type_support_c.cpp.o[0m
[ 39%] [32m[1mLinking CXX shared library librl_custom_messages__rosidl_typesupport_c.so[0m
[ 40%] [32mBuilding C object CMakeFiles/rl_custom_messages__rosidl_typesupport_introspection_c.dir/rosidl_typesupport_introspection_c/rl_custom_messages/msg/detail/motor_commands__type_support.c.o[0m
[ 40%] Built target rl_custom_messages__rosidl_typesupport_c
[ 42%] [32mBuilding C object CMakeFiles/rl_custom_messages__rosidl_typesupport_introspection_c.dir/rosidl_typesupport_introspection_c/rl_custom_messages/msg/detail/audio_data__type_support.c.o[0m
[ 43%] [32mBuilding C object CMakeFiles/rl_custom_messages__rosidl_typesupport_introspection_c.dir/rosidl_typesupport_introspection_c/rl_custom_messages/srv/detail/observation_service__type_support.c.o[0m
[ 45%] [32mBuilding CXX object CMakeFiles/rl_custom_messages__rosidl_typesupport_introspection_cpp.dir/rosidl_typesupport_introspection_cpp/rl_custom_messages/msg/detail/motor_commands__type_support.cpp.o[0m
[ 46%] [32mBuilding C object CMakeFiles/rl_custom_messages__rosidl_typesupport_introspection_c.dir/rosidl_typesupport_introspection_c/rl_custom_messages/srv/detail/image_service__type_support.c.o[0m
[ 47%] [32mBuilding C object CMakeFiles/rl_custom_messages__rosidl_typesupport_introspection_c.dir/rosidl_typesupport_introspection_c/rl_custom_messages/srv/detail/emotion_service__type_support.c.o[0m
[ 49%] [32mBuilding CXX object CMakeFiles/rl_custom_messages__rosidl_typesupport_introspection_cpp.dir/rosidl_typesupport_introspection_cpp/rl_custom_messages/msg/detail/audio_data__type_support.cpp.o[0m
[ 50%] [32m[1mLinking C shared library librl_custom_messages__rosidl_typesupport_introspection_c.so[0m
[ 52%] [32mBuilding CXX object CMakeFiles/rl_custom_messages__rosidl_typesupport_fastrtps_cpp.dir/rosidl_typesupport_fastrtps_cpp/rl_custom_messages/msg/detail/dds_fastrtps/motor_commands__type_support.cpp.o[0m
[ 52%] Built target rl_custom_messages__rosidl_typesupport_introspection_c
[ 53%] [32mBuilding CXX object CMakeFiles/rl_custom_messages__rosidl_typesupport_fastrtps_cpp.dir/rosidl_typesupport_fastrtps_cpp/rl_custom_messages/msg/detail/dds_fastrtps/audio_data__type_support.cpp.o[0m
[ 54%] [32mBuilding CXX object CMakeFiles/rl_custom_messages__rosidl_typesupport_cpp.dir/rosidl_typesupport_cpp/rl_custom_messages/msg/audio_data__type_support.cpp.o[0m
[ 56%] [32mBuilding CXX object CMakeFiles/rl_custom_messages__rosidl_typesupport_fastrtps_c.dir/rosidl_typesupport_fastrtps_c/rl_custom_messages/msg/detail/motor_commands__type_support_c.cpp.o[0m
[ 57%] [32mBuilding CXX object CMakeFiles/rl_custom_messages__rosidl_typesupport_introspection_cpp.dir/rosidl_typesupport_introspection_cpp/rl_custom_messages/srv/detail/observation_service__type_support.cpp.o[0m
[ 59%] [32mBuilding CXX object CMakeFiles/rl_custom_messages__rosidl_typesupport_cpp.dir/rosidl_typesupport_cpp/rl_custom_messages/srv/observation_service__type_support.cpp.o[0m
[ 60%] [32mBuilding CXX object CMakeFiles/rl_custom_messages__rosidl_typesupport_introspection_cpp.dir/rosidl_typesupport_introspection_cpp/rl_custom_messages/srv/detail/image_service__type_support.cpp.o[0m
[ 61%] [32mBuilding CXX object CMakeFiles/rl_custom_messages__rosidl_typesupport_fastrtps_cpp.dir/rosidl_typesupport_fastrtps_cpp/rl_custom_messages/srv/detail/dds_fastrtps/observation_service__type_support.cpp.o[0m
[ 63%] [32mBuilding CXX object CMakeFiles/rl_custom_messages__rosidl_typesupport_fastrtps_cpp.dir/rosidl_typesupport_fastrtps_cpp/rl_custom_messages/srv/detail/dds_fastrtps/image_service__type_support.cpp.o[0m
[ 64%] [32mBuilding CXX object CMakeFiles/rl_custom_messages__rosidl_typesupport_fastrtps_c.dir/rosidl_typesupport_fastrtps_c/rl_custom_messages/msg/detail/audio_data__type_support_c.cpp.o[0m
[ 66%] [32mBuilding CXX object CMakeFiles/rl_custom_messages__rosidl_typesupport_cpp.dir/rosidl_typesupport_cpp/rl_custom_messages/srv/image_service__type_support.cpp.o[0m
[ 67%] [32mBuilding CXX object CMakeFiles/rl_custom_messages__rosidl_typesupport_introspection_cpp.dir/rosidl_typesupport_introspection_cpp/rl_custom_messages/srv/detail/emotion_service__type_support.cpp.o[0m
[ 69%] [32mBuilding CXX object CMakeFiles/rl_custom_messages__rosidl_typesupport_cpp.dir/rosidl_typesupport_cpp/rl_custom_messages/srv/emotion_service__type_support.cpp.o[0m
[ 70%] [32mBuilding CXX object CMakeFiles/rl_custom_messages__rosidl_typesupport_fastrtps_c.dir/rosidl_typesupport_fastrtps_c/rl_custom_messages/srv/detail/observation_service__type_support_c.cpp.o[0m
[ 71%] [32mBuilding CXX object CMakeFiles/rl_custom_messages__rosidl_typesupport_fastrtps_cpp.dir/rosidl_typesupport_fastrtps_cpp/rl_custom_messages/srv/detail/dds_fastrtps/emotion_service__type_support.cpp.o[0m
[ 73%] [32mBuilding CXX object CMakeFiles/rl_custom_messages__rosidl_typesupport_fastrtps_c.dir/rosidl_typesupport_fastrtps_c/rl_custom_messages/srv/detail/image_service__type_support_c.cpp.o[0m
[ 74%] [32mBuilding CXX object CMakeFiles/rl_custom_messages__rosidl_typesupport_fastrtps_c.dir/rosidl_typesupport_fastrtps_c/rl_custom_messages/srv/detail/emotion_service__type_support_c.cpp.o[0m
[ 76%] [32m[1mLinking CXX shared library librl_custom_messages__rosidl_typesupport_cpp.so[0m
[ 76%] Built target rl_custom_messages__rosidl_typesupport_cpp
[ 77%] [32m[1mLinking CXX shared library librl_custom_messages__rosidl_typesupport_introspection_cpp.so[0m
[ 77%] Built target rl_custom_messages__rosidl_typesupport_introspection_cpp
[ 78%] [32m[1mLinking CXX shared library librl_custom_messages__rosidl_typesupport_fastrtps_c.so[0m
[ 80%] [32m[1mLinking CXX shared library librl_custom_messages__rosidl_typesupport_fastrtps_cpp.so[0m
[ 80%] Built target rl_custom_messages__rosidl_typesupport_fastrtps_c
[ 80%] Built target rl_custom_messages__rosidl_typesupport_fastrtps_cpp
[ 80%] Built target rl_custom_messages
[ 81%] [34m[1mGenerating Python code for ROS interfaces[0m
[ 81%] Built target rl_custom_messages__py
[ 83%] [32mBuilding C object CMakeFiles/rl_custom_messages__rosidl_generator_py.dir/rosidl_generator_py/rl_custom_messages/msg/_range_array_s.c.o[0m
[ 84%] [32mBuilding C object CMakeFiles/rl_custom_messages__rosidl_generator_py.dir/rosidl_generator_py/rl_custom_messages/msg/_motor_commands_s.c.o[0m
[ 85%] [32mBuilding C object CMakeFiles/rl_custom_messages__rosidl_generator_py.dir/rosidl_generator_py/rl_custom_messages/msg/_audio_data_s.c.o[0m
[ 87%] [32mBuilding C object CMakeFiles/rl_custom_messages__rosidl_generator_py.dir/rosidl_generator_py/rl_custom_messages/srv/_observation_service_s.c.o[0m
[ 88%] [32mBuilding C object CMakeFiles/rl_custom_messages__rosidl_generator_py.dir/rosidl_generator_py/rl_custom_messages/srv/_image_service_s.c.o[0m
[ 90%] [32mBuilding C object CMakeFiles/rl_custom_messages__rosidl_generator_py.dir/rosidl_generator_py/rl_custom_messages/srv/_emotion_service_s.c.o[0m
[ 91%] [32m[1mLinking C shared library rosidl_generator_py/rl_custom_messages/librl_custom_messages__rosidl_generator_py.so[0m
[ 91%] Built target rl_custom_messages__rosidl_generator_py
[ 92%] [32mBuilding C object CMakeFiles/rl_custom_messages__rosidl_typesupport_introspection_c__pyext.dir/rosidl_generator_py/rl_custom_messages/_rl_custom_messages_s.ep.rosidl_typesupport_introspection_c.c.o[0m
[ 94%] [32mBuilding C object CMakeFiles/rl_custom_messages__rosidl_typesupport_fastrtps_c__pyext.dir/rosidl_generator_py/rl_custom_messages/_rl_custom_messages_s.ep.rosidl_typesupport_fastrtps_c.c.o[0m
[ 95%] [32mBuilding C object CMakeFiles/rl_custom_messages__rosidl_typesupport_c__pyext.dir/rosidl_generator_py/rl_custom_messages/_rl_custom_messages_s.ep.rosidl_typesupport_c.c.o[0m
[ 98%] [32m[1mLinking C shared library rosidl_generator_py/rl_custom_messages/rl_custom_messages_s__rosidl_typesupport_fastrtps_c.cpython-310-x86_64-linux-gnu.so[0m
[ 98%] [32m[1mLinking C shared library rosidl_generator_py/rl_custom_messages/rl_custom_messages_s__rosidl_typesupport_c.cpython-310-x86_64-linux-gnu.so[0m
[100%] [32m[1mLinking C shared library rosidl_generator_py/rl_custom_messages/rl_custom_messages_s__rosidl_typesupport_introspection_c.cpython-310-x86_64-linux-gnu.so[0m
[100%] Built target rl_custom_messages__rosidl_typesupport_c__pyext
[100%] Built target rl_custom_messages__rosidl_typesupport_introspection_c__pyext
[100%] Built target rl_custom_messages__rosidl_typesupport_fastrtps_c__pyext
-- Install configuration: ""
-- Execute custom install script
-- Up-to-date symlink: /home/rlcontrol/jay_ws/install/rl_custom_messages/share/ament_index/resource_index/rosidl_interfaces/rl_custom_messages
-- Up-to-date symlink: /home/rlcontrol/jay_ws/install/rl_custom_messages/include/rl_custom_messages/rl_custom_messages/msg/audio_data.h
-- Up-to-date symlink: /home/rlcontrol/jay_ws/install/rl_custom_messages/include/rl_custom_messages/rl_custom_messages/msg/detail/audio_data__functions.h
-- Up-to-date symlink: /home/rlcontrol/jay_ws/install/rl_custom_messages/include/rl_custom_messages/rl_custom_messages/msg/detail/audio_data__struct.h
-- Up-to-date symlink: /home/rlcontrol/jay_ws/install/rl_custom_messages/include/rl_custom_messages/rl_custom_messages/msg/detail/audio_data__type_support.h
-- Up-to-date symlink: /home/rlcontrol/jay_ws/install/rl_custom_messages/include/rl_custom_messages/rl_custom_messages/msg/detail/motor_commands__functions.h
-- Up-to-date symlink: /home/rlcontrol/jay_ws/install/rl_custom_messages/include/rl_custom_messages/rl_custom_messages/msg/detail/motor_commands__struct.h
-- Up-to-date symlink: /home/rlcontrol/jay_ws/install/rl_custom_messages/include/rl_custom_messages/rl_custom_messages/msg/detail/motor_commands__type_support.h
-- Up-to-date symlink: /home/rlcontrol/jay_ws/install/rl_custom_messages/include/rl_custom_messages/rl_custom_messages/msg/detail/range_array__functions.h
-- Up-to-date symlink: /home/rlcontrol/jay_ws/install/rl_custom_messages/include/rl_custom_messages/rl_custom_messages/msg/detail/range_array__struct.h
-- Up-to-date symlink: /home/rlcontrol/jay_ws/install/rl_custom_messages/include/rl_custom_messages/rl_custom_messages/msg/detail/range_array__type_support.h
-- Up-to-date symlink: /home/rlcontrol/jay_ws/install/rl_custom_messages/include/rl_custom_messages/rl_custom_messages/msg/motor_commands.h
-- Up-to-date symlink: /home/rlcontrol/jay_ws/install/rl_custom_messages/include/rl_custom_messages/rl_custom_messages/msg/range_array.h
-- Up-to-date symlink: /home/rlcontrol/jay_ws/install/rl_custom_messages/include/rl_custom_messages/rl_custom_messages/msg/rosidl_generator_c__visibility_control.h
-- Up-to-date symlink: /home/rlcontrol/jay_ws/install/rl_custom_messages/include/rl_custom_messages/rl_custom_messages/srv/detail/emotion_service__functions.h
-- Up-to-date symlink: /home/rlcontrol/jay_ws/install/rl_custom_messages/include/rl_custom_messages/rl_custom_messages/srv/detail/emotion_service__struct.h
-- Up-to-date symlink: /home/rlcontrol/jay_ws/install/rl_custom_messages/include/rl_custom_messages/rl_custom_messages/srv/detail/emotion_service__type_support.h
-- Up-to-date symlink: /home/rlcontrol/jay_ws/install/rl_custom_messages/include/rl_custom_messages/rl_custom_messages/srv/detail/image_service__functions.h
-- Up-to-date symlink: /home/rlcontrol/jay_ws/install/rl_custom_messages/include/rl_custom_messages/rl_custom_messages/srv/detail/image_service__struct.h
-- Up-to-date symlink: /home/rlcontrol/jay_ws/install/rl_custom_messages/include/rl_custom_messages/rl_custom_messages/srv/detail/image_service__type_support.h
-- Up-to-date symlink: /home/rlcontrol/jay_ws/install/rl_custom_messages/include/rl_custom_messages/rl_custom_messages/srv/detail/observation_service__functions.h
-- Up-to-date symlink: /home/rlcontrol/jay_ws/install/rl_custom_messages/include/rl_custom_messages/rl_custom_messages/srv/detail/observation_service__struct.h
-- Up-to-date symlink: /home/rlcontrol/jay_ws/install/rl_custom_messages/include/rl_custom_messages/rl_custom_messages/srv/detail/observation_service__type_support.h
-- Up-to-date symlink: /home/rlcontrol/jay_ws/install/rl_custom_messages/include/rl_custom_messages/rl_custom_messages/srv/emotion_service.h
-- Up-to-date symlink: /home/rlcontrol/jay_ws/install/rl_custom_messages/include/rl_custom_messages/rl_custom_messages/srv/image_service.h
-- Up-to-date symlink: /home/rlcontrol/jay_ws/install/rl_custom_messages/include/rl_custom_messages/rl_custom_messages/srv/observation_service.h
-- Up-to-date symlink: /home/rlcontrol/jay_ws/install/rl_custom_messages/share/rl_custom_messages/environment/library_path.sh
-- Up-to-date symlink: /home/rlcontrol/jay_ws/install/rl_custom_messages/share/rl_custom_messages/environment/library_path.dsv
-- Up-to-date symlink: /home/rlcontrol/jay_ws/install/rl_custom_messages/include/rl_custom_messages/rl_custom_messages/msg/detail/audio_data__rosidl_typesupport_fastrtps_c.h
-- Up-to-date symlink: /home/rlcontrol/jay_ws/install/rl_custom_messages/include/rl_custom_messages/rl_custom_messages/msg/detail/motor_commands__rosidl_typesupport_fastrtps_c.h
-- Up-to-date symlink: /home/rlcontrol/jay_ws/install/rl_custom_messages/include/rl_custom_messages/rl_custom_messages/msg/detail/range_array__rosidl_typesupport_fastrtps_c.h
-- Up-to-date symlink: /home/rlcontrol/jay_ws/install/rl_custom_messages/include/rl_custom_messages/rl_custom_messages/msg/rosidl_typesupport_fastrtps_c__visibility_control.h
-- Up-to-date symlink: /home/rlcontrol/jay_ws/install/rl_custom_messages/include/rl_custom_messages/rl_custom_messages/srv/detail/emotion_service__rosidl_typesupport_fastrtps_c.h
-- Up-to-date symlink: /home/rlcontrol/jay_ws/install/rl_custom_messages/include/rl_custom_messages/rl_custom_messages/srv/detail/image_service__rosidl_typesupport_fastrtps_c.h
-- Up-to-date symlink: /home/rlcontrol/jay_ws/install/rl_custom_messages/include/rl_custom_messages/rl_custom_messages/srv/detail/observation_service__rosidl_typesupport_fastrtps_c.h
-- Up-to-date symlink: /home/rlcontrol/jay_ws/install/rl_custom_messages/include/rl_custom_messages/rl_custom_messages/msg/detail/audio_data__rosidl_typesupport_introspection_c.h
-- Up-to-date symlink: /home/rlcontrol/jay_ws/install/rl_custom_messages/include/rl_custom_messages/rl_custom_messages/msg/detail/motor_commands__rosidl_typesupport_introspection_c.h
-- Up-to-date symlink: /home/rlcontrol/jay_ws/install/rl_custom_messages/include/rl_custom_messages/rl_custom_messages/msg/detail/range_array__rosidl_typesupport_introspection_c.h
-- Up-to-date symlink: /home/rlcontrol/jay_ws/install/rl_custom_messages/include/rl_custom_messages/rl_custom_messages/msg/rosidl_typesupport_introspection_c__visibility_control.h
-- Up-to-date symlink: /home/rlcontrol/jay_ws/install/rl_custom_messages/include/rl_custom_messages/rl_custom_messages/srv/detail/emotion_service__rosidl_typesupport_introspection_c.h
-- Up-to-date symlink: /home/rlcontrol/jay_ws/install/rl_custom_messages/include/rl_custom_messages/rl_custom_messages/srv/detail/image_service__rosidl_typesupport_introspection_c.h
-- Up-to-date symlink: /home/rlcontrol/jay_ws/install/rl_custom_messages/include/rl_custom_messages/rl_custom_messages/srv/detail/observation_service__rosidl_typesupport_introspection_c.h
-- Up-to-date symlink: /home/rlcontrol/jay_ws/install/rl_custom_messages/include/rl_custom_messages/rl_custom_messages/msg/audio_data.hpp
-- Up-to-date symlink: /home/rlcontrol/jay_ws/install/rl_custom_messages/include/rl_custom_messages/rl_custom_messages/msg/detail/audio_data__builder.hpp
-- Up-to-date symlink: /home/rlcontrol/jay_ws/install/rl_custom_messages/include/rl_custom_messages/rl_custom_messages/msg/detail/audio_data__struct.hpp
-- Up-to-date symlink: /home/rlcontrol/jay_ws/install/rl_custom_messages/include/rl_custom_messages/rl_custom_messages/msg/detail/audio_data__traits.hpp
-- Up-to-date symlink: /home/rlcontrol/jay_ws/install/rl_custom_messages/include/rl_custom_messages/rl_custom_messages/msg/detail/motor_commands__builder.hpp
-- Up-to-date symlink: /home/rlcontrol/jay_ws/install/rl_custom_messages/include/rl_custom_messages/rl_custom_messages/msg/detail/motor_commands__struct.hpp
-- Up-to-date symlink: /home/rlcontrol/jay_ws/install/rl_custom_messages/include/rl_custom_messages/rl_custom_messages/msg/detail/motor_commands__traits.hpp
-- Up-to-date symlink: /home/rlcontrol/jay_ws/install/rl_custom_messages/include/rl_custom_messages/rl_custom_messages/msg/detail/range_array__builder.hpp
-- Up-to-date symlink: /home/rlcontrol/jay_ws/install/rl_custom_messages/include/rl_custom_messages/rl_custom_messages/msg/detail/range_array__struct.hpp
-- Up-to-date symlink: /home/rlcontrol/jay_ws/install/rl_custom_messages/include/rl_custom_messages/rl_custom_messages/msg/detail/range_array__traits.hpp
-- Up-to-date symlink: /home/rlcontrol/jay_ws/install/rl_custom_messages/include/rl_custom_messages/rl_custom_messages/msg/motor_commands.hpp
-- Up-to-date symlink: /home/rlcontrol/jay_ws/install/rl_custom_messages/include/rl_custom_messages/rl_custom_messages/msg/range_array.hpp
-- Up-to-date symlink: /home/rlcontrol/jay_ws/install/rl_custom_messages/include/rl_custom_messages/rl_custom_messages/srv/detail/emotion_service__builder.hpp
-- Up-to-date symlink: /home/rlcontrol/jay_ws/install/rl_custom_messages/include/rl_custom_messages/rl_custom_messages/srv/detail/emotion_service__struct.hpp
-- Up-to-date symlink: /home/rlcontrol/jay_ws/install/rl_custom_messages/include/rl_custom_messages/rl_custom_messages/srv/detail/emotion_service__traits.hpp
-- Up-to-date symlink: /home/rlcontrol/jay_ws/install/rl_custom_messages/include/rl_custom_messages/rl_custom_messages/srv/detail/image_service__builder.hpp
-- Up-to-date symlink: /home/rlcontrol/jay_ws/install/rl_custom_messages/include/rl_custom_messages/rl_custom_messages/srv/detail/image_service__struct.hpp
-- Up-to-date symlink: /home/rlcontrol/jay_ws/install/rl_custom_messages/include/rl_custom_messages/rl_custom_messages/srv/detail/image_service__traits.hpp
-- Up-to-date symlink: /home/rlcontrol/jay_ws/install/rl_custom_messages/include/rl_custom_messages/rl_custom_messages/srv/detail/observation_service__builder.hpp
-- Up-to-date symlink: /home/rlcontrol/jay_ws/install/rl_custom_messages/include/rl_custom_messages/rl_custom_messages/srv/detail/observation_service__struct.hpp
-- Up-to-date symlink: /home/rlcontrol/jay_ws/install/rl_custom_messages/include/rl_custom_messages/rl_custom_messages/srv/detail/observation_service__traits.hpp
-- Up-to-date symlink: /home/rlcontrol/jay_ws/install/rl_custom_messages/include/rl_custom_messages/rl_custom_messages/srv/emotion_service.hpp
-- Up-to-date symlink: /home/rlcontrol/jay_ws/install/rl_custom_messages/include/rl_custom_messages/rl_custom_messages/srv/image_service.hpp
-- Up-to-date symlink: /home/rlcontrol/jay_ws/install/rl_custom_messages/include/rl_custom_messages/rl_custom_messages/srv/observation_service.hpp
-- Up-to-date symlink: /home/rlcontrol/jay_ws/install/rl_custom_messages/include/rl_custom_messages/rl_custom_messages/msg/detail/audio_data__rosidl_typesupport_fastrtps_cpp.hpp
-- Up-to-date symlink: /home/rlcontrol/jay_ws/install/rl_custom_messages/include/rl_custom_messages/rl_custom_messages/msg/detail/motor_commands__rosidl_typesupport_fastrtps_cpp.hpp
-- Up-to-date symlink: /home/rlcontrol/jay_ws/install/rl_custom_messages/include/rl_custom_messages/rl_custom_messages/msg/detail/range_array__rosidl_typesupport_fastrtps_cpp.hpp
-- Up-to-date symlink: /home/rlcontrol/jay_ws/install/rl_custom_messages/include/rl_custom_messages/rl_custom_messages/msg/rosidl_typesupport_fastrtps_cpp__visibility_control.h
-- Up-to-date symlink: /home/rlcontrol/jay_ws/install/rl_custom_messages/include/rl_custom_messages/rl_custom_messages/srv/detail/emotion_service__rosidl_typesupport_fastrtps_cpp.hpp
-- Up-to-date symlink: /home/rlcontrol/jay_ws/install/rl_custom_messages/include/rl_custom_messages/rl_custom_messages/srv/detail/image_service__rosidl_typesupport_fastrtps_cpp.hpp
-- Up-to-date symlink: /home/rlcontrol/jay_ws/install/rl_custom_messages/include/rl_custom_messages/rl_custom_messages/srv/detail/observation_service__rosidl_typesupport_fastrtps_cpp.hpp
-- Up-to-date symlink: /home/rlcontrol/jay_ws/install/rl_custom_messages/include/rl_custom_messages/rl_custom_messages/msg/detail/audio_data__rosidl_typesupport_introspection_cpp.hpp
-- Up-to-date symlink: /home/rlcontrol/jay_ws/install/rl_custom_messages/include/rl_custom_messages/rl_custom_messages/msg/detail/motor_commands__rosidl_typesupport_introspection_cpp.hpp
-- Up-to-date symlink: /home/rlcontrol/jay_ws/install/rl_custom_messages/include/rl_custom_messages/rl_custom_messages/msg/detail/range_array__rosidl_typesupport_introspection_cpp.hpp
-- Up-to-date symlink: /home/rlcontrol/jay_ws/install/rl_custom_messages/include/rl_custom_messages/rl_custom_messages/srv/detail/emotion_service__rosidl_typesupport_introspection_cpp.hpp
-- Up-to-date symlink: /home/rlcontrol/jay_ws/install/rl_custom_messages/include/rl_custom_messages/rl_custom_messages/srv/detail/image_service__rosidl_typesupport_introspection_cpp.hpp
-- Up-to-date symlink: /home/rlcontrol/jay_ws/install/rl_custom_messages/include/rl_custom_messages/rl_custom_messages/srv/detail/observation_service__rosidl_typesupport_introspection_cpp.hpp
-- Up-to-date symlink: /home/rlcontrol/jay_ws/install/rl_custom_messages/share/rl_custom_messages/environment/pythonpath.sh
-- Up-to-date symlink: /home/rlcontrol/jay_ws/install/rl_custom_messages/share/rl_custom_messages/environment/pythonpath.dsv
-- Up-to-date symlink: /home/rlcontrol/jay_ws/install/rl_custom_messages/local/lib/python3.10/dist-packages/rl_custom_messages-0.0.0-py3.10.egg-info/PKG-INFO
-- Up-to-date symlink: /home/rlcontrol/jay_ws/install/rl_custom_messages/local/lib/python3.10/dist-packages/rl_custom_messages-0.0.0-py3.10.egg-info/SOURCES.txt
-- Up-to-date symlink: /home/rlcontrol/jay_ws/install/rl_custom_messages/local/lib/python3.10/dist-packages/rl_custom_messages-0.0.0-py3.10.egg-info/dependency_links.txt
-- Up-to-date symlink: /home/rlcontrol/jay_ws/install/rl_custom_messages/local/lib/python3.10/dist-packages/rl_custom_messages-0.0.0-py3.10.egg-info/top_level.txt
-- Up-to-date symlink: /home/rlcontrol/jay_ws/install/rl_custom_messages/local/lib/python3.10/dist-packages/rl_custom_messages/__init__.py
-- Up-to-date symlink: /home/rlcontrol/jay_ws/install/rl_custom_messages/local/lib/python3.10/dist-packages/rl_custom_messages/_rl_custom_messages_s.ep.rosidl_typesupport_c.c
-- Up-to-date symlink: /home/rlcontrol/jay_ws/install/rl_custom_messages/local/lib/python3.10/dist-packages/rl_custom_messages/_rl_custom_messages_s.ep.rosidl_typesupport_fastrtps_c.c
-- Up-to-date symlink: /home/rlcontrol/jay_ws/install/rl_custom_messages/local/lib/python3.10/dist-packages/rl_custom_messages/_rl_custom_messages_s.ep.rosidl_typesupport_introspection_c.c
-- Up-to-date symlink: /home/rlcontrol/jay_ws/install/rl_custom_messages/local/lib/python3.10/dist-packages/rl_custom_messages/librl_custom_messages__rosidl_generator_py.so
-- Up-to-date symlink: /home/rlcontrol/jay_ws/install/rl_custom_messages/local/lib/python3.10/dist-packages/rl_custom_messages/msg/__init__.py
-- Up-to-date symlink: /home/rlcontrol/jay_ws/install/rl_custom_messages/local/lib/python3.10/dist-packages/rl_custom_messages/msg/_audio_data.py
-- Up-to-date symlink: /home/rlcontrol/jay_ws/install/rl_custom_messages/local/lib/python3.10/dist-packages/rl_custom_messages/msg/_audio_data_s.c
-- Up-to-date symlink: /home/rlcontrol/jay_ws/install/rl_custom_messages/local/lib/python3.10/dist-packages/rl_custom_messages/msg/_motor_commands.py
-- Up-to-date symlink: /home/rlcontrol/jay_ws/install/rl_custom_messages/local/lib/python3.10/dist-packages/rl_custom_messages/msg/_motor_commands_s.c
-- Up-to-date symlink: /home/rlcontrol/jay_ws/install/rl_custom_messages/local/lib/python3.10/dist-packages/rl_custom_messages/msg/_range_array.py
-- Up-to-date symlink: /home/rlcontrol/jay_ws/install/rl_custom_messages/local/lib/python3.10/dist-packages/rl_custom_messages/msg/_range_array_s.c
-- Up-to-date symlink: /home/rlcontrol/jay_ws/install/rl_custom_messages/local/lib/python3.10/dist-packages/rl_custom_messages/rl_custom_messages_s__rosidl_typesupport_c.cpython-310-x86_64-linux-gnu.so
-- Up-to-date symlink: /home/rlcontrol/jay_ws/install/rl_custom_messages/local/lib/python3.10/dist-packages/rl_custom_messages/rl_custom_messages_s__rosidl_typesupport_fastrtps_c.cpython-310-x86_64-linux-gnu.so
-- Up-to-date symlink: /home/rlcontrol/jay_ws/install/rl_custom_messages/local/lib/python3.10/dist-packages/rl_custom_messages/rl_custom_messages_s__rosidl_typesupport_introspection_c.cpython-310-x86_64-linux-gnu.so
-- Up-to-date symlink: /home/rlcontrol/jay_ws/install/rl_custom_messages/local/lib/python3.10/dist-packages/rl_custom_messages/srv/__init__.py
-- Up-to-date symlink: /home/rlcontrol/jay_ws/install/rl_custom_messages/local/lib/python3.10/dist-packages/rl_custom_messages/srv/_emotion_service.py
-- Up-to-date symlink: /home/rlcontrol/jay_ws/install/rl_custom_messages/local/lib/python3.10/dist-packages/rl_custom_messages/srv/_emotion_service_s.c
-- Up-to-date symlink: /home/rlcontrol/jay_ws/install/rl_custom_messages/local/lib/python3.10/dist-packages/rl_custom_messages/srv/_image_service.py
-- Up-to-date symlink: /home/rlcontrol/jay_ws/install/rl_custom_messages/local/lib/python3.10/dist-packages/rl_custom_messages/srv/_image_service_s.c
-- Up-to-date symlink: /home/rlcontrol/jay_ws/install/rl_custom_messages/local/lib/python3.10/dist-packages/rl_custom_messages/srv/_observation_service.py
-- Up-to-date symlink: /home/rlcontrol/jay_ws/install/rl_custom_messages/local/lib/python3.10/dist-packages/rl_custom_messages/srv/_observation_service_s.c
-- Up-to-date symlink: /home/rlcontrol/jay_ws/install/rl_custom_messages/local/lib/python3.10/dist-packages/rl_custom_messages/rl_custom_messages_s__rosidl_typesupport_fastrtps_c.cpython-310-x86_64-linux-gnu.so
-- Up-to-date symlink: /home/rlcontrol/jay_ws/install/rl_custom_messages/local/lib/python3.10/dist-packages/rl_custom_messages/rl_custom_messages_s__rosidl_typesupport_introspection_c.cpython-310-x86_64-linux-gnu.so
-- Up-to-date symlink: /home/rlcontrol/jay_ws/install/rl_custom_messages/local/lib/python3.10/dist-packages/rl_custom_messages/rl_custom_messages_s__rosidl_typesupport_c.cpython-310-x86_64-linux-gnu.so
-- Up-to-date symlink: /home/rlcontrol/jay_ws/install/rl_custom_messages/share/rl_custom_messages/msg/RangeArray.idl
-- Up-to-date symlink: /home/rlcontrol/jay_ws/install/rl_custom_messages/share/rl_custom_messages/msg/MotorCommands.idl
-- Up-to-date symlink: /home/rlcontrol/jay_ws/install/rl_custom_messages/share/rl_custom_messages/msg/AudioData.idl
-- Up-to-date symlink: /home/rlcontrol/jay_ws/install/rl_custom_messages/share/rl_custom_messages/srv/ObservationService.idl
-- Up-to-date symlink: /home/rlcontrol/jay_ws/install/rl_custom_messages/share/rl_custom_messages/srv/ImageService.idl
-- Up-to-date symlink: /home/rlcontrol/jay_ws/install/rl_custom_messages/share/rl_custom_messages/srv/EmotionService.idl
-- Up-to-date symlink: /home/rlcontrol/jay_ws/install/rl_custom_messages/share/rl_custom_messages/msg/RangeArray.msg
-- Up-to-date symlink: /home/rlcontrol/jay_ws/install/rl_custom_messages/share/rl_custom_messages/msg/MotorCommands.msg
-- Up-to-date symlink: /home/rlcontrol/jay_ws/install/rl_custom_messages/share/rl_custom_messages/msg/AudioData.msg
-- Up-to-date symlink: /home/rlcontrol/jay_ws/install/rl_custom_messages/share/rl_custom_messages/srv/ObservationService.srv
-- Up-to-date symlink: /home/rlcontrol/jay_ws/install/rl_custom_messages/share/rl_custom_messages/srv/ObservationService_Request.msg
-- Up-to-date symlink: /home/rlcontrol/jay_ws/install/rl_custom_messages/share/rl_custom_messages/srv/ObservationService_Response.msg
-- Up-to-date symlink: /home/rlcontrol/jay_ws/install/rl_custom_messages/share/rl_custom_messages/srv/ImageService.srv
-- Up-to-date symlink: /home/rlcontrol/jay_ws/install/rl_custom_messages/share/rl_custom_messages/srv/ImageService_Request.msg
-- Up-to-date symlink: /home/rlcontrol/jay_ws/install/rl_custom_messages/share/rl_custom_messages/srv/ImageService_Response.msg
-- Up-to-date symlink: /home/rlcontrol/jay_ws/install/rl_custom_messages/share/rl_custom_messages/srv/EmotionService.srv
-- Up-to-date symlink: /home/rlcontrol/jay_ws/install/rl_custom_messages/share/rl_custom_messages/srv/EmotionService_Request.msg
-- Up-to-date symlink: /home/rlcontrol/jay_ws/install/rl_custom_messages/share/rl_custom_messages/srv/EmotionService_Response.msg
-- Up-to-date symlink: /home/rlcontrol/jay_ws/install/rl_custom_messages/share/ament_index/resource_index/package_run_dependencies/rl_custom_messages
-- Up-to-date symlink: /home/rlcontrol/jay_ws/install/rl_custom_messages/share/ament_index/resource_index/parent_prefix_path/rl_custom_messages
-- Up-to-date symlink: /home/rlcontrol/jay_ws/install/rl_custom_messages/share/rl_custom_messages/environment/ament_prefix_path.sh
-- Up-to-date symlink: /home/rlcontrol/jay_ws/install/rl_custom_messages/share/rl_custom_messages/environment/ament_prefix_path.dsv
-- Up-to-date symlink: /home/rlcontrol/jay_ws/install/rl_custom_messages/share/rl_custom_messages/environment/path.sh
-- Up-to-date symlink: /home/rlcontrol/jay_ws/install/rl_custom_messages/share/rl_custom_messages/environment/path.dsv
-- Up-to-date symlink: /home/rlcontrol/jay_ws/install/rl_custom_messages/share/rl_custom_messages/local_setup.bash
-- Up-to-date symlink: /home/rlcontrol/jay_ws/install/rl_custom_messages/share/rl_custom_messages/local_setup.sh
-- Up-to-date symlink: /home/rlcontrol/jay_ws/install/rl_custom_messages/share/rl_custom_messages/local_setup.zsh
-- Up-to-date symlink: /home/rlcontrol/jay_ws/install/rl_custom_messages/share/rl_custom_messages/local_setup.dsv
-- Symlinking: /home/rlcontrol/jay_ws/install/rl_custom_messages/share/rl_custom_messages/package.dsv
-- Up-to-date symlink: /home/rlcontrol/jay_ws/install/rl_custom_messages/share/ament_index/resource_index/packages/rl_custom_messages
-- Up-to-date symlink: /home/rlcontrol/jay_ws/install/rl_custom_messages/share/rl_custom_messages/cmake/rosidl_cmake-extras.cmake
-- Up-to-date symlink: /home/rlcontrol/jay_ws/install/rl_custom_messages/share/rl_custom_messages/cmake/ament_cmake_export_dependencies-extras.cmake
-- Up-to-date symlink: /home/rlcontrol/jay_ws/install/rl_custom_messages/share/rl_custom_messages/cmake/ament_cmake_export_include_directories-extras.cmake
-- Up-to-date symlink: /home/rlcontrol/jay_ws/install/rl_custom_messages/share/rl_custom_messages/cmake/ament_cmake_export_libraries-extras.cmake
-- Up-to-date symlink: /home/rlcontrol/jay_ws/install/rl_custom_messages/share/rl_custom_messages/cmake/ament_cmake_export_targets-extras.cmake
-- Up-to-date symlink: /home/rlcontrol/jay_ws/install/rl_custom_messages/share/rl_custom_messages/cmake/rosidl_cmake_export_typesupport_targets-extras.cmake
-- Up-to-date symlink: /home/rlcontrol/jay_ws/install/rl_custom_messages/share/rl_custom_messages/cmake/rosidl_cmake_export_typesupport_libraries-extras.cmake
-- Up-to-date symlink: /home/rlcontrol/jay_ws/install/rl_custom_messages/share/rl_custom_messages/cmake/rl_custom_messagesConfig.cmake
-- Up-to-date symlink: /home/rlcontrol/jay_ws/install/rl_custom_messages/share/rl_custom_messages/cmake/rl_custom_messagesConfig-version.cmake
-- Up-to-date symlink: /home/rlcontrol/jay_ws/install/rl_custom_messages/share/rl_custom_messages/package.xml
-- Installing: /home/rlcontrol/jay_ws/install/rl_custom_messages/lib/librl_custom_messages__rosidl_generator_c.so
-- Set runtime path of "/home/rlcontrol/jay_ws/install/rl_custom_messages/lib/librl_custom_messages__rosidl_generator_c.so" to ""
-- Installing: /home/rlcontrol/jay_ws/install/rl_custom_messages/lib/librl_custom_messages__rosidl_typesupport_fastrtps_c.so
-- Set runtime path of "/home/rlcontrol/jay_ws/install/rl_custom_messages/lib/librl_custom_messages__rosidl_typesupport_fastrtps_c.so" to ""
-- Installing: /home/rlcontrol/jay_ws/install/rl_custom_messages/lib/librl_custom_messages__rosidl_typesupport_introspection_c.so
-- Set runtime path of "/home/rlcontrol/jay_ws/install/rl_custom_messages/lib/librl_custom_messages__rosidl_typesupport_introspection_c.so" to ""
-- Installing: /home/rlcontrol/jay_ws/install/rl_custom_messages/lib/librl_custom_messages__rosidl_typesupport_c.so
-- Set runtime path of "/home/rlcontrol/jay_ws/install/rl_custom_messages/lib/librl_custom_messages__rosidl_typesupport_c.so" to ""
-- Installing: /home/rlcontrol/jay_ws/install/rl_custom_messages/lib/librl_custom_messages__rosidl_typesupport_fastrtps_cpp.so
-- Set runtime path of "/home/rlcontrol/jay_ws/install/rl_custom_messages/lib/librl_custom_messages__rosidl_typesupport_fastrtps_cpp.so" to ""
-- Installing: /home/rlcontrol/jay_ws/install/rl_custom_messages/lib/librl_custom_messages__rosidl_typesupport_introspection_cpp.so
-- Set runtime path of "/home/rlcontrol/jay_ws/install/rl_custom_messages/lib/librl_custom_messages__rosidl_typesupport_introspection_cpp.so" to ""
-- Installing: /home/rlcontrol/jay_ws/install/rl_custom_messages/lib/librl_custom_messages__rosidl_typesupport_cpp.so
-- Set runtime path of "/home/rlcontrol/jay_ws/install/rl_custom_messages/lib/librl_custom_messages__rosidl_typesupport_cpp.so" to ""
Listing '/home/rlcontrol/jay_ws/install/rl_custom_messages/local/lib/python3.10/dist-packages/rl_custom_messages'...
Compiling '/home/rlcontrol/jay_ws/install/rl_custom_messages/local/lib/python3.10/dist-packages/rl_custom_messages/__init__.py'...
Listing '/home/rlcontrol/jay_ws/install/rl_custom_messages/local/lib/python3.10/dist-packages/rl_custom_messages/msg'...
Compiling '/home/rlcontrol/jay_ws/install/rl_custom_messages/local/lib/python3.10/dist-packages/rl_custom_messages/msg/__init__.py'...
Compiling '/home/rlcontrol/jay_ws/install/rl_custom_messages/local/lib/python3.10/dist-packages/rl_custom_messages/msg/_audio_data.py'...
Compiling '/home/rlcontrol/jay_ws/install/rl_custom_messages/local/lib/python3.10/dist-packages/rl_custom_messages/msg/_motor_commands.py'...
Compiling '/home/rlcontrol/jay_ws/install/rl_custom_messages/local/lib/python3.10/dist-packages/rl_custom_messages/msg/_range_array.py'...
Listing '/home/rlcontrol/jay_ws/install/rl_custom_messages/local/lib/python3.10/dist-packages/rl_custom_messages/srv'...
Compiling '/home/rlcontrol/jay_ws/install/rl_custom_messages/local/lib/python3.10/dist-packages/rl_custom_messages/srv/__init__.py'...
Compiling '/home/rlcontrol/jay_ws/install/rl_custom_messages/local/lib/python3.10/dist-packages/rl_custom_messages/srv/_emotion_service.py'...
Compiling '/home/rlcontrol/jay_ws/install/rl_custom_messages/local/lib/python3.10/dist-packages/rl_custom_messages/srv/_image_service.py'...
Compiling '/home/rlcontrol/jay_ws/install/rl_custom_messages/local/lib/python3.10/dist-packages/rl_custom_messages/srv/_observation_service.py'...
-- Installing: /home/rlcontrol/jay_ws/install/rl_custom_messages/lib/librl_custom_messages__rosidl_generator_py.so
-- Set runtime path of "/home/rlcontrol/jay_ws/install/rl_custom_messages/lib/librl_custom_messages__rosidl_generator_py.so" to ""
-- Up-to-date: /home/rlcontrol/jay_ws/install/rl_custom_messages/share/rl_custom_messages/cmake/export_rl_custom_messages__rosidl_generator_cExport.cmake
-- Up-to-date: /home/rlcontrol/jay_ws/install/rl_custom_messages/share/rl_custom_messages/cmake/export_rl_custom_messages__rosidl_generator_cExport-noconfig.cmake
-- Up-to-date: /home/rlcontrol/jay_ws/install/rl_custom_messages/share/rl_custom_messages/cmake/export_rl_custom_messages__rosidl_typesupport_fastrtps_cExport.cmake
-- Up-to-date: /home/rlcontrol/jay_ws/install/rl_custom_messages/share/rl_custom_messages/cmake/export_rl_custom_messages__rosidl_typesupport_fastrtps_cExport-noconfig.cmake
-- Up-to-date: /home/rlcontrol/jay_ws/install/rl_custom_messages/share/rl_custom_messages/cmake/rl_custom_messages__rosidl_typesupport_introspection_cExport.cmake
-- Up-to-date: /home/rlcontrol/jay_ws/install/rl_custom_messages/share/rl_custom_messages/cmake/rl_custom_messages__rosidl_typesupport_introspection_cExport-noconfig.cmake
-- Up-to-date: /home/rlcontrol/jay_ws/install/rl_custom_messages/share/rl_custom_messages/cmake/rl_custom_messages__rosidl_typesupport_cExport.cmake
-- Up-to-date: /home/rlcontrol/jay_ws/install/rl_custom_messages/share/rl_custom_messages/cmake/rl_custom_messages__rosidl_typesupport_cExport-noconfig.cmake
-- Up-to-date: /home/rlcontrol/jay_ws/install/rl_custom_messages/share/rl_custom_messages/cmake/export_rl_custom_messages__rosidl_generator_cppExport.cmake
-- Up-to-date: /home/rlcontrol/jay_ws/install/rl_custom_messages/share/rl_custom_messages/cmake/export_rl_custom_messages__rosidl_typesupport_fastrtps_cppExport.cmake
-- Up-to-date: /home/rlcontrol/jay_ws/install/rl_custom_messages/share/rl_custom_messages/cmake/export_rl_custom_messages__rosidl_typesupport_fastrtps_cppExport-noconfig.cmake
-- Up-to-date: /home/rlcontrol/jay_ws/install/rl_custom_messages/share/rl_custom_messages/cmake/rl_custom_messages__rosidl_typesupport_introspection_cppExport.cmake
-- Up-to-date: /home/rlcontrol/jay_ws/install/rl_custom_messages/share/rl_custom_messages/cmake/rl_custom_messages__rosidl_typesupport_introspection_cppExport-noconfig.cmake
-- Up-to-date: /home/rlcontrol/jay_ws/install/rl_custom_messages/share/rl_custom_messages/cmake/rl_custom_messages__rosidl_typesupport_cppExport.cmake
-- Up-to-date: /home/rlcontrol/jay_ws/install/rl_custom_messages/share/rl_custom_messages/cmake/rl_custom_messages__rosidl_typesupport_cppExport-noconfig.cmake
-- Up-to-date: /home/rlcontrol/jay_ws/install/rl_custom_messages/share/rl_custom_messages/cmake/export_rl_custom_messages__rosidl_generator_pyExport.cmake
-- Up-to-date: /home/rlcontrol/jay_ws/install/rl_custom_messages/share/rl_custom_messages/cmake/export_rl_custom_messages__rosidl_generator_pyExport-noconfig.cmake
