[0.537s] DEBUG:colcon:Command line arguments: ['/usr/bin/colcon', 'build', '--symlink-install']
[0.537s] DEBUG:colcon:Parsed command line arguments: Namespace(log_base=None, log_level=None, verb_name='build', build_base='build', install_base='install', merge_install=False, symlink_install=True, test_result_base=None, continue_on_error=False, executor='parallel', parallel_workers=6, event_handlers=None, ignore_user_meta=False, metas=['./colcon.meta'], base_paths=['.'], packages_ignore=None, packages_ignore_regex=None, paths=None, packages_up_to=None, packages_up_to_regex=None, packages_above=None, packages_above_and_dependencies=None, packages_above_depth=None, packages_select_by_dep=None, packages_skip_by_dep=None, packages_skip_up_to=None, packages_select_build_failed=False, packages_skip_build_finished=False, packages_select_test_failures=False, packages_skip_test_passed=False, packages_select=None, packages_skip=None, packages_select_regex=None, packages_skip_regex=None, packages_start=None, packages_end=None, allow_overriding=[], cmake_args=None, cmake_target=None, cmake_target_skip_unavailable=False, cmake_clean_cache=False, cmake_clean_first=False, cmake_force_configure=False, ament_cmake_args=None, catkin_cmake_args=None, catkin_skip_building_tests=False, verb_parser=<colcon_defaults.argument_parser.defaults.DefaultArgumentsDecorator object at 0x7fd161212830>, verb_extension=<colcon_core.verb.build.BuildVerb object at 0x7fd161c70e20>, main=<bound method BuildVerb.main of <colcon_core.verb.build.BuildVerb object at 0x7fd161c70e20>>)
[0.570s] Level 1:colcon.colcon_core.package_discovery:discover_packages(colcon_meta) check parameters
[0.571s] Level 1:colcon.colcon_core.package_discovery:discover_packages(recursive) check parameters
[0.571s] Level 1:colcon.colcon_core.package_discovery:discover_packages(ignore) check parameters
[0.571s] Level 1:colcon.colcon_core.package_discovery:discover_packages(path) check parameters
[0.571s] Level 1:colcon.colcon_core.package_discovery:discover_packages(colcon_meta) discover
[0.571s] Level 1:colcon.colcon_core.package_discovery:discover_packages(recursive) discover
[0.571s] INFO:colcon.colcon_core.package_discovery:Crawling recursively for packages in '/home/rlcontrol/jay_ws'
[0.571s] Level 1:colcon.colcon_core.package_identification:_identify(.) by extensions ['ignore', 'ignore_ament_install']
[0.571s] Level 1:colcon.colcon_core.package_identification:_identify(.) by extension 'ignore'
[0.571s] Level 1:colcon.colcon_core.package_identification:_identify(.) by extension 'ignore_ament_install'
[0.571s] Level 1:colcon.colcon_core.package_identification:_identify(.) by extensions ['colcon_pkg']
[0.571s] Level 1:colcon.colcon_core.package_identification:_identify(.) by extension 'colcon_pkg'
[0.571s] Level 1:colcon.colcon_core.package_identification:_identify(.) by extensions ['colcon_meta']
[0.571s] Level 1:colcon.colcon_core.package_identification:_identify(.) by extension 'colcon_meta'
[0.571s] Level 1:colcon.colcon_core.package_identification:_identify(.) by extensions ['ros']
[0.572s] Level 1:colcon.colcon_core.package_identification:_identify(.) by extension 'ros'
[0.586s] Level 1:colcon.colcon_core.package_identification:_identify(.) by extensions ['cmake', 'python']
[0.586s] Level 1:colcon.colcon_core.package_identification:_identify(.) by extension 'cmake'
[0.586s] Level 1:colcon.colcon_core.package_identification:_identify(.) by extension 'python'
[0.586s] Level 1:colcon.colcon_core.package_identification:_identify(.) by extensions ['python_setup_py']
[0.586s] Level 1:colcon.colcon_core.package_identification:_identify(.) by extension 'python_setup_py'
[0.586s] Level 1:colcon.colcon_core.package_identification:_identify(build) by extensions ['ignore', 'ignore_ament_install']
[0.586s] Level 1:colcon.colcon_core.package_identification:_identify(build) by extension 'ignore'
[0.586s] Level 1:colcon.colcon_core.package_identification:_identify(build) ignored
[0.587s] Level 1:colcon.colcon_core.package_identification:_identify(install) by extensions ['ignore', 'ignore_ament_install']
[0.587s] Level 1:colcon.colcon_core.package_identification:_identify(install) by extension 'ignore'
[0.587s] Level 1:colcon.colcon_core.package_identification:_identify(install) ignored
[0.587s] Level 1:colcon.colcon_core.package_identification:_identify(jaybot) by extensions ['ignore', 'ignore_ament_install']
[0.587s] Level 1:colcon.colcon_core.package_identification:_identify(jaybot) by extension 'ignore'
[0.587s] Level 1:colcon.colcon_core.package_identification:_identify(jaybot) by extension 'ignore_ament_install'
[0.587s] Level 1:colcon.colcon_core.package_identification:_identify(jaybot) by extensions ['colcon_pkg']
[0.587s] Level 1:colcon.colcon_core.package_identification:_identify(jaybot) by extension 'colcon_pkg'
[0.587s] Level 1:colcon.colcon_core.package_identification:_identify(jaybot) by extensions ['colcon_meta']
[0.587s] Level 1:colcon.colcon_core.package_identification:_identify(jaybot) by extension 'colcon_meta'
[0.587s] Level 1:colcon.colcon_core.package_identification:_identify(jaybot) by extensions ['ros']
[0.587s] Level 1:colcon.colcon_core.package_identification:_identify(jaybot) by extension 'ros'
[0.591s] DEBUG:colcon.colcon_core.package_identification:Package 'jaybot' with type 'ros.ament_cmake' and name 'jaybot'
[0.591s] Level 1:colcon.colcon_core.package_identification:_identify(log) by extensions ['ignore', 'ignore_ament_install']
[0.591s] Level 1:colcon.colcon_core.package_identification:_identify(log) by extension 'ignore'
[0.591s] Level 1:colcon.colcon_core.package_identification:_identify(log) ignored
[0.591s] Level 1:colcon.colcon_core.package_identification:_identify(rl_custom_messages) by extensions ['ignore', 'ignore_ament_install']
[0.592s] Level 1:colcon.colcon_core.package_identification:_identify(rl_custom_messages) by extension 'ignore'
[0.592s] Level 1:colcon.colcon_core.package_identification:_identify(rl_custom_messages) by extension 'ignore_ament_install'
[0.592s] Level 1:colcon.colcon_core.package_identification:_identify(rl_custom_messages) by extensions ['colcon_pkg']
[0.592s] Level 1:colcon.colcon_core.package_identification:_identify(rl_custom_messages) by extension 'colcon_pkg'
[0.592s] Level 1:colcon.colcon_core.package_identification:_identify(rl_custom_messages) by extensions ['colcon_meta']
[0.592s] Level 1:colcon.colcon_core.package_identification:_identify(rl_custom_messages) by extension 'colcon_meta'
[0.592s] Level 1:colcon.colcon_core.package_identification:_identify(rl_custom_messages) by extensions ['ros']
[0.592s] Level 1:colcon.colcon_core.package_identification:_identify(rl_custom_messages) by extension 'ros'
[0.593s] DEBUG:colcon.colcon_core.package_identification:Package 'rl_custom_messages' with type 'ros.ament_cmake' and name 'rl_custom_messages'
[0.593s] Level 1:colcon.colcon_core.package_identification:_identify(runs) by extensions ['ignore', 'ignore_ament_install']
[0.593s] Level 1:colcon.colcon_core.package_identification:_identify(runs) by extension 'ignore'
[0.593s] Level 1:colcon.colcon_core.package_identification:_identify(runs) by extension 'ignore_ament_install'
[0.593s] Level 1:colcon.colcon_core.package_identification:_identify(runs) by extensions ['colcon_pkg']
[0.593s] Level 1:colcon.colcon_core.package_identification:_identify(runs) by extension 'colcon_pkg'
[0.593s] Level 1:colcon.colcon_core.package_identification:_identify(runs) by extensions ['colcon_meta']
[0.593s] Level 1:colcon.colcon_core.package_identification:_identify(runs) by extension 'colcon_meta'
[0.593s] Level 1:colcon.colcon_core.package_identification:_identify(runs) by extensions ['ros']
[0.593s] Level 1:colcon.colcon_core.package_identification:_identify(runs) by extension 'ros'
[0.593s] Level 1:colcon.colcon_core.package_identification:_identify(runs) by extensions ['cmake', 'python']
[0.593s] Level 1:colcon.colcon_core.package_identification:_identify(runs) by extension 'cmake'
[0.594s] Level 1:colcon.colcon_core.package_identification:_identify(runs) by extension 'python'
[0.594s] Level 1:colcon.colcon_core.package_identification:_identify(runs) by extensions ['python_setup_py']
[0.594s] Level 1:colcon.colcon_core.package_identification:_identify(runs) by extension 'python_setup_py'
[0.594s] Level 1:colcon.colcon_core.package_identification:_identify(runs/Jun19_08-44-27_rlcontrolJayNetv1.0) by extensions ['ignore', 'ignore_ament_install']
[0.594s] Level 1:colcon.colcon_core.package_identification:_identify(runs/Jun19_08-44-27_rlcontrolJayNetv1.0) by extension 'ignore'
[0.594s] Level 1:colcon.colcon_core.package_identification:_identify(runs/Jun19_08-44-27_rlcontrolJayNetv1.0) by extension 'ignore_ament_install'
[0.594s] Level 1:colcon.colcon_core.package_identification:_identify(runs/Jun19_08-44-27_rlcontrolJayNetv1.0) by extensions ['colcon_pkg']
[0.594s] Level 1:colcon.colcon_core.package_identification:_identify(runs/Jun19_08-44-27_rlcontrolJayNetv1.0) by extension 'colcon_pkg'
[0.594s] Level 1:colcon.colcon_core.package_identification:_identify(runs/Jun19_08-44-27_rlcontrolJayNetv1.0) by extensions ['colcon_meta']
[0.594s] Level 1:colcon.colcon_core.package_identification:_identify(runs/Jun19_08-44-27_rlcontrolJayNetv1.0) by extension 'colcon_meta'
[0.594s] Level 1:colcon.colcon_core.package_identification:_identify(runs/Jun19_08-44-27_rlcontrolJayNetv1.0) by extensions ['ros']
[0.594s] Level 1:colcon.colcon_core.package_identification:_identify(runs/Jun19_08-44-27_rlcontrolJayNetv1.0) by extension 'ros'
[0.594s] Level 1:colcon.colcon_core.package_identification:_identify(runs/Jun19_08-44-27_rlcontrolJayNetv1.0) by extensions ['cmake', 'python']
[0.594s] Level 1:colcon.colcon_core.package_identification:_identify(runs/Jun19_08-44-27_rlcontrolJayNetv1.0) by extension 'cmake'
[0.595s] Level 1:colcon.colcon_core.package_identification:_identify(runs/Jun19_08-44-27_rlcontrolJayNetv1.0) by extension 'python'
[0.595s] Level 1:colcon.colcon_core.package_identification:_identify(runs/Jun19_08-44-27_rlcontrolJayNetv1.0) by extensions ['python_setup_py']
[0.595s] Level 1:colcon.colcon_core.package_identification:_identify(runs/Jun19_08-44-27_rlcontrolJayNetv1.0) by extension 'python_setup_py'
[0.595s] Level 1:colcon.colcon_core.package_identification:_identify(runs/Jun19_08-47-06_rlcontrolJayNetv1.0) by extensions ['ignore', 'ignore_ament_install']
[0.595s] Level 1:colcon.colcon_core.package_identification:_identify(runs/Jun19_08-47-06_rlcontrolJayNetv1.0) by extension 'ignore'
[0.595s] Level 1:colcon.colcon_core.package_identification:_identify(runs/Jun19_08-47-06_rlcontrolJayNetv1.0) by extension 'ignore_ament_install'
[0.595s] Level 1:colcon.colcon_core.package_identification:_identify(runs/Jun19_08-47-06_rlcontrolJayNetv1.0) by extensions ['colcon_pkg']
[0.595s] Level 1:colcon.colcon_core.package_identification:_identify(runs/Jun19_08-47-06_rlcontrolJayNetv1.0) by extension 'colcon_pkg'
[0.595s] Level 1:colcon.colcon_core.package_identification:_identify(runs/Jun19_08-47-06_rlcontrolJayNetv1.0) by extensions ['colcon_meta']
[0.595s] Level 1:colcon.colcon_core.package_identification:_identify(runs/Jun19_08-47-06_rlcontrolJayNetv1.0) by extension 'colcon_meta'
[0.595s] Level 1:colcon.colcon_core.package_identification:_identify(runs/Jun19_08-47-06_rlcontrolJayNetv1.0) by extensions ['ros']
[0.595s] Level 1:colcon.colcon_core.package_identification:_identify(runs/Jun19_08-47-06_rlcontrolJayNetv1.0) by extension 'ros'
[0.595s] Level 1:colcon.colcon_core.package_identification:_identify(runs/Jun19_08-47-06_rlcontrolJayNetv1.0) by extensions ['cmake', 'python']
[0.595s] Level 1:colcon.colcon_core.package_identification:_identify(runs/Jun19_08-47-06_rlcontrolJayNetv1.0) by extension 'cmake'
[0.595s] Level 1:colcon.colcon_core.package_identification:_identify(runs/Jun19_08-47-06_rlcontrolJayNetv1.0) by extension 'python'
[0.596s] Level 1:colcon.colcon_core.package_identification:_identify(runs/Jun19_08-47-06_rlcontrolJayNetv1.0) by extensions ['python_setup_py']
[0.596s] Level 1:colcon.colcon_core.package_identification:_identify(runs/Jun19_08-47-06_rlcontrolJayNetv1.0) by extension 'python_setup_py'
[0.596s] Level 1:colcon.colcon_core.package_identification:_identify(runs/Jun19_08-47-47_rlcontrolJayNetv1.0) by extensions ['ignore', 'ignore_ament_install']
[0.596s] Level 1:colcon.colcon_core.package_identification:_identify(runs/Jun19_08-47-47_rlcontrolJayNetv1.0) by extension 'ignore'
[0.596s] Level 1:colcon.colcon_core.package_identification:_identify(runs/Jun19_08-47-47_rlcontrolJayNetv1.0) by extension 'ignore_ament_install'
[0.596s] Level 1:colcon.colcon_core.package_identification:_identify(runs/Jun19_08-47-47_rlcontrolJayNetv1.0) by extensions ['colcon_pkg']
[0.596s] Level 1:colcon.colcon_core.package_identification:_identify(runs/Jun19_08-47-47_rlcontrolJayNetv1.0) by extension 'colcon_pkg'
[0.596s] Level 1:colcon.colcon_core.package_identification:_identify(runs/Jun19_08-47-47_rlcontrolJayNetv1.0) by extensions ['colcon_meta']
[0.596s] Level 1:colcon.colcon_core.package_identification:_identify(runs/Jun19_08-47-47_rlcontrolJayNetv1.0) by extension 'colcon_meta'
[0.596s] Level 1:colcon.colcon_core.package_identification:_identify(runs/Jun19_08-47-47_rlcontrolJayNetv1.0) by extensions ['ros']
[0.596s] Level 1:colcon.colcon_core.package_identification:_identify(runs/Jun19_08-47-47_rlcontrolJayNetv1.0) by extension 'ros'
[0.596s] Level 1:colcon.colcon_core.package_identification:_identify(runs/Jun19_08-47-47_rlcontrolJayNetv1.0) by extensions ['cmake', 'python']
[0.596s] Level 1:colcon.colcon_core.package_identification:_identify(runs/Jun19_08-47-47_rlcontrolJayNetv1.0) by extension 'cmake'
[0.596s] Level 1:colcon.colcon_core.package_identification:_identify(runs/Jun19_08-47-47_rlcontrolJayNetv1.0) by extension 'python'
[0.596s] Level 1:colcon.colcon_core.package_identification:_identify(runs/Jun19_08-47-47_rlcontrolJayNetv1.0) by extensions ['python_setup_py']
[0.597s] Level 1:colcon.colcon_core.package_identification:_identify(runs/Jun19_08-47-47_rlcontrolJayNetv1.0) by extension 'python_setup_py'
[0.597s] Level 1:colcon.colcon_core.package_identification:_identify(runs/Jun19_08-51-31_rlcontrolJayNetv1.0) by extensions ['ignore', 'ignore_ament_install']
[0.597s] Level 1:colcon.colcon_core.package_identification:_identify(runs/Jun19_08-51-31_rlcontrolJayNetv1.0) by extension 'ignore'
[0.597s] Level 1:colcon.colcon_core.package_identification:_identify(runs/Jun19_08-51-31_rlcontrolJayNetv1.0) by extension 'ignore_ament_install'
[0.597s] Level 1:colcon.colcon_core.package_identification:_identify(runs/Jun19_08-51-31_rlcontrolJayNetv1.0) by extensions ['colcon_pkg']
[0.597s] Level 1:colcon.colcon_core.package_identification:_identify(runs/Jun19_08-51-31_rlcontrolJayNetv1.0) by extension 'colcon_pkg'
[0.597s] Level 1:colcon.colcon_core.package_identification:_identify(runs/Jun19_08-51-31_rlcontrolJayNetv1.0) by extensions ['colcon_meta']
[0.597s] Level 1:colcon.colcon_core.package_identification:_identify(runs/Jun19_08-51-31_rlcontrolJayNetv1.0) by extension 'colcon_meta'
[0.597s] Level 1:colcon.colcon_core.package_identification:_identify(runs/Jun19_08-51-31_rlcontrolJayNetv1.0) by extensions ['ros']
[0.597s] Level 1:colcon.colcon_core.package_identification:_identify(runs/Jun19_08-51-31_rlcontrolJayNetv1.0) by extension 'ros'
[0.597s] Level 1:colcon.colcon_core.package_identification:_identify(runs/Jun19_08-51-31_rlcontrolJayNetv1.0) by extensions ['cmake', 'python']
[0.597s] Level 1:colcon.colcon_core.package_identification:_identify(runs/Jun19_08-51-31_rlcontrolJayNetv1.0) by extension 'cmake'
[0.597s] Level 1:colcon.colcon_core.package_identification:_identify(runs/Jun19_08-51-31_rlcontrolJayNetv1.0) by extension 'python'
[0.597s] Level 1:colcon.colcon_core.package_identification:_identify(runs/Jun19_08-51-31_rlcontrolJayNetv1.0) by extensions ['python_setup_py']
[0.597s] Level 1:colcon.colcon_core.package_identification:_identify(runs/Jun19_08-51-31_rlcontrolJayNetv1.0) by extension 'python_setup_py'
[0.598s] Level 1:colcon.colcon_core.package_identification:_identify(runs/Jun19_08-54-24_rlcontrolJayNetv1.0) by extensions ['ignore', 'ignore_ament_install']
[0.598s] Level 1:colcon.colcon_core.package_identification:_identify(runs/Jun19_08-54-24_rlcontrolJayNetv1.0) by extension 'ignore'
[0.598s] Level 1:colcon.colcon_core.package_identification:_identify(runs/Jun19_08-54-24_rlcontrolJayNetv1.0) by extension 'ignore_ament_install'
[0.598s] Level 1:colcon.colcon_core.package_identification:_identify(runs/Jun19_08-54-24_rlcontrolJayNetv1.0) by extensions ['colcon_pkg']
[0.598s] Level 1:colcon.colcon_core.package_identification:_identify(runs/Jun19_08-54-24_rlcontrolJayNetv1.0) by extension 'colcon_pkg'
[0.598s] Level 1:colcon.colcon_core.package_identification:_identify(runs/Jun19_08-54-24_rlcontrolJayNetv1.0) by extensions ['colcon_meta']
[0.598s] Level 1:colcon.colcon_core.package_identification:_identify(runs/Jun19_08-54-24_rlcontrolJayNetv1.0) by extension 'colcon_meta'
[0.598s] Level 1:colcon.colcon_core.package_identification:_identify(runs/Jun19_08-54-24_rlcontrolJayNetv1.0) by extensions ['ros']
[0.598s] Level 1:colcon.colcon_core.package_identification:_identify(runs/Jun19_08-54-24_rlcontrolJayNetv1.0) by extension 'ros'
[0.598s] Level 1:colcon.colcon_core.package_identification:_identify(runs/Jun19_08-54-24_rlcontrolJayNetv1.0) by extensions ['cmake', 'python']
[0.598s] Level 1:colcon.colcon_core.package_identification:_identify(runs/Jun19_08-54-24_rlcontrolJayNetv1.0) by extension 'cmake'
[0.598s] Level 1:colcon.colcon_core.package_identification:_identify(runs/Jun19_08-54-24_rlcontrolJayNetv1.0) by extension 'python'
[0.598s] Level 1:colcon.colcon_core.package_identification:_identify(runs/Jun19_08-54-24_rlcontrolJayNetv1.0) by extensions ['python_setup_py']
[0.598s] Level 1:colcon.colcon_core.package_identification:_identify(runs/Jun19_08-54-24_rlcontrolJayNetv1.0) by extension 'python_setup_py'
[0.599s] Level 1:colcon.colcon_core.package_identification:_identify(runs/Jun19_08-55-34_rlcontrolJayNetv1.0) by extensions ['ignore', 'ignore_ament_install']
[0.599s] Level 1:colcon.colcon_core.package_identification:_identify(runs/Jun19_08-55-34_rlcontrolJayNetv1.0) by extension 'ignore'
[0.599s] Level 1:colcon.colcon_core.package_identification:_identify(runs/Jun19_08-55-34_rlcontrolJayNetv1.0) by extension 'ignore_ament_install'
[0.599s] Level 1:colcon.colcon_core.package_identification:_identify(runs/Jun19_08-55-34_rlcontrolJayNetv1.0) by extensions ['colcon_pkg']
[0.599s] Level 1:colcon.colcon_core.package_identification:_identify(runs/Jun19_08-55-34_rlcontrolJayNetv1.0) by extension 'colcon_pkg'
[0.599s] Level 1:colcon.colcon_core.package_identification:_identify(runs/Jun19_08-55-34_rlcontrolJayNetv1.0) by extensions ['colcon_meta']
[0.599s] Level 1:colcon.colcon_core.package_identification:_identify(runs/Jun19_08-55-34_rlcontrolJayNetv1.0) by extension 'colcon_meta'
[0.599s] Level 1:colcon.colcon_core.package_identification:_identify(runs/Jun19_08-55-34_rlcontrolJayNetv1.0) by extensions ['ros']
[0.599s] Level 1:colcon.colcon_core.package_identification:_identify(runs/Jun19_08-55-34_rlcontrolJayNetv1.0) by extension 'ros'
[0.599s] Level 1:colcon.colcon_core.package_identification:_identify(runs/Jun19_08-55-34_rlcontrolJayNetv1.0) by extensions ['cmake', 'python']
[0.599s] Level 1:colcon.colcon_core.package_identification:_identify(runs/Jun19_08-55-34_rlcontrolJayNetv1.0) by extension 'cmake'
[0.599s] Level 1:colcon.colcon_core.package_identification:_identify(runs/Jun19_08-55-34_rlcontrolJayNetv1.0) by extension 'python'
[0.599s] Level 1:colcon.colcon_core.package_identification:_identify(runs/Jun19_08-55-34_rlcontrolJayNetv1.0) by extensions ['python_setup_py']
[0.599s] Level 1:colcon.colcon_core.package_identification:_identify(runs/Jun19_08-55-34_rlcontrolJayNetv1.0) by extension 'python_setup_py'
[0.599s] Level 1:colcon.colcon_core.package_identification:_identify(runs/Jun19_08-56-10_rlcontrolJayNetv1.0) by extensions ['ignore', 'ignore_ament_install']
[0.600s] Level 1:colcon.colcon_core.package_identification:_identify(runs/Jun19_08-56-10_rlcontrolJayNetv1.0) by extension 'ignore'
[0.600s] Level 1:colcon.colcon_core.package_identification:_identify(runs/Jun19_08-56-10_rlcontrolJayNetv1.0) by extension 'ignore_ament_install'
[0.600s] Level 1:colcon.colcon_core.package_identification:_identify(runs/Jun19_08-56-10_rlcontrolJayNetv1.0) by extensions ['colcon_pkg']
[0.600s] Level 1:colcon.colcon_core.package_identification:_identify(runs/Jun19_08-56-10_rlcontrolJayNetv1.0) by extension 'colcon_pkg'
[0.600s] Level 1:colcon.colcon_core.package_identification:_identify(runs/Jun19_08-56-10_rlcontrolJayNetv1.0) by extensions ['colcon_meta']
[0.600s] Level 1:colcon.colcon_core.package_identification:_identify(runs/Jun19_08-56-10_rlcontrolJayNetv1.0) by extension 'colcon_meta'
[0.600s] Level 1:colcon.colcon_core.package_identification:_identify(runs/Jun19_08-56-10_rlcontrolJayNetv1.0) by extensions ['ros']
[0.600s] Level 1:colcon.colcon_core.package_identification:_identify(runs/Jun19_08-56-10_rlcontrolJayNetv1.0) by extension 'ros'
[0.600s] Level 1:colcon.colcon_core.package_identification:_identify(runs/Jun19_08-56-10_rlcontrolJayNetv1.0) by extensions ['cmake', 'python']
[0.600s] Level 1:colcon.colcon_core.package_identification:_identify(runs/Jun19_08-56-10_rlcontrolJayNetv1.0) by extension 'cmake'
[0.600s] Level 1:colcon.colcon_core.package_identification:_identify(runs/Jun19_08-56-10_rlcontrolJayNetv1.0) by extension 'python'
[0.600s] Level 1:colcon.colcon_core.package_identification:_identify(runs/Jun19_08-56-10_rlcontrolJayNetv1.0) by extensions ['python_setup_py']
[0.600s] Level 1:colcon.colcon_core.package_identification:_identify(runs/Jun19_08-56-10_rlcontrolJayNetv1.0) by extension 'python_setup_py'
[0.600s] Level 1:colcon.colcon_core.package_identification:_identify(runs/Jun19_09-18-29_rlcontrolJayNetv1.0) by extensions ['ignore', 'ignore_ament_install']
[0.601s] Level 1:colcon.colcon_core.package_identification:_identify(runs/Jun19_09-18-29_rlcontrolJayNetv1.0) by extension 'ignore'
[0.601s] Level 1:colcon.colcon_core.package_identification:_identify(runs/Jun19_09-18-29_rlcontrolJayNetv1.0) by extension 'ignore_ament_install'
[0.601s] Level 1:colcon.colcon_core.package_identification:_identify(runs/Jun19_09-18-29_rlcontrolJayNetv1.0) by extensions ['colcon_pkg']
[0.601s] Level 1:colcon.colcon_core.package_identification:_identify(runs/Jun19_09-18-29_rlcontrolJayNetv1.0) by extension 'colcon_pkg'
[0.601s] Level 1:colcon.colcon_core.package_identification:_identify(runs/Jun19_09-18-29_rlcontrolJayNetv1.0) by extensions ['colcon_meta']
[0.601s] Level 1:colcon.colcon_core.package_identification:_identify(runs/Jun19_09-18-29_rlcontrolJayNetv1.0) by extension 'colcon_meta'
[0.601s] Level 1:colcon.colcon_core.package_identification:_identify(runs/Jun19_09-18-29_rlcontrolJayNetv1.0) by extensions ['ros']
[0.601s] Level 1:colcon.colcon_core.package_identification:_identify(runs/Jun19_09-18-29_rlcontrolJayNetv1.0) by extension 'ros'
[0.601s] Level 1:colcon.colcon_core.package_identification:_identify(runs/Jun19_09-18-29_rlcontrolJayNetv1.0) by extensions ['cmake', 'python']
[0.601s] Level 1:colcon.colcon_core.package_identification:_identify(runs/Jun19_09-18-29_rlcontrolJayNetv1.0) by extension 'cmake'
[0.601s] Level 1:colcon.colcon_core.package_identification:_identify(runs/Jun19_09-18-29_rlcontrolJayNetv1.0) by extension 'python'
[0.601s] Level 1:colcon.colcon_core.package_identification:_identify(runs/Jun19_09-18-29_rlcontrolJayNetv1.0) by extensions ['python_setup_py']
[0.601s] Level 1:colcon.colcon_core.package_identification:_identify(runs/Jun19_09-18-29_rlcontrolJayNetv1.0) by extension 'python_setup_py'
[0.601s] Level 1:colcon.colcon_core.package_identification:_identify(runs/Jun19_09-20-31_rlcontrolJayNetv1.0) by extensions ['ignore', 'ignore_ament_install']
[0.601s] Level 1:colcon.colcon_core.package_identification:_identify(runs/Jun19_09-20-31_rlcontrolJayNetv1.0) by extension 'ignore'
[0.602s] Level 1:colcon.colcon_core.package_identification:_identify(runs/Jun19_09-20-31_rlcontrolJayNetv1.0) by extension 'ignore_ament_install'
[0.602s] Level 1:colcon.colcon_core.package_identification:_identify(runs/Jun19_09-20-31_rlcontrolJayNetv1.0) by extensions ['colcon_pkg']
[0.602s] Level 1:colcon.colcon_core.package_identification:_identify(runs/Jun19_09-20-31_rlcontrolJayNetv1.0) by extension 'colcon_pkg'
[0.602s] Level 1:colcon.colcon_core.package_identification:_identify(runs/Jun19_09-20-31_rlcontrolJayNetv1.0) by extensions ['colcon_meta']
[0.602s] Level 1:colcon.colcon_core.package_identification:_identify(runs/Jun19_09-20-31_rlcontrolJayNetv1.0) by extension 'colcon_meta'
[0.602s] Level 1:colcon.colcon_core.package_identification:_identify(runs/Jun19_09-20-31_rlcontrolJayNetv1.0) by extensions ['ros']
[0.602s] Level 1:colcon.colcon_core.package_identification:_identify(runs/Jun19_09-20-31_rlcontrolJayNetv1.0) by extension 'ros'
[0.602s] Level 1:colcon.colcon_core.package_identification:_identify(runs/Jun19_09-20-31_rlcontrolJayNetv1.0) by extensions ['cmake', 'python']
[0.602s] Level 1:colcon.colcon_core.package_identification:_identify(runs/Jun19_09-20-31_rlcontrolJayNetv1.0) by extension 'cmake'
[0.602s] Level 1:colcon.colcon_core.package_identification:_identify(runs/Jun19_09-20-31_rlcontrolJayNetv1.0) by extension 'python'
[0.602s] Level 1:colcon.colcon_core.package_identification:_identify(runs/Jun19_09-20-31_rlcontrolJayNetv1.0) by extensions ['python_setup_py']
[0.602s] Level 1:colcon.colcon_core.package_identification:_identify(runs/Jun19_09-20-31_rlcontrolJayNetv1.0) by extension 'python_setup_py'
[0.602s] Level 1:colcon.colcon_core.package_identification:_identify(runs/Jun19_09-25-23_rlcontrolJayNetv1.0) by extensions ['ignore', 'ignore_ament_install']
[0.602s] Level 1:colcon.colcon_core.package_identification:_identify(runs/Jun19_09-25-23_rlcontrolJayNetv1.0) by extension 'ignore'
[0.602s] Level 1:colcon.colcon_core.package_identification:_identify(runs/Jun19_09-25-23_rlcontrolJayNetv1.0) by extension 'ignore_ament_install'
[0.603s] Level 1:colcon.colcon_core.package_identification:_identify(runs/Jun19_09-25-23_rlcontrolJayNetv1.0) by extensions ['colcon_pkg']
[0.603s] Level 1:colcon.colcon_core.package_identification:_identify(runs/Jun19_09-25-23_rlcontrolJayNetv1.0) by extension 'colcon_pkg'
[0.603s] Level 1:colcon.colcon_core.package_identification:_identify(runs/Jun19_09-25-23_rlcontrolJayNetv1.0) by extensions ['colcon_meta']
[0.603s] Level 1:colcon.colcon_core.package_identification:_identify(runs/Jun19_09-25-23_rlcontrolJayNetv1.0) by extension 'colcon_meta'
[0.603s] Level 1:colcon.colcon_core.package_identification:_identify(runs/Jun19_09-25-23_rlcontrolJayNetv1.0) by extensions ['ros']
[0.603s] Level 1:colcon.colcon_core.package_identification:_identify(runs/Jun19_09-25-23_rlcontrolJayNetv1.0) by extension 'ros'
[0.603s] Level 1:colcon.colcon_core.package_identification:_identify(runs/Jun19_09-25-23_rlcontrolJayNetv1.0) by extensions ['cmake', 'python']
[0.603s] Level 1:colcon.colcon_core.package_identification:_identify(runs/Jun19_09-25-23_rlcontrolJayNetv1.0) by extension 'cmake'
[0.603s] Level 1:colcon.colcon_core.package_identification:_identify(runs/Jun19_09-25-23_rlcontrolJayNetv1.0) by extension 'python'
[0.603s] Level 1:colcon.colcon_core.package_identification:_identify(runs/Jun19_09-25-23_rlcontrolJayNetv1.0) by extensions ['python_setup_py']
[0.603s] Level 1:colcon.colcon_core.package_identification:_identify(runs/Jun19_09-25-23_rlcontrolJayNetv1.0) by extension 'python_setup_py'
[0.603s] Level 1:colcon.colcon_core.package_identification:_identify(runs/Jun19_09-37-03_rlcontrolJayNetv1.0) by extensions ['ignore', 'ignore_ament_install']
[0.603s] Level 1:colcon.colcon_core.package_identification:_identify(runs/Jun19_09-37-03_rlcontrolJayNetv1.0) by extension 'ignore'
[0.603s] Level 1:colcon.colcon_core.package_identification:_identify(runs/Jun19_09-37-03_rlcontrolJayNetv1.0) by extension 'ignore_ament_install'
[0.603s] Level 1:colcon.colcon_core.package_identification:_identify(runs/Jun19_09-37-03_rlcontrolJayNetv1.0) by extensions ['colcon_pkg']
[0.604s] Level 1:colcon.colcon_core.package_identification:_identify(runs/Jun19_09-37-03_rlcontrolJayNetv1.0) by extension 'colcon_pkg'
[0.604s] Level 1:colcon.colcon_core.package_identification:_identify(runs/Jun19_09-37-03_rlcontrolJayNetv1.0) by extensions ['colcon_meta']
[0.604s] Level 1:colcon.colcon_core.package_identification:_identify(runs/Jun19_09-37-03_rlcontrolJayNetv1.0) by extension 'colcon_meta'
[0.604s] Level 1:colcon.colcon_core.package_identification:_identify(runs/Jun19_09-37-03_rlcontrolJayNetv1.0) by extensions ['ros']
[0.604s] Level 1:colcon.colcon_core.package_identification:_identify(runs/Jun19_09-37-03_rlcontrolJayNetv1.0) by extension 'ros'
[0.604s] Level 1:colcon.colcon_core.package_identification:_identify(runs/Jun19_09-37-03_rlcontrolJayNetv1.0) by extensions ['cmake', 'python']
[0.604s] Level 1:colcon.colcon_core.package_identification:_identify(runs/Jun19_09-37-03_rlcontrolJayNetv1.0) by extension 'cmake'
[0.604s] Level 1:colcon.colcon_core.package_identification:_identify(runs/Jun19_09-37-03_rlcontrolJayNetv1.0) by extension 'python'
[0.604s] Level 1:colcon.colcon_core.package_identification:_identify(runs/Jun19_09-37-03_rlcontrolJayNetv1.0) by extensions ['python_setup_py']
[0.604s] Level 1:colcon.colcon_core.package_identification:_identify(runs/Jun19_09-37-03_rlcontrolJayNetv1.0) by extension 'python_setup_py'
[0.604s] Level 1:colcon.colcon_core.package_identification:_identify(runs/Jun19_09-39-58_rlcontrolJayNetv1.0) by extensions ['ignore', 'ignore_ament_install']
[0.604s] Level 1:colcon.colcon_core.package_identification:_identify(runs/Jun19_09-39-58_rlcontrolJayNetv1.0) by extension 'ignore'
[0.604s] Level 1:colcon.colcon_core.package_identification:_identify(runs/Jun19_09-39-58_rlcontrolJayNetv1.0) by extension 'ignore_ament_install'
[0.604s] Level 1:colcon.colcon_core.package_identification:_identify(runs/Jun19_09-39-58_rlcontrolJayNetv1.0) by extensions ['colcon_pkg']
[0.604s] Level 1:colcon.colcon_core.package_identification:_identify(runs/Jun19_09-39-58_rlcontrolJayNetv1.0) by extension 'colcon_pkg'
[0.604s] Level 1:colcon.colcon_core.package_identification:_identify(runs/Jun19_09-39-58_rlcontrolJayNetv1.0) by extensions ['colcon_meta']
[0.605s] Level 1:colcon.colcon_core.package_identification:_identify(runs/Jun19_09-39-58_rlcontrolJayNetv1.0) by extension 'colcon_meta'
[0.605s] Level 1:colcon.colcon_core.package_identification:_identify(runs/Jun19_09-39-58_rlcontrolJayNetv1.0) by extensions ['ros']
[0.605s] Level 1:colcon.colcon_core.package_identification:_identify(runs/Jun19_09-39-58_rlcontrolJayNetv1.0) by extension 'ros'
[0.605s] Level 1:colcon.colcon_core.package_identification:_identify(runs/Jun19_09-39-58_rlcontrolJayNetv1.0) by extensions ['cmake', 'python']
[0.605s] Level 1:colcon.colcon_core.package_identification:_identify(runs/Jun19_09-39-58_rlcontrolJayNetv1.0) by extension 'cmake'
[0.605s] Level 1:colcon.colcon_core.package_identification:_identify(runs/Jun19_09-39-58_rlcontrolJayNetv1.0) by extension 'python'
[0.605s] Level 1:colcon.colcon_core.package_identification:_identify(runs/Jun19_09-39-58_rlcontrolJayNetv1.0) by extensions ['python_setup_py']
[0.605s] Level 1:colcon.colcon_core.package_identification:_identify(runs/Jun19_09-39-58_rlcontrolJayNetv1.0) by extension 'python_setup_py'
[0.605s] Level 1:colcon.colcon_core.package_identification:_identify(runs/Jun19_13-16-15_rlcontrolJayNetv1.0) by extensions ['ignore', 'ignore_ament_install']
[0.605s] Level 1:colcon.colcon_core.package_identification:_identify(runs/Jun19_13-16-15_rlcontrolJayNetv1.0) by extension 'ignore'
[0.605s] Level 1:colcon.colcon_core.package_identification:_identify(runs/Jun19_13-16-15_rlcontrolJayNetv1.0) by extension 'ignore_ament_install'
[0.605s] Level 1:colcon.colcon_core.package_identification:_identify(runs/Jun19_13-16-15_rlcontrolJayNetv1.0) by extensions ['colcon_pkg']
[0.605s] Level 1:colcon.colcon_core.package_identification:_identify(runs/Jun19_13-16-15_rlcontrolJayNetv1.0) by extension 'colcon_pkg'
[0.605s] Level 1:colcon.colcon_core.package_identification:_identify(runs/Jun19_13-16-15_rlcontrolJayNetv1.0) by extensions ['colcon_meta']
[0.605s] Level 1:colcon.colcon_core.package_identification:_identify(runs/Jun19_13-16-15_rlcontrolJayNetv1.0) by extension 'colcon_meta'
[0.606s] Level 1:colcon.colcon_core.package_identification:_identify(runs/Jun19_13-16-15_rlcontrolJayNetv1.0) by extensions ['ros']
[0.606s] Level 1:colcon.colcon_core.package_identification:_identify(runs/Jun19_13-16-15_rlcontrolJayNetv1.0) by extension 'ros'
[0.606s] Level 1:colcon.colcon_core.package_identification:_identify(runs/Jun19_13-16-15_rlcontrolJayNetv1.0) by extensions ['cmake', 'python']
[0.606s] Level 1:colcon.colcon_core.package_identification:_identify(runs/Jun19_13-16-15_rlcontrolJayNetv1.0) by extension 'cmake'
[0.606s] Level 1:colcon.colcon_core.package_identification:_identify(runs/Jun19_13-16-15_rlcontrolJayNetv1.0) by extension 'python'
[0.606s] Level 1:colcon.colcon_core.package_identification:_identify(runs/Jun19_13-16-15_rlcontrolJayNetv1.0) by extensions ['python_setup_py']
[0.606s] Level 1:colcon.colcon_core.package_identification:_identify(runs/Jun19_13-16-15_rlcontrolJayNetv1.0) by extension 'python_setup_py'
[0.606s] Level 1:colcon.colcon_core.package_identification:_identify(runs/Jun19_13-36-17_rlcontrolJayNetv1.0) by extensions ['ignore', 'ignore_ament_install']
[0.606s] Level 1:colcon.colcon_core.package_identification:_identify(runs/Jun19_13-36-17_rlcontrolJayNetv1.0) by extension 'ignore'
[0.606s] Level 1:colcon.colcon_core.package_identification:_identify(runs/Jun19_13-36-17_rlcontrolJayNetv1.0) by extension 'ignore_ament_install'
[0.606s] Level 1:colcon.colcon_core.package_identification:_identify(runs/Jun19_13-36-17_rlcontrolJayNetv1.0) by extensions ['colcon_pkg']
[0.606s] Level 1:colcon.colcon_core.package_identification:_identify(runs/Jun19_13-36-17_rlcontrolJayNetv1.0) by extension 'colcon_pkg'
[0.606s] Level 1:colcon.colcon_core.package_identification:_identify(runs/Jun19_13-36-17_rlcontrolJayNetv1.0) by extensions ['colcon_meta']
[0.606s] Level 1:colcon.colcon_core.package_identification:_identify(runs/Jun19_13-36-17_rlcontrolJayNetv1.0) by extension 'colcon_meta'
[0.606s] Level 1:colcon.colcon_core.package_identification:_identify(runs/Jun19_13-36-17_rlcontrolJayNetv1.0) by extensions ['ros']
[0.607s] Level 1:colcon.colcon_core.package_identification:_identify(runs/Jun19_13-36-17_rlcontrolJayNetv1.0) by extension 'ros'
[0.607s] Level 1:colcon.colcon_core.package_identification:_identify(runs/Jun19_13-36-17_rlcontrolJayNetv1.0) by extensions ['cmake', 'python']
[0.607s] Level 1:colcon.colcon_core.package_identification:_identify(runs/Jun19_13-36-17_rlcontrolJayNetv1.0) by extension 'cmake'
[0.607s] Level 1:colcon.colcon_core.package_identification:_identify(runs/Jun19_13-36-17_rlcontrolJayNetv1.0) by extension 'python'
[0.607s] Level 1:colcon.colcon_core.package_identification:_identify(runs/Jun19_13-36-17_rlcontrolJayNetv1.0) by extensions ['python_setup_py']
[0.607s] Level 1:colcon.colcon_core.package_identification:_identify(runs/Jun19_13-36-17_rlcontrolJayNetv1.0) by extension 'python_setup_py'
[0.607s] Level 1:colcon.colcon_core.package_identification:_identify(runs/Jun19_13-38-46_rlcontrolJayNetv1.0) by extensions ['ignore', 'ignore_ament_install']
[0.607s] Level 1:colcon.colcon_core.package_identification:_identify(runs/Jun19_13-38-46_rlcontrolJayNetv1.0) by extension 'ignore'
[0.607s] Level 1:colcon.colcon_core.package_identification:_identify(runs/Jun19_13-38-46_rlcontrolJayNetv1.0) by extension 'ignore_ament_install'
[0.607s] Level 1:colcon.colcon_core.package_identification:_identify(runs/Jun19_13-38-46_rlcontrolJayNetv1.0) by extensions ['colcon_pkg']
[0.607s] Level 1:colcon.colcon_core.package_identification:_identify(runs/Jun19_13-38-46_rlcontrolJayNetv1.0) by extension 'colcon_pkg'
[0.607s] Level 1:colcon.colcon_core.package_identification:_identify(runs/Jun19_13-38-46_rlcontrolJayNetv1.0) by extensions ['colcon_meta']
[0.607s] Level 1:colcon.colcon_core.package_identification:_identify(runs/Jun19_13-38-46_rlcontrolJayNetv1.0) by extension 'colcon_meta'
[0.607s] Level 1:colcon.colcon_core.package_identification:_identify(runs/Jun19_13-38-46_rlcontrolJayNetv1.0) by extensions ['ros']
[0.608s] Level 1:colcon.colcon_core.package_identification:_identify(runs/Jun19_13-38-46_rlcontrolJayNetv1.0) by extension 'ros'
[0.608s] Level 1:colcon.colcon_core.package_identification:_identify(runs/Jun19_13-38-46_rlcontrolJayNetv1.0) by extensions ['cmake', 'python']
[0.608s] Level 1:colcon.colcon_core.package_identification:_identify(runs/Jun19_13-38-46_rlcontrolJayNetv1.0) by extension 'cmake'
[0.608s] Level 1:colcon.colcon_core.package_identification:_identify(runs/Jun19_13-38-46_rlcontrolJayNetv1.0) by extension 'python'
[0.608s] Level 1:colcon.colcon_core.package_identification:_identify(runs/Jun19_13-38-46_rlcontrolJayNetv1.0) by extensions ['python_setup_py']
[0.608s] Level 1:colcon.colcon_core.package_identification:_identify(runs/Jun19_13-38-46_rlcontrolJayNetv1.0) by extension 'python_setup_py'
[0.608s] Level 1:colcon.colcon_core.package_identification:_identify(runs/Jun19_13-39-24_rlcontrolJayNetv1.0) by extensions ['ignore', 'ignore_ament_install']
[0.608s] Level 1:colcon.colcon_core.package_identification:_identify(runs/Jun19_13-39-24_rlcontrolJayNetv1.0) by extension 'ignore'
[0.608s] Level 1:colcon.colcon_core.package_identification:_identify(runs/Jun19_13-39-24_rlcontrolJayNetv1.0) by extension 'ignore_ament_install'
[0.608s] Level 1:colcon.colcon_core.package_identification:_identify(runs/Jun19_13-39-24_rlcontrolJayNetv1.0) by extensions ['colcon_pkg']
[0.608s] Level 1:colcon.colcon_core.package_identification:_identify(runs/Jun19_13-39-24_rlcontrolJayNetv1.0) by extension 'colcon_pkg'
[0.608s] Level 1:colcon.colcon_core.package_identification:_identify(runs/Jun19_13-39-24_rlcontrolJayNetv1.0) by extensions ['colcon_meta']
[0.608s] Level 1:colcon.colcon_core.package_identification:_identify(runs/Jun19_13-39-24_rlcontrolJayNetv1.0) by extension 'colcon_meta'
[0.608s] Level 1:colcon.colcon_core.package_identification:_identify(runs/Jun19_13-39-24_rlcontrolJayNetv1.0) by extensions ['ros']
[0.608s] Level 1:colcon.colcon_core.package_identification:_identify(runs/Jun19_13-39-24_rlcontrolJayNetv1.0) by extension 'ros'
[0.609s] Level 1:colcon.colcon_core.package_identification:_identify(runs/Jun19_13-39-24_rlcontrolJayNetv1.0) by extensions ['cmake', 'python']
[0.609s] Level 1:colcon.colcon_core.package_identification:_identify(runs/Jun19_13-39-24_rlcontrolJayNetv1.0) by extension 'cmake'
[0.609s] Level 1:colcon.colcon_core.package_identification:_identify(runs/Jun19_13-39-24_rlcontrolJayNetv1.0) by extension 'python'
[0.609s] Level 1:colcon.colcon_core.package_identification:_identify(runs/Jun19_13-39-24_rlcontrolJayNetv1.0) by extensions ['python_setup_py']
[0.609s] Level 1:colcon.colcon_core.package_identification:_identify(runs/Jun19_13-39-24_rlcontrolJayNetv1.0) by extension 'python_setup_py'
[0.609s] Level 1:colcon.colcon_core.package_identification:_identify(runs/Jun19_17-25-42_rlcontrolJayNetv1.0) by extensions ['ignore', 'ignore_ament_install']
[0.609s] Level 1:colcon.colcon_core.package_identification:_identify(runs/Jun19_17-25-42_rlcontrolJayNetv1.0) by extension 'ignore'
[0.609s] Level 1:colcon.colcon_core.package_identification:_identify(runs/Jun19_17-25-42_rlcontrolJayNetv1.0) by extension 'ignore_ament_install'
[0.609s] Level 1:colcon.colcon_core.package_identification:_identify(runs/Jun19_17-25-42_rlcontrolJayNetv1.0) by extensions ['colcon_pkg']
[0.609s] Level 1:colcon.colcon_core.package_identification:_identify(runs/Jun19_17-25-42_rlcontrolJayNetv1.0) by extension 'colcon_pkg'
[0.609s] Level 1:colcon.colcon_core.package_identification:_identify(runs/Jun19_17-25-42_rlcontrolJayNetv1.0) by extensions ['colcon_meta']
[0.609s] Level 1:colcon.colcon_core.package_identification:_identify(runs/Jun19_17-25-42_rlcontrolJayNetv1.0) by extension 'colcon_meta'
[0.609s] Level 1:colcon.colcon_core.package_identification:_identify(runs/Jun19_17-25-42_rlcontrolJayNetv1.0) by extensions ['ros']
[0.609s] Level 1:colcon.colcon_core.package_identification:_identify(runs/Jun19_17-25-42_rlcontrolJayNetv1.0) by extension 'ros'
[0.609s] Level 1:colcon.colcon_core.package_identification:_identify(runs/Jun19_17-25-42_rlcontrolJayNetv1.0) by extensions ['cmake', 'python']
[0.610s] Level 1:colcon.colcon_core.package_identification:_identify(runs/Jun19_17-25-42_rlcontrolJayNetv1.0) by extension 'cmake'
[0.610s] Level 1:colcon.colcon_core.package_identification:_identify(runs/Jun19_17-25-42_rlcontrolJayNetv1.0) by extension 'python'
[0.610s] Level 1:colcon.colcon_core.package_identification:_identify(runs/Jun19_17-25-42_rlcontrolJayNetv1.0) by extensions ['python_setup_py']
[0.610s] Level 1:colcon.colcon_core.package_identification:_identify(runs/Jun19_17-25-42_rlcontrolJayNetv1.0) by extension 'python_setup_py'
[0.610s] Level 1:colcon.colcon_core.package_identification:_identify(runs/Jun19_17-35-05_rlcontrolJayNetv1.0) by extensions ['ignore', 'ignore_ament_install']
[0.610s] Level 1:colcon.colcon_core.package_identification:_identify(runs/Jun19_17-35-05_rlcontrolJayNetv1.0) by extension 'ignore'
[0.610s] Level 1:colcon.colcon_core.package_identification:_identify(runs/Jun19_17-35-05_rlcontrolJayNetv1.0) by extension 'ignore_ament_install'
[0.610s] Level 1:colcon.colcon_core.package_identification:_identify(runs/Jun19_17-35-05_rlcontrolJayNetv1.0) by extensions ['colcon_pkg']
[0.610s] Level 1:colcon.colcon_core.package_identification:_identify(runs/Jun19_17-35-05_rlcontrolJayNetv1.0) by extension 'colcon_pkg'
[0.610s] Level 1:colcon.colcon_core.package_identification:_identify(runs/Jun19_17-35-05_rlcontrolJayNetv1.0) by extensions ['colcon_meta']
[0.610s] Level 1:colcon.colcon_core.package_identification:_identify(runs/Jun19_17-35-05_rlcontrolJayNetv1.0) by extension 'colcon_meta'
[0.610s] Level 1:colcon.colcon_core.package_identification:_identify(runs/Jun19_17-35-05_rlcontrolJayNetv1.0) by extensions ['ros']
[0.610s] Level 1:colcon.colcon_core.package_identification:_identify(runs/Jun19_17-35-05_rlcontrolJayNetv1.0) by extension 'ros'
[0.610s] Level 1:colcon.colcon_core.package_identification:_identify(runs/Jun19_17-35-05_rlcontrolJayNetv1.0) by extensions ['cmake', 'python']
[0.610s] Level 1:colcon.colcon_core.package_identification:_identify(runs/Jun19_17-35-05_rlcontrolJayNetv1.0) by extension 'cmake'
[0.610s] Level 1:colcon.colcon_core.package_identification:_identify(runs/Jun19_17-35-05_rlcontrolJayNetv1.0) by extension 'python'
[0.611s] Level 1:colcon.colcon_core.package_identification:_identify(runs/Jun19_17-35-05_rlcontrolJayNetv1.0) by extensions ['python_setup_py']
[0.611s] Level 1:colcon.colcon_core.package_identification:_identify(runs/Jun19_17-35-05_rlcontrolJayNetv1.0) by extension 'python_setup_py'
[0.611s] Level 1:colcon.colcon_core.package_identification:_identify(runs/Jun19_17-35-34_rlcontrolJayNetv1.0) by extensions ['ignore', 'ignore_ament_install']
[0.611s] Level 1:colcon.colcon_core.package_identification:_identify(runs/Jun19_17-35-34_rlcontrolJayNetv1.0) by extension 'ignore'
[0.611s] Level 1:colcon.colcon_core.package_identification:_identify(runs/Jun19_17-35-34_rlcontrolJayNetv1.0) by extension 'ignore_ament_install'
[0.611s] Level 1:colcon.colcon_core.package_identification:_identify(runs/Jun19_17-35-34_rlcontrolJayNetv1.0) by extensions ['colcon_pkg']
[0.611s] Level 1:colcon.colcon_core.package_identification:_identify(runs/Jun19_17-35-34_rlcontrolJayNetv1.0) by extension 'colcon_pkg'
[0.611s] Level 1:colcon.colcon_core.package_identification:_identify(runs/Jun19_17-35-34_rlcontrolJayNetv1.0) by extensions ['colcon_meta']
[0.611s] Level 1:colcon.colcon_core.package_identification:_identify(runs/Jun19_17-35-34_rlcontrolJayNetv1.0) by extension 'colcon_meta'
[0.611s] Level 1:colcon.colcon_core.package_identification:_identify(runs/Jun19_17-35-34_rlcontrolJayNetv1.0) by extensions ['ros']
[0.611s] Level 1:colcon.colcon_core.package_identification:_identify(runs/Jun19_17-35-34_rlcontrolJayNetv1.0) by extension 'ros'
[0.611s] Level 1:colcon.colcon_core.package_identification:_identify(runs/Jun19_17-35-34_rlcontrolJayNetv1.0) by extensions ['cmake', 'python']
[0.611s] Level 1:colcon.colcon_core.package_identification:_identify(runs/Jun19_17-35-34_rlcontrolJayNetv1.0) by extension 'cmake'
[0.611s] Level 1:colcon.colcon_core.package_identification:_identify(runs/Jun19_17-35-34_rlcontrolJayNetv1.0) by extension 'python'
[0.612s] Level 1:colcon.colcon_core.package_identification:_identify(runs/Jun19_17-35-34_rlcontrolJayNetv1.0) by extensions ['python_setup_py']
[0.612s] Level 1:colcon.colcon_core.package_identification:_identify(runs/Jun19_17-35-34_rlcontrolJayNetv1.0) by extension 'python_setup_py'
[0.612s] Level 1:colcon.colcon_core.package_identification:_identify(runs/Jun19_17-37-44_rlcontrolJayNetv1.0) by extensions ['ignore', 'ignore_ament_install']
[0.612s] Level 1:colcon.colcon_core.package_identification:_identify(runs/Jun19_17-37-44_rlcontrolJayNetv1.0) by extension 'ignore'
[0.612s] Level 1:colcon.colcon_core.package_identification:_identify(runs/Jun19_17-37-44_rlcontrolJayNetv1.0) by extension 'ignore_ament_install'
[0.612s] Level 1:colcon.colcon_core.package_identification:_identify(runs/Jun19_17-37-44_rlcontrolJayNetv1.0) by extensions ['colcon_pkg']
[0.612s] Level 1:colcon.colcon_core.package_identification:_identify(runs/Jun19_17-37-44_rlcontrolJayNetv1.0) by extension 'colcon_pkg'
[0.612s] Level 1:colcon.colcon_core.package_identification:_identify(runs/Jun19_17-37-44_rlcontrolJayNetv1.0) by extensions ['colcon_meta']
[0.612s] Level 1:colcon.colcon_core.package_identification:_identify(runs/Jun19_17-37-44_rlcontrolJayNetv1.0) by extension 'colcon_meta'
[0.612s] Level 1:colcon.colcon_core.package_identification:_identify(runs/Jun19_17-37-44_rlcontrolJayNetv1.0) by extensions ['ros']
[0.612s] Level 1:colcon.colcon_core.package_identification:_identify(runs/Jun19_17-37-44_rlcontrolJayNetv1.0) by extension 'ros'
[0.612s] Level 1:colcon.colcon_core.package_identification:_identify(runs/Jun19_17-37-44_rlcontrolJayNetv1.0) by extensions ['cmake', 'python']
[0.612s] Level 1:colcon.colcon_core.package_identification:_identify(runs/Jun19_17-37-44_rlcontrolJayNetv1.0) by extension 'cmake'
[0.612s] Level 1:colcon.colcon_core.package_identification:_identify(runs/Jun19_17-37-44_rlcontrolJayNetv1.0) by extension 'python'
[0.612s] Level 1:colcon.colcon_core.package_identification:_identify(runs/Jun19_17-37-44_rlcontrolJayNetv1.0) by extensions ['python_setup_py']
[0.612s] Level 1:colcon.colcon_core.package_identification:_identify(runs/Jun19_17-37-44_rlcontrolJayNetv1.0) by extension 'python_setup_py'
[0.613s] Level 1:colcon.colcon_core.package_identification:_identify(runs/Jun20_04-17-34_rlcontrolJayNetv1.0) by extensions ['ignore', 'ignore_ament_install']
[0.613s] Level 1:colcon.colcon_core.package_identification:_identify(runs/Jun20_04-17-34_rlcontrolJayNetv1.0) by extension 'ignore'
[0.613s] Level 1:colcon.colcon_core.package_identification:_identify(runs/Jun20_04-17-34_rlcontrolJayNetv1.0) by extension 'ignore_ament_install'
[0.613s] Level 1:colcon.colcon_core.package_identification:_identify(runs/Jun20_04-17-34_rlcontrolJayNetv1.0) by extensions ['colcon_pkg']
[0.613s] Level 1:colcon.colcon_core.package_identification:_identify(runs/Jun20_04-17-34_rlcontrolJayNetv1.0) by extension 'colcon_pkg'
[0.613s] Level 1:colcon.colcon_core.package_identification:_identify(runs/Jun20_04-17-34_rlcontrolJayNetv1.0) by extensions ['colcon_meta']
[0.613s] Level 1:colcon.colcon_core.package_identification:_identify(runs/Jun20_04-17-34_rlcontrolJayNetv1.0) by extension 'colcon_meta'
[0.613s] Level 1:colcon.colcon_core.package_identification:_identify(runs/Jun20_04-17-34_rlcontrolJayNetv1.0) by extensions ['ros']
[0.613s] Level 1:colcon.colcon_core.package_identification:_identify(runs/Jun20_04-17-34_rlcontrolJayNetv1.0) by extension 'ros'
[0.613s] Level 1:colcon.colcon_core.package_identification:_identify(runs/Jun20_04-17-34_rlcontrolJayNetv1.0) by extensions ['cmake', 'python']
[0.613s] Level 1:colcon.colcon_core.package_identification:_identify(runs/Jun20_04-17-34_rlcontrolJayNetv1.0) by extension 'cmake'
[0.613s] Level 1:colcon.colcon_core.package_identification:_identify(runs/Jun20_04-17-34_rlcontrolJayNetv1.0) by extension 'python'
[0.613s] Level 1:colcon.colcon_core.package_identification:_identify(runs/Jun20_04-17-34_rlcontrolJayNetv1.0) by extensions ['python_setup_py']
[0.613s] Level 1:colcon.colcon_core.package_identification:_identify(runs/Jun20_04-17-34_rlcontrolJayNetv1.0) by extension 'python_setup_py'
[0.614s] Level 1:colcon.colcon_core.package_identification:_identify(saves) by extensions ['ignore', 'ignore_ament_install']
[0.614s] Level 1:colcon.colcon_core.package_identification:_identify(saves) by extension 'ignore'
[0.614s] Level 1:colcon.colcon_core.package_identification:_identify(saves) by extension 'ignore_ament_install'
[0.614s] Level 1:colcon.colcon_core.package_identification:_identify(saves) by extensions ['colcon_pkg']
[0.614s] Level 1:colcon.colcon_core.package_identification:_identify(saves) by extension 'colcon_pkg'
[0.614s] Level 1:colcon.colcon_core.package_identification:_identify(saves) by extensions ['colcon_meta']
[0.614s] Level 1:colcon.colcon_core.package_identification:_identify(saves) by extension 'colcon_meta'
[0.614s] Level 1:colcon.colcon_core.package_identification:_identify(saves) by extensions ['ros']
[0.614s] Level 1:colcon.colcon_core.package_identification:_identify(saves) by extension 'ros'
[0.614s] Level 1:colcon.colcon_core.package_identification:_identify(saves) by extensions ['cmake', 'python']
[0.614s] Level 1:colcon.colcon_core.package_identification:_identify(saves) by extension 'cmake'
[0.614s] Level 1:colcon.colcon_core.package_identification:_identify(saves) by extension 'python'
[0.614s] Level 1:colcon.colcon_core.package_identification:_identify(saves) by extensions ['python_setup_py']
[0.614s] Level 1:colcon.colcon_core.package_identification:_identify(saves) by extension 'python_setup_py'
[0.614s] Level 1:colcon.colcon_core.package_identification:_identify(saves/a2c-JayNetv1.0) by extensions ['ignore', 'ignore_ament_install']
[0.615s] Level 1:colcon.colcon_core.package_identification:_identify(saves/a2c-JayNetv1.0) by extension 'ignore'
[0.615s] Level 1:colcon.colcon_core.package_identification:_identify(saves/a2c-JayNetv1.0) by extension 'ignore_ament_install'
[0.615s] Level 1:colcon.colcon_core.package_identification:_identify(saves/a2c-JayNetv1.0) by extensions ['colcon_pkg']
[0.615s] Level 1:colcon.colcon_core.package_identification:_identify(saves/a2c-JayNetv1.0) by extension 'colcon_pkg'
[0.615s] Level 1:colcon.colcon_core.package_identification:_identify(saves/a2c-JayNetv1.0) by extensions ['colcon_meta']
[0.615s] Level 1:colcon.colcon_core.package_identification:_identify(saves/a2c-JayNetv1.0) by extension 'colcon_meta'
[0.615s] Level 1:colcon.colcon_core.package_identification:_identify(saves/a2c-JayNetv1.0) by extensions ['ros']
[0.615s] Level 1:colcon.colcon_core.package_identification:_identify(saves/a2c-JayNetv1.0) by extension 'ros'
[0.615s] Level 1:colcon.colcon_core.package_identification:_identify(saves/a2c-JayNetv1.0) by extensions ['cmake', 'python']
[0.615s] Level 1:colcon.colcon_core.package_identification:_identify(saves/a2c-JayNetv1.0) by extension 'cmake'
[0.615s] Level 1:colcon.colcon_core.package_identification:_identify(saves/a2c-JayNetv1.0) by extension 'python'
[0.615s] Level 1:colcon.colcon_core.package_identification:_identify(saves/a2c-JayNetv1.0) by extensions ['python_setup_py']
[0.615s] Level 1:colcon.colcon_core.package_identification:_identify(saves/a2c-JayNetv1.0) by extension 'python_setup_py'
[0.615s] Level 1:colcon.colcon_core.package_discovery:discover_packages(recursive) using defaults
[0.615s] Level 1:colcon.colcon_core.package_discovery:discover_packages(ignore) discover
[0.616s] Level 1:colcon.colcon_core.package_discovery:discover_packages(ignore) using defaults
[0.616s] Level 1:colcon.colcon_core.package_discovery:discover_packages(path) discover
[0.616s] Level 1:colcon.colcon_core.package_discovery:discover_packages(path) using defaults
[0.647s] Level 1:colcon.colcon_core.package_discovery:discover_packages(prefix_path) check parameters
[0.647s] Level 1:colcon.colcon_core.package_discovery:discover_packages(prefix_path) discover
[0.651s] DEBUG:colcon.colcon_installed_package_information.package_discovery:Found 2 installed packages in /home/rlcontrol/jay_ws/install
[0.653s] DEBUG:colcon.colcon_installed_package_information.package_discovery:Found 270 installed packages in /opt/ros/humble
[0.654s] Level 1:colcon.colcon_core.package_discovery:discover_packages(prefix_path) using defaults
[0.735s] Level 5:colcon.colcon_core.verb:set package 'rl_custom_messages' build argument 'cmake_args' from command line to 'None'
[0.735s] Level 5:colcon.colcon_core.verb:set package 'rl_custom_messages' build argument 'cmake_target' from command line to 'None'
[0.735s] Level 5:colcon.colcon_core.verb:set package 'rl_custom_messages' build argument 'cmake_target_skip_unavailable' from command line to 'False'
[0.735s] Level 5:colcon.colcon_core.verb:set package 'rl_custom_messages' build argument 'cmake_clean_cache' from command line to 'False'
[0.735s] Level 5:colcon.colcon_core.verb:set package 'rl_custom_messages' build argument 'cmake_clean_first' from command line to 'False'
[0.735s] Level 5:colcon.colcon_core.verb:set package 'rl_custom_messages' build argument 'cmake_force_configure' from command line to 'False'
[0.735s] Level 5:colcon.colcon_core.verb:set package 'rl_custom_messages' build argument 'ament_cmake_args' from command line to 'None'
[0.735s] Level 5:colcon.colcon_core.verb:set package 'rl_custom_messages' build argument 'catkin_cmake_args' from command line to 'None'
[0.736s] Level 5:colcon.colcon_core.verb:set package 'rl_custom_messages' build argument 'catkin_skip_building_tests' from command line to 'False'
[0.736s] DEBUG:colcon.colcon_core.verb:Building package 'rl_custom_messages' with the following arguments: {'ament_cmake_args': None, 'build_base': '/home/rlcontrol/jay_ws/build/rl_custom_messages', 'catkin_cmake_args': None, 'catkin_skip_building_tests': False, 'cmake_args': None, 'cmake_clean_cache': False, 'cmake_clean_first': False, 'cmake_force_configure': False, 'cmake_target': None, 'cmake_target_skip_unavailable': False, 'install_base': '/home/rlcontrol/jay_ws/install/rl_custom_messages', 'merge_install': False, 'path': '/home/rlcontrol/jay_ws/rl_custom_messages', 'symlink_install': True, 'test_result_base': None}
[0.737s] Level 5:colcon.colcon_core.verb:set package 'jaybot' build argument 'cmake_args' from command line to 'None'
[0.737s] Level 5:colcon.colcon_core.verb:set package 'jaybot' build argument 'cmake_target' from command line to 'None'
[0.737s] Level 5:colcon.colcon_core.verb:set package 'jaybot' build argument 'cmake_target_skip_unavailable' from command line to 'False'
[0.737s] Level 5:colcon.colcon_core.verb:set package 'jaybot' build argument 'cmake_clean_cache' from command line to 'False'
[0.737s] Level 5:colcon.colcon_core.verb:set package 'jaybot' build argument 'cmake_clean_first' from command line to 'False'
[0.737s] Level 5:colcon.colcon_core.verb:set package 'jaybot' build argument 'cmake_force_configure' from command line to 'False'
[0.737s] Level 5:colcon.colcon_core.verb:set package 'jaybot' build argument 'ament_cmake_args' from command line to 'None'
[0.737s] Level 5:colcon.colcon_core.verb:set package 'jaybot' build argument 'catkin_cmake_args' from command line to 'None'
[0.737s] Level 5:colcon.colcon_core.verb:set package 'jaybot' build argument 'catkin_skip_building_tests' from command line to 'False'
[0.737s] DEBUG:colcon.colcon_core.verb:Building package 'jaybot' with the following arguments: {'ament_cmake_args': None, 'build_base': '/home/rlcontrol/jay_ws/build/jaybot', 'catkin_cmake_args': None, 'catkin_skip_building_tests': False, 'cmake_args': None, 'cmake_clean_cache': False, 'cmake_clean_first': False, 'cmake_force_configure': False, 'cmake_target': None, 'cmake_target_skip_unavailable': False, 'install_base': '/home/rlcontrol/jay_ws/install/jaybot', 'merge_install': False, 'path': '/home/rlcontrol/jay_ws/jaybot', 'symlink_install': True, 'test_result_base': None}
[0.738s] INFO:colcon.colcon_core.executor:Executing jobs using 'parallel' executor
[0.742s] DEBUG:colcon.colcon_parallel_executor.executor.parallel:run_until_complete
[0.743s] INFO:colcon.colcon_ros.task.ament_cmake.build:Building ROS package in '/home/rlcontrol/jay_ws/rl_custom_messages' with build type 'ament_cmake'
[0.743s] INFO:colcon.colcon_cmake.task.cmake.build:Building CMake package in '/home/rlcontrol/jay_ws/rl_custom_messages'
[0.749s] INFO:colcon.colcon_core.plugin_system:Skipping extension 'colcon_core.shell.bat': Not used on non-Windows systems
[0.749s] INFO:colcon.colcon_core.shell:Skip shell extension 'powershell' for command environment: Not usable outside of PowerShell
[0.749s] DEBUG:colcon.colcon_core.shell:Skip shell extension 'dsv' for command environment
[0.765s] DEBUG:colcon.colcon_core.event_handler.log_command:Invoking command in '/home/rlcontrol/jay_ws/build/rl_custom_messages': CMAKE_PREFIX_PATH=${CMAKE_PREFIX_PATH}:/opt/ros/humble /home/rlcontrol/.local/bin/cmake --build /home/rlcontrol/jay_ws/build/rl_custom_messages -- -j6 -l6
[1.299s] DEBUG:colcon.colcon_core.event_handler.log_command:Invoked command in '/home/rlcontrol/jay_ws/build/rl_custom_messages' returned '0': CMAKE_PREFIX_PATH=${CMAKE_PREFIX_PATH}:/opt/ros/humble /home/rlcontrol/.local/bin/cmake --build /home/rlcontrol/jay_ws/build/rl_custom_messages -- -j6 -l6
[1.602s] DEBUG:colcon.colcon_core.event_handler.log_command:Invoking command in '/home/rlcontrol/jay_ws/build/rl_custom_messages': CMAKE_PREFIX_PATH=${CMAKE_PREFIX_PATH}:/opt/ros/humble /home/rlcontrol/.local/bin/cmake --install /home/rlcontrol/jay_ws/build/rl_custom_messages
[1.756s] Level 1:colcon.colcon_core.environment:create_environment_scripts_only(rl_custom_messages)
[1.757s] DEBUG:colcon.colcon_core.event_handler.log_command:Invoked command in '/home/rlcontrol/jay_ws/build/rl_custom_messages' returned '0': CMAKE_PREFIX_PATH=${CMAKE_PREFIX_PATH}:/opt/ros/humble /home/rlcontrol/.local/bin/cmake --install /home/rlcontrol/jay_ws/build/rl_custom_messages
[1.764s] Level 1:colcon.colcon_core.environment:checking '/home/rlcontrol/jay_ws/install/rl_custom_messages' for CMake module files
[1.765s] Level 1:colcon.colcon_core.environment:checking '/home/rlcontrol/jay_ws/install/rl_custom_messages' for CMake config files
[1.766s] Level 1:colcon.colcon_core.shell:create_environment_hook('rl_custom_messages', 'cmake_prefix_path')
[1.770s] INFO:colcon.colcon_core.shell:Creating environment hook '/home/rlcontrol/jay_ws/install/rl_custom_messages/share/rl_custom_messages/hook/cmake_prefix_path.ps1'
[1.771s] INFO:colcon.colcon_core.shell:Creating environment descriptor '/home/rlcontrol/jay_ws/install/rl_custom_messages/share/rl_custom_messages/hook/cmake_prefix_path.dsv'
[1.772s] INFO:colcon.colcon_core.shell:Creating environment hook '/home/rlcontrol/jay_ws/install/rl_custom_messages/share/rl_custom_messages/hook/cmake_prefix_path.sh'
[1.774s] Level 1:colcon.colcon_core.environment:checking '/home/rlcontrol/jay_ws/install/rl_custom_messages/lib'
[1.774s] Level 1:colcon.colcon_core.shell:create_environment_hook('rl_custom_messages', 'ld_library_path_lib')
[1.778s] INFO:colcon.colcon_core.shell:Creating environment hook '/home/rlcontrol/jay_ws/install/rl_custom_messages/share/rl_custom_messages/hook/ld_library_path_lib.ps1'
[1.779s] INFO:colcon.colcon_core.shell:Creating environment descriptor '/home/rlcontrol/jay_ws/install/rl_custom_messages/share/rl_custom_messages/hook/ld_library_path_lib.dsv'
[1.780s] INFO:colcon.colcon_core.shell:Creating environment hook '/home/rlcontrol/jay_ws/install/rl_custom_messages/share/rl_custom_messages/hook/ld_library_path_lib.sh'
[1.781s] Level 1:colcon.colcon_core.environment:checking '/home/rlcontrol/jay_ws/install/rl_custom_messages/bin'
[1.781s] Level 1:colcon.colcon_core.environment:checking '/home/rlcontrol/jay_ws/install/rl_custom_messages/lib/pkgconfig/rl_custom_messages.pc'
[1.781s] Level 1:colcon.colcon_core.environment:checking '/home/rlcontrol/jay_ws/install/rl_custom_messages/lib/python3.10/site-packages'
[1.781s] Level 1:colcon.colcon_core.environment:checking '/home/rlcontrol/jay_ws/install/rl_custom_messages/bin'
[1.784s] INFO:colcon.colcon_core.shell:Creating package script '/home/rlcontrol/jay_ws/install/rl_custom_messages/share/rl_custom_messages/package.ps1'
[1.786s] INFO:colcon.colcon_core.shell:Creating package descriptor '/home/rlcontrol/jay_ws/install/rl_custom_messages/share/rl_custom_messages/package.dsv'
[1.787s] INFO:colcon.colcon_core.shell:Creating package script '/home/rlcontrol/jay_ws/install/rl_custom_messages/share/rl_custom_messages/package.sh'
[1.788s] INFO:colcon.colcon_core.shell:Creating package script '/home/rlcontrol/jay_ws/install/rl_custom_messages/share/rl_custom_messages/package.bash'
[1.790s] INFO:colcon.colcon_core.shell:Creating package script '/home/rlcontrol/jay_ws/install/rl_custom_messages/share/rl_custom_messages/package.zsh'
[1.791s] Level 1:colcon.colcon_core.environment:create_file_with_runtime_dependencies(/home/rlcontrol/jay_ws/install/rl_custom_messages/share/colcon-core/packages/rl_custom_messages)
[2.050s] Level 1:colcon.colcon_core.environment:create_environment_scripts_only(rl_custom_messages)
[2.054s] Level 1:colcon.colcon_core.environment:checking '/home/rlcontrol/jay_ws/install/rl_custom_messages' for CMake module files
[2.055s] Level 1:colcon.colcon_core.environment:checking '/home/rlcontrol/jay_ws/install/rl_custom_messages' for CMake config files
[2.056s] Level 1:colcon.colcon_core.shell:create_environment_hook('rl_custom_messages', 'cmake_prefix_path')
[2.058s] INFO:colcon.colcon_core.shell:Creating environment hook '/home/rlcontrol/jay_ws/install/rl_custom_messages/share/rl_custom_messages/hook/cmake_prefix_path.ps1'
[2.059s] INFO:colcon.colcon_core.shell:Creating environment descriptor '/home/rlcontrol/jay_ws/install/rl_custom_messages/share/rl_custom_messages/hook/cmake_prefix_path.dsv'
[2.060s] INFO:colcon.colcon_core.shell:Creating environment hook '/home/rlcontrol/jay_ws/install/rl_custom_messages/share/rl_custom_messages/hook/cmake_prefix_path.sh'
[2.061s] Level 1:colcon.colcon_core.environment:checking '/home/rlcontrol/jay_ws/install/rl_custom_messages/lib'
[2.061s] Level 1:colcon.colcon_core.shell:create_environment_hook('rl_custom_messages', 'ld_library_path_lib')
[2.063s] INFO:colcon.colcon_core.shell:Creating environment hook '/home/rlcontrol/jay_ws/install/rl_custom_messages/share/rl_custom_messages/hook/ld_library_path_lib.ps1'
[2.064s] INFO:colcon.colcon_core.shell:Creating environment descriptor '/home/rlcontrol/jay_ws/install/rl_custom_messages/share/rl_custom_messages/hook/ld_library_path_lib.dsv'
[2.065s] INFO:colcon.colcon_core.shell:Creating environment hook '/home/rlcontrol/jay_ws/install/rl_custom_messages/share/rl_custom_messages/hook/ld_library_path_lib.sh'
[2.065s] Level 1:colcon.colcon_core.environment:checking '/home/rlcontrol/jay_ws/install/rl_custom_messages/bin'
[2.065s] Level 1:colcon.colcon_core.environment:checking '/home/rlcontrol/jay_ws/install/rl_custom_messages/lib/pkgconfig/rl_custom_messages.pc'
[2.066s] Level 1:colcon.colcon_core.environment:checking '/home/rlcontrol/jay_ws/install/rl_custom_messages/lib/python3.10/site-packages'
[2.066s] Level 1:colcon.colcon_core.environment:checking '/home/rlcontrol/jay_ws/install/rl_custom_messages/bin'
[2.068s] INFO:colcon.colcon_core.shell:Creating package script '/home/rlcontrol/jay_ws/install/rl_custom_messages/share/rl_custom_messages/package.ps1'
[2.069s] INFO:colcon.colcon_core.shell:Creating package descriptor '/home/rlcontrol/jay_ws/install/rl_custom_messages/share/rl_custom_messages/package.dsv'
[2.070s] INFO:colcon.colcon_core.shell:Creating package script '/home/rlcontrol/jay_ws/install/rl_custom_messages/share/rl_custom_messages/package.sh'
[2.071s] INFO:colcon.colcon_core.shell:Creating package script '/home/rlcontrol/jay_ws/install/rl_custom_messages/share/rl_custom_messages/package.bash'
[2.072s] INFO:colcon.colcon_core.shell:Creating package script '/home/rlcontrol/jay_ws/install/rl_custom_messages/share/rl_custom_messages/package.zsh'
[2.072s] Level 1:colcon.colcon_core.environment:create_file_with_runtime_dependencies(/home/rlcontrol/jay_ws/install/rl_custom_messages/share/colcon-core/packages/rl_custom_messages)
[2.073s] INFO:colcon.colcon_ros.task.ament_cmake.build:Building ROS package in '/home/rlcontrol/jay_ws/jaybot' with build type 'ament_cmake'
[2.073s] INFO:colcon.colcon_cmake.task.cmake.build:Building CMake package in '/home/rlcontrol/jay_ws/jaybot'
[2.075s] INFO:colcon.colcon_core.shell:Skip shell extension 'powershell' for command environment: Not usable outside of PowerShell
[2.076s] DEBUG:colcon.colcon_core.shell:Skip shell extension 'dsv' for command environment
[2.097s] DEBUG:colcon.colcon_core.event_handler.log_command:Invoking command in '/home/rlcontrol/jay_ws/build/jaybot': CMAKE_PREFIX_PATH=/home/rlcontrol/jay_ws/install/rl_custom_messages:/home/rlcontrol/jay_ws/install/jaybot:/opt/ros/humble /home/rlcontrol/.local/bin/cmake --build /home/rlcontrol/jay_ws/build/jaybot -- -j6 -l6
[2.623s] DEBUG:colcon.colcon_core.event_handler.log_command:Invoked command in '/home/rlcontrol/jay_ws/build/jaybot' returned '2': CMAKE_PREFIX_PATH=/home/rlcontrol/jay_ws/install/rl_custom_messages:/home/rlcontrol/jay_ws/install/jaybot:/opt/ros/humble /home/rlcontrol/.local/bin/cmake --build /home/rlcontrol/jay_ws/build/jaybot -- -j6 -l6
[2.710s] Level 1:colcon.colcon_core.environment:create_environment_scripts_only(jaybot)
[2.713s] Level 1:colcon.colcon_core.environment:checking '/home/rlcontrol/jay_ws/install/jaybot' for CMake module files
[2.714s] Level 1:colcon.colcon_core.environment:checking '/home/rlcontrol/jay_ws/install/jaybot' for CMake config files
[2.714s] Level 1:colcon.colcon_core.shell:create_environment_hook('jaybot', 'cmake_prefix_path')
[2.716s] INFO:colcon.colcon_core.shell:Creating environment hook '/home/rlcontrol/jay_ws/install/jaybot/share/jaybot/hook/cmake_prefix_path.ps1'
[2.717s] INFO:colcon.colcon_core.shell:Creating environment descriptor '/home/rlcontrol/jay_ws/install/jaybot/share/jaybot/hook/cmake_prefix_path.dsv'
[2.717s] INFO:colcon.colcon_core.shell:Creating environment hook '/home/rlcontrol/jay_ws/install/jaybot/share/jaybot/hook/cmake_prefix_path.sh'
[2.718s] Level 1:colcon.colcon_core.environment:checking '/home/rlcontrol/jay_ws/install/jaybot/lib'
[2.718s] Level 1:colcon.colcon_core.environment:checking '/home/rlcontrol/jay_ws/install/jaybot/bin'
[2.718s] Level 1:colcon.colcon_core.environment:checking '/home/rlcontrol/jay_ws/install/jaybot/lib/pkgconfig/jaybot.pc'
[2.718s] Level 1:colcon.colcon_core.environment:checking '/home/rlcontrol/jay_ws/install/jaybot/lib/python3.10/site-packages'
[2.719s] Level 1:colcon.colcon_core.environment:checking '/home/rlcontrol/jay_ws/install/jaybot/bin'
[2.721s] INFO:colcon.colcon_core.shell:Creating package script '/home/rlcontrol/jay_ws/install/jaybot/share/jaybot/package.ps1'
[2.721s] INFO:colcon.colcon_core.shell:Creating package descriptor '/home/rlcontrol/jay_ws/install/jaybot/share/jaybot/package.dsv'
[2.722s] INFO:colcon.colcon_core.shell:Creating package script '/home/rlcontrol/jay_ws/install/jaybot/share/jaybot/package.sh'
[2.723s] INFO:colcon.colcon_core.shell:Creating package script '/home/rlcontrol/jay_ws/install/jaybot/share/jaybot/package.bash'
[2.723s] INFO:colcon.colcon_core.shell:Creating package script '/home/rlcontrol/jay_ws/install/jaybot/share/jaybot/package.zsh'
[2.724s] Level 1:colcon.colcon_core.environment:create_file_with_runtime_dependencies(/home/rlcontrol/jay_ws/install/jaybot/share/colcon-core/packages/jaybot)
[2.735s] DEBUG:colcon.colcon_parallel_executor.executor.parallel:closing loop
[2.735s] DEBUG:colcon.colcon_parallel_executor.executor.parallel:loop closed
[2.735s] DEBUG:colcon.colcon_parallel_executor.executor.parallel:run_until_complete finished with '2'
[2.735s] DEBUG:colcon.colcon_core.event_reactor:joining thread
[2.742s] INFO:colcon.colcon_core.plugin_system:Skipping extension 'colcon_notification.desktop_notification.terminal_notifier': Not used on non-Darwin systems
[2.742s] INFO:colcon.colcon_core.plugin_system:Skipping extension 'colcon_notification.desktop_notification.win32': Not used on non-Windows systems
[2.742s] INFO:colcon.colcon_notification.desktop_notification:Sending desktop notification using 'notify2'
[2.760s] DEBUG:colcon.colcon_core.event_reactor:joined thread
[2.762s] INFO:colcon.colcon_core.shell:Creating prefix script '/home/rlcontrol/jay_ws/install/local_setup.ps1'
[2.763s] INFO:colcon.colcon_core.shell:Creating prefix util module '/home/rlcontrol/jay_ws/install/_local_setup_util_ps1.py'
[2.765s] INFO:colcon.colcon_core.shell:Creating prefix chain script '/home/rlcontrol/jay_ws/install/setup.ps1'
[2.767s] INFO:colcon.colcon_core.shell:Creating prefix script '/home/rlcontrol/jay_ws/install/local_setup.sh'
[2.768s] INFO:colcon.colcon_core.shell:Creating prefix util module '/home/rlcontrol/jay_ws/install/_local_setup_util_sh.py'
[2.769s] INFO:colcon.colcon_core.shell:Creating prefix chain script '/home/rlcontrol/jay_ws/install/setup.sh'
[2.771s] INFO:colcon.colcon_core.shell:Creating prefix script '/home/rlcontrol/jay_ws/install/local_setup.bash'
[2.772s] INFO:colcon.colcon_core.shell:Creating prefix chain script '/home/rlcontrol/jay_ws/install/setup.bash'
[2.774s] INFO:colcon.colcon_core.shell:Creating prefix script '/home/rlcontrol/jay_ws/install/local_setup.zsh'
[2.774s] INFO:colcon.colcon_core.shell:Creating prefix chain script '/home/rlcontrol/jay_ws/install/setup.zsh'
