[0.014s] Invoking command in '/home/rlcontrol/jay_ws/build/jaybot': AMENT_PREFIX_PATH=/home/rlcontrol/jay_ws/install/rl_custom_messages:${AMENT_PREFIX_PATH} CMAKE_PREFIX_PATH=/home/rlcontrol/jay_ws/install/rl_custom_messages:/opt/ros/humble LD_LIBRARY_PATH=/home/rlcontrol/jay_ws/install/rl_custom_messages/lib:${LD_LIBRARY_PATH} PYTHONPATH=/home/rlcontrol/jay_ws/install/rl_custom_messages/local/lib/python3.10/dist-packages:${PYTHONPATH} /home/rlcontrol/.local/bin/cmake --build /home/rlcontrol/jay_ws/build/jaybot -- -j6 -l6
[0.096s] [ 16%] Built target range_publisher
[0.096s] [ 33%] Built target motor_controller
[0.098s] [ 50%] Built target microphone_publisher
[0.103s] [ 66%] Built target camera_publisher
[0.103s] [ 83%] Built target image_debugger
[0.115s] [ 91%] [32mBuilding CXX object CMakeFiles/rl_server.dir/src/rl_server.cpp.o[0m
[0.121s] [ 91%] Built target ament_cmake_python_symlink_jaybot
[0.428s] running egg_info
[0.429s] writing jaybot.egg-info/PKG-INFO
[0.429s] writing dependency_links to jaybot.egg-info/dependency_links.txt
[0.429s] writing top-level names to jaybot.egg-info/top_level.txt
[0.432s] reading manifest file 'jaybot.egg-info/SOURCES.txt'
[0.433s] writing manifest file 'jaybot.egg-info/SOURCES.txt'
[0.453s] [ 91%] Built target ament_cmake_python_build_jaybot_egg
[3.718s] [01m[K/home/rlcontrol/jay_ws/jaybot/src/rl_server.cpp:[m[K In member function ‘[01m[Kvoid RangeSubscriber::service_callback(std::shared_ptr<rl_custom_messages::srv::ObservationService_Request_<std::allocator<void> > >, std::shared_ptr<rl_custom_messages::srv::ObservationService_Response_<std::allocator<void> > >)[m[K’:
[3.718s] [01m[K/home/rlcontrol/jay_ws/jaybot/src/rl_server.cpp:41:24:[m[K [01;31m[Kerror: [m[K‘[01m[Kusing element_type = struct rl_custom_messages::srv::ObservationService_Request_<std::allocator<void> >[m[K’ {aka ‘[01m[Kstruct rl_custom_messages::srv::ObservationService_Request_<std::allocator<void> >[m[K’} has no member named ‘[01m[Kmotor_action[m[K’; did you mean ‘[01m[Ksound_action[m[K’?
[3.718s]    41 |     std::copy(request->[01;31m[Kmotor_action[m[K.begin(), request->motor_action.end(), std::back_inserter(motor_commands.commands));
[3.718s]       |                        [01;31m[K^~~~~~~~~~~~[m[K
[3.719s]       |                        [32m[Ksound_action[m[K
[3.719s] [01m[K/home/rlcontrol/jay_ws/jaybot/src/rl_server.cpp:41:55:[m[K [01;31m[Kerror: [m[K‘[01m[Kusing element_type = struct rl_custom_messages::srv::ObservationService_Request_<std::allocator<void> >[m[K’ {aka ‘[01m[Kstruct rl_custom_messages::srv::ObservationService_Request_<std::allocator<void> >[m[K’} has no member named ‘[01m[Kmotor_action[m[K’; did you mean ‘[01m[Ksound_action[m[K’?
[3.719s]    41 |     std::copy(request->motor_action.begin(), request->[01;31m[Kmotor_action[m[K.end(), std::back_inserter(motor_commands.commands));
[3.719s]       |                                                       [01;31m[K^~~~~~~~~~~~[m[K
[3.719s]       |                                                       [32m[Ksound_action[m[K
[3.807s] [01m[K/home/rlcontrol/jay_ws/jaybot/src/rl_server.cpp:[m[K In member function ‘[01m[Kvoid ImageServer::service_callback(std::shared_ptr<rl_custom_messages::srv::ImageService_Request_<std::allocator<void> > >, std::shared_ptr<rl_custom_messages::srv::ImageService_Response_<std::allocator<void> > >)[m[K’:
[3.807s] [01m[K/home/rlcontrol/jay_ws/jaybot/src/rl_server.cpp:94:79:[m[K [01;35m[Kwarning: [m[Kunused parameter ‘[01m[Krequest[m[K’ [[01;35m[K]8;;https://gcc.gnu.org/onlinedocs/gcc/Warning-Options.html#index-Wunused-parameter-Wunused-parameter]8;;[m[K]
[3.807s]    94 |         [01;35m[Kconst std::shared_ptr<rl_custom_messages::srv::ImageService::Request> request[m[K,
[3.807s]       |         [01;35m[K~~~~~~~~~~~~~~~~~~~~~~~~~~~~~~~~~~~~~~~~~~~~~~~~~~~~~~~~~~~~~~~~~~~~~~^~~~~~~[m[K
[3.864s] [01m[K/home/rlcontrol/jay_ws/jaybot/src/rl_server.cpp:[m[K In member function ‘[01m[Kvoid AudioReceiverSubscriber::topic_callback(sensor_msgs::msg::Image_<std::allocator<void> >::SharedPtr) const[m[K’:
[3.864s] [01m[K/home/rlcontrol/jay_ws/jaybot/src/rl_server.cpp:116:66:[m[K [01;35m[Kwarning: [m[Kunused parameter ‘[01m[Kmsg[m[K’ [[01;35m[K]8;;https://gcc.gnu.org/onlinedocs/gcc/Warning-Options.html#index-Wunused-parameter-Wunused-parameter]8;;[m[K]
[3.864s]   116 |     void topic_callback([01;35m[Kconst sensor_msgs::msg::Image::SharedPtr msg[m[K) const
[3.864s]       |                         [01;35m[K~~~~~~~~~~~~~~~~~~~~~~~~~~~~~~~~~~~~~~~~~^~~[m[K
[10.301s] gmake[2]: *** [CMakeFiles/rl_server.dir/build.make:76: CMakeFiles/rl_server.dir/src/rl_server.cpp.o] Error 1
[10.301s] gmake[1]: *** [CMakeFiles/Makefile2:254: CMakeFiles/rl_server.dir/all] Error 2
[10.302s] gmake: *** [Makefile:146: all] Error 2
[10.308s] Invoked command in '/home/rlcontrol/jay_ws/build/jaybot' returned '2': AMENT_PREFIX_PATH=/home/rlcontrol/jay_ws/install/rl_custom_messages:${AMENT_PREFIX_PATH} CMAKE_PREFIX_PATH=/home/rlcontrol/jay_ws/install/rl_custom_messages:/opt/ros/humble LD_LIBRARY_PATH=/home/rlcontrol/jay_ws/install/rl_custom_messages/lib:${LD_LIBRARY_PATH} PYTHONPATH=/home/rlcontrol/jay_ws/install/rl_custom_messages/local/lib/python3.10/dist-packages:${PYTHONPATH} /home/rlcontrol/.local/bin/cmake --build /home/rlcontrol/jay_ws/build/jaybot -- -j6 -l6
