[0.012s] Invoking command in '/home/rlcontrol/jay_ws/build/jaybot': CMAKE_PREFIX_PATH=/home/rlcontrol/jay_ws/install/rl_custom_messages:/home/rlcontrol/jay_ws/install/jaybot:/opt/ros/humble /home/rlcontrol/.local/bin/cmake --build /home/rlcontrol/jay_ws/build/jaybot -- -j6 -l6
[0.055s] [  0%] Built target ament_cmake_python_copy_jaybot
[0.056s] [ 50%] Built target range_publisher
[0.056s] [100%] Built target rl_server
[0.267s] running egg_info
[0.267s] writing jaybot.egg-info/PKG-INFO
[0.267s] writing dependency_links to jaybot.egg-info/dependency_links.txt
[0.268s] writing top-level names to jaybot.egg-info/top_level.txt
[0.269s] reading manifest file 'jaybot.egg-info/SOURCES.txt'
[0.270s] writing manifest file 'jaybot.egg-info/SOURCES.txt'
[0.287s] [100%] Built target ament_cmake_python_build_jaybot_egg
[0.294s] Invoked command in '/home/rlcontrol/jay_ws/build/jaybot' returned '0': CMAKE_PREFIX_PATH=/home/rlcontrol/jay_ws/install/rl_custom_messages:/home/rlcontrol/jay_ws/install/jaybot:/opt/ros/humble /home/rlcontrol/.local/bin/cmake --build /home/rlcontrol/jay_ws/build/jaybot -- -j6 -l6
[0.350s] Invoking command in '/home/rlcontrol/jay_ws/build/jaybot': CMAKE_PREFIX_PATH=/home/rlcontrol/jay_ws/install/rl_custom_messages:/home/rlcontrol/jay_ws/install/jaybot:/opt/ros/humble /home/rlcontrol/.local/bin/cmake --install /home/rlcontrol/jay_ws/build/jaybot
[0.371s] -- Install configuration: ""
[0.372s] -- Up-to-date: /home/rlcontrol/jay_ws/install/jaybot/lib/jaybot/range_publisher
[0.372s] -- Up-to-date: /home/rlcontrol/jay_ws/install/jaybot/lib/jaybot/rl_server
[0.372s] -- Up-to-date: /home/rlcontrol/jay_ws/install/jaybot/include
[0.372s] -- Up-to-date: /home/rlcontrol/jay_ws/install/jaybot/include/jaybot
[0.372s] -- Up-to-date: /home/rlcontrol/jay_ws/install/jaybot/include/jaybot/RangeSensor.h
[0.373s] -- Up-to-date: /home/rlcontrol/jay_ws/install/jaybot/share/jaybot/environment/pythonpath.sh
[0.373s] -- Up-to-date: /home/rlcontrol/jay_ws/install/jaybot/share/jaybot/environment/pythonpath.dsv
[0.373s] -- Up-to-date: /home/rlcontrol/jay_ws/install/jaybot/local/lib/python3.10/dist-packages/jaybot-0.0.0-py3.10.egg-info
[0.373s] -- Installing: /home/rlcontrol/jay_ws/install/jaybot/local/lib/python3.10/dist-packages/jaybot-0.0.0-py3.10.egg-info/top_level.txt
[0.373s] -- Installing: /home/rlcontrol/jay_ws/install/jaybot/local/lib/python3.10/dist-packages/jaybot-0.0.0-py3.10.egg-info/dependency_links.txt
[0.373s] -- Installing: /home/rlcontrol/jay_ws/install/jaybot/local/lib/python3.10/dist-packages/jaybot-0.0.0-py3.10.egg-info/PKG-INFO
[0.373s] -- Installing: /home/rlcontrol/jay_ws/install/jaybot/local/lib/python3.10/dist-packages/jaybot-0.0.0-py3.10.egg-info/SOURCES.txt
[0.373s] -- Up-to-date: /home/rlcontrol/jay_ws/install/jaybot/local/lib/python3.10/dist-packages/jaybot
[0.373s] -- Up-to-date: /home/rlcontrol/jay_ws/install/jaybot/local/lib/python3.10/dist-packages/jaybot/__init__.py
[0.398s] Listing '/home/rlcontrol/jay_ws/install/jaybot/local/lib/python3.10/dist-packages/jaybot'...
[0.401s] -- Installing: /home/rlcontrol/jay_ws/install/jaybot/lib/jaybot/rl_mind.py
[0.402s] -- Up-to-date: /home/rlcontrol/jay_ws/install/jaybot/share/ament_index/resource_index/package_run_dependencies/jaybot
[0.402s] -- Up-to-date: /home/rlcontrol/jay_ws/install/jaybot/share/ament_index/resource_index/parent_prefix_path/jaybot
[0.402s] -- Up-to-date: /home/rlcontrol/jay_ws/install/jaybot/share/jaybot/environment/ament_prefix_path.sh
[0.402s] -- Up-to-date: /home/rlcontrol/jay_ws/install/jaybot/share/jaybot/environment/ament_prefix_path.dsv
[0.402s] -- Up-to-date: /home/rlcontrol/jay_ws/install/jaybot/share/jaybot/environment/path.sh
[0.402s] -- Up-to-date: /home/rlcontrol/jay_ws/install/jaybot/share/jaybot/environment/path.dsv
[0.402s] -- Up-to-date: /home/rlcontrol/jay_ws/install/jaybot/share/jaybot/local_setup.bash
[0.402s] -- Up-to-date: /home/rlcontrol/jay_ws/install/jaybot/share/jaybot/local_setup.sh
[0.402s] -- Up-to-date: /home/rlcontrol/jay_ws/install/jaybot/share/jaybot/local_setup.zsh
[0.402s] -- Up-to-date: /home/rlcontrol/jay_ws/install/jaybot/share/jaybot/local_setup.dsv
[0.402s] -- Up-to-date: /home/rlcontrol/jay_ws/install/jaybot/share/jaybot/package.dsv
[0.403s] -- Up-to-date: /home/rlcontrol/jay_ws/install/jaybot/share/ament_index/resource_index/packages/jaybot
[0.403s] -- Up-to-date: /home/rlcontrol/jay_ws/install/jaybot/share/jaybot/cmake/ament_cmake_export_dependencies-extras.cmake
[0.403s] -- Up-to-date: /home/rlcontrol/jay_ws/install/jaybot/share/jaybot/cmake/jaybotConfig.cmake
[0.403s] -- Up-to-date: /home/rlcontrol/jay_ws/install/jaybot/share/jaybot/cmake/jaybotConfig-version.cmake
[0.403s] -- Up-to-date: /home/rlcontrol/jay_ws/install/jaybot/share/jaybot/package.xml
[0.408s] Invoked command in '/home/rlcontrol/jay_ws/build/jaybot' returned '0': CMAKE_PREFIX_PATH=/home/rlcontrol/jay_ws/install/rl_custom_messages:/home/rlcontrol/jay_ws/install/jaybot:/opt/ros/humble /home/rlcontrol/.local/bin/cmake --install /home/rlcontrol/jay_ws/build/jaybot
