[0.010s] Invoking command in '/home/rlagent/jay_ws/build/jaybot': CMAKE_PREFIX_PATH=/home/rlagent/jay_ws/install/rl_custom_messages:/home/rlagent/jay_ws/install/jaybot:/opt/ros/humble /usr/bin/cmake --build /home/rlagent/jay_ws/build/jaybot -- -j2 -l2
[0.033s] -- Found ament_cmake: 1.3.4 (/opt/ros/humble/share/ament_cmake/cmake)
[0.151s] -- Found rclcpp: 16.0.4 (/opt/ros/humble/share/rclcpp/cmake)
[0.174s] -- Found rosidl_generator_c: 3.1.4 (/opt/ros/humble/share/rosidl_generator_c/cmake)
[0.176s] -- Found rosidl_adapter: 3.1.4 (/opt/ros/humble/share/rosidl_adapter/cmake)
[0.181s] -- Found rosidl_generator_cpp: 3.1.4 (/opt/ros/humble/share/rosidl_generator_cpp/cmake)
[0.190s] -- Using all available rosidl_typesupport_c: rosidl_typesupport_fastrtps_c;rosidl_typesupport_introspection_c
[0.204s] -- Using all available rosidl_typesupport_cpp: rosidl_typesupport_fastrtps_cpp;rosidl_typesupport_introspection_cpp
[0.254s] -- Found rmw_implementation_cmake: 6.1.1 (/opt/ros/humble/share/rmw_implementation_cmake/cmake)
[0.255s] -- Found rmw_fastrtps_cpp: 6.2.2 (/opt/ros/humble/share/rmw_fastrtps_cpp/cmake)
[0.345s] -- Using RMW implementation 'rmw_fastrtps_cpp' as default
[0.482s] -- Found rl_custom_messages: 0.0.0 (/home/rlagent/jay_ws/install/rl_custom_messages/share/rl_custom_messages/cmake)
[0.547s] -- Configuring done
[0.557s] -- Generating done
[0.559s] -- Build files have been written to: /home/rlagent/jay_ws/build/jaybot
[0.583s] [35m[1mConsolidate compiler generated dependencies of target range_subscriber[0m
[0.593s] [ 25%] [32mBuilding CXX object CMakeFiles/range_publisher.dir/src/range_publisher.cpp.o[0m
[0.598s] [ 75%] Built target range_subscriber
[2.636s] In file included from [01m[K/home/rlagent/jay_ws/jaybot/src/range_publisher.cpp:10[m[K:
[2.636s] [01m[K/home/rlagent/jay_ws/jaybot/include/jaybot/RangeSensor.h:[m[K In constructor ‘[01m[KRangesensor::Rangesensor(int, int)[m[K’:
[2.636s] [01m[K/home/rlagent/jay_ws/jaybot/include/jaybot/RangeSensor.h:42:19:[m[K [01;31m[Kerror: [m[Ktoo few arguments to function ‘[01m[Kint pigpio_start(const char*, const char*)[m[K’
[2.636s]    42 |   if ([01;31m[Kpigpio_start()[m[K < 0) {
[2.636s]       |       [01;31m[K~~~~~~~~~~~~^~[m[K
[2.636s] In file included from [01m[K/home/rlagent/jay_ws/jaybot/include/jaybot/RangeSensor.h:6[m[K,
[2.636s]                  from [01m[K/home/rlagent/jay_ws/jaybot/src/range_publisher.cpp:10[m[K:
[2.636s] [01m[K/usr/local/include/pigpiod_if2.h:432:5:[m[K [01;36m[Knote: [m[Kdeclared here
[2.636s]   432 | int [01;36m[Kpigpio_start[m[K(const char *addrStr, const char *portStr);
[2.636s]       |     [01;36m[K^~~~~~~~~~~~[m[K
[2.637s] In file included from [01m[K/home/rlagent/jay_ws/jaybot/src/range_publisher.cpp:10[m[K:
[2.637s] [01m[K/home/rlagent/jay_ws/jaybot/include/jaybot/RangeSensor.h:46:11:[m[K [01;31m[Kerror: [m[Ktoo few arguments to function ‘[01m[Kint set_mode(int, unsigned int, unsigned int)[m[K’
[2.637s]    46 |   [01;31m[Kset_mode(trig, PI_OUTPUT)[m[K;
[2.637s]       |   [01;31m[K~~~~~~~~^~~~~~~~~~~~~~~~~[m[K
[2.637s] In file included from [01m[K/home/rlagent/jay_ws/jaybot/include/jaybot/RangeSensor.h:6[m[K,
[2.637s]                  from [01m[K/home/rlagent/jay_ws/jaybot/src/range_publisher.cpp:10[m[K:
[2.637s] [01m[K/usr/local/include/pigpiod_if2.h:467:5:[m[K [01;36m[Knote: [m[Kdeclared here
[2.637s]   467 | int [01;36m[Kset_mode[m[K(int pi, unsigned gpio, unsigned mode);
[2.638s]       |     [01;36m[K^~~~~~~~[m[K
[2.638s] In file included from [01m[K/home/rlagent/jay_ws/jaybot/src/range_publisher.cpp:10[m[K:
[2.638s] [01m[K/home/rlagent/jay_ws/jaybot/include/jaybot/RangeSensor.h:47:11:[m[K [01;31m[Kerror: [m[Ktoo few arguments to function ‘[01m[Kint set_mode(int, unsigned int, unsigned int)[m[K’
[2.638s]    47 |   [01;31m[Kset_mode(echo, PI_INPUT)[m[K;
[2.638s]       |   [01;31m[K~~~~~~~~^~~~~~~~~~~~~~~~[m[K
[2.638s] In file included from [01m[K/home/rlagent/jay_ws/jaybot/include/jaybot/RangeSensor.h:6[m[K,
[2.638s]                  from [01m[K/home/rlagent/jay_ws/jaybot/src/range_publisher.cpp:10[m[K:
[2.638s] [01m[K/usr/local/include/pigpiod_if2.h:467:5:[m[K [01;36m[Knote: [m[Kdeclared here
[2.638s]   467 | int [01;36m[Kset_mode[m[K(int pi, unsigned gpio, unsigned mode);
[2.638s]       |     [01;36m[K^~~~~~~~[m[K
[2.638s] In file included from [01m[K/home/rlagent/jay_ws/jaybot/src/range_publisher.cpp:10[m[K:
[2.639s] [01m[K/home/rlagent/jay_ws/jaybot/include/jaybot/RangeSensor.h:48:13:[m[K [01;31m[Kerror: [m[Ktoo few arguments to function ‘[01m[Kint gpio_write(int, unsigned int, unsigned int)[m[K’
[2.639s]    48 |   [01;31m[Kgpio_write(trig, 0)[m[K;
[2.639s]       |   [01;31m[K~~~~~~~~~~^~~~~~~~~[m[K
[2.639s] In file included from [01m[K/home/rlagent/jay_ws/jaybot/include/jaybot/RangeSensor.h:6[m[K,
[2.639s]                  from [01m[K/home/rlagent/jay_ws/jaybot/src/range_publisher.cpp:10[m[K:
[2.639s] [01m[K/usr/local/include/pigpiod_if2.h:524:5:[m[K [01;36m[Knote: [m[Kdeclared here
[2.639s]   524 | int [01;36m[Kgpio_write[m[K(int pi, unsigned gpio, unsigned level);
[2.639s]       |     [01;36m[K^~~~~~~~~~[m[K
[2.639s] In file included from [01m[K/home/rlagent/jay_ws/jaybot/src/range_publisher.cpp:10[m[K:
[2.640s] [01m[K/home/rlagent/jay_ws/jaybot/include/jaybot/RangeSensor.h:[m[K In member function ‘[01m[Kdouble Rangesensor::Range()[m[K’:
[2.640s] [01m[K/home/rlagent/jay_ws/jaybot/include/jaybot/RangeSensor.h:56:13:[m[K [01;31m[Kerror: [m[Ktoo few arguments to function ‘[01m[Kint gpio_write(int, unsigned int, unsigned int)[m[K’
[2.640s]    56 |   [01;31m[Kgpio_write(trig, 1)[m[K;
[2.640s]       |   [01;31m[K~~~~~~~~~~^~~~~~~~~[m[K
[2.640s] In file included from [01m[K/home/rlagent/jay_ws/jaybot/include/jaybot/RangeSensor.h:6[m[K,
[2.640s]                  from [01m[K/home/rlagent/jay_ws/jaybot/src/range_publisher.cpp:10[m[K:
[2.640s] [01m[K/usr/local/include/pigpiod_if2.h:524:5:[m[K [01;36m[Knote: [m[Kdeclared here
[2.640s]   524 | int [01;36m[Kgpio_write[m[K(int pi, unsigned gpio, unsigned level);
[2.640s]       |     [01;36m[K^~~~~~~~~~[m[K
[2.640s] In file included from [01m[K/home/rlagent/jay_ws/jaybot/src/range_publisher.cpp:10[m[K:
[2.641s] [01m[K/home/rlagent/jay_ws/jaybot/include/jaybot/RangeSensor.h:58:13:[m[K [01;31m[Kerror: [m[Ktoo few arguments to function ‘[01m[Kint gpio_write(int, unsigned int, unsigned int)[m[K’
[2.641s]    58 |   [01;31m[Kgpio_write(trig, 0)[m[K;
[2.641s]       |   [01;31m[K~~~~~~~~~~^~~~~~~~~[m[K
[2.641s] In file included from [01m[K/home/rlagent/jay_ws/jaybot/include/jaybot/RangeSensor.h:6[m[K,
[2.641s]                  from [01m[K/home/rlagent/jay_ws/jaybot/src/range_publisher.cpp:10[m[K:
[2.641s] [01m[K/usr/local/include/pigpiod_if2.h:524:5:[m[K [01;36m[Knote: [m[Kdeclared here
[2.641s]   524 | int [01;36m[Kgpio_write[m[K(int pi, unsigned gpio, unsigned level);
[2.641s]       |     [01;36m[K^~~~~~~~~~[m[K
[2.641s] In file included from [01m[K/home/rlagent/jay_ws/jaybot/src/range_publisher.cpp:10[m[K:
[2.641s] [01m[K/home/rlagent/jay_ws/jaybot/include/jaybot/RangeSensor.h:62:19:[m[K [01;31m[Kerror: [m[Ktoo few arguments to function ‘[01m[Kint gpio_read(int, unsigned int)[m[K’
[2.641s]    62 |   while ([01;31m[Kgpio_read(echo)[m[K == 0) {
[2.641s]       |          [01;31m[K~~~~~~~~~^~~~~~[m[K
[2.641s] In file included from [01m[K/home/rlagent/jay_ws/jaybot/include/jaybot/RangeSensor.h:6[m[K,
[2.641s]                  from [01m[K/home/rlagent/jay_ws/jaybot/src/range_publisher.cpp:10[m[K:
[2.641s] [01m[K/usr/local/include/pigpiod_if2.h:511:5:[m[K [01;36m[Knote: [m[Kdeclared here
[2.641s]   511 | int [01;36m[Kgpio_read[m[K(int pi, unsigned gpio);
[2.641s]       |     [01;36m[K^~~~~~~~~[m[K
[2.643s] In file included from [01m[K/home/rlagent/jay_ws/jaybot/src/range_publisher.cpp:10[m[K:
[2.643s] [01m[K/home/rlagent/jay_ws/jaybot/include/jaybot/RangeSensor.h:71:19:[m[K [01;31m[Kerror: [m[Ktoo few arguments to function ‘[01m[Kint gpio_read(int, unsigned int)[m[K’
[2.643s]    71 |   while ([01;31m[Kgpio_read(echo)[m[K == 1) {
[2.643s]       |          [01;31m[K~~~~~~~~~^~~~~~[m[K
[2.643s] In file included from [01m[K/home/rlagent/jay_ws/jaybot/include/jaybot/RangeSensor.h:6[m[K,
[2.643s]                  from [01m[K/home/rlagent/jay_ws/jaybot/src/range_publisher.cpp:10[m[K:
[2.643s] [01m[K/usr/local/include/pigpiod_if2.h:511:5:[m[K [01;36m[Knote: [m[Kdeclared here
[2.643s]   511 | int [01;36m[Kgpio_read[m[K(int pi, unsigned gpio);
[2.644s]       |     [01;36m[K^~~~~~~~~[m[K
[3.480s] gmake[2]: *** [CMakeFiles/range_publisher.dir/build.make:76: CMakeFiles/range_publisher.dir/src/range_publisher.cpp.o] Error 1
[3.481s] gmake[1]: *** [CMakeFiles/Makefile2:139: CMakeFiles/range_publisher.dir/all] Error 2
[3.481s] gmake: *** [Makefile:146: all] Error 2
[3.483s] Invoked command in '/home/rlagent/jay_ws/build/jaybot' returned '2': CMAKE_PREFIX_PATH=/home/rlagent/jay_ws/install/rl_custom_messages:/home/rlagent/jay_ws/install/jaybot:/opt/ros/humble /usr/bin/cmake --build /home/rlagent/jay_ws/build/jaybot -- -j2 -l2
