[0.379s] DEBUG:colcon:Command line arguments: ['/usr/bin/colcon', 'build']
[0.379s] DEBUG:colcon:Parsed command line arguments: Namespace(log_base=None, log_level=None, verb_name='build', build_base='build', install_base='install', merge_install=False, symlink_install=False, test_result_base=None, continue_on_error=False, executor='parallel', parallel_workers=2, event_handlers=None, ignore_user_meta=False, metas=['./colcon.meta'], base_paths=['.'], packages_ignore=None, packages_ignore_regex=None, paths=None, packages_up_to=None, packages_up_to_regex=None, packages_above=None, packages_above_and_dependencies=None, packages_above_depth=None, packages_select_by_dep=None, packages_skip_by_dep=None, packages_skip_up_to=None, packages_select_build_failed=False, packages_skip_build_finished=False, packages_select_test_failures=False, packages_skip_test_passed=False, packages_select=None, packages_skip=None, packages_select_regex=None, packages_skip_regex=None, packages_start=None, packages_end=None, allow_overriding=[], cmake_args=None, cmake_target=None, cmake_target_skip_unavailable=False, cmake_clean_cache=False, cmake_clean_first=False, cmake_force_configure=False, ament_cmake_args=None, catkin_cmake_args=None, catkin_skip_building_tests=False, verb_parser=<colcon_defaults.argument_parser.defaults.DefaultArgumentsDecorator object at 0x7f76019996f0>, verb_extension=<colcon_core.verb.build.BuildVerb object at 0x7f76021afc10>, main=<bound method BuildVerb.main of <colcon_core.verb.build.BuildVerb object at 0x7f76021afc10>>)
[0.415s] Level 1:colcon.colcon_core.package_discovery:discover_packages(colcon_meta) check parameters
[0.415s] Level 1:colcon.colcon_core.package_discovery:discover_packages(recursive) check parameters
[0.415s] Level 1:colcon.colcon_core.package_discovery:discover_packages(ignore) check parameters
[0.415s] Level 1:colcon.colcon_core.package_discovery:discover_packages(path) check parameters
[0.415s] Level 1:colcon.colcon_core.package_discovery:discover_packages(colcon_meta) discover
[0.415s] Level 1:colcon.colcon_core.package_discovery:discover_packages(recursive) discover
[0.415s] INFO:colcon.colcon_core.package_discovery:Crawling recursively for packages in '/home/rlagent/jay_ws'
[0.416s] Level 1:colcon.colcon_core.package_identification:_identify(.) by extensions ['ignore', 'ignore_ament_install']
[0.416s] Level 1:colcon.colcon_core.package_identification:_identify(.) by extension 'ignore'
[0.416s] Level 1:colcon.colcon_core.package_identification:_identify(.) by extension 'ignore_ament_install'
[0.416s] Level 1:colcon.colcon_core.package_identification:_identify(.) by extensions ['colcon_pkg']
[0.416s] Level 1:colcon.colcon_core.package_identification:_identify(.) by extension 'colcon_pkg'
[0.416s] Level 1:colcon.colcon_core.package_identification:_identify(.) by extensions ['colcon_meta']
[0.416s] Level 1:colcon.colcon_core.package_identification:_identify(.) by extension 'colcon_meta'
[0.416s] Level 1:colcon.colcon_core.package_identification:_identify(.) by extensions ['ros']
[0.416s] Level 1:colcon.colcon_core.package_identification:_identify(.) by extension 'ros'
[0.431s] Level 1:colcon.colcon_core.package_identification:_identify(.) by extensions ['cmake', 'python']
[0.431s] Level 1:colcon.colcon_core.package_identification:_identify(.) by extension 'cmake'
[0.431s] Level 1:colcon.colcon_core.package_identification:_identify(.) by extension 'python'
[0.431s] Level 1:colcon.colcon_core.package_identification:_identify(.) by extensions ['python_setup_py']
[0.432s] Level 1:colcon.colcon_core.package_identification:_identify(.) by extension 'python_setup_py'
[0.432s] Level 1:colcon.colcon_core.package_identification:_identify(build) by extensions ['ignore', 'ignore_ament_install']
[0.432s] Level 1:colcon.colcon_core.package_identification:_identify(build) by extension 'ignore'
[0.432s] Level 1:colcon.colcon_core.package_identification:_identify(build) ignored
[0.432s] Level 1:colcon.colcon_core.package_identification:_identify(install) by extensions ['ignore', 'ignore_ament_install']
[0.432s] Level 1:colcon.colcon_core.package_identification:_identify(install) by extension 'ignore'
[0.432s] Level 1:colcon.colcon_core.package_identification:_identify(install) ignored
[0.432s] Level 1:colcon.colcon_core.package_identification:_identify(jaybot) by extensions ['ignore', 'ignore_ament_install']
[0.432s] Level 1:colcon.colcon_core.package_identification:_identify(jaybot) by extension 'ignore'
[0.432s] Level 1:colcon.colcon_core.package_identification:_identify(jaybot) by extension 'ignore_ament_install'
[0.433s] Level 1:colcon.colcon_core.package_identification:_identify(jaybot) by extensions ['colcon_pkg']
[0.433s] Level 1:colcon.colcon_core.package_identification:_identify(jaybot) by extension 'colcon_pkg'
[0.433s] Level 1:colcon.colcon_core.package_identification:_identify(jaybot) by extensions ['colcon_meta']
[0.433s] Level 1:colcon.colcon_core.package_identification:_identify(jaybot) by extension 'colcon_meta'
[0.433s] Level 1:colcon.colcon_core.package_identification:_identify(jaybot) by extensions ['ros']
[0.433s] Level 1:colcon.colcon_core.package_identification:_identify(jaybot) by extension 'ros'
[0.435s] DEBUG:colcon.colcon_core.package_identification:Package 'jaybot' with type 'ros.ament_cmake' and name 'jaybot'
[0.436s] Level 1:colcon.colcon_core.package_identification:_identify(log) by extensions ['ignore', 'ignore_ament_install']
[0.436s] Level 1:colcon.colcon_core.package_identification:_identify(log) by extension 'ignore'
[0.436s] Level 1:colcon.colcon_core.package_identification:_identify(log) ignored
[0.436s] Level 1:colcon.colcon_core.package_identification:_identify(rl_custom_messages) by extensions ['ignore', 'ignore_ament_install']
[0.436s] Level 1:colcon.colcon_core.package_identification:_identify(rl_custom_messages) by extension 'ignore'
[0.436s] Level 1:colcon.colcon_core.package_identification:_identify(rl_custom_messages) by extension 'ignore_ament_install'
[0.436s] Level 1:colcon.colcon_core.package_identification:_identify(rl_custom_messages) by extensions ['colcon_pkg']
[0.436s] Level 1:colcon.colcon_core.package_identification:_identify(rl_custom_messages) by extension 'colcon_pkg'
[0.436s] Level 1:colcon.colcon_core.package_identification:_identify(rl_custom_messages) by extensions ['colcon_meta']
[0.436s] Level 1:colcon.colcon_core.package_identification:_identify(rl_custom_messages) by extension 'colcon_meta'
[0.437s] Level 1:colcon.colcon_core.package_identification:_identify(rl_custom_messages) by extensions ['ros']
[0.437s] Level 1:colcon.colcon_core.package_identification:_identify(rl_custom_messages) by extension 'ros'
[0.437s] DEBUG:colcon.colcon_core.package_identification:Package 'rl_custom_messages' with type 'ros.ament_cmake' and name 'rl_custom_messages'
[0.437s] Level 1:colcon.colcon_core.package_discovery:discover_packages(recursive) using defaults
[0.437s] Level 1:colcon.colcon_core.package_discovery:discover_packages(ignore) discover
[0.437s] Level 1:colcon.colcon_core.package_discovery:discover_packages(ignore) using defaults
[0.437s] Level 1:colcon.colcon_core.package_discovery:discover_packages(path) discover
[0.437s] Level 1:colcon.colcon_core.package_discovery:discover_packages(path) using defaults
[0.461s] Level 1:colcon.colcon_core.package_discovery:discover_packages(prefix_path) check parameters
[0.461s] Level 1:colcon.colcon_core.package_discovery:discover_packages(prefix_path) discover
[0.465s] DEBUG:colcon.colcon_installed_package_information.package_discovery:Found 270 installed packages in /opt/ros/humble
[0.468s] Level 1:colcon.colcon_core.package_discovery:discover_packages(prefix_path) using defaults
[0.542s] Level 5:colcon.colcon_core.verb:set package 'rl_custom_messages' build argument 'cmake_args' from command line to 'None'
[0.542s] Level 5:colcon.colcon_core.verb:set package 'rl_custom_messages' build argument 'cmake_target' from command line to 'None'
[0.542s] Level 5:colcon.colcon_core.verb:set package 'rl_custom_messages' build argument 'cmake_target_skip_unavailable' from command line to 'False'
[0.542s] Level 5:colcon.colcon_core.verb:set package 'rl_custom_messages' build argument 'cmake_clean_cache' from command line to 'False'
[0.542s] Level 5:colcon.colcon_core.verb:set package 'rl_custom_messages' build argument 'cmake_clean_first' from command line to 'False'
[0.542s] Level 5:colcon.colcon_core.verb:set package 'rl_custom_messages' build argument 'cmake_force_configure' from command line to 'False'
[0.542s] Level 5:colcon.colcon_core.verb:set package 'rl_custom_messages' build argument 'ament_cmake_args' from command line to 'None'
[0.542s] Level 5:colcon.colcon_core.verb:set package 'rl_custom_messages' build argument 'catkin_cmake_args' from command line to 'None'
[0.542s] Level 5:colcon.colcon_core.verb:set package 'rl_custom_messages' build argument 'catkin_skip_building_tests' from command line to 'False'
[0.542s] DEBUG:colcon.colcon_core.verb:Building package 'rl_custom_messages' with the following arguments: {'ament_cmake_args': None, 'build_base': '/home/rlagent/jay_ws/build/rl_custom_messages', 'catkin_cmake_args': None, 'catkin_skip_building_tests': False, 'cmake_args': None, 'cmake_clean_cache': False, 'cmake_clean_first': False, 'cmake_force_configure': False, 'cmake_target': None, 'cmake_target_skip_unavailable': False, 'install_base': '/home/rlagent/jay_ws/install/rl_custom_messages', 'merge_install': False, 'path': '/home/rlagent/jay_ws/rl_custom_messages', 'symlink_install': False, 'test_result_base': None}
[0.543s] Level 5:colcon.colcon_core.verb:set package 'jaybot' build argument 'cmake_args' from command line to 'None'
[0.543s] Level 5:colcon.colcon_core.verb:set package 'jaybot' build argument 'cmake_target' from command line to 'None'
[0.545s] Level 5:colcon.colcon_core.verb:set package 'jaybot' build argument 'cmake_target_skip_unavailable' from command line to 'False'
[0.545s] Level 5:colcon.colcon_core.verb:set package 'jaybot' build argument 'cmake_clean_cache' from command line to 'False'
[0.545s] Level 5:colcon.colcon_core.verb:set package 'jaybot' build argument 'cmake_clean_first' from command line to 'False'
[0.545s] Level 5:colcon.colcon_core.verb:set package 'jaybot' build argument 'cmake_force_configure' from command line to 'False'
[0.545s] Level 5:colcon.colcon_core.verb:set package 'jaybot' build argument 'ament_cmake_args' from command line to 'None'
[0.545s] Level 5:colcon.colcon_core.verb:set package 'jaybot' build argument 'catkin_cmake_args' from command line to 'None'
[0.545s] Level 5:colcon.colcon_core.verb:set package 'jaybot' build argument 'catkin_skip_building_tests' from command line to 'False'
[0.545s] DEBUG:colcon.colcon_core.verb:Building package 'jaybot' with the following arguments: {'ament_cmake_args': None, 'build_base': '/home/rlagent/jay_ws/build/jaybot', 'catkin_cmake_args': None, 'catkin_skip_building_tests': False, 'cmake_args': None, 'cmake_clean_cache': False, 'cmake_clean_first': False, 'cmake_force_configure': False, 'cmake_target': None, 'cmake_target_skip_unavailable': False, 'install_base': '/home/rlagent/jay_ws/install/jaybot', 'merge_install': False, 'path': '/home/rlagent/jay_ws/jaybot', 'symlink_install': False, 'test_result_base': None}
[0.545s] INFO:colcon.colcon_core.executor:Executing jobs using 'parallel' executor
[0.548s] DEBUG:colcon.colcon_parallel_executor.executor.parallel:run_until_complete
[0.549s] INFO:colcon.colcon_ros.task.ament_cmake.build:Building ROS package in '/home/rlagent/jay_ws/rl_custom_messages' with build type 'ament_cmake'
[0.549s] INFO:colcon.colcon_cmake.task.cmake.build:Building CMake package in '/home/rlagent/jay_ws/rl_custom_messages'
[0.553s] INFO:colcon.colcon_core.plugin_system:Skipping extension 'colcon_core.shell.bat': Not used on non-Windows systems
[0.554s] INFO:colcon.colcon_core.shell:Skip shell extension 'powershell' for command environment: Not usable outside of PowerShell
[0.554s] DEBUG:colcon.colcon_core.shell:Skip shell extension 'dsv' for command environment
[0.567s] DEBUG:colcon.colcon_core.event_handler.log_command:Invoking command in '/home/rlagent/jay_ws/build/rl_custom_messages': CMAKE_PREFIX_PATH=/opt/ros/humble /usr/bin/cmake --build /home/rlagent/jay_ws/build/rl_custom_messages -- -j2 -l2
[1.239s] DEBUG:colcon.colcon_core.event_handler.log_command:Invoked command in '/home/rlagent/jay_ws/build/rl_custom_messages' returned '0': CMAKE_PREFIX_PATH=/opt/ros/humble /usr/bin/cmake --build /home/rlagent/jay_ws/build/rl_custom_messages -- -j2 -l2
[1.426s] DEBUG:colcon.colcon_core.event_handler.log_command:Invoking command in '/home/rlagent/jay_ws/build/rl_custom_messages': CMAKE_PREFIX_PATH=/opt/ros/humble /usr/bin/cmake --install /home/rlagent/jay_ws/build/rl_custom_messages
[1.517s] Level 1:colcon.colcon_core.environment:create_environment_scripts_only(rl_custom_messages)
[1.520s] DEBUG:colcon.colcon_core.event_handler.log_command:Invoked command in '/home/rlagent/jay_ws/build/rl_custom_messages' returned '0': CMAKE_PREFIX_PATH=/opt/ros/humble /usr/bin/cmake --install /home/rlagent/jay_ws/build/rl_custom_messages
[1.522s] Level 1:colcon.colcon_core.environment:checking '/home/rlagent/jay_ws/install/rl_custom_messages' for CMake module files
[1.523s] Level 1:colcon.colcon_core.environment:checking '/home/rlagent/jay_ws/install/rl_custom_messages' for CMake config files
[1.524s] Level 1:colcon.colcon_core.shell:create_environment_hook('rl_custom_messages', 'cmake_prefix_path')
[1.525s] INFO:colcon.colcon_core.shell:Creating environment hook '/home/rlagent/jay_ws/install/rl_custom_messages/share/rl_custom_messages/hook/cmake_prefix_path.ps1'
[1.525s] INFO:colcon.colcon_core.shell:Creating environment descriptor '/home/rlagent/jay_ws/install/rl_custom_messages/share/rl_custom_messages/hook/cmake_prefix_path.dsv'
[1.526s] INFO:colcon.colcon_core.shell:Creating environment hook '/home/rlagent/jay_ws/install/rl_custom_messages/share/rl_custom_messages/hook/cmake_prefix_path.sh'
[1.527s] Level 1:colcon.colcon_core.environment:checking '/home/rlagent/jay_ws/install/rl_custom_messages/lib'
[1.527s] Level 1:colcon.colcon_core.shell:create_environment_hook('rl_custom_messages', 'ld_library_path_lib')
[1.528s] INFO:colcon.colcon_core.shell:Creating environment hook '/home/rlagent/jay_ws/install/rl_custom_messages/share/rl_custom_messages/hook/ld_library_path_lib.ps1'
[1.529s] INFO:colcon.colcon_core.shell:Creating environment descriptor '/home/rlagent/jay_ws/install/rl_custom_messages/share/rl_custom_messages/hook/ld_library_path_lib.dsv'
[1.529s] INFO:colcon.colcon_core.shell:Creating environment hook '/home/rlagent/jay_ws/install/rl_custom_messages/share/rl_custom_messages/hook/ld_library_path_lib.sh'
[1.530s] Level 1:colcon.colcon_core.environment:checking '/home/rlagent/jay_ws/install/rl_custom_messages/bin'
[1.530s] Level 1:colcon.colcon_core.environment:checking '/home/rlagent/jay_ws/install/rl_custom_messages/lib/pkgconfig/rl_custom_messages.pc'
[1.530s] Level 1:colcon.colcon_core.environment:checking '/home/rlagent/jay_ws/install/rl_custom_messages/lib/python3.10/site-packages'
[1.530s] Level 1:colcon.colcon_core.environment:checking '/home/rlagent/jay_ws/install/rl_custom_messages/bin'
[1.531s] INFO:colcon.colcon_core.shell:Creating package script '/home/rlagent/jay_ws/install/rl_custom_messages/share/rl_custom_messages/package.ps1'
[1.532s] INFO:colcon.colcon_core.shell:Creating package descriptor '/home/rlagent/jay_ws/install/rl_custom_messages/share/rl_custom_messages/package.dsv'
[1.533s] INFO:colcon.colcon_core.shell:Creating package script '/home/rlagent/jay_ws/install/rl_custom_messages/share/rl_custom_messages/package.sh'
[1.533s] INFO:colcon.colcon_core.shell:Creating package script '/home/rlagent/jay_ws/install/rl_custom_messages/share/rl_custom_messages/package.bash'
[1.534s] INFO:colcon.colcon_core.shell:Creating package script '/home/rlagent/jay_ws/install/rl_custom_messages/share/rl_custom_messages/package.zsh'
[1.535s] Level 1:colcon.colcon_core.environment:create_file_with_runtime_dependencies(/home/rlagent/jay_ws/install/rl_custom_messages/share/colcon-core/packages/rl_custom_messages)
[1.707s] Level 1:colcon.colcon_core.environment:create_environment_scripts_only(rl_custom_messages)
[1.708s] Level 1:colcon.colcon_core.environment:checking '/home/rlagent/jay_ws/install/rl_custom_messages' for CMake module files
[1.709s] Level 1:colcon.colcon_core.environment:checking '/home/rlagent/jay_ws/install/rl_custom_messages' for CMake config files
[1.710s] Level 1:colcon.colcon_core.shell:create_environment_hook('rl_custom_messages', 'cmake_prefix_path')
[1.711s] INFO:colcon.colcon_core.shell:Creating environment hook '/home/rlagent/jay_ws/install/rl_custom_messages/share/rl_custom_messages/hook/cmake_prefix_path.ps1'
[1.712s] INFO:colcon.colcon_core.shell:Creating environment descriptor '/home/rlagent/jay_ws/install/rl_custom_messages/share/rl_custom_messages/hook/cmake_prefix_path.dsv'
[1.712s] INFO:colcon.colcon_core.shell:Creating environment hook '/home/rlagent/jay_ws/install/rl_custom_messages/share/rl_custom_messages/hook/cmake_prefix_path.sh'
[1.713s] Level 1:colcon.colcon_core.environment:checking '/home/rlagent/jay_ws/install/rl_custom_messages/lib'
[1.713s] Level 1:colcon.colcon_core.shell:create_environment_hook('rl_custom_messages', 'ld_library_path_lib')
[1.714s] INFO:colcon.colcon_core.shell:Creating environment hook '/home/rlagent/jay_ws/install/rl_custom_messages/share/rl_custom_messages/hook/ld_library_path_lib.ps1'
[1.714s] INFO:colcon.colcon_core.shell:Creating environment descriptor '/home/rlagent/jay_ws/install/rl_custom_messages/share/rl_custom_messages/hook/ld_library_path_lib.dsv'
[1.715s] INFO:colcon.colcon_core.shell:Creating environment hook '/home/rlagent/jay_ws/install/rl_custom_messages/share/rl_custom_messages/hook/ld_library_path_lib.sh'
[1.716s] Level 1:colcon.colcon_core.environment:checking '/home/rlagent/jay_ws/install/rl_custom_messages/bin'
[1.716s] Level 1:colcon.colcon_core.environment:checking '/home/rlagent/jay_ws/install/rl_custom_messages/lib/pkgconfig/rl_custom_messages.pc'
[1.716s] Level 1:colcon.colcon_core.environment:checking '/home/rlagent/jay_ws/install/rl_custom_messages/lib/python3.10/site-packages'
[1.716s] Level 1:colcon.colcon_core.environment:checking '/home/rlagent/jay_ws/install/rl_custom_messages/bin'
[1.717s] INFO:colcon.colcon_core.shell:Creating package script '/home/rlagent/jay_ws/install/rl_custom_messages/share/rl_custom_messages/package.ps1'
[1.718s] INFO:colcon.colcon_core.shell:Creating package descriptor '/home/rlagent/jay_ws/install/rl_custom_messages/share/rl_custom_messages/package.dsv'
[1.718s] INFO:colcon.colcon_core.shell:Creating package script '/home/rlagent/jay_ws/install/rl_custom_messages/share/rl_custom_messages/package.sh'
[1.719s] INFO:colcon.colcon_core.shell:Creating package script '/home/rlagent/jay_ws/install/rl_custom_messages/share/rl_custom_messages/package.bash'
[1.720s] INFO:colcon.colcon_core.shell:Creating package script '/home/rlagent/jay_ws/install/rl_custom_messages/share/rl_custom_messages/package.zsh'
[1.720s] Level 1:colcon.colcon_core.environment:create_file_with_runtime_dependencies(/home/rlagent/jay_ws/install/rl_custom_messages/share/colcon-core/packages/rl_custom_messages)
[1.721s] INFO:colcon.colcon_ros.task.ament_cmake.build:Building ROS package in '/home/rlagent/jay_ws/jaybot' with build type 'ament_cmake'
[1.722s] INFO:colcon.colcon_cmake.task.cmake.build:Building CMake package in '/home/rlagent/jay_ws/jaybot'
[1.722s] INFO:colcon.colcon_core.shell:Skip shell extension 'powershell' for command environment: Not usable outside of PowerShell
[1.723s] DEBUG:colcon.colcon_core.shell:Skip shell extension 'dsv' for command environment
[1.746s] DEBUG:colcon.colcon_core.event_handler.log_command:Invoking command in '/home/rlagent/jay_ws/build/jaybot': AMENT_PREFIX_PATH=/home/rlagent/jay_ws/install/rl_custom_messages:${AMENT_PREFIX_PATH} CMAKE_PREFIX_PATH=/home/rlagent/jay_ws/install/rl_custom_messages:/opt/ros/humble LD_LIBRARY_PATH=/home/rlagent/jay_ws/install/rl_custom_messages/lib:${LD_LIBRARY_PATH} PYTHONPATH=/home/rlagent/jay_ws/install/rl_custom_messages/local/lib/python3.10/dist-packages:${PYTHONPATH} /usr/bin/cmake --build /home/rlagent/jay_ws/build/jaybot -- -j2 -l2
[3.092s] DEBUG:colcon.colcon_core.event_handler.log_command:Invoked command in '/home/rlagent/jay_ws/build/jaybot' returned '0': AMENT_PREFIX_PATH=/home/rlagent/jay_ws/install/rl_custom_messages:${AMENT_PREFIX_PATH} CMAKE_PREFIX_PATH=/home/rlagent/jay_ws/install/rl_custom_messages:/opt/ros/humble LD_LIBRARY_PATH=/home/rlagent/jay_ws/install/rl_custom_messages/lib:${LD_LIBRARY_PATH} PYTHONPATH=/home/rlagent/jay_ws/install/rl_custom_messages/local/lib/python3.10/dist-packages:${PYTHONPATH} /usr/bin/cmake --build /home/rlagent/jay_ws/build/jaybot -- -j2 -l2
[3.162s] DEBUG:colcon.colcon_core.event_handler.log_command:Invoking command in '/home/rlagent/jay_ws/build/jaybot': AMENT_PREFIX_PATH=/home/rlagent/jay_ws/install/rl_custom_messages:${AMENT_PREFIX_PATH} CMAKE_PREFIX_PATH=/home/rlagent/jay_ws/install/rl_custom_messages:/opt/ros/humble LD_LIBRARY_PATH=/home/rlagent/jay_ws/install/rl_custom_messages/lib:${LD_LIBRARY_PATH} PYTHONPATH=/home/rlagent/jay_ws/install/rl_custom_messages/local/lib/python3.10/dist-packages:${PYTHONPATH} /usr/bin/cmake --install /home/rlagent/jay_ws/build/jaybot
[3.206s] Level 1:colcon.colcon_core.environment:create_environment_scripts_only(jaybot)
[3.208s] Level 1:colcon.colcon_core.environment:checking '/home/rlagent/jay_ws/install/jaybot' for CMake module files
[3.209s] DEBUG:colcon.colcon_core.event_handler.log_command:Invoked command in '/home/rlagent/jay_ws/build/jaybot' returned '0': AMENT_PREFIX_PATH=/home/rlagent/jay_ws/install/rl_custom_messages:${AMENT_PREFIX_PATH} CMAKE_PREFIX_PATH=/home/rlagent/jay_ws/install/rl_custom_messages:/opt/ros/humble LD_LIBRARY_PATH=/home/rlagent/jay_ws/install/rl_custom_messages/lib:${LD_LIBRARY_PATH} PYTHONPATH=/home/rlagent/jay_ws/install/rl_custom_messages/local/lib/python3.10/dist-packages:${PYTHONPATH} /usr/bin/cmake --install /home/rlagent/jay_ws/build/jaybot
[3.210s] Level 1:colcon.colcon_core.environment:checking '/home/rlagent/jay_ws/install/jaybot' for CMake config files
[3.210s] Level 1:colcon.colcon_core.shell:create_environment_hook('jaybot', 'cmake_prefix_path')
[3.211s] INFO:colcon.colcon_core.shell:Creating environment hook '/home/rlagent/jay_ws/install/jaybot/share/jaybot/hook/cmake_prefix_path.ps1'
[3.211s] INFO:colcon.colcon_core.shell:Creating environment descriptor '/home/rlagent/jay_ws/install/jaybot/share/jaybot/hook/cmake_prefix_path.dsv'
[3.212s] INFO:colcon.colcon_core.shell:Creating environment hook '/home/rlagent/jay_ws/install/jaybot/share/jaybot/hook/cmake_prefix_path.sh'
[3.212s] Level 1:colcon.colcon_core.environment:checking '/home/rlagent/jay_ws/install/jaybot/lib'
[3.212s] Level 1:colcon.colcon_core.environment:checking '/home/rlagent/jay_ws/install/jaybot/bin'
[3.212s] Level 1:colcon.colcon_core.environment:checking '/home/rlagent/jay_ws/install/jaybot/lib/pkgconfig/jaybot.pc'
[3.213s] Level 1:colcon.colcon_core.environment:checking '/home/rlagent/jay_ws/install/jaybot/lib/python3.10/site-packages'
[3.213s] Level 1:colcon.colcon_core.environment:checking '/home/rlagent/jay_ws/install/jaybot/bin'
[3.214s] INFO:colcon.colcon_core.shell:Creating package script '/home/rlagent/jay_ws/install/jaybot/share/jaybot/package.ps1'
[3.214s] INFO:colcon.colcon_core.shell:Creating package descriptor '/home/rlagent/jay_ws/install/jaybot/share/jaybot/package.dsv'
[3.215s] INFO:colcon.colcon_core.shell:Creating package script '/home/rlagent/jay_ws/install/jaybot/share/jaybot/package.sh'
[3.215s] INFO:colcon.colcon_core.shell:Creating package script '/home/rlagent/jay_ws/install/jaybot/share/jaybot/package.bash'
[3.216s] INFO:colcon.colcon_core.shell:Creating package script '/home/rlagent/jay_ws/install/jaybot/share/jaybot/package.zsh'
[3.216s] Level 1:colcon.colcon_core.environment:create_file_with_runtime_dependencies(/home/rlagent/jay_ws/install/jaybot/share/colcon-core/packages/jaybot)
[3.285s] Level 1:colcon.colcon_core.environment:create_environment_scripts_only(jaybot)
[3.287s] Level 1:colcon.colcon_core.environment:checking '/home/rlagent/jay_ws/install/jaybot' for CMake module files
[3.288s] Level 1:colcon.colcon_core.environment:checking '/home/rlagent/jay_ws/install/jaybot' for CMake config files
[3.288s] Level 1:colcon.colcon_core.shell:create_environment_hook('jaybot', 'cmake_prefix_path')
[3.289s] INFO:colcon.colcon_core.shell:Creating environment hook '/home/rlagent/jay_ws/install/jaybot/share/jaybot/hook/cmake_prefix_path.ps1'
[3.290s] INFO:colcon.colcon_core.shell:Creating environment descriptor '/home/rlagent/jay_ws/install/jaybot/share/jaybot/hook/cmake_prefix_path.dsv'
[3.290s] INFO:colcon.colcon_core.shell:Creating environment hook '/home/rlagent/jay_ws/install/jaybot/share/jaybot/hook/cmake_prefix_path.sh'
[3.291s] Level 1:colcon.colcon_core.environment:checking '/home/rlagent/jay_ws/install/jaybot/lib'
[3.291s] Level 1:colcon.colcon_core.environment:checking '/home/rlagent/jay_ws/install/jaybot/bin'
[3.291s] Level 1:colcon.colcon_core.environment:checking '/home/rlagent/jay_ws/install/jaybot/lib/pkgconfig/jaybot.pc'
[3.291s] Level 1:colcon.colcon_core.environment:checking '/home/rlagent/jay_ws/install/jaybot/lib/python3.10/site-packages'
[3.291s] Level 1:colcon.colcon_core.environment:checking '/home/rlagent/jay_ws/install/jaybot/bin'
[3.292s] INFO:colcon.colcon_core.shell:Creating package script '/home/rlagent/jay_ws/install/jaybot/share/jaybot/package.ps1'
[3.293s] INFO:colcon.colcon_core.shell:Creating package descriptor '/home/rlagent/jay_ws/install/jaybot/share/jaybot/package.dsv'
[3.293s] INFO:colcon.colcon_core.shell:Creating package script '/home/rlagent/jay_ws/install/jaybot/share/jaybot/package.sh'
[3.294s] INFO:colcon.colcon_core.shell:Creating package script '/home/rlagent/jay_ws/install/jaybot/share/jaybot/package.bash'
[3.294s] INFO:colcon.colcon_core.shell:Creating package script '/home/rlagent/jay_ws/install/jaybot/share/jaybot/package.zsh'
[3.295s] Level 1:colcon.colcon_core.environment:create_file_with_runtime_dependencies(/home/rlagent/jay_ws/install/jaybot/share/colcon-core/packages/jaybot)
[3.295s] DEBUG:colcon.colcon_parallel_executor.executor.parallel:closing loop
[3.296s] DEBUG:colcon.colcon_parallel_executor.executor.parallel:loop closed
[3.296s] DEBUG:colcon.colcon_parallel_executor.executor.parallel:run_until_complete finished with '0'
[3.296s] DEBUG:colcon.colcon_core.event_reactor:joining thread
[3.305s] INFO:colcon.colcon_core.plugin_system:Skipping extension 'colcon_notification.desktop_notification.terminal_notifier': Not used on non-Darwin systems
[3.305s] INFO:colcon.colcon_core.plugin_system:Skipping extension 'colcon_notification.desktop_notification.win32': Not used on non-Windows systems
[3.305s] INFO:colcon.colcon_notification.desktop_notification:Sending desktop notification using 'notify2'
[3.322s] DEBUG:colcon.colcon_core.event_reactor:joined thread
[3.323s] INFO:colcon.colcon_core.shell:Creating prefix script '/home/rlagent/jay_ws/install/local_setup.ps1'
[3.324s] INFO:colcon.colcon_core.shell:Creating prefix util module '/home/rlagent/jay_ws/install/_local_setup_util_ps1.py'
[3.325s] INFO:colcon.colcon_core.shell:Creating prefix chain script '/home/rlagent/jay_ws/install/setup.ps1'
[3.327s] INFO:colcon.colcon_core.shell:Creating prefix script '/home/rlagent/jay_ws/install/local_setup.sh'
[3.327s] INFO:colcon.colcon_core.shell:Creating prefix util module '/home/rlagent/jay_ws/install/_local_setup_util_sh.py'
[3.328s] INFO:colcon.colcon_core.shell:Creating prefix chain script '/home/rlagent/jay_ws/install/setup.sh'
[3.330s] INFO:colcon.colcon_core.shell:Creating prefix script '/home/rlagent/jay_ws/install/local_setup.bash'
[3.331s] INFO:colcon.colcon_core.shell:Creating prefix chain script '/home/rlagent/jay_ws/install/setup.bash'
[3.332s] INFO:colcon.colcon_core.shell:Creating prefix script '/home/rlagent/jay_ws/install/local_setup.zsh'
[3.333s] INFO:colcon.colcon_core.shell:Creating prefix chain script '/home/rlagent/jay_ws/install/setup.zsh'
