[0.017s] Invoking command in '/home/rlcontrol/jay_ws/build/jaybot': CMAKE_PREFIX_PATH=/home/rlcontrol/jay_ws/install/rl_custom_messages:/home/rlcontrol/jay_ws/install/jaybot:/opt/ros/humble /home/rlcontrol/.local/bin/cmake --build /home/rlcontrol/jay_ws/build/jaybot -- -j6 -l6
[0.102s] [  0%] Built target ament_cmake_python_symlink_jaybot
[0.111s] [ 66%] Built target motor_controller
[0.112s] [ 66%] Built target range_publisher
[0.112s] [ 83%] [32mBuilding CXX object CMakeFiles/rl_server.dir/src/rl_server.cpp.o[0m
[0.493s] running egg_info
[0.494s] writing jaybot.egg-info/PKG-INFO
[0.494s] writing dependency_links to jaybot.egg-info/dependency_links.txt
[0.494s] writing top-level names to jaybot.egg-info/top_level.txt
[0.497s] reading manifest file 'jaybot.egg-info/SOURCES.txt'
[0.498s] writing manifest file 'jaybot.egg-info/SOURCES.txt'
[0.523s] [ 83%] Built target ament_cmake_python_build_jaybot_egg
[3.637s] [01m[K/home/rlcontrol/jay_ws/jaybot/src/rl_server.cpp:[m[K In member function ‘[01m[Kvoid RangeSubscriber::service_callback(std::shared_ptr<rl_custom_messages::srv::ObservationService_Request_<std::allocator<void> > >, std::shared_ptr<rl_custom_messages::srv::ObservationService_Response_<std::allocator<void> > >)[m[K’:
[3.637s] [01m[K/home/rlcontrol/jay_ws/jaybot/src/rl_server.cpp:34:40:[m[K [01;31m[Kerror: [m[Kno match for ‘[01m[Koperator=[m[K’ (operand types are ‘[01m[Krl_custom_messages::msg::MotorCommands_<std::allocator<void> >::_commands_type[m[K’ {aka ‘[01m[Kstd::vector<int>[m[K’} and ‘[01m[Krl_custom_messages::srv::ObservationService_Request_<std::allocator<void> >::_action_type[m[K’ {aka ‘[01m[Kstd::array<int, 12>[m[K’})
[3.638s]    34 |     motor_commands.commands = request->[01;31m[Kaction[m[K;
[3.638s]       |                                        [01;31m[K^~~~~~[m[K
[3.638s] In file included from [01m[K/usr/include/c++/11/vector:72[m[K,
[3.638s]                  from [01m[K/usr/include/c++/11/functional:62[m[K,
[3.638s]                  from [01m[K/usr/include/c++/11/pstl/glue_algorithm_defs.h:13[m[K,
[3.639s]                  from [01m[K/usr/include/c++/11/algorithm:74[m[K,
[3.639s]                  from [01m[K/opt/ros/humble/include/rclcpp/rclcpp/executor.hpp:18[m[K,
[3.639s]                  from [01m[K/opt/ros/humble/include/rclcpp/rclcpp/executors/multi_threaded_executor.hpp:25[m[K,
[3.639s]                  from [01m[K/opt/ros/humble/include/rclcpp/rclcpp/executors.hpp:21[m[K,
[3.639s]                  from [01m[K/opt/ros/humble/include/rclcpp/rclcpp/rclcpp.hpp:155[m[K,
[3.639s]                  from [01m[K/home/rlcontrol/jay_ws/jaybot/src/rl_server.cpp:1[m[K:
[3.639s] [01m[K/usr/include/c++/11/bits/vector.tcc:198:5:[m[K [01;36m[Knote: [m[Kcandidate: ‘[01m[Kstd::vector<_Tp, _Alloc>& std::vector<_Tp, _Alloc>::operator=(const std::vector<_Tp, _Alloc>&) [with _Tp = int; _Alloc = std::allocator<int>][m[K’
[3.639s]   198 |     [01;36m[Kvector<_Tp, _Alloc>[m[K::
[3.639s]       |     [01;36m[K^~~~~~~~~~~~~~~~~~~[m[K
[3.639s] [01m[K/usr/include/c++/11/bits/vector.tcc:199:42:[m[K [01;36m[Knote: [m[K  no known conversion for argument 1 from ‘[01m[Krl_custom_messages::srv::ObservationService_Request_<std::allocator<void> >::_action_type[m[K’ {aka ‘[01m[Kstd::array<int, 12>[m[K’} to ‘[01m[Kconst std::vector<int>&[m[K’
[3.640s]   199 |     operator=([01;36m[Kconst vector<_Tp, _Alloc>& __x[m[K)
[3.640s]       |               [01;36m[K~~~~~~~~~~~~~~~~~~~~~~~~~~~^~~[m[K
[3.640s] In file included from [01m[K/usr/include/c++/11/vector:67[m[K,
[3.640s]                  from [01m[K/usr/include/c++/11/functional:62[m[K,
[3.640s]                  from [01m[K/usr/include/c++/11/pstl/glue_algorithm_defs.h:13[m[K,
[3.640s]                  from [01m[K/usr/include/c++/11/algorithm:74[m[K,
[3.640s]                  from [01m[K/opt/ros/humble/include/rclcpp/rclcpp/executor.hpp:18[m[K,
[3.640s]                  from [01m[K/opt/ros/humble/include/rclcpp/rclcpp/executors/multi_threaded_executor.hpp:25[m[K,
[3.641s]                  from [01m[K/opt/ros/humble/include/rclcpp/rclcpp/executors.hpp:21[m[K,
[3.641s]                  from [01m[K/opt/ros/humble/include/rclcpp/rclcpp/rclcpp.hpp:155[m[K,
[3.641s]                  from [01m[K/home/rlcontrol/jay_ws/jaybot/src/rl_server.cpp:1[m[K:
[3.641s] [01m[K/usr/include/c++/11/bits/stl_vector.h:709:7:[m[K [01;36m[Knote: [m[Kcandidate: ‘[01m[Kstd::vector<_Tp, _Alloc>& std::vector<_Tp, _Alloc>::operator=(std::vector<_Tp, _Alloc>&&) [with _Tp = int; _Alloc = std::allocator<int>][m[K’
[3.641s]   709 |       [01;36m[Koperator[m[K=(vector&& __x) noexcept(_Alloc_traits::_S_nothrow_move())
[3.641s]       |       [01;36m[K^~~~~~~~[m[K
[3.641s] [01m[K/usr/include/c++/11/bits/stl_vector.h:709:26:[m[K [01;36m[Knote: [m[K  no known conversion for argument 1 from ‘[01m[Krl_custom_messages::srv::ObservationService_Request_<std::allocator<void> >::_action_type[m[K’ {aka ‘[01m[Kstd::array<int, 12>[m[K’} to ‘[01m[Kstd::vector<int>&&[m[K’
[3.641s]   709 |       operator=([01;36m[Kvector&& __x[m[K) noexcept(_Alloc_traits::_S_nothrow_move())
[3.642s]       |                 [01;36m[K~~~~~~~~~^~~[m[K
[3.642s] [01m[K/usr/include/c++/11/bits/stl_vector.h:730:7:[m[K [01;36m[Knote: [m[Kcandidate: ‘[01m[Kstd::vector<_Tp, _Alloc>& std::vector<_Tp, _Alloc>::operator=(std::initializer_list<_Tp>) [with _Tp = int; _Alloc = std::allocator<int>][m[K’
[3.642s]   730 |       [01;36m[Koperator[m[K=(initializer_list<value_type> __l)
[3.642s]       |       [01;36m[K^~~~~~~~[m[K
[3.642s] [01m[K/usr/include/c++/11/bits/stl_vector.h:730:46:[m[K [01;36m[Knote: [m[K  no known conversion for argument 1 from ‘[01m[Krl_custom_messages::srv::ObservationService_Request_<std::allocator<void> >::_action_type[m[K’ {aka ‘[01m[Kstd::array<int, 12>[m[K’} to ‘[01m[Kstd::initializer_list<int>[m[K’
[3.642s]   730 |       operator=([01;36m[Kinitializer_list<value_type> __l[m[K)
[3.642s]       |                 [01;36m[K~~~~~~~~~~~~~~~~~~~~~~~~~~~~~^~~[m[K
[7.811s] gmake[2]: *** [CMakeFiles/rl_server.dir/build.make:76: CMakeFiles/rl_server.dir/src/rl_server.cpp.o] Error 1
[7.812s] gmake[1]: *** [CMakeFiles/Makefile2:196: CMakeFiles/rl_server.dir/all] Error 2
[7.812s] gmake: *** [Makefile:146: all] Error 2
[7.820s] Invoked command in '/home/rlcontrol/jay_ws/build/jaybot' returned '2': CMAKE_PREFIX_PATH=/home/rlcontrol/jay_ws/install/rl_custom_messages:/home/rlcontrol/jay_ws/install/jaybot:/opt/ros/humble /home/rlcontrol/.local/bin/cmake --build /home/rlcontrol/jay_ws/build/jaybot -- -j6 -l6
