[0.017s] Invoking command in '/home/rlagent/jay_ws/build/jaybot': AMENT_PREFIX_PATH=/home/rlagent/jay_ws/install/rl_custom_messages:${AMENT_PREFIX_PATH} CMAKE_PREFIX_PATH=/home/rlagent/jay_ws/install/rl_custom_messages:/opt/ros/humble LD_LIBRARY_PATH=/home/rlagent/jay_ws/install/rl_custom_messages/lib:${LD_LIBRARY_PATH} PYTHONPATH=/home/rlagent/jay_ws/install/rl_custom_messages/local/lib/python3.10/dist-packages:${PYTHONPATH} /usr/bin/cmake --build /home/rlagent/jay_ws/build/jaybot -- -j2 -l2
[0.058s] -- Found ament_cmake: 1.3.4 (/opt/ros/humble/share/ament_cmake/cmake)
[0.254s] -- Found rclcpp: 16.0.4 (/opt/ros/humble/share/rclcpp/cmake)
[0.295s] -- Found rosidl_generator_c: 3.1.4 (/opt/ros/humble/share/rosidl_generator_c/cmake)
[0.299s] -- Found rosidl_adapter: 3.1.4 (/opt/ros/humble/share/rosidl_adapter/cmake)
[0.309s] -- Found rosidl_generator_cpp: 3.1.4 (/opt/ros/humble/share/rosidl_generator_cpp/cmake)
[0.327s] -- Using all available rosidl_typesupport_c: rosidl_typesupport_fastrtps_c;rosidl_typesupport_introspection_c
[0.353s] -- Using all available rosidl_typesupport_cpp: rosidl_typesupport_fastrtps_cpp;rosidl_typesupport_introspection_cpp
[0.439s] -- Found rmw_implementation_cmake: 6.1.1 (/opt/ros/humble/share/rmw_implementation_cmake/cmake)
[0.441s] -- Found rmw_fastrtps_cpp: 6.2.2 (/opt/ros/humble/share/rmw_fastrtps_cpp/cmake)
[0.593s] -- Using RMW implementation 'rmw_fastrtps_cpp' as default
[0.807s] -- Found rl_custom_messages: 0.0.0 (/home/rlagent/jay_ws/install/rl_custom_messages/share/rl_custom_messages/cmake)
[0.908s] -- Configuring done
[0.932s] -- Generating done
[0.935s] -- Build files have been written to: /home/rlagent/jay_ws/build/jaybot
[0.981s] [35m[1mConsolidate compiler generated dependencies of target range_publisher[0m
[0.981s] [35m[1mConsolidate compiler generated dependencies of target range_subscriber[0m
[1.023s] [ 75%] [32mBuilding CXX object CMakeFiles/range_publisher.dir/src/range_publisher.cpp.o[0m
[1.023s] [ 75%] Built target range_subscriber
[4.175s] [01m[K/home/rlagent/jay_ws/jaybot/src/range_publisher.cpp:[m[K In constructor ‘[01m[KRangePublisher::RangePublisher()[m[K’:
[4.175s] [01m[K/home/rlagent/jay_ws/jaybot/src/range_publisher.cpp:18:27:[m[K [01;31m[Kerror: [m[Kno matching function for call to ‘[01m[KRangesensor::Rangesensor()[m[K’
[4.175s]    18 |   : Node("range_publisher"[01;31m[K)[m[K
[4.175s]       |                           [01;31m[K^[m[K
[4.175s] In file included from [01m[K/home/rlagent/jay_ws/jaybot/src/range_publisher.cpp:10[m[K:
[4.176s] [01m[K/home/rlagent/jay_ws/jaybot/include/jaybot/RangeSensor.h:37:1:[m[K [01;36m[Knote: [m[Kcandidate: ‘[01m[KRangesensor::Rangesensor(int, int)[m[K’
[4.176s]    37 | [01;36m[KRangesensor[m[K::Rangesensor(int trigpin, int echopin)
[4.176s]       | [01;36m[K^~~~~~~~~~~[m[K
[4.176s] [01m[K/home/rlagent/jay_ws/jaybot/include/jaybot/RangeSensor.h:37:1:[m[K [01;36m[Knote: [m[K  candidate expects 2 arguments, 0 provided
[4.176s] [01m[K/home/rlagent/jay_ws/jaybot/include/jaybot/RangeSensor.h:15:7:[m[K [01;36m[Knote: [m[Kcandidate: ‘[01m[KRangesensor::Rangesensor(const Rangesensor&)[m[K’
[4.176s]    15 | class [01;36m[KRangesensor[m[K
[4.176s]       |       [01;36m[K^~~~~~~~~~~[m[K
[4.176s] [01m[K/home/rlagent/jay_ws/jaybot/include/jaybot/RangeSensor.h:15:7:[m[K [01;36m[Knote: [m[K  candidate expects 1 argument, 0 provided
[4.177s] [01m[K/home/rlagent/jay_ws/jaybot/include/jaybot/RangeSensor.h:15:7:[m[K [01;36m[Knote: [m[Kcandidate: ‘[01m[KRangesensor::Rangesensor(Rangesensor&&)[m[K’
[4.177s] [01m[K/home/rlagent/jay_ws/jaybot/include/jaybot/RangeSensor.h:15:7:[m[K [01;36m[Knote: [m[K  candidate expects 1 argument, 0 provided
[4.178s] [01m[K/home/rlagent/jay_ws/jaybot/src/range_publisher.cpp:18:27:[m[K [01;31m[Kerror: [m[Kno matching function for call to ‘[01m[KRangesensor::Rangesensor()[m[K’
[4.178s]    18 |   : Node("range_publisher"[01;31m[K)[m[K
[4.179s]       |                           [01;31m[K^[m[K
[4.179s] In file included from [01m[K/home/rlagent/jay_ws/jaybot/src/range_publisher.cpp:10[m[K:
[4.179s] [01m[K/home/rlagent/jay_ws/jaybot/include/jaybot/RangeSensor.h:37:1:[m[K [01;36m[Knote: [m[Kcandidate: ‘[01m[KRangesensor::Rangesensor(int, int)[m[K’
[4.179s]    37 | [01;36m[KRangesensor[m[K::Rangesensor(int trigpin, int echopin)
[4.179s]       | [01;36m[K^~~~~~~~~~~[m[K
[4.179s] [01m[K/home/rlagent/jay_ws/jaybot/include/jaybot/RangeSensor.h:37:1:[m[K [01;36m[Knote: [m[K  candidate expects 2 arguments, 0 provided
[4.179s] [01m[K/home/rlagent/jay_ws/jaybot/include/jaybot/RangeSensor.h:15:7:[m[K [01;36m[Knote: [m[Kcandidate: ‘[01m[KRangesensor::Rangesensor(const Rangesensor&)[m[K’
[4.180s]    15 | class [01;36m[KRangesensor[m[K
[4.180s]       |       [01;36m[K^~~~~~~~~~~[m[K
[4.180s] [01m[K/home/rlagent/jay_ws/jaybot/include/jaybot/RangeSensor.h:15:7:[m[K [01;36m[Knote: [m[K  candidate expects 1 argument, 0 provided
[4.180s] [01m[K/home/rlagent/jay_ws/jaybot/include/jaybot/RangeSensor.h:15:7:[m[K [01;36m[Knote: [m[Kcandidate: ‘[01m[KRangesensor::Rangesensor(Rangesensor&&)[m[K’
[4.180s] [01m[K/home/rlagent/jay_ws/jaybot/include/jaybot/RangeSensor.h:15:7:[m[K [01;36m[Knote: [m[K  candidate expects 1 argument, 0 provided
[4.181s] [01m[K/home/rlagent/jay_ws/jaybot/src/range_publisher.cpp:18:27:[m[K [01;31m[Kerror: [m[Kno matching function for call to ‘[01m[KRangesensor::Rangesensor()[m[K’
[4.181s]    18 |   : Node("range_publisher"[01;31m[K)[m[K
[4.185s]       |                           [01;31m[K^[m[K
[4.186s] In file included from [01m[K/home/rlagent/jay_ws/jaybot/src/range_publisher.cpp:10[m[K:
[4.186s] [01m[K/home/rlagent/jay_ws/jaybot/include/jaybot/RangeSensor.h:37:1:[m[K [01;36m[Knote: [m[Kcandidate: ‘[01m[KRangesensor::Rangesensor(int, int)[m[K’
[4.186s]    37 | [01;36m[KRangesensor[m[K::Rangesensor(int trigpin, int echopin)
[4.186s]       | [01;36m[K^~~~~~~~~~~[m[K
[4.186s] [01m[K/home/rlagent/jay_ws/jaybot/include/jaybot/RangeSensor.h:37:1:[m[K [01;36m[Knote: [m[K  candidate expects 2 arguments, 0 provided
[4.186s] [01m[K/home/rlagent/jay_ws/jaybot/include/jaybot/RangeSensor.h:15:7:[m[K [01;36m[Knote: [m[Kcandidate: ‘[01m[KRangesensor::Rangesensor(const Rangesensor&)[m[K’
[4.186s]    15 | class [01;36m[KRangesensor[m[K
[4.187s]       |       [01;36m[K^~~~~~~~~~~[m[K
[4.187s] [01m[K/home/rlagent/jay_ws/jaybot/include/jaybot/RangeSensor.h:15:7:[m[K [01;36m[Knote: [m[K  candidate expects 1 argument, 0 provided
[4.187s] [01m[K/home/rlagent/jay_ws/jaybot/include/jaybot/RangeSensor.h:15:7:[m[K [01;36m[Knote: [m[Kcandidate: ‘[01m[KRangesensor::Rangesensor(Rangesensor&&)[m[K’
[4.187s] [01m[K/home/rlagent/jay_ws/jaybot/include/jaybot/RangeSensor.h:15:7:[m[K [01;36m[Knote: [m[K  candidate expects 1 argument, 0 provided
[4.187s] [01m[K/home/rlagent/jay_ws/jaybot/src/range_publisher.cpp:18:27:[m[K [01;31m[Kerror: [m[Kno matching function for call to ‘[01m[KRangesensor::Rangesensor()[m[K’
[4.187s]    18 |   : Node("range_publisher"[01;31m[K)[m[K
[4.187s]       |                           [01;31m[K^[m[K
[4.187s] In file included from [01m[K/home/rlagent/jay_ws/jaybot/src/range_publisher.cpp:10[m[K:
[4.188s] [01m[K/home/rlagent/jay_ws/jaybot/include/jaybot/RangeSensor.h:37:1:[m[K [01;36m[Knote: [m[Kcandidate: ‘[01m[KRangesensor::Rangesensor(int, int)[m[K’
[4.188s]    37 | [01;36m[KRangesensor[m[K::Rangesensor(int trigpin, int echopin)
[4.188s]       | [01;36m[K^~~~~~~~~~~[m[K
[4.188s] [01m[K/home/rlagent/jay_ws/jaybot/include/jaybot/RangeSensor.h:37:1:[m[K [01;36m[Knote: [m[K  candidate expects 2 arguments, 0 provided
[4.188s] [01m[K/home/rlagent/jay_ws/jaybot/include/jaybot/RangeSensor.h:15:7:[m[K [01;36m[Knote: [m[Kcandidate: ‘[01m[KRangesensor::Rangesensor(const Rangesensor&)[m[K’
[4.188s]    15 | class [01;36m[KRangesensor[m[K
[4.188s]       |       [01;36m[K^~~~~~~~~~~[m[K
[4.189s] [01m[K/home/rlagent/jay_ws/jaybot/include/jaybot/RangeSensor.h:15:7:[m[K [01;36m[Knote: [m[K  candidate expects 1 argument, 0 provided
[4.189s] [01m[K/home/rlagent/jay_ws/jaybot/include/jaybot/RangeSensor.h:15:7:[m[K [01;36m[Knote: [m[Kcandidate: ‘[01m[KRangesensor::Rangesensor(Rangesensor&&)[m[K’
[4.189s] [01m[K/home/rlagent/jay_ws/jaybot/include/jaybot/RangeSensor.h:15:7:[m[K [01;36m[Knote: [m[K  candidate expects 1 argument, 0 provided
[5.203s] gmake[2]: *** [CMakeFiles/range_publisher.dir/build.make:76: CMakeFiles/range_publisher.dir/src/range_publisher.cpp.o] Error 1
[5.203s] gmake[1]: *** [CMakeFiles/Makefile2:139: CMakeFiles/range_publisher.dir/all] Error 2
[5.205s] gmake: *** [Makefile:146: all] Error 2
[5.208s] Invoked command in '/home/rlagent/jay_ws/build/jaybot' returned '2': AMENT_PREFIX_PATH=/home/rlagent/jay_ws/install/rl_custom_messages:${AMENT_PREFIX_PATH} CMAKE_PREFIX_PATH=/home/rlagent/jay_ws/install/rl_custom_messages:/opt/ros/humble LD_LIBRARY_PATH=/home/rlagent/jay_ws/install/rl_custom_messages/lib:${LD_LIBRARY_PATH} PYTHONPATH=/home/rlagent/jay_ws/install/rl_custom_messages/local/lib/python3.10/dist-packages:${PYTHONPATH} /usr/bin/cmake --build /home/rlagent/jay_ws/build/jaybot -- -j2 -l2
