[0.009s] Invoking command in '/home/rlcontrol/jay_ws/build/jaybot': CMAKE_PREFIX_PATH=/home/rlcontrol/jay_ws/install/rl_custom_messages:/home/rlcontrol/jay_ws/install/jaybot:/opt/ros/humble /home/rlcontrol/.local/bin/cmake --build /home/rlcontrol/jay_ws/build/jaybot -- -j6 -l6
[0.054s] [  0%] Built target ament_cmake_python_symlink_jaybot
[0.056s] [ 50%] Built target range_publisher
[0.060s] [ 75%] [32mBuilding CXX object CMakeFiles/rl_server.dir/src/rl_server.cpp.o[0m
[0.340s] running egg_info
[0.341s] writing jaybot.egg-info/PKG-INFO
[0.342s] writing dependency_links to jaybot.egg-info/dependency_links.txt
[0.342s] writing top-level names to jaybot.egg-info/top_level.txt
[0.345s] reading manifest file 'jaybot.egg-info/SOURCES.txt'
[0.346s] writing manifest file 'jaybot.egg-info/SOURCES.txt'
[0.368s] [ 75%] Built target ament_cmake_python_build_jaybot_egg
[8.721s] [100%] [32m[1mLinking CXX executable rl_server[0m
[9.062s] [100%] Built target rl_server
[9.071s] Invoked command in '/home/rlcontrol/jay_ws/build/jaybot' returned '0': CMAKE_PREFIX_PATH=/home/rlcontrol/jay_ws/install/rl_custom_messages:/home/rlcontrol/jay_ws/install/jaybot:/opt/ros/humble /home/rlcontrol/.local/bin/cmake --build /home/rlcontrol/jay_ws/build/jaybot -- -j6 -l6
[9.125s] Invoking command in '/home/rlcontrol/jay_ws/build/jaybot': CMAKE_PREFIX_PATH=/home/rlcontrol/jay_ws/install/rl_custom_messages:/home/rlcontrol/jay_ws/install/jaybot:/opt/ros/humble /home/rlcontrol/.local/bin/cmake --install /home/rlcontrol/jay_ws/build/jaybot
[9.150s] -- Install configuration: ""
[9.150s] -- Execute custom install script
[9.150s] -- Up-to-date symlink: /home/rlcontrol/jay_ws/install/jaybot/lib/jaybot/range_publisher
[9.151s] -- Up-to-date symlink: /home/rlcontrol/jay_ws/install/jaybot/lib/jaybot/rl_server
[9.151s] -- Up-to-date symlink: /home/rlcontrol/jay_ws/install/jaybot/include/jaybot/RangeSensor.h
[9.151s] -- Up-to-date symlink: /home/rlcontrol/jay_ws/install/jaybot/share/jaybot/environment/pythonpath.sh
[9.151s] -- Up-to-date symlink: /home/rlcontrol/jay_ws/install/jaybot/share/jaybot/environment/pythonpath.dsv
[9.152s] -- Up-to-date symlink: /home/rlcontrol/jay_ws/install/jaybot/local/lib/python3.10/dist-packages/jaybot-0.0.0-py3.10.egg-info/PKG-INFO
[9.152s] -- Up-to-date symlink: /home/rlcontrol/jay_ws/install/jaybot/local/lib/python3.10/dist-packages/jaybot-0.0.0-py3.10.egg-info/SOURCES.txt
[9.152s] -- Up-to-date symlink: /home/rlcontrol/jay_ws/install/jaybot/local/lib/python3.10/dist-packages/jaybot-0.0.0-py3.10.egg-info/dependency_links.txt
[9.152s] -- Up-to-date symlink: /home/rlcontrol/jay_ws/install/jaybot/local/lib/python3.10/dist-packages/jaybot-0.0.0-py3.10.egg-info/top_level.txt
[9.152s] -- Up-to-date symlink: /home/rlcontrol/jay_ws/install/jaybot/local/lib/python3.10/dist-packages/jaybot/__init__.py
[9.153s] -- Up-to-date symlink: /home/rlcontrol/jay_ws/install/jaybot/lib/jaybot/rl_mind.py
[9.153s] -- Up-to-date symlink: /home/rlcontrol/jay_ws/install/jaybot/share/ament_index/resource_index/package_run_dependencies/jaybot
[9.153s] -- Up-to-date symlink: /home/rlcontrol/jay_ws/install/jaybot/share/ament_index/resource_index/parent_prefix_path/jaybot
[9.153s] -- Up-to-date symlink: /home/rlcontrol/jay_ws/install/jaybot/share/jaybot/environment/ament_prefix_path.sh
[9.153s] -- Up-to-date symlink: /home/rlcontrol/jay_ws/install/jaybot/share/jaybot/environment/ament_prefix_path.dsv
[9.153s] -- Up-to-date symlink: /home/rlcontrol/jay_ws/install/jaybot/share/jaybot/environment/path.sh
[9.153s] -- Up-to-date symlink: /home/rlcontrol/jay_ws/install/jaybot/share/jaybot/environment/path.dsv
[9.154s] -- Up-to-date symlink: /home/rlcontrol/jay_ws/install/jaybot/share/jaybot/local_setup.bash
[9.154s] -- Up-to-date symlink: /home/rlcontrol/jay_ws/install/jaybot/share/jaybot/local_setup.sh
[9.154s] -- Up-to-date symlink: /home/rlcontrol/jay_ws/install/jaybot/share/jaybot/local_setup.zsh
[9.154s] -- Up-to-date symlink: /home/rlcontrol/jay_ws/install/jaybot/share/jaybot/local_setup.dsv
[9.154s] -- Symlinking: /home/rlcontrol/jay_ws/install/jaybot/share/jaybot/package.dsv
[9.158s] -- Up-to-date symlink: /home/rlcontrol/jay_ws/install/jaybot/share/ament_index/resource_index/packages/jaybot
[9.158s] -- Up-to-date symlink: /home/rlcontrol/jay_ws/install/jaybot/share/jaybot/cmake/ament_cmake_export_dependencies-extras.cmake
[9.158s] -- Up-to-date symlink: /home/rlcontrol/jay_ws/install/jaybot/share/jaybot/cmake/jaybotConfig.cmake
[9.158s] -- Up-to-date symlink: /home/rlcontrol/jay_ws/install/jaybot/share/jaybot/cmake/jaybotConfig-version.cmake
[9.158s] -- Up-to-date symlink: /home/rlcontrol/jay_ws/install/jaybot/share/jaybot/package.xml
[9.185s] Listing '/home/rlcontrol/jay_ws/install/jaybot/local/lib/python3.10/dist-packages/jaybot'...
[9.195s] Invoked command in '/home/rlcontrol/jay_ws/build/jaybot' returned '0': CMAKE_PREFIX_PATH=/home/rlcontrol/jay_ws/install/rl_custom_messages:/home/rlcontrol/jay_ws/install/jaybot:/opt/ros/humble /home/rlcontrol/.local/bin/cmake --install /home/rlcontrol/jay_ws/build/jaybot
