[0.011s] Invoking command in '/home/rlcontrol/jay_ws/build/jaybot': CMAKE_PREFIX_PATH=/home/rlcontrol/jay_ws/install/rl_custom_messages:/home/rlcontrol/jay_ws/install/jaybot:/opt/ros/humble /home/rlcontrol/.local/bin/cmake --build /home/rlcontrol/jay_ws/build/jaybot -- -j6 -l6
[0.046s] -- Found ament_cmake: 1.3.4 (/opt/ros/humble/share/ament_cmake/cmake)
[0.142s] -- Override CMake install command with custom implementation using symlinks instead of copying resources
[0.149s] -- Found rclcpp: 16.0.4 (/opt/ros/humble/share/rclcpp/cmake)
[0.179s] -- Found rosidl_generator_c: 3.1.4 (/opt/ros/humble/share/rosidl_generator_c/cmake)
[0.182s] -- Found rosidl_adapter: 3.1.4 (/opt/ros/humble/share/rosidl_adapter/cmake)
[0.188s] -- Found rosidl_generator_cpp: 3.1.4 (/opt/ros/humble/share/rosidl_generator_cpp/cmake)
[0.201s] -- Using all available rosidl_typesupport_c: rosidl_typesupport_fastrtps_c;rosidl_typesupport_introspection_c
[0.217s] -- Using all available rosidl_typesupport_cpp: rosidl_typesupport_fastrtps_cpp;rosidl_typesupport_introspection_cpp
[0.278s] -- Found rmw_implementation_cmake: 6.1.1 (/opt/ros/humble/share/rmw_implementation_cmake/cmake)
[0.279s] -- Found rmw_fastrtps_cpp: 6.2.2 (/opt/ros/humble/share/rmw_fastrtps_cpp/cmake)
[0.385s] -- Using RMW implementation 'rmw_fastrtps_cpp' as default
[0.548s] -- Found rclpy: 3.3.8 (/opt/ros/humble/share/rclpy/cmake)
[0.548s] -- Found rl_custom_messages: 0.0.0 (/home/rlcontrol/jay_ws/install/rl_custom_messages/share/rl_custom_messages/cmake)
[0.564s] -- Found sensor_msgs: 4.2.3 (/opt/ros/humble/share/sensor_msgs/cmake)
[0.704s] -- Found cv_bridge: 3.2.1 (/opt/ros/humble/share/cv_bridge/cmake)
[0.824s] -- Configuring done (0.8s)
[0.846s] -- Generating done (0.0s)
[0.848s] -- Build files have been written to: /home/rlcontrol/jay_ws/build/jaybot
[0.868s] [ 12%] [32mBuilding CXX object CMakeFiles/camera_publisher.dir/src/camera_publisher.cpp.o[0m
[0.871s] [ 12%] Built target ament_cmake_python_symlink_jaybot
[0.876s] [ 62%] Built target range_publisher
[0.877s] [ 62%] Built target motor_controller
[0.877s] [ 75%] [32mBuilding CXX object CMakeFiles/rl_server.dir/src/rl_server.cpp.o[0m
[1.065s] [01m[K/home/rlcontrol/jay_ws/jaybot/src/rl_server.cpp:6:10:[m[K [01;31m[Kfatal error: [m[Kcv_bridge/cv_bridge.h: No such file or directory
[1.065s]     6 | #include [01;31m[K<cv_bridge/cv_bridge.h>[m[K
[1.065s]       |          [01;31m[K^~~~~~~~~~~~~~~~~~~~~~~[m[K
[1.065s] compilation terminated.
[1.067s] gmake[2]: *** [CMakeFiles/rl_server.dir/build.make:76: CMakeFiles/rl_server.dir/src/rl_server.cpp.o] Error 1
[1.067s] gmake[1]: *** [CMakeFiles/Makefile2:224: CMakeFiles/rl_server.dir/all] Error 2
[1.068s] gmake[1]: *** Waiting for unfinished jobs....
[1.096s] running egg_info
[1.097s] writing jaybot.egg-info/PKG-INFO
[1.097s] writing dependency_links to jaybot.egg-info/dependency_links.txt
[1.097s] writing top-level names to jaybot.egg-info/top_level.txt
[1.099s] reading manifest file 'jaybot.egg-info/SOURCES.txt'
[1.099s] writing manifest file 'jaybot.egg-info/SOURCES.txt'
[1.120s] [ 75%] Built target ament_cmake_python_build_jaybot_egg
[6.222s] [ 87%] [32m[1mLinking CXX executable camera_publisher[0m
[6.964s] [ 87%] Built target camera_publisher
[6.965s] gmake: *** [Makefile:146: all] Error 2
[6.972s] Invoked command in '/home/rlcontrol/jay_ws/build/jaybot' returned '2': CMAKE_PREFIX_PATH=/home/rlcontrol/jay_ws/install/rl_custom_messages:/home/rlcontrol/jay_ws/install/jaybot:/opt/ros/humble /home/rlcontrol/.local/bin/cmake --build /home/rlcontrol/jay_ws/build/jaybot -- -j6 -l6
