[0.021s] Invoking command in '/home/rlagent/jay_ws/build/jaybot': AMENT_PREFIX_PATH=/home/rlagent/jay_ws/install/rl_custom_messages:${AMENT_PREFIX_PATH} CMAKE_PREFIX_PATH=/home/rlagent/jay_ws/install/rl_custom_messages:/opt/ros/humble LD_LIBRARY_PATH=/home/rlagent/jay_ws/install/rl_custom_messages/lib:${LD_LIBRARY_PATH} PYTHONPATH=/home/rlagent/jay_ws/install/rl_custom_messages/local/lib/python3.10/dist-packages:${PYTHONPATH} /usr/bin/cmake --build /home/rlagent/jay_ws/build/jaybot -- -j2 -l2
[0.100s] [35m[1mConsolidate compiler generated dependencies of target range_publisher[0m
[0.102s] [35m[1mConsolidate compiler generated dependencies of target range_subscriber[0m
[0.138s] [ 25%] [32mBuilding CXX object CMakeFiles/range_publisher.dir/src/range_publisher.cpp.o[0m
[0.144s] [ 75%] Built target range_subscriber
[3.285s] [01m[K/home/rlagent/jay_ws/jaybot/src/range_publisher.cpp:[m[K In constructor ‘[01m[KRangePublisher::RangePublisher()[m[K’:
[3.285s] [01m[K/home/rlagent/jay_ws/jaybot/src/range_publisher.cpp:18:27:[m[K [01;31m[Kerror: [m[Kno matching function for call to ‘[01m[KRangesensor::Rangesensor()[m[K’
[3.285s]    18 |   : Node("range_publisher"[01;31m[K)[m[K
[3.286s]       |                           [01;31m[K^[m[K
[3.286s] In file included from [01m[K/home/rlagent/jay_ws/jaybot/src/range_publisher.cpp:10[m[K:
[3.286s] [01m[K/home/rlagent/jay_ws/jaybot/include/jaybot/RangeSensor.h:37:1:[m[K [01;36m[Knote: [m[Kcandidate: ‘[01m[KRangesensor::Rangesensor(int, int)[m[K’
[3.286s]    37 | [01;36m[KRangesensor[m[K::Rangesensor(int trigpin, int echopin)
[3.286s]       | [01;36m[K^~~~~~~~~~~[m[K
[3.287s] [01m[K/home/rlagent/jay_ws/jaybot/include/jaybot/RangeSensor.h:37:1:[m[K [01;36m[Knote: [m[K  candidate expects 2 arguments, 0 provided
[3.287s] [01m[K/home/rlagent/jay_ws/jaybot/include/jaybot/RangeSensor.h:15:7:[m[K [01;36m[Knote: [m[Kcandidate: ‘[01m[KRangesensor::Rangesensor(const Rangesensor&)[m[K’
[3.287s]    15 | class [01;36m[KRangesensor[m[K
[3.287s]       |       [01;36m[K^~~~~~~~~~~[m[K
[3.287s] [01m[K/home/rlagent/jay_ws/jaybot/include/jaybot/RangeSensor.h:15:7:[m[K [01;36m[Knote: [m[K  candidate expects 1 argument, 0 provided
[3.287s] [01m[K/home/rlagent/jay_ws/jaybot/include/jaybot/RangeSensor.h:15:7:[m[K [01;36m[Knote: [m[Kcandidate: ‘[01m[KRangesensor::Rangesensor(Rangesensor&&)[m[K’
[3.287s] [01m[K/home/rlagent/jay_ws/jaybot/include/jaybot/RangeSensor.h:15:7:[m[K [01;36m[Knote: [m[K  candidate expects 1 argument, 0 provided
[3.288s] [01m[K/home/rlagent/jay_ws/jaybot/src/range_publisher.cpp:18:27:[m[K [01;31m[Kerror: [m[Kno matching function for call to ‘[01m[KRangesensor::Rangesensor()[m[K’
[3.288s]    18 |   : Node("range_publisher"[01;31m[K)[m[K
[3.288s]       |                           [01;31m[K^[m[K
[3.288s] In file included from [01m[K/home/rlagent/jay_ws/jaybot/src/range_publisher.cpp:10[m[K:
[3.288s] [01m[K/home/rlagent/jay_ws/jaybot/include/jaybot/RangeSensor.h:37:1:[m[K [01;36m[Knote: [m[Kcandidate: ‘[01m[KRangesensor::Rangesensor(int, int)[m[K’
[3.289s]    37 | [01;36m[KRangesensor[m[K::Rangesensor(int trigpin, int echopin)
[3.289s]       | [01;36m[K^~~~~~~~~~~[m[K
[3.289s] [01m[K/home/rlagent/jay_ws/jaybot/include/jaybot/RangeSensor.h:37:1:[m[K [01;36m[Knote: [m[K  candidate expects 2 arguments, 0 provided
[3.289s] [01m[K/home/rlagent/jay_ws/jaybot/include/jaybot/RangeSensor.h:15:7:[m[K [01;36m[Knote: [m[Kcandidate: ‘[01m[KRangesensor::Rangesensor(const Rangesensor&)[m[K’
[3.289s]    15 | class [01;36m[KRangesensor[m[K
[3.289s]       |       [01;36m[K^~~~~~~~~~~[m[K
[3.289s] [01m[K/home/rlagent/jay_ws/jaybot/include/jaybot/RangeSensor.h:15:7:[m[K [01;36m[Knote: [m[K  candidate expects 1 argument, 0 provided
[3.290s] [01m[K/home/rlagent/jay_ws/jaybot/include/jaybot/RangeSensor.h:15:7:[m[K [01;36m[Knote: [m[Kcandidate: ‘[01m[KRangesensor::Rangesensor(Rangesensor&&)[m[K’
[3.290s] [01m[K/home/rlagent/jay_ws/jaybot/include/jaybot/RangeSensor.h:15:7:[m[K [01;36m[Knote: [m[K  candidate expects 1 argument, 0 provided
[3.290s] [01m[K/home/rlagent/jay_ws/jaybot/src/range_publisher.cpp:18:27:[m[K [01;31m[Kerror: [m[Kno matching function for call to ‘[01m[KRangesensor::Rangesensor()[m[K’
[3.290s]    18 |   : Node("range_publisher"[01;31m[K)[m[K
[3.290s]       |                           [01;31m[K^[m[K
[3.291s] In file included from [01m[K/home/rlagent/jay_ws/jaybot/src/range_publisher.cpp:10[m[K:
[3.291s] [01m[K/home/rlagent/jay_ws/jaybot/include/jaybot/RangeSensor.h:37:1:[m[K [01;36m[Knote: [m[Kcandidate: ‘[01m[KRangesensor::Rangesensor(int, int)[m[K’
[3.291s]    37 | [01;36m[KRangesensor[m[K::Rangesensor(int trigpin, int echopin)
[3.291s]       | [01;36m[K^~~~~~~~~~~[m[K
[3.291s] [01m[K/home/rlagent/jay_ws/jaybot/include/jaybot/RangeSensor.h:37:1:[m[K [01;36m[Knote: [m[K  candidate expects 2 arguments, 0 provided
[3.291s] [01m[K/home/rlagent/jay_ws/jaybot/include/jaybot/RangeSensor.h:15:7:[m[K [01;36m[Knote: [m[Kcandidate: ‘[01m[KRangesensor::Rangesensor(const Rangesensor&)[m[K’
[3.291s]    15 | class [01;36m[KRangesensor[m[K
[3.292s]       |       [01;36m[K^~~~~~~~~~~[m[K
[3.292s] [01m[K/home/rlagent/jay_ws/jaybot/include/jaybot/RangeSensor.h:15:7:[m[K [01;36m[Knote: [m[K  candidate expects 1 argument, 0 provided
[3.292s] [01m[K/home/rlagent/jay_ws/jaybot/include/jaybot/RangeSensor.h:15:7:[m[K [01;36m[Knote: [m[Kcandidate: ‘[01m[KRangesensor::Rangesensor(Rangesensor&&)[m[K’
[3.292s] [01m[K/home/rlagent/jay_ws/jaybot/include/jaybot/RangeSensor.h:15:7:[m[K [01;36m[Knote: [m[K  candidate expects 1 argument, 0 provided
[3.293s] [01m[K/home/rlagent/jay_ws/jaybot/src/range_publisher.cpp:18:27:[m[K [01;31m[Kerror: [m[Kno matching function for call to ‘[01m[KRangesensor::Rangesensor()[m[K’
[3.293s]    18 |   : Node("range_publisher"[01;31m[K)[m[K
[3.293s]       |                           [01;31m[K^[m[K
[3.293s] In file included from [01m[K/home/rlagent/jay_ws/jaybot/src/range_publisher.cpp:10[m[K:
[3.293s] [01m[K/home/rlagent/jay_ws/jaybot/include/jaybot/RangeSensor.h:37:1:[m[K [01;36m[Knote: [m[Kcandidate: ‘[01m[KRangesensor::Rangesensor(int, int)[m[K’
[3.293s]    37 | [01;36m[KRangesensor[m[K::Rangesensor(int trigpin, int echopin)
[3.293s]       | [01;36m[K^~~~~~~~~~~[m[K
[3.294s] [01m[K/home/rlagent/jay_ws/jaybot/include/jaybot/RangeSensor.h:37:1:[m[K [01;36m[Knote: [m[K  candidate expects 2 arguments, 0 provided
[3.297s] [01m[K/home/rlagent/jay_ws/jaybot/include/jaybot/RangeSensor.h:15:7:[m[K [01;36m[Knote: [m[Kcandidate: ‘[01m[KRangesensor::Rangesensor(const Rangesensor&)[m[K’
[3.298s]    15 | class [01;36m[KRangesensor[m[K
[3.298s]       |       [01;36m[K^~~~~~~~~~~[m[K
[3.298s] [01m[K/home/rlagent/jay_ws/jaybot/include/jaybot/RangeSensor.h:15:7:[m[K [01;36m[Knote: [m[K  candidate expects 1 argument, 0 provided
[3.298s] [01m[K/home/rlagent/jay_ws/jaybot/include/jaybot/RangeSensor.h:15:7:[m[K [01;36m[Knote: [m[Kcandidate: ‘[01m[KRangesensor::Rangesensor(Rangesensor&&)[m[K’
[3.298s] [01m[K/home/rlagent/jay_ws/jaybot/include/jaybot/RangeSensor.h:15:7:[m[K [01;36m[Knote: [m[K  candidate expects 1 argument, 0 provided
[3.298s] [01m[K/home/rlagent/jay_ws/jaybot/src/range_publisher.cpp:22:5:[m[K [01;31m[Kerror: [m[K‘[01m[Kjaybot[m[K’ has not been declared
[3.298s]    22 |     [01;31m[Kjaybot[m[K::RangeSensor::Rangesensor rangesensorl{15, 14};
[3.299s]       |     [01;31m[K^~~~~~[m[K
[3.299s] [01m[K/home/rlagent/jay_ws/jaybot/src/range_publisher.cpp:23:5:[m[K [01;31m[Kerror: [m[K‘[01m[Kjaybot[m[K’ has not been declared
[3.299s]    23 |     [01;31m[Kjaybot[m[K::RangeSensor::Rangesensor rangesensorf{3, 2};
[3.299s]       |     [01;31m[K^~~~~~[m[K
[3.299s] [01m[K/home/rlagent/jay_ws/jaybot/src/range_publisher.cpp:24:5:[m[K [01;31m[Kerror: [m[K‘[01m[Kjaybot[m[K’ has not been declared
[3.299s]    24 |     [01;31m[Kjaybot[m[K::RangeSensor::Rangesensor rangesensorr{23, 18};
[3.299s]       |     [01;31m[K^~~~~~[m[K
[3.300s] [01m[K/home/rlagent/jay_ws/jaybot/src/range_publisher.cpp:25:5:[m[K [01;31m[Kerror: [m[K‘[01m[Kjaybot[m[K’ has not been declared
[3.300s]    25 |     [01;31m[Kjaybot[m[K::RangeSensor::Rangesensor rangesensorb{22, 27};
[3.300s]       |     [01;31m[K^~~~~~[m[K
[4.312s] gmake[2]: *** [CMakeFiles/range_publisher.dir/build.make:76: CMakeFiles/range_publisher.dir/src/range_publisher.cpp.o] Error 1
[4.313s] gmake[1]: *** [CMakeFiles/Makefile2:139: CMakeFiles/range_publisher.dir/all] Error 2
[4.315s] gmake: *** [Makefile:146: all] Error 2
[4.317s] Invoked command in '/home/rlagent/jay_ws/build/jaybot' returned '2': AMENT_PREFIX_PATH=/home/rlagent/jay_ws/install/rl_custom_messages:${AMENT_PREFIX_PATH} CMAKE_PREFIX_PATH=/home/rlagent/jay_ws/install/rl_custom_messages:/opt/ros/humble LD_LIBRARY_PATH=/home/rlagent/jay_ws/install/rl_custom_messages/lib:${LD_LIBRARY_PATH} PYTHONPATH=/home/rlagent/jay_ws/install/rl_custom_messages/local/lib/python3.10/dist-packages:${PYTHONPATH} /usr/bin/cmake --build /home/rlagent/jay_ws/build/jaybot -- -j2 -l2
