[0.010s] Invoking command in '/home/rlagent/jay_ws/build/rl_custom_messages': CMAKE_PREFIX_PATH=/opt/ros/humble /usr/bin/cmake --build /home/rlagent/jay_ws/build/rl_custom_messages -- -j2 -l2
[0.057s] [  6%] Built target rl_custom_messages__cpp
[0.057s] [ 12%] Built target rl_custom_messages__rosidl_generator_c
[0.075s] [ 22%] Built target rl_custom_messages__rosidl_typesupport_introspection_cpp
[0.080s] [ 22%] Built target ament_cmake_python_copy_rl_custom_messages
[0.092s] [ 32%] Built target rl_custom_messages__rosidl_typesupport_cpp
[0.097s] [ 41%] Built target rl_custom_messages__rosidl_typesupport_fastrtps_c
[0.112s] [ 51%] Built target rl_custom_messages__rosidl_typesupport_introspection_c
[0.114s] [ 61%] Built target rl_custom_messages__rosidl_typesupport_c
[0.136s] [ 70%] Built target rl_custom_messages__rosidl_typesupport_fastrtps_cpp
[0.154s] [ 70%] Built target rl_custom_messages
[0.171s] [ 74%] Built target rl_custom_messages__py
[0.188s] [ 80%] Built target rl_custom_messages__rosidl_generator_py
[0.206s] [ 87%] Built target rl_custom_messages__rosidl_typesupport_fastrtps_c__pyext
[0.227s] [ 93%] Built target rl_custom_messages__rosidl_typesupport_introspection_c__pyext
[0.246s] [100%] Built target rl_custom_messages__rosidl_typesupport_c__pyext
[0.310s] running egg_info
[0.311s] writing rl_custom_messages.egg-info/PKG-INFO
[0.311s] writing dependency_links to rl_custom_messages.egg-info/dependency_links.txt
[0.312s] writing top-level names to rl_custom_messages.egg-info/top_level.txt
[0.313s] reading manifest file 'rl_custom_messages.egg-info/SOURCES.txt'
[0.314s] writing manifest file 'rl_custom_messages.egg-info/SOURCES.txt'
[0.333s] [100%] Built target ament_cmake_python_build_rl_custom_messages_egg
[0.344s] Invoked command in '/home/rlagent/jay_ws/build/rl_custom_messages' returned '0': CMAKE_PREFIX_PATH=/opt/ros/humble /usr/bin/cmake --build /home/rlagent/jay_ws/build/rl_custom_messages -- -j2 -l2
[0.422s] Invoking command in '/home/rlagent/jay_ws/build/rl_custom_messages': CMAKE_PREFIX_PATH=/opt/ros/humble /usr/bin/cmake --install /home/rlagent/jay_ws/build/rl_custom_messages
[0.429s] -- Install configuration: ""
[0.430s] -- Up-to-date: /home/rlagent/jay_ws/install/rl_custom_messages/share/ament_index/resource_index/rosidl_interfaces/rl_custom_messages
[0.430s] -- Up-to-date: /home/rlagent/jay_ws/install/rl_custom_messages/include/rl_custom_messages/rl_custom_messages
[0.430s] -- Up-to-date: /home/rlagent/jay_ws/install/rl_custom_messages/include/rl_custom_messages/rl_custom_messages/msg
[0.430s] -- Up-to-date: /home/rlagent/jay_ws/install/rl_custom_messages/include/rl_custom_messages/rl_custom_messages/msg/range_array.h
[0.431s] -- Up-to-date: /home/rlagent/jay_ws/install/rl_custom_messages/include/rl_custom_messages/rl_custom_messages/msg/detail
[0.431s] -- Up-to-date: /home/rlagent/jay_ws/install/rl_custom_messages/include/rl_custom_messages/rl_custom_messages/msg/detail/range_array__functions.h
[0.431s] -- Up-to-date: /home/rlagent/jay_ws/install/rl_custom_messages/include/rl_custom_messages/rl_custom_messages/msg/detail/range_array__type_support.h
[0.431s] -- Up-to-date: /home/rlagent/jay_ws/install/rl_custom_messages/include/rl_custom_messages/rl_custom_messages/msg/detail/range_array__struct.h
[0.431s] -- Up-to-date: /home/rlagent/jay_ws/install/rl_custom_messages/include/rl_custom_messages/rl_custom_messages/msg/detail/range_array__functions.c
[0.431s] -- Up-to-date: /home/rlagent/jay_ws/install/rl_custom_messages/include/rl_custom_messages/rl_custom_messages/msg/rosidl_generator_c__visibility_control.h
[0.431s] -- Up-to-date: /home/rlagent/jay_ws/install/rl_custom_messages/share/rl_custom_messages/environment/library_path.sh
[0.432s] -- Up-to-date: /home/rlagent/jay_ws/install/rl_custom_messages/share/rl_custom_messages/environment/library_path.dsv
[0.432s] -- Up-to-date: /home/rlagent/jay_ws/install/rl_custom_messages/lib/librl_custom_messages__rosidl_generator_c.so
[0.432s] -- Up-to-date: /home/rlagent/jay_ws/install/rl_custom_messages/include/rl_custom_messages/rl_custom_messages
[0.432s] -- Up-to-date: /home/rlagent/jay_ws/install/rl_custom_messages/include/rl_custom_messages/rl_custom_messages/msg
[0.432s] -- Up-to-date: /home/rlagent/jay_ws/install/rl_custom_messages/include/rl_custom_messages/rl_custom_messages/msg/rosidl_typesupport_fastrtps_c__visibility_control.h
[0.432s] -- Up-to-date: /home/rlagent/jay_ws/install/rl_custom_messages/include/rl_custom_messages/rl_custom_messages/msg/detail
[0.432s] -- Up-to-date: /home/rlagent/jay_ws/install/rl_custom_messages/include/rl_custom_messages/rl_custom_messages/msg/detail/range_array__rosidl_typesupport_fastrtps_c.h
[0.433s] -- Up-to-date: /home/rlagent/jay_ws/install/rl_custom_messages/lib/librl_custom_messages__rosidl_typesupport_fastrtps_c.so
[0.433s] -- Up-to-date: /home/rlagent/jay_ws/install/rl_custom_messages/include/rl_custom_messages/rl_custom_messages
[0.434s] -- Up-to-date: /home/rlagent/jay_ws/install/rl_custom_messages/include/rl_custom_messages/rl_custom_messages/msg
[0.434s] -- Up-to-date: /home/rlagent/jay_ws/install/rl_custom_messages/include/rl_custom_messages/rl_custom_messages/msg/rosidl_typesupport_introspection_c__visibility_control.h
[0.434s] -- Up-to-date: /home/rlagent/jay_ws/install/rl_custom_messages/include/rl_custom_messages/rl_custom_messages/msg/detail
[0.434s] -- Up-to-date: /home/rlagent/jay_ws/install/rl_custom_messages/include/rl_custom_messages/rl_custom_messages/msg/detail/range_array__rosidl_typesupport_introspection_c.h
[0.435s] -- Up-to-date: /home/rlagent/jay_ws/install/rl_custom_messages/include/rl_custom_messages/rl_custom_messages/msg/detail/range_array__type_support.c
[0.435s] -- Up-to-date: /home/rlagent/jay_ws/install/rl_custom_messages/lib/librl_custom_messages__rosidl_typesupport_introspection_c.so
[0.436s] -- Up-to-date: /home/rlagent/jay_ws/install/rl_custom_messages/lib/librl_custom_messages__rosidl_typesupport_c.so
[0.436s] -- Up-to-date: /home/rlagent/jay_ws/install/rl_custom_messages/include/rl_custom_messages/rl_custom_messages
[0.436s] -- Up-to-date: /home/rlagent/jay_ws/install/rl_custom_messages/include/rl_custom_messages/rl_custom_messages/msg
[0.436s] -- Up-to-date: /home/rlagent/jay_ws/install/rl_custom_messages/include/rl_custom_messages/rl_custom_messages/msg/range_array.hpp
[0.437s] -- Up-to-date: /home/rlagent/jay_ws/install/rl_custom_messages/include/rl_custom_messages/rl_custom_messages/msg/detail
[0.437s] -- Up-to-date: /home/rlagent/jay_ws/install/rl_custom_messages/include/rl_custom_messages/rl_custom_messages/msg/detail/range_array__struct.hpp
[0.437s] -- Up-to-date: /home/rlagent/jay_ws/install/rl_custom_messages/include/rl_custom_messages/rl_custom_messages/msg/detail/range_array__builder.hpp
[0.437s] -- Up-to-date: /home/rlagent/jay_ws/install/rl_custom_messages/include/rl_custom_messages/rl_custom_messages/msg/detail/range_array__traits.hpp
[0.437s] -- Up-to-date: /home/rlagent/jay_ws/install/rl_custom_messages/include/rl_custom_messages/rl_custom_messages
[0.437s] -- Up-to-date: /home/rlagent/jay_ws/install/rl_custom_messages/include/rl_custom_messages/rl_custom_messages/msg
[0.437s] -- Up-to-date: /home/rlagent/jay_ws/install/rl_custom_messages/include/rl_custom_messages/rl_custom_messages/msg/rosidl_typesupport_fastrtps_cpp__visibility_control.h
[0.437s] -- Up-to-date: /home/rlagent/jay_ws/install/rl_custom_messages/include/rl_custom_messages/rl_custom_messages/msg/detail
[0.437s] -- Up-to-date: /home/rlagent/jay_ws/install/rl_custom_messages/include/rl_custom_messages/rl_custom_messages/msg/detail/dds_fastrtps
[0.438s] -- Up-to-date: /home/rlagent/jay_ws/install/rl_custom_messages/include/rl_custom_messages/rl_custom_messages/msg/detail/range_array__rosidl_typesupport_fastrtps_cpp.hpp
[0.438s] -- Up-to-date: /home/rlagent/jay_ws/install/rl_custom_messages/lib/librl_custom_messages__rosidl_typesupport_fastrtps_cpp.so
[0.438s] -- Up-to-date: /home/rlagent/jay_ws/install/rl_custom_messages/include/rl_custom_messages/rl_custom_messages
[0.438s] -- Up-to-date: /home/rlagent/jay_ws/install/rl_custom_messages/include/rl_custom_messages/rl_custom_messages/msg
[0.438s] -- Up-to-date: /home/rlagent/jay_ws/install/rl_custom_messages/include/rl_custom_messages/rl_custom_messages/msg/detail
[0.438s] -- Up-to-date: /home/rlagent/jay_ws/install/rl_custom_messages/include/rl_custom_messages/rl_custom_messages/msg/detail/range_array__type_support.cpp
[0.438s] -- Up-to-date: /home/rlagent/jay_ws/install/rl_custom_messages/include/rl_custom_messages/rl_custom_messages/msg/detail/range_array__rosidl_typesupport_introspection_cpp.hpp
[0.438s] -- Up-to-date: /home/rlagent/jay_ws/install/rl_custom_messages/lib/librl_custom_messages__rosidl_typesupport_introspection_cpp.so
[0.438s] -- Up-to-date: /home/rlagent/jay_ws/install/rl_custom_messages/lib/librl_custom_messages__rosidl_typesupport_cpp.so
[0.438s] -- Up-to-date: /home/rlagent/jay_ws/install/rl_custom_messages/share/rl_custom_messages/environment/pythonpath.sh
[0.438s] -- Up-to-date: /home/rlagent/jay_ws/install/rl_custom_messages/share/rl_custom_messages/environment/pythonpath.dsv
[0.438s] -- Up-to-date: /home/rlagent/jay_ws/install/rl_custom_messages/local/lib/python3.10/dist-packages/rl_custom_messages-0.0.0-py3.10.egg-info
[0.438s] -- Installing: /home/rlagent/jay_ws/install/rl_custom_messages/local/lib/python3.10/dist-packages/rl_custom_messages-0.0.0-py3.10.egg-info/dependency_links.txt
[0.439s] -- Installing: /home/rlagent/jay_ws/install/rl_custom_messages/local/lib/python3.10/dist-packages/rl_custom_messages-0.0.0-py3.10.egg-info/SOURCES.txt
[0.439s] -- Installing: /home/rlagent/jay_ws/install/rl_custom_messages/local/lib/python3.10/dist-packages/rl_custom_messages-0.0.0-py3.10.egg-info/PKG-INFO
[0.439s] -- Installing: /home/rlagent/jay_ws/install/rl_custom_messages/local/lib/python3.10/dist-packages/rl_custom_messages-0.0.0-py3.10.egg-info/top_level.txt
[0.439s] -- Up-to-date: /home/rlagent/jay_ws/install/rl_custom_messages/local/lib/python3.10/dist-packages/rl_custom_messages
[0.439s] -- Up-to-date: /home/rlagent/jay_ws/install/rl_custom_messages/local/lib/python3.10/dist-packages/rl_custom_messages/rl_custom_messages_s__rosidl_typesupport_fastrtps_c.cpython-310-x86_64-linux-gnu.so
[0.439s] -- Up-to-date: /home/rlagent/jay_ws/install/rl_custom_messages/local/lib/python3.10/dist-packages/rl_custom_messages/_rl_custom_messages_s.ep.rosidl_typesupport_c.c
[0.439s] -- Up-to-date: /home/rlagent/jay_ws/install/rl_custom_messages/local/lib/python3.10/dist-packages/rl_custom_messages/_rl_custom_messages_s.ep.rosidl_typesupport_fastrtps_c.c
[0.439s] -- Up-to-date: /home/rlagent/jay_ws/install/rl_custom_messages/local/lib/python3.10/dist-packages/rl_custom_messages/rl_custom_messages_s__rosidl_typesupport_introspection_c.cpython-310-x86_64-linux-gnu.so
[0.439s] -- Up-to-date: /home/rlagent/jay_ws/install/rl_custom_messages/local/lib/python3.10/dist-packages/rl_custom_messages/librl_custom_messages__rosidl_generator_py.so
[0.439s] -- Up-to-date: /home/rlagent/jay_ws/install/rl_custom_messages/local/lib/python3.10/dist-packages/rl_custom_messages/msg
[0.439s] -- Up-to-date: /home/rlagent/jay_ws/install/rl_custom_messages/local/lib/python3.10/dist-packages/rl_custom_messages/msg/_range_array.py
[0.439s] -- Up-to-date: /home/rlagent/jay_ws/install/rl_custom_messages/local/lib/python3.10/dist-packages/rl_custom_messages/msg/_range_array_s.c
[0.439s] -- Up-to-date: /home/rlagent/jay_ws/install/rl_custom_messages/local/lib/python3.10/dist-packages/rl_custom_messages/msg/__init__.py
[0.439s] -- Up-to-date: /home/rlagent/jay_ws/install/rl_custom_messages/local/lib/python3.10/dist-packages/rl_custom_messages/rl_custom_messages_s__rosidl_typesupport_c.cpython-310-x86_64-linux-gnu.so
[0.439s] -- Up-to-date: /home/rlagent/jay_ws/install/rl_custom_messages/local/lib/python3.10/dist-packages/rl_custom_messages/__init__.py
[0.439s] -- Up-to-date: /home/rlagent/jay_ws/install/rl_custom_messages/local/lib/python3.10/dist-packages/rl_custom_messages/_rl_custom_messages_s.ep.rosidl_typesupport_introspection_c.c
[0.462s] Listing '/home/rlagent/jay_ws/install/rl_custom_messages/local/lib/python3.10/dist-packages/rl_custom_messages'...
[0.462s] Listing '/home/rlagent/jay_ws/install/rl_custom_messages/local/lib/python3.10/dist-packages/rl_custom_messages/msg'...
[0.465s] -- Up-to-date: /home/rlagent/jay_ws/install/rl_custom_messages/local/lib/python3.10/dist-packages/rl_custom_messages/rl_custom_messages_s__rosidl_typesupport_fastrtps_c.cpython-310-x86_64-linux-gnu.so
[0.465s] -- Up-to-date: /home/rlagent/jay_ws/install/rl_custom_messages/local/lib/python3.10/dist-packages/rl_custom_messages/rl_custom_messages_s__rosidl_typesupport_introspection_c.cpython-310-x86_64-linux-gnu.so
[0.465s] -- Up-to-date: /home/rlagent/jay_ws/install/rl_custom_messages/local/lib/python3.10/dist-packages/rl_custom_messages/rl_custom_messages_s__rosidl_typesupport_c.cpython-310-x86_64-linux-gnu.so
[0.465s] -- Up-to-date: /home/rlagent/jay_ws/install/rl_custom_messages/lib/librl_custom_messages__rosidl_generator_py.so
[0.465s] -- Up-to-date: /home/rlagent/jay_ws/install/rl_custom_messages/share/rl_custom_messages/msg/RangeArray.idl
[0.466s] -- Up-to-date: /home/rlagent/jay_ws/install/rl_custom_messages/share/rl_custom_messages/msg/RangeArray.msg
[0.466s] -- Up-to-date: /home/rlagent/jay_ws/install/rl_custom_messages/share/ament_index/resource_index/package_run_dependencies/rl_custom_messages
[0.466s] -- Up-to-date: /home/rlagent/jay_ws/install/rl_custom_messages/share/ament_index/resource_index/parent_prefix_path/rl_custom_messages
[0.466s] -- Up-to-date: /home/rlagent/jay_ws/install/rl_custom_messages/share/rl_custom_messages/environment/ament_prefix_path.sh
[0.466s] -- Up-to-date: /home/rlagent/jay_ws/install/rl_custom_messages/share/rl_custom_messages/environment/ament_prefix_path.dsv
[0.466s] -- Up-to-date: /home/rlagent/jay_ws/install/rl_custom_messages/share/rl_custom_messages/environment/path.sh
[0.466s] -- Up-to-date: /home/rlagent/jay_ws/install/rl_custom_messages/share/rl_custom_messages/environment/path.dsv
[0.466s] -- Up-to-date: /home/rlagent/jay_ws/install/rl_custom_messages/share/rl_custom_messages/local_setup.bash
[0.467s] -- Up-to-date: /home/rlagent/jay_ws/install/rl_custom_messages/share/rl_custom_messages/local_setup.sh
[0.467s] -- Up-to-date: /home/rlagent/jay_ws/install/rl_custom_messages/share/rl_custom_messages/local_setup.zsh
[0.467s] -- Up-to-date: /home/rlagent/jay_ws/install/rl_custom_messages/share/rl_custom_messages/local_setup.dsv
[0.467s] -- Installing: /home/rlagent/jay_ws/install/rl_custom_messages/share/rl_custom_messages/package.dsv
[0.468s] -- Up-to-date: /home/rlagent/jay_ws/install/rl_custom_messages/share/ament_index/resource_index/packages/rl_custom_messages
[0.468s] -- Up-to-date: /home/rlagent/jay_ws/install/rl_custom_messages/share/rl_custom_messages/cmake/export_rl_custom_messages__rosidl_generator_cExport.cmake
[0.468s] -- Up-to-date: /home/rlagent/jay_ws/install/rl_custom_messages/share/rl_custom_messages/cmake/export_rl_custom_messages__rosidl_generator_cExport-noconfig.cmake
[0.468s] -- Up-to-date: /home/rlagent/jay_ws/install/rl_custom_messages/share/rl_custom_messages/cmake/export_rl_custom_messages__rosidl_typesupport_fastrtps_cExport.cmake
[0.468s] -- Up-to-date: /home/rlagent/jay_ws/install/rl_custom_messages/share/rl_custom_messages/cmake/export_rl_custom_messages__rosidl_typesupport_fastrtps_cExport-noconfig.cmake
[0.468s] -- Up-to-date: /home/rlagent/jay_ws/install/rl_custom_messages/share/rl_custom_messages/cmake/rl_custom_messages__rosidl_typesupport_introspection_cExport.cmake
[0.468s] -- Up-to-date: /home/rlagent/jay_ws/install/rl_custom_messages/share/rl_custom_messages/cmake/rl_custom_messages__rosidl_typesupport_introspection_cExport-noconfig.cmake
[0.468s] -- Up-to-date: /home/rlagent/jay_ws/install/rl_custom_messages/share/rl_custom_messages/cmake/rl_custom_messages__rosidl_typesupport_cExport.cmake
[0.468s] -- Up-to-date: /home/rlagent/jay_ws/install/rl_custom_messages/share/rl_custom_messages/cmake/rl_custom_messages__rosidl_typesupport_cExport-noconfig.cmake
[0.468s] -- Up-to-date: /home/rlagent/jay_ws/install/rl_custom_messages/share/rl_custom_messages/cmake/export_rl_custom_messages__rosidl_generator_cppExport.cmake
[0.468s] -- Up-to-date: /home/rlagent/jay_ws/install/rl_custom_messages/share/rl_custom_messages/cmake/export_rl_custom_messages__rosidl_typesupport_fastrtps_cppExport.cmake
[0.468s] -- Up-to-date: /home/rlagent/jay_ws/install/rl_custom_messages/share/rl_custom_messages/cmake/export_rl_custom_messages__rosidl_typesupport_fastrtps_cppExport-noconfig.cmake
[0.468s] -- Up-to-date: /home/rlagent/jay_ws/install/rl_custom_messages/share/rl_custom_messages/cmake/rl_custom_messages__rosidl_typesupport_introspection_cppExport.cmake
[0.468s] -- Up-to-date: /home/rlagent/jay_ws/install/rl_custom_messages/share/rl_custom_messages/cmake/rl_custom_messages__rosidl_typesupport_introspection_cppExport-noconfig.cmake
[0.468s] -- Up-to-date: /home/rlagent/jay_ws/install/rl_custom_messages/share/rl_custom_messages/cmake/rl_custom_messages__rosidl_typesupport_cppExport.cmake
[0.469s] -- Up-to-date: /home/rlagent/jay_ws/install/rl_custom_messages/share/rl_custom_messages/cmake/rl_custom_messages__rosidl_typesupport_cppExport-noconfig.cmake
[0.469s] -- Up-to-date: /home/rlagent/jay_ws/install/rl_custom_messages/share/rl_custom_messages/cmake/export_rl_custom_messages__rosidl_generator_pyExport.cmake
[0.469s] -- Up-to-date: /home/rlagent/jay_ws/install/rl_custom_messages/share/rl_custom_messages/cmake/export_rl_custom_messages__rosidl_generator_pyExport-noconfig.cmake
[0.469s] -- Up-to-date: /home/rlagent/jay_ws/install/rl_custom_messages/share/rl_custom_messages/cmake/rosidl_cmake-extras.cmake
[0.469s] -- Up-to-date: /home/rlagent/jay_ws/install/rl_custom_messages/share/rl_custom_messages/cmake/ament_cmake_export_include_directories-extras.cmake
[0.469s] -- Up-to-date: /home/rlagent/jay_ws/install/rl_custom_messages/share/rl_custom_messages/cmake/ament_cmake_export_libraries-extras.cmake
[0.469s] -- Up-to-date: /home/rlagent/jay_ws/install/rl_custom_messages/share/rl_custom_messages/cmake/ament_cmake_export_targets-extras.cmake
[0.469s] -- Up-to-date: /home/rlagent/jay_ws/install/rl_custom_messages/share/rl_custom_messages/cmake/rosidl_cmake_export_typesupport_targets-extras.cmake
[0.470s] -- Up-to-date: /home/rlagent/jay_ws/install/rl_custom_messages/share/rl_custom_messages/cmake/ament_cmake_export_dependencies-extras.cmake
[0.471s] -- Up-to-date: /home/rlagent/jay_ws/install/rl_custom_messages/share/rl_custom_messages/cmake/rosidl_cmake_export_typesupport_libraries-extras.cmake
[0.471s] -- Up-to-date: /home/rlagent/jay_ws/install/rl_custom_messages/share/rl_custom_messages/cmake/rl_custom_messagesConfig.cmake
[0.471s] -- Up-to-date: /home/rlagent/jay_ws/install/rl_custom_messages/share/rl_custom_messages/cmake/rl_custom_messagesConfig-version.cmake
[0.471s] -- Up-to-date: /home/rlagent/jay_ws/install/rl_custom_messages/share/rl_custom_messages/package.xml
[0.472s] Invoked command in '/home/rlagent/jay_ws/build/rl_custom_messages' returned '0': CMAKE_PREFIX_PATH=/opt/ros/humble /usr/bin/cmake --install /home/rlagent/jay_ws/build/rl_custom_messages
