[3.254s] DEBUG:colcon:Command line arguments: ['/usr/bin/colcon', 'build', '--packages-select', 'jaybot']
[3.255s] DEBUG:colcon:Parsed command line arguments: Namespace(log_base=None, log_level=None, verb_name='build', build_base='build', install_base='install', merge_install=False, symlink_install=False, test_result_base=None, continue_on_error=False, executor='parallel', parallel_workers=4, event_handlers=None, ignore_user_meta=False, metas=['./colcon.meta'], base_paths=['.'], packages_ignore=None, packages_ignore_regex=None, paths=None, packages_up_to=None, packages_up_to_regex=None, packages_above=None, packages_above_and_dependencies=None, packages_above_depth=None, packages_select_by_dep=None, packages_skip_by_dep=None, packages_skip_up_to=None, packages_select_build_failed=False, packages_skip_build_finished=False, packages_select_test_failures=False, packages_skip_test_passed=False, packages_select=['jaybot'], packages_skip=None, packages_select_regex=None, packages_skip_regex=None, packages_start=None, packages_end=None, allow_overriding=[], cmake_args=None, cmake_target=None, cmake_target_skip_unavailable=False, cmake_clean_cache=False, cmake_clean_first=False, cmake_force_configure=False, ament_cmake_args=None, catkin_cmake_args=None, catkin_skip_building_tests=False, verb_parser=<colcon_defaults.argument_parser.defaults.DefaultArgumentsDecorator object at 0xffff7e682d40>, verb_extension=<colcon_core.verb.build.BuildVerb object at 0xffff7eef64a0>, main=<bound method BuildVerb.main of <colcon_core.verb.build.BuildVerb object at 0xffff7eef64a0>>)
[3.598s] Level 1:colcon.colcon_core.package_discovery:discover_packages(colcon_meta) check parameters
[3.600s] Level 1:colcon.colcon_core.package_discovery:discover_packages(recursive) check parameters
[3.600s] Level 1:colcon.colcon_core.package_discovery:discover_packages(ignore) check parameters
[3.600s] Level 1:colcon.colcon_core.package_discovery:discover_packages(path) check parameters
[3.601s] Level 1:colcon.colcon_core.package_discovery:discover_packages(colcon_meta) discover
[3.601s] Level 1:colcon.colcon_core.package_discovery:discover_packages(recursive) discover
[3.601s] INFO:colcon.colcon_core.package_discovery:Crawling recursively for packages in '/home/rlagent/jay_ws'
[3.602s] Level 1:colcon.colcon_core.package_identification:_identify(.) by extensions ['ignore', 'ignore_ament_install']
[3.603s] Level 1:colcon.colcon_core.package_identification:_identify(.) by extension 'ignore'
[3.603s] Level 1:colcon.colcon_core.package_identification:_identify(.) by extension 'ignore_ament_install'
[3.604s] Level 1:colcon.colcon_core.package_identification:_identify(.) by extensions ['colcon_pkg']
[3.604s] Level 1:colcon.colcon_core.package_identification:_identify(.) by extension 'colcon_pkg'
[3.605s] Level 1:colcon.colcon_core.package_identification:_identify(.) by extensions ['colcon_meta']
[3.605s] Level 1:colcon.colcon_core.package_identification:_identify(.) by extension 'colcon_meta'
[3.605s] Level 1:colcon.colcon_core.package_identification:_identify(.) by extensions ['ros']
[3.605s] Level 1:colcon.colcon_core.package_identification:_identify(.) by extension 'ros'
[3.754s] Level 1:colcon.colcon_core.package_identification:_identify(.) by extensions ['cmake', 'python']
[3.754s] Level 1:colcon.colcon_core.package_identification:_identify(.) by extension 'cmake'
[3.755s] Level 1:colcon.colcon_core.package_identification:_identify(.) by extension 'python'
[3.755s] Level 1:colcon.colcon_core.package_identification:_identify(.) by extensions ['python_setup_py']
[3.756s] Level 1:colcon.colcon_core.package_identification:_identify(.) by extension 'python_setup_py'
[3.758s] Level 1:colcon.colcon_core.package_identification:_identify(build) by extensions ['ignore', 'ignore_ament_install']
[3.758s] Level 1:colcon.colcon_core.package_identification:_identify(build) by extension 'ignore'
[3.759s] Level 1:colcon.colcon_core.package_identification:_identify(build) ignored
[3.760s] Level 1:colcon.colcon_core.package_identification:_identify(install) by extensions ['ignore', 'ignore_ament_install']
[3.761s] Level 1:colcon.colcon_core.package_identification:_identify(install) by extension 'ignore'
[3.762s] Level 1:colcon.colcon_core.package_identification:_identify(install) ignored
[3.763s] Level 1:colcon.colcon_core.package_identification:_identify(log) by extensions ['ignore', 'ignore_ament_install']
[3.764s] Level 1:colcon.colcon_core.package_identification:_identify(log) by extension 'ignore'
[3.764s] Level 1:colcon.colcon_core.package_identification:_identify(log) ignored
[3.766s] Level 1:colcon.colcon_core.package_identification:_identify(src) by extensions ['ignore', 'ignore_ament_install']
[3.767s] Level 1:colcon.colcon_core.package_identification:_identify(src) by extension 'ignore'
[3.767s] Level 1:colcon.colcon_core.package_identification:_identify(src) by extension 'ignore_ament_install'
[3.768s] Level 1:colcon.colcon_core.package_identification:_identify(src) by extensions ['colcon_pkg']
[3.768s] Level 1:colcon.colcon_core.package_identification:_identify(src) by extension 'colcon_pkg'
[3.769s] Level 1:colcon.colcon_core.package_identification:_identify(src) by extensions ['colcon_meta']
[3.769s] Level 1:colcon.colcon_core.package_identification:_identify(src) by extension 'colcon_meta'
[3.769s] Level 1:colcon.colcon_core.package_identification:_identify(src) by extensions ['ros']
[3.770s] Level 1:colcon.colcon_core.package_identification:_identify(src) by extension 'ros'
[3.770s] Level 1:colcon.colcon_core.package_identification:_identify(src) by extensions ['cmake', 'python']
[3.771s] Level 1:colcon.colcon_core.package_identification:_identify(src) by extension 'cmake'
[3.771s] Level 1:colcon.colcon_core.package_identification:_identify(src) by extension 'python'
[3.772s] Level 1:colcon.colcon_core.package_identification:_identify(src) by extensions ['python_setup_py']
[3.772s] Level 1:colcon.colcon_core.package_identification:_identify(src) by extension 'python_setup_py'
[3.774s] Level 1:colcon.colcon_core.package_identification:_identify(src/jaybot) by extensions ['ignore', 'ignore_ament_install']
[3.775s] Level 1:colcon.colcon_core.package_identification:_identify(src/jaybot) by extension 'ignore'
[3.775s] Level 1:colcon.colcon_core.package_identification:_identify(src/jaybot) by extension 'ignore_ament_install'
[3.776s] Level 1:colcon.colcon_core.package_identification:_identify(src/jaybot) by extensions ['colcon_pkg']
[3.776s] Level 1:colcon.colcon_core.package_identification:_identify(src/jaybot) by extension 'colcon_pkg'
[3.777s] Level 1:colcon.colcon_core.package_identification:_identify(src/jaybot) by extensions ['colcon_meta']
[3.777s] Level 1:colcon.colcon_core.package_identification:_identify(src/jaybot) by extension 'colcon_meta'
[3.778s] Level 1:colcon.colcon_core.package_identification:_identify(src/jaybot) by extensions ['ros']
[3.778s] Level 1:colcon.colcon_core.package_identification:_identify(src/jaybot) by extension 'ros'
[3.805s] DEBUG:colcon.colcon_core.package_identification:Package 'src/jaybot' with type 'ros.ament_cmake' and name 'jaybot'
[3.807s] Level 1:colcon.colcon_core.package_identification:_identify(src/rl_custom_messages) by extensions ['ignore', 'ignore_ament_install']
[3.808s] Level 1:colcon.colcon_core.package_identification:_identify(src/rl_custom_messages) by extension 'ignore'
[3.808s] Level 1:colcon.colcon_core.package_identification:_identify(src/rl_custom_messages) by extension 'ignore_ament_install'
[3.809s] Level 1:colcon.colcon_core.package_identification:_identify(src/rl_custom_messages) by extensions ['colcon_pkg']
[3.809s] Level 1:colcon.colcon_core.package_identification:_identify(src/rl_custom_messages) by extension 'colcon_pkg'
[3.810s] Level 1:colcon.colcon_core.package_identification:_identify(src/rl_custom_messages) by extensions ['colcon_meta']
[3.810s] Level 1:colcon.colcon_core.package_identification:_identify(src/rl_custom_messages) by extension 'colcon_meta'
[3.811s] Level 1:colcon.colcon_core.package_identification:_identify(src/rl_custom_messages) by extensions ['ros']
[3.811s] Level 1:colcon.colcon_core.package_identification:_identify(src/rl_custom_messages) by extension 'ros'
[3.816s] DEBUG:colcon.colcon_core.package_identification:Package 'src/rl_custom_messages' with type 'ros.ament_cmake' and name 'rl_custom_messages'
[3.817s] Level 1:colcon.colcon_core.package_discovery:discover_packages(recursive) using defaults
[3.817s] Level 1:colcon.colcon_core.package_discovery:discover_packages(ignore) discover
[3.817s] Level 1:colcon.colcon_core.package_discovery:discover_packages(ignore) using defaults
[3.818s] Level 1:colcon.colcon_core.package_discovery:discover_packages(path) discover
[3.818s] Level 1:colcon.colcon_core.package_discovery:discover_packages(path) using defaults
[4.080s] INFO:colcon.colcon_core.package_selection:Skipping not selected package 'rl_custom_messages' in 'src/rl_custom_messages'
[4.086s] Level 1:colcon.colcon_core.package_discovery:discover_packages(prefix_path) check parameters
[4.087s] Level 1:colcon.colcon_core.package_discovery:discover_packages(prefix_path) discover
[4.119s] DEBUG:colcon.colcon_installed_package_information.package_discovery:Found 2 installed packages in /home/rlagent/jay_ws/install
[4.139s] DEBUG:colcon.colcon_installed_package_information.package_discovery:Found 180 installed packages in /opt/ros/humble
[4.149s] Level 1:colcon.colcon_core.package_discovery:discover_packages(prefix_path) using defaults
[4.703s] Level 5:colcon.colcon_core.verb:set package 'jaybot' build argument 'cmake_args' from command line to 'None'
[4.704s] Level 5:colcon.colcon_core.verb:set package 'jaybot' build argument 'cmake_target' from command line to 'None'
[4.704s] Level 5:colcon.colcon_core.verb:set package 'jaybot' build argument 'cmake_target_skip_unavailable' from command line to 'False'
[4.704s] Level 5:colcon.colcon_core.verb:set package 'jaybot' build argument 'cmake_clean_cache' from command line to 'False'
[4.705s] Level 5:colcon.colcon_core.verb:set package 'jaybot' build argument 'cmake_clean_first' from command line to 'False'
[4.705s] Level 5:colcon.colcon_core.verb:set package 'jaybot' build argument 'cmake_force_configure' from command line to 'False'
[4.705s] Level 5:colcon.colcon_core.verb:set package 'jaybot' build argument 'ament_cmake_args' from command line to 'None'
[4.705s] Level 5:colcon.colcon_core.verb:set package 'jaybot' build argument 'catkin_cmake_args' from command line to 'None'
[4.705s] Level 5:colcon.colcon_core.verb:set package 'jaybot' build argument 'catkin_skip_building_tests' from command line to 'False'
[4.706s] DEBUG:colcon.colcon_core.verb:Building package 'jaybot' with the following arguments: {'ament_cmake_args': None, 'build_base': '/home/rlagent/jay_ws/build/jaybot', 'catkin_cmake_args': None, 'catkin_skip_building_tests': False, 'cmake_args': None, 'cmake_clean_cache': False, 'cmake_clean_first': False, 'cmake_force_configure': False, 'cmake_target': None, 'cmake_target_skip_unavailable': False, 'install_base': '/home/rlagent/jay_ws/install/jaybot', 'merge_install': False, 'path': '/home/rlagent/jay_ws/src/jaybot', 'symlink_install': False, 'test_result_base': None}
[4.711s] INFO:colcon.colcon_core.executor:Executing jobs using 'parallel' executor
[4.736s] DEBUG:colcon.colcon_parallel_executor.executor.parallel:run_until_complete
[4.738s] INFO:colcon.colcon_ros.task.ament_cmake.build:Building ROS package in '/home/rlagent/jay_ws/src/jaybot' with build type 'ament_cmake'
[4.740s] INFO:colcon.colcon_cmake.task.cmake.build:Building CMake package in '/home/rlagent/jay_ws/src/jaybot'
[4.795s] INFO:colcon.colcon_core.plugin_system:Skipping extension 'colcon_core.shell.bat': Not used on non-Windows systems
[4.797s] INFO:colcon.colcon_core.shell:Skip shell extension 'powershell' for command environment: Not usable outside of PowerShell
[4.798s] DEBUG:colcon.colcon_core.shell:Skip shell extension 'dsv' for command environment
[4.916s] DEBUG:colcon.colcon_core.event_handler.log_command:Invoking command in '/home/rlagent/jay_ws/build/jaybot': CMAKE_PREFIX_PATH=/home/rlagent/jay_ws/install/rl_custom_messages:/home/rlagent/jay_ws/install/jaybot:/opt/ros/humble /usr/bin/cmake --build /home/rlagent/jay_ws/build/jaybot -- -j4 -l4
[18.236s] DEBUG:colcon.colcon_parallel_executor.executor.parallel:run_until_complete was interrupted
[18.344s] DEBUG:colcon.colcon_parallel_executor.executor.parallel:run_until_complete again
[18.449s] DEBUG:colcon.colcon_core.event_handler.log_command:Invoked command in '/home/rlagent/jay_ws/build/jaybot' returned '-2': CMAKE_PREFIX_PATH=/home/rlagent/jay_ws/install/rl_custom_messages:/home/rlagent/jay_ws/install/jaybot:/opt/ros/humble /usr/bin/cmake --build /home/rlagent/jay_ws/build/jaybot -- -j4 -l4
[19.040s] Level 1:colcon.colcon_core.environment:create_environment_scripts_only(jaybot)
[19.358s] Level 1:colcon.colcon_core.environment:checking '/home/rlagent/jay_ws/install/jaybot' for CMake module files
[19.383s] Level 1:colcon.colcon_core.environment:checking '/home/rlagent/jay_ws/install/jaybot' for CMake config files
[19.410s] Level 1:colcon.colcon_core.shell:create_environment_hook('jaybot', 'cmake_prefix_path')
[19.423s] INFO:colcon.colcon_core.shell:Creating environment hook '/home/rlagent/jay_ws/install/jaybot/share/jaybot/hook/cmake_prefix_path.ps1'
[19.445s] INFO:colcon.colcon_core.shell:Creating environment descriptor '/home/rlagent/jay_ws/install/jaybot/share/jaybot/hook/cmake_prefix_path.dsv'
[19.453s] INFO:colcon.colcon_core.shell:Creating environment hook '/home/rlagent/jay_ws/install/jaybot/share/jaybot/hook/cmake_prefix_path.sh'
[19.530s] Level 1:colcon.colcon_core.environment:checking '/home/rlagent/jay_ws/install/jaybot/lib'
[19.534s] Level 1:colcon.colcon_core.environment:checking '/home/rlagent/jay_ws/install/jaybot/bin'
[19.535s] Level 1:colcon.colcon_core.environment:checking '/home/rlagent/jay_ws/install/jaybot/lib/pkgconfig/jaybot.pc'
[19.549s] Level 1:colcon.colcon_core.environment:checking '/home/rlagent/jay_ws/install/jaybot/lib/python3.10/site-packages'
[19.552s] Level 1:colcon.colcon_core.environment:checking '/home/rlagent/jay_ws/install/jaybot/bin'
[19.565s] INFO:colcon.colcon_core.shell:Creating package script '/home/rlagent/jay_ws/install/jaybot/share/jaybot/package.ps1'
[19.575s] INFO:colcon.colcon_core.shell:Creating package descriptor '/home/rlagent/jay_ws/install/jaybot/share/jaybot/package.dsv'
[19.584s] INFO:colcon.colcon_core.shell:Creating package script '/home/rlagent/jay_ws/install/jaybot/share/jaybot/package.sh'
[19.596s] INFO:colcon.colcon_core.shell:Creating package script '/home/rlagent/jay_ws/install/jaybot/share/jaybot/package.bash'
[19.609s] INFO:colcon.colcon_core.shell:Creating package script '/home/rlagent/jay_ws/install/jaybot/share/jaybot/package.zsh'
[19.626s] Level 1:colcon.colcon_core.environment:create_file_with_runtime_dependencies(/home/rlagent/jay_ws/install/jaybot/share/colcon-core/packages/jaybot)
[19.644s] DEBUG:colcon.colcon_parallel_executor.executor.parallel:run_until_complete finished
[19.645s] DEBUG:colcon.colcon_parallel_executor.executor.parallel:closing loop
[19.655s] DEBUG:colcon.colcon_parallel_executor.executor.parallel:loop closed
[19.657s] DEBUG:colcon.colcon_core.event_reactor:joining thread
[19.823s] INFO:colcon.colcon_core.plugin_system:Skipping extension 'colcon_notification.desktop_notification.notify_send': Could not find 'notify-send'
[19.825s] INFO:colcon.colcon_core.plugin_system:Skipping extension 'colcon_notification.desktop_notification.terminal_notifier': Not used on non-Darwin systems
[19.825s] INFO:colcon.colcon_core.plugin_system:Skipping extension 'colcon_notification.desktop_notification.win32': Not used on non-Windows systems
[19.827s] INFO:colcon.colcon_notification.desktop_notification:Sending desktop notification using 'notify2'
[19.842s] DEBUG:colcon.colcon_notification.desktop_notification.notify2:Failed to initialize notify2: org.freedesktop.DBus.Error.ServiceUnknown: The name org.freedesktop.Notifications was not provided by any .service files
[19.844s] DEBUG:colcon.colcon_core.event_reactor:joined thread
[19.860s] INFO:colcon.colcon_core.shell:Creating prefix script '/home/rlagent/jay_ws/install/local_setup.ps1'
[19.870s] INFO:colcon.colcon_core.shell:Creating prefix util module '/home/rlagent/jay_ws/install/_local_setup_util_ps1.py'
[19.884s] INFO:colcon.colcon_core.shell:Creating prefix chain script '/home/rlagent/jay_ws/install/setup.ps1'
[19.899s] INFO:colcon.colcon_core.shell:Creating prefix script '/home/rlagent/jay_ws/install/local_setup.sh'
[19.907s] INFO:colcon.colcon_core.shell:Creating prefix util module '/home/rlagent/jay_ws/install/_local_setup_util_sh.py'
[19.913s] INFO:colcon.colcon_core.shell:Creating prefix chain script '/home/rlagent/jay_ws/install/setup.sh'
[19.927s] INFO:colcon.colcon_core.shell:Creating prefix script '/home/rlagent/jay_ws/install/local_setup.bash'
[19.935s] INFO:colcon.colcon_core.shell:Creating prefix chain script '/home/rlagent/jay_ws/install/setup.bash'
[19.949s] INFO:colcon.colcon_core.shell:Creating prefix script '/home/rlagent/jay_ws/install/local_setup.zsh'
[19.958s] INFO:colcon.colcon_core.shell:Creating prefix chain script '/home/rlagent/jay_ws/install/setup.zsh'
