[0.013s] Invoking command in '/home/rlcontrol/jay_ws/build/jaybot': CMAKE_PREFIX_PATH=/home/rlcontrol/jay_ws/install/rl_custom_messages:/home/rlcontrol/jay_ws/install/jaybot:/opt/ros/humble /home/rlcontrol/.local/bin/cmake --build /home/rlcontrol/jay_ws/build/jaybot -- -j6 -l6
[0.060s] -- Found ament_cmake: 1.3.4 (/opt/ros/humble/share/ament_cmake/cmake)
[0.184s] -- Override CMake install command with custom implementation using symlinks instead of copying resources
[0.194s] -- Found rclcpp: 16.0.4 (/opt/ros/humble/share/rclcpp/cmake)
[0.235s] -- Found rosidl_generator_c: 3.1.4 (/opt/ros/humble/share/rosidl_generator_c/cmake)
[0.239s] -- Found rosidl_adapter: 3.1.4 (/opt/ros/humble/share/rosidl_adapter/cmake)
[0.248s] -- Found rosidl_generator_cpp: 3.1.4 (/opt/ros/humble/share/rosidl_generator_cpp/cmake)
[0.263s] -- Using all available rosidl_typesupport_c: rosidl_typesupport_fastrtps_c;rosidl_typesupport_introspection_c
[0.287s] -- Using all available rosidl_typesupport_cpp: rosidl_typesupport_fastrtps_cpp;rosidl_typesupport_introspection_cpp
[0.359s] -- Found rmw_implementation_cmake: 6.1.1 (/opt/ros/humble/share/rmw_implementation_cmake/cmake)
[0.360s] -- Found rmw_fastrtps_cpp: 6.2.2 (/opt/ros/humble/share/rmw_fastrtps_cpp/cmake)
[0.473s] -- Using RMW implementation 'rmw_fastrtps_cpp' as default
[0.649s] -- Found rclpy: 3.3.8 (/opt/ros/humble/share/rclpy/cmake)
[0.649s] -- Found rl_custom_messages: 0.0.0 (/home/rlcontrol/jay_ws/install/rl_custom_messages/share/rl_custom_messages/cmake)
[0.777s] -- Configuring done (0.7s)
[0.793s] -- Generating done (0.0s)
[0.795s] -- Build files have been written to: /home/rlcontrol/jay_ws/build/jaybot
[0.815s] [ 16%] [32mBuilding CXX object CMakeFiles/motor_controller.dir/src/motor_controller.cpp.o[0m
[0.818s] [ 16%] Built target ament_cmake_python_symlink_jaybot
[0.822s] [ 50%] Built target range_publisher
[0.822s] [ 83%] Built target rl_server
[0.824s] [01m[K/home/rlcontrol/jay_ws/jaybot/src/motor_controller.cpp:1:10:[m[K [01;31m[Kfatal error: [m[Kmotor_controller.h: No such file or directory
[0.824s]     1 | #include [01;31m[K"motor_controller.h"[m[K
[0.824s]       |          [01;31m[K^~~~~~~~~~~~~~~~~~~~[m[K
[0.824s] compilation terminated.
[0.825s] gmake[2]: *** [CMakeFiles/motor_controller.dir/build.make:76: CMakeFiles/motor_controller.dir/src/motor_controller.cpp.o] Error 1
[0.825s] gmake[1]: *** [CMakeFiles/Makefile2:170: CMakeFiles/motor_controller.dir/all] Error 2
[0.825s] gmake[1]: *** Waiting for unfinished jobs....
[1.032s] running egg_info
[1.032s] writing jaybot.egg-info/PKG-INFO
[1.033s] writing dependency_links to jaybot.egg-info/dependency_links.txt
[1.033s] writing top-level names to jaybot.egg-info/top_level.txt
[1.035s] reading manifest file 'jaybot.egg-info/SOURCES.txt'
[1.035s] writing manifest file 'jaybot.egg-info/SOURCES.txt'
[1.051s] [ 83%] Built target ament_cmake_python_build_jaybot_egg
[1.051s] gmake: *** [Makefile:146: all] Error 2
[1.057s] Invoked command in '/home/rlcontrol/jay_ws/build/jaybot' returned '2': CMAKE_PREFIX_PATH=/home/rlcontrol/jay_ws/install/rl_custom_messages:/home/rlcontrol/jay_ws/install/jaybot:/opt/ros/humble /home/rlcontrol/.local/bin/cmake --build /home/rlcontrol/jay_ws/build/jaybot -- -j6 -l6
