[0.012s] Invoking command in '/home/rlcontrol/jay_ws/build/jaybot': CMAKE_PREFIX_PATH=/home/rlcontrol/jay_ws/install/rl_custom_messages:/home/rlcontrol/jay_ws/install/vision_opencv:/home/rlcontrol/jay_ws/install/jaybot:/home/rlcontrol/jay_ws/install/image_geometry:/home/rlcontrol/jay_ws/install/cv_bridge:/home/rlcontrol/jay_ws/install/opencv_tests:/opt/ros/humble /home/rlcontrol/.local/bin/cmake --build /home/rlcontrol/jay_ws/build/jaybot -- -j6 -l6
[0.073s] [  0%] Built target ament_cmake_python_symlink_jaybot
[0.073s] [ 50%] Built target motor_controller
[0.073s] [ 50%] Built target range_publisher
[0.074s] [ 75%] Built target rl_server
[0.079s] [ 87%] [32mBuilding CXX object CMakeFiles/camera_publisher.dir/src/camera_publisher.cpp.o[0m
[0.311s] running egg_info
[0.312s] writing jaybot.egg-info/PKG-INFO
[0.312s] writing dependency_links to jaybot.egg-info/dependency_links.txt
[0.312s] writing top-level names to jaybot.egg-info/top_level.txt
[0.314s] reading manifest file 'jaybot.egg-info/SOURCES.txt'
[0.314s] writing manifest file 'jaybot.egg-info/SOURCES.txt'
[0.333s] [ 87%] Built target ament_cmake_python_build_jaybot_egg
[5.395s] [100%] [32m[1mLinking CXX executable camera_publisher[0m
[5.859s] [100%] Built target camera_publisher
[5.869s] Invoked command in '/home/rlcontrol/jay_ws/build/jaybot' returned '0': CMAKE_PREFIX_PATH=/home/rlcontrol/jay_ws/install/rl_custom_messages:/home/rlcontrol/jay_ws/install/vision_opencv:/home/rlcontrol/jay_ws/install/jaybot:/home/rlcontrol/jay_ws/install/image_geometry:/home/rlcontrol/jay_ws/install/cv_bridge:/home/rlcontrol/jay_ws/install/opencv_tests:/opt/ros/humble /home/rlcontrol/.local/bin/cmake --build /home/rlcontrol/jay_ws/build/jaybot -- -j6 -l6
[5.940s] Invoking command in '/home/rlcontrol/jay_ws/build/jaybot': CMAKE_PREFIX_PATH=/home/rlcontrol/jay_ws/install/rl_custom_messages:/home/rlcontrol/jay_ws/install/vision_opencv:/home/rlcontrol/jay_ws/install/jaybot:/home/rlcontrol/jay_ws/install/image_geometry:/home/rlcontrol/jay_ws/install/cv_bridge:/home/rlcontrol/jay_ws/install/opencv_tests:/opt/ros/humble /home/rlcontrol/.local/bin/cmake --install /home/rlcontrol/jay_ws/build/jaybot
[5.965s] -- Install configuration: ""
[5.966s] -- Execute custom install script
[5.967s] -- Up-to-date symlink: /home/rlcontrol/jay_ws/install/jaybot/lib/jaybot/range_publisher
[5.967s] -- Up-to-date symlink: /home/rlcontrol/jay_ws/install/jaybot/lib/jaybot/motor_controller
[5.967s] -- Up-to-date symlink: /home/rlcontrol/jay_ws/install/jaybot/lib/jaybot/camera_publisher
[5.967s] -- Up-to-date symlink: /home/rlcontrol/jay_ws/install/jaybot/lib/jaybot/rl_server
[5.968s] -- Up-to-date symlink: /home/rlcontrol/jay_ws/install/jaybot/include/jaybot/RangeSensor.h
[5.968s] -- Up-to-date symlink: /home/rlcontrol/jay_ws/install/jaybot/include/jaybot/motor_controller.h
[5.968s] -- Up-to-date symlink: /home/rlcontrol/jay_ws/install/jaybot/share/jaybot/environment/pythonpath.sh
[5.968s] -- Up-to-date symlink: /home/rlcontrol/jay_ws/install/jaybot/share/jaybot/environment/pythonpath.dsv
[5.969s] -- Up-to-date symlink: /home/rlcontrol/jay_ws/install/jaybot/local/lib/python3.10/dist-packages/jaybot-0.0.0-py3.10.egg-info/PKG-INFO
[5.969s] -- Up-to-date symlink: /home/rlcontrol/jay_ws/install/jaybot/local/lib/python3.10/dist-packages/jaybot-0.0.0-py3.10.egg-info/SOURCES.txt
[5.969s] -- Up-to-date symlink: /home/rlcontrol/jay_ws/install/jaybot/local/lib/python3.10/dist-packages/jaybot-0.0.0-py3.10.egg-info/dependency_links.txt
[5.969s] -- Up-to-date symlink: /home/rlcontrol/jay_ws/install/jaybot/local/lib/python3.10/dist-packages/jaybot-0.0.0-py3.10.egg-info/top_level.txt
[5.970s] -- Up-to-date symlink: /home/rlcontrol/jay_ws/install/jaybot/local/lib/python3.10/dist-packages/jaybot/__init__.py
[5.970s] -- Up-to-date symlink: /home/rlcontrol/jay_ws/install/jaybot/lib/jaybot/rl_mind.py
[5.970s] -- Up-to-date symlink: /home/rlcontrol/jay_ws/install/jaybot/lib/jaybot/robot_monitor.py
[5.970s] -- Up-to-date symlink: /home/rlcontrol/jay_ws/install/jaybot/share/ament_index/resource_index/package_run_dependencies/jaybot
[5.971s] -- Up-to-date symlink: /home/rlcontrol/jay_ws/install/jaybot/share/ament_index/resource_index/parent_prefix_path/jaybot
[5.971s] -- Up-to-date symlink: /home/rlcontrol/jay_ws/install/jaybot/share/jaybot/environment/ament_prefix_path.sh
[5.971s] -- Up-to-date symlink: /home/rlcontrol/jay_ws/install/jaybot/share/jaybot/environment/ament_prefix_path.dsv
[5.971s] -- Up-to-date symlink: /home/rlcontrol/jay_ws/install/jaybot/share/jaybot/environment/path.sh
[5.971s] -- Up-to-date symlink: /home/rlcontrol/jay_ws/install/jaybot/share/jaybot/environment/path.dsv
[5.972s] -- Up-to-date symlink: /home/rlcontrol/jay_ws/install/jaybot/share/jaybot/local_setup.bash
[5.972s] -- Up-to-date symlink: /home/rlcontrol/jay_ws/install/jaybot/share/jaybot/local_setup.sh
[5.972s] -- Up-to-date symlink: /home/rlcontrol/jay_ws/install/jaybot/share/jaybot/local_setup.zsh
[5.972s] -- Up-to-date symlink: /home/rlcontrol/jay_ws/install/jaybot/share/jaybot/local_setup.dsv
[5.972s] -- Symlinking: /home/rlcontrol/jay_ws/install/jaybot/share/jaybot/package.dsv
[5.976s] -- Up-to-date symlink: /home/rlcontrol/jay_ws/install/jaybot/share/ament_index/resource_index/packages/jaybot
[5.976s] -- Up-to-date symlink: /home/rlcontrol/jay_ws/install/jaybot/share/jaybot/cmake/ament_cmake_export_dependencies-extras.cmake
[5.976s] -- Up-to-date symlink: /home/rlcontrol/jay_ws/install/jaybot/share/jaybot/cmake/jaybotConfig.cmake
[5.976s] -- Up-to-date symlink: /home/rlcontrol/jay_ws/install/jaybot/share/jaybot/cmake/jaybotConfig-version.cmake
[5.976s] -- Up-to-date symlink: /home/rlcontrol/jay_ws/install/jaybot/share/jaybot/package.xml
[6.005s] Listing '/home/rlcontrol/jay_ws/install/jaybot/local/lib/python3.10/dist-packages/jaybot'...
[6.016s] Invoked command in '/home/rlcontrol/jay_ws/build/jaybot' returned '0': CMAKE_PREFIX_PATH=/home/rlcontrol/jay_ws/install/rl_custom_messages:/home/rlcontrol/jay_ws/install/vision_opencv:/home/rlcontrol/jay_ws/install/jaybot:/home/rlcontrol/jay_ws/install/image_geometry:/home/rlcontrol/jay_ws/install/cv_bridge:/home/rlcontrol/jay_ws/install/opencv_tests:/opt/ros/humble /home/rlcontrol/.local/bin/cmake --install /home/rlcontrol/jay_ws/build/jaybot
