[  8%] [32mBuilding CXX object CMakeFiles/range_publisher.dir/src/range_publisher.cpp.o[0m
[ 16%] [32mBuilding CXX object CMakeFiles/microphone_publisher.dir/src/microphone_publisher.cpp.o[0m
[ 25%] [32mBuilding CXX object CMakeFiles/motor_controller.dir/src/motor_controller.cpp.o[0m
[ 50%] Built target camera_publisher
[ 50%] [32m[1mLinking CXX executable image_debugger[0m
[ 58%] [32mBuilding CXX object CMakeFiles/rl_server.dir/src/rl_server.cpp.o[0m
[ 58%] Built target ament_cmake_python_symlink_jaybot
running egg_info
writing jaybot.egg-info/PKG-INFO
writing dependency_links to jaybot.egg-info/dependency_links.txt
writing top-level names to jaybot.egg-info/top_level.txt
reading manifest file 'jaybot.egg-info/SOURCES.txt'
writing manifest file 'jaybot.egg-info/SOURCES.txt'
[ 58%] Built target ament_cmake_python_build_jaybot_egg
[ 66%] Built target image_debugger
[ 75%] [32m[1mLinking CXX executable microphone_publisher[0m
[ 83%] [32m[1mLinking CXX executable range_publisher[0m
[ 83%] Built target microphone_publisher
[ 83%] Built target range_publisher
[ 91%] [32m[1mLinking CXX executable motor_controller[0m
[ 91%] Built target motor_controller
