-- Found ament_cmake: 1.3.4 (/opt/ros/humble/share/ament_cmake/cmake)
-- Override CMake install command with custom implementation using symlinks instead of copying resources
-- Found rosidl_default_generators: 1.2.0 (/opt/ros/humble/share/rosidl_default_generators/cmake)
-- Using all available rosidl_typesupport_c: rosidl_typesupport_fastrtps_c;rosidl_typesupport_introspection_c
-- Found rosidl_adapter: 3.1.4 (/opt/ros/humble/share/rosidl_adapter/cmake)
-- Using all available rosidl_typesupport_cpp: rosidl_typesupport_fastrtps_cpp;rosidl_typesupport_introspection_cpp
-- Found ament_cmake_ros: 0.10.0 (/opt/ros/humble/share/ament_cmake_ros/cmake)
-- Using all available rosidl_typesupport_c: rosidl_typesupport_fastrtps_c;rosidl_typesupport_introspection_c
-- Using all available rosidl_typesupport_cpp: rosidl_typesupport_fastrtps_cpp;rosidl_typesupport_introspection_cpp
-- Found python_cmake_module: 0.10.0 (/opt/ros/humble/share/python_cmake_module/cmake)
-- Using PYTHON_EXECUTABLE: /usr/bin/python3
-- Using PYTHON_INCLUDE_DIRS: /usr/include/python3.10
-- Using PYTHON_LIBRARIES: /usr/lib/x86_64-linux-gnu/libpython3.10.so
-- Configuring done (1.4s)
-- Generating done (0.1s)
-- Build files have been written to: /home/rlcontrol/jay_ws/build/rl_custom_messages
[  1%] Built target rl_custom_messages__cpp
[  1%] Built target ament_cmake_python_symlink_rl_custom_messages
[  2%] [32mBuilding C object CMakeFiles/rl_custom_messages__rosidl_generator_c.dir/rosidl_generator_c/rl_custom_messages/msg/detail/audio_data__functions.c.o[0m
[  4%] [32mBuilding CXX object CMakeFiles/rl_custom_messages__rosidl_typesupport_cpp.dir/rosidl_typesupport_cpp/rl_custom_messages/msg/audio_data__type_support.cpp.o[0m
In file included from [01m[K/home/rlcontrol/jay_ws/build/rl_custom_messages/rosidl_generator_c/rl_custom_messages/msg/detail/audio_data__functions.h:19[m[K,
                 from [01m[K/home/rlcontrol/jay_ws/build/rl_custom_messages/rosidl_generator_c/rl_custom_messages/msg/detail/audio_data__functions.c:4[m[K:
[01m[K/home/rlcontrol/jay_ws/build/rl_custom_messages/rosidl_generator_c/rl_custom_messages/msg/detail/audio_data__struct.h:22:10:[m[K [01;31m[Kfatal error: [m[Kstd_msgs/msg/detail/header__struct.h: No such file or directory
[  5%] [32mBuilding CXX object CMakeFiles/rl_custom_messages__rosidl_typesupport_cpp.dir/rosidl_typesupport_cpp/rl_custom_messages/srv/observation_service__type_support.cpp.o[0m
   22 | #include [01;31m[K"std_msgs/msg/detail/header__struct.h"[m[K
      |          [01;31m[K^~~~~~~~~~~~~~~~~~~~~~~~~~~~~~~~~~~~~~[m[K
compilation terminated.
[  7%] [32mBuilding CXX object CMakeFiles/rl_custom_messages__rosidl_typesupport_introspection_cpp.dir/rosidl_typesupport_introspection_cpp/rl_custom_messages/msg/detail/audio_data__type_support.cpp.o[0m
gmake[2]: *** [CMakeFiles/rl_custom_messages__rosidl_generator_c.dir/build.make:227: CMakeFiles/rl_custom_messages__rosidl_generator_c.dir/rosidl_generator_c/rl_custom_messages/msg/detail/audio_data__functions.c.o] Error 1
gmake[1]: *** [CMakeFiles/Makefile2:213: CMakeFiles/rl_custom_messages__rosidl_generator_c.dir/all] Error 2
gmake[1]: *** Waiting for unfinished jobs....
[  8%] [32mBuilding CXX object CMakeFiles/rl_custom_messages__rosidl_typesupport_fastrtps_cpp.dir/rosidl_typesupport_fastrtps_cpp/rl_custom_messages/msg/detail/dds_fastrtps/audio_data__type_support.cpp.o[0m
[  9%] [32mBuilding CXX object CMakeFiles/rl_custom_messages__rosidl_typesupport_introspection_cpp.dir/rosidl_typesupport_introspection_cpp/rl_custom_messages/srv/detail/observation_service__type_support.cpp.o[0m
In file included from [01m[K/home/rlcontrol/jay_ws/build/rl_custom_messages/rosidl_typesupport_cpp/rl_custom_messages/msg/audio_data__type_support.cpp:7[m[K:
[01m[K/home/rlcontrol/jay_ws/build/rl_custom_messages/rosidl_generator_cpp/rl_custom_messages/msg/detail/audio_data__struct.hpp:20:10:[m[K [01;31m[Kfatal error: [m[Kstd_msgs/msg/detail/header__struct.hpp: No such file or directory
   20 | #include [01;31m[K"std_msgs/msg/detail/header__struct.hpp"[m[K
      |          [01;31m[K^~~~~~~~~~~~~~~~~~~~~~~~~~~~~~~~~~~~~~~~[m[K
compilation terminated.
gmake[2]: *** [CMakeFiles/rl_custom_messages__rosidl_typesupport_cpp.dir/build.make:148: CMakeFiles/rl_custom_messages__rosidl_typesupport_cpp.dir/rosidl_typesupport_cpp/rl_custom_messages/msg/audio_data__type_support.cpp.o] Error 1
gmake[2]: *** Waiting for unfinished jobs....
In file included from [01m[K/home/rlcontrol/jay_ws/build/rl_custom_messages/rosidl_typesupport_introspection_cpp/rl_custom_messages/msg/detail/audio_data__type_support.cpp:12[m[K:
[01m[K/home/rlcontrol/jay_ws/build/rl_custom_messages/rosidl_generator_cpp/rl_custom_messages/msg/detail/audio_data__struct.hpp:20:10:[m[K [01;31m[Kfatal error: [m[Kstd_msgs/msg/detail/header__struct.hpp: No such file or directory
   20 | #include [01;31m[K"std_msgs/msg/detail/header__struct.hpp"[m[K
      |          [01;31m[K^~~~~~~~~~~~~~~~~~~~~~~~~~~~~~~~~~~~~~~~[m[K
compilation terminated.
[ 11%] [32mBuilding CXX object CMakeFiles/rl_custom_messages__rosidl_typesupport_introspection_cpp.dir/rosidl_typesupport_introspection_cpp/rl_custom_messages/srv/detail/image_service__type_support.cpp.o[0m
gmake[2]: *** [CMakeFiles/rl_custom_messages__rosidl_typesupport_introspection_cpp.dir/build.make:168: CMakeFiles/rl_custom_messages__rosidl_typesupport_introspection_cpp.dir/rosidl_typesupport_introspection_cpp/rl_custom_messages/msg/detail/audio_data__type_support.cpp.o] Error 1
gmake[2]: *** Waiting for unfinished jobs....
In file included from [01m[K/home/rlcontrol/jay_ws/build/rl_custom_messages/rosidl_typesupport_fastrtps_cpp/rl_custom_messages/msg/detail/audio_data__rosidl_typesupport_fastrtps_cpp.hpp:11[m[K,
                 from [01m[K/home/rlcontrol/jay_ws/build/rl_custom_messages/rosidl_typesupport_fastrtps_cpp/rl_custom_messages/msg/detail/dds_fastrtps/audio_data__type_support.cpp:4[m[K:
[01m[K/home/rlcontrol/jay_ws/build/rl_custom_messages/rosidl_generator_cpp/rl_custom_messages/msg/detail/audio_data__struct.hpp:20:10:[m[K [01;31m[Kfatal error: [m[Kstd_msgs/msg/detail/header__struct.hpp: No such file or directory
   20 | #include [01;31m[K"std_msgs/msg/detail/header__struct.hpp"[m[K
      |          [01;31m[K^~~~~~~~~~~~~~~~~~~~~~~~~~~~~~~~~~~~~~~~[m[K
compilation terminated.
gmake[2]: *** [CMakeFiles/rl_custom_messages__rosidl_typesupport_fastrtps_cpp.dir/build.make:168: CMakeFiles/rl_custom_messages__rosidl_typesupport_fastrtps_cpp.dir/rosidl_typesupport_fastrtps_cpp/rl_custom_messages/msg/detail/dds_fastrtps/audio_data__type_support.cpp.o] Error 1
gmake[2]: *** Waiting for unfinished jobs....
[ 12%] [32mBuilding CXX object CMakeFiles/rl_custom_messages__rosidl_typesupport_fastrtps_cpp.dir/rosidl_typesupport_fastrtps_cpp/rl_custom_messages/srv/detail/dds_fastrtps/image_service__type_support.cpp.o[0m
running egg_info
writing rl_custom_messages.egg-info/PKG-INFO
writing dependency_links to rl_custom_messages.egg-info/dependency_links.txt
writing top-level names to rl_custom_messages.egg-info/top_level.txt
reading manifest file 'rl_custom_messages.egg-info/SOURCES.txt'
writing manifest file 'rl_custom_messages.egg-info/SOURCES.txt'
gmake[1]: *** [CMakeFiles/Makefile2:395: CMakeFiles/rl_custom_messages__rosidl_typesupport_cpp.dir/all] Error 2
[ 12%] Built target ament_cmake_python_build_rl_custom_messages_egg
gmake[1]: *** [CMakeFiles/Makefile2:369: CMakeFiles/rl_custom_messages__rosidl_typesupport_introspection_cpp.dir/all] Error 2
gmake[1]: *** [CMakeFiles/Makefile2:343: CMakeFiles/rl_custom_messages__rosidl_typesupport_fastrtps_cpp.dir/all] Error 2
gmake: *** [Makefile:146: all] Error 2
