[01m[K/home/rlcontrol/jay_ws/jaybot/src/rl_server.cpp:[m[K In member function ‘[01m[Kvoid RangeSubscriber::topic_callback(rl_custom_messages::msg::RangeArray_<std::allocator<void> >::SharedPtr) const[m[K’:
[01m[K/home/rlcontrol/jay_ws/jaybot/src/rl_server.cpp:28:25:[m[K [01;31m[Kerror: [m[Kpassing ‘[01m[Kconst RangeArray[m[K’ {aka ‘[01m[Kconst rl_custom_messages::msg::RangeArray_<std::allocator<void> >[m[K’} as ‘[01m[Kthis[m[K’ argument discards qualifiers [[01;31m[K]8;;https://gcc.gnu.org/onlinedocs/gcc/Warning-Options.html#index-fpermissive-fpermissive]8;;[m[K]
   28 |     last_range_data_ = *[01;31m[Kmsg[m[K;
      |                         [01;31m[K^~~[m[K
In file included from [01m[K/home/rlcontrol/jay_ws/build/rl_custom_messages/rosidl_generator_cpp/rl_custom_messages/msg/range_array.hpp:7[m[K,
                 from [01m[K/home/rlcontrol/jay_ws/jaybot/src/rl_server.cpp:5[m[K:
[01m[K/home/rlcontrol/jay_ws/build/rl_custom_messages/rosidl_generator_cpp/rl_custom_messages/msg/detail/range_array__struct.hpp:32:8:[m[K [01;36m[Knote: [m[K  in call to ‘[01m[Kconstexpr rl_custom_messages::msg::RangeArray_<std::allocator<void> >& rl_custom_messages::msg::RangeArray_<std::allocator<void> >::operator=(const rl_custom_messages::msg::RangeArray_<std::allocator<void> >&)[m[K’
   32 | struct [01;36m[KRangeArray_[m[K
      |        [01;36m[K^~~~~~~~~~~[m[K
[01m[K/home/rlcontrol/jay_ws/jaybot/src/rl_server.cpp:[m[K In member function ‘[01m[Kvoid RangeSubscriber::service_callback(std::shared_ptr<rl_custom_messages::srv::ObservationService_Request_<std::allocator<void> > >, std::shared_ptr<rl_custom_messages::srv::ObservationService_Response_<std::allocator<void> > >)[m[K’:
[01m[K/home/rlcontrol/jay_ws/jaybot/src/rl_server.cpp:37:15:[m[K [01;31m[Kerror: [m[K‘[01m[Kusing element_type = struct rl_custom_messages::srv::ObservationService_Response_<std::allocator<void> >[m[K’ {aka ‘[01m[Kstruct rl_custom_messages::srv::ObservationService_Response_<std::allocator<void> >[m[K’} has no member named ‘[01m[Krange_left[m[K’
   37 |     response->[01;31m[Krange_left[m[K = last_range_data_.range_left;
      |               [01;31m[K^~~~~~~~~~[m[K
[01m[K/home/rlcontrol/jay_ws/jaybot/src/rl_server.cpp:38:15:[m[K [01;31m[Kerror: [m[K‘[01m[Kusing element_type = struct rl_custom_messages::srv::ObservationService_Response_<std::allocator<void> >[m[K’ {aka ‘[01m[Kstruct rl_custom_messages::srv::ObservationService_Response_<std::allocator<void> >[m[K’} has no member named ‘[01m[Krange_front[m[K’
   38 |     response->[01;31m[Krange_front[m[K = last_range_data_.range_front;
      |               [01;31m[K^~~~~~~~~~~[m[K
[01m[K/home/rlcontrol/jay_ws/jaybot/src/rl_server.cpp:39:15:[m[K [01;31m[Kerror: [m[K‘[01m[Kusing element_type = struct rl_custom_messages::srv::ObservationService_Response_<std::allocator<void> >[m[K’ {aka ‘[01m[Kstruct rl_custom_messages::srv::ObservationService_Response_<std::allocator<void> >[m[K’} has no member named ‘[01m[Krange_right[m[K’
   39 |     response->[01;31m[Krange_right[m[K = last_range_data_.range_right;
      |               [01;31m[K^~~~~~~~~~~[m[K
[01m[K/home/rlcontrol/jay_ws/jaybot/src/rl_server.cpp:40:15:[m[K [01;31m[Kerror: [m[K‘[01m[Kusing element_type = struct rl_custom_messages::srv::ObservationService_Response_<std::allocator<void> >[m[K’ {aka ‘[01m[Kstruct rl_custom_messages::srv::ObservationService_Response_<std::allocator<void> >[m[K’} has no member named ‘[01m[Krange_back[m[K’; did you mean ‘[01m[Krange_data[m[K’?
   40 |     response->[01;31m[Krange_back[m[K = last_range_data_.range_back;
      |               [01;31m[K^~~~~~~~~~[m[K
      |               [32m[Krange_data[m[K
gmake[2]: *** [CMakeFiles/rl_server.dir/build.make:76: CMakeFiles/rl_server.dir/src/rl_server.cpp.o] Error 1
gmake[1]: *** [CMakeFiles/Makefile2:168: CMakeFiles/rl_server.dir/all] Error 2
gmake: *** [Makefile:146: all] Error 2
