[0.011s] Invoking command in '/home/rlcontrol/jay_ws/build/jaybot': CMAKE_PREFIX_PATH=/home/rlcontrol/jay_ws/install/rl_custom_messages:/home/rlcontrol/jay_ws/install/jaybot:/opt/ros/humble /home/rlcontrol/.local/bin/cmake --build /home/rlcontrol/jay_ws/build/jaybot -- -j6 -l6
[0.049s] -- Found ament_cmake: 1.3.4 (/opt/ros/humble/share/ament_cmake/cmake)
[0.148s] -- Found rclcpp: 16.0.4 (/opt/ros/humble/share/rclcpp/cmake)
[0.178s] -- Found rosidl_generator_c: 3.1.4 (/opt/ros/humble/share/rosidl_generator_c/cmake)
[0.181s] -- Found rosidl_adapter: 3.1.4 (/opt/ros/humble/share/rosidl_adapter/cmake)
[0.188s] -- Found rosidl_generator_cpp: 3.1.4 (/opt/ros/humble/share/rosidl_generator_cpp/cmake)
[0.200s] -- Using all available rosidl_typesupport_c: rosidl_typesupport_fastrtps_c;rosidl_typesupport_introspection_c
[0.217s] -- Using all available rosidl_typesupport_cpp: rosidl_typesupport_fastrtps_cpp;rosidl_typesupport_introspection_cpp
[0.290s] -- Found rmw_implementation_cmake: 6.1.1 (/opt/ros/humble/share/rmw_implementation_cmake/cmake)
[0.292s] -- Found rmw_fastrtps_cpp: 6.2.2 (/opt/ros/humble/share/rmw_fastrtps_cpp/cmake)
[0.424s] -- Using RMW implementation 'rmw_fastrtps_cpp' as default
[0.611s] -- Found rclpy: 3.3.8 (/opt/ros/humble/share/rclpy/cmake)
[0.612s] -- Found rl_custom_messages: 0.0.0 (/home/rlcontrol/jay_ws/install/rl_custom_messages/share/rl_custom_messages/cmake)
[0.744s] -- Configuring done (0.7s)
[0.759s] -- Generating done (0.0s)
[0.761s] -- Build files have been written to: /home/rlcontrol/jay_ws/build/jaybot
[0.788s] [  0%] Built target ament_cmake_python_copy_jaybot
[0.793s] [100%] Built target range_publisher
[0.793s] [100%] Built target rl_server
[1.046s] running egg_info
[1.046s] writing jaybot.egg-info/PKG-INFO
[1.047s] writing dependency_links to jaybot.egg-info/dependency_links.txt
[1.047s] writing top-level names to jaybot.egg-info/top_level.txt
[1.050s] reading manifest file 'jaybot.egg-info/SOURCES.txt'
[1.050s] writing manifest file 'jaybot.egg-info/SOURCES.txt'
[1.069s] [100%] Built target ament_cmake_python_build_jaybot_egg
[1.077s] Invoked command in '/home/rlcontrol/jay_ws/build/jaybot' returned '0': CMAKE_PREFIX_PATH=/home/rlcontrol/jay_ws/install/rl_custom_messages:/home/rlcontrol/jay_ws/install/jaybot:/opt/ros/humble /home/rlcontrol/.local/bin/cmake --build /home/rlcontrol/jay_ws/build/jaybot -- -j6 -l6
[1.128s] Invoking command in '/home/rlcontrol/jay_ws/build/jaybot': CMAKE_PREFIX_PATH=/home/rlcontrol/jay_ws/install/rl_custom_messages:/home/rlcontrol/jay_ws/install/jaybot:/opt/ros/humble /home/rlcontrol/.local/bin/cmake --install /home/rlcontrol/jay_ws/build/jaybot
[1.151s] -- Install configuration: ""
[1.151s] -- Up-to-date: /home/rlcontrol/jay_ws/install/jaybot/lib/jaybot/range_publisher
[1.152s] -- Up-to-date: /home/rlcontrol/jay_ws/install/jaybot/lib/jaybot/rl_server
[1.152s] -- Up-to-date: /home/rlcontrol/jay_ws/install/jaybot/include
[1.153s] -- Up-to-date: /home/rlcontrol/jay_ws/install/jaybot/include/jaybot
[1.153s] -- Up-to-date: /home/rlcontrol/jay_ws/install/jaybot/include/jaybot/RangeSensor.h
[1.153s] -- Up-to-date: /home/rlcontrol/jay_ws/install/jaybot/share/jaybot/environment/pythonpath.sh
[1.153s] -- Installing: /home/rlcontrol/jay_ws/install/jaybot/share/jaybot/environment/pythonpath.dsv
[1.153s] -- Up-to-date: /home/rlcontrol/jay_ws/install/jaybot/local/lib/python3.10/dist-packages/jaybot-0.0.0-py3.10.egg-info
[1.154s] -- Installing: /home/rlcontrol/jay_ws/install/jaybot/local/lib/python3.10/dist-packages/jaybot-0.0.0-py3.10.egg-info/top_level.txt
[1.154s] -- Installing: /home/rlcontrol/jay_ws/install/jaybot/local/lib/python3.10/dist-packages/jaybot-0.0.0-py3.10.egg-info/dependency_links.txt
[1.154s] -- Installing: /home/rlcontrol/jay_ws/install/jaybot/local/lib/python3.10/dist-packages/jaybot-0.0.0-py3.10.egg-info/PKG-INFO
[1.154s] -- Installing: /home/rlcontrol/jay_ws/install/jaybot/local/lib/python3.10/dist-packages/jaybot-0.0.0-py3.10.egg-info/SOURCES.txt
[1.154s] -- Up-to-date: /home/rlcontrol/jay_ws/install/jaybot/local/lib/python3.10/dist-packages/jaybot
[1.154s] -- Up-to-date: /home/rlcontrol/jay_ws/install/jaybot/local/lib/python3.10/dist-packages/jaybot/__init__.py
[1.180s] Listing '/home/rlcontrol/jay_ws/install/jaybot/local/lib/python3.10/dist-packages/jaybot'...
[1.182s] -- Up-to-date: /home/rlcontrol/jay_ws/install/jaybot/lib/jaybot/rl_mind.py
[1.183s] -- Up-to-date: /home/rlcontrol/jay_ws/install/jaybot/share/ament_index/resource_index/package_run_dependencies/jaybot
[1.183s] -- Up-to-date: /home/rlcontrol/jay_ws/install/jaybot/share/ament_index/resource_index/parent_prefix_path/jaybot
[1.183s] -- Up-to-date: /home/rlcontrol/jay_ws/install/jaybot/share/jaybot/environment/ament_prefix_path.sh
[1.183s] -- Installing: /home/rlcontrol/jay_ws/install/jaybot/share/jaybot/environment/ament_prefix_path.dsv
[1.183s] -- Up-to-date: /home/rlcontrol/jay_ws/install/jaybot/share/jaybot/environment/path.sh
[1.184s] -- Installing: /home/rlcontrol/jay_ws/install/jaybot/share/jaybot/environment/path.dsv
[1.184s] -- Up-to-date: /home/rlcontrol/jay_ws/install/jaybot/share/jaybot/local_setup.bash
[1.184s] -- Up-to-date: /home/rlcontrol/jay_ws/install/jaybot/share/jaybot/local_setup.sh
[1.184s] -- Up-to-date: /home/rlcontrol/jay_ws/install/jaybot/share/jaybot/local_setup.zsh
[1.184s] -- Installing: /home/rlcontrol/jay_ws/install/jaybot/share/jaybot/local_setup.dsv
[1.184s] -- Installing: /home/rlcontrol/jay_ws/install/jaybot/share/jaybot/package.dsv
[1.184s] -- Up-to-date: /home/rlcontrol/jay_ws/install/jaybot/share/ament_index/resource_index/packages/jaybot
[1.184s] -- Up-to-date: /home/rlcontrol/jay_ws/install/jaybot/share/jaybot/cmake/ament_cmake_export_dependencies-extras.cmake
[1.184s] -- Up-to-date: /home/rlcontrol/jay_ws/install/jaybot/share/jaybot/cmake/jaybotConfig.cmake
[1.184s] -- Up-to-date: /home/rlcontrol/jay_ws/install/jaybot/share/jaybot/cmake/jaybotConfig-version.cmake
[1.184s] -- Installing: /home/rlcontrol/jay_ws/install/jaybot/share/jaybot/package.xml
[1.190s] Invoked command in '/home/rlcontrol/jay_ws/build/jaybot' returned '0': CMAKE_PREFIX_PATH=/home/rlcontrol/jay_ws/install/rl_custom_messages:/home/rlcontrol/jay_ws/install/jaybot:/opt/ros/humble /home/rlcontrol/.local/bin/cmake --install /home/rlcontrol/jay_ws/build/jaybot
