[0.017s] Invoking command in '/home/rlagent/jay_ws/build/jaybot': CMAKE_PREFIX_PATH=/opt/ros/humble /usr/bin/cmake --build /home/rlagent/jay_ws/build/jaybot -- -j2 -l2
[0.033s] -- Found ament_cmake: 1.3.4 (/opt/ros/humble/share/ament_cmake/cmake)
[0.146s] -- Found rclcpp: 16.0.4 (/opt/ros/humble/share/rclcpp/cmake)
[0.168s] -- Found rosidl_generator_c: 3.1.4 (/opt/ros/humble/share/rosidl_generator_c/cmake)
[0.170s] -- Found rosidl_adapter: 3.1.4 (/opt/ros/humble/share/rosidl_adapter/cmake)
[0.175s] -- Found rosidl_generator_cpp: 3.1.4 (/opt/ros/humble/share/rosidl_generator_cpp/cmake)
[0.184s] -- Using all available rosidl_typesupport_c: rosidl_typesupport_fastrtps_c;rosidl_typesupport_introspection_c
[0.196s] -- Using all available rosidl_typesupport_cpp: rosidl_typesupport_fastrtps_cpp;rosidl_typesupport_introspection_cpp
[0.249s] -- Found rmw_implementation_cmake: 6.1.1 (/opt/ros/humble/share/rmw_implementation_cmake/cmake)
[0.250s] -- Found rmw_fastrtps_cpp: 6.2.2 (/opt/ros/humble/share/rmw_fastrtps_cpp/cmake)
[0.339s] -- Using RMW implementation 'rmw_fastrtps_cpp' as default
[0.476s] -- Found rosidl_default_generators: 1.2.0 (/opt/ros/humble/share/rosidl_default_generators/cmake)
[0.666s] -- Found ament_cmake_ros: 0.10.0 (/opt/ros/humble/share/ament_cmake_ros/cmake)
[0.891s] -- Using all available rosidl_typesupport_c: rosidl_typesupport_fastrtps_c;rosidl_typesupport_introspection_c
[0.981s] -- Using all available rosidl_typesupport_cpp: rosidl_typesupport_fastrtps_cpp;rosidl_typesupport_introspection_cpp
[0.998s] -- Found python_cmake_module: 0.10.0 (/opt/ros/humble/share/python_cmake_module/cmake)
[1.016s] -- Using PYTHON_EXECUTABLE: /usr/bin/python3
[1.016s] -- Using PYTHON_INCLUDE_DIRS: /usr/include/python3.10
[1.016s] -- Using PYTHON_LIBRARIES: /usr/lib/x86_64-linux-gnu/libpython3.10.so
[1.026s] [31mCMake Error at /opt/ros/humble/share/ament_cmake_target_dependencies/cmake/ament_target_dependencies.cmake:77 (message):
[1.026s]   ament_target_dependencies() the passed package name 'jaybot' was not found
[1.026s]   before
[1.026s] Call Stack (most recent call first):
[1.026s]   CMakeLists.txt:28 (ament_target_dependencies)
[1.026s] 
[1.026s] [0m
[1.026s] -- Configuring incomplete, errors occurred!
[1.026s] See also "/home/rlagent/jay_ws/build/jaybot/CMakeFiles/CMakeOutput.log".
[1.032s] gmake: *** [Makefile:308: cmake_check_build_system] Error 1
[1.034s] Invoked command in '/home/rlagent/jay_ws/build/jaybot' returned '2': CMAKE_PREFIX_PATH=/opt/ros/humble /usr/bin/cmake --build /home/rlagent/jay_ws/build/jaybot -- -j2 -l2
