[0.121s] Invoking command in '/home/rlagent/jay_ws/build/jaybot': CMAKE_PREFIX_PATH=/opt/ros/humble /usr/bin/cmake /home/rlagent/jay_ws/src/jaybot -DCMAKE_INSTALL_PREFIX=/home/rlagent/jay_ws/install/jaybot
[2.546s] -- The C compiler identification is GNU 11.3.0
[4.025s] -- The CXX compiler identification is GNU 11.3.0
[4.118s] -- Detecting C compiler ABI info
[4.959s] -- Detecting C compiler ABI info - done
[5.014s] -- Check for working C compiler: /usr/bin/cc - skipped
[5.018s] -- Detecting C compile features
[5.023s] -- Detecting C compile features - done
[5.054s] -- Detecting CXX compiler ABI info
[5.738s] -- Detecting CXX compiler ABI info - done
[5.796s] -- Check for working CXX compiler: /usr/bin/c++ - skipped
[5.798s] -- Detecting CXX compile features
[5.801s] -- Detecting CXX compile features - done
[5.931s] -- Found ament_cmake: 1.3.4 (/opt/ros/humble/share/ament_cmake/cmake)
[7.540s] -- Found Python3: /usr/bin/python3.10 (found version "3.10.6") found components: Interpreter 
[8.662s] -- Found ament_lint_auto: 0.12.6 (/opt/ros/humble/share/ament_lint_auto/cmake)
[9.471s] -- Added test 'lint_cmake' to check CMake code style
[9.487s] -- Added test 'xmllint' to check XML markup files
[9.507s] -- Configuring done
[9.543s] -- Generating done
[9.552s] -- Build files have been written to: /home/rlagent/jay_ws/build/jaybot
[9.591s] Invoked command in '/home/rlagent/jay_ws/build/jaybot' returned '0': CMAKE_PREFIX_PATH=/opt/ros/humble /usr/bin/cmake /home/rlagent/jay_ws/src/jaybot -DCMAKE_INSTALL_PREFIX=/home/rlagent/jay_ws/install/jaybot
[9.606s] Invoking command in '/home/rlagent/jay_ws/build/jaybot': CMAKE_PREFIX_PATH=/opt/ros/humble /usr/bin/cmake --build /home/rlagent/jay_ws/build/jaybot -- -j4 -l4
[9.864s] Invoked command in '/home/rlagent/jay_ws/build/jaybot' returned '0': CMAKE_PREFIX_PATH=/opt/ros/humble /usr/bin/cmake --build /home/rlagent/jay_ws/build/jaybot -- -j4 -l4
[10.107s] Invoking command in '/home/rlagent/jay_ws/build/jaybot': CMAKE_PREFIX_PATH=/opt/ros/humble /usr/bin/cmake --install /home/rlagent/jay_ws/build/jaybot
[10.151s] -- Install configuration: ""
[10.153s] -- Installing: /home/rlagent/jay_ws/install/jaybot/share/ament_index/resource_index/package_run_dependencies/jaybot
[10.157s] -- Installing: /home/rlagent/jay_ws/install/jaybot/share/ament_index/resource_index/parent_prefix_path/jaybot
[10.159s] -- Installing: /home/rlagent/jay_ws/install/jaybot/share/jaybot/environment/ament_prefix_path.sh
[10.161s] -- Installing: /home/rlagent/jay_ws/install/jaybot/share/jaybot/environment/ament_prefix_path.dsv
[10.163s] -- Installing: /home/rlagent/jay_ws/install/jaybot/share/jaybot/environment/path.sh
[10.166s] -- Installing: /home/rlagent/jay_ws/install/jaybot/share/jaybot/environment/path.dsv
[10.168s] -- Installing: /home/rlagent/jay_ws/install/jaybot/share/jaybot/local_setup.bash
[10.170s] -- Installing: /home/rlagent/jay_ws/install/jaybot/share/jaybot/local_setup.sh
[10.172s] -- Installing: /home/rlagent/jay_ws/install/jaybot/share/jaybot/local_setup.zsh
[10.175s] -- Installing: /home/rlagent/jay_ws/install/jaybot/share/jaybot/local_setup.dsv
[10.177s] -- Installing: /home/rlagent/jay_ws/install/jaybot/share/jaybot/package.dsv
[10.179s] -- Installing: /home/rlagent/jay_ws/install/jaybot/share/ament_index/resource_index/packages/jaybot
[10.182s] -- Installing: /home/rlagent/jay_ws/install/jaybot/share/jaybot/cmake/jaybotConfig.cmake
[10.183s] -- Installing: /home/rlagent/jay_ws/install/jaybot/share/jaybot/cmake/jaybotConfig-version.cmake
[10.185s] -- Installing: /home/rlagent/jay_ws/install/jaybot/share/jaybot/package.xml
[10.201s] Invoked command in '/home/rlagent/jay_ws/build/jaybot' returned '0': CMAKE_PREFIX_PATH=/opt/ros/humble /usr/bin/cmake --install /home/rlagent/jay_ws/build/jaybot
