[0.021s] Invoking command in '/home/rlcontrol/jay_ws/build/rl_custom_messages': CMAKE_PREFIX_PATH=${CMAKE_PREFIX_PATH}:/opt/ros/humble /home/rlcontrol/.local/bin/cmake --build /home/rlcontrol/jay_ws/build/rl_custom_messages -- -j6 -l6
[0.092s] [  2%] Built target rl_custom_messages__cpp
[0.094s] [ 12%] Built target rl_custom_messages__rosidl_generator_c
[0.099s] [ 12%] Built target ament_cmake_python_symlink_rl_custom_messages
[0.118s] [ 23%] Built target rl_custom_messages__rosidl_typesupport_cpp
[0.118s] [ 34%] Built target rl_custom_messages__rosidl_typesupport_introspection_cpp
[0.119s] [ 44%] Built target rl_custom_messages__rosidl_typesupport_introspection_c
[0.119s] [ 55%] Built target rl_custom_messages__rosidl_typesupport_fastrtps_cpp
[0.125s] [ 74%] Built target rl_custom_messages__rosidl_typesupport_c
[0.125s] [ 76%] Built target rl_custom_messages__rosidl_typesupport_fastrtps_c
[0.141s] [ 76%] Built target rl_custom_messages
[0.158s] [ 78%] Built target rl_custom_messages__py
[0.176s] [ 87%] Built target rl_custom_messages__rosidl_generator_py
[0.194s] [ 91%] Built target rl_custom_messages__rosidl_typesupport_fastrtps_c__pyext
[0.194s] [ 95%] Built target rl_custom_messages__rosidl_typesupport_introspection_c__pyext
[0.194s] [100%] Built target rl_custom_messages__rosidl_typesupport_c__pyext
[0.488s] running egg_info
[0.489s] writing rl_custom_messages.egg-info/PKG-INFO
[0.489s] writing dependency_links to rl_custom_messages.egg-info/dependency_links.txt
[0.489s] writing top-level names to rl_custom_messages.egg-info/top_level.txt
[0.493s] reading manifest file 'rl_custom_messages.egg-info/SOURCES.txt'
[0.494s] writing manifest file 'rl_custom_messages.egg-info/SOURCES.txt'
[0.521s] [100%] Built target ament_cmake_python_build_rl_custom_messages_egg
[0.536s] Invoked command in '/home/rlcontrol/jay_ws/build/rl_custom_messages' returned '0': CMAKE_PREFIX_PATH=${CMAKE_PREFIX_PATH}:/opt/ros/humble /home/rlcontrol/.local/bin/cmake --build /home/rlcontrol/jay_ws/build/rl_custom_messages -- -j6 -l6
[0.823s] Invoking command in '/home/rlcontrol/jay_ws/build/rl_custom_messages': CMAKE_PREFIX_PATH=${CMAKE_PREFIX_PATH}:/opt/ros/humble /home/rlcontrol/.local/bin/cmake --install /home/rlcontrol/jay_ws/build/rl_custom_messages
[0.868s] -- Install configuration: ""
[0.870s] -- Execute custom install script
[0.870s] -- Up-to-date symlink: /home/rlcontrol/jay_ws/install/rl_custom_messages/share/ament_index/resource_index/rosidl_interfaces/rl_custom_messages
[0.871s] -- Up-to-date symlink: /home/rlcontrol/jay_ws/install/rl_custom_messages/include/rl_custom_messages/rl_custom_messages/msg/detail/motor_commands__functions.h
[0.872s] -- Up-to-date symlink: /home/rlcontrol/jay_ws/install/rl_custom_messages/include/rl_custom_messages/rl_custom_messages/msg/detail/motor_commands__struct.h
[0.872s] -- Up-to-date symlink: /home/rlcontrol/jay_ws/install/rl_custom_messages/include/rl_custom_messages/rl_custom_messages/msg/detail/motor_commands__type_support.h
[0.872s] -- Up-to-date symlink: /home/rlcontrol/jay_ws/install/rl_custom_messages/include/rl_custom_messages/rl_custom_messages/msg/detail/range_array__functions.h
[0.873s] -- Up-to-date symlink: /home/rlcontrol/jay_ws/install/rl_custom_messages/include/rl_custom_messages/rl_custom_messages/msg/detail/range_array__struct.h
[0.873s] -- Up-to-date symlink: /home/rlcontrol/jay_ws/install/rl_custom_messages/include/rl_custom_messages/rl_custom_messages/msg/detail/range_array__type_support.h
[0.874s] -- Up-to-date symlink: /home/rlcontrol/jay_ws/install/rl_custom_messages/include/rl_custom_messages/rl_custom_messages/msg/motor_commands.h
[0.875s] -- Up-to-date symlink: /home/rlcontrol/jay_ws/install/rl_custom_messages/include/rl_custom_messages/rl_custom_messages/msg/range_array.h
[0.875s] -- Up-to-date symlink: /home/rlcontrol/jay_ws/install/rl_custom_messages/include/rl_custom_messages/rl_custom_messages/msg/rosidl_generator_c__visibility_control.h
[0.875s] -- Up-to-date symlink: /home/rlcontrol/jay_ws/install/rl_custom_messages/include/rl_custom_messages/rl_custom_messages/srv/detail/observation_service__functions.h
[0.876s] -- Up-to-date symlink: /home/rlcontrol/jay_ws/install/rl_custom_messages/include/rl_custom_messages/rl_custom_messages/srv/detail/observation_service__struct.h
[0.876s] -- Up-to-date symlink: /home/rlcontrol/jay_ws/install/rl_custom_messages/include/rl_custom_messages/rl_custom_messages/srv/detail/observation_service__type_support.h
[0.876s] -- Up-to-date symlink: /home/rlcontrol/jay_ws/install/rl_custom_messages/include/rl_custom_messages/rl_custom_messages/srv/observation_service.h
[0.876s] -- Up-to-date symlink: /home/rlcontrol/jay_ws/install/rl_custom_messages/share/rl_custom_messages/environment/library_path.sh
[0.876s] -- Up-to-date symlink: /home/rlcontrol/jay_ws/install/rl_custom_messages/share/rl_custom_messages/environment/library_path.dsv
[0.877s] -- Up-to-date symlink: /home/rlcontrol/jay_ws/install/rl_custom_messages/include/rl_custom_messages/rl_custom_messages/msg/detail/motor_commands__rosidl_typesupport_fastrtps_c.h
[0.877s] -- Up-to-date symlink: /home/rlcontrol/jay_ws/install/rl_custom_messages/include/rl_custom_messages/rl_custom_messages/msg/detail/range_array__rosidl_typesupport_fastrtps_c.h
[0.878s] -- Up-to-date symlink: /home/rlcontrol/jay_ws/install/rl_custom_messages/include/rl_custom_messages/rl_custom_messages/msg/rosidl_typesupport_fastrtps_c__visibility_control.h
[0.878s] -- Up-to-date symlink: /home/rlcontrol/jay_ws/install/rl_custom_messages/include/rl_custom_messages/rl_custom_messages/srv/detail/observation_service__rosidl_typesupport_fastrtps_c.h
[0.880s] -- Up-to-date symlink: /home/rlcontrol/jay_ws/install/rl_custom_messages/include/rl_custom_messages/rl_custom_messages/msg/detail/motor_commands__rosidl_typesupport_introspection_c.h
[0.880s] -- Up-to-date symlink: /home/rlcontrol/jay_ws/install/rl_custom_messages/include/rl_custom_messages/rl_custom_messages/msg/detail/range_array__rosidl_typesupport_introspection_c.h
[0.881s] -- Up-to-date symlink: /home/rlcontrol/jay_ws/install/rl_custom_messages/include/rl_custom_messages/rl_custom_messages/msg/rosidl_typesupport_introspection_c__visibility_control.h
[0.881s] -- Up-to-date symlink: /home/rlcontrol/jay_ws/install/rl_custom_messages/include/rl_custom_messages/rl_custom_messages/srv/detail/observation_service__rosidl_typesupport_introspection_c.h
[0.882s] -- Up-to-date symlink: /home/rlcontrol/jay_ws/install/rl_custom_messages/include/rl_custom_messages/rl_custom_messages/msg/detail/motor_commands__builder.hpp
[0.883s] -- Up-to-date symlink: /home/rlcontrol/jay_ws/install/rl_custom_messages/include/rl_custom_messages/rl_custom_messages/msg/detail/motor_commands__struct.hpp
[0.884s] -- Up-to-date symlink: /home/rlcontrol/jay_ws/install/rl_custom_messages/include/rl_custom_messages/rl_custom_messages/msg/detail/motor_commands__traits.hpp
[0.884s] -- Up-to-date symlink: /home/rlcontrol/jay_ws/install/rl_custom_messages/include/rl_custom_messages/rl_custom_messages/msg/detail/range_array__builder.hpp
[0.885s] -- Up-to-date symlink: /home/rlcontrol/jay_ws/install/rl_custom_messages/include/rl_custom_messages/rl_custom_messages/msg/detail/range_array__struct.hpp
[0.885s] -- Up-to-date symlink: /home/rlcontrol/jay_ws/install/rl_custom_messages/include/rl_custom_messages/rl_custom_messages/msg/detail/range_array__traits.hpp
[0.886s] -- Up-to-date symlink: /home/rlcontrol/jay_ws/install/rl_custom_messages/include/rl_custom_messages/rl_custom_messages/msg/motor_commands.hpp
[0.886s] -- Up-to-date symlink: /home/rlcontrol/jay_ws/install/rl_custom_messages/include/rl_custom_messages/rl_custom_messages/msg/range_array.hpp
[0.887s] -- Up-to-date symlink: /home/rlcontrol/jay_ws/install/rl_custom_messages/include/rl_custom_messages/rl_custom_messages/srv/detail/observation_service__builder.hpp
[0.887s] -- Up-to-date symlink: /home/rlcontrol/jay_ws/install/rl_custom_messages/include/rl_custom_messages/rl_custom_messages/srv/detail/observation_service__struct.hpp
[0.888s] -- Up-to-date symlink: /home/rlcontrol/jay_ws/install/rl_custom_messages/include/rl_custom_messages/rl_custom_messages/srv/detail/observation_service__traits.hpp
[0.888s] -- Up-to-date symlink: /home/rlcontrol/jay_ws/install/rl_custom_messages/include/rl_custom_messages/rl_custom_messages/srv/observation_service.hpp
[0.890s] -- Up-to-date symlink: /home/rlcontrol/jay_ws/install/rl_custom_messages/include/rl_custom_messages/rl_custom_messages/msg/detail/motor_commands__rosidl_typesupport_fastrtps_cpp.hpp
[0.890s] -- Up-to-date symlink: /home/rlcontrol/jay_ws/install/rl_custom_messages/include/rl_custom_messages/rl_custom_messages/msg/detail/range_array__rosidl_typesupport_fastrtps_cpp.hpp
[0.891s] -- Up-to-date symlink: /home/rlcontrol/jay_ws/install/rl_custom_messages/include/rl_custom_messages/rl_custom_messages/msg/rosidl_typesupport_fastrtps_cpp__visibility_control.h
[0.891s] -- Up-to-date symlink: /home/rlcontrol/jay_ws/install/rl_custom_messages/include/rl_custom_messages/rl_custom_messages/srv/detail/observation_service__rosidl_typesupport_fastrtps_cpp.hpp
[0.892s] -- Up-to-date symlink: /home/rlcontrol/jay_ws/install/rl_custom_messages/include/rl_custom_messages/rl_custom_messages/msg/detail/motor_commands__rosidl_typesupport_introspection_cpp.hpp
[0.893s] -- Up-to-date symlink: /home/rlcontrol/jay_ws/install/rl_custom_messages/include/rl_custom_messages/rl_custom_messages/msg/detail/range_array__rosidl_typesupport_introspection_cpp.hpp
[0.893s] -- Up-to-date symlink: /home/rlcontrol/jay_ws/install/rl_custom_messages/include/rl_custom_messages/rl_custom_messages/srv/detail/observation_service__rosidl_typesupport_introspection_cpp.hpp
[0.894s] -- Up-to-date symlink: /home/rlcontrol/jay_ws/install/rl_custom_messages/share/rl_custom_messages/environment/pythonpath.sh
[0.895s] -- Up-to-date symlink: /home/rlcontrol/jay_ws/install/rl_custom_messages/share/rl_custom_messages/environment/pythonpath.dsv
[0.895s] -- Up-to-date symlink: /home/rlcontrol/jay_ws/install/rl_custom_messages/local/lib/python3.10/dist-packages/rl_custom_messages-0.0.0-py3.10.egg-info/PKG-INFO
[0.896s] -- Up-to-date symlink: /home/rlcontrol/jay_ws/install/rl_custom_messages/local/lib/python3.10/dist-packages/rl_custom_messages-0.0.0-py3.10.egg-info/SOURCES.txt
[0.897s] -- Up-to-date symlink: /home/rlcontrol/jay_ws/install/rl_custom_messages/local/lib/python3.10/dist-packages/rl_custom_messages-0.0.0-py3.10.egg-info/dependency_links.txt
[0.897s] -- Up-to-date symlink: /home/rlcontrol/jay_ws/install/rl_custom_messages/local/lib/python3.10/dist-packages/rl_custom_messages-0.0.0-py3.10.egg-info/top_level.txt
[0.900s] -- Up-to-date symlink: /home/rlcontrol/jay_ws/install/rl_custom_messages/local/lib/python3.10/dist-packages/rl_custom_messages/__init__.py
[0.901s] -- Up-to-date symlink: /home/rlcontrol/jay_ws/install/rl_custom_messages/local/lib/python3.10/dist-packages/rl_custom_messages/_rl_custom_messages_s.ep.rosidl_typesupport_c.c
[0.902s] -- Up-to-date symlink: /home/rlcontrol/jay_ws/install/rl_custom_messages/local/lib/python3.10/dist-packages/rl_custom_messages/_rl_custom_messages_s.ep.rosidl_typesupport_fastrtps_c.c
[0.902s] -- Up-to-date symlink: /home/rlcontrol/jay_ws/install/rl_custom_messages/local/lib/python3.10/dist-packages/rl_custom_messages/_rl_custom_messages_s.ep.rosidl_typesupport_introspection_c.c
[0.902s] -- Up-to-date symlink: /home/rlcontrol/jay_ws/install/rl_custom_messages/local/lib/python3.10/dist-packages/rl_custom_messages/librl_custom_messages__rosidl_generator_py.so
[0.902s] -- Up-to-date symlink: /home/rlcontrol/jay_ws/install/rl_custom_messages/local/lib/python3.10/dist-packages/rl_custom_messages/msg/__init__.py
[0.902s] -- Up-to-date symlink: /home/rlcontrol/jay_ws/install/rl_custom_messages/local/lib/python3.10/dist-packages/rl_custom_messages/msg/_motor_commands.py
[0.903s] -- Up-to-date symlink: /home/rlcontrol/jay_ws/install/rl_custom_messages/local/lib/python3.10/dist-packages/rl_custom_messages/msg/_motor_commands_s.c
[0.903s] -- Up-to-date symlink: /home/rlcontrol/jay_ws/install/rl_custom_messages/local/lib/python3.10/dist-packages/rl_custom_messages/msg/_range_array.py
[0.904s] -- Up-to-date symlink: /home/rlcontrol/jay_ws/install/rl_custom_messages/local/lib/python3.10/dist-packages/rl_custom_messages/msg/_range_array_s.c
[0.905s] -- Up-to-date symlink: /home/rlcontrol/jay_ws/install/rl_custom_messages/local/lib/python3.10/dist-packages/rl_custom_messages/rl_custom_messages_s__rosidl_typesupport_c.cpython-310-x86_64-linux-gnu.so
[0.905s] -- Up-to-date symlink: /home/rlcontrol/jay_ws/install/rl_custom_messages/local/lib/python3.10/dist-packages/rl_custom_messages/rl_custom_messages_s__rosidl_typesupport_fastrtps_c.cpython-310-x86_64-linux-gnu.so
[0.906s] -- Up-to-date symlink: /home/rlcontrol/jay_ws/install/rl_custom_messages/local/lib/python3.10/dist-packages/rl_custom_messages/rl_custom_messages_s__rosidl_typesupport_introspection_c.cpython-310-x86_64-linux-gnu.so
[0.906s] -- Up-to-date symlink: /home/rlcontrol/jay_ws/install/rl_custom_messages/local/lib/python3.10/dist-packages/rl_custom_messages/srv/__init__.py
[0.907s] -- Up-to-date symlink: /home/rlcontrol/jay_ws/install/rl_custom_messages/local/lib/python3.10/dist-packages/rl_custom_messages/srv/_observation_service.py
[0.907s] -- Up-to-date symlink: /home/rlcontrol/jay_ws/install/rl_custom_messages/local/lib/python3.10/dist-packages/rl_custom_messages/srv/_observation_service_s.c
[0.907s] -- Up-to-date symlink: /home/rlcontrol/jay_ws/install/rl_custom_messages/local/lib/python3.10/dist-packages/rl_custom_messages/rl_custom_messages_s__rosidl_typesupport_fastrtps_c.cpython-310-x86_64-linux-gnu.so
[0.908s] -- Up-to-date symlink: /home/rlcontrol/jay_ws/install/rl_custom_messages/local/lib/python3.10/dist-packages/rl_custom_messages/rl_custom_messages_s__rosidl_typesupport_introspection_c.cpython-310-x86_64-linux-gnu.so
[0.908s] -- Up-to-date symlink: /home/rlcontrol/jay_ws/install/rl_custom_messages/local/lib/python3.10/dist-packages/rl_custom_messages/rl_custom_messages_s__rosidl_typesupport_c.cpython-310-x86_64-linux-gnu.so
[0.908s] -- Up-to-date symlink: /home/rlcontrol/jay_ws/install/rl_custom_messages/share/rl_custom_messages/msg/RangeArray.idl
[0.908s] -- Up-to-date symlink: /home/rlcontrol/jay_ws/install/rl_custom_messages/share/rl_custom_messages/msg/MotorCommands.idl
[0.909s] -- Up-to-date symlink: /home/rlcontrol/jay_ws/install/rl_custom_messages/share/rl_custom_messages/srv/ObservationService.idl
[0.910s] -- Up-to-date symlink: /home/rlcontrol/jay_ws/install/rl_custom_messages/share/rl_custom_messages/msg/RangeArray.msg
[0.910s] -- Up-to-date symlink: /home/rlcontrol/jay_ws/install/rl_custom_messages/share/rl_custom_messages/msg/MotorCommands.msg
[0.910s] -- Up-to-date symlink: /home/rlcontrol/jay_ws/install/rl_custom_messages/share/rl_custom_messages/srv/ObservationService.srv
[0.910s] -- Up-to-date symlink: /home/rlcontrol/jay_ws/install/rl_custom_messages/share/rl_custom_messages/srv/ObservationService_Request.msg
[0.910s] -- Up-to-date symlink: /home/rlcontrol/jay_ws/install/rl_custom_messages/share/rl_custom_messages/srv/ObservationService_Response.msg
[0.911s] -- Up-to-date symlink: /home/rlcontrol/jay_ws/install/rl_custom_messages/share/ament_index/resource_index/package_run_dependencies/rl_custom_messages
[0.911s] -- Up-to-date symlink: /home/rlcontrol/jay_ws/install/rl_custom_messages/share/ament_index/resource_index/parent_prefix_path/rl_custom_messages
[0.912s] -- Up-to-date symlink: /home/rlcontrol/jay_ws/install/rl_custom_messages/share/rl_custom_messages/environment/ament_prefix_path.sh
[0.912s] -- Up-to-date symlink: /home/rlcontrol/jay_ws/install/rl_custom_messages/share/rl_custom_messages/environment/ament_prefix_path.dsv
[0.912s] -- Up-to-date symlink: /home/rlcontrol/jay_ws/install/rl_custom_messages/share/rl_custom_messages/environment/path.sh
[0.913s] -- Up-to-date symlink: /home/rlcontrol/jay_ws/install/rl_custom_messages/share/rl_custom_messages/environment/path.dsv
[0.913s] -- Up-to-date symlink: /home/rlcontrol/jay_ws/install/rl_custom_messages/share/rl_custom_messages/local_setup.bash
[0.914s] -- Up-to-date symlink: /home/rlcontrol/jay_ws/install/rl_custom_messages/share/rl_custom_messages/local_setup.sh
[0.914s] -- Up-to-date symlink: /home/rlcontrol/jay_ws/install/rl_custom_messages/share/rl_custom_messages/local_setup.zsh
[0.915s] -- Up-to-date symlink: /home/rlcontrol/jay_ws/install/rl_custom_messages/share/rl_custom_messages/local_setup.dsv
[0.915s] -- Symlinking: /home/rlcontrol/jay_ws/install/rl_custom_messages/share/rl_custom_messages/package.dsv
[0.921s] -- Up-to-date symlink: /home/rlcontrol/jay_ws/install/rl_custom_messages/share/ament_index/resource_index/packages/rl_custom_messages
[0.921s] -- Up-to-date symlink: /home/rlcontrol/jay_ws/install/rl_custom_messages/share/rl_custom_messages/cmake/rosidl_cmake-extras.cmake
[0.922s] -- Up-to-date symlink: /home/rlcontrol/jay_ws/install/rl_custom_messages/share/rl_custom_messages/cmake/ament_cmake_export_include_directories-extras.cmake
[0.922s] -- Up-to-date symlink: /home/rlcontrol/jay_ws/install/rl_custom_messages/share/rl_custom_messages/cmake/ament_cmake_export_libraries-extras.cmake
[0.923s] -- Up-to-date symlink: /home/rlcontrol/jay_ws/install/rl_custom_messages/share/rl_custom_messages/cmake/ament_cmake_export_targets-extras.cmake
[0.923s] -- Up-to-date symlink: /home/rlcontrol/jay_ws/install/rl_custom_messages/share/rl_custom_messages/cmake/rosidl_cmake_export_typesupport_targets-extras.cmake
[0.924s] -- Up-to-date symlink: /home/rlcontrol/jay_ws/install/rl_custom_messages/share/rl_custom_messages/cmake/ament_cmake_export_dependencies-extras.cmake
[0.924s] -- Up-to-date symlink: /home/rlcontrol/jay_ws/install/rl_custom_messages/share/rl_custom_messages/cmake/rosidl_cmake_export_typesupport_libraries-extras.cmake
[0.925s] -- Up-to-date symlink: /home/rlcontrol/jay_ws/install/rl_custom_messages/share/rl_custom_messages/cmake/rl_custom_messagesConfig.cmake
[0.925s] -- Up-to-date symlink: /home/rlcontrol/jay_ws/install/rl_custom_messages/share/rl_custom_messages/cmake/rl_custom_messagesConfig-version.cmake
[0.925s] -- Up-to-date symlink: /home/rlcontrol/jay_ws/install/rl_custom_messages/share/rl_custom_messages/package.xml
[0.926s] -- Up-to-date: /home/rlcontrol/jay_ws/install/rl_custom_messages/lib/librl_custom_messages__rosidl_generator_c.so
[0.926s] -- Up-to-date: /home/rlcontrol/jay_ws/install/rl_custom_messages/lib/librl_custom_messages__rosidl_typesupport_fastrtps_c.so
[0.927s] -- Up-to-date: /home/rlcontrol/jay_ws/install/rl_custom_messages/lib/librl_custom_messages__rosidl_typesupport_introspection_c.so
[0.927s] -- Up-to-date: /home/rlcontrol/jay_ws/install/rl_custom_messages/lib/librl_custom_messages__rosidl_typesupport_c.so
[0.928s] -- Up-to-date: /home/rlcontrol/jay_ws/install/rl_custom_messages/lib/librl_custom_messages__rosidl_typesupport_fastrtps_cpp.so
[0.929s] -- Up-to-date: /home/rlcontrol/jay_ws/install/rl_custom_messages/lib/librl_custom_messages__rosidl_typesupport_introspection_cpp.so
[0.930s] -- Up-to-date: /home/rlcontrol/jay_ws/install/rl_custom_messages/lib/librl_custom_messages__rosidl_typesupport_cpp.so
[0.983s] Listing '/home/rlcontrol/jay_ws/install/rl_custom_messages/local/lib/python3.10/dist-packages/rl_custom_messages'...
[0.984s] Listing '/home/rlcontrol/jay_ws/install/rl_custom_messages/local/lib/python3.10/dist-packages/rl_custom_messages/msg'...
[0.984s] Listing '/home/rlcontrol/jay_ws/install/rl_custom_messages/local/lib/python3.10/dist-packages/rl_custom_messages/srv'...
[0.990s] -- Up-to-date: /home/rlcontrol/jay_ws/install/rl_custom_messages/lib/librl_custom_messages__rosidl_generator_py.so
[0.991s] -- Up-to-date: /home/rlcontrol/jay_ws/install/rl_custom_messages/share/rl_custom_messages/cmake/export_rl_custom_messages__rosidl_generator_cExport.cmake
[0.991s] -- Up-to-date: /home/rlcontrol/jay_ws/install/rl_custom_messages/share/rl_custom_messages/cmake/export_rl_custom_messages__rosidl_generator_cExport-noconfig.cmake
[0.991s] -- Up-to-date: /home/rlcontrol/jay_ws/install/rl_custom_messages/share/rl_custom_messages/cmake/export_rl_custom_messages__rosidl_typesupport_fastrtps_cExport.cmake
[0.992s] -- Up-to-date: /home/rlcontrol/jay_ws/install/rl_custom_messages/share/rl_custom_messages/cmake/export_rl_custom_messages__rosidl_typesupport_fastrtps_cExport-noconfig.cmake
[0.992s] -- Up-to-date: /home/rlcontrol/jay_ws/install/rl_custom_messages/share/rl_custom_messages/cmake/rl_custom_messages__rosidl_typesupport_introspection_cExport.cmake
[0.992s] -- Up-to-date: /home/rlcontrol/jay_ws/install/rl_custom_messages/share/rl_custom_messages/cmake/rl_custom_messages__rosidl_typesupport_introspection_cExport-noconfig.cmake
[0.993s] -- Up-to-date: /home/rlcontrol/jay_ws/install/rl_custom_messages/share/rl_custom_messages/cmake/rl_custom_messages__rosidl_typesupport_cExport.cmake
[0.993s] -- Up-to-date: /home/rlcontrol/jay_ws/install/rl_custom_messages/share/rl_custom_messages/cmake/rl_custom_messages__rosidl_typesupport_cExport-noconfig.cmake
[0.993s] -- Up-to-date: /home/rlcontrol/jay_ws/install/rl_custom_messages/share/rl_custom_messages/cmake/export_rl_custom_messages__rosidl_generator_cppExport.cmake
[0.993s] -- Up-to-date: /home/rlcontrol/jay_ws/install/rl_custom_messages/share/rl_custom_messages/cmake/export_rl_custom_messages__rosidl_typesupport_fastrtps_cppExport.cmake
[0.993s] -- Up-to-date: /home/rlcontrol/jay_ws/install/rl_custom_messages/share/rl_custom_messages/cmake/export_rl_custom_messages__rosidl_typesupport_fastrtps_cppExport-noconfig.cmake
[0.993s] -- Up-to-date: /home/rlcontrol/jay_ws/install/rl_custom_messages/share/rl_custom_messages/cmake/rl_custom_messages__rosidl_typesupport_introspection_cppExport.cmake
[0.993s] -- Up-to-date: /home/rlcontrol/jay_ws/install/rl_custom_messages/share/rl_custom_messages/cmake/rl_custom_messages__rosidl_typesupport_introspection_cppExport-noconfig.cmake
[0.993s] -- Up-to-date: /home/rlcontrol/jay_ws/install/rl_custom_messages/share/rl_custom_messages/cmake/rl_custom_messages__rosidl_typesupport_cppExport.cmake
[0.993s] -- Up-to-date: /home/rlcontrol/jay_ws/install/rl_custom_messages/share/rl_custom_messages/cmake/rl_custom_messages__rosidl_typesupport_cppExport-noconfig.cmake
[0.994s] -- Up-to-date: /home/rlcontrol/jay_ws/install/rl_custom_messages/share/rl_custom_messages/cmake/export_rl_custom_messages__rosidl_generator_pyExport.cmake
[0.994s] -- Up-to-date: /home/rlcontrol/jay_ws/install/rl_custom_messages/share/rl_custom_messages/cmake/export_rl_custom_messages__rosidl_generator_pyExport-noconfig.cmake
[1.003s] Invoked command in '/home/rlcontrol/jay_ws/build/rl_custom_messages' returned '0': CMAKE_PREFIX_PATH=${CMAKE_PREFIX_PATH}:/opt/ros/humble /home/rlcontrol/.local/bin/cmake --install /home/rlcontrol/jay_ws/build/rl_custom_messages
