[ 14%] Built target motor_controller
[ 28%] Built target range_publisher
[ 42%] Built target microphone_publisher
[ 57%] Built target camera_publisher
[ 71%] Built target speaker_controller
[ 78%] [32mBuilding CXX object CMakeFiles/rl_server.dir/src/rl_server.cpp.o[0m
[ 78%] Built target ament_cmake_python_symlink_jaybot
[ 92%] Built target image_debugger
running egg_info
writing jaybot.egg-info/PKG-INFO
writing dependency_links to jaybot.egg-info/dependency_links.txt
writing top-level names to jaybot.egg-info/top_level.txt
reading manifest file 'jaybot.egg-info/SOURCES.txt'
writing manifest file 'jaybot.egg-info/SOURCES.txt'
[ 92%] Built target ament_cmake_python_build_jaybot_egg
[01m[K/home/rlcontrol/jay_ws/jaybot/src/rl_server.cpp:[m[K In member function ‘[01m[Kvoid RangeSubscriber::topic_callback(rl_custom_messages::msg::RangeArray_<std::allocator<void> >::SharedPtr)[m[K’:
[01m[K/home/rlcontrol/jay_ws/jaybot/src/rl_server.cpp:32:86:[m[K [01;31m[Kerror: [m[Kexpected ‘[01m[K;[m[K’ before ‘[01m[K)[m[K’ token
   32 |                  msg->range_left, msg->range_front, msg->range_right, msg->range_back[01;31m[K)[m[K;
      |                                                                                      [01;31m[K^[m[K
[01m[K/home/rlcontrol/jay_ws/jaybot/src/rl_server.cpp:[m[K In member function ‘[01m[Kvoid ImageServer::service_callback(std::shared_ptr<rl_custom_messages::srv::ImageService_Request_<std::allocator<void> > >, std::shared_ptr<rl_custom_messages::srv::ImageService_Response_<std::allocator<void> > >)[m[K’:
[01m[K/home/rlcontrol/jay_ws/jaybot/src/rl_server.cpp:94:79:[m[K [01;35m[Kwarning: [m[Kunused parameter ‘[01m[Krequest[m[K’ [[01;35m[K]8;;https://gcc.gnu.org/onlinedocs/gcc/Warning-Options.html#index-Wunused-parameter-Wunused-parameter]8;;[m[K]
   94 |         [01;35m[Kconst std::shared_ptr<rl_custom_messages::srv::ImageService::Request> request[m[K,
      |         [01;35m[K~~~~~~~~~~~~~~~~~~~~~~~~~~~~~~~~~~~~~~~~~~~~~~~~~~~~~~~~~~~~~~~~~~~~~~^~~~~~~[m[K
[01m[K/home/rlcontrol/jay_ws/jaybot/src/rl_server.cpp:[m[K In member function ‘[01m[Kvoid AudioReceiverSubscriber::topic_callback(sensor_msgs::msg::Image_<std::allocator<void> >::SharedPtr) const[m[K’:
[01m[K/home/rlcontrol/jay_ws/jaybot/src/rl_server.cpp:116:66:[m[K [01;35m[Kwarning: [m[Kunused parameter ‘[01m[Kmsg[m[K’ [[01;35m[K]8;;https://gcc.gnu.org/onlinedocs/gcc/Warning-Options.html#index-Wunused-parameter-Wunused-parameter]8;;[m[K]
  116 |     void topic_callback([01;35m[Kconst sensor_msgs::msg::Image::SharedPtr msg[m[K) const
      |                         [01;35m[K~~~~~~~~~~~~~~~~~~~~~~~~~~~~~~~~~~~~~~~~~^~~[m[K
gmake[2]: *** [CMakeFiles/rl_server.dir/build.make:76: CMakeFiles/rl_server.dir/src/rl_server.cpp.o] Error 1
gmake[1]: *** [CMakeFiles/Makefile2:282: CMakeFiles/rl_server.dir/all] Error 2
gmake: *** [Makefile:146: all] Error 2
