[0.025s] Invoking command in '/home/rlagent/jay_ws/build/jaybot': AMENT_PREFIX_PATH=/home/rlagent/jay_ws/install/rl_custom_messages:${AMENT_PREFIX_PATH} CMAKE_PREFIX_PATH=/home/rlagent/jay_ws/install/rl_custom_messages:/opt/ros/humble LD_LIBRARY_PATH=/home/rlagent/jay_ws/install/rl_custom_messages/lib:${LD_LIBRARY_PATH} PYTHONPATH=/home/rlagent/jay_ws/install/rl_custom_messages/local/lib/python3.10/dist-packages:${PYTHONPATH} /usr/bin/cmake --build /home/rlagent/jay_ws/build/jaybot -- -j2 -l2
[0.075s] -- Found ament_cmake: 1.3.4 (/opt/ros/humble/share/ament_cmake/cmake)
[0.267s] -- Found rclcpp: 16.0.4 (/opt/ros/humble/share/rclcpp/cmake)
[0.307s] -- Found rosidl_generator_c: 3.1.4 (/opt/ros/humble/share/rosidl_generator_c/cmake)
[0.311s] -- Found rosidl_adapter: 3.1.4 (/opt/ros/humble/share/rosidl_adapter/cmake)
[0.321s] -- Found rosidl_generator_cpp: 3.1.4 (/opt/ros/humble/share/rosidl_generator_cpp/cmake)
[0.338s] -- Using all available rosidl_typesupport_c: rosidl_typesupport_fastrtps_c;rosidl_typesupport_introspection_c
[0.362s] -- Using all available rosidl_typesupport_cpp: rosidl_typesupport_fastrtps_cpp;rosidl_typesupport_introspection_cpp
[0.447s] -- Found rmw_implementation_cmake: 6.1.1 (/opt/ros/humble/share/rmw_implementation_cmake/cmake)
[0.450s] -- Found rmw_fastrtps_cpp: 6.2.2 (/opt/ros/humble/share/rmw_fastrtps_cpp/cmake)
[0.608s] -- Using RMW implementation 'rmw_fastrtps_cpp' as default
[0.830s] -- Found rl_custom_messages: 0.0.0 (/home/rlagent/jay_ws/install/rl_custom_messages/share/rl_custom_messages/cmake)
[0.932s] -- Configuring done
[0.955s] -- Generating done
[0.959s] -- Build files have been written to: /home/rlagent/jay_ws/build/jaybot
[1.003s] [35m[1mConsolidate compiler generated dependencies of target range_publisher[0m
[1.004s] [35m[1mConsolidate compiler generated dependencies of target range_subscriber[0m
[1.043s] [ 25%] [32m[1mLinking CXX executable range_publisher[0m
[1.043s] [ 75%] Built target range_subscriber
[1.351s] [100%] Built target range_publisher
[1.371s] Invoked command in '/home/rlagent/jay_ws/build/jaybot' returned '0': AMENT_PREFIX_PATH=/home/rlagent/jay_ws/install/rl_custom_messages:${AMENT_PREFIX_PATH} CMAKE_PREFIX_PATH=/home/rlagent/jay_ws/install/rl_custom_messages:/opt/ros/humble LD_LIBRARY_PATH=/home/rlagent/jay_ws/install/rl_custom_messages/lib:${LD_LIBRARY_PATH} PYTHONPATH=/home/rlagent/jay_ws/install/rl_custom_messages/local/lib/python3.10/dist-packages:${PYTHONPATH} /usr/bin/cmake --build /home/rlagent/jay_ws/build/jaybot -- -j2 -l2
[1.441s] Invoking command in '/home/rlagent/jay_ws/build/jaybot': AMENT_PREFIX_PATH=/home/rlagent/jay_ws/install/rl_custom_messages:${AMENT_PREFIX_PATH} CMAKE_PREFIX_PATH=/home/rlagent/jay_ws/install/rl_custom_messages:/opt/ros/humble LD_LIBRARY_PATH=/home/rlagent/jay_ws/install/rl_custom_messages/lib:${LD_LIBRARY_PATH} PYTHONPATH=/home/rlagent/jay_ws/install/rl_custom_messages/local/lib/python3.10/dist-packages:${PYTHONPATH} /usr/bin/cmake --install /home/rlagent/jay_ws/build/jaybot
[1.454s] -- Install configuration: ""
[1.455s] -- Installing: /home/rlagent/jay_ws/install/jaybot/lib/jaybot/range_publisher
[1.459s] -- Set runtime path of "/home/rlagent/jay_ws/install/jaybot/lib/jaybot/range_publisher" to ""
[1.460s] -- Installing: /home/rlagent/jay_ws/install/jaybot/lib/jaybot/range_subscriber
[1.472s] -- Set runtime path of "/home/rlagent/jay_ws/install/jaybot/lib/jaybot/range_subscriber" to ""
[1.473s] -- Installing: /home/rlagent/jay_ws/install/jaybot/include
[1.473s] -- Installing: /home/rlagent/jay_ws/install/jaybot/include/jaybot
[1.473s] -- Installing: /home/rlagent/jay_ws/install/jaybot/include/jaybot/RangeSensor.h
[1.474s] -- Installing: /home/rlagent/jay_ws/install/jaybot/share/ament_index/resource_index/package_run_dependencies/jaybot
[1.475s] -- Installing: /home/rlagent/jay_ws/install/jaybot/share/ament_index/resource_index/parent_prefix_path/jaybot
[1.476s] -- Installing: /home/rlagent/jay_ws/install/jaybot/share/jaybot/environment/ament_prefix_path.sh
[1.476s] -- Installing: /home/rlagent/jay_ws/install/jaybot/share/jaybot/environment/ament_prefix_path.dsv
[1.477s] -- Installing: /home/rlagent/jay_ws/install/jaybot/share/jaybot/environment/path.sh
[1.477s] -- Installing: /home/rlagent/jay_ws/install/jaybot/share/jaybot/environment/path.dsv
[1.478s] -- Installing: /home/rlagent/jay_ws/install/jaybot/share/jaybot/local_setup.bash
[1.478s] -- Installing: /home/rlagent/jay_ws/install/jaybot/share/jaybot/local_setup.sh
[1.479s] -- Installing: /home/rlagent/jay_ws/install/jaybot/share/jaybot/local_setup.zsh
[1.479s] -- Installing: /home/rlagent/jay_ws/install/jaybot/share/jaybot/local_setup.dsv
[1.480s] -- Installing: /home/rlagent/jay_ws/install/jaybot/share/jaybot/package.dsv
[1.481s] -- Installing: /home/rlagent/jay_ws/install/jaybot/share/ament_index/resource_index/packages/jaybot
[1.481s] -- Installing: /home/rlagent/jay_ws/install/jaybot/share/jaybot/cmake/ament_cmake_export_dependencies-extras.cmake
[1.482s] -- Installing: /home/rlagent/jay_ws/install/jaybot/share/jaybot/cmake/jaybotConfig.cmake
[1.482s] -- Installing: /home/rlagent/jay_ws/install/jaybot/share/jaybot/cmake/jaybotConfig-version.cmake
[1.483s] -- Installing: /home/rlagent/jay_ws/install/jaybot/share/jaybot/package.xml
[1.487s] Invoked command in '/home/rlagent/jay_ws/build/jaybot' returned '0': AMENT_PREFIX_PATH=/home/rlagent/jay_ws/install/rl_custom_messages:${AMENT_PREFIX_PATH} CMAKE_PREFIX_PATH=/home/rlagent/jay_ws/install/rl_custom_messages:/opt/ros/humble LD_LIBRARY_PATH=/home/rlagent/jay_ws/install/rl_custom_messages/lib:${LD_LIBRARY_PATH} PYTHONPATH=/home/rlagent/jay_ws/install/rl_custom_messages/local/lib/python3.10/dist-packages:${PYTHONPATH} /usr/bin/cmake --install /home/rlagent/jay_ws/build/jaybot
