[0.169s] Invoking command in '/home/rlagent/jay_ws/build/jaybot': CMAKE_PREFIX_PATH=/home/rlagent/jay_ws/install/rl_custom_messages:/home/rlagent/jay_ws/install/jaybot:/opt/ros/humble /usr/bin/cmake --build /home/rlagent/jay_ws/build/jaybot -- -j4 -l4
[0.618s] -- Found ament_cmake: 1.3.4 (/opt/ros/humble/share/ament_cmake/cmake)
[2.068s] -- Found rclcpp: 16.0.4 (/opt/ros/humble/share/rclcpp/cmake)
[2.507s] -- Found rosidl_generator_c: 3.1.4 (/opt/ros/humble/share/rosidl_generator_c/cmake)
[2.540s] -- Found rosidl_adapter: 3.1.4 (/opt/ros/humble/share/rosidl_adapter/cmake)
[2.617s] -- Found rosidl_generator_cpp: 3.1.4 (/opt/ros/humble/share/rosidl_generator_cpp/cmake)
[2.746s] -- Using all available rosidl_typesupport_c: rosidl_typesupport_fastrtps_c;rosidl_typesupport_introspection_c
[2.915s] -- Using all available rosidl_typesupport_cpp: rosidl_typesupport_fastrtps_cpp;rosidl_typesupport_introspection_cpp
[3.566s] -- Found rmw_implementation_cmake: 6.1.1 (/opt/ros/humble/share/rmw_implementation_cmake/cmake)
[3.590s] -- Found rmw_fastrtps_cpp: 6.2.2 (/opt/ros/humble/share/rmw_fastrtps_cpp/cmake)
[5.139s] -- Using RMW implementation 'rmw_fastrtps_cpp' as default
[6.566s] -- Found rl_custom_messages: 0.0.0 (/home/rlagent/jay_ws/install/rl_custom_messages/share/rl_custom_messages/cmake)
[7.341s] -- Configuring done
[7.536s] -- Generating done
[7.554s] -- Build files have been written to: /home/rlagent/jay_ws/build/jaybot
[7.740s] [35m[1mConsolidate compiler generated dependencies of target range_publisher[0m
[7.962s] [ 50%] [32mBuilding CXX object CMakeFiles/range_publisher.dir/src/range_publisher.cpp.o[0m
[224.895s] [100%] [32m[1mLinking CXX executable range_publisher[0m
[227.332s] [100%] Built target range_publisher
[228.031s] Invoked command in '/home/rlagent/jay_ws/build/jaybot' returned '0': CMAKE_PREFIX_PATH=/home/rlagent/jay_ws/install/rl_custom_messages:/home/rlagent/jay_ws/install/jaybot:/opt/ros/humble /usr/bin/cmake --build /home/rlagent/jay_ws/build/jaybot -- -j4 -l4
[228.828s] Invoking command in '/home/rlagent/jay_ws/build/jaybot': CMAKE_PREFIX_PATH=/home/rlagent/jay_ws/install/rl_custom_messages:/home/rlagent/jay_ws/install/jaybot:/opt/ros/humble /usr/bin/cmake --install /home/rlagent/jay_ws/build/jaybot
[228.898s] -- Install configuration: ""
[228.911s] -- Installing: /home/rlagent/jay_ws/install/jaybot/lib/jaybot/range_publisher
[228.933s] -- Set runtime path of "/home/rlagent/jay_ws/install/jaybot/lib/jaybot/range_publisher" to ""
[228.936s] -- Up-to-date: /home/rlagent/jay_ws/install/jaybot/include
[228.939s] -- Up-to-date: /home/rlagent/jay_ws/install/jaybot/include/jaybot
[228.941s] -- Installing: /home/rlagent/jay_ws/install/jaybot/include/jaybot/RangeSensor.h
[228.953s] -- Up-to-date: /home/rlagent/jay_ws/install/jaybot/share/ament_index/resource_index/package_run_dependencies/jaybot
[228.955s] -- Installing: /home/rlagent/jay_ws/install/jaybot/share/ament_index/resource_index/parent_prefix_path/jaybot
[228.974s] -- Up-to-date: /home/rlagent/jay_ws/install/jaybot/share/jaybot/environment/ament_prefix_path.sh
[228.976s] -- Installing: /home/rlagent/jay_ws/install/jaybot/share/jaybot/environment/ament_prefix_path.dsv
[228.981s] -- Up-to-date: /home/rlagent/jay_ws/install/jaybot/share/jaybot/environment/path.sh
[228.982s] -- Installing: /home/rlagent/jay_ws/install/jaybot/share/jaybot/environment/path.dsv
[228.986s] -- Up-to-date: /home/rlagent/jay_ws/install/jaybot/share/jaybot/local_setup.bash
[228.987s] -- Up-to-date: /home/rlagent/jay_ws/install/jaybot/share/jaybot/local_setup.sh
[228.988s] -- Up-to-date: /home/rlagent/jay_ws/install/jaybot/share/jaybot/local_setup.zsh
[228.989s] -- Installing: /home/rlagent/jay_ws/install/jaybot/share/jaybot/local_setup.dsv
[228.992s] -- Installing: /home/rlagent/jay_ws/install/jaybot/share/jaybot/package.dsv
[228.997s] -- Up-to-date: /home/rlagent/jay_ws/install/jaybot/share/ament_index/resource_index/packages/jaybot
[229.000s] -- Up-to-date: /home/rlagent/jay_ws/install/jaybot/share/jaybot/cmake/ament_cmake_export_dependencies-extras.cmake
[229.003s] -- Up-to-date: /home/rlagent/jay_ws/install/jaybot/share/jaybot/cmake/jaybotConfig.cmake
[229.004s] -- Up-to-date: /home/rlagent/jay_ws/install/jaybot/share/jaybot/cmake/jaybotConfig-version.cmake
[229.005s] -- Up-to-date: /home/rlagent/jay_ws/install/jaybot/share/jaybot/package.xml
[229.044s] Invoked command in '/home/rlagent/jay_ws/build/jaybot' returned '0': CMAKE_PREFIX_PATH=/home/rlagent/jay_ws/install/rl_custom_messages:/home/rlagent/jay_ws/install/jaybot:/opt/ros/humble /usr/bin/cmake --install /home/rlagent/jay_ws/build/jaybot
