[0.169s] Invoking command in '/home/rlagent/jay_ws/build/rl_custom_messages': CMAKE_PREFIX_PATH=/opt/ros/humble /usr/bin/cmake /home/rlagent/jay_ws/src/rl_custom_messages -DCMAKE_INSTALL_PREFIX=/home/rlagent/jay_ws/install/rl_custom_messages
[2.664s] -- The C compiler identification is GNU 11.3.0
[4.254s] -- The CXX compiler identification is GNU 11.3.0
[4.362s] -- Detecting C compiler ABI info
[5.205s] -- Detecting C compiler ABI info - done
[5.261s] -- Check for working C compiler: /usr/bin/cc - skipped
[5.266s] -- Detecting C compile features
[5.271s] -- Detecting C compile features - done
[5.303s] -- Detecting CXX compiler ABI info
[5.991s] -- Detecting CXX compiler ABI info - done
[6.055s] -- Check for working CXX compiler: /usr/bin/c++ - skipped
[6.057s] -- Detecting CXX compile features
[6.060s] -- Detecting CXX compile features - done
[6.147s] -- Found ament_cmake: 1.3.4 (/opt/ros/humble/share/ament_cmake/cmake)
[7.951s] -- Found Python3: /usr/bin/python3.10 (found version "3.10.6") found components: Interpreter 
[9.188s] -- Found rosidl_default_generators: 1.2.0 (/opt/ros/humble/share/rosidl_default_generators/cmake)
[9.236s] -- Using all available rosidl_typesupport_c: rosidl_typesupport_fastrtps_c;rosidl_typesupport_introspection_c
[9.341s] -- Found rosidl_adapter: 3.1.4 (/opt/ros/humble/share/rosidl_adapter/cmake)
[9.975s] -- Using all available rosidl_typesupport_cpp: rosidl_typesupport_fastrtps_cpp;rosidl_typesupport_introspection_cpp
[12.840s] -- Found ament_cmake_ros: 0.10.0 (/opt/ros/humble/share/ament_cmake_ros/cmake)
[14.496s] -- Using all available rosidl_typesupport_c: rosidl_typesupport_fastrtps_c;rosidl_typesupport_introspection_c
[16.606s] -- Using all available rosidl_typesupport_cpp: rosidl_typesupport_fastrtps_cpp;rosidl_typesupport_introspection_cpp
[16.819s] -- Found PythonInterp: /usr/bin/python3 (found suitable version "3.10.6", minimum required is "3.6") 
[16.844s] -- Found python_cmake_module: 0.10.0 (/opt/ros/humble/share/python_cmake_module/cmake)
[17.120s] -- Found PythonLibs: /usr/lib/aarch64-linux-gnu/libpython3.10.so (found suitable version "3.10.6", minimum required is "3.5") 
[17.121s] -- Using PYTHON_EXECUTABLE: /usr/bin/python3
[17.122s] -- Using PYTHON_INCLUDE_DIRS: /usr/include/python3.10
[17.123s] -- Using PYTHON_LIBRARIES: /usr/lib/aarch64-linux-gnu/libpython3.10.so
[17.317s] -- Found PythonExtra: .so  
[17.721s] -- Configuring done
[18.031s] -- Generating done
[18.057s] -- Build files have been written to: /home/rlagent/jay_ws/build/rl_custom_messages
[18.115s] Invoked command in '/home/rlagent/jay_ws/build/rl_custom_messages' returned '0': CMAKE_PREFIX_PATH=/opt/ros/humble /usr/bin/cmake /home/rlagent/jay_ws/src/rl_custom_messages -DCMAKE_INSTALL_PREFIX=/home/rlagent/jay_ws/install/rl_custom_messages
[18.135s] Invoking command in '/home/rlagent/jay_ws/build/rl_custom_messages': CMAKE_PREFIX_PATH=/opt/ros/humble /usr/bin/cmake --build /home/rlagent/jay_ws/build/rl_custom_messages -- -j4 -l4
[18.419s] [  3%] [34m[1mGenerating C code for ROS interfaces[0m
[18.488s] [  6%] [34m[1mGenerating C++ code for ROS interfaces[0m
[18.556s] [  6%] Built target ament_cmake_python_copy_rl_custom_messages
[22.159s] [  6%] Built target rl_custom_messages__cpp
[22.260s] [  9%] [34m[1mGenerating C++ type support dispatch for ROS interfaces[0m
[22.307s] [ 12%] [34m[1mGenerating C++ type support for eProsima Fast-RTPS[0m
[22.413s] [ 16%] [32mBuilding C object CMakeFiles/rl_custom_messages__rosidl_generator_c.dir/rosidl_generator_c/rl_custom_messages/msg/detail/range_array__functions.c.o[0m
[23.282s] running egg_info
[23.288s] creating rl_custom_messages.egg-info
[23.290s] writing rl_custom_messages.egg-info/PKG-INFO
[23.292s] writing dependency_links to rl_custom_messages.egg-info/dependency_links.txt
[23.295s] writing top-level names to rl_custom_messages.egg-info/top_level.txt
[23.298s] writing manifest file 'rl_custom_messages.egg-info/SOURCES.txt'
[23.335s] reading manifest file 'rl_custom_messages.egg-info/SOURCES.txt'
[23.342s] writing manifest file 'rl_custom_messages.egg-info/SOURCES.txt'
[23.605s] [ 19%] [32m[1mLinking C shared library librl_custom_messages__rosidl_generator_c.so[0m
[23.684s] [ 19%] Built target ament_cmake_python_build_rl_custom_messages_egg
[23.796s] [ 22%] [34m[1mGenerating C++ introspection for ROS interfaces[0m
[24.079s] [ 22%] Built target rl_custom_messages__rosidl_generator_c
[24.174s] [ 25%] [34m[1mGenerating C type support for eProsima Fast-RTPS[0m
[25.240s] [ 29%] [32mBuilding CXX object CMakeFiles/rl_custom_messages__rosidl_typesupport_cpp.dir/rosidl_typesupport_cpp/rl_custom_messages/msg/range_array__type_support.cpp.o[0m
[25.638s] [ 32%] [32mBuilding CXX object CMakeFiles/rl_custom_messages__rosidl_typesupport_fastrtps_cpp.dir/rosidl_typesupport_fastrtps_cpp/rl_custom_messages/msg/detail/dds_fastrtps/range_array__type_support.cpp.o[0m
[27.009s] [ 35%] [32mBuilding CXX object CMakeFiles/rl_custom_messages__rosidl_typesupport_introspection_cpp.dir/rosidl_typesupport_introspection_cpp/rl_custom_messages/msg/detail/range_array__type_support.cpp.o[0m
[27.458s] [ 38%] [32mBuilding CXX object CMakeFiles/rl_custom_messages__rosidl_typesupport_fastrtps_c.dir/rosidl_typesupport_fastrtps_c/rl_custom_messages/msg/detail/range_array__type_support_c.cpp.o[0m
[36.693s] [ 41%] [32m[1mLinking CXX shared library librl_custom_messages__rosidl_typesupport_cpp.so[0m
[38.126s] [ 48%] [32m[1mLinking CXX shared library librl_custom_messages__rosidl_typesupport_fastrtps_cpp.so[0m
[38.131s] [ 51%] [32m[1mLinking CXX shared library librl_custom_messages__rosidl_typesupport_fastrtps_c.so[0m
[38.134s] [ 48%] [32m[1mLinking CXX shared library librl_custom_messages__rosidl_typesupport_introspection_cpp.so[0m
[38.318s] [ 51%] Built target rl_custom_messages__rosidl_typesupport_cpp
[38.480s] [ 54%] [34m[1mGenerating C introspection for ROS interfaces[0m
[38.629s] [ 54%] Built target rl_custom_messages__rosidl_typesupport_introspection_cpp
[38.750s] [ 58%] [34m[1mGenerating C type support dispatch for ROS interfaces[0m
[39.190s] [ 58%] Built target rl_custom_messages__rosidl_typesupport_fastrtps_cpp
[39.198s] [ 58%] Built target rl_custom_messages__rosidl_typesupport_fastrtps_c
[41.507s] [ 61%] [32mBuilding CXX object CMakeFiles/rl_custom_messages__rosidl_typesupport_c.dir/rosidl_typesupport_c/rl_custom_messages/msg/range_array__type_support.cpp.o[0m
[41.657s] [ 64%] [32mBuilding C object CMakeFiles/rl_custom_messages__rosidl_typesupport_introspection_c.dir/rosidl_typesupport_introspection_c/rl_custom_messages/msg/detail/range_array__type_support.c.o[0m
[42.267s] [ 67%] [32m[1mLinking CXX shared library librl_custom_messages__rosidl_typesupport_c.so[0m
[42.560s] [ 67%] Built target rl_custom_messages__rosidl_typesupport_c
[42.827s] [ 70%] [32m[1mLinking C shared library librl_custom_messages__rosidl_typesupport_introspection_c.so[0m
[43.048s] [ 70%] Built target rl_custom_messages__rosidl_typesupport_introspection_c
[43.189s] [ 70%] Built target rl_custom_messages
[43.340s] [ 74%] [34m[1mGenerating Python code for ROS interfaces[0m
[46.166s] [ 74%] Built target rl_custom_messages__py
[46.320s] [ 77%] [32mBuilding C object CMakeFiles/rl_custom_messages__rosidl_generator_py.dir/rosidl_generator_py/rl_custom_messages/msg/_range_array_s.c.o[0m
[47.632s] [ 80%] [32m[1mLinking C shared library rosidl_generator_py/rl_custom_messages/librl_custom_messages__rosidl_generator_py.so[0m
[47.995s] [ 80%] Built target rl_custom_messages__rosidl_generator_py
[48.160s] [ 87%] [32mBuilding C object CMakeFiles/rl_custom_messages__rosidl_typesupport_fastrtps_c__pyext.dir/rosidl_generator_py/rl_custom_messages/_rl_custom_messages_s.ep.rosidl_typesupport_fastrtps_c.c.o[0m
[48.161s] [ 87%] [32mBuilding C object CMakeFiles/rl_custom_messages__rosidl_typesupport_introspection_c__pyext.dir/rosidl_generator_py/rl_custom_messages/_rl_custom_messages_s.ep.rosidl_typesupport_introspection_c.c.o[0m
[48.165s] [ 90%] [32mBuilding C object CMakeFiles/rl_custom_messages__rosidl_typesupport_c__pyext.dir/rosidl_generator_py/rl_custom_messages/_rl_custom_messages_s.ep.rosidl_typesupport_c.c.o[0m
[49.048s] [ 93%] [32m[1mLinking C shared library rosidl_generator_py/rl_custom_messages/rl_custom_messages_s__rosidl_typesupport_c.cpython-310-aarch64-linux-gnu.so[0m
[49.089s] [ 96%] [32m[1mLinking C shared library rosidl_generator_py/rl_custom_messages/rl_custom_messages_s__rosidl_typesupport_introspection_c.cpython-310-aarch64-linux-gnu.so[0m
[49.161s] [100%] [32m[1mLinking C shared library rosidl_generator_py/rl_custom_messages/rl_custom_messages_s__rosidl_typesupport_fastrtps_c.cpython-310-aarch64-linux-gnu.so[0m
[49.389s] [100%] Built target rl_custom_messages__rosidl_typesupport_c__pyext
[49.428s] [100%] Built target rl_custom_messages__rosidl_typesupport_introspection_c__pyext
[49.506s] [100%] Built target rl_custom_messages__rosidl_typesupport_fastrtps_c__pyext
[50.111s] Invoked command in '/home/rlagent/jay_ws/build/rl_custom_messages' returned '0': CMAKE_PREFIX_PATH=/opt/ros/humble /usr/bin/cmake --build /home/rlagent/jay_ws/build/rl_custom_messages -- -j4 -l4
[51.026s] Invoking command in '/home/rlagent/jay_ws/build/rl_custom_messages': CMAKE_PREFIX_PATH=/opt/ros/humble /usr/bin/cmake --install /home/rlagent/jay_ws/build/rl_custom_messages
[51.088s] -- Install configuration: ""
[51.107s] -- Installing: /home/rlagent/jay_ws/install/rl_custom_messages/share/ament_index/resource_index/rosidl_interfaces/rl_custom_messages
[51.112s] -- Installing: /home/rlagent/jay_ws/install/rl_custom_messages/include/rl_custom_messages/rl_custom_messages
[51.114s] -- Installing: /home/rlagent/jay_ws/install/rl_custom_messages/include/rl_custom_messages/rl_custom_messages/msg
[51.116s] -- Installing: /home/rlagent/jay_ws/install/rl_custom_messages/include/rl_custom_messages/rl_custom_messages/msg/range_array.h
[51.120s] -- Installing: /home/rlagent/jay_ws/install/rl_custom_messages/include/rl_custom_messages/rl_custom_messages/msg/detail
[51.122s] -- Installing: /home/rlagent/jay_ws/install/rl_custom_messages/include/rl_custom_messages/rl_custom_messages/msg/detail/range_array__functions.c
[51.125s] -- Installing: /home/rlagent/jay_ws/install/rl_custom_messages/include/rl_custom_messages/rl_custom_messages/msg/detail/range_array__functions.h
[51.127s] -- Installing: /home/rlagent/jay_ws/install/rl_custom_messages/include/rl_custom_messages/rl_custom_messages/msg/detail/range_array__type_support.h
[51.130s] -- Installing: /home/rlagent/jay_ws/install/rl_custom_messages/include/rl_custom_messages/rl_custom_messages/msg/detail/range_array__struct.h
[51.132s] -- Installing: /home/rlagent/jay_ws/install/rl_custom_messages/include/rl_custom_messages/rl_custom_messages/msg/rosidl_generator_c__visibility_control.h
[51.137s] -- Installing: /home/rlagent/jay_ws/install/rl_custom_messages/share/rl_custom_messages/environment/library_path.sh
[51.142s] -- Installing: /home/rlagent/jay_ws/install/rl_custom_messages/share/rl_custom_messages/environment/library_path.dsv
[51.146s] -- Installing: /home/rlagent/jay_ws/install/rl_custom_messages/lib/librl_custom_messages__rosidl_generator_c.so
[51.151s] -- Set runtime path of "/home/rlagent/jay_ws/install/rl_custom_messages/lib/librl_custom_messages__rosidl_generator_c.so" to ""
[51.153s] -- Up-to-date: /home/rlagent/jay_ws/install/rl_custom_messages/include/rl_custom_messages/rl_custom_messages
[51.154s] -- Up-to-date: /home/rlagent/jay_ws/install/rl_custom_messages/include/rl_custom_messages/rl_custom_messages/msg
[51.155s] -- Installing: /home/rlagent/jay_ws/install/rl_custom_messages/include/rl_custom_messages/rl_custom_messages/msg/rosidl_typesupport_fastrtps_c__visibility_control.h
[51.159s] -- Up-to-date: /home/rlagent/jay_ws/install/rl_custom_messages/include/rl_custom_messages/rl_custom_messages/msg/detail
[51.161s] -- Installing: /home/rlagent/jay_ws/install/rl_custom_messages/include/rl_custom_messages/rl_custom_messages/msg/detail/range_array__rosidl_typesupport_fastrtps_c.h
[51.165s] -- Installing: /home/rlagent/jay_ws/install/rl_custom_messages/lib/librl_custom_messages__rosidl_typesupport_fastrtps_c.so
[51.170s] -- Set runtime path of "/home/rlagent/jay_ws/install/rl_custom_messages/lib/librl_custom_messages__rosidl_typesupport_fastrtps_c.so" to ""
[51.172s] -- Up-to-date: /home/rlagent/jay_ws/install/rl_custom_messages/include/rl_custom_messages/rl_custom_messages
[51.173s] -- Up-to-date: /home/rlagent/jay_ws/install/rl_custom_messages/include/rl_custom_messages/rl_custom_messages/msg
[51.174s] -- Up-to-date: /home/rlagent/jay_ws/install/rl_custom_messages/include/rl_custom_messages/rl_custom_messages/msg/detail
[51.174s] -- Installing: /home/rlagent/jay_ws/install/rl_custom_messages/include/rl_custom_messages/rl_custom_messages/msg/detail/range_array__type_support.c
[51.176s] -- Installing: /home/rlagent/jay_ws/install/rl_custom_messages/include/rl_custom_messages/rl_custom_messages/msg/detail/range_array__rosidl_typesupport_introspection_c.h
[51.179s] -- Installing: /home/rlagent/jay_ws/install/rl_custom_messages/include/rl_custom_messages/rl_custom_messages/msg/rosidl_typesupport_introspection_c__visibility_control.h
[51.182s] -- Installing: /home/rlagent/jay_ws/install/rl_custom_messages/lib/librl_custom_messages__rosidl_typesupport_introspection_c.so
[51.186s] -- Set runtime path of "/home/rlagent/jay_ws/install/rl_custom_messages/lib/librl_custom_messages__rosidl_typesupport_introspection_c.so" to ""
[51.187s] -- Installing: /home/rlagent/jay_ws/install/rl_custom_messages/lib/librl_custom_messages__rosidl_typesupport_c.so
[51.191s] -- Set runtime path of "/home/rlagent/jay_ws/install/rl_custom_messages/lib/librl_custom_messages__rosidl_typesupport_c.so" to ""
[51.193s] -- Up-to-date: /home/rlagent/jay_ws/install/rl_custom_messages/include/rl_custom_messages/rl_custom_messages
[51.194s] -- Up-to-date: /home/rlagent/jay_ws/install/rl_custom_messages/include/rl_custom_messages/rl_custom_messages/msg
[51.196s] -- Installing: /home/rlagent/jay_ws/install/rl_custom_messages/include/rl_custom_messages/rl_custom_messages/msg/range_array.hpp
[51.199s] -- Up-to-date: /home/rlagent/jay_ws/install/rl_custom_messages/include/rl_custom_messages/rl_custom_messages/msg/detail
[51.202s] -- Installing: /home/rlagent/jay_ws/install/rl_custom_messages/include/rl_custom_messages/rl_custom_messages/msg/detail/range_array__builder.hpp
[51.206s] -- Installing: /home/rlagent/jay_ws/install/rl_custom_messages/include/rl_custom_messages/rl_custom_messages/msg/detail/range_array__traits.hpp
[51.209s] -- Installing: /home/rlagent/jay_ws/install/rl_custom_messages/include/rl_custom_messages/rl_custom_messages/msg/detail/range_array__struct.hpp
[51.214s] -- Up-to-date: /home/rlagent/jay_ws/install/rl_custom_messages/include/rl_custom_messages/rl_custom_messages
[51.215s] -- Up-to-date: /home/rlagent/jay_ws/install/rl_custom_messages/include/rl_custom_messages/rl_custom_messages/msg
[51.217s] -- Up-to-date: /home/rlagent/jay_ws/install/rl_custom_messages/include/rl_custom_messages/rl_custom_messages/msg/detail
[51.218s] -- Installing: /home/rlagent/jay_ws/install/rl_custom_messages/include/rl_custom_messages/rl_custom_messages/msg/detail/dds_fastrtps
[51.221s] -- Installing: /home/rlagent/jay_ws/install/rl_custom_messages/include/rl_custom_messages/rl_custom_messages/msg/detail/range_array__rosidl_typesupport_fastrtps_cpp.hpp
[51.225s] -- Installing: /home/rlagent/jay_ws/install/rl_custom_messages/include/rl_custom_messages/rl_custom_messages/msg/rosidl_typesupport_fastrtps_cpp__visibility_control.h
[51.230s] -- Installing: /home/rlagent/jay_ws/install/rl_custom_messages/lib/librl_custom_messages__rosidl_typesupport_fastrtps_cpp.so
[51.235s] -- Set runtime path of "/home/rlagent/jay_ws/install/rl_custom_messages/lib/librl_custom_messages__rosidl_typesupport_fastrtps_cpp.so" to ""
[51.237s] -- Up-to-date: /home/rlagent/jay_ws/install/rl_custom_messages/include/rl_custom_messages/rl_custom_messages
[51.239s] -- Up-to-date: /home/rlagent/jay_ws/install/rl_custom_messages/include/rl_custom_messages/rl_custom_messages/msg
[51.240s] -- Up-to-date: /home/rlagent/jay_ws/install/rl_custom_messages/include/rl_custom_messages/rl_custom_messages/msg/detail
[51.242s] -- Installing: /home/rlagent/jay_ws/install/rl_custom_messages/include/rl_custom_messages/rl_custom_messages/msg/detail/range_array__type_support.cpp
[51.246s] -- Installing: /home/rlagent/jay_ws/install/rl_custom_messages/include/rl_custom_messages/rl_custom_messages/msg/detail/range_array__rosidl_typesupport_introspection_cpp.hpp
[51.250s] -- Installing: /home/rlagent/jay_ws/install/rl_custom_messages/lib/librl_custom_messages__rosidl_typesupport_introspection_cpp.so
[51.255s] -- Set runtime path of "/home/rlagent/jay_ws/install/rl_custom_messages/lib/librl_custom_messages__rosidl_typesupport_introspection_cpp.so" to ""
[51.256s] -- Installing: /home/rlagent/jay_ws/install/rl_custom_messages/lib/librl_custom_messages__rosidl_typesupport_cpp.so
[51.261s] -- Set runtime path of "/home/rlagent/jay_ws/install/rl_custom_messages/lib/librl_custom_messages__rosidl_typesupport_cpp.so" to ""
[51.262s] -- Installing: /home/rlagent/jay_ws/install/rl_custom_messages/share/rl_custom_messages/environment/pythonpath.sh
[51.265s] -- Installing: /home/rlagent/jay_ws/install/rl_custom_messages/share/rl_custom_messages/environment/pythonpath.dsv
[51.269s] -- Installing: /home/rlagent/jay_ws/install/rl_custom_messages/local/lib/python3.10/dist-packages/rl_custom_messages-0.0.0-py3.10.egg-info
[51.272s] -- Installing: /home/rlagent/jay_ws/install/rl_custom_messages/local/lib/python3.10/dist-packages/rl_custom_messages-0.0.0-py3.10.egg-info/dependency_links.txt
[51.276s] -- Installing: /home/rlagent/jay_ws/install/rl_custom_messages/local/lib/python3.10/dist-packages/rl_custom_messages-0.0.0-py3.10.egg-info/top_level.txt
[51.279s] -- Installing: /home/rlagent/jay_ws/install/rl_custom_messages/local/lib/python3.10/dist-packages/rl_custom_messages-0.0.0-py3.10.egg-info/SOURCES.txt
[51.283s] -- Installing: /home/rlagent/jay_ws/install/rl_custom_messages/local/lib/python3.10/dist-packages/rl_custom_messages-0.0.0-py3.10.egg-info/PKG-INFO
[51.286s] -- Installing: /home/rlagent/jay_ws/install/rl_custom_messages/local/lib/python3.10/dist-packages/rl_custom_messages
[51.288s] -- Installing: /home/rlagent/jay_ws/install/rl_custom_messages/local/lib/python3.10/dist-packages/rl_custom_messages/_rl_custom_messages_s.ep.rosidl_typesupport_c.c
[51.291s] -- Installing: /home/rlagent/jay_ws/install/rl_custom_messages/local/lib/python3.10/dist-packages/rl_custom_messages/msg
[51.292s] -- Installing: /home/rlagent/jay_ws/install/rl_custom_messages/local/lib/python3.10/dist-packages/rl_custom_messages/msg/_range_array.py
[51.295s] -- Installing: /home/rlagent/jay_ws/install/rl_custom_messages/local/lib/python3.10/dist-packages/rl_custom_messages/msg/__init__.py
[51.297s] -- Installing: /home/rlagent/jay_ws/install/rl_custom_messages/local/lib/python3.10/dist-packages/rl_custom_messages/msg/_range_array_s.c
[51.300s] -- Installing: /home/rlagent/jay_ws/install/rl_custom_messages/local/lib/python3.10/dist-packages/rl_custom_messages/rl_custom_messages_s__rosidl_typesupport_fastrtps_c.cpython-310-aarch64-linux-gnu.so
[51.303s] -- Installing: /home/rlagent/jay_ws/install/rl_custom_messages/local/lib/python3.10/dist-packages/rl_custom_messages/_rl_custom_messages_s.ep.rosidl_typesupport_introspection_c.c
[51.305s] -- Installing: /home/rlagent/jay_ws/install/rl_custom_messages/local/lib/python3.10/dist-packages/rl_custom_messages/rl_custom_messages_s__rosidl_typesupport_c.cpython-310-aarch64-linux-gnu.so
[51.308s] -- Installing: /home/rlagent/jay_ws/install/rl_custom_messages/local/lib/python3.10/dist-packages/rl_custom_messages/_rl_custom_messages_s.ep.rosidl_typesupport_fastrtps_c.c
[51.311s] -- Installing: /home/rlagent/jay_ws/install/rl_custom_messages/local/lib/python3.10/dist-packages/rl_custom_messages/__init__.py
[51.313s] -- Installing: /home/rlagent/jay_ws/install/rl_custom_messages/local/lib/python3.10/dist-packages/rl_custom_messages/librl_custom_messages__rosidl_generator_py.so
[51.316s] -- Installing: /home/rlagent/jay_ws/install/rl_custom_messages/local/lib/python3.10/dist-packages/rl_custom_messages/rl_custom_messages_s__rosidl_typesupport_introspection_c.cpython-310-aarch64-linux-gnu.so
[51.640s] Listing '/home/rlagent/jay_ws/install/rl_custom_messages/local/lib/python3.10/dist-packages/rl_custom_messages'...
[51.641s] Compiling '/home/rlagent/jay_ws/install/rl_custom_messages/local/lib/python3.10/dist-packages/rl_custom_messages/__init__.py'...
[51.642s] Listing '/home/rlagent/jay_ws/install/rl_custom_messages/local/lib/python3.10/dist-packages/rl_custom_messages/msg'...
[51.643s] Compiling '/home/rlagent/jay_ws/install/rl_custom_messages/local/lib/python3.10/dist-packages/rl_custom_messages/msg/__init__.py'...
[51.644s] Compiling '/home/rlagent/jay_ws/install/rl_custom_messages/local/lib/python3.10/dist-packages/rl_custom_messages/msg/_range_array.py'...
[51.697s] -- Installing: /home/rlagent/jay_ws/install/rl_custom_messages/local/lib/python3.10/dist-packages/rl_custom_messages/rl_custom_messages_s__rosidl_typesupport_fastrtps_c.cpython-310-aarch64-linux-gnu.so
[51.702s] -- Set runtime path of "/home/rlagent/jay_ws/install/rl_custom_messages/local/lib/python3.10/dist-packages/rl_custom_messages/rl_custom_messages_s__rosidl_typesupport_fastrtps_c.cpython-310-aarch64-linux-gnu.so" to ""
[51.706s] -- Installing: /home/rlagent/jay_ws/install/rl_custom_messages/local/lib/python3.10/dist-packages/rl_custom_messages/rl_custom_messages_s__rosidl_typesupport_introspection_c.cpython-310-aarch64-linux-gnu.so
[51.712s] -- Set runtime path of "/home/rlagent/jay_ws/install/rl_custom_messages/local/lib/python3.10/dist-packages/rl_custom_messages/rl_custom_messages_s__rosidl_typesupport_introspection_c.cpython-310-aarch64-linux-gnu.so" to ""
[51.715s] -- Installing: /home/rlagent/jay_ws/install/rl_custom_messages/local/lib/python3.10/dist-packages/rl_custom_messages/rl_custom_messages_s__rosidl_typesupport_c.cpython-310-aarch64-linux-gnu.so
[51.720s] -- Set runtime path of "/home/rlagent/jay_ws/install/rl_custom_messages/local/lib/python3.10/dist-packages/rl_custom_messages/rl_custom_messages_s__rosidl_typesupport_c.cpython-310-aarch64-linux-gnu.so" to ""
[51.721s] -- Installing: /home/rlagent/jay_ws/install/rl_custom_messages/lib/librl_custom_messages__rosidl_generator_py.so
[51.726s] -- Set runtime path of "/home/rlagent/jay_ws/install/rl_custom_messages/lib/librl_custom_messages__rosidl_generator_py.so" to ""
[51.727s] -- Installing: /home/rlagent/jay_ws/install/rl_custom_messages/share/rl_custom_messages/msg/RangeArray.idl
[51.730s] -- Installing: /home/rlagent/jay_ws/install/rl_custom_messages/share/rl_custom_messages/msg/RangeArray.msg
[51.734s] -- Installing: /home/rlagent/jay_ws/install/rl_custom_messages/share/ament_index/resource_index/package_run_dependencies/rl_custom_messages
[51.739s] -- Installing: /home/rlagent/jay_ws/install/rl_custom_messages/share/ament_index/resource_index/parent_prefix_path/rl_custom_messages
[51.746s] -- Installing: /home/rlagent/jay_ws/install/rl_custom_messages/share/rl_custom_messages/environment/ament_prefix_path.sh
[51.749s] -- Installing: /home/rlagent/jay_ws/install/rl_custom_messages/share/rl_custom_messages/environment/ament_prefix_path.dsv
[51.753s] -- Installing: /home/rlagent/jay_ws/install/rl_custom_messages/share/rl_custom_messages/environment/path.sh
[51.756s] -- Installing: /home/rlagent/jay_ws/install/rl_custom_messages/share/rl_custom_messages/environment/path.dsv
[51.760s] -- Installing: /home/rlagent/jay_ws/install/rl_custom_messages/share/rl_custom_messages/local_setup.bash
[51.764s] -- Installing: /home/rlagent/jay_ws/install/rl_custom_messages/share/rl_custom_messages/local_setup.sh
[51.767s] -- Installing: /home/rlagent/jay_ws/install/rl_custom_messages/share/rl_custom_messages/local_setup.zsh
[51.770s] -- Installing: /home/rlagent/jay_ws/install/rl_custom_messages/share/rl_custom_messages/local_setup.dsv
[51.773s] -- Installing: /home/rlagent/jay_ws/install/rl_custom_messages/share/rl_custom_messages/package.dsv
[51.778s] -- Installing: /home/rlagent/jay_ws/install/rl_custom_messages/share/ament_index/resource_index/packages/rl_custom_messages
[51.784s] -- Installing: /home/rlagent/jay_ws/install/rl_custom_messages/share/rl_custom_messages/cmake/export_rl_custom_messages__rosidl_generator_cExport.cmake
[51.788s] -- Installing: /home/rlagent/jay_ws/install/rl_custom_messages/share/rl_custom_messages/cmake/export_rl_custom_messages__rosidl_generator_cExport-noconfig.cmake
[51.793s] -- Installing: /home/rlagent/jay_ws/install/rl_custom_messages/share/rl_custom_messages/cmake/export_rl_custom_messages__rosidl_typesupport_fastrtps_cExport.cmake
[51.797s] -- Installing: /home/rlagent/jay_ws/install/rl_custom_messages/share/rl_custom_messages/cmake/export_rl_custom_messages__rosidl_typesupport_fastrtps_cExport-noconfig.cmake
[51.801s] -- Installing: /home/rlagent/jay_ws/install/rl_custom_messages/share/rl_custom_messages/cmake/rl_custom_messages__rosidl_typesupport_introspection_cExport.cmake
[51.805s] -- Installing: /home/rlagent/jay_ws/install/rl_custom_messages/share/rl_custom_messages/cmake/rl_custom_messages__rosidl_typesupport_introspection_cExport-noconfig.cmake
[51.809s] -- Installing: /home/rlagent/jay_ws/install/rl_custom_messages/share/rl_custom_messages/cmake/rl_custom_messages__rosidl_typesupport_cExport.cmake
[51.813s] -- Installing: /home/rlagent/jay_ws/install/rl_custom_messages/share/rl_custom_messages/cmake/rl_custom_messages__rosidl_typesupport_cExport-noconfig.cmake
[51.817s] -- Installing: /home/rlagent/jay_ws/install/rl_custom_messages/share/rl_custom_messages/cmake/export_rl_custom_messages__rosidl_generator_cppExport.cmake
[51.821s] -- Installing: /home/rlagent/jay_ws/install/rl_custom_messages/share/rl_custom_messages/cmake/export_rl_custom_messages__rosidl_typesupport_fastrtps_cppExport.cmake
[51.826s] -- Installing: /home/rlagent/jay_ws/install/rl_custom_messages/share/rl_custom_messages/cmake/export_rl_custom_messages__rosidl_typesupport_fastrtps_cppExport-noconfig.cmake
[51.830s] -- Installing: /home/rlagent/jay_ws/install/rl_custom_messages/share/rl_custom_messages/cmake/rl_custom_messages__rosidl_typesupport_introspection_cppExport.cmake
[51.835s] -- Installing: /home/rlagent/jay_ws/install/rl_custom_messages/share/rl_custom_messages/cmake/rl_custom_messages__rosidl_typesupport_introspection_cppExport-noconfig.cmake
[51.839s] -- Installing: /home/rlagent/jay_ws/install/rl_custom_messages/share/rl_custom_messages/cmake/rl_custom_messages__rosidl_typesupport_cppExport.cmake
[51.843s] -- Installing: /home/rlagent/jay_ws/install/rl_custom_messages/share/rl_custom_messages/cmake/rl_custom_messages__rosidl_typesupport_cppExport-noconfig.cmake
[51.848s] -- Installing: /home/rlagent/jay_ws/install/rl_custom_messages/share/rl_custom_messages/cmake/export_rl_custom_messages__rosidl_generator_pyExport.cmake
[51.853s] -- Installing: /home/rlagent/jay_ws/install/rl_custom_messages/share/rl_custom_messages/cmake/export_rl_custom_messages__rosidl_generator_pyExport-noconfig.cmake
[51.858s] -- Installing: /home/rlagent/jay_ws/install/rl_custom_messages/share/rl_custom_messages/cmake/rosidl_cmake-extras.cmake
[51.862s] -- Installing: /home/rlagent/jay_ws/install/rl_custom_messages/share/rl_custom_messages/cmake/ament_cmake_export_include_directories-extras.cmake
[51.867s] -- Installing: /home/rlagent/jay_ws/install/rl_custom_messages/share/rl_custom_messages/cmake/ament_cmake_export_libraries-extras.cmake
[51.872s] -- Installing: /home/rlagent/jay_ws/install/rl_custom_messages/share/rl_custom_messages/cmake/ament_cmake_export_targets-extras.cmake
[51.875s] -- Installing: /home/rlagent/jay_ws/install/rl_custom_messages/share/rl_custom_messages/cmake/rosidl_cmake_export_typesupport_targets-extras.cmake
[51.880s] -- Installing: /home/rlagent/jay_ws/install/rl_custom_messages/share/rl_custom_messages/cmake/ament_cmake_export_dependencies-extras.cmake
[51.884s] -- Installing: /home/rlagent/jay_ws/install/rl_custom_messages/share/rl_custom_messages/cmake/rosidl_cmake_export_typesupport_libraries-extras.cmake
[51.889s] -- Installing: /home/rlagent/jay_ws/install/rl_custom_messages/share/rl_custom_messages/cmake/rl_custom_messagesConfig.cmake
[51.892s] -- Installing: /home/rlagent/jay_ws/install/rl_custom_messages/share/rl_custom_messages/cmake/rl_custom_messagesConfig-version.cmake
[51.895s] -- Installing: /home/rlagent/jay_ws/install/rl_custom_messages/share/rl_custom_messages/package.xml
[51.936s] Invoked command in '/home/rlagent/jay_ws/build/rl_custom_messages' returned '0': CMAKE_PREFIX_PATH=/opt/ros/humble /usr/bin/cmake --install /home/rlagent/jay_ws/build/rl_custom_messages
