[0.291s] DEBUG:colcon:Command line arguments: ['/usr/bin/colcon', 'build', '--symlink-install']
[0.291s] DEBUG:colcon:Parsed command line arguments: Namespace(log_base=None, log_level=None, verb_name='build', build_base='build', install_base='install', merge_install=False, symlink_install=True, test_result_base=None, continue_on_error=False, executor='parallel', parallel_workers=6, event_handlers=None, ignore_user_meta=False, metas=['./colcon.meta'], base_paths=['.'], packages_ignore=None, packages_ignore_regex=None, paths=None, packages_up_to=None, packages_up_to_regex=None, packages_above=None, packages_above_and_dependencies=None, packages_above_depth=None, packages_select_by_dep=None, packages_skip_by_dep=None, packages_skip_up_to=None, packages_select_build_failed=False, packages_skip_build_finished=False, packages_select_test_failures=False, packages_skip_test_passed=False, packages_select=None, packages_skip=None, packages_select_regex=None, packages_skip_regex=None, packages_start=None, packages_end=None, allow_overriding=[], cmake_args=None, cmake_target=None, cmake_target_skip_unavailable=False, cmake_clean_cache=False, cmake_clean_first=False, cmake_force_configure=False, ament_cmake_args=None, catkin_cmake_args=None, catkin_skip_building_tests=False, verb_parser=<colcon_defaults.argument_parser.defaults.DefaultArgumentsDecorator object at 0x7ff8b2fe6a10>, verb_extension=<colcon_core.verb.build.BuildVerb object at 0x7ff8b39e2d40>, main=<bound method BuildVerb.main of <colcon_core.verb.build.BuildVerb object at 0x7ff8b39e2d40>>)
[0.311s] Level 1:colcon.colcon_core.package_discovery:discover_packages(colcon_meta) check parameters
[0.311s] Level 1:colcon.colcon_core.package_discovery:discover_packages(recursive) check parameters
[0.311s] Level 1:colcon.colcon_core.package_discovery:discover_packages(ignore) check parameters
[0.311s] Level 1:colcon.colcon_core.package_discovery:discover_packages(path) check parameters
[0.311s] Level 1:colcon.colcon_core.package_discovery:discover_packages(colcon_meta) discover
[0.311s] Level 1:colcon.colcon_core.package_discovery:discover_packages(recursive) discover
[0.311s] INFO:colcon.colcon_core.package_discovery:Crawling recursively for packages in '/home/rlcontrol/jay_ws'
[0.312s] Level 1:colcon.colcon_core.package_identification:_identify(.) by extensions ['ignore', 'ignore_ament_install']
[0.312s] Level 1:colcon.colcon_core.package_identification:_identify(.) by extension 'ignore'
[0.312s] Level 1:colcon.colcon_core.package_identification:_identify(.) by extension 'ignore_ament_install'
[0.312s] Level 1:colcon.colcon_core.package_identification:_identify(.) by extensions ['colcon_pkg']
[0.312s] Level 1:colcon.colcon_core.package_identification:_identify(.) by extension 'colcon_pkg'
[0.312s] Level 1:colcon.colcon_core.package_identification:_identify(.) by extensions ['colcon_meta']
[0.312s] Level 1:colcon.colcon_core.package_identification:_identify(.) by extension 'colcon_meta'
[0.312s] Level 1:colcon.colcon_core.package_identification:_identify(.) by extensions ['ros']
[0.312s] Level 1:colcon.colcon_core.package_identification:_identify(.) by extension 'ros'
[0.321s] Level 1:colcon.colcon_core.package_identification:_identify(.) by extensions ['cmake', 'python']
[0.321s] Level 1:colcon.colcon_core.package_identification:_identify(.) by extension 'cmake'
[0.321s] Level 1:colcon.colcon_core.package_identification:_identify(.) by extension 'python'
[0.321s] Level 1:colcon.colcon_core.package_identification:_identify(.) by extensions ['python_setup_py']
[0.321s] Level 1:colcon.colcon_core.package_identification:_identify(.) by extension 'python_setup_py'
[0.321s] Level 1:colcon.colcon_core.package_identification:_identify(build) by extensions ['ignore', 'ignore_ament_install']
[0.321s] Level 1:colcon.colcon_core.package_identification:_identify(build) by extension 'ignore'
[0.321s] Level 1:colcon.colcon_core.package_identification:_identify(build) ignored
[0.321s] Level 1:colcon.colcon_core.package_identification:_identify(install) by extensions ['ignore', 'ignore_ament_install']
[0.321s] Level 1:colcon.colcon_core.package_identification:_identify(install) by extension 'ignore'
[0.321s] Level 1:colcon.colcon_core.package_identification:_identify(install) ignored
[0.321s] Level 1:colcon.colcon_core.package_identification:_identify(jaybot) by extensions ['ignore', 'ignore_ament_install']
[0.321s] Level 1:colcon.colcon_core.package_identification:_identify(jaybot) by extension 'ignore'
[0.321s] Level 1:colcon.colcon_core.package_identification:_identify(jaybot) by extension 'ignore_ament_install'
[0.321s] Level 1:colcon.colcon_core.package_identification:_identify(jaybot) by extensions ['colcon_pkg']
[0.321s] Level 1:colcon.colcon_core.package_identification:_identify(jaybot) by extension 'colcon_pkg'
[0.322s] Level 1:colcon.colcon_core.package_identification:_identify(jaybot) by extensions ['colcon_meta']
[0.322s] Level 1:colcon.colcon_core.package_identification:_identify(jaybot) by extension 'colcon_meta'
[0.322s] Level 1:colcon.colcon_core.package_identification:_identify(jaybot) by extensions ['ros']
[0.322s] Level 1:colcon.colcon_core.package_identification:_identify(jaybot) by extension 'ros'
[0.324s] DEBUG:colcon.colcon_core.package_identification:Package 'jaybot' with type 'ros.ament_cmake' and name 'jaybot'
[0.324s] Level 1:colcon.colcon_core.package_identification:_identify(log) by extensions ['ignore', 'ignore_ament_install']
[0.324s] Level 1:colcon.colcon_core.package_identification:_identify(log) by extension 'ignore'
[0.324s] Level 1:colcon.colcon_core.package_identification:_identify(log) ignored
[0.324s] Level 1:colcon.colcon_core.package_identification:_identify(rl_custom_messages) by extensions ['ignore', 'ignore_ament_install']
[0.324s] Level 1:colcon.colcon_core.package_identification:_identify(rl_custom_messages) by extension 'ignore'
[0.324s] Level 1:colcon.colcon_core.package_identification:_identify(rl_custom_messages) by extension 'ignore_ament_install'
[0.324s] Level 1:colcon.colcon_core.package_identification:_identify(rl_custom_messages) by extensions ['colcon_pkg']
[0.324s] Level 1:colcon.colcon_core.package_identification:_identify(rl_custom_messages) by extension 'colcon_pkg'
[0.324s] Level 1:colcon.colcon_core.package_identification:_identify(rl_custom_messages) by extensions ['colcon_meta']
[0.324s] Level 1:colcon.colcon_core.package_identification:_identify(rl_custom_messages) by extension 'colcon_meta'
[0.324s] Level 1:colcon.colcon_core.package_identification:_identify(rl_custom_messages) by extensions ['ros']
[0.324s] Level 1:colcon.colcon_core.package_identification:_identify(rl_custom_messages) by extension 'ros'
[0.325s] DEBUG:colcon.colcon_core.package_identification:Package 'rl_custom_messages' with type 'ros.ament_cmake' and name 'rl_custom_messages'
[0.325s] Level 1:colcon.colcon_core.package_identification:_identify(runs) by extensions ['ignore', 'ignore_ament_install']
[0.325s] Level 1:colcon.colcon_core.package_identification:_identify(runs) by extension 'ignore'
[0.325s] Level 1:colcon.colcon_core.package_identification:_identify(runs) by extension 'ignore_ament_install'
[0.325s] Level 1:colcon.colcon_core.package_identification:_identify(runs) by extensions ['colcon_pkg']
[0.325s] Level 1:colcon.colcon_core.package_identification:_identify(runs) by extension 'colcon_pkg'
[0.325s] Level 1:colcon.colcon_core.package_identification:_identify(runs) by extensions ['colcon_meta']
[0.325s] Level 1:colcon.colcon_core.package_identification:_identify(runs) by extension 'colcon_meta'
[0.325s] Level 1:colcon.colcon_core.package_identification:_identify(runs) by extensions ['ros']
[0.325s] Level 1:colcon.colcon_core.package_identification:_identify(runs) by extension 'ros'
[0.325s] Level 1:colcon.colcon_core.package_identification:_identify(runs) by extensions ['cmake', 'python']
[0.325s] Level 1:colcon.colcon_core.package_identification:_identify(runs) by extension 'cmake'
[0.325s] Level 1:colcon.colcon_core.package_identification:_identify(runs) by extension 'python'
[0.325s] Level 1:colcon.colcon_core.package_identification:_identify(runs) by extensions ['python_setup_py']
[0.325s] Level 1:colcon.colcon_core.package_identification:_identify(runs) by extension 'python_setup_py'
[0.325s] Level 1:colcon.colcon_core.package_identification:_identify(runs/Jun19_08-44-27_rlcontrolJayNetv1.0) by extensions ['ignore', 'ignore_ament_install']
[0.326s] Level 1:colcon.colcon_core.package_identification:_identify(runs/Jun19_08-44-27_rlcontrolJayNetv1.0) by extension 'ignore'
[0.326s] Level 1:colcon.colcon_core.package_identification:_identify(runs/Jun19_08-44-27_rlcontrolJayNetv1.0) by extension 'ignore_ament_install'
[0.326s] Level 1:colcon.colcon_core.package_identification:_identify(runs/Jun19_08-44-27_rlcontrolJayNetv1.0) by extensions ['colcon_pkg']
[0.326s] Level 1:colcon.colcon_core.package_identification:_identify(runs/Jun19_08-44-27_rlcontrolJayNetv1.0) by extension 'colcon_pkg'
[0.326s] Level 1:colcon.colcon_core.package_identification:_identify(runs/Jun19_08-44-27_rlcontrolJayNetv1.0) by extensions ['colcon_meta']
[0.326s] Level 1:colcon.colcon_core.package_identification:_identify(runs/Jun19_08-44-27_rlcontrolJayNetv1.0) by extension 'colcon_meta'
[0.326s] Level 1:colcon.colcon_core.package_identification:_identify(runs/Jun19_08-44-27_rlcontrolJayNetv1.0) by extensions ['ros']
[0.326s] Level 1:colcon.colcon_core.package_identification:_identify(runs/Jun19_08-44-27_rlcontrolJayNetv1.0) by extension 'ros'
[0.326s] Level 1:colcon.colcon_core.package_identification:_identify(runs/Jun19_08-44-27_rlcontrolJayNetv1.0) by extensions ['cmake', 'python']
[0.326s] Level 1:colcon.colcon_core.package_identification:_identify(runs/Jun19_08-44-27_rlcontrolJayNetv1.0) by extension 'cmake'
[0.326s] Level 1:colcon.colcon_core.package_identification:_identify(runs/Jun19_08-44-27_rlcontrolJayNetv1.0) by extension 'python'
[0.326s] Level 1:colcon.colcon_core.package_identification:_identify(runs/Jun19_08-44-27_rlcontrolJayNetv1.0) by extensions ['python_setup_py']
[0.326s] Level 1:colcon.colcon_core.package_identification:_identify(runs/Jun19_08-44-27_rlcontrolJayNetv1.0) by extension 'python_setup_py'
[0.326s] Level 1:colcon.colcon_core.package_identification:_identify(runs/Jun19_08-47-06_rlcontrolJayNetv1.0) by extensions ['ignore', 'ignore_ament_install']
[0.326s] Level 1:colcon.colcon_core.package_identification:_identify(runs/Jun19_08-47-06_rlcontrolJayNetv1.0) by extension 'ignore'
[0.326s] Level 1:colcon.colcon_core.package_identification:_identify(runs/Jun19_08-47-06_rlcontrolJayNetv1.0) by extension 'ignore_ament_install'
[0.326s] Level 1:colcon.colcon_core.package_identification:_identify(runs/Jun19_08-47-06_rlcontrolJayNetv1.0) by extensions ['colcon_pkg']
[0.326s] Level 1:colcon.colcon_core.package_identification:_identify(runs/Jun19_08-47-06_rlcontrolJayNetv1.0) by extension 'colcon_pkg'
[0.326s] Level 1:colcon.colcon_core.package_identification:_identify(runs/Jun19_08-47-06_rlcontrolJayNetv1.0) by extensions ['colcon_meta']
[0.326s] Level 1:colcon.colcon_core.package_identification:_identify(runs/Jun19_08-47-06_rlcontrolJayNetv1.0) by extension 'colcon_meta'
[0.326s] Level 1:colcon.colcon_core.package_identification:_identify(runs/Jun19_08-47-06_rlcontrolJayNetv1.0) by extensions ['ros']
[0.326s] Level 1:colcon.colcon_core.package_identification:_identify(runs/Jun19_08-47-06_rlcontrolJayNetv1.0) by extension 'ros'
[0.326s] Level 1:colcon.colcon_core.package_identification:_identify(runs/Jun19_08-47-06_rlcontrolJayNetv1.0) by extensions ['cmake', 'python']
[0.326s] Level 1:colcon.colcon_core.package_identification:_identify(runs/Jun19_08-47-06_rlcontrolJayNetv1.0) by extension 'cmake'
[0.326s] Level 1:colcon.colcon_core.package_identification:_identify(runs/Jun19_08-47-06_rlcontrolJayNetv1.0) by extension 'python'
[0.327s] Level 1:colcon.colcon_core.package_identification:_identify(runs/Jun19_08-47-06_rlcontrolJayNetv1.0) by extensions ['python_setup_py']
[0.327s] Level 1:colcon.colcon_core.package_identification:_identify(runs/Jun19_08-47-06_rlcontrolJayNetv1.0) by extension 'python_setup_py'
[0.327s] Level 1:colcon.colcon_core.package_identification:_identify(runs/Jun19_08-47-47_rlcontrolJayNetv1.0) by extensions ['ignore', 'ignore_ament_install']
[0.327s] Level 1:colcon.colcon_core.package_identification:_identify(runs/Jun19_08-47-47_rlcontrolJayNetv1.0) by extension 'ignore'
[0.327s] Level 1:colcon.colcon_core.package_identification:_identify(runs/Jun19_08-47-47_rlcontrolJayNetv1.0) by extension 'ignore_ament_install'
[0.327s] Level 1:colcon.colcon_core.package_identification:_identify(runs/Jun19_08-47-47_rlcontrolJayNetv1.0) by extensions ['colcon_pkg']
[0.327s] Level 1:colcon.colcon_core.package_identification:_identify(runs/Jun19_08-47-47_rlcontrolJayNetv1.0) by extension 'colcon_pkg'
[0.327s] Level 1:colcon.colcon_core.package_identification:_identify(runs/Jun19_08-47-47_rlcontrolJayNetv1.0) by extensions ['colcon_meta']
[0.327s] Level 1:colcon.colcon_core.package_identification:_identify(runs/Jun19_08-47-47_rlcontrolJayNetv1.0) by extension 'colcon_meta'
[0.327s] Level 1:colcon.colcon_core.package_identification:_identify(runs/Jun19_08-47-47_rlcontrolJayNetv1.0) by extensions ['ros']
[0.327s] Level 1:colcon.colcon_core.package_identification:_identify(runs/Jun19_08-47-47_rlcontrolJayNetv1.0) by extension 'ros'
[0.327s] Level 1:colcon.colcon_core.package_identification:_identify(runs/Jun19_08-47-47_rlcontrolJayNetv1.0) by extensions ['cmake', 'python']
[0.327s] Level 1:colcon.colcon_core.package_identification:_identify(runs/Jun19_08-47-47_rlcontrolJayNetv1.0) by extension 'cmake'
[0.327s] Level 1:colcon.colcon_core.package_identification:_identify(runs/Jun19_08-47-47_rlcontrolJayNetv1.0) by extension 'python'
[0.327s] Level 1:colcon.colcon_core.package_identification:_identify(runs/Jun19_08-47-47_rlcontrolJayNetv1.0) by extensions ['python_setup_py']
[0.327s] Level 1:colcon.colcon_core.package_identification:_identify(runs/Jun19_08-47-47_rlcontrolJayNetv1.0) by extension 'python_setup_py'
[0.327s] Level 1:colcon.colcon_core.package_identification:_identify(runs/Jun19_08-51-31_rlcontrolJayNetv1.0) by extensions ['ignore', 'ignore_ament_install']
[0.327s] Level 1:colcon.colcon_core.package_identification:_identify(runs/Jun19_08-51-31_rlcontrolJayNetv1.0) by extension 'ignore'
[0.327s] Level 1:colcon.colcon_core.package_identification:_identify(runs/Jun19_08-51-31_rlcontrolJayNetv1.0) by extension 'ignore_ament_install'
[0.327s] Level 1:colcon.colcon_core.package_identification:_identify(runs/Jun19_08-51-31_rlcontrolJayNetv1.0) by extensions ['colcon_pkg']
[0.327s] Level 1:colcon.colcon_core.package_identification:_identify(runs/Jun19_08-51-31_rlcontrolJayNetv1.0) by extension 'colcon_pkg'
[0.327s] Level 1:colcon.colcon_core.package_identification:_identify(runs/Jun19_08-51-31_rlcontrolJayNetv1.0) by extensions ['colcon_meta']
[0.327s] Level 1:colcon.colcon_core.package_identification:_identify(runs/Jun19_08-51-31_rlcontrolJayNetv1.0) by extension 'colcon_meta'
[0.328s] Level 1:colcon.colcon_core.package_identification:_identify(runs/Jun19_08-51-31_rlcontrolJayNetv1.0) by extensions ['ros']
[0.328s] Level 1:colcon.colcon_core.package_identification:_identify(runs/Jun19_08-51-31_rlcontrolJayNetv1.0) by extension 'ros'
[0.328s] Level 1:colcon.colcon_core.package_identification:_identify(runs/Jun19_08-51-31_rlcontrolJayNetv1.0) by extensions ['cmake', 'python']
[0.328s] Level 1:colcon.colcon_core.package_identification:_identify(runs/Jun19_08-51-31_rlcontrolJayNetv1.0) by extension 'cmake'
[0.328s] Level 1:colcon.colcon_core.package_identification:_identify(runs/Jun19_08-51-31_rlcontrolJayNetv1.0) by extension 'python'
[0.328s] Level 1:colcon.colcon_core.package_identification:_identify(runs/Jun19_08-51-31_rlcontrolJayNetv1.0) by extensions ['python_setup_py']
[0.328s] Level 1:colcon.colcon_core.package_identification:_identify(runs/Jun19_08-51-31_rlcontrolJayNetv1.0) by extension 'python_setup_py'
[0.328s] Level 1:colcon.colcon_core.package_identification:_identify(runs/Jun19_08-54-24_rlcontrolJayNetv1.0) by extensions ['ignore', 'ignore_ament_install']
[0.328s] Level 1:colcon.colcon_core.package_identification:_identify(runs/Jun19_08-54-24_rlcontrolJayNetv1.0) by extension 'ignore'
[0.328s] Level 1:colcon.colcon_core.package_identification:_identify(runs/Jun19_08-54-24_rlcontrolJayNetv1.0) by extension 'ignore_ament_install'
[0.328s] Level 1:colcon.colcon_core.package_identification:_identify(runs/Jun19_08-54-24_rlcontrolJayNetv1.0) by extensions ['colcon_pkg']
[0.328s] Level 1:colcon.colcon_core.package_identification:_identify(runs/Jun19_08-54-24_rlcontrolJayNetv1.0) by extension 'colcon_pkg'
[0.328s] Level 1:colcon.colcon_core.package_identification:_identify(runs/Jun19_08-54-24_rlcontrolJayNetv1.0) by extensions ['colcon_meta']
[0.328s] Level 1:colcon.colcon_core.package_identification:_identify(runs/Jun19_08-54-24_rlcontrolJayNetv1.0) by extension 'colcon_meta'
[0.328s] Level 1:colcon.colcon_core.package_identification:_identify(runs/Jun19_08-54-24_rlcontrolJayNetv1.0) by extensions ['ros']
[0.328s] Level 1:colcon.colcon_core.package_identification:_identify(runs/Jun19_08-54-24_rlcontrolJayNetv1.0) by extension 'ros'
[0.328s] Level 1:colcon.colcon_core.package_identification:_identify(runs/Jun19_08-54-24_rlcontrolJayNetv1.0) by extensions ['cmake', 'python']
[0.328s] Level 1:colcon.colcon_core.package_identification:_identify(runs/Jun19_08-54-24_rlcontrolJayNetv1.0) by extension 'cmake'
[0.328s] Level 1:colcon.colcon_core.package_identification:_identify(runs/Jun19_08-54-24_rlcontrolJayNetv1.0) by extension 'python'
[0.328s] Level 1:colcon.colcon_core.package_identification:_identify(runs/Jun19_08-54-24_rlcontrolJayNetv1.0) by extensions ['python_setup_py']
[0.328s] Level 1:colcon.colcon_core.package_identification:_identify(runs/Jun19_08-54-24_rlcontrolJayNetv1.0) by extension 'python_setup_py'
[0.328s] Level 1:colcon.colcon_core.package_identification:_identify(runs/Jun19_08-55-34_rlcontrolJayNetv1.0) by extensions ['ignore', 'ignore_ament_install']
[0.328s] Level 1:colcon.colcon_core.package_identification:_identify(runs/Jun19_08-55-34_rlcontrolJayNetv1.0) by extension 'ignore'
[0.329s] Level 1:colcon.colcon_core.package_identification:_identify(runs/Jun19_08-55-34_rlcontrolJayNetv1.0) by extension 'ignore_ament_install'
[0.329s] Level 1:colcon.colcon_core.package_identification:_identify(runs/Jun19_08-55-34_rlcontrolJayNetv1.0) by extensions ['colcon_pkg']
[0.329s] Level 1:colcon.colcon_core.package_identification:_identify(runs/Jun19_08-55-34_rlcontrolJayNetv1.0) by extension 'colcon_pkg'
[0.329s] Level 1:colcon.colcon_core.package_identification:_identify(runs/Jun19_08-55-34_rlcontrolJayNetv1.0) by extensions ['colcon_meta']
[0.329s] Level 1:colcon.colcon_core.package_identification:_identify(runs/Jun19_08-55-34_rlcontrolJayNetv1.0) by extension 'colcon_meta'
[0.329s] Level 1:colcon.colcon_core.package_identification:_identify(runs/Jun19_08-55-34_rlcontrolJayNetv1.0) by extensions ['ros']
[0.329s] Level 1:colcon.colcon_core.package_identification:_identify(runs/Jun19_08-55-34_rlcontrolJayNetv1.0) by extension 'ros'
[0.329s] Level 1:colcon.colcon_core.package_identification:_identify(runs/Jun19_08-55-34_rlcontrolJayNetv1.0) by extensions ['cmake', 'python']
[0.329s] Level 1:colcon.colcon_core.package_identification:_identify(runs/Jun19_08-55-34_rlcontrolJayNetv1.0) by extension 'cmake'
[0.329s] Level 1:colcon.colcon_core.package_identification:_identify(runs/Jun19_08-55-34_rlcontrolJayNetv1.0) by extension 'python'
[0.329s] Level 1:colcon.colcon_core.package_identification:_identify(runs/Jun19_08-55-34_rlcontrolJayNetv1.0) by extensions ['python_setup_py']
[0.329s] Level 1:colcon.colcon_core.package_identification:_identify(runs/Jun19_08-55-34_rlcontrolJayNetv1.0) by extension 'python_setup_py'
[0.329s] Level 1:colcon.colcon_core.package_identification:_identify(runs/Jun19_08-56-10_rlcontrolJayNetv1.0) by extensions ['ignore', 'ignore_ament_install']
[0.329s] Level 1:colcon.colcon_core.package_identification:_identify(runs/Jun19_08-56-10_rlcontrolJayNetv1.0) by extension 'ignore'
[0.329s] Level 1:colcon.colcon_core.package_identification:_identify(runs/Jun19_08-56-10_rlcontrolJayNetv1.0) by extension 'ignore_ament_install'
[0.329s] Level 1:colcon.colcon_core.package_identification:_identify(runs/Jun19_08-56-10_rlcontrolJayNetv1.0) by extensions ['colcon_pkg']
[0.329s] Level 1:colcon.colcon_core.package_identification:_identify(runs/Jun19_08-56-10_rlcontrolJayNetv1.0) by extension 'colcon_pkg'
[0.329s] Level 1:colcon.colcon_core.package_identification:_identify(runs/Jun19_08-56-10_rlcontrolJayNetv1.0) by extensions ['colcon_meta']
[0.329s] Level 1:colcon.colcon_core.package_identification:_identify(runs/Jun19_08-56-10_rlcontrolJayNetv1.0) by extension 'colcon_meta'
[0.329s] Level 1:colcon.colcon_core.package_identification:_identify(runs/Jun19_08-56-10_rlcontrolJayNetv1.0) by extensions ['ros']
[0.329s] Level 1:colcon.colcon_core.package_identification:_identify(runs/Jun19_08-56-10_rlcontrolJayNetv1.0) by extension 'ros'
[0.329s] Level 1:colcon.colcon_core.package_identification:_identify(runs/Jun19_08-56-10_rlcontrolJayNetv1.0) by extensions ['cmake', 'python']
[0.329s] Level 1:colcon.colcon_core.package_identification:_identify(runs/Jun19_08-56-10_rlcontrolJayNetv1.0) by extension 'cmake'
[0.329s] Level 1:colcon.colcon_core.package_identification:_identify(runs/Jun19_08-56-10_rlcontrolJayNetv1.0) by extension 'python'
[0.329s] Level 1:colcon.colcon_core.package_identification:_identify(runs/Jun19_08-56-10_rlcontrolJayNetv1.0) by extensions ['python_setup_py']
[0.329s] Level 1:colcon.colcon_core.package_identification:_identify(runs/Jun19_08-56-10_rlcontrolJayNetv1.0) by extension 'python_setup_py'
[0.330s] Level 1:colcon.colcon_core.package_identification:_identify(runs/Jun19_09-18-29_rlcontrolJayNetv1.0) by extensions ['ignore', 'ignore_ament_install']
[0.330s] Level 1:colcon.colcon_core.package_identification:_identify(runs/Jun19_09-18-29_rlcontrolJayNetv1.0) by extension 'ignore'
[0.330s] Level 1:colcon.colcon_core.package_identification:_identify(runs/Jun19_09-18-29_rlcontrolJayNetv1.0) by extension 'ignore_ament_install'
[0.330s] Level 1:colcon.colcon_core.package_identification:_identify(runs/Jun19_09-18-29_rlcontrolJayNetv1.0) by extensions ['colcon_pkg']
[0.330s] Level 1:colcon.colcon_core.package_identification:_identify(runs/Jun19_09-18-29_rlcontrolJayNetv1.0) by extension 'colcon_pkg'
[0.330s] Level 1:colcon.colcon_core.package_identification:_identify(runs/Jun19_09-18-29_rlcontrolJayNetv1.0) by extensions ['colcon_meta']
[0.330s] Level 1:colcon.colcon_core.package_identification:_identify(runs/Jun19_09-18-29_rlcontrolJayNetv1.0) by extension 'colcon_meta'
[0.330s] Level 1:colcon.colcon_core.package_identification:_identify(runs/Jun19_09-18-29_rlcontrolJayNetv1.0) by extensions ['ros']
[0.330s] Level 1:colcon.colcon_core.package_identification:_identify(runs/Jun19_09-18-29_rlcontrolJayNetv1.0) by extension 'ros'
[0.330s] Level 1:colcon.colcon_core.package_identification:_identify(runs/Jun19_09-18-29_rlcontrolJayNetv1.0) by extensions ['cmake', 'python']
[0.330s] Level 1:colcon.colcon_core.package_identification:_identify(runs/Jun19_09-18-29_rlcontrolJayNetv1.0) by extension 'cmake'
[0.330s] Level 1:colcon.colcon_core.package_identification:_identify(runs/Jun19_09-18-29_rlcontrolJayNetv1.0) by extension 'python'
[0.330s] Level 1:colcon.colcon_core.package_identification:_identify(runs/Jun19_09-18-29_rlcontrolJayNetv1.0) by extensions ['python_setup_py']
[0.330s] Level 1:colcon.colcon_core.package_identification:_identify(runs/Jun19_09-18-29_rlcontrolJayNetv1.0) by extension 'python_setup_py'
[0.330s] Level 1:colcon.colcon_core.package_identification:_identify(runs/Jun19_09-20-31_rlcontrolJayNetv1.0) by extensions ['ignore', 'ignore_ament_install']
[0.330s] Level 1:colcon.colcon_core.package_identification:_identify(runs/Jun19_09-20-31_rlcontrolJayNetv1.0) by extension 'ignore'
[0.330s] Level 1:colcon.colcon_core.package_identification:_identify(runs/Jun19_09-20-31_rlcontrolJayNetv1.0) by extension 'ignore_ament_install'
[0.330s] Level 1:colcon.colcon_core.package_identification:_identify(runs/Jun19_09-20-31_rlcontrolJayNetv1.0) by extensions ['colcon_pkg']
[0.330s] Level 1:colcon.colcon_core.package_identification:_identify(runs/Jun19_09-20-31_rlcontrolJayNetv1.0) by extension 'colcon_pkg'
[0.330s] Level 1:colcon.colcon_core.package_identification:_identify(runs/Jun19_09-20-31_rlcontrolJayNetv1.0) by extensions ['colcon_meta']
[0.330s] Level 1:colcon.colcon_core.package_identification:_identify(runs/Jun19_09-20-31_rlcontrolJayNetv1.0) by extension 'colcon_meta'
[0.330s] Level 1:colcon.colcon_core.package_identification:_identify(runs/Jun19_09-20-31_rlcontrolJayNetv1.0) by extensions ['ros']
[0.330s] Level 1:colcon.colcon_core.package_identification:_identify(runs/Jun19_09-20-31_rlcontrolJayNetv1.0) by extension 'ros'
[0.331s] Level 1:colcon.colcon_core.package_identification:_identify(runs/Jun19_09-20-31_rlcontrolJayNetv1.0) by extensions ['cmake', 'python']
[0.331s] Level 1:colcon.colcon_core.package_identification:_identify(runs/Jun19_09-20-31_rlcontrolJayNetv1.0) by extension 'cmake'
[0.331s] Level 1:colcon.colcon_core.package_identification:_identify(runs/Jun19_09-20-31_rlcontrolJayNetv1.0) by extension 'python'
[0.331s] Level 1:colcon.colcon_core.package_identification:_identify(runs/Jun19_09-20-31_rlcontrolJayNetv1.0) by extensions ['python_setup_py']
[0.331s] Level 1:colcon.colcon_core.package_identification:_identify(runs/Jun19_09-20-31_rlcontrolJayNetv1.0) by extension 'python_setup_py'
[0.331s] Level 1:colcon.colcon_core.package_identification:_identify(runs/Jun19_09-25-23_rlcontrolJayNetv1.0) by extensions ['ignore', 'ignore_ament_install']
[0.331s] Level 1:colcon.colcon_core.package_identification:_identify(runs/Jun19_09-25-23_rlcontrolJayNetv1.0) by extension 'ignore'
[0.331s] Level 1:colcon.colcon_core.package_identification:_identify(runs/Jun19_09-25-23_rlcontrolJayNetv1.0) by extension 'ignore_ament_install'
[0.331s] Level 1:colcon.colcon_core.package_identification:_identify(runs/Jun19_09-25-23_rlcontrolJayNetv1.0) by extensions ['colcon_pkg']
[0.331s] Level 1:colcon.colcon_core.package_identification:_identify(runs/Jun19_09-25-23_rlcontrolJayNetv1.0) by extension 'colcon_pkg'
[0.331s] Level 1:colcon.colcon_core.package_identification:_identify(runs/Jun19_09-25-23_rlcontrolJayNetv1.0) by extensions ['colcon_meta']
[0.331s] Level 1:colcon.colcon_core.package_identification:_identify(runs/Jun19_09-25-23_rlcontrolJayNetv1.0) by extension 'colcon_meta'
[0.331s] Level 1:colcon.colcon_core.package_identification:_identify(runs/Jun19_09-25-23_rlcontrolJayNetv1.0) by extensions ['ros']
[0.331s] Level 1:colcon.colcon_core.package_identification:_identify(runs/Jun19_09-25-23_rlcontrolJayNetv1.0) by extension 'ros'
[0.331s] Level 1:colcon.colcon_core.package_identification:_identify(runs/Jun19_09-25-23_rlcontrolJayNetv1.0) by extensions ['cmake', 'python']
[0.331s] Level 1:colcon.colcon_core.package_identification:_identify(runs/Jun19_09-25-23_rlcontrolJayNetv1.0) by extension 'cmake'
[0.331s] Level 1:colcon.colcon_core.package_identification:_identify(runs/Jun19_09-25-23_rlcontrolJayNetv1.0) by extension 'python'
[0.331s] Level 1:colcon.colcon_core.package_identification:_identify(runs/Jun19_09-25-23_rlcontrolJayNetv1.0) by extensions ['python_setup_py']
[0.331s] Level 1:colcon.colcon_core.package_identification:_identify(runs/Jun19_09-25-23_rlcontrolJayNetv1.0) by extension 'python_setup_py'
[0.331s] Level 1:colcon.colcon_core.package_identification:_identify(runs/Jun19_09-37-03_rlcontrolJayNetv1.0) by extensions ['ignore', 'ignore_ament_install']
[0.331s] Level 1:colcon.colcon_core.package_identification:_identify(runs/Jun19_09-37-03_rlcontrolJayNetv1.0) by extension 'ignore'
[0.331s] Level 1:colcon.colcon_core.package_identification:_identify(runs/Jun19_09-37-03_rlcontrolJayNetv1.0) by extension 'ignore_ament_install'
[0.332s] Level 1:colcon.colcon_core.package_identification:_identify(runs/Jun19_09-37-03_rlcontrolJayNetv1.0) by extensions ['colcon_pkg']
[0.332s] Level 1:colcon.colcon_core.package_identification:_identify(runs/Jun19_09-37-03_rlcontrolJayNetv1.0) by extension 'colcon_pkg'
[0.332s] Level 1:colcon.colcon_core.package_identification:_identify(runs/Jun19_09-37-03_rlcontrolJayNetv1.0) by extensions ['colcon_meta']
[0.332s] Level 1:colcon.colcon_core.package_identification:_identify(runs/Jun19_09-37-03_rlcontrolJayNetv1.0) by extension 'colcon_meta'
[0.332s] Level 1:colcon.colcon_core.package_identification:_identify(runs/Jun19_09-37-03_rlcontrolJayNetv1.0) by extensions ['ros']
[0.332s] Level 1:colcon.colcon_core.package_identification:_identify(runs/Jun19_09-37-03_rlcontrolJayNetv1.0) by extension 'ros'
[0.332s] Level 1:colcon.colcon_core.package_identification:_identify(runs/Jun19_09-37-03_rlcontrolJayNetv1.0) by extensions ['cmake', 'python']
[0.332s] Level 1:colcon.colcon_core.package_identification:_identify(runs/Jun19_09-37-03_rlcontrolJayNetv1.0) by extension 'cmake'
[0.332s] Level 1:colcon.colcon_core.package_identification:_identify(runs/Jun19_09-37-03_rlcontrolJayNetv1.0) by extension 'python'
[0.332s] Level 1:colcon.colcon_core.package_identification:_identify(runs/Jun19_09-37-03_rlcontrolJayNetv1.0) by extensions ['python_setup_py']
[0.332s] Level 1:colcon.colcon_core.package_identification:_identify(runs/Jun19_09-37-03_rlcontrolJayNetv1.0) by extension 'python_setup_py'
[0.332s] Level 1:colcon.colcon_core.package_identification:_identify(runs/Jun19_09-39-58_rlcontrolJayNetv1.0) by extensions ['ignore', 'ignore_ament_install']
[0.332s] Level 1:colcon.colcon_core.package_identification:_identify(runs/Jun19_09-39-58_rlcontrolJayNetv1.0) by extension 'ignore'
[0.332s] Level 1:colcon.colcon_core.package_identification:_identify(runs/Jun19_09-39-58_rlcontrolJayNetv1.0) by extension 'ignore_ament_install'
[0.332s] Level 1:colcon.colcon_core.package_identification:_identify(runs/Jun19_09-39-58_rlcontrolJayNetv1.0) by extensions ['colcon_pkg']
[0.332s] Level 1:colcon.colcon_core.package_identification:_identify(runs/Jun19_09-39-58_rlcontrolJayNetv1.0) by extension 'colcon_pkg'
[0.332s] Level 1:colcon.colcon_core.package_identification:_identify(runs/Jun19_09-39-58_rlcontrolJayNetv1.0) by extensions ['colcon_meta']
[0.332s] Level 1:colcon.colcon_core.package_identification:_identify(runs/Jun19_09-39-58_rlcontrolJayNetv1.0) by extension 'colcon_meta'
[0.332s] Level 1:colcon.colcon_core.package_identification:_identify(runs/Jun19_09-39-58_rlcontrolJayNetv1.0) by extensions ['ros']
[0.332s] Level 1:colcon.colcon_core.package_identification:_identify(runs/Jun19_09-39-58_rlcontrolJayNetv1.0) by extension 'ros'
[0.332s] Level 1:colcon.colcon_core.package_identification:_identify(runs/Jun19_09-39-58_rlcontrolJayNetv1.0) by extensions ['cmake', 'python']
[0.332s] Level 1:colcon.colcon_core.package_identification:_identify(runs/Jun19_09-39-58_rlcontrolJayNetv1.0) by extension 'cmake'
[0.332s] Level 1:colcon.colcon_core.package_identification:_identify(runs/Jun19_09-39-58_rlcontrolJayNetv1.0) by extension 'python'
[0.332s] Level 1:colcon.colcon_core.package_identification:_identify(runs/Jun19_09-39-58_rlcontrolJayNetv1.0) by extensions ['python_setup_py']
[0.332s] Level 1:colcon.colcon_core.package_identification:_identify(runs/Jun19_09-39-58_rlcontrolJayNetv1.0) by extension 'python_setup_py'
[0.333s] Level 1:colcon.colcon_core.package_identification:_identify(runs/Jun19_13-16-15_rlcontrolJayNetv1.0) by extensions ['ignore', 'ignore_ament_install']
[0.333s] Level 1:colcon.colcon_core.package_identification:_identify(runs/Jun19_13-16-15_rlcontrolJayNetv1.0) by extension 'ignore'
[0.333s] Level 1:colcon.colcon_core.package_identification:_identify(runs/Jun19_13-16-15_rlcontrolJayNetv1.0) by extension 'ignore_ament_install'
[0.333s] Level 1:colcon.colcon_core.package_identification:_identify(runs/Jun19_13-16-15_rlcontrolJayNetv1.0) by extensions ['colcon_pkg']
[0.333s] Level 1:colcon.colcon_core.package_identification:_identify(runs/Jun19_13-16-15_rlcontrolJayNetv1.0) by extension 'colcon_pkg'
[0.333s] Level 1:colcon.colcon_core.package_identification:_identify(runs/Jun19_13-16-15_rlcontrolJayNetv1.0) by extensions ['colcon_meta']
[0.333s] Level 1:colcon.colcon_core.package_identification:_identify(runs/Jun19_13-16-15_rlcontrolJayNetv1.0) by extension 'colcon_meta'
[0.333s] Level 1:colcon.colcon_core.package_identification:_identify(runs/Jun19_13-16-15_rlcontrolJayNetv1.0) by extensions ['ros']
[0.333s] Level 1:colcon.colcon_core.package_identification:_identify(runs/Jun19_13-16-15_rlcontrolJayNetv1.0) by extension 'ros'
[0.333s] Level 1:colcon.colcon_core.package_identification:_identify(runs/Jun19_13-16-15_rlcontrolJayNetv1.0) by extensions ['cmake', 'python']
[0.333s] Level 1:colcon.colcon_core.package_identification:_identify(runs/Jun19_13-16-15_rlcontrolJayNetv1.0) by extension 'cmake'
[0.333s] Level 1:colcon.colcon_core.package_identification:_identify(runs/Jun19_13-16-15_rlcontrolJayNetv1.0) by extension 'python'
[0.333s] Level 1:colcon.colcon_core.package_identification:_identify(runs/Jun19_13-16-15_rlcontrolJayNetv1.0) by extensions ['python_setup_py']
[0.333s] Level 1:colcon.colcon_core.package_identification:_identify(runs/Jun19_13-16-15_rlcontrolJayNetv1.0) by extension 'python_setup_py'
[0.333s] Level 1:colcon.colcon_core.package_identification:_identify(runs/Jun19_13-36-17_rlcontrolJayNetv1.0) by extensions ['ignore', 'ignore_ament_install']
[0.333s] Level 1:colcon.colcon_core.package_identification:_identify(runs/Jun19_13-36-17_rlcontrolJayNetv1.0) by extension 'ignore'
[0.333s] Level 1:colcon.colcon_core.package_identification:_identify(runs/Jun19_13-36-17_rlcontrolJayNetv1.0) by extension 'ignore_ament_install'
[0.333s] Level 1:colcon.colcon_core.package_identification:_identify(runs/Jun19_13-36-17_rlcontrolJayNetv1.0) by extensions ['colcon_pkg']
[0.333s] Level 1:colcon.colcon_core.package_identification:_identify(runs/Jun19_13-36-17_rlcontrolJayNetv1.0) by extension 'colcon_pkg'
[0.333s] Level 1:colcon.colcon_core.package_identification:_identify(runs/Jun19_13-36-17_rlcontrolJayNetv1.0) by extensions ['colcon_meta']
[0.333s] Level 1:colcon.colcon_core.package_identification:_identify(runs/Jun19_13-36-17_rlcontrolJayNetv1.0) by extension 'colcon_meta'
[0.333s] Level 1:colcon.colcon_core.package_identification:_identify(runs/Jun19_13-36-17_rlcontrolJayNetv1.0) by extensions ['ros']
[0.333s] Level 1:colcon.colcon_core.package_identification:_identify(runs/Jun19_13-36-17_rlcontrolJayNetv1.0) by extension 'ros'
[0.333s] Level 1:colcon.colcon_core.package_identification:_identify(runs/Jun19_13-36-17_rlcontrolJayNetv1.0) by extensions ['cmake', 'python']
[0.333s] Level 1:colcon.colcon_core.package_identification:_identify(runs/Jun19_13-36-17_rlcontrolJayNetv1.0) by extension 'cmake'
[0.334s] Level 1:colcon.colcon_core.package_identification:_identify(runs/Jun19_13-36-17_rlcontrolJayNetv1.0) by extension 'python'
[0.334s] Level 1:colcon.colcon_core.package_identification:_identify(runs/Jun19_13-36-17_rlcontrolJayNetv1.0) by extensions ['python_setup_py']
[0.334s] Level 1:colcon.colcon_core.package_identification:_identify(runs/Jun19_13-36-17_rlcontrolJayNetv1.0) by extension 'python_setup_py'
[0.334s] Level 1:colcon.colcon_core.package_identification:_identify(runs/Jun19_13-38-46_rlcontrolJayNetv1.0) by extensions ['ignore', 'ignore_ament_install']
[0.334s] Level 1:colcon.colcon_core.package_identification:_identify(runs/Jun19_13-38-46_rlcontrolJayNetv1.0) by extension 'ignore'
[0.334s] Level 1:colcon.colcon_core.package_identification:_identify(runs/Jun19_13-38-46_rlcontrolJayNetv1.0) by extension 'ignore_ament_install'
[0.334s] Level 1:colcon.colcon_core.package_identification:_identify(runs/Jun19_13-38-46_rlcontrolJayNetv1.0) by extensions ['colcon_pkg']
[0.334s] Level 1:colcon.colcon_core.package_identification:_identify(runs/Jun19_13-38-46_rlcontrolJayNetv1.0) by extension 'colcon_pkg'
[0.334s] Level 1:colcon.colcon_core.package_identification:_identify(runs/Jun19_13-38-46_rlcontrolJayNetv1.0) by extensions ['colcon_meta']
[0.334s] Level 1:colcon.colcon_core.package_identification:_identify(runs/Jun19_13-38-46_rlcontrolJayNetv1.0) by extension 'colcon_meta'
[0.334s] Level 1:colcon.colcon_core.package_identification:_identify(runs/Jun19_13-38-46_rlcontrolJayNetv1.0) by extensions ['ros']
[0.334s] Level 1:colcon.colcon_core.package_identification:_identify(runs/Jun19_13-38-46_rlcontrolJayNetv1.0) by extension 'ros'
[0.334s] Level 1:colcon.colcon_core.package_identification:_identify(runs/Jun19_13-38-46_rlcontrolJayNetv1.0) by extensions ['cmake', 'python']
[0.334s] Level 1:colcon.colcon_core.package_identification:_identify(runs/Jun19_13-38-46_rlcontrolJayNetv1.0) by extension 'cmake'
[0.334s] Level 1:colcon.colcon_core.package_identification:_identify(runs/Jun19_13-38-46_rlcontrolJayNetv1.0) by extension 'python'
[0.334s] Level 1:colcon.colcon_core.package_identification:_identify(runs/Jun19_13-38-46_rlcontrolJayNetv1.0) by extensions ['python_setup_py']
[0.334s] Level 1:colcon.colcon_core.package_identification:_identify(runs/Jun19_13-38-46_rlcontrolJayNetv1.0) by extension 'python_setup_py'
[0.334s] Level 1:colcon.colcon_core.package_identification:_identify(runs/Jun19_13-39-24_rlcontrolJayNetv1.0) by extensions ['ignore', 'ignore_ament_install']
[0.334s] Level 1:colcon.colcon_core.package_identification:_identify(runs/Jun19_13-39-24_rlcontrolJayNetv1.0) by extension 'ignore'
[0.334s] Level 1:colcon.colcon_core.package_identification:_identify(runs/Jun19_13-39-24_rlcontrolJayNetv1.0) by extension 'ignore_ament_install'
[0.334s] Level 1:colcon.colcon_core.package_identification:_identify(runs/Jun19_13-39-24_rlcontrolJayNetv1.0) by extensions ['colcon_pkg']
[0.334s] Level 1:colcon.colcon_core.package_identification:_identify(runs/Jun19_13-39-24_rlcontrolJayNetv1.0) by extension 'colcon_pkg'
[0.334s] Level 1:colcon.colcon_core.package_identification:_identify(runs/Jun19_13-39-24_rlcontrolJayNetv1.0) by extensions ['colcon_meta']
[0.334s] Level 1:colcon.colcon_core.package_identification:_identify(runs/Jun19_13-39-24_rlcontrolJayNetv1.0) by extension 'colcon_meta'
[0.335s] Level 1:colcon.colcon_core.package_identification:_identify(runs/Jun19_13-39-24_rlcontrolJayNetv1.0) by extensions ['ros']
[0.335s] Level 1:colcon.colcon_core.package_identification:_identify(runs/Jun19_13-39-24_rlcontrolJayNetv1.0) by extension 'ros'
[0.335s] Level 1:colcon.colcon_core.package_identification:_identify(runs/Jun19_13-39-24_rlcontrolJayNetv1.0) by extensions ['cmake', 'python']
[0.335s] Level 1:colcon.colcon_core.package_identification:_identify(runs/Jun19_13-39-24_rlcontrolJayNetv1.0) by extension 'cmake'
[0.335s] Level 1:colcon.colcon_core.package_identification:_identify(runs/Jun19_13-39-24_rlcontrolJayNetv1.0) by extension 'python'
[0.335s] Level 1:colcon.colcon_core.package_identification:_identify(runs/Jun19_13-39-24_rlcontrolJayNetv1.0) by extensions ['python_setup_py']
[0.335s] Level 1:colcon.colcon_core.package_identification:_identify(runs/Jun19_13-39-24_rlcontrolJayNetv1.0) by extension 'python_setup_py'
[0.335s] Level 1:colcon.colcon_core.package_identification:_identify(runs/Jun19_17-25-42_rlcontrolJayNetv1.0) by extensions ['ignore', 'ignore_ament_install']
[0.335s] Level 1:colcon.colcon_core.package_identification:_identify(runs/Jun19_17-25-42_rlcontrolJayNetv1.0) by extension 'ignore'
[0.335s] Level 1:colcon.colcon_core.package_identification:_identify(runs/Jun19_17-25-42_rlcontrolJayNetv1.0) by extension 'ignore_ament_install'
[0.335s] Level 1:colcon.colcon_core.package_identification:_identify(runs/Jun19_17-25-42_rlcontrolJayNetv1.0) by extensions ['colcon_pkg']
[0.335s] Level 1:colcon.colcon_core.package_identification:_identify(runs/Jun19_17-25-42_rlcontrolJayNetv1.0) by extension 'colcon_pkg'
[0.335s] Level 1:colcon.colcon_core.package_identification:_identify(runs/Jun19_17-25-42_rlcontrolJayNetv1.0) by extensions ['colcon_meta']
[0.335s] Level 1:colcon.colcon_core.package_identification:_identify(runs/Jun19_17-25-42_rlcontrolJayNetv1.0) by extension 'colcon_meta'
[0.335s] Level 1:colcon.colcon_core.package_identification:_identify(runs/Jun19_17-25-42_rlcontrolJayNetv1.0) by extensions ['ros']
[0.335s] Level 1:colcon.colcon_core.package_identification:_identify(runs/Jun19_17-25-42_rlcontrolJayNetv1.0) by extension 'ros'
[0.335s] Level 1:colcon.colcon_core.package_identification:_identify(runs/Jun19_17-25-42_rlcontrolJayNetv1.0) by extensions ['cmake', 'python']
[0.335s] Level 1:colcon.colcon_core.package_identification:_identify(runs/Jun19_17-25-42_rlcontrolJayNetv1.0) by extension 'cmake'
[0.335s] Level 1:colcon.colcon_core.package_identification:_identify(runs/Jun19_17-25-42_rlcontrolJayNetv1.0) by extension 'python'
[0.335s] Level 1:colcon.colcon_core.package_identification:_identify(runs/Jun19_17-25-42_rlcontrolJayNetv1.0) by extensions ['python_setup_py']
[0.335s] Level 1:colcon.colcon_core.package_identification:_identify(runs/Jun19_17-25-42_rlcontrolJayNetv1.0) by extension 'python_setup_py'
[0.335s] Level 1:colcon.colcon_core.package_identification:_identify(saves) by extensions ['ignore', 'ignore_ament_install']
[0.336s] Level 1:colcon.colcon_core.package_identification:_identify(saves) by extension 'ignore'
[0.336s] Level 1:colcon.colcon_core.package_identification:_identify(saves) by extension 'ignore_ament_install'
[0.336s] Level 1:colcon.colcon_core.package_identification:_identify(saves) by extensions ['colcon_pkg']
[0.336s] Level 1:colcon.colcon_core.package_identification:_identify(saves) by extension 'colcon_pkg'
[0.336s] Level 1:colcon.colcon_core.package_identification:_identify(saves) by extensions ['colcon_meta']
[0.336s] Level 1:colcon.colcon_core.package_identification:_identify(saves) by extension 'colcon_meta'
[0.336s] Level 1:colcon.colcon_core.package_identification:_identify(saves) by extensions ['ros']
[0.336s] Level 1:colcon.colcon_core.package_identification:_identify(saves) by extension 'ros'
[0.336s] Level 1:colcon.colcon_core.package_identification:_identify(saves) by extensions ['cmake', 'python']
[0.336s] Level 1:colcon.colcon_core.package_identification:_identify(saves) by extension 'cmake'
[0.336s] Level 1:colcon.colcon_core.package_identification:_identify(saves) by extension 'python'
[0.336s] Level 1:colcon.colcon_core.package_identification:_identify(saves) by extensions ['python_setup_py']
[0.336s] Level 1:colcon.colcon_core.package_identification:_identify(saves) by extension 'python_setup_py'
[0.336s] Level 1:colcon.colcon_core.package_identification:_identify(saves/a2c-JayNetv1.0) by extensions ['ignore', 'ignore_ament_install']
[0.336s] Level 1:colcon.colcon_core.package_identification:_identify(saves/a2c-JayNetv1.0) by extension 'ignore'
[0.336s] Level 1:colcon.colcon_core.package_identification:_identify(saves/a2c-JayNetv1.0) by extension 'ignore_ament_install'
[0.336s] Level 1:colcon.colcon_core.package_identification:_identify(saves/a2c-JayNetv1.0) by extensions ['colcon_pkg']
[0.336s] Level 1:colcon.colcon_core.package_identification:_identify(saves/a2c-JayNetv1.0) by extension 'colcon_pkg'
[0.336s] Level 1:colcon.colcon_core.package_identification:_identify(saves/a2c-JayNetv1.0) by extensions ['colcon_meta']
[0.336s] Level 1:colcon.colcon_core.package_identification:_identify(saves/a2c-JayNetv1.0) by extension 'colcon_meta'
[0.336s] Level 1:colcon.colcon_core.package_identification:_identify(saves/a2c-JayNetv1.0) by extensions ['ros']
[0.336s] Level 1:colcon.colcon_core.package_identification:_identify(saves/a2c-JayNetv1.0) by extension 'ros'
[0.336s] Level 1:colcon.colcon_core.package_identification:_identify(saves/a2c-JayNetv1.0) by extensions ['cmake', 'python']
[0.336s] Level 1:colcon.colcon_core.package_identification:_identify(saves/a2c-JayNetv1.0) by extension 'cmake'
[0.336s] Level 1:colcon.colcon_core.package_identification:_identify(saves/a2c-JayNetv1.0) by extension 'python'
[0.336s] Level 1:colcon.colcon_core.package_identification:_identify(saves/a2c-JayNetv1.0) by extensions ['python_setup_py']
[0.336s] Level 1:colcon.colcon_core.package_identification:_identify(saves/a2c-JayNetv1.0) by extension 'python_setup_py'
[0.337s] Level 1:colcon.colcon_core.package_discovery:discover_packages(recursive) using defaults
[0.337s] Level 1:colcon.colcon_core.package_discovery:discover_packages(ignore) discover
[0.337s] Level 1:colcon.colcon_core.package_discovery:discover_packages(ignore) using defaults
[0.337s] Level 1:colcon.colcon_core.package_discovery:discover_packages(path) discover
[0.337s] Level 1:colcon.colcon_core.package_discovery:discover_packages(path) using defaults
[0.355s] Level 1:colcon.colcon_core.package_discovery:discover_packages(prefix_path) check parameters
[0.356s] Level 1:colcon.colcon_core.package_discovery:discover_packages(prefix_path) discover
[0.358s] DEBUG:colcon.colcon_installed_package_information.package_discovery:Found 2 installed packages in /home/rlcontrol/jay_ws/install
[0.359s] DEBUG:colcon.colcon_installed_package_information.package_discovery:Found 270 installed packages in /opt/ros/humble
[0.360s] Level 1:colcon.colcon_core.package_discovery:discover_packages(prefix_path) using defaults
[0.409s] Level 5:colcon.colcon_core.verb:set package 'rl_custom_messages' build argument 'cmake_args' from command line to 'None'
[0.409s] Level 5:colcon.colcon_core.verb:set package 'rl_custom_messages' build argument 'cmake_target' from command line to 'None'
[0.409s] Level 5:colcon.colcon_core.verb:set package 'rl_custom_messages' build argument 'cmake_target_skip_unavailable' from command line to 'False'
[0.409s] Level 5:colcon.colcon_core.verb:set package 'rl_custom_messages' build argument 'cmake_clean_cache' from command line to 'False'
[0.409s] Level 5:colcon.colcon_core.verb:set package 'rl_custom_messages' build argument 'cmake_clean_first' from command line to 'False'
[0.409s] Level 5:colcon.colcon_core.verb:set package 'rl_custom_messages' build argument 'cmake_force_configure' from command line to 'False'
[0.409s] Level 5:colcon.colcon_core.verb:set package 'rl_custom_messages' build argument 'ament_cmake_args' from command line to 'None'
[0.409s] Level 5:colcon.colcon_core.verb:set package 'rl_custom_messages' build argument 'catkin_cmake_args' from command line to 'None'
[0.409s] Level 5:colcon.colcon_core.verb:set package 'rl_custom_messages' build argument 'catkin_skip_building_tests' from command line to 'False'
[0.409s] DEBUG:colcon.colcon_core.verb:Building package 'rl_custom_messages' with the following arguments: {'ament_cmake_args': None, 'build_base': '/home/rlcontrol/jay_ws/build/rl_custom_messages', 'catkin_cmake_args': None, 'catkin_skip_building_tests': False, 'cmake_args': None, 'cmake_clean_cache': False, 'cmake_clean_first': False, 'cmake_force_configure': False, 'cmake_target': None, 'cmake_target_skip_unavailable': False, 'install_base': '/home/rlcontrol/jay_ws/install/rl_custom_messages', 'merge_install': False, 'path': '/home/rlcontrol/jay_ws/rl_custom_messages', 'symlink_install': True, 'test_result_base': None}
[0.410s] Level 5:colcon.colcon_core.verb:set package 'jaybot' build argument 'cmake_args' from command line to 'None'
[0.410s] Level 5:colcon.colcon_core.verb:set package 'jaybot' build argument 'cmake_target' from command line to 'None'
[0.410s] Level 5:colcon.colcon_core.verb:set package 'jaybot' build argument 'cmake_target_skip_unavailable' from command line to 'False'
[0.410s] Level 5:colcon.colcon_core.verb:set package 'jaybot' build argument 'cmake_clean_cache' from command line to 'False'
[0.410s] Level 5:colcon.colcon_core.verb:set package 'jaybot' build argument 'cmake_clean_first' from command line to 'False'
[0.410s] Level 5:colcon.colcon_core.verb:set package 'jaybot' build argument 'cmake_force_configure' from command line to 'False'
[0.410s] Level 5:colcon.colcon_core.verb:set package 'jaybot' build argument 'ament_cmake_args' from command line to 'None'
[0.410s] Level 5:colcon.colcon_core.verb:set package 'jaybot' build argument 'catkin_cmake_args' from command line to 'None'
[0.410s] Level 5:colcon.colcon_core.verb:set package 'jaybot' build argument 'catkin_skip_building_tests' from command line to 'False'
[0.410s] DEBUG:colcon.colcon_core.verb:Building package 'jaybot' with the following arguments: {'ament_cmake_args': None, 'build_base': '/home/rlcontrol/jay_ws/build/jaybot', 'catkin_cmake_args': None, 'catkin_skip_building_tests': False, 'cmake_args': None, 'cmake_clean_cache': False, 'cmake_clean_first': False, 'cmake_force_configure': False, 'cmake_target': None, 'cmake_target_skip_unavailable': False, 'install_base': '/home/rlcontrol/jay_ws/install/jaybot', 'merge_install': False, 'path': '/home/rlcontrol/jay_ws/jaybot', 'symlink_install': True, 'test_result_base': None}
[0.411s] INFO:colcon.colcon_core.executor:Executing jobs using 'parallel' executor
[0.413s] DEBUG:colcon.colcon_parallel_executor.executor.parallel:run_until_complete
[0.413s] INFO:colcon.colcon_ros.task.ament_cmake.build:Building ROS package in '/home/rlcontrol/jay_ws/rl_custom_messages' with build type 'ament_cmake'
[0.414s] INFO:colcon.colcon_cmake.task.cmake.build:Building CMake package in '/home/rlcontrol/jay_ws/rl_custom_messages'
[0.418s] INFO:colcon.colcon_core.plugin_system:Skipping extension 'colcon_core.shell.bat': Not used on non-Windows systems
[0.418s] INFO:colcon.colcon_core.shell:Skip shell extension 'powershell' for command environment: Not usable outside of PowerShell
[0.418s] DEBUG:colcon.colcon_core.shell:Skip shell extension 'dsv' for command environment
[0.431s] DEBUG:colcon.colcon_core.event_handler.log_command:Invoking command in '/home/rlcontrol/jay_ws/build/rl_custom_messages': CMAKE_PREFIX_PATH=${CMAKE_PREFIX_PATH}:/opt/ros/humble /home/rlcontrol/.local/bin/cmake --build /home/rlcontrol/jay_ws/build/rl_custom_messages -- -j6 -l6
[0.782s] DEBUG:colcon.colcon_core.event_handler.log_command:Invoked command in '/home/rlcontrol/jay_ws/build/rl_custom_messages' returned '0': CMAKE_PREFIX_PATH=${CMAKE_PREFIX_PATH}:/opt/ros/humble /home/rlcontrol/.local/bin/cmake --build /home/rlcontrol/jay_ws/build/rl_custom_messages -- -j6 -l6
[0.938s] DEBUG:colcon.colcon_core.event_handler.log_command:Invoking command in '/home/rlcontrol/jay_ws/build/rl_custom_messages': CMAKE_PREFIX_PATH=${CMAKE_PREFIX_PATH}:/opt/ros/humble /home/rlcontrol/.local/bin/cmake --install /home/rlcontrol/jay_ws/build/rl_custom_messages
[1.030s] Level 1:colcon.colcon_core.environment:create_environment_scripts_only(rl_custom_messages)
[1.031s] DEBUG:colcon.colcon_core.event_handler.log_command:Invoked command in '/home/rlcontrol/jay_ws/build/rl_custom_messages' returned '0': CMAKE_PREFIX_PATH=${CMAKE_PREFIX_PATH}:/opt/ros/humble /home/rlcontrol/.local/bin/cmake --install /home/rlcontrol/jay_ws/build/rl_custom_messages
[1.034s] Level 1:colcon.colcon_core.environment:checking '/home/rlcontrol/jay_ws/install/rl_custom_messages' for CMake module files
[1.034s] Level 1:colcon.colcon_core.environment:checking '/home/rlcontrol/jay_ws/install/rl_custom_messages' for CMake config files
[1.035s] Level 1:colcon.colcon_core.shell:create_environment_hook('rl_custom_messages', 'cmake_prefix_path')
[1.036s] INFO:colcon.colcon_core.shell:Creating environment hook '/home/rlcontrol/jay_ws/install/rl_custom_messages/share/rl_custom_messages/hook/cmake_prefix_path.ps1'
[1.037s] INFO:colcon.colcon_core.shell:Creating environment descriptor '/home/rlcontrol/jay_ws/install/rl_custom_messages/share/rl_custom_messages/hook/cmake_prefix_path.dsv'
[1.037s] INFO:colcon.colcon_core.shell:Creating environment hook '/home/rlcontrol/jay_ws/install/rl_custom_messages/share/rl_custom_messages/hook/cmake_prefix_path.sh'
[1.038s] Level 1:colcon.colcon_core.environment:checking '/home/rlcontrol/jay_ws/install/rl_custom_messages/lib'
[1.038s] Level 1:colcon.colcon_core.shell:create_environment_hook('rl_custom_messages', 'ld_library_path_lib')
[1.039s] INFO:colcon.colcon_core.shell:Creating environment hook '/home/rlcontrol/jay_ws/install/rl_custom_messages/share/rl_custom_messages/hook/ld_library_path_lib.ps1'
[1.039s] INFO:colcon.colcon_core.shell:Creating environment descriptor '/home/rlcontrol/jay_ws/install/rl_custom_messages/share/rl_custom_messages/hook/ld_library_path_lib.dsv'
[1.039s] INFO:colcon.colcon_core.shell:Creating environment hook '/home/rlcontrol/jay_ws/install/rl_custom_messages/share/rl_custom_messages/hook/ld_library_path_lib.sh'
[1.040s] Level 1:colcon.colcon_core.environment:checking '/home/rlcontrol/jay_ws/install/rl_custom_messages/bin'
[1.040s] Level 1:colcon.colcon_core.environment:checking '/home/rlcontrol/jay_ws/install/rl_custom_messages/lib/pkgconfig/rl_custom_messages.pc'
[1.040s] Level 1:colcon.colcon_core.environment:checking '/home/rlcontrol/jay_ws/install/rl_custom_messages/lib/python3.10/site-packages'
[1.040s] Level 1:colcon.colcon_core.environment:checking '/home/rlcontrol/jay_ws/install/rl_custom_messages/bin'
[1.041s] INFO:colcon.colcon_core.shell:Creating package script '/home/rlcontrol/jay_ws/install/rl_custom_messages/share/rl_custom_messages/package.ps1'
[1.042s] INFO:colcon.colcon_core.shell:Creating package descriptor '/home/rlcontrol/jay_ws/install/rl_custom_messages/share/rl_custom_messages/package.dsv'
[1.043s] INFO:colcon.colcon_core.shell:Creating package script '/home/rlcontrol/jay_ws/install/rl_custom_messages/share/rl_custom_messages/package.sh'
[1.043s] INFO:colcon.colcon_core.shell:Creating package script '/home/rlcontrol/jay_ws/install/rl_custom_messages/share/rl_custom_messages/package.bash'
[1.044s] INFO:colcon.colcon_core.shell:Creating package script '/home/rlcontrol/jay_ws/install/rl_custom_messages/share/rl_custom_messages/package.zsh'
[1.044s] Level 1:colcon.colcon_core.environment:create_file_with_runtime_dependencies(/home/rlcontrol/jay_ws/install/rl_custom_messages/share/colcon-core/packages/rl_custom_messages)
[1.169s] Level 1:colcon.colcon_core.environment:create_environment_scripts_only(rl_custom_messages)
[1.172s] Level 1:colcon.colcon_core.environment:checking '/home/rlcontrol/jay_ws/install/rl_custom_messages' for CMake module files
[1.173s] Level 1:colcon.colcon_core.environment:checking '/home/rlcontrol/jay_ws/install/rl_custom_messages' for CMake config files
[1.174s] Level 1:colcon.colcon_core.shell:create_environment_hook('rl_custom_messages', 'cmake_prefix_path')
[1.176s] INFO:colcon.colcon_core.shell:Creating environment hook '/home/rlcontrol/jay_ws/install/rl_custom_messages/share/rl_custom_messages/hook/cmake_prefix_path.ps1'
[1.177s] INFO:colcon.colcon_core.shell:Creating environment descriptor '/home/rlcontrol/jay_ws/install/rl_custom_messages/share/rl_custom_messages/hook/cmake_prefix_path.dsv'
[1.177s] INFO:colcon.colcon_core.shell:Creating environment hook '/home/rlcontrol/jay_ws/install/rl_custom_messages/share/rl_custom_messages/hook/cmake_prefix_path.sh'
[1.178s] Level 1:colcon.colcon_core.environment:checking '/home/rlcontrol/jay_ws/install/rl_custom_messages/lib'
[1.178s] Level 1:colcon.colcon_core.shell:create_environment_hook('rl_custom_messages', 'ld_library_path_lib')
[1.180s] INFO:colcon.colcon_core.shell:Creating environment hook '/home/rlcontrol/jay_ws/install/rl_custom_messages/share/rl_custom_messages/hook/ld_library_path_lib.ps1'
[1.181s] INFO:colcon.colcon_core.shell:Creating environment descriptor '/home/rlcontrol/jay_ws/install/rl_custom_messages/share/rl_custom_messages/hook/ld_library_path_lib.dsv'
[1.181s] INFO:colcon.colcon_core.shell:Creating environment hook '/home/rlcontrol/jay_ws/install/rl_custom_messages/share/rl_custom_messages/hook/ld_library_path_lib.sh'
[1.182s] Level 1:colcon.colcon_core.environment:checking '/home/rlcontrol/jay_ws/install/rl_custom_messages/bin'
[1.182s] Level 1:colcon.colcon_core.environment:checking '/home/rlcontrol/jay_ws/install/rl_custom_messages/lib/pkgconfig/rl_custom_messages.pc'
[1.182s] Level 1:colcon.colcon_core.environment:checking '/home/rlcontrol/jay_ws/install/rl_custom_messages/lib/python3.10/site-packages'
[1.183s] Level 1:colcon.colcon_core.environment:checking '/home/rlcontrol/jay_ws/install/rl_custom_messages/bin'
[1.185s] INFO:colcon.colcon_core.shell:Creating package script '/home/rlcontrol/jay_ws/install/rl_custom_messages/share/rl_custom_messages/package.ps1'
[1.185s] INFO:colcon.colcon_core.shell:Creating package descriptor '/home/rlcontrol/jay_ws/install/rl_custom_messages/share/rl_custom_messages/package.dsv'
[1.186s] INFO:colcon.colcon_core.shell:Creating package script '/home/rlcontrol/jay_ws/install/rl_custom_messages/share/rl_custom_messages/package.sh'
[1.186s] INFO:colcon.colcon_core.shell:Creating package script '/home/rlcontrol/jay_ws/install/rl_custom_messages/share/rl_custom_messages/package.bash'
[1.187s] INFO:colcon.colcon_core.shell:Creating package script '/home/rlcontrol/jay_ws/install/rl_custom_messages/share/rl_custom_messages/package.zsh'
[1.187s] Level 1:colcon.colcon_core.environment:create_file_with_runtime_dependencies(/home/rlcontrol/jay_ws/install/rl_custom_messages/share/colcon-core/packages/rl_custom_messages)
[1.188s] INFO:colcon.colcon_ros.task.ament_cmake.build:Building ROS package in '/home/rlcontrol/jay_ws/jaybot' with build type 'ament_cmake'
[1.188s] INFO:colcon.colcon_cmake.task.cmake.build:Building CMake package in '/home/rlcontrol/jay_ws/jaybot'
[1.189s] INFO:colcon.colcon_core.shell:Skip shell extension 'powershell' for command environment: Not usable outside of PowerShell
[1.189s] DEBUG:colcon.colcon_core.shell:Skip shell extension 'dsv' for command environment
[1.205s] DEBUG:colcon.colcon_core.event_handler.log_command:Invoking command in '/home/rlcontrol/jay_ws/build/jaybot': CMAKE_PREFIX_PATH=/home/rlcontrol/jay_ws/install/rl_custom_messages:/home/rlcontrol/jay_ws/install/jaybot:/opt/ros/humble /home/rlcontrol/.local/bin/cmake --build /home/rlcontrol/jay_ws/build/jaybot -- -j6 -l6
[9.249s] DEBUG:colcon.colcon_core.event_handler.log_command:Invoked command in '/home/rlcontrol/jay_ws/build/jaybot' returned '0': CMAKE_PREFIX_PATH=/home/rlcontrol/jay_ws/install/rl_custom_messages:/home/rlcontrol/jay_ws/install/jaybot:/opt/ros/humble /home/rlcontrol/.local/bin/cmake --build /home/rlcontrol/jay_ws/build/jaybot -- -j6 -l6
[9.320s] DEBUG:colcon.colcon_core.event_handler.log_command:Invoking command in '/home/rlcontrol/jay_ws/build/jaybot': CMAKE_PREFIX_PATH=/home/rlcontrol/jay_ws/install/rl_custom_messages:/home/rlcontrol/jay_ws/install/jaybot:/opt/ros/humble /home/rlcontrol/.local/bin/cmake --install /home/rlcontrol/jay_ws/build/jaybot
[9.399s] Level 1:colcon.colcon_core.environment:create_environment_scripts_only(jaybot)
[9.402s] Level 1:colcon.colcon_core.environment:checking '/home/rlcontrol/jay_ws/install/jaybot' for CMake module files
[9.402s] DEBUG:colcon.colcon_core.event_handler.log_command:Invoked command in '/home/rlcontrol/jay_ws/build/jaybot' returned '0': CMAKE_PREFIX_PATH=/home/rlcontrol/jay_ws/install/rl_custom_messages:/home/rlcontrol/jay_ws/install/jaybot:/opt/ros/humble /home/rlcontrol/.local/bin/cmake --install /home/rlcontrol/jay_ws/build/jaybot
[9.402s] Level 1:colcon.colcon_core.environment:checking '/home/rlcontrol/jay_ws/install/jaybot' for CMake config files
[9.403s] Level 1:colcon.colcon_core.shell:create_environment_hook('jaybot', 'cmake_prefix_path')
[9.404s] INFO:colcon.colcon_core.shell:Creating environment hook '/home/rlcontrol/jay_ws/install/jaybot/share/jaybot/hook/cmake_prefix_path.ps1'
[9.405s] INFO:colcon.colcon_core.shell:Creating environment descriptor '/home/rlcontrol/jay_ws/install/jaybot/share/jaybot/hook/cmake_prefix_path.dsv'
[9.405s] INFO:colcon.colcon_core.shell:Creating environment hook '/home/rlcontrol/jay_ws/install/jaybot/share/jaybot/hook/cmake_prefix_path.sh'
[9.406s] Level 1:colcon.colcon_core.environment:checking '/home/rlcontrol/jay_ws/install/jaybot/lib'
[9.406s] Level 1:colcon.colcon_core.environment:checking '/home/rlcontrol/jay_ws/install/jaybot/bin'
[9.406s] Level 1:colcon.colcon_core.environment:checking '/home/rlcontrol/jay_ws/install/jaybot/lib/pkgconfig/jaybot.pc'
[9.406s] Level 1:colcon.colcon_core.environment:checking '/home/rlcontrol/jay_ws/install/jaybot/lib/python3.10/site-packages'
[9.406s] Level 1:colcon.colcon_core.environment:checking '/home/rlcontrol/jay_ws/install/jaybot/bin'
[9.408s] INFO:colcon.colcon_core.shell:Creating package script '/home/rlcontrol/jay_ws/install/jaybot/share/jaybot/package.ps1'
[9.408s] INFO:colcon.colcon_core.shell:Creating package descriptor '/home/rlcontrol/jay_ws/install/jaybot/share/jaybot/package.dsv'
[9.408s] INFO:colcon.colcon_core.shell:Creating package script '/home/rlcontrol/jay_ws/install/jaybot/share/jaybot/package.sh'
[9.409s] INFO:colcon.colcon_core.shell:Creating package script '/home/rlcontrol/jay_ws/install/jaybot/share/jaybot/package.bash'
[9.409s] INFO:colcon.colcon_core.shell:Creating package script '/home/rlcontrol/jay_ws/install/jaybot/share/jaybot/package.zsh'
[9.410s] Level 1:colcon.colcon_core.environment:create_file_with_runtime_dependencies(/home/rlcontrol/jay_ws/install/jaybot/share/colcon-core/packages/jaybot)
[9.469s] Level 1:colcon.colcon_core.environment:create_environment_scripts_only(jaybot)
[9.470s] Level 1:colcon.colcon_core.environment:checking '/home/rlcontrol/jay_ws/install/jaybot' for CMake module files
[9.471s] Level 1:colcon.colcon_core.environment:checking '/home/rlcontrol/jay_ws/install/jaybot' for CMake config files
[9.471s] Level 1:colcon.colcon_core.shell:create_environment_hook('jaybot', 'cmake_prefix_path')
[9.472s] INFO:colcon.colcon_core.shell:Creating environment hook '/home/rlcontrol/jay_ws/install/jaybot/share/jaybot/hook/cmake_prefix_path.ps1'
[9.472s] INFO:colcon.colcon_core.shell:Creating environment descriptor '/home/rlcontrol/jay_ws/install/jaybot/share/jaybot/hook/cmake_prefix_path.dsv'
[9.473s] INFO:colcon.colcon_core.shell:Creating environment hook '/home/rlcontrol/jay_ws/install/jaybot/share/jaybot/hook/cmake_prefix_path.sh'
[9.473s] Level 1:colcon.colcon_core.environment:checking '/home/rlcontrol/jay_ws/install/jaybot/lib'
[9.473s] Level 1:colcon.colcon_core.environment:checking '/home/rlcontrol/jay_ws/install/jaybot/bin'
[9.473s] Level 1:colcon.colcon_core.environment:checking '/home/rlcontrol/jay_ws/install/jaybot/lib/pkgconfig/jaybot.pc'
[9.474s] Level 1:colcon.colcon_core.environment:checking '/home/rlcontrol/jay_ws/install/jaybot/lib/python3.10/site-packages'
[9.474s] Level 1:colcon.colcon_core.environment:checking '/home/rlcontrol/jay_ws/install/jaybot/bin'
[9.475s] INFO:colcon.colcon_core.shell:Creating package script '/home/rlcontrol/jay_ws/install/jaybot/share/jaybot/package.ps1'
[9.475s] INFO:colcon.colcon_core.shell:Creating package descriptor '/home/rlcontrol/jay_ws/install/jaybot/share/jaybot/package.dsv'
[9.476s] INFO:colcon.colcon_core.shell:Creating package script '/home/rlcontrol/jay_ws/install/jaybot/share/jaybot/package.sh'
[9.476s] INFO:colcon.colcon_core.shell:Creating package script '/home/rlcontrol/jay_ws/install/jaybot/share/jaybot/package.bash'
[9.476s] INFO:colcon.colcon_core.shell:Creating package script '/home/rlcontrol/jay_ws/install/jaybot/share/jaybot/package.zsh'
[9.477s] Level 1:colcon.colcon_core.environment:create_file_with_runtime_dependencies(/home/rlcontrol/jay_ws/install/jaybot/share/colcon-core/packages/jaybot)
[9.477s] DEBUG:colcon.colcon_parallel_executor.executor.parallel:closing loop
[9.477s] DEBUG:colcon.colcon_parallel_executor.executor.parallel:loop closed
[9.477s] DEBUG:colcon.colcon_parallel_executor.executor.parallel:run_until_complete finished with '0'
[9.477s] DEBUG:colcon.colcon_core.event_reactor:joining thread
[9.482s] INFO:colcon.colcon_core.plugin_system:Skipping extension 'colcon_notification.desktop_notification.terminal_notifier': Not used on non-Darwin systems
[9.482s] INFO:colcon.colcon_core.plugin_system:Skipping extension 'colcon_notification.desktop_notification.win32': Not used on non-Windows systems
[9.482s] INFO:colcon.colcon_notification.desktop_notification:Sending desktop notification using 'notify2'
[9.494s] DEBUG:colcon.colcon_core.event_reactor:joined thread
[9.496s] INFO:colcon.colcon_core.shell:Creating prefix script '/home/rlcontrol/jay_ws/install/local_setup.ps1'
[9.496s] INFO:colcon.colcon_core.shell:Creating prefix util module '/home/rlcontrol/jay_ws/install/_local_setup_util_ps1.py'
[9.498s] INFO:colcon.colcon_core.shell:Creating prefix chain script '/home/rlcontrol/jay_ws/install/setup.ps1'
[9.500s] INFO:colcon.colcon_core.shell:Creating prefix script '/home/rlcontrol/jay_ws/install/local_setup.sh'
[9.500s] INFO:colcon.colcon_core.shell:Creating prefix util module '/home/rlcontrol/jay_ws/install/_local_setup_util_sh.py'
[9.501s] INFO:colcon.colcon_core.shell:Creating prefix chain script '/home/rlcontrol/jay_ws/install/setup.sh'
[9.502s] INFO:colcon.colcon_core.shell:Creating prefix script '/home/rlcontrol/jay_ws/install/local_setup.bash'
[9.502s] INFO:colcon.colcon_core.shell:Creating prefix chain script '/home/rlcontrol/jay_ws/install/setup.bash'
[9.504s] INFO:colcon.colcon_core.shell:Creating prefix script '/home/rlcontrol/jay_ws/install/local_setup.zsh'
[9.504s] INFO:colcon.colcon_core.shell:Creating prefix chain script '/home/rlcontrol/jay_ws/install/setup.zsh'
