[ 16%] Built target motor_controller
[ 33%] Built target range_publisher
[ 50%] Built target rl_server
[ 66%] Built target camera_publisher
[ 83%] Built target image_debugger
[ 91%] [32mBuilding CXX object CMakeFiles/microphone_publisher.dir/src/microphone_publisher.cpp.o[0m
[ 91%] Built target ament_cmake_python_symlink_jaybot
running egg_info
writing jaybot.egg-info/PKG-INFO
writing dependency_links to jaybot.egg-info/dependency_links.txt
writing top-level names to jaybot.egg-info/top_level.txt
reading manifest file 'jaybot.egg-info/SOURCES.txt'
writing manifest file 'jaybot.egg-info/SOURCES.txt'
[ 91%] Built target ament_cmake_python_build_jaybot_egg
[01m[K/home/rlcontrol/jay_ws/jaybot/src/microphone_publisher.cpp:71:1:[m[K [01;31m[Kerror: [m[Kexpected declaration before ‘[01m[K}[m[K’ token
   71 | [01;31m[K}[m[K;
      | [01;31m[K^[m[K
[01m[K/home/rlcontrol/jay_ws/jaybot/src/microphone_publisher.cpp:73:5:[m[K [01;31m[Kerror: [m[Kredefinition of ‘[01m[Kint main(int, char**)[m[K’
   73 | int [01;31m[Kmain[m[K(int argc, char * argv[])
      |     [01;31m[K^~~~[m[K
[01m[K/home/rlcontrol/jay_ws/jaybot/src/microphone_publisher.cpp:58:5:[m[K [01;36m[Knote: [m[K‘[01m[Kint main(int, char**)[m[K’ previously defined here
   58 | int [01;36m[Kmain[m[K(int argc, char * argv[])
      |     [01;36m[K^~~~[m[K
gmake[2]: *** [CMakeFiles/microphone_publisher.dir/build.make:76: CMakeFiles/microphone_publisher.dir/src/microphone_publisher.cpp.o] Error 1
gmake[1]: *** [CMakeFiles/Makefile2:228: CMakeFiles/microphone_publisher.dir/all] Error 2
gmake: *** [Makefile:146: all] Error 2
