[0.008s] Invoking command in '/home/rlcontrol/jay_ws/build/jaybot': AMENT_PREFIX_PATH=/home/rlcontrol/jay_ws/install/rl_custom_messages:${AMENT_PREFIX_PATH} CMAKE_PREFIX_PATH=/home/rlcontrol/jay_ws/install/rl_custom_messages:/opt/ros/humble LD_LIBRARY_PATH=/home/rlcontrol/jay_ws/install/rl_custom_messages/lib:${LD_LIBRARY_PATH} PYTHONPATH=/home/rlcontrol/jay_ws/install/rl_custom_messages/local/lib/python3.10/dist-packages:${PYTHONPATH} /home/rlcontrol/.local/bin/cmake /home/rlcontrol/jay_ws/jaybot -DAMENT_CMAKE_SYMLINK_INSTALL=1 -DCMAKE_INSTALL_PREFIX=/home/rlcontrol/jay_ws/install/jaybot
[0.071s] -- The C compiler identification is GNU 11.3.0
[0.119s] -- The CXX compiler identification is GNU 11.3.0
[0.128s] -- Detecting C compiler ABI info
[0.178s] -- Detecting C compiler ABI info - done
[0.187s] -- Check for working C compiler: /usr/bin/cc - skipped
[0.187s] -- Detecting C compile features
[0.188s] -- Detecting C compile features - done
[0.190s] -- Detecting CXX compiler ABI info
[0.249s] -- Detecting CXX compiler ABI info - done
[0.259s] -- Check for working CXX compiler: /usr/bin/c++ - skipped
[0.259s] -- Detecting CXX compile features
[0.259s] -- Detecting CXX compile features - done
[0.261s] -- Found ament_cmake: 1.3.5 (/opt/ros/humble/share/ament_cmake/cmake)
[0.559s] -- Found Python3: /usr/bin/python3.10 (found version "3.10.6") found components: Interpreter 
[0.606s] -- Override CMake install command with custom implementation using symlinks instead of copying resources
[0.630s] -- Found rclcpp: 16.0.4 (/opt/ros/humble/share/rclcpp/cmake)
[0.676s] -- Found rosidl_generator_c: 3.1.4 (/opt/ros/humble/share/rosidl_generator_c/cmake)
[0.680s] -- Found rosidl_adapter: 3.1.4 (/opt/ros/humble/share/rosidl_adapter/cmake)
[0.687s] -- Found rosidl_generator_cpp: 3.1.4 (/opt/ros/humble/share/rosidl_generator_cpp/cmake)
[0.701s] -- Using all available rosidl_typesupport_c: rosidl_typesupport_fastrtps_c;rosidl_typesupport_introspection_c
[0.721s] -- Using all available rosidl_typesupport_cpp: rosidl_typesupport_fastrtps_cpp;rosidl_typesupport_introspection_cpp
[0.815s] -- Found rmw_implementation_cmake: 6.1.1 (/opt/ros/humble/share/rmw_implementation_cmake/cmake)
[0.819s] -- Found rmw_fastrtps_cpp: 6.2.2 (/opt/ros/humble/share/rmw_fastrtps_cpp/cmake)
[0.940s] -- Found OpenSSL: /usr/lib/x86_64-linux-gnu/libcrypto.so (found version "3.0.2")  
[0.967s] -- Found FastRTPS: /opt/ros/humble/include  
[1.009s] -- Using RMW implementation 'rmw_fastrtps_cpp' as default
[1.025s] -- Performing Test CMAKE_HAVE_LIBC_PTHREAD
[1.083s] -- Performing Test CMAKE_HAVE_LIBC_PTHREAD - Success
[1.084s] -- Found Threads: TRUE  
[1.293s] -- Found rclpy: 3.3.8 (/opt/ros/humble/share/rclpy/cmake)
[1.293s] -- Found rl_custom_messages: 0.0.0 (/home/rlcontrol/jay_ws/install/rl_custom_messages/share/rl_custom_messages/cmake)
[1.579s] -- Found OpenCV: /usr (found version "4.5.4") 
[1.582s] -- Found cv_bridge: 3.2.1 (/opt/ros/humble/share/cv_bridge/cmake)
[1.749s] -- Configuring done (1.7s)
[1.795s] -- Generating done (0.0s)
[1.797s] -- Build files have been written to: /home/rlcontrol/jay_ws/build/jaybot
[1.809s] Invoked command in '/home/rlcontrol/jay_ws/build/jaybot' returned '0': AMENT_PREFIX_PATH=/home/rlcontrol/jay_ws/install/rl_custom_messages:${AMENT_PREFIX_PATH} CMAKE_PREFIX_PATH=/home/rlcontrol/jay_ws/install/rl_custom_messages:/opt/ros/humble LD_LIBRARY_PATH=/home/rlcontrol/jay_ws/install/rl_custom_messages/lib:${LD_LIBRARY_PATH} PYTHONPATH=/home/rlcontrol/jay_ws/install/rl_custom_messages/local/lib/python3.10/dist-packages:${PYTHONPATH} /home/rlcontrol/.local/bin/cmake /home/rlcontrol/jay_ws/jaybot -DAMENT_CMAKE_SYMLINK_INSTALL=1 -DCMAKE_INSTALL_PREFIX=/home/rlcontrol/jay_ws/install/jaybot
[1.811s] Invoking command in '/home/rlcontrol/jay_ws/build/jaybot': AMENT_PREFIX_PATH=/home/rlcontrol/jay_ws/install/rl_custom_messages:${AMENT_PREFIX_PATH} CMAKE_PREFIX_PATH=/home/rlcontrol/jay_ws/install/rl_custom_messages:/opt/ros/humble LD_LIBRARY_PATH=/home/rlcontrol/jay_ws/install/rl_custom_messages/lib:${LD_LIBRARY_PATH} PYTHONPATH=/home/rlcontrol/jay_ws/install/rl_custom_messages/local/lib/python3.10/dist-packages:${PYTHONPATH} /home/rlcontrol/.local/bin/cmake --build /home/rlcontrol/jay_ws/build/jaybot -- -j6 -l6
[1.867s] [  7%] [32mBuilding CXX object CMakeFiles/range_publisher.dir/src/range_publisher.cpp.o[0m
[1.868s] [ 14%] [32mBuilding CXX object CMakeFiles/motor_controller.dir/src/motor_controller.cpp.o[0m
[1.869s] [ 21%] [32mBuilding CXX object CMakeFiles/microphone_publisher.dir/src/microphone_publisher.cpp.o[0m
[1.869s] [ 28%] [32mBuilding CXX object CMakeFiles/speaker_controller.dir/src/speaker_controller.cpp.o[0m
[1.871s] [ 35%] [32mBuilding CXX object CMakeFiles/rl_server.dir/src/rl_server.cpp.o[0m
[1.872s] [ 42%] [32mBuilding CXX object CMakeFiles/camera_publisher.dir/src/camera_publisher.cpp.o[0m
[6.116s] [01m[K/home/rlcontrol/jay_ws/jaybot/src/rl_server.cpp:[m[K In member function ‘[01m[Kvoid ImageServer::service_callback(std::shared_ptr<rl_custom_messages::srv::ImageService_Request_<std::allocator<void> > >, std::shared_ptr<rl_custom_messages::srv::ImageService_Response_<std::allocator<void> > >)[m[K’:
[6.116s] [01m[K/home/rlcontrol/jay_ws/jaybot/src/rl_server.cpp:94:79:[m[K [01;35m[Kwarning: [m[Kunused parameter ‘[01m[Krequest[m[K’ [[01;35m[K]8;;https://gcc.gnu.org/onlinedocs/gcc/Warning-Options.html#index-Wunused-parameter-Wunused-parameter]8;;[m[K]
[6.116s]    94 |         [01;35m[Kconst std::shared_ptr<rl_custom_messages::srv::ImageService::Request> request[m[K,
[6.116s]       |         [01;35m[K~~~~~~~~~~~~~~~~~~~~~~~~~~~~~~~~~~~~~~~~~~~~~~~~~~~~~~~~~~~~~~~~~~~~~~^~~~~~~[m[K
[6.190s] [01m[K/home/rlcontrol/jay_ws/jaybot/src/rl_server.cpp:[m[K In member function ‘[01m[Kvoid AudioReceiverSubscriber::topic_callback(sensor_msgs::msg::Image_<std::allocator<void> >::SharedPtr) const[m[K’:
[6.190s] [01m[K/home/rlcontrol/jay_ws/jaybot/src/rl_server.cpp:116:66:[m[K [01;35m[Kwarning: [m[Kunused parameter ‘[01m[Kmsg[m[K’ [[01;35m[K]8;;https://gcc.gnu.org/onlinedocs/gcc/Warning-Options.html#index-Wunused-parameter-Wunused-parameter]8;;[m[K]
[6.190s]   116 |     void topic_callback([01;35m[Kconst sensor_msgs::msg::Image::SharedPtr msg[m[K) const
[6.190s]       |                         [01;35m[K~~~~~~~~~~~~~~~~~~~~~~~~~~~~~~~~~~~~~~~~~^~~[m[K
[7.341s] [ 50%] [32m[1mLinking CXX executable microphone_publisher[0m
[7.474s] [ 57%] [32m[1mLinking CXX executable range_publisher[0m
[7.635s] [ 57%] Built target microphone_publisher
[7.650s] [ 64%] [32mBuilding CXX object CMakeFiles/image_debugger.dir/src/image_debugger.cpp.o[0m
[7.697s] [ 64%] Built target range_publisher
[7.709s] [ 64%] Built target ament_cmake_python_symlink_jaybot
[7.980s] running egg_info
[7.980s] creating jaybot.egg-info
[7.981s] writing jaybot.egg-info/PKG-INFO
[7.981s] writing dependency_links to jaybot.egg-info/dependency_links.txt
[7.981s] writing top-level names to jaybot.egg-info/top_level.txt
[7.981s] writing manifest file 'jaybot.egg-info/SOURCES.txt'
[7.984s] reading manifest file 'jaybot.egg-info/SOURCES.txt'
[7.985s] writing manifest file 'jaybot.egg-info/SOURCES.txt'
[8.008s] [ 64%] Built target ament_cmake_python_build_jaybot_egg
[9.306s] [ 71%] [32m[1mLinking CXX executable camera_publisher[0m
[9.927s] [ 71%] Built target camera_publisher
[11.374s] [ 78%] [32m[1mLinking CXX executable motor_controller[0m
[11.745s] [ 85%] [32m[1mLinking CXX executable speaker_controller[0m
[11.773s] [ 85%] Built target motor_controller
[12.157s] [ 85%] Built target speaker_controller
[17.018s] [ 92%] [32m[1mLinking CXX executable image_debugger[0m
[17.669s] [ 92%] Built target image_debugger
[20.193s] [100%] [32m[1mLinking CXX executable rl_server[0m
[20.945s] [100%] Built target rl_server
[20.953s] Invoked command in '/home/rlcontrol/jay_ws/build/jaybot' returned '0': AMENT_PREFIX_PATH=/home/rlcontrol/jay_ws/install/rl_custom_messages:${AMENT_PREFIX_PATH} CMAKE_PREFIX_PATH=/home/rlcontrol/jay_ws/install/rl_custom_messages:/opt/ros/humble LD_LIBRARY_PATH=/home/rlcontrol/jay_ws/install/rl_custom_messages/lib:${LD_LIBRARY_PATH} PYTHONPATH=/home/rlcontrol/jay_ws/install/rl_custom_messages/local/lib/python3.10/dist-packages:${PYTHONPATH} /home/rlcontrol/.local/bin/cmake --build /home/rlcontrol/jay_ws/build/jaybot -- -j6 -l6
[21.024s] Invoking command in '/home/rlcontrol/jay_ws/build/jaybot': AMENT_PREFIX_PATH=/home/rlcontrol/jay_ws/install/rl_custom_messages:${AMENT_PREFIX_PATH} CMAKE_PREFIX_PATH=/home/rlcontrol/jay_ws/install/rl_custom_messages:/opt/ros/humble LD_LIBRARY_PATH=/home/rlcontrol/jay_ws/install/rl_custom_messages/lib:${LD_LIBRARY_PATH} PYTHONPATH=/home/rlcontrol/jay_ws/install/rl_custom_messages/local/lib/python3.10/dist-packages:${PYTHONPATH} /home/rlcontrol/.local/bin/cmake --install /home/rlcontrol/jay_ws/build/jaybot
[21.045s] -- Install configuration: ""
[21.045s] -- Execute custom install script
[21.045s] -- Symlinking: /home/rlcontrol/jay_ws/install/jaybot/lib/jaybot/range_publisher
[21.048s] -- Symlinking: /home/rlcontrol/jay_ws/install/jaybot/lib/jaybot/motor_controller
[21.050s] -- Symlinking: /home/rlcontrol/jay_ws/install/jaybot/lib/jaybot/camera_publisher
[21.053s] -- Symlinking: /home/rlcontrol/jay_ws/install/jaybot/lib/jaybot/microphone_publisher
[21.055s] -- Symlinking: /home/rlcontrol/jay_ws/install/jaybot/lib/jaybot/speaker_controller
[21.057s] -- Symlinking: /home/rlcontrol/jay_ws/install/jaybot/lib/jaybot/rl_server
[21.059s] -- Symlinking: /home/rlcontrol/jay_ws/install/jaybot/lib/jaybot/image_debugger
[21.062s] -- Symlinking: /home/rlcontrol/jay_ws/install/jaybot/include/jaybot/RangeSensor.h
[21.065s] -- Symlinking: /home/rlcontrol/jay_ws/install/jaybot/include/jaybot/motor_controller.h
[21.067s] -- Symlinking: /home/rlcontrol/jay_ws/install/jaybot/share/jaybot/environment/pythonpath.sh
[21.069s] -- Symlinking: /home/rlcontrol/jay_ws/install/jaybot/share/jaybot/environment/pythonpath.dsv
[21.072s] -- Symlinking: /home/rlcontrol/jay_ws/install/jaybot/local/lib/python3.10/dist-packages/jaybot-0.0.0-py3.10.egg-info/PKG-INFO
[21.074s] -- Symlinking: /home/rlcontrol/jay_ws/install/jaybot/local/lib/python3.10/dist-packages/jaybot-0.0.0-py3.10.egg-info/SOURCES.txt
[21.076s] -- Symlinking: /home/rlcontrol/jay_ws/install/jaybot/local/lib/python3.10/dist-packages/jaybot-0.0.0-py3.10.egg-info/dependency_links.txt
[21.079s] -- Symlinking: /home/rlcontrol/jay_ws/install/jaybot/local/lib/python3.10/dist-packages/jaybot-0.0.0-py3.10.egg-info/top_level.txt
[21.081s] -- Symlinking: /home/rlcontrol/jay_ws/install/jaybot/local/lib/python3.10/dist-packages/jaybot/__init__.py
[21.083s] -- Symlinking: /home/rlcontrol/jay_ws/install/jaybot/lib/jaybot/rl_mind.py
[21.086s] -- Symlinking: /home/rlcontrol/jay_ws/install/jaybot/share/ament_index/resource_index/package_run_dependencies/jaybot
[21.090s] -- Symlinking: /home/rlcontrol/jay_ws/install/jaybot/share/ament_index/resource_index/parent_prefix_path/jaybot
[21.092s] -- Symlinking: /home/rlcontrol/jay_ws/install/jaybot/share/jaybot/environment/ament_prefix_path.sh
[21.095s] -- Symlinking: /home/rlcontrol/jay_ws/install/jaybot/share/jaybot/environment/ament_prefix_path.dsv
[21.097s] -- Symlinking: /home/rlcontrol/jay_ws/install/jaybot/share/jaybot/environment/path.sh
[21.099s] -- Symlinking: /home/rlcontrol/jay_ws/install/jaybot/share/jaybot/environment/path.dsv
[21.102s] -- Symlinking: /home/rlcontrol/jay_ws/install/jaybot/share/jaybot/local_setup.bash
[21.104s] -- Symlinking: /home/rlcontrol/jay_ws/install/jaybot/share/jaybot/local_setup.sh
[21.106s] -- Symlinking: /home/rlcontrol/jay_ws/install/jaybot/share/jaybot/local_setup.zsh
[21.108s] -- Symlinking: /home/rlcontrol/jay_ws/install/jaybot/share/jaybot/local_setup.dsv
[21.111s] -- Symlinking: /home/rlcontrol/jay_ws/install/jaybot/share/jaybot/package.dsv
[21.113s] -- Symlinking: /home/rlcontrol/jay_ws/install/jaybot/share/ament_index/resource_index/packages/jaybot
[21.115s] -- Symlinking: /home/rlcontrol/jay_ws/install/jaybot/share/jaybot/cmake/ament_cmake_export_dependencies-extras.cmake
[21.118s] -- Symlinking: /home/rlcontrol/jay_ws/install/jaybot/share/jaybot/cmake/jaybotConfig.cmake
[21.120s] -- Symlinking: /home/rlcontrol/jay_ws/install/jaybot/share/jaybot/cmake/jaybotConfig-version.cmake
[21.122s] -- Symlinking: /home/rlcontrol/jay_ws/install/jaybot/share/jaybot/package.xml
[21.150s] Listing '/home/rlcontrol/jay_ws/install/jaybot/local/lib/python3.10/dist-packages/jaybot'...
[21.150s] Compiling '/home/rlcontrol/jay_ws/install/jaybot/local/lib/python3.10/dist-packages/jaybot/__init__.py'...
[21.160s] Invoked command in '/home/rlcontrol/jay_ws/build/jaybot' returned '0': AMENT_PREFIX_PATH=/home/rlcontrol/jay_ws/install/rl_custom_messages:${AMENT_PREFIX_PATH} CMAKE_PREFIX_PATH=/home/rlcontrol/jay_ws/install/rl_custom_messages:/opt/ros/humble LD_LIBRARY_PATH=/home/rlcontrol/jay_ws/install/rl_custom_messages/lib:${LD_LIBRARY_PATH} PYTHONPATH=/home/rlcontrol/jay_ws/install/rl_custom_messages/local/lib/python3.10/dist-packages:${PYTHONPATH} /home/rlcontrol/.local/bin/cmake --install /home/rlcontrol/jay_ws/build/jaybot
