[  0%] Built target ament_cmake_python_symlink_jaybot
[ 50%] Built target range_publisher
[ 75%] [32mBuilding CXX object CMakeFiles/rl_server.dir/src/rl_server.cpp.o[0m
running egg_info
writing jaybot.egg-info/PKG-INFO
writing dependency_links to jaybot.egg-info/dependency_links.txt
writing top-level names to jaybot.egg-info/top_level.txt
reading manifest file 'jaybot.egg-info/SOURCES.txt'
writing manifest file 'jaybot.egg-info/SOURCES.txt'
[ 75%] Built target ament_cmake_python_build_jaybot_egg
[01m[K/home/rlcontrol/jay_ws/jaybot/src/rl_server.cpp:[m[K In member function ‘[01m[Kvoid RangeSubscriber::service_callback(std::shared_ptr<rl_custom_messages::srv::ObservationService_Request_<std::allocator<void> > >, std::shared_ptr<rl_custom_messages::srv::ObservationService_Response_<std::allocator<void> > >)[m[K’:
[01m[K/home/rlcontrol/jay_ws/jaybot/src/rl_server.cpp:37:15:[m[K [01;31m[Kerror: [m[K‘[01m[Kusing element_type = struct rl_custom_messages::srv::ObservationService_Response_<std::allocator<void> >[m[K’ {aka ‘[01m[Kstruct rl_custom_messages::srv::ObservationService_Response_<std::allocator<void> >[m[K’} has no member named ‘[01m[Krange_left[m[K’
   37 |     response->[01;31m[Krange_left[m[K = last_range_data_.range_left;
      |               [01;31m[K^~~~~~~~~~[m[K
[01m[K/home/rlcontrol/jay_ws/jaybot/src/rl_server.cpp:38:15:[m[K [01;31m[Kerror: [m[K‘[01m[Kusing element_type = struct rl_custom_messages::srv::ObservationService_Response_<std::allocator<void> >[m[K’ {aka ‘[01m[Kstruct rl_custom_messages::srv::ObservationService_Response_<std::allocator<void> >[m[K’} has no member named ‘[01m[Krange_front[m[K’
   38 |     response->[01;31m[Krange_front[m[K = last_range_data_.range_front;
      |               [01;31m[K^~~~~~~~~~~[m[K
[01m[K/home/rlcontrol/jay_ws/jaybot/src/rl_server.cpp:39:15:[m[K [01;31m[Kerror: [m[K‘[01m[Kusing element_type = struct rl_custom_messages::srv::ObservationService_Response_<std::allocator<void> >[m[K’ {aka ‘[01m[Kstruct rl_custom_messages::srv::ObservationService_Response_<std::allocator<void> >[m[K’} has no member named ‘[01m[Krange_right[m[K’
   39 |     response->[01;31m[Krange_right[m[K = last_range_data_.range_right;
      |               [01;31m[K^~~~~~~~~~~[m[K
[01m[K/home/rlcontrol/jay_ws/jaybot/src/rl_server.cpp:40:15:[m[K [01;31m[Kerror: [m[K‘[01m[Kusing element_type = struct rl_custom_messages::srv::ObservationService_Response_<std::allocator<void> >[m[K’ {aka ‘[01m[Kstruct rl_custom_messages::srv::ObservationService_Response_<std::allocator<void> >[m[K’} has no member named ‘[01m[Krange_back[m[K’; did you mean ‘[01m[Krange_data[m[K’?
   40 |     response->[01;31m[Krange_back[m[K = last_range_data_.range_back;
      |               [01;31m[K^~~~~~~~~~[m[K
      |               [32m[Krange_data[m[K
gmake[2]: *** [CMakeFiles/rl_server.dir/build.make:76: CMakeFiles/rl_server.dir/src/rl_server.cpp.o] Error 1
gmake[1]: *** [CMakeFiles/Makefile2:168: CMakeFiles/rl_server.dir/all] Error 2
gmake: *** [Makefile:146: all] Error 2
