[0.013s] Invoking command in '/home/rlagent/jay_ws/build/rl_custom_messages': CMAKE_PREFIX_PATH=${CMAKE_PREFIX_PATH}:/opt/ros/humble /usr/bin/cmake --build /home/rlagent/jay_ws/build/rl_custom_messages -- -j2 -l2
[0.050s] [35m[1mConsolidate compiler generated dependencies of target rl_custom_messages__rosidl_generator_c[0m
[0.060s] [  3%] Built target rl_custom_messages__cpp
[0.062s] [ 12%] Built target rl_custom_messages__rosidl_generator_c
[0.071s] [35m[1mConsolidate compiler generated dependencies of target rl_custom_messages__rosidl_typesupport_cpp[0m
[0.081s] [ 22%] Built target rl_custom_messages__rosidl_typesupport_cpp
[0.086s] [ 22%] Built target ament_cmake_python_copy_rl_custom_messages
[0.089s] [35m[1mConsolidate compiler generated dependencies of target rl_custom_messages__rosidl_typesupport_fastrtps_c[0m
[0.094s] [35m[1mConsolidate compiler generated dependencies of target rl_custom_messages__rosidl_typesupport_introspection_c[0m
[0.099s] [ 32%] Built target rl_custom_messages__rosidl_typesupport_fastrtps_c
[0.104s] [ 41%] Built target rl_custom_messages__rosidl_typesupport_introspection_c
[0.107s] [35m[1mConsolidate compiler generated dependencies of target rl_custom_messages__rosidl_typesupport_c[0m
[0.113s] [35m[1mConsolidate compiler generated dependencies of target rl_custom_messages__rosidl_typesupport_fastrtps_cpp[0m
[0.119s] [ 51%] Built target rl_custom_messages__rosidl_typesupport_c
[0.125s] [ 61%] Built target rl_custom_messages__rosidl_typesupport_fastrtps_cpp
[0.128s] [35m[1mConsolidate compiler generated dependencies of target rl_custom_messages__rosidl_typesupport_introspection_cpp[0m
[0.143s] [ 70%] Built target rl_custom_messages__rosidl_typesupport_introspection_cpp
[0.163s] [ 70%] Built target rl_custom_messages
[0.182s] [ 74%] Built target rl_custom_messages__py
[0.190s] [35m[1mConsolidate compiler generated dependencies of target rl_custom_messages__rosidl_generator_py[0m
[0.202s] [ 80%] Built target rl_custom_messages__rosidl_generator_py
[0.213s] [35m[1mConsolidate compiler generated dependencies of target rl_custom_messages__rosidl_typesupport_fastrtps_c__pyext[0m
[0.225s] [ 87%] Built target rl_custom_messages__rosidl_typesupport_fastrtps_c__pyext
[0.235s] [35m[1mConsolidate compiler generated dependencies of target rl_custom_messages__rosidl_typesupport_introspection_c__pyext[0m
[0.248s] [ 93%] Built target rl_custom_messages__rosidl_typesupport_introspection_c__pyext
[0.257s] [35m[1mConsolidate compiler generated dependencies of target rl_custom_messages__rosidl_typesupport_c__pyext[0m
[0.267s] [100%] Built target rl_custom_messages__rosidl_typesupport_c__pyext
[0.336s] running egg_info
[0.337s] writing rl_custom_messages.egg-info/PKG-INFO
[0.337s] writing dependency_links to rl_custom_messages.egg-info/dependency_links.txt
[0.337s] writing top-level names to rl_custom_messages.egg-info/top_level.txt
[0.339s] reading manifest file 'rl_custom_messages.egg-info/SOURCES.txt'
[0.340s] writing manifest file 'rl_custom_messages.egg-info/SOURCES.txt'
[0.362s] [100%] Built target ament_cmake_python_build_rl_custom_messages_egg
[0.372s] Invoked command in '/home/rlagent/jay_ws/build/rl_custom_messages' returned '0': CMAKE_PREFIX_PATH=${CMAKE_PREFIX_PATH}:/opt/ros/humble /usr/bin/cmake --build /home/rlagent/jay_ws/build/rl_custom_messages -- -j2 -l2
[0.450s] Invoking command in '/home/rlagent/jay_ws/build/rl_custom_messages': CMAKE_PREFIX_PATH=${CMAKE_PREFIX_PATH}:/opt/ros/humble /usr/bin/cmake --install /home/rlagent/jay_ws/build/rl_custom_messages
[0.457s] -- Install configuration: ""
[0.458s] -- Up-to-date: /home/rlagent/jay_ws/install/rl_custom_messages/share/ament_index/resource_index/rosidl_interfaces/rl_custom_messages
[0.458s] -- Up-to-date: /home/rlagent/jay_ws/install/rl_custom_messages/include/rl_custom_messages/rl_custom_messages
[0.458s] -- Up-to-date: /home/rlagent/jay_ws/install/rl_custom_messages/include/rl_custom_messages/rl_custom_messages/msg
[0.458s] -- Up-to-date: /home/rlagent/jay_ws/install/rl_custom_messages/include/rl_custom_messages/rl_custom_messages/msg/range_array.h
[0.458s] -- Up-to-date: /home/rlagent/jay_ws/install/rl_custom_messages/include/rl_custom_messages/rl_custom_messages/msg/detail
[0.458s] -- Up-to-date: /home/rlagent/jay_ws/install/rl_custom_messages/include/rl_custom_messages/rl_custom_messages/msg/detail/range_array__functions.h
[0.459s] -- Up-to-date: /home/rlagent/jay_ws/install/rl_custom_messages/include/rl_custom_messages/rl_custom_messages/msg/detail/range_array__type_support.h
[0.459s] -- Up-to-date: /home/rlagent/jay_ws/install/rl_custom_messages/include/rl_custom_messages/rl_custom_messages/msg/detail/range_array__struct.h
[0.459s] -- Up-to-date: /home/rlagent/jay_ws/install/rl_custom_messages/include/rl_custom_messages/rl_custom_messages/msg/detail/range_array__functions.c
[0.459s] -- Up-to-date: /home/rlagent/jay_ws/install/rl_custom_messages/include/rl_custom_messages/rl_custom_messages/msg/rosidl_generator_c__visibility_control.h
[0.459s] -- Up-to-date: /home/rlagent/jay_ws/install/rl_custom_messages/share/rl_custom_messages/environment/library_path.sh
[0.460s] -- Up-to-date: /home/rlagent/jay_ws/install/rl_custom_messages/share/rl_custom_messages/environment/library_path.dsv
[0.460s] -- Up-to-date: /home/rlagent/jay_ws/install/rl_custom_messages/lib/librl_custom_messages__rosidl_generator_c.so
[0.460s] -- Up-to-date: /home/rlagent/jay_ws/install/rl_custom_messages/include/rl_custom_messages/rl_custom_messages
[0.460s] -- Up-to-date: /home/rlagent/jay_ws/install/rl_custom_messages/include/rl_custom_messages/rl_custom_messages/msg
[0.460s] -- Up-to-date: /home/rlagent/jay_ws/install/rl_custom_messages/include/rl_custom_messages/rl_custom_messages/msg/rosidl_typesupport_fastrtps_c__visibility_control.h
[0.460s] -- Up-to-date: /home/rlagent/jay_ws/install/rl_custom_messages/include/rl_custom_messages/rl_custom_messages/msg/detail
[0.461s] -- Up-to-date: /home/rlagent/jay_ws/install/rl_custom_messages/include/rl_custom_messages/rl_custom_messages/msg/detail/range_array__rosidl_typesupport_fastrtps_c.h
[0.461s] -- Up-to-date: /home/rlagent/jay_ws/install/rl_custom_messages/lib/librl_custom_messages__rosidl_typesupport_fastrtps_c.so
[0.461s] -- Up-to-date: /home/rlagent/jay_ws/install/rl_custom_messages/include/rl_custom_messages/rl_custom_messages
[0.461s] -- Up-to-date: /home/rlagent/jay_ws/install/rl_custom_messages/include/rl_custom_messages/rl_custom_messages/msg
[0.462s] -- Up-to-date: /home/rlagent/jay_ws/install/rl_custom_messages/include/rl_custom_messages/rl_custom_messages/msg/rosidl_typesupport_introspection_c__visibility_control.h
[0.462s] -- Up-to-date: /home/rlagent/jay_ws/install/rl_custom_messages/include/rl_custom_messages/rl_custom_messages/msg/detail
[0.462s] -- Up-to-date: /home/rlagent/jay_ws/install/rl_custom_messages/include/rl_custom_messages/rl_custom_messages/msg/detail/range_array__rosidl_typesupport_introspection_c.h
[0.462s] -- Up-to-date: /home/rlagent/jay_ws/install/rl_custom_messages/include/rl_custom_messages/rl_custom_messages/msg/detail/range_array__type_support.c
[0.462s] -- Up-to-date: /home/rlagent/jay_ws/install/rl_custom_messages/lib/librl_custom_messages__rosidl_typesupport_introspection_c.so
[0.463s] -- Up-to-date: /home/rlagent/jay_ws/install/rl_custom_messages/lib/librl_custom_messages__rosidl_typesupport_c.so
[0.463s] -- Up-to-date: /home/rlagent/jay_ws/install/rl_custom_messages/include/rl_custom_messages/rl_custom_messages
[0.463s] -- Up-to-date: /home/rlagent/jay_ws/install/rl_custom_messages/include/rl_custom_messages/rl_custom_messages/msg
[0.463s] -- Up-to-date: /home/rlagent/jay_ws/install/rl_custom_messages/include/rl_custom_messages/rl_custom_messages/msg/range_array.hpp
[0.463s] -- Up-to-date: /home/rlagent/jay_ws/install/rl_custom_messages/include/rl_custom_messages/rl_custom_messages/msg/detail
[0.463s] -- Up-to-date: /home/rlagent/jay_ws/install/rl_custom_messages/include/rl_custom_messages/rl_custom_messages/msg/detail/range_array__struct.hpp
[0.464s] -- Up-to-date: /home/rlagent/jay_ws/install/rl_custom_messages/include/rl_custom_messages/rl_custom_messages/msg/detail/range_array__builder.hpp
[0.464s] -- Up-to-date: /home/rlagent/jay_ws/install/rl_custom_messages/include/rl_custom_messages/rl_custom_messages/msg/detail/range_array__traits.hpp
[0.464s] -- Up-to-date: /home/rlagent/jay_ws/install/rl_custom_messages/include/rl_custom_messages/rl_custom_messages
[0.464s] -- Up-to-date: /home/rlagent/jay_ws/install/rl_custom_messages/include/rl_custom_messages/rl_custom_messages/msg
[0.464s] -- Up-to-date: /home/rlagent/jay_ws/install/rl_custom_messages/include/rl_custom_messages/rl_custom_messages/msg/rosidl_typesupport_fastrtps_cpp__visibility_control.h
[0.464s] -- Up-to-date: /home/rlagent/jay_ws/install/rl_custom_messages/include/rl_custom_messages/rl_custom_messages/msg/detail
[0.464s] -- Up-to-date: /home/rlagent/jay_ws/install/rl_custom_messages/include/rl_custom_messages/rl_custom_messages/msg/detail/dds_fastrtps
[0.465s] -- Up-to-date: /home/rlagent/jay_ws/install/rl_custom_messages/include/rl_custom_messages/rl_custom_messages/msg/detail/range_array__rosidl_typesupport_fastrtps_cpp.hpp
[0.465s] -- Up-to-date: /home/rlagent/jay_ws/install/rl_custom_messages/lib/librl_custom_messages__rosidl_typesupport_fastrtps_cpp.so
[0.465s] -- Up-to-date: /home/rlagent/jay_ws/install/rl_custom_messages/include/rl_custom_messages/rl_custom_messages
[0.466s] -- Up-to-date: /home/rlagent/jay_ws/install/rl_custom_messages/include/rl_custom_messages/rl_custom_messages/msg
[0.466s] -- Up-to-date: /home/rlagent/jay_ws/install/rl_custom_messages/include/rl_custom_messages/rl_custom_messages/msg/detail
[0.466s] -- Up-to-date: /home/rlagent/jay_ws/install/rl_custom_messages/include/rl_custom_messages/rl_custom_messages/msg/detail/range_array__type_support.cpp
[0.466s] -- Up-to-date: /home/rlagent/jay_ws/install/rl_custom_messages/include/rl_custom_messages/rl_custom_messages/msg/detail/range_array__rosidl_typesupport_introspection_cpp.hpp
[0.466s] -- Up-to-date: /home/rlagent/jay_ws/install/rl_custom_messages/lib/librl_custom_messages__rosidl_typesupport_introspection_cpp.so
[0.466s] -- Up-to-date: /home/rlagent/jay_ws/install/rl_custom_messages/lib/librl_custom_messages__rosidl_typesupport_cpp.so
[0.466s] -- Up-to-date: /home/rlagent/jay_ws/install/rl_custom_messages/share/rl_custom_messages/environment/pythonpath.sh
[0.466s] -- Up-to-date: /home/rlagent/jay_ws/install/rl_custom_messages/share/rl_custom_messages/environment/pythonpath.dsv
[0.466s] -- Up-to-date: /home/rlagent/jay_ws/install/rl_custom_messages/local/lib/python3.10/dist-packages/rl_custom_messages-0.0.0-py3.10.egg-info
[0.467s] -- Installing: /home/rlagent/jay_ws/install/rl_custom_messages/local/lib/python3.10/dist-packages/rl_custom_messages-0.0.0-py3.10.egg-info/dependency_links.txt
[0.467s] -- Installing: /home/rlagent/jay_ws/install/rl_custom_messages/local/lib/python3.10/dist-packages/rl_custom_messages-0.0.0-py3.10.egg-info/SOURCES.txt
[0.467s] -- Installing: /home/rlagent/jay_ws/install/rl_custom_messages/local/lib/python3.10/dist-packages/rl_custom_messages-0.0.0-py3.10.egg-info/PKG-INFO
[0.467s] -- Installing: /home/rlagent/jay_ws/install/rl_custom_messages/local/lib/python3.10/dist-packages/rl_custom_messages-0.0.0-py3.10.egg-info/top_level.txt
[0.467s] -- Up-to-date: /home/rlagent/jay_ws/install/rl_custom_messages/local/lib/python3.10/dist-packages/rl_custom_messages
[0.467s] -- Up-to-date: /home/rlagent/jay_ws/install/rl_custom_messages/local/lib/python3.10/dist-packages/rl_custom_messages/rl_custom_messages_s__rosidl_typesupport_fastrtps_c.cpython-310-x86_64-linux-gnu.so
[0.467s] -- Up-to-date: /home/rlagent/jay_ws/install/rl_custom_messages/local/lib/python3.10/dist-packages/rl_custom_messages/_rl_custom_messages_s.ep.rosidl_typesupport_c.c
[0.467s] -- Up-to-date: /home/rlagent/jay_ws/install/rl_custom_messages/local/lib/python3.10/dist-packages/rl_custom_messages/_rl_custom_messages_s.ep.rosidl_typesupport_fastrtps_c.c
[0.467s] -- Up-to-date: /home/rlagent/jay_ws/install/rl_custom_messages/local/lib/python3.10/dist-packages/rl_custom_messages/rl_custom_messages_s__rosidl_typesupport_introspection_c.cpython-310-x86_64-linux-gnu.so
[0.467s] -- Up-to-date: /home/rlagent/jay_ws/install/rl_custom_messages/local/lib/python3.10/dist-packages/rl_custom_messages/librl_custom_messages__rosidl_generator_py.so
[0.467s] -- Up-to-date: /home/rlagent/jay_ws/install/rl_custom_messages/local/lib/python3.10/dist-packages/rl_custom_messages/msg
[0.467s] -- Up-to-date: /home/rlagent/jay_ws/install/rl_custom_messages/local/lib/python3.10/dist-packages/rl_custom_messages/msg/_range_array.py
[0.468s] -- Up-to-date: /home/rlagent/jay_ws/install/rl_custom_messages/local/lib/python3.10/dist-packages/rl_custom_messages/msg/_range_array_s.c
[0.468s] -- Up-to-date: /home/rlagent/jay_ws/install/rl_custom_messages/local/lib/python3.10/dist-packages/rl_custom_messages/msg/__init__.py
[0.468s] -- Up-to-date: /home/rlagent/jay_ws/install/rl_custom_messages/local/lib/python3.10/dist-packages/rl_custom_messages/rl_custom_messages_s__rosidl_typesupport_c.cpython-310-x86_64-linux-gnu.so
[0.468s] -- Up-to-date: /home/rlagent/jay_ws/install/rl_custom_messages/local/lib/python3.10/dist-packages/rl_custom_messages/__init__.py
[0.468s] -- Up-to-date: /home/rlagent/jay_ws/install/rl_custom_messages/local/lib/python3.10/dist-packages/rl_custom_messages/_rl_custom_messages_s.ep.rosidl_typesupport_introspection_c.c
[0.490s] Listing '/home/rlagent/jay_ws/install/rl_custom_messages/local/lib/python3.10/dist-packages/rl_custom_messages'...
[0.490s] Listing '/home/rlagent/jay_ws/install/rl_custom_messages/local/lib/python3.10/dist-packages/rl_custom_messages/msg'...
[0.493s] -- Up-to-date: /home/rlagent/jay_ws/install/rl_custom_messages/local/lib/python3.10/dist-packages/rl_custom_messages/rl_custom_messages_s__rosidl_typesupport_fastrtps_c.cpython-310-x86_64-linux-gnu.so
[0.493s] -- Up-to-date: /home/rlagent/jay_ws/install/rl_custom_messages/local/lib/python3.10/dist-packages/rl_custom_messages/rl_custom_messages_s__rosidl_typesupport_introspection_c.cpython-310-x86_64-linux-gnu.so
[0.493s] -- Up-to-date: /home/rlagent/jay_ws/install/rl_custom_messages/local/lib/python3.10/dist-packages/rl_custom_messages/rl_custom_messages_s__rosidl_typesupport_c.cpython-310-x86_64-linux-gnu.so
[0.493s] -- Up-to-date: /home/rlagent/jay_ws/install/rl_custom_messages/lib/librl_custom_messages__rosidl_generator_py.so
[0.493s] -- Up-to-date: /home/rlagent/jay_ws/install/rl_custom_messages/share/rl_custom_messages/msg/RangeArray.idl
[0.494s] -- Up-to-date: /home/rlagent/jay_ws/install/rl_custom_messages/share/rl_custom_messages/msg/RangeArray.msg
[0.494s] -- Up-to-date: /home/rlagent/jay_ws/install/rl_custom_messages/share/ament_index/resource_index/package_run_dependencies/rl_custom_messages
[0.494s] -- Up-to-date: /home/rlagent/jay_ws/install/rl_custom_messages/share/ament_index/resource_index/parent_prefix_path/rl_custom_messages
[0.494s] -- Up-to-date: /home/rlagent/jay_ws/install/rl_custom_messages/share/rl_custom_messages/environment/ament_prefix_path.sh
[0.494s] -- Up-to-date: /home/rlagent/jay_ws/install/rl_custom_messages/share/rl_custom_messages/environment/ament_prefix_path.dsv
[0.494s] -- Up-to-date: /home/rlagent/jay_ws/install/rl_custom_messages/share/rl_custom_messages/environment/path.sh
[0.495s] -- Up-to-date: /home/rlagent/jay_ws/install/rl_custom_messages/share/rl_custom_messages/environment/path.dsv
[0.495s] -- Up-to-date: /home/rlagent/jay_ws/install/rl_custom_messages/share/rl_custom_messages/local_setup.bash
[0.495s] -- Up-to-date: /home/rlagent/jay_ws/install/rl_custom_messages/share/rl_custom_messages/local_setup.sh
[0.495s] -- Up-to-date: /home/rlagent/jay_ws/install/rl_custom_messages/share/rl_custom_messages/local_setup.zsh
[0.495s] -- Up-to-date: /home/rlagent/jay_ws/install/rl_custom_messages/share/rl_custom_messages/local_setup.dsv
[0.495s] -- Installing: /home/rlagent/jay_ws/install/rl_custom_messages/share/rl_custom_messages/package.dsv
[0.496s] -- Up-to-date: /home/rlagent/jay_ws/install/rl_custom_messages/share/ament_index/resource_index/packages/rl_custom_messages
[0.496s] -- Up-to-date: /home/rlagent/jay_ws/install/rl_custom_messages/share/rl_custom_messages/cmake/export_rl_custom_messages__rosidl_generator_cExport.cmake
[0.496s] -- Up-to-date: /home/rlagent/jay_ws/install/rl_custom_messages/share/rl_custom_messages/cmake/export_rl_custom_messages__rosidl_generator_cExport-noconfig.cmake
[0.496s] -- Up-to-date: /home/rlagent/jay_ws/install/rl_custom_messages/share/rl_custom_messages/cmake/export_rl_custom_messages__rosidl_typesupport_fastrtps_cExport.cmake
[0.496s] -- Up-to-date: /home/rlagent/jay_ws/install/rl_custom_messages/share/rl_custom_messages/cmake/export_rl_custom_messages__rosidl_typesupport_fastrtps_cExport-noconfig.cmake
[0.496s] -- Up-to-date: /home/rlagent/jay_ws/install/rl_custom_messages/share/rl_custom_messages/cmake/rl_custom_messages__rosidl_typesupport_introspection_cExport.cmake
[0.496s] -- Up-to-date: /home/rlagent/jay_ws/install/rl_custom_messages/share/rl_custom_messages/cmake/rl_custom_messages__rosidl_typesupport_introspection_cExport-noconfig.cmake
[0.496s] -- Up-to-date: /home/rlagent/jay_ws/install/rl_custom_messages/share/rl_custom_messages/cmake/rl_custom_messages__rosidl_typesupport_cExport.cmake
[0.496s] -- Up-to-date: /home/rlagent/jay_ws/install/rl_custom_messages/share/rl_custom_messages/cmake/rl_custom_messages__rosidl_typesupport_cExport-noconfig.cmake
[0.496s] -- Up-to-date: /home/rlagent/jay_ws/install/rl_custom_messages/share/rl_custom_messages/cmake/export_rl_custom_messages__rosidl_generator_cppExport.cmake
[0.496s] -- Up-to-date: /home/rlagent/jay_ws/install/rl_custom_messages/share/rl_custom_messages/cmake/export_rl_custom_messages__rosidl_typesupport_fastrtps_cppExport.cmake
[0.496s] -- Up-to-date: /home/rlagent/jay_ws/install/rl_custom_messages/share/rl_custom_messages/cmake/export_rl_custom_messages__rosidl_typesupport_fastrtps_cppExport-noconfig.cmake
[0.497s] -- Up-to-date: /home/rlagent/jay_ws/install/rl_custom_messages/share/rl_custom_messages/cmake/rl_custom_messages__rosidl_typesupport_introspection_cppExport.cmake
[0.497s] -- Up-to-date: /home/rlagent/jay_ws/install/rl_custom_messages/share/rl_custom_messages/cmake/rl_custom_messages__rosidl_typesupport_introspection_cppExport-noconfig.cmake
[0.497s] -- Up-to-date: /home/rlagent/jay_ws/install/rl_custom_messages/share/rl_custom_messages/cmake/rl_custom_messages__rosidl_typesupport_cppExport.cmake
[0.497s] -- Up-to-date: /home/rlagent/jay_ws/install/rl_custom_messages/share/rl_custom_messages/cmake/rl_custom_messages__rosidl_typesupport_cppExport-noconfig.cmake
[0.497s] -- Up-to-date: /home/rlagent/jay_ws/install/rl_custom_messages/share/rl_custom_messages/cmake/export_rl_custom_messages__rosidl_generator_pyExport.cmake
[0.497s] -- Up-to-date: /home/rlagent/jay_ws/install/rl_custom_messages/share/rl_custom_messages/cmake/export_rl_custom_messages__rosidl_generator_pyExport-noconfig.cmake
[0.497s] -- Up-to-date: /home/rlagent/jay_ws/install/rl_custom_messages/share/rl_custom_messages/cmake/rosidl_cmake-extras.cmake
[0.498s] -- Up-to-date: /home/rlagent/jay_ws/install/rl_custom_messages/share/rl_custom_messages/cmake/ament_cmake_export_include_directories-extras.cmake
[0.498s] -- Up-to-date: /home/rlagent/jay_ws/install/rl_custom_messages/share/rl_custom_messages/cmake/ament_cmake_export_libraries-extras.cmake
[0.498s] -- Up-to-date: /home/rlagent/jay_ws/install/rl_custom_messages/share/rl_custom_messages/cmake/ament_cmake_export_targets-extras.cmake
[0.499s] -- Up-to-date: /home/rlagent/jay_ws/install/rl_custom_messages/share/rl_custom_messages/cmake/rosidl_cmake_export_typesupport_targets-extras.cmake
[0.499s] -- Up-to-date: /home/rlagent/jay_ws/install/rl_custom_messages/share/rl_custom_messages/cmake/ament_cmake_export_dependencies-extras.cmake
[0.499s] -- Up-to-date: /home/rlagent/jay_ws/install/rl_custom_messages/share/rl_custom_messages/cmake/rosidl_cmake_export_typesupport_libraries-extras.cmake
[0.499s] -- Up-to-date: /home/rlagent/jay_ws/install/rl_custom_messages/share/rl_custom_messages/cmake/rl_custom_messagesConfig.cmake
[0.499s] -- Up-to-date: /home/rlagent/jay_ws/install/rl_custom_messages/share/rl_custom_messages/cmake/rl_custom_messagesConfig-version.cmake
[0.500s] -- Up-to-date: /home/rlagent/jay_ws/install/rl_custom_messages/share/rl_custom_messages/package.xml
[0.500s] Invoked command in '/home/rlagent/jay_ws/build/rl_custom_messages' returned '0': CMAKE_PREFIX_PATH=${CMAKE_PREFIX_PATH}:/opt/ros/humble /usr/bin/cmake --install /home/rlagent/jay_ws/build/rl_custom_messages
