[0.017s] Invoking command in '/home/rlcontrol/jay_ws/build/jaybot': CMAKE_PREFIX_PATH=/home/rlcontrol/jay_ws/install/rl_custom_messages:/home/rlcontrol/jay_ws/install/jaybot:/opt/ros/humble /home/rlcontrol/.local/bin/cmake --build /home/rlcontrol/jay_ws/build/jaybot -- -j6 -l6
[0.109s] [ 14%] Built target range_publisher
[0.109s] [ 28%] Built target motor_controller
[0.111s] [ 42%] Built target speaker_controller
[0.114s] [ 50%] [32mBuilding CXX object CMakeFiles/camera_publisher.dir/src/camera_publisher.cpp.o[0m
[0.114s] [ 64%] Built target microphone_publisher
[0.117s] [ 78%] Built target rl_server
[0.137s] [ 78%] Built target ament_cmake_python_symlink_jaybot
[0.142s] [ 92%] Built target image_debugger
[0.482s] running egg_info
[0.483s] writing jaybot.egg-info/PKG-INFO
[0.483s] writing dependency_links to jaybot.egg-info/dependency_links.txt
[0.484s] writing top-level names to jaybot.egg-info/top_level.txt
[0.486s] reading manifest file 'jaybot.egg-info/SOURCES.txt'
[0.487s] writing manifest file 'jaybot.egg-info/SOURCES.txt'
[0.507s] [ 92%] Built target ament_cmake_python_build_jaybot_egg
[0.791s] [01m[K/home/rlcontrol/jay_ws/jaybot/src/camera_publisher.cpp:6:10:[m[K [01;31m[Kfatal error: [m[Krl_custom_messages/srv/ImageService.hpp: No such file or directory
[0.791s]     6 | #include [01;31m[K"rl_custom_messages/srv/ImageService.hpp"[m[K
[0.792s]       |          [01;31m[K^~~~~~~~~~~~~~~~~~~~~~~~~~~~~~~~~~~~~~~~~[m[K
[0.792s] compilation terminated.
[0.795s] gmake[2]: *** [CMakeFiles/camera_publisher.dir/build.make:76: CMakeFiles/camera_publisher.dir/src/camera_publisher.cpp.o] Error 1
[0.795s] gmake[1]: *** [CMakeFiles/Makefile2:204: CMakeFiles/camera_publisher.dir/all] Error 2
[0.795s] gmake: *** [Makefile:146: all] Error 2
[0.801s] Invoked command in '/home/rlcontrol/jay_ws/build/jaybot' returned '2': CMAKE_PREFIX_PATH=/home/rlcontrol/jay_ws/install/rl_custom_messages:/home/rlcontrol/jay_ws/install/jaybot:/opt/ros/humble /home/rlcontrol/.local/bin/cmake --build /home/rlcontrol/jay_ws/build/jaybot -- -j6 -l6
