[0.011s] Invoking command in '/home/rlcontrol/jay_ws/build/jaybot': CMAKE_PREFIX_PATH=/home/rlcontrol/jay_ws/install/rl_custom_messages:/home/rlcontrol/jay_ws/install/jaybot:/opt/ros/humble /home/rlcontrol/.local/bin/cmake --build /home/rlcontrol/jay_ws/build/jaybot -- -j6 -l6
[0.055s] [ 50%] Built target range_publisher
[0.056s] [100%] Built target rl_server
[0.062s] Invoked command in '/home/rlcontrol/jay_ws/build/jaybot' returned '0': CMAKE_PREFIX_PATH=/home/rlcontrol/jay_ws/install/rl_custom_messages:/home/rlcontrol/jay_ws/install/jaybot:/opt/ros/humble /home/rlcontrol/.local/bin/cmake --build /home/rlcontrol/jay_ws/build/jaybot -- -j6 -l6
[0.114s] Invoking command in '/home/rlcontrol/jay_ws/build/jaybot': CMAKE_PREFIX_PATH=/home/rlcontrol/jay_ws/install/rl_custom_messages:/home/rlcontrol/jay_ws/install/jaybot:/opt/ros/humble /home/rlcontrol/.local/bin/cmake --install /home/rlcontrol/jay_ws/build/jaybot
[0.138s] -- Install configuration: ""
[0.138s] -- Up-to-date: /home/rlcontrol/jay_ws/install/jaybot/lib/jaybot/range_publisher
[0.138s] -- Up-to-date: /home/rlcontrol/jay_ws/install/jaybot/lib/jaybot/rl_server
[0.138s] -- Installing: /home/rlcontrol/jay_ws/install/jaybot/lib/jaybot/rl_mind.py
[0.138s] -- Up-to-date: /home/rlcontrol/jay_ws/install/jaybot/include
[0.138s] -- Up-to-date: /home/rlcontrol/jay_ws/install/jaybot/include/jaybot
[0.138s] -- Up-to-date: /home/rlcontrol/jay_ws/install/jaybot/include/jaybot/RangeSensor.h
[0.139s] -- Up-to-date: /home/rlcontrol/jay_ws/install/jaybot/share/jaybot/jaybot
[0.139s] -- Up-to-date: /home/rlcontrol/jay_ws/install/jaybot/share/jaybot/jaybot/scripts
[0.139s] -- Up-to-date: /home/rlcontrol/jay_ws/install/jaybot/share/jaybot/jaybot/scripts/saves
[0.139s] -- Up-to-date: /home/rlcontrol/jay_ws/install/jaybot/share/jaybot/jaybot/scripts/saves/a2c-JayNetv1.0
[0.139s] -- Installing: /home/rlcontrol/jay_ws/install/jaybot/share/jaybot/jaybot/scripts/rl_mind.py
[0.139s] -- Up-to-date: /home/rlcontrol/jay_ws/install/jaybot/share/jaybot/jaybot/scripts/__init___.py
[0.139s] -- Up-to-date: /home/rlcontrol/jay_ws/install/jaybot/share/jaybot/jaybot/scripts/runs
[0.139s] -- Up-to-date: /home/rlcontrol/jay_ws/install/jaybot/share/jaybot/jaybot/scripts/runs/Jun17_07-12-01_rlcontrolJayNetv1.0
[0.139s] -- Up-to-date: /home/rlcontrol/jay_ws/install/jaybot/share/jaybot/jaybot/scripts/runs/Jun17_07-21-43_rlcontrolJayNetv1.0
[0.139s] -- Up-to-date: /home/rlcontrol/jay_ws/install/jaybot/share/jaybot/jaybot/scripts/runs/Jun17_06-47-55_rlcontrolJayNetv1.0
[0.140s] -- Up-to-date: /home/rlcontrol/jay_ws/install/jaybot/share/jaybot/jaybot/scripts/runs/Jun17_07-37-16_rlcontrolJayNetv1.0
[0.140s] -- Up-to-date: /home/rlcontrol/jay_ws/install/jaybot/share/jaybot/jaybot/scripts/runs/Jun17_06-46-33_rlcontrolJayNetv1.0
[0.140s] -- Up-to-date: /home/rlcontrol/jay_ws/install/jaybot/share/jaybot/jaybot/scripts/runs/Jun17_07-51-20_rlcontrolJayNetv1.0
[0.140s] -- Up-to-date: /home/rlcontrol/jay_ws/install/jaybot/share/jaybot/jaybot/scripts/runs/Jun17_07-53-46_rlcontrolJayNetv1.0
[0.140s] -- Up-to-date: /home/rlcontrol/jay_ws/install/jaybot/share/jaybot/jaybot/scripts/runs/Jun17_07-23-30_rlcontrolJayNetv1.0
[0.140s] -- Up-to-date: /home/rlcontrol/jay_ws/install/jaybot/share/jaybot/jaybot/scripts/runs/Jun17_06-45-01_rlcontrolJayNetv1.0
[0.140s] -- Up-to-date: /home/rlcontrol/jay_ws/install/jaybot/share/jaybot/jaybot/include
[0.140s] -- Up-to-date: /home/rlcontrol/jay_ws/install/jaybot/share/jaybot/jaybot/include/jaybot
[0.140s] -- Up-to-date: /home/rlcontrol/jay_ws/install/jaybot/share/jaybot/jaybot/src
[0.140s] -- Up-to-date: /home/rlcontrol/jay_ws/install/jaybot/share/ament_index/resource_index/package_run_dependencies/jaybot
[0.140s] -- Up-to-date: /home/rlcontrol/jay_ws/install/jaybot/share/ament_index/resource_index/parent_prefix_path/jaybot
[0.140s] -- Up-to-date: /home/rlcontrol/jay_ws/install/jaybot/share/jaybot/environment/ament_prefix_path.sh
[0.140s] -- Up-to-date: /home/rlcontrol/jay_ws/install/jaybot/share/jaybot/environment/ament_prefix_path.dsv
[0.140s] -- Up-to-date: /home/rlcontrol/jay_ws/install/jaybot/share/jaybot/environment/path.sh
[0.140s] -- Up-to-date: /home/rlcontrol/jay_ws/install/jaybot/share/jaybot/environment/path.dsv
[0.140s] -- Up-to-date: /home/rlcontrol/jay_ws/install/jaybot/share/jaybot/local_setup.bash
[0.140s] -- Up-to-date: /home/rlcontrol/jay_ws/install/jaybot/share/jaybot/local_setup.sh
[0.140s] -- Up-to-date: /home/rlcontrol/jay_ws/install/jaybot/share/jaybot/local_setup.zsh
[0.140s] -- Up-to-date: /home/rlcontrol/jay_ws/install/jaybot/share/jaybot/local_setup.dsv
[0.140s] -- Installing: /home/rlcontrol/jay_ws/install/jaybot/share/jaybot/package.dsv
[0.140s] -- Up-to-date: /home/rlcontrol/jay_ws/install/jaybot/share/ament_index/resource_index/packages/jaybot
[0.141s] -- Up-to-date: /home/rlcontrol/jay_ws/install/jaybot/share/jaybot/cmake/ament_cmake_export_dependencies-extras.cmake
[0.141s] -- Up-to-date: /home/rlcontrol/jay_ws/install/jaybot/share/jaybot/cmake/jaybotConfig.cmake
[0.141s] -- Up-to-date: /home/rlcontrol/jay_ws/install/jaybot/share/jaybot/cmake/jaybotConfig-version.cmake
[0.141s] -- Up-to-date: /home/rlcontrol/jay_ws/install/jaybot/share/jaybot/package.xml
[0.146s] Invoked command in '/home/rlcontrol/jay_ws/build/jaybot' returned '0': CMAKE_PREFIX_PATH=/home/rlcontrol/jay_ws/install/rl_custom_messages:/home/rlcontrol/jay_ws/install/jaybot:/opt/ros/humble /home/rlcontrol/.local/bin/cmake --install /home/rlcontrol/jay_ws/build/jaybot
