-- The C compiler identification is GNU 11.3.0
-- The CXX compiler identification is GNU 11.3.0
-- Detecting C compiler ABI info
-- Detecting C compiler ABI info - done
-- Check for working C compiler: /usr/bin/cc - skipped
-- Detecting C compile features
-- Detecting C compile features - done
-- Detecting CXX compiler ABI info
-- Detecting CXX compiler ABI info - done
-- Check for working CXX compiler: /usr/bin/c++ - skipped
-- Detecting CXX compile features
-- Detecting CXX compile features - done
-- Found ament_cmake: 1.3.4 (/opt/ros/humble/share/ament_cmake/cmake)
-- Found Python3: /usr/bin/python3.10 (found version "3.10.6") found components: Interpreter 
-- Override CMake install command with custom implementation using symlinks instead of copying resources
-- Found rclcpp: 16.0.4 (/opt/ros/humble/share/rclcpp/cmake)
-- Found rosidl_generator_c: 3.1.4 (/opt/ros/humble/share/rosidl_generator_c/cmake)
-- Found rosidl_adapter: 3.1.4 (/opt/ros/humble/share/rosidl_adapter/cmake)
-- Found rosidl_generator_cpp: 3.1.4 (/opt/ros/humble/share/rosidl_generator_cpp/cmake)
-- Using all available rosidl_typesupport_c: rosidl_typesupport_fastrtps_c;rosidl_typesupport_introspection_c
-- Using all available rosidl_typesupport_cpp: rosidl_typesupport_fastrtps_cpp;rosidl_typesupport_introspection_cpp
-- Found rmw_implementation_cmake: 6.1.1 (/opt/ros/humble/share/rmw_implementation_cmake/cmake)
-- Found rmw_fastrtps_cpp: 6.2.2 (/opt/ros/humble/share/rmw_fastrtps_cpp/cmake)
-- Found OpenSSL: /usr/lib/x86_64-linux-gnu/libcrypto.so (found version "3.0.2")  
-- Found FastRTPS: /opt/ros/humble/include  
-- Using RMW implementation 'rmw_fastrtps_cpp' as default
-- Performing Test CMAKE_HAVE_LIBC_PTHREAD
-- Performing Test CMAKE_HAVE_LIBC_PTHREAD - Success
-- Found Threads: TRUE  
-- Found rclpy: 3.3.8 (/opt/ros/humble/share/rclpy/cmake)
-- Found rl_custom_messages: 0.0.0 (/home/rlcontrol/jay_ws/install/rl_custom_messages/share/rl_custom_messages/cmake)
-- Found sensor_msgs: 4.2.3 (/opt/ros/humble/share/sensor_msgs/cmake)
-- Found OpenCV: /usr (found version "4.5.4") 
-- Found cv_bridge: 3.2.1 (/opt/ros/humble/share/cv_bridge/cmake)
-- Configuring done (3.4s)
-- Generating done (0.1s)
-- Build files have been written to: /home/rlcontrol/jay_ws/build/jaybot
[  8%] [32mBuilding CXX object CMakeFiles/motor_controller.dir/src/motor_controller.cpp.o[0m
[ 16%] [32mBuilding CXX object CMakeFiles/camera_publisher.dir/src/camera_publisher.cpp.o[0m
[ 25%] [32mBuilding CXX object CMakeFiles/range_publisher.dir/src/range_publisher.cpp.o[0m
[ 33%] [32mBuilding CXX object CMakeFiles/microphone_publisher.dir/src/microphone_publisher.cpp.o[0m
[ 41%] [32mBuilding CXX object CMakeFiles/rl_server.dir/src/rl_server.cpp.o[0m
[ 50%] [32mBuilding CXX object CMakeFiles/image_debugger.dir/src/image_debugger.cpp.o[0m
[01m[K/home/rlcontrol/jay_ws/jaybot/src/microphone_publisher.cpp:4:10:[m[K [01;31m[Kfatal error: [m[Krl_custom_messages/msg/audio_data.hpp: No such file or directory
    4 | #include [01;31m[K"rl_custom_messages/msg/audio_data.hpp"[m[K
      |          [01;31m[K^~~~~~~~~~~~~~~~~~~~~~~~~~~~~~~~~~~~~~~[m[K
compilation terminated.
gmake[2]: *** [CMakeFiles/microphone_publisher.dir/build.make:76: CMakeFiles/microphone_publisher.dir/src/microphone_publisher.cpp.o] Error 1
gmake[1]: *** [CMakeFiles/Makefile2:228: CMakeFiles/microphone_publisher.dir/all] Error 2
gmake[1]: *** Waiting for unfinished jobs....
[01m[K/home/rlcontrol/jay_ws/jaybot/src/rl_server.cpp:[m[K In member function ‘[01m[Kvoid ImageServer::service_callback(std::shared_ptr<rl_custom_messages::srv::ImageService_Request_<std::allocator<void> > >, std::shared_ptr<rl_custom_messages::srv::ImageService_Response_<std::allocator<void> > >)[m[K’:
[01m[K/home/rlcontrol/jay_ws/jaybot/src/rl_server.cpp:89:79:[m[K [01;35m[Kwarning: [m[Kunused parameter ‘[01m[Krequest[m[K’ [[01;35m[K]8;;https://gcc.gnu.org/onlinedocs/gcc/Warning-Options.html#index-Wunused-parameter-Wunused-parameter]8;;[m[K]
   89 |         [01;35m[Kconst std::shared_ptr<rl_custom_messages::srv::ImageService::Request> request[m[K,
      |         [01;35m[K~~~~~~~~~~~~~~~~~~~~~~~~~~~~~~~~~~~~~~~~~~~~~~~~~~~~~~~~~~~~~~~~~~~~~~^~~~~~~[m[K
[01m[K/home/rlcontrol/jay_ws/jaybot/src/rl_server.cpp:[m[K In member function ‘[01m[Kvoid AudioReceiverSubscriber::topic_callback(sensor_msgs::msg::Image_<std::allocator<void> >::SharedPtr) const[m[K’:
[01m[K/home/rlcontrol/jay_ws/jaybot/src/rl_server.cpp:114:66:[m[K [01;35m[Kwarning: [m[Kunused parameter ‘[01m[Kmsg[m[K’ [[01;35m[K]8;;https://gcc.gnu.org/onlinedocs/gcc/Warning-Options.html#index-Wunused-parameter-Wunused-parameter]8;;[m[K]
  114 |     void topic_callback([01;35m[Kconst sensor_msgs::msg::Image::SharedPtr msg[m[K) const
      |                         [01;35m[K~~~~~~~~~~~~~~~~~~~~~~~~~~~~~~~~~~~~~~~~~^~~[m[K
[ 58%] [32m[1mLinking CXX executable range_publisher[0m
[ 58%] Built target range_publisher
[ 66%] [32m[1mLinking CXX executable camera_publisher[0m
[ 66%] Built target camera_publisher
[ 75%] [32m[1mLinking CXX executable motor_controller[0m
[ 75%] Built target motor_controller
[ 83%] [32m[1mLinking CXX executable image_debugger[0m
[ 83%] Built target image_debugger
[ 91%] [32m[1mLinking CXX executable rl_server[0m
[ 91%] Built target rl_server
gmake: *** [Makefile:146: all] Error 2
