[0.011s] Invoking command in '/home/rlcontrol/jay_ws/build/jaybot': CMAKE_PREFIX_PATH=/home/rlcontrol/jay_ws/install/rl_custom_messages:/home/rlcontrol/jay_ws/install/jaybot:/opt/ros/humble /home/rlcontrol/.local/bin/cmake --build /home/rlcontrol/jay_ws/build/jaybot -- -j6 -l6
[0.140s] [ 14%] Built target microphone_publisher
[0.141s] [ 28%] Built target range_publisher
[0.156s] [ 42%] Built target motor_controller
[0.158s] [ 57%] Built target camera_publisher
[0.172s] [ 64%] [32mBuilding CXX object CMakeFiles/speaker_controller.dir/src/speaker_controller.cpp.o[0m
[0.201s] [01m[K/home/rlcontrol/jay_ws/jaybot/src/speaker_controller.cpp:1:27:[m[K [01;31m[Kerror: [m[K‘[01m[Krl_custom_messages[m[K’ does not name a type
[0.201s]     1 | void topic_callback(const [01;31m[Krl_custom_messages[m[K::msg::MotorCommands::SharedPtr msg)
[0.202s]       |                           [01;31m[K^~~~~~~~~~~~~~~~~~[m[K
[0.202s] [01m[K/home/rlcontrol/jay_ws/jaybot/src/speaker_controller.cpp:1:50:[m[K [01;31m[Kerror: [m[Kexpected unqualified-id before ‘[01m[K::[m[K’ token
[0.202s]     1 | void topic_callback(const rl_custom_messages::msg[01;31m[K::[m[KMotorCommands::SharedPtr msg)
[0.202s]       |                                                  [01;31m[K^~[m[K
[0.202s] [01m[K/home/rlcontrol/jay_ws/jaybot/src/speaker_controller.cpp:1:50:[m[K [01;31m[Kerror: [m[Kexpected ‘[01m[K)[m[K’ before ‘[01m[K::[m[K’ token
[0.202s]     1 | void topic_callback[34m[K([m[Kconst rl_custom_messages::msg[01;31m[K:[m[K[32m[K:[m[KMotorCommands::SharedPtr msg)
[0.202s]       |                    [34m[K~[m[K                             [01;31m[K^[m[K[32m[K~[m[K
[0.202s]       |                                                  [32m[K)[m[K
[0.203s] [01m[K/home/rlcontrol/jay_ws/jaybot/src/speaker_controller.cpp:1:50:[m[K [01;31m[Kerror: [m[Kexpected initializer before ‘[01m[K::[m[K’ token
[0.204s]     1 | void topic_callback(const rl_custom_messages::msg[01;31m[K::[m[KMotorCommands::SharedPtr msg)
[0.204s]       |                                                  [01;31m[K^~[m[K
[0.206s] gmake[2]: *** [CMakeFiles/speaker_controller.dir/build.make:76: CMakeFiles/speaker_controller.dir/src/speaker_controller.cpp.o] Error 1
[0.212s] gmake[1]: *** [CMakeFiles/Makefile2:256: CMakeFiles/speaker_controller.dir/all] Error 2
[0.212s] gmake[1]: *** Waiting for unfinished jobs....
[0.220s] [ 78%] Built target rl_server
[0.228s] [ 92%] Built target image_debugger
[0.232s] [ 92%] Built target ament_cmake_python_symlink_jaybot
[0.234s] gmake: *** [Makefile:146: all] Error 2
[0.254s] Invoked command in '/home/rlcontrol/jay_ws/build/jaybot' returned '2': CMAKE_PREFIX_PATH=/home/rlcontrol/jay_ws/install/rl_custom_messages:/home/rlcontrol/jay_ws/install/jaybot:/opt/ros/humble /home/rlcontrol/.local/bin/cmake --build /home/rlcontrol/jay_ws/build/jaybot -- -j6 -l6
