[0.017s] Invoking command in '/home/rlcontrol/jay_ws/build/jaybot': CMAKE_PREFIX_PATH=/home/rlcontrol/jay_ws/install/rl_custom_messages:/home/rlcontrol/jay_ws/install/jaybot:/opt/ros/humble /home/rlcontrol/.local/bin/cmake --build /home/rlcontrol/jay_ws/build/jaybot -- -j6 -l6
[0.109s] [ 14%] Built target motor_controller
[0.110s] [ 28%] Built target range_publisher
[0.114s] [ 42%] Built target microphone_publisher
[0.118s] [ 57%] Built target camera_publisher
[0.118s] [ 71%] Built target rl_server
[0.126s] [ 78%] [32mBuilding CXX object CMakeFiles/speaker_controller.dir/src/speaker_controller.cpp.o[0m
[0.141s] [ 78%] Built target ament_cmake_python_symlink_jaybot
[0.146s] [ 92%] Built target image_debugger
[0.481s] running egg_info
[0.482s] writing jaybot.egg-info/PKG-INFO
[0.482s] writing dependency_links to jaybot.egg-info/dependency_links.txt
[0.482s] writing top-level names to jaybot.egg-info/top_level.txt
[0.485s] reading manifest file 'jaybot.egg-info/SOURCES.txt'
[0.485s] writing manifest file 'jaybot.egg-info/SOURCES.txt'
[0.506s] [ 92%] Built target ament_cmake_python_build_jaybot_egg
[2.888s] [01m[K/home/rlcontrol/jay_ws/jaybot/src/speaker_controller.cpp:[m[K In constructor ‘[01m[KSoundPlayer::SoundPlayer()[m[K’:
[2.888s] [01m[K/home/rlcontrol/jay_ws/jaybot/src/speaker_controller.cpp:12:75:[m[K [01;31m[Kerror: [m[K‘[01m[K_1[m[K’ was not declared in this scope; did you mean ‘[01m[Kstd::placeholders::_1[m[K’?
[2.888s]    12 |       "sound_commands", 10, std::bind(&SoundPlayer::topic_callback, this, [01;31m[K_1[m[K));
[2.888s]       |                                                                           [01;31m[K^~[m[K
[2.888s]       |                                                                           [32m[Kstd::placeholders::_1[m[K
[2.888s] In file included from [01m[K/usr/include/c++/11/pstl/glue_algorithm_defs.h:13[m[K,
[2.888s]                  from [01m[K/usr/include/c++/11/algorithm:74[m[K,
[2.888s]                  from [01m[K/opt/ros/humble/include/rclcpp/rclcpp/executor.hpp:18[m[K,
[2.889s]                  from [01m[K/opt/ros/humble/include/rclcpp/rclcpp/executors/multi_threaded_executor.hpp:25[m[K,
[2.889s]                  from [01m[K/opt/ros/humble/include/rclcpp/rclcpp/executors.hpp:21[m[K,
[2.889s]                  from [01m[K/opt/ros/humble/include/rclcpp/rclcpp/rclcpp.hpp:155[m[K,
[2.889s]                  from [01m[K/home/rlcontrol/jay_ws/jaybot/src/speaker_controller.cpp:1[m[K:
[2.889s] [01m[K/usr/include/c++/11/functional:225:34:[m[K [01;36m[Knote: [m[K‘[01m[Kstd::placeholders::_1[m[K’ declared here
[2.889s]   225 |     extern const _Placeholder<1> [01;36m[K_1[m[K;
[2.889s]       |                                  [01;36m[K^~[m[K
[3.328s] gmake[2]: *** [CMakeFiles/speaker_controller.dir/build.make:76: CMakeFiles/speaker_controller.dir/src/speaker_controller.cpp.o] Error 1
[3.329s] gmake[1]: *** [CMakeFiles/Makefile2:256: CMakeFiles/speaker_controller.dir/all] Error 2
[3.329s] gmake: *** [Makefile:146: all] Error 2
[3.335s] Invoked command in '/home/rlcontrol/jay_ws/build/jaybot' returned '2': CMAKE_PREFIX_PATH=/home/rlcontrol/jay_ws/install/rl_custom_messages:/home/rlcontrol/jay_ws/install/jaybot:/opt/ros/humble /home/rlcontrol/.local/bin/cmake --build /home/rlcontrol/jay_ws/build/jaybot -- -j6 -l6
