-- The C compiler identification is GNU 11.3.0
-- The CXX compiler identification is GNU 11.3.0
-- Detecting C compiler ABI info
-- Detecting C compiler ABI info - done
-- Check for working C compiler: /usr/bin/cc - skipped
-- Detecting C compile features
-- Detecting C compile features - done
-- Detecting CXX compiler ABI info
-- Detecting CXX compiler ABI info - done
-- Check for working CXX compiler: /usr/bin/c++ - skipped
-- Detecting CXX compile features
-- Detecting CXX compile features - done
-- Found ament_cmake: 1.3.4 (/opt/ros/humble/share/ament_cmake/cmake)
-- Found Python3: /usr/bin/python3.10 (found version "3.10.6") found components: Interpreter 
-- Found rclcpp: 16.0.4 (/opt/ros/humble/share/rclcpp/cmake)
-- Found rosidl_generator_c: 3.1.4 (/opt/ros/humble/share/rosidl_generator_c/cmake)
-- Found rosidl_adapter: 3.1.4 (/opt/ros/humble/share/rosidl_adapter/cmake)
-- Found rosidl_generator_cpp: 3.1.4 (/opt/ros/humble/share/rosidl_generator_cpp/cmake)
-- Using all available rosidl_typesupport_c: rosidl_typesupport_fastrtps_c;rosidl_typesupport_introspection_c
-- Using all available rosidl_typesupport_cpp: rosidl_typesupport_fastrtps_cpp;rosidl_typesupport_introspection_cpp
-- Found rmw_implementation_cmake: 6.1.1 (/opt/ros/humble/share/rmw_implementation_cmake/cmake)
-- Found rmw_fastrtps_cpp: 6.2.2 (/opt/ros/humble/share/rmw_fastrtps_cpp/cmake)
-- Found OpenSSL: /usr/lib/x86_64-linux-gnu/libcrypto.so (found version "3.0.2")  
-- Found FastRTPS: /opt/ros/humble/include  
-- Using RMW implementation 'rmw_fastrtps_cpp' as default
-- Looking for pthread.h
-- Looking for pthread.h - found
-- Performing Test CMAKE_HAVE_LIBC_PTHREAD
-- Performing Test CMAKE_HAVE_LIBC_PTHREAD - Success
-- Found Threads: TRUE  
-- Configuring done
-- Generating done
-- Build files have been written to: /home/rlagent/jay_ws/build/jaybot
[ 25%] [32mBuilding CXX object CMakeFiles/range_publisher.dir/src/range_publisher.cpp.o[0m
[ 50%] [32mBuilding CXX object CMakeFiles/range_subscriber.dir/src/range_subscriber.cpp.o[0m
[ 75%] [32m[1mLinking CXX executable range_publisher[0m
[ 75%] Built target range_publisher
[100%] [32m[1mLinking CXX executable range_subscriber[0m
[100%] Built target range_subscriber
-- Install configuration: ""
-- Installing: /home/rlagent/jay_ws/install/jaybot/lib/jaybot/range_publisher
-- Set runtime path of "/home/rlagent/jay_ws/install/jaybot/lib/jaybot/range_publisher" to ""
-- Installing: /home/rlagent/jay_ws/install/jaybot/lib/jaybot/range_subscriber
-- Set runtime path of "/home/rlagent/jay_ws/install/jaybot/lib/jaybot/range_subscriber" to ""
-- Installing: /home/rlagent/jay_ws/install/jaybot/share/ament_index/resource_index/package_run_dependencies/jaybot
-- Installing: /home/rlagent/jay_ws/install/jaybot/share/ament_index/resource_index/parent_prefix_path/jaybot
-- Installing: /home/rlagent/jay_ws/install/jaybot/share/jaybot/environment/ament_prefix_path.sh
-- Installing: /home/rlagent/jay_ws/install/jaybot/share/jaybot/environment/ament_prefix_path.dsv
-- Installing: /home/rlagent/jay_ws/install/jaybot/share/jaybot/environment/path.sh
-- Installing: /home/rlagent/jay_ws/install/jaybot/share/jaybot/environment/path.dsv
-- Installing: /home/rlagent/jay_ws/install/jaybot/share/jaybot/local_setup.bash
-- Installing: /home/rlagent/jay_ws/install/jaybot/share/jaybot/local_setup.sh
-- Installing: /home/rlagent/jay_ws/install/jaybot/share/jaybot/local_setup.zsh
-- Installing: /home/rlagent/jay_ws/install/jaybot/share/jaybot/local_setup.dsv
-- Installing: /home/rlagent/jay_ws/install/jaybot/share/jaybot/package.dsv
-- Installing: /home/rlagent/jay_ws/install/jaybot/share/ament_index/resource_index/packages/jaybot
-- Installing: /home/rlagent/jay_ws/install/jaybot/share/jaybot/cmake/jaybotConfig.cmake
-- Installing: /home/rlagent/jay_ws/install/jaybot/share/jaybot/cmake/jaybotConfig-version.cmake
-- Installing: /home/rlagent/jay_ws/install/jaybot/share/jaybot/package.xml
