[0.020s] Invoking command in '/home/rlagent/jay_ws/build/jaybot': CMAKE_PREFIX_PATH=${CMAKE_PREFIX_PATH}:/home/rlagent/jay_ws/install/launch_testing_examples:/home/rlagent/jay_ws/install/examples_rclpy_pointcloud_publisher:/home/rlagent/jay_ws/install/examples_rclpy_minimal_subscriber:/home/rlagent/jay_ws/install/examples_rclpy_minimal_service:/home/rlagent/jay_ws/install/examples_rclpy_minimal_publisher:/home/rlagent/jay_ws/install/examples_rclpy_minimal_client:/home/rlagent/jay_ws/install/examples_rclpy_minimal_action_server:/home/rlagent/jay_ws/install/examples_rclpy_minimal_action_client:/home/rlagent/jay_ws/install/examples_rclpy_guard_conditions:/home/rlagent/jay_ws/install/examples_rclpy_executors:/opt/ros/humble /usr/bin/cmake /home/rlagent/jay_ws/jaybot -DCMAKE_INSTALL_PREFIX=/home/rlagent/jay_ws/install/jaybot
[0.240s] -- The C compiler identification is GNU 11.3.0
[0.381s] -- The CXX compiler identification is GNU 11.3.0
[0.399s] -- Detecting C compiler ABI info
[0.541s] -- Detecting C compiler ABI info - done
[0.549s] -- Check for working C compiler: /usr/bin/cc - skipped
[0.550s] -- Detecting C compile features
[0.552s] -- Detecting C compile features - done
[0.558s] -- Detecting CXX compiler ABI info
[0.711s] -- Detecting CXX compiler ABI info - done
[0.719s] -- Check for working CXX compiler: /usr/bin/c++ - skipped
[0.719s] -- Detecting CXX compile features
[0.720s] -- Detecting CXX compile features - done
[0.747s] -- Found ament_cmake: 1.3.4 (/opt/ros/humble/share/ament_cmake/cmake)
[1.000s] -- Found Python3: /usr/bin/python3.10 (found version "3.10.6") found components: Interpreter 
[1.118s] -- Found rclcpp: 16.0.4 (/opt/ros/humble/share/rclcpp/cmake)
[1.195s] -- Found rosidl_generator_c: 3.1.4 (/opt/ros/humble/share/rosidl_generator_c/cmake)
[1.207s] -- Found rosidl_adapter: 3.1.4 (/opt/ros/humble/share/rosidl_adapter/cmake)
[1.220s] -- Found rosidl_generator_cpp: 3.1.4 (/opt/ros/humble/share/rosidl_generator_cpp/cmake)
[1.250s] -- Using all available rosidl_typesupport_c: rosidl_typesupport_fastrtps_c;rosidl_typesupport_introspection_c
[1.281s] -- Using all available rosidl_typesupport_cpp: rosidl_typesupport_fastrtps_cpp;rosidl_typesupport_introspection_cpp
[1.399s] -- Found rmw_implementation_cmake: 6.1.1 (/opt/ros/humble/share/rmw_implementation_cmake/cmake)
[1.403s] -- Found rmw_fastrtps_cpp: 6.2.2 (/opt/ros/humble/share/rmw_fastrtps_cpp/cmake)
[1.590s] -- Found OpenSSL: /usr/lib/x86_64-linux-gnu/libcrypto.so (found version "3.0.2")  
[1.628s] -- Found FastRTPS: /opt/ros/humble/include  
[1.695s] -- Using RMW implementation 'rmw_fastrtps_cpp' as default
[1.712s] -- Looking for pthread.h
[1.849s] -- Looking for pthread.h - found
[1.850s] -- Performing Test CMAKE_HAVE_LIBC_PTHREAD
[1.994s] -- Performing Test CMAKE_HAVE_LIBC_PTHREAD - Success
[1.995s] -- Found Threads: TRUE  
[2.317s] -- Configuring done
[2.340s] -- Generating done
[2.342s] -- Build files have been written to: /home/rlagent/jay_ws/build/jaybot
[2.358s] Invoked command in '/home/rlagent/jay_ws/build/jaybot' returned '0': CMAKE_PREFIX_PATH=${CMAKE_PREFIX_PATH}:/home/rlagent/jay_ws/install/launch_testing_examples:/home/rlagent/jay_ws/install/examples_rclpy_pointcloud_publisher:/home/rlagent/jay_ws/install/examples_rclpy_minimal_subscriber:/home/rlagent/jay_ws/install/examples_rclpy_minimal_service:/home/rlagent/jay_ws/install/examples_rclpy_minimal_publisher:/home/rlagent/jay_ws/install/examples_rclpy_minimal_client:/home/rlagent/jay_ws/install/examples_rclpy_minimal_action_server:/home/rlagent/jay_ws/install/examples_rclpy_minimal_action_client:/home/rlagent/jay_ws/install/examples_rclpy_guard_conditions:/home/rlagent/jay_ws/install/examples_rclpy_executors:/opt/ros/humble /usr/bin/cmake /home/rlagent/jay_ws/jaybot -DCMAKE_INSTALL_PREFIX=/home/rlagent/jay_ws/install/jaybot
[2.361s] Invoking command in '/home/rlagent/jay_ws/build/jaybot': CMAKE_PREFIX_PATH=${CMAKE_PREFIX_PATH}:/home/rlagent/jay_ws/install/launch_testing_examples:/home/rlagent/jay_ws/install/examples_rclpy_pointcloud_publisher:/home/rlagent/jay_ws/install/examples_rclpy_minimal_subscriber:/home/rlagent/jay_ws/install/examples_rclpy_minimal_service:/home/rlagent/jay_ws/install/examples_rclpy_minimal_publisher:/home/rlagent/jay_ws/install/examples_rclpy_minimal_client:/home/rlagent/jay_ws/install/examples_rclpy_minimal_action_server:/home/rlagent/jay_ws/install/examples_rclpy_minimal_action_client:/home/rlagent/jay_ws/install/examples_rclpy_guard_conditions:/home/rlagent/jay_ws/install/examples_rclpy_executors:/opt/ros/humble /usr/bin/cmake --build /home/rlagent/jay_ws/build/jaybot -- -j2 -l2
[2.464s] [ 25%] [32mBuilding CXX object CMakeFiles/range_publisher.dir/src/range_publisher.cpp.o[0m
[2.471s] [ 50%] [32mBuilding CXX object CMakeFiles/range_subscriber.dir/src/range_subscriber.cpp.o[0m
[10.467s] [ 75%] [32m[1mLinking CXX executable range_publisher[0m
[10.899s] [ 75%] Built target range_publisher
[14.263s] [100%] [32m[1mLinking CXX executable range_subscriber[0m
[14.809s] [100%] Built target range_subscriber
[14.969s] Invoked command in '/home/rlagent/jay_ws/build/jaybot' returned '0': CMAKE_PREFIX_PATH=${CMAKE_PREFIX_PATH}:/home/rlagent/jay_ws/install/launch_testing_examples:/home/rlagent/jay_ws/install/examples_rclpy_pointcloud_publisher:/home/rlagent/jay_ws/install/examples_rclpy_minimal_subscriber:/home/rlagent/jay_ws/install/examples_rclpy_minimal_service:/home/rlagent/jay_ws/install/examples_rclpy_minimal_publisher:/home/rlagent/jay_ws/install/examples_rclpy_minimal_client:/home/rlagent/jay_ws/install/examples_rclpy_minimal_action_server:/home/rlagent/jay_ws/install/examples_rclpy_minimal_action_client:/home/rlagent/jay_ws/install/examples_rclpy_guard_conditions:/home/rlagent/jay_ws/install/examples_rclpy_executors:/opt/ros/humble /usr/bin/cmake --build /home/rlagent/jay_ws/build/jaybot -- -j2 -l2
[15.156s] Invoking command in '/home/rlagent/jay_ws/build/jaybot': CMAKE_PREFIX_PATH=${CMAKE_PREFIX_PATH}:/home/rlagent/jay_ws/install/launch_testing_examples:/home/rlagent/jay_ws/install/examples_rclpy_pointcloud_publisher:/home/rlagent/jay_ws/install/examples_rclpy_minimal_subscriber:/home/rlagent/jay_ws/install/examples_rclpy_minimal_service:/home/rlagent/jay_ws/install/examples_rclpy_minimal_publisher:/home/rlagent/jay_ws/install/examples_rclpy_minimal_client:/home/rlagent/jay_ws/install/examples_rclpy_minimal_action_server:/home/rlagent/jay_ws/install/examples_rclpy_minimal_action_client:/home/rlagent/jay_ws/install/examples_rclpy_guard_conditions:/home/rlagent/jay_ws/install/examples_rclpy_executors:/opt/ros/humble /usr/bin/cmake --install /home/rlagent/jay_ws/build/jaybot
[15.180s] -- Install configuration: ""
[15.181s] -- Installing: /home/rlagent/jay_ws/install/jaybot/lib/jaybot/range_publisher
[15.186s] -- Set runtime path of "/home/rlagent/jay_ws/install/jaybot/lib/jaybot/range_publisher" to ""
[15.186s] -- Installing: /home/rlagent/jay_ws/install/jaybot/lib/jaybot/range_subscriber
[15.196s] -- Set runtime path of "/home/rlagent/jay_ws/install/jaybot/lib/jaybot/range_subscriber" to ""
[15.197s] -- Installing: /home/rlagent/jay_ws/install/jaybot/share/ament_index/resource_index/package_run_dependencies/jaybot
[15.198s] -- Installing: /home/rlagent/jay_ws/install/jaybot/share/ament_index/resource_index/parent_prefix_path/jaybot
[15.201s] -- Installing: /home/rlagent/jay_ws/install/jaybot/share/jaybot/environment/ament_prefix_path.sh
[15.202s] -- Installing: /home/rlagent/jay_ws/install/jaybot/share/jaybot/environment/ament_prefix_path.dsv
[15.203s] -- Installing: /home/rlagent/jay_ws/install/jaybot/share/jaybot/environment/path.sh
[15.204s] -- Installing: /home/rlagent/jay_ws/install/jaybot/share/jaybot/environment/path.dsv
[15.204s] -- Installing: /home/rlagent/jay_ws/install/jaybot/share/jaybot/local_setup.bash
[15.205s] -- Installing: /home/rlagent/jay_ws/install/jaybot/share/jaybot/local_setup.sh
[15.206s] -- Installing: /home/rlagent/jay_ws/install/jaybot/share/jaybot/local_setup.zsh
[15.207s] -- Installing: /home/rlagent/jay_ws/install/jaybot/share/jaybot/local_setup.dsv
[15.208s] -- Installing: /home/rlagent/jay_ws/install/jaybot/share/jaybot/package.dsv
[15.209s] -- Installing: /home/rlagent/jay_ws/install/jaybot/share/ament_index/resource_index/packages/jaybot
[15.209s] -- Installing: /home/rlagent/jay_ws/install/jaybot/share/jaybot/cmake/jaybotConfig.cmake
[15.210s] -- Installing: /home/rlagent/jay_ws/install/jaybot/share/jaybot/cmake/jaybotConfig-version.cmake
[15.211s] -- Installing: /home/rlagent/jay_ws/install/jaybot/share/jaybot/package.xml
[15.220s] Invoked command in '/home/rlagent/jay_ws/build/jaybot' returned '0': CMAKE_PREFIX_PATH=${CMAKE_PREFIX_PATH}:/home/rlagent/jay_ws/install/launch_testing_examples:/home/rlagent/jay_ws/install/examples_rclpy_pointcloud_publisher:/home/rlagent/jay_ws/install/examples_rclpy_minimal_subscriber:/home/rlagent/jay_ws/install/examples_rclpy_minimal_service:/home/rlagent/jay_ws/install/examples_rclpy_minimal_publisher:/home/rlagent/jay_ws/install/examples_rclpy_minimal_client:/home/rlagent/jay_ws/install/examples_rclpy_minimal_action_server:/home/rlagent/jay_ws/install/examples_rclpy_minimal_action_client:/home/rlagent/jay_ws/install/examples_rclpy_guard_conditions:/home/rlagent/jay_ws/install/examples_rclpy_executors:/opt/ros/humble /usr/bin/cmake --install /home/rlagent/jay_ws/build/jaybot
