-- Found ament_cmake: 1.3.5 (/opt/ros/humble/share/ament_cmake/cmake)
-- Override CMake install command with custom implementation using symlinks instead of copying resources
-- Found rclcpp: 16.0.4 (/opt/ros/humble/share/rclcpp/cmake)
-- Found rosidl_generator_c: 3.1.4 (/opt/ros/humble/share/rosidl_generator_c/cmake)
-- Found rosidl_adapter: 3.1.4 (/opt/ros/humble/share/rosidl_adapter/cmake)
-- Found rosidl_generator_cpp: 3.1.4 (/opt/ros/humble/share/rosidl_generator_cpp/cmake)
-- Using all available rosidl_typesupport_c: rosidl_typesupport_fastrtps_c;rosidl_typesupport_introspection_c
-- Using all available rosidl_typesupport_cpp: rosidl_typesupport_fastrtps_cpp;rosidl_typesupport_introspection_cpp
-- Found rmw_implementation_cmake: 6.1.1 (/opt/ros/humble/share/rmw_implementation_cmake/cmake)
-- Found rmw_fastrtps_cpp: 6.2.2 (/opt/ros/humble/share/rmw_fastrtps_cpp/cmake)
-- Using RMW implementation 'rmw_fastrtps_cpp' as default
-- Found rclpy: 3.3.8 (/opt/ros/humble/share/rclpy/cmake)
-- Found rl_custom_messages: 0.0.0 (/home/rlcontrol/jay_ws/install/rl_custom_messages/share/rl_custom_messages/cmake)
-- Found cv_bridge: 3.2.1 (/opt/ros/humble/share/cv_bridge/cmake)
-- Configuring done (1.0s)
-- Generating done (0.0s)
-- Build files have been written to: /home/rlcontrol/jay_ws/build/jaybot
[ 21%] [32mBuilding CXX object CMakeFiles/microphone_publisher.dir/src/microphone_publisher.cpp.o[0m
[ 21%] [32mBuilding CXX object CMakeFiles/speaker_controller.dir/src/speaker_controller.cpp.o[0m
[ 21%] [32mBuilding CXX object CMakeFiles/motor_controller.dir/src/motor_controller.cpp.o[0m
[ 28%] [32mBuilding CXX object CMakeFiles/range_publisher.dir/src/range_publisher.cpp.o[0m
[ 42%] Built target camera_publisher
[ 50%] [32mBuilding CXX object CMakeFiles/rl_server.dir/src/rl_server.cpp.o[0m
[ 57%] [32m[1mLinking CXX executable image_debugger[0m
[ 64%] Built target image_debugger
[ 64%] Built target ament_cmake_python_symlink_jaybot
running egg_info
writing jaybot.egg-info/PKG-INFO
writing dependency_links to jaybot.egg-info/dependency_links.txt
writing top-level names to jaybot.egg-info/top_level.txt
reading manifest file 'jaybot.egg-info/SOURCES.txt'
writing manifest file 'jaybot.egg-info/SOURCES.txt'
[ 64%] Built target ament_cmake_python_build_jaybot_egg
[ 71%] [32m[1mLinking CXX executable microphone_publisher[0m
[ 78%] [32m[1mLinking CXX executable range_publisher[0m
[ 78%] Built target microphone_publisher
[ 78%] Built target range_publisher
[ 85%] [32m[1mLinking CXX executable motor_controller[0m
[ 85%] Built target motor_controller
[ 92%] [32m[1mLinking CXX executable speaker_controller[0m
[ 92%] Built target speaker_controller
[100%] [32m[1mLinking CXX executable rl_server[0m
[100%] Built target rl_server
-- Install configuration: ""
-- Execute custom install script
-- Up-to-date symlink: /home/rlcontrol/jay_ws/install/jaybot/lib/jaybot/range_publisher
-- Up-to-date symlink: /home/rlcontrol/jay_ws/install/jaybot/lib/jaybot/motor_controller
-- Up-to-date symlink: /home/rlcontrol/jay_ws/install/jaybot/lib/jaybot/camera_publisher
-- Up-to-date symlink: /home/rlcontrol/jay_ws/install/jaybot/lib/jaybot/microphone_publisher
-- Up-to-date symlink: /home/rlcontrol/jay_ws/install/jaybot/lib/jaybot/speaker_controller
-- Up-to-date symlink: /home/rlcontrol/jay_ws/install/jaybot/lib/jaybot/rl_server
-- Up-to-date symlink: /home/rlcontrol/jay_ws/install/jaybot/lib/jaybot/image_debugger
-- Up-to-date symlink: /home/rlcontrol/jay_ws/install/jaybot/include/jaybot/RangeSensor.h
-- Up-to-date symlink: /home/rlcontrol/jay_ws/install/jaybot/include/jaybot/motor_controller.h
-- Up-to-date symlink: /home/rlcontrol/jay_ws/install/jaybot/share/jaybot/environment/pythonpath.sh
-- Up-to-date symlink: /home/rlcontrol/jay_ws/install/jaybot/share/jaybot/environment/pythonpath.dsv
-- Up-to-date symlink: /home/rlcontrol/jay_ws/install/jaybot/local/lib/python3.10/dist-packages/jaybot-0.0.0-py3.10.egg-info/PKG-INFO
-- Up-to-date symlink: /home/rlcontrol/jay_ws/install/jaybot/local/lib/python3.10/dist-packages/jaybot-0.0.0-py3.10.egg-info/SOURCES.txt
-- Up-to-date symlink: /home/rlcontrol/jay_ws/install/jaybot/local/lib/python3.10/dist-packages/jaybot-0.0.0-py3.10.egg-info/dependency_links.txt
-- Up-to-date symlink: /home/rlcontrol/jay_ws/install/jaybot/local/lib/python3.10/dist-packages/jaybot-0.0.0-py3.10.egg-info/top_level.txt
-- Up-to-date symlink: /home/rlcontrol/jay_ws/install/jaybot/local/lib/python3.10/dist-packages/jaybot/__init__.py
-- Up-to-date symlink: /home/rlcontrol/jay_ws/install/jaybot/lib/jaybot/rl_mind.py
-- Up-to-date symlink: /home/rlcontrol/jay_ws/install/jaybot/lib/jaybot/face_detection_test.py
-- Up-to-date symlink: /home/rlcontrol/jay_ws/install/jaybot/share/ament_index/resource_index/package_run_dependencies/jaybot
-- Up-to-date symlink: /home/rlcontrol/jay_ws/install/jaybot/share/ament_index/resource_index/parent_prefix_path/jaybot
-- Up-to-date symlink: /home/rlcontrol/jay_ws/install/jaybot/share/jaybot/environment/ament_prefix_path.sh
-- Up-to-date symlink: /home/rlcontrol/jay_ws/install/jaybot/share/jaybot/environment/ament_prefix_path.dsv
-- Up-to-date symlink: /home/rlcontrol/jay_ws/install/jaybot/share/jaybot/environment/path.sh
-- Up-to-date symlink: /home/rlcontrol/jay_ws/install/jaybot/share/jaybot/environment/path.dsv
-- Up-to-date symlink: /home/rlcontrol/jay_ws/install/jaybot/share/jaybot/local_setup.bash
-- Up-to-date symlink: /home/rlcontrol/jay_ws/install/jaybot/share/jaybot/local_setup.sh
-- Up-to-date symlink: /home/rlcontrol/jay_ws/install/jaybot/share/jaybot/local_setup.zsh
-- Up-to-date symlink: /home/rlcontrol/jay_ws/install/jaybot/share/jaybot/local_setup.dsv
-- Symlinking: /home/rlcontrol/jay_ws/install/jaybot/share/jaybot/package.dsv
-- Up-to-date symlink: /home/rlcontrol/jay_ws/install/jaybot/share/ament_index/resource_index/packages/jaybot
-- Up-to-date symlink: /home/rlcontrol/jay_ws/install/jaybot/share/jaybot/cmake/ament_cmake_export_dependencies-extras.cmake
-- Up-to-date symlink: /home/rlcontrol/jay_ws/install/jaybot/share/jaybot/cmake/jaybotConfig.cmake
-- Up-to-date symlink: /home/rlcontrol/jay_ws/install/jaybot/share/jaybot/cmake/jaybotConfig-version.cmake
-- Up-to-date symlink: /home/rlcontrol/jay_ws/install/jaybot/share/jaybot/package.xml
Listing '/home/rlcontrol/jay_ws/install/jaybot/local/lib/python3.10/dist-packages/jaybot'...
