[0.013s] Invoking command in '/home/rlcontrol/jay_ws/build/jaybot': CMAKE_PREFIX_PATH=/home/rlcontrol/jay_ws/install/rl_custom_messages:/home/rlcontrol/jay_ws/install/jaybot:/opt/ros/humble /home/rlcontrol/.local/bin/cmake --build /home/rlcontrol/jay_ws/build/jaybot -- -j6 -l6
[0.072s] [  0%] Built target ament_cmake_python_symlink_jaybot
[0.072s] [ 16%] [32mBuilding CXX object CMakeFiles/range_publisher.dir/src/range_publisher.cpp.o[0m
[0.073s] [ 33%] [32mBuilding CXX object CMakeFiles/motor_controller.dir/src/motor_controller.cpp.o[0m
[0.080s] [ 50%] [32mBuilding CXX object CMakeFiles/rl_server.dir/src/rl_server.cpp.o[0m
[0.327s] running egg_info
[0.328s] writing jaybot.egg-info/PKG-INFO
[0.329s] writing dependency_links to jaybot.egg-info/dependency_links.txt
[0.329s] writing top-level names to jaybot.egg-info/top_level.txt
[0.331s] reading manifest file 'jaybot.egg-info/SOURCES.txt'
[0.332s] writing manifest file 'jaybot.egg-info/SOURCES.txt'
[0.355s] [ 50%] Built target ament_cmake_python_build_jaybot_egg
[2.621s] [01m[K/home/rlcontrol/jay_ws/jaybot/src/rl_server.cpp:52:21:[m[K [01;31m[Kerror: [m[K‘[01m[Kstd_msgs[m[K’ was not declared in this scope
[2.621s]    52 |   rclcpp::Publisher<[01;31m[Kstd_msgs[m[K::msg::Float32MultiArray>::SharedPtr motor_command_publisher_;
[2.621s]       |                     [01;31m[K^~~~~~~~[m[K
[2.621s] [01m[K/home/rlcontrol/jay_ws/jaybot/src/rl_server.cpp:52:53:[m[K [01;31m[Kerror: [m[Ktemplate argument 1 is invalid
[2.622s]    52 |   rclcpp::Publisher<std_msgs::msg::Float32MultiArray[01;31m[K>[m[K::SharedPtr motor_command_publisher_;
[2.622s]       |                                                     [01;31m[K^[m[K
[2.622s] [01m[K/home/rlcontrol/jay_ws/jaybot/src/rl_server.cpp:52:56:[m[K [01;31m[Kerror: [m[Kexpected ‘[01m[K;[m[K’ at end of member declaration
[2.622s]    52 |   rclcpp::Publisher<std_msgs::msg::Float32MultiArray>::[01;31m[KSharedPtr[m[K motor_command_publisher_;
[2.622s]       |                                                        [01;31m[K^~~~~~~~~[m[K
[2.622s]       |                                                                 [32m[K;[m[K
[2.625s] [01m[K/home/rlcontrol/jay_ws/jaybot/src/rl_server.cpp:52:66:[m[K [01;31m[Kerror: [m[K‘[01m[Kmotor_command_publisher_[m[K’ does not name a type
[2.625s]    52 |   rclcpp::Publisher<std_msgs::msg::Float32MultiArray>::SharedPtr [01;31m[Kmotor_command_publisher_[m[K;
[2.625s]       |                                                                  [01;31m[K^~~~~~~~~~~~~~~~~~~~~~~~[m[K
[2.652s] [01m[K/home/rlcontrol/jay_ws/jaybot/src/rl_server.cpp:[m[K In constructor ‘[01m[KRangeSubscriber::RangeSubscriber()[m[K’:
[2.652s] [01m[K/home/rlcontrol/jay_ws/jaybot/src/rl_server.cpp:18:5:[m[K [01;31m[Kerror: [m[K‘[01m[Kmotor_command_publisher_[m[K’ was not declared in this scope
[2.652s]    18 |     [01;31m[Kmotor_command_publisher_[m[K = this->create_publisher<std_msgs::msg::Int32MultiArray>("motor_commands", 10);
[2.652s]       |     [01;31m[K^~~~~~~~~~~~~~~~~~~~~~~~[m[K
[2.658s] [01m[K/home/rlcontrol/jay_ws/jaybot/src/rl_server.cpp:18:55:[m[K [01;31m[Kerror: [m[K‘[01m[Kstd_msgs[m[K’ was not declared in this scope
[2.658s]    18 |     motor_command_publisher_ = this->create_publisher<[01;31m[Kstd_msgs[m[K::msg::Int32MultiArray>("motor_commands", 10);
[2.658s]       |                                                       [01;31m[K^~~~~~~~[m[K
[2.658s] [01m[K/home/rlcontrol/jay_ws/jaybot/src/rl_server.cpp:18:38:[m[K [01;31m[Kerror: [m[Kparse error in template argument list
[2.658s]    18 |     motor_command_publisher_ = this->[01;31m[Kcreate_publisher<std_msgs::msg::Int32MultiArray>[m[K("motor_commands", 10);
[2.658s]       |                                      [01;31m[K^~~~~~~~~~~~~~~~~~~~~~~~~~~~~~~~~~~~~~~~~~~~~~~~[m[K
[2.658s] [01m[K/home/rlcontrol/jay_ws/jaybot/src/rl_server.cpp:18:86:[m[K [01;31m[Kerror: [m[Kno matching function for call to ‘[01m[KRangeSubscriber::create_publisher<<expression error> >(const char [15], int)[m[K’
[2.658s]    18 |     motor_command_publisher_ = [01;31m[Kthis->create_publisher<std_msgs::msg::Int32MultiArray>("motor_commands", 10)[m[K;
[2.658s]       |                                [01;31m[K~~~~~~~~~~~~~~~~~~~~~~~~~~~~~~~~~~~~~~~~~~~~~~~~~~~~~~^~~~~~~~~~~~~~~~~~~~~~[m[K
[2.658s] In file included from [01m[K/opt/ros/humble/include/rclcpp/rclcpp/executors/single_threaded_executor.hpp:28[m[K,
[2.658s]                  from [01m[K/opt/ros/humble/include/rclcpp/rclcpp/executors.hpp:22[m[K,
[2.659s]                  from [01m[K/opt/ros/humble/include/rclcpp/rclcpp/rclcpp.hpp:155[m[K,
[2.659s]                  from [01m[K/home/rlcontrol/jay_ws/jaybot/src/rl_server.cpp:1[m[K:
[2.659s] [01m[K/opt/ros/humble/include/rclcpp/rclcpp/node.hpp:195:3:[m[K [01;36m[Knote: [m[Kcandidate: ‘[01m[Ktemplate<class MessageT, class AllocatorT, class PublisherT> std::shared_ptr<PublisherT> rclcpp::Node::create_publisher(const string&, const rclcpp::QoS&, const rclcpp::PublisherOptionsWithAllocator<AllocatorT>&)[m[K’
[2.659s]   195 |   [01;36m[Kcreate_publisher[m[K(
[2.659s]       |   [01;36m[K^~~~~~~~~~~~~~~~[m[K
[2.659s] [01m[K/opt/ros/humble/include/rclcpp/rclcpp/node.hpp:195:3:[m[K [01;36m[Knote: [m[K  template argument deduction/substitution failed:
[2.659s] [01m[K/home/rlcontrol/jay_ws/jaybot/src/rl_server.cpp:18:86:[m[K [01;31m[Kerror: [m[Ktemplate argument 1 is invalid
[2.659s]    18 |     motor_command_publisher_ = [01;31m[Kthis->create_publisher<std_msgs::msg::Int32MultiArray>("motor_commands", 10)[m[K;
[2.659s]       |                                [01;31m[K~~~~~~~~~~~~~~~~~~~~~~~~~~~~~~~~~~~~~~~~~~~~~~~~~~~~~~^~~~~~~~~~~~~~~~~~~~~~[m[K
[2.666s] [01m[K/home/rlcontrol/jay_ws/jaybot/src/rl_server.cpp:[m[K In member function ‘[01m[Kvoid RangeSubscriber::service_callback(std::shared_ptr<rl_custom_messages::srv::ObservationService_Request_<std::allocator<void> > >, std::shared_ptr<rl_custom_messages::srv::ObservationService_Response_<std::allocator<void> > >)[m[K’:
[2.666s] [01m[K/home/rlcontrol/jay_ws/jaybot/src/rl_server.cpp:44:5:[m[K [01;31m[Kerror: [m[K‘[01m[Kstd_msgs[m[K’ has not been declared
[2.666s]    44 |     [01;31m[Kstd_msgs[m[K::msg::Int32MultiArray msg;
[2.667s]       |     [01;31m[K^~~~~~~~[m[K
[2.667s] [01m[K/home/rlcontrol/jay_ws/jaybot/src/rl_server.cpp:45:5:[m[K [01;31m[Kerror: [m[K‘[01m[Kmsg[m[K’ was not declared in this scope
[2.667s]    45 |     [01;31m[Kmsg[m[K.data = motor_commands; // Assuming motor_commands is a std::vector<float>
[2.667s]       |     [01;31m[K^~~[m[K
[2.667s] [01m[K/home/rlcontrol/jay_ws/jaybot/src/rl_server.cpp:45:5:[m[K [01;36m[Knote: [m[Ksuggested alternatives:
[2.667s] In file included from [01m[K/opt/ros/humble/include/builtin_interfaces/builtin_interfaces/msg/duration.hpp:7[m[K,
[2.667s]                  from [01m[K/opt/ros/humble/include/rclcpp/rclcpp/duration.hpp:20[m[K,
[2.667s]                  from [01m[K/opt/ros/humble/include/rclcpp/rclcpp/qos.hpp:20[m[K,
[2.668s]                  from [01m[K/opt/ros/humble/include/rclcpp/rclcpp/node_interfaces/node_graph_interface.hpp:32[m[K,
[2.668s]                  from [01m[K/opt/ros/humble/include/rclcpp/rclcpp/client.hpp:42[m[K,
[2.668s]                  from [01m[K/opt/ros/humble/include/rclcpp/rclcpp/callback_group.hpp:24[m[K,
[2.668s]                  from [01m[K/opt/ros/humble/include/rclcpp/rclcpp/any_executable.hpp:20[m[K,
[2.668s]                  from [01m[K/opt/ros/humble/include/rclcpp/rclcpp/memory_strategy.hpp:25[m[K,
[2.668s]                  from [01m[K/opt/ros/humble/include/rclcpp/rclcpp/memory_strategies.hpp:18[m[K,
[2.668s]                  from [01m[K/opt/ros/humble/include/rclcpp/rclcpp/executor_options.hpp:20[m[K,
[2.668s]                  from [01m[K/opt/ros/humble/include/rclcpp/rclcpp/executor.hpp:37[m[K,
[2.668s]                  from [01m[K/opt/ros/humble/include/rclcpp/rclcpp/executors/multi_threaded_executor.hpp:25[m[K,
[2.668s]                  from [01m[K/opt/ros/humble/include/rclcpp/rclcpp/executors.hpp:21[m[K,
[2.668s]                  from [01m[K/opt/ros/humble/include/rclcpp/rclcpp/rclcpp.hpp:155[m[K,
[2.668s]                  from [01m[K/home/rlcontrol/jay_ws/jaybot/src/rl_server.cpp:1[m[K:
[2.668s] [01m[K/opt/ros/humble/include/builtin_interfaces/builtin_interfaces/msg/detail/duration__struct.hpp:27:11:[m[K [01;36m[Knote: [m[K  ‘[01m[Kbuiltin_interfaces::msg[m[K’
[2.668s]    27 | namespace [01;36m[Kmsg[m[K
[2.668s]       |           [01;36m[K^~~[m[K
[2.668s] In file included from [01m[K/opt/ros/humble/include/rcl_interfaces/rcl_interfaces/msg/set_parameters_result.hpp:7[m[K,
[2.668s]                  from [01m[K/opt/ros/humble/include/rclcpp/rclcpp/qos_overriding_options.hpp:28[m[K,
[2.668s]                  from [01m[K/opt/ros/humble/include/rclcpp/rclcpp/subscription_options.hpp:30[m[K,
[2.669s]                  from [01m[K/opt/ros/humble/include/rclcpp/rclcpp/subscription.hpp:45[m[K,
[2.669s]                  from [01m[K/opt/ros/humble/include/rclcpp/rclcpp/any_executable.hpp:25[m[K,
[2.669s]                  from [01m[K/opt/ros/humble/include/rclcpp/rclcpp/memory_strategy.hpp:25[m[K,
[2.669s]                  from [01m[K/opt/ros/humble/include/rclcpp/rclcpp/memory_strategies.hpp:18[m[K,
[2.669s]                  from [01m[K/opt/ros/humble/include/rclcpp/rclcpp/executor_options.hpp:20[m[K,
[2.669s]                  from [01m[K/opt/ros/humble/include/rclcpp/rclcpp/executor.hpp:37[m[K,
[2.669s]                  from [01m[K/opt/ros/humble/include/rclcpp/rclcpp/executors/multi_threaded_executor.hpp:25[m[K,
[2.669s]                  from [01m[K/opt/ros/humble/include/rclcpp/rclcpp/executors.hpp:21[m[K,
[2.669s]                  from [01m[K/opt/ros/humble/include/rclcpp/rclcpp/rclcpp.hpp:155[m[K,
[2.669s]                  from [01m[K/home/rlcontrol/jay_ws/jaybot/src/rl_server.cpp:1[m[K:
[2.669s] [01m[K/opt/ros/humble/include/rcl_interfaces/rcl_interfaces/msg/detail/set_parameters_result__struct.hpp:27:11:[m[K [01;36m[Knote: [m[K  ‘[01m[Krcl_interfaces::msg[m[K’
[2.669s]    27 | namespace [01;36m[Kmsg[m[K
[2.669s]       |           [01;36m[K^~~[m[K
[2.669s] In file included from [01m[K/opt/ros/humble/include/statistics_msgs/statistics_msgs/msg/detail/metrics_message__struct.hpp:23[m[K,
[2.669s]                  from [01m[K/opt/ros/humble/include/statistics_msgs/statistics_msgs/msg/metrics_message.hpp:7[m[K,
[2.669s]                  from [01m[K/opt/ros/humble/include/libstatistics_collector/libstatistics_collector/collector/generate_statistics_message.hpp:21[m[K,
[2.669s]                  from [01m[K/opt/ros/humble/include/rclcpp/rclcpp/topic_statistics/subscription_topic_statistics.hpp:23[m[K,
[2.669s]                  from [01m[K/opt/ros/humble/include/rclcpp/rclcpp/subscription.hpp:50[m[K,
[2.669s]                  from [01m[K/opt/ros/humble/include/rclcpp/rclcpp/any_executable.hpp:25[m[K,
[2.670s]                  from [01m[K/opt/ros/humble/include/rclcpp/rclcpp/memory_strategy.hpp:25[m[K,
[2.670s]                  from [01m[K/opt/ros/humble/include/rclcpp/rclcpp/memory_strategies.hpp:18[m[K,
[2.670s]                  from [01m[K/opt/ros/humble/include/rclcpp/rclcpp/executor_options.hpp:20[m[K,
[2.670s]                  from [01m[K/opt/ros/humble/include/rclcpp/rclcpp/executor.hpp:37[m[K,
[2.670s]                  from [01m[K/opt/ros/humble/include/rclcpp/rclcpp/executors/multi_threaded_executor.hpp:25[m[K,
[2.670s]                  from [01m[K/opt/ros/humble/include/rclcpp/rclcpp/executors.hpp:21[m[K,
[2.670s]                  from [01m[K/opt/ros/humble/include/rclcpp/rclcpp/rclcpp.hpp:155[m[K,
[2.670s]                  from [01m[K/home/rlcontrol/jay_ws/jaybot/src/rl_server.cpp:1[m[K:
[2.670s] [01m[K/opt/ros/humble/include/statistics_msgs/statistics_msgs/msg/detail/statistic_data_point__struct.hpp:27:11:[m[K [01;36m[Knote: [m[K  ‘[01m[Kstatistics_msgs::msg[m[K’
[2.670s]    27 | namespace [01;36m[Kmsg[m[K
[2.670s]       |           [01;36m[K^~~[m[K
[2.670s] In file included from [01m[K/home/rlcontrol/jay_ws/build/rl_custom_messages/rosidl_generator_cpp/rl_custom_messages/msg/range_array.hpp:7[m[K,
[2.670s]                  from [01m[K/home/rlcontrol/jay_ws/jaybot/src/rl_server.cpp:2[m[K:
[2.670s] [01m[K/home/rlcontrol/jay_ws/build/rl_custom_messages/rosidl_generator_cpp/rl_custom_messages/msg/detail/range_array__struct.hpp:27:11:[m[K [01;36m[Knote: [m[K  ‘[01m[Krl_custom_messages::msg[m[K’
[2.670s]    27 | namespace [01;36m[Kmsg[m[K
[2.670s]       |           [01;36m[K^~~[m[K
[2.679s] [01m[K/home/rlcontrol/jay_ws/jaybot/src/rl_server.cpp:46:5:[m[K [01;31m[Kerror: [m[K‘[01m[Kmotor_command_publisher_[m[K’ was not declared in this scope
[2.679s]    46 |     [01;31m[Kmotor_command_publisher_[m[K->publish(msg);
[2.679s]       |     [01;31m[K^~~~~~~~~~~~~~~~~~~~~~~~[m[K
[4.892s] [ 66%] [32m[1mLinking CXX executable range_publisher[0m
[5.059s] [ 66%] Built target range_publisher
[5.686s] gmake[2]: *** [CMakeFiles/rl_server.dir/build.make:76: CMakeFiles/rl_server.dir/src/rl_server.cpp.o] Error 1
[5.686s] gmake[1]: *** [CMakeFiles/Makefile2:196: CMakeFiles/rl_server.dir/all] Error 2
[5.686s] gmake[1]: *** Waiting for unfinished jobs....
[8.499s] [ 83%] [32m[1mLinking CXX executable motor_controller[0m
[8.784s] [ 83%] Built target motor_controller
[8.785s] gmake: *** [Makefile:146: all] Error 2
[8.790s] Invoked command in '/home/rlcontrol/jay_ws/build/jaybot' returned '2': CMAKE_PREFIX_PATH=/home/rlcontrol/jay_ws/install/rl_custom_messages:/home/rlcontrol/jay_ws/install/jaybot:/opt/ros/humble /home/rlcontrol/.local/bin/cmake --build /home/rlcontrol/jay_ws/build/jaybot -- -j6 -l6
