[0.022s] Invoking command in '/home/rlcontrol/jay_ws/build/cv_bridge': CMAKE_PREFIX_PATH=/opt/ros/humble /home/rlcontrol/.local/bin/cmake /home/rlcontrol/jay_ws/vision_opencv/cv_bridge -DCMAKE_INSTALL_PREFIX=/home/rlcontrol/jay_ws/install/cv_bridge
[0.156s] -- The C compiler identification is GNU 11.3.0
[0.213s] -- The CXX compiler identification is GNU 11.3.0
[0.226s] -- Detecting C compiler ABI info
[0.283s] -- Detecting C compiler ABI info - done
[0.293s] -- Check for working C compiler: /usr/bin/cc - skipped
[0.294s] -- Detecting C compile features
[0.295s] -- Detecting C compile features - done
[0.298s] -- Detecting CXX compiler ABI info
[0.365s] -- Detecting CXX compiler ABI info - done
[0.375s] -- Check for working CXX compiler: /usr/bin/c++ - skipped
[0.375s] -- Detecting CXX compile features
[0.376s] -- Detecting CXX compile features - done
[0.377s] -- Found ament_cmake_ros: 0.10.0 (/opt/ros/humble/share/ament_cmake_ros/cmake)
[0.702s] -- Found Python3: /usr/bin/python3.10 (found version "3.10.6") found components: Interpreter 
[1.223s] -- Found Python3: /usr/include/python3.10 (found version "3.10.6") found components: Development NumPy Interpreter Development.Module Development.Embed 
[1.251s] -- Found Boost: /usr/lib/x86_64-linux-gnu/cmake/Boost-1.74.0/BoostConfig.cmake (found version "1.74.0") found components: python310 
[1.252s] -- Found rcpputils: 2.4.1 (/opt/ros/humble/share/rcpputils/cmake)
[1.262s] -- Found sensor_msgs: 4.2.3 (/opt/ros/humble/share/sensor_msgs/cmake)
[1.284s] -- Found rosidl_generator_c: 3.1.4 (/opt/ros/humble/share/rosidl_generator_c/cmake)
[1.288s] -- Found rosidl_adapter: 3.1.4 (/opt/ros/humble/share/rosidl_adapter/cmake)
[1.296s] -- Found rosidl_generator_cpp: 3.1.4 (/opt/ros/humble/share/rosidl_generator_cpp/cmake)
[1.313s] -- Using all available rosidl_typesupport_c: rosidl_typesupport_fastrtps_c;rosidl_typesupport_introspection_c
[1.331s] -- Using all available rosidl_typesupport_cpp: rosidl_typesupport_fastrtps_cpp;rosidl_typesupport_introspection_cpp
[1.686s] -- Performing Test COMPILER_HAS_HIDDEN_VISIBILITY
[1.755s] -- Performing Test COMPILER_HAS_HIDDEN_VISIBILITY - Success
[1.755s] -- Performing Test COMPILER_HAS_HIDDEN_INLINE_VISIBILITY
[1.821s] -- Performing Test COMPILER_HAS_HIDDEN_INLINE_VISIBILITY - Success
[1.822s] -- Performing Test COMPILER_HAS_DEPRECATED_ATTR
[1.890s] -- Performing Test COMPILER_HAS_DEPRECATED_ATTR - Success
[1.897s] -- Found ament_lint_auto: 0.12.6 (/opt/ros/humble/share/ament_lint_auto/cmake)
[1.997s] -- Found gtest sources under '/opt/ros/humble/src/gtest_vendor': C++ tests using 'Google Test' will be built
[1.999s] -- Performing Test CMAKE_HAVE_LIBC_PTHREAD
[2.066s] -- Performing Test CMAKE_HAVE_LIBC_PTHREAD - Success
[2.067s] -- Found Threads: TRUE  
[3.182s] -- Configuring done (3.1s)
[3.201s] -- Generating done (0.0s)
[3.203s] -- Build files have been written to: /home/rlcontrol/jay_ws/build/cv_bridge
[3.213s] Invoked command in '/home/rlcontrol/jay_ws/build/cv_bridge' returned '0': CMAKE_PREFIX_PATH=/opt/ros/humble /home/rlcontrol/.local/bin/cmake /home/rlcontrol/jay_ws/vision_opencv/cv_bridge -DCMAKE_INSTALL_PREFIX=/home/rlcontrol/jay_ws/install/cv_bridge
[3.215s] Invoking command in '/home/rlcontrol/jay_ws/build/cv_bridge': CMAKE_PREFIX_PATH=/opt/ros/humble /home/rlcontrol/.local/bin/cmake --build /home/rlcontrol/jay_ws/build/cv_bridge -- -j6 -l6
[3.262s] [  6%] [32mBuilding CXX object src/CMakeFiles/cv_bridge.dir/cv_bridge.cpp.o[0m
[3.262s] [ 18%] [32mBuilding CXX object src/CMakeFiles/cv_bridge.dir/rgb_colors.cpp.o[0m
[3.262s] [ 18%] [32mBuilding CXX object gtest/CMakeFiles/gtest_main.dir/src/gtest_main.cc.o[0m
[3.263s] [ 25%] [32mBuilding CXX object gtest/CMakeFiles/gtest.dir/src/gtest-all.cc.o[0m
[3.266s] [ 25%] Built target ament_cmake_python_copy_cv_bridge
[3.554s] running egg_info
[3.555s] creating cv_bridge.egg-info
[3.555s] writing cv_bridge.egg-info/PKG-INFO
[3.555s] writing dependency_links to cv_bridge.egg-info/dependency_links.txt
[3.556s] writing top-level names to cv_bridge.egg-info/top_level.txt
[3.556s] writing manifest file 'cv_bridge.egg-info/SOURCES.txt'
[3.558s] reading manifest file 'cv_bridge.egg-info/SOURCES.txt'
[3.559s] writing manifest file 'cv_bridge.egg-info/SOURCES.txt'
[3.582s] [ 25%] Built target ament_cmake_python_build_cv_bridge_egg
[3.915s] [ 31%] [32m[1mLinking CXX static library libgtest_main.a[0m
[3.931s] [ 31%] Built target gtest_main
[6.118s] [ 37%] [32m[1mLinking CXX static library libgtest.a[0m
[6.159s] [ 37%] Built target gtest
[7.024s] [ 43%] [32m[1mLinking CXX shared library libcv_bridge.so[0m
[7.144s] [ 43%] Built target cv_bridge
[7.157s] [ 62%] [32mBuilding CXX object src/CMakeFiles/cv_bridge_boost.dir/module.cpp.o[0m
[7.157s] [ 62%] [32mBuilding CXX object test/CMakeFiles/cv_bridge-utest.dir/test_endian.cpp.o[0m
[7.157s] [ 62%] [32mBuilding CXX object src/CMakeFiles/cv_bridge_boost.dir/module_opencv3.cpp.o[0m
[7.158s] [ 68%] [32mBuilding CXX object test/CMakeFiles/cv_bridge-utest.dir/test_compression.cpp.o[0m
[7.158s] [ 75%] [32mBuilding CXX object test/CMakeFiles/cv_bridge-utest.dir/utest.cpp.o[0m
[7.159s] [ 81%] [32mBuilding CXX object test/CMakeFiles/cv_bridge-utest.dir/utest2.cpp.o[0m
[8.361s] [ 87%] [32mBuilding CXX object test/CMakeFiles/cv_bridge-utest.dir/test_rgb_colors.cpp.o[0m
[10.054s] [ 93%] [32m[1mLinking CXX executable cv_bridge-utest[0m
[10.434s] [ 93%] Built target cv_bridge-utest
[10.574s] [100%] [32m[1mLinking CXX shared module boost/cv_bridge_boost.so[0m
[10.658s] [100%] Built target cv_bridge_boost
[10.666s] Invoked command in '/home/rlcontrol/jay_ws/build/cv_bridge' returned '0': CMAKE_PREFIX_PATH=/opt/ros/humble /home/rlcontrol/.local/bin/cmake --build /home/rlcontrol/jay_ws/build/cv_bridge -- -j6 -l6
[10.713s] Invoking command in '/home/rlcontrol/jay_ws/build/cv_bridge': CMAKE_PREFIX_PATH=/opt/ros/humble /home/rlcontrol/.local/bin/cmake --install /home/rlcontrol/jay_ws/build/cv_bridge
[10.734s] -- Install configuration: ""
[10.734s] -- Installing: /home/rlcontrol/jay_ws/install/cv_bridge/share/cv_bridge/environment/pythonpath.sh
[10.734s] -- Installing: /home/rlcontrol/jay_ws/install/cv_bridge/share/cv_bridge/environment/pythonpath.dsv
[10.735s] -- Installing: /home/rlcontrol/jay_ws/install/cv_bridge/local/lib/python3.10/dist-packages/cv_bridge-3.2.1-py3.10.egg-info
[10.735s] -- Installing: /home/rlcontrol/jay_ws/install/cv_bridge/local/lib/python3.10/dist-packages/cv_bridge-3.2.1-py3.10.egg-info/top_level.txt
[10.735s] -- Installing: /home/rlcontrol/jay_ws/install/cv_bridge/local/lib/python3.10/dist-packages/cv_bridge-3.2.1-py3.10.egg-info/dependency_links.txt
[10.735s] -- Installing: /home/rlcontrol/jay_ws/install/cv_bridge/local/lib/python3.10/dist-packages/cv_bridge-3.2.1-py3.10.egg-info/PKG-INFO
[10.735s] -- Installing: /home/rlcontrol/jay_ws/install/cv_bridge/local/lib/python3.10/dist-packages/cv_bridge-3.2.1-py3.10.egg-info/SOURCES.txt
[10.735s] -- Installing: /home/rlcontrol/jay_ws/install/cv_bridge/local/lib/python3.10/dist-packages/cv_bridge
[10.735s] -- Installing: /home/rlcontrol/jay_ws/install/cv_bridge/local/lib/python3.10/dist-packages/cv_bridge/__init__.py
[10.735s] -- Installing: /home/rlcontrol/jay_ws/install/cv_bridge/local/lib/python3.10/dist-packages/cv_bridge/core.py
[10.760s] Listing '/home/rlcontrol/jay_ws/install/cv_bridge/local/lib/python3.10/dist-packages/cv_bridge'...
[10.760s] Compiling '/home/rlcontrol/jay_ws/install/cv_bridge/local/lib/python3.10/dist-packages/cv_bridge/__init__.py'...
[10.760s] Compiling '/home/rlcontrol/jay_ws/install/cv_bridge/local/lib/python3.10/dist-packages/cv_bridge/core.py'...
[10.763s] -- Installing: /home/rlcontrol/jay_ws/install/cv_bridge/lib/libcv_bridge.so
[10.765s] -- Set runtime path of "/home/rlcontrol/jay_ws/install/cv_bridge/lib/libcv_bridge.so" to ""
[10.765s] -- Installing: /home/rlcontrol/jay_ws/install/cv_bridge/include/cv_bridge/cv_bridge/cv_bridge_export.h
[10.765s] -- Installing: /home/rlcontrol/jay_ws/install/cv_bridge/local/lib/python3.10/dist-packages/cv_bridge/boost/cv_bridge_boost.so
[10.766s] -- Set runtime path of "/home/rlcontrol/jay_ws/install/cv_bridge/local/lib/python3.10/dist-packages/cv_bridge/boost/cv_bridge_boost.so" to ""
[10.766s] -- Up-to-date: /home/rlcontrol/jay_ws/install/cv_bridge/include/cv_bridge
[10.766s] -- Up-to-date: /home/rlcontrol/jay_ws/install/cv_bridge/include/cv_bridge/cv_bridge
[10.766s] -- Installing: /home/rlcontrol/jay_ws/install/cv_bridge/include/cv_bridge/cv_bridge/rgb_colors.h
[10.766s] -- Installing: /home/rlcontrol/jay_ws/install/cv_bridge/include/cv_bridge/cv_bridge/cv_bridge.h
[10.766s] -- Up-to-date: /home/rlcontrol/jay_ws/install/cv_bridge/lib/libcv_bridge.so
[10.766s] -- Installing: /home/rlcontrol/jay_ws/install/cv_bridge/share/ament_index/resource_index/package_run_dependencies/cv_bridge
[10.767s] -- Installing: /home/rlcontrol/jay_ws/install/cv_bridge/share/ament_index/resource_index/parent_prefix_path/cv_bridge
[10.767s] -- Installing: /home/rlcontrol/jay_ws/install/cv_bridge/share/cv_bridge/environment/ament_prefix_path.sh
[10.767s] -- Installing: /home/rlcontrol/jay_ws/install/cv_bridge/share/cv_bridge/environment/ament_prefix_path.dsv
[10.767s] -- Installing: /home/rlcontrol/jay_ws/install/cv_bridge/share/cv_bridge/environment/path.sh
[10.767s] -- Installing: /home/rlcontrol/jay_ws/install/cv_bridge/share/cv_bridge/environment/path.dsv
[10.767s] -- Installing: /home/rlcontrol/jay_ws/install/cv_bridge/share/cv_bridge/local_setup.bash
[10.767s] -- Installing: /home/rlcontrol/jay_ws/install/cv_bridge/share/cv_bridge/local_setup.sh
[10.767s] -- Installing: /home/rlcontrol/jay_ws/install/cv_bridge/share/cv_bridge/local_setup.zsh
[10.767s] -- Installing: /home/rlcontrol/jay_ws/install/cv_bridge/share/cv_bridge/local_setup.dsv
[10.767s] -- Installing: /home/rlcontrol/jay_ws/install/cv_bridge/share/cv_bridge/package.dsv
[10.768s] -- Installing: /home/rlcontrol/jay_ws/install/cv_bridge/share/ament_index/resource_index/packages/cv_bridge
[10.768s] -- Installing: /home/rlcontrol/jay_ws/install/cv_bridge/share/cv_bridge/cmake/export_cv_bridgeExport.cmake
[10.768s] -- Installing: /home/rlcontrol/jay_ws/install/cv_bridge/share/cv_bridge/cmake/export_cv_bridgeExport-noconfig.cmake
[10.768s] -- Installing: /home/rlcontrol/jay_ws/install/cv_bridge/share/cv_bridge/cmake/cv_bridge-extras.cmake
[10.768s] -- Installing: /home/rlcontrol/jay_ws/install/cv_bridge/share/cv_bridge/cmake/ament_cmake_export_dependencies-extras.cmake
[10.768s] -- Installing: /home/rlcontrol/jay_ws/install/cv_bridge/share/cv_bridge/cmake/ament_cmake_export_targets-extras.cmake
[10.768s] -- Installing: /home/rlcontrol/jay_ws/install/cv_bridge/share/cv_bridge/cmake/cv_bridgeConfig.cmake
[10.768s] -- Installing: /home/rlcontrol/jay_ws/install/cv_bridge/share/cv_bridge/cmake/cv_bridgeConfig-version.cmake
[10.768s] -- Installing: /home/rlcontrol/jay_ws/install/cv_bridge/share/cv_bridge/package.xml
[10.774s] Invoked command in '/home/rlcontrol/jay_ws/build/cv_bridge' returned '0': CMAKE_PREFIX_PATH=/opt/ros/humble /home/rlcontrol/.local/bin/cmake --install /home/rlcontrol/jay_ws/build/cv_bridge
