[0.009s] Invoking command in '/home/rlcontrol/jay_ws/build/jaybot': CMAKE_PREFIX_PATH=/home/rlcontrol/jay_ws/install/rl_custom_messages:/home/rlcontrol/jay_ws/install/jaybot:/opt/ros/humble /home/rlcontrol/.local/bin/cmake --build /home/rlcontrol/jay_ws/build/jaybot -- -j6 -l6
[0.043s] -- Found ament_cmake: 1.3.4 (/opt/ros/humble/share/ament_cmake/cmake)
[0.132s] -- Override CMake install command with custom implementation using symlinks instead of copying resources
[0.141s] -- Found rclcpp: 16.0.4 (/opt/ros/humble/share/rclcpp/cmake)
[0.173s] -- Found rosidl_generator_c: 3.1.4 (/opt/ros/humble/share/rosidl_generator_c/cmake)
[0.176s] -- Found rosidl_adapter: 3.1.4 (/opt/ros/humble/share/rosidl_adapter/cmake)
[0.183s] -- Found rosidl_generator_cpp: 3.1.4 (/opt/ros/humble/share/rosidl_generator_cpp/cmake)
[0.197s] -- Using all available rosidl_typesupport_c: rosidl_typesupport_fastrtps_c;rosidl_typesupport_introspection_c
[0.214s] -- Using all available rosidl_typesupport_cpp: rosidl_typesupport_fastrtps_cpp;rosidl_typesupport_introspection_cpp
[0.286s] -- Found rmw_implementation_cmake: 6.1.1 (/opt/ros/humble/share/rmw_implementation_cmake/cmake)
[0.287s] -- Found rmw_fastrtps_cpp: 6.2.2 (/opt/ros/humble/share/rmw_fastrtps_cpp/cmake)
[0.414s] -- Using RMW implementation 'rmw_fastrtps_cpp' as default
[0.584s] -- Found rclpy: 3.3.8 (/opt/ros/humble/share/rclpy/cmake)
[0.584s] -- Found rl_custom_messages: 0.0.0 (/home/rlcontrol/jay_ws/install/rl_custom_messages/share/rl_custom_messages/cmake)
[0.599s] -- Found sensor_msgs: 4.2.3 (/opt/ros/humble/share/sensor_msgs/cmake)
[0.744s] -- Found OpenCV: /usr (found version "4.5.4") 
[0.862s] -- Configuring done (0.8s)
[0.887s] -- Generating done (0.0s)
[0.889s] -- Build files have been written to: /home/rlcontrol/jay_ws/build/jaybot
[0.911s] [ 12%] [32mBuilding CXX object CMakeFiles/camera_publisher.dir/src/camera_publisher.cpp.o[0m
[0.913s] [ 12%] Built target ament_cmake_python_symlink_jaybot
[0.918s] [ 25%] [32mBuilding CXX object CMakeFiles/range_publisher.dir/src/range_publisher.cpp.o[0m
[0.919s] [ 37%] [32mBuilding CXX object CMakeFiles/motor_controller.dir/src/motor_controller.cpp.o[0m
[0.919s] [ 50%] [32mBuilding CXX object CMakeFiles/rl_server.dir/src/rl_server.cpp.o[0m
[1.182s] [01m[K/home/rlcontrol/jay_ws/jaybot/src/rl_server.cpp:6:10:[m[K [01;31m[Kfatal error: [m[Kcv_bridge/cv_bridge.h: No such file or directory
[1.182s]     6 | #include [01;31m[K<cv_bridge/cv_bridge.h>[m[K
[1.182s]       |          [01;31m[K^~~~~~~~~~~~~~~~~~~~~~~[m[K
[1.182s] compilation terminated.
[1.184s] gmake[2]: *** [CMakeFiles/rl_server.dir/build.make:76: CMakeFiles/rl_server.dir/src/rl_server.cpp.o] Error 1
[1.184s] gmake[1]: *** [CMakeFiles/Makefile2:224: CMakeFiles/rl_server.dir/all] Error 2
[1.184s] gmake[1]: *** Waiting for unfinished jobs....
[1.199s] running egg_info
[1.199s] writing jaybot.egg-info/PKG-INFO
[1.200s] writing dependency_links to jaybot.egg-info/dependency_links.txt
[1.200s] writing top-level names to jaybot.egg-info/top_level.txt
[1.202s] reading manifest file 'jaybot.egg-info/SOURCES.txt'
[1.203s] writing manifest file 'jaybot.egg-info/SOURCES.txt'
[1.223s] [ 50%] Built target ament_cmake_python_build_jaybot_egg
[1.285s] [01m[K/home/rlcontrol/jay_ws/jaybot/src/camera_publisher.cpp:4:10:[m[K [01;31m[Kfatal error: [m[Kcv_bridge/cv_bridge.h: No such file or directory
[1.285s]     4 | #include [01;31m[K<cv_bridge/cv_bridge.h>[m[K
[1.286s]       |          [01;31m[K^~~~~~~~~~~~~~~~~~~~~~~[m[K
[1.286s] compilation terminated.
[1.288s] gmake[2]: *** [CMakeFiles/camera_publisher.dir/build.make:76: CMakeFiles/camera_publisher.dir/src/camera_publisher.cpp.o] Error 1
[1.288s] gmake[1]: *** [CMakeFiles/Makefile2:198: CMakeFiles/camera_publisher.dir/all] Error 2
[5.730s] [ 62%] [32m[1mLinking CXX executable range_publisher[0m
[5.956s] [ 62%] Built target range_publisher
[8.877s] [ 75%] [32m[1mLinking CXX executable motor_controller[0m
[9.156s] [ 75%] Built target motor_controller
[9.157s] gmake: *** [Makefile:146: all] Error 2
[9.162s] Invoked command in '/home/rlcontrol/jay_ws/build/jaybot' returned '2': CMAKE_PREFIX_PATH=/home/rlcontrol/jay_ws/install/rl_custom_messages:/home/rlcontrol/jay_ws/install/jaybot:/opt/ros/humble /home/rlcontrol/.local/bin/cmake --build /home/rlcontrol/jay_ws/build/jaybot -- -j6 -l6
