[0.174s] Invoking command in '/home/rlagent/jay_ws/build/jaybot': AMENT_PREFIX_PATH=/home/rlagent/jay_ws/install/rl_custom_messages:${AMENT_PREFIX_PATH} CMAKE_PREFIX_PATH=/home/rlagent/jay_ws/install/rl_custom_messages:/opt/ros/humble LD_LIBRARY_PATH=/home/rlagent/jay_ws/install/rl_custom_messages/lib:${LD_LIBRARY_PATH} PYTHONPATH=/home/rlagent/jay_ws/install/rl_custom_messages/local/lib/python3.10/dist-packages:${PYTHONPATH} /usr/bin/cmake --build /home/rlagent/jay_ws/build/jaybot -- -j4 -l4
[0.654s] -- Found ament_cmake: 1.3.4 (/opt/ros/humble/share/ament_cmake/cmake)
[2.333s] -- Found rclcpp: 16.0.4 (/opt/ros/humble/share/rclcpp/cmake)
[2.773s] -- Found rosidl_generator_c: 3.1.4 (/opt/ros/humble/share/rosidl_generator_c/cmake)
[2.806s] -- Found rosidl_adapter: 3.1.4 (/opt/ros/humble/share/rosidl_adapter/cmake)
[2.885s] -- Found rosidl_generator_cpp: 3.1.4 (/opt/ros/humble/share/rosidl_generator_cpp/cmake)
[3.019s] -- Using all available rosidl_typesupport_c: rosidl_typesupport_fastrtps_c;rosidl_typesupport_introspection_c
[3.190s] -- Using all available rosidl_typesupport_cpp: rosidl_typesupport_fastrtps_cpp;rosidl_typesupport_introspection_cpp
[3.797s] -- Found rmw_implementation_cmake: 6.1.1 (/opt/ros/humble/share/rmw_implementation_cmake/cmake)
[3.820s] -- Found rmw_fastrtps_cpp: 6.2.2 (/opt/ros/humble/share/rmw_fastrtps_cpp/cmake)
[5.587s] -- Using RMW implementation 'rmw_fastrtps_cpp' as default
[7.085s] -- Found rl_custom_messages: 0.0.0 (/home/rlagent/jay_ws/install/rl_custom_messages/share/rl_custom_messages/cmake)
[7.950s] -- Configuring done
[8.145s] -- Generating done
[8.163s] -- Build files have been written to: /home/rlagent/jay_ws/build/jaybot
[8.353s] [35m[1mConsolidate compiler generated dependencies of target range_publisher[0m
[8.416s] [ 25%] [32mBuilding CXX object CMakeFiles/motor_controller.dir/src/motor_controller.cpp.o[0m
[8.585s] [ 50%] [32mBuilding CXX object CMakeFiles/range_publisher.dir/src/range_publisher.cpp.o[0m
[1202.992s] [ 75%] [32m[1mLinking CXX executable range_publisher[0m
[1206.011s] [ 75%] Built target range_publisher
[1730.792s] [100%] [32m[1mLinking CXX executable motor_controller[0m
[1735.126s] [100%] Built target motor_controller
[1735.765s] Invoked command in '/home/rlagent/jay_ws/build/jaybot' returned '0': AMENT_PREFIX_PATH=/home/rlagent/jay_ws/install/rl_custom_messages:${AMENT_PREFIX_PATH} CMAKE_PREFIX_PATH=/home/rlagent/jay_ws/install/rl_custom_messages:/opt/ros/humble LD_LIBRARY_PATH=/home/rlagent/jay_ws/install/rl_custom_messages/lib:${LD_LIBRARY_PATH} PYTHONPATH=/home/rlagent/jay_ws/install/rl_custom_messages/local/lib/python3.10/dist-packages:${PYTHONPATH} /usr/bin/cmake --build /home/rlagent/jay_ws/build/jaybot -- -j4 -l4
[1736.390s] Invoking command in '/home/rlagent/jay_ws/build/jaybot': AMENT_PREFIX_PATH=/home/rlagent/jay_ws/install/rl_custom_messages:${AMENT_PREFIX_PATH} CMAKE_PREFIX_PATH=/home/rlagent/jay_ws/install/rl_custom_messages:/opt/ros/humble LD_LIBRARY_PATH=/home/rlagent/jay_ws/install/rl_custom_messages/lib:${LD_LIBRARY_PATH} PYTHONPATH=/home/rlagent/jay_ws/install/rl_custom_messages/local/lib/python3.10/dist-packages:${PYTHONPATH} /usr/bin/cmake --install /home/rlagent/jay_ws/build/jaybot
[1736.454s] -- Install configuration: ""
[1736.475s] -- Installing: /home/rlagent/jay_ws/install/jaybot/lib/jaybot/range_publisher
[1736.531s] -- Set runtime path of "/home/rlagent/jay_ws/install/jaybot/lib/jaybot/range_publisher" to ""
[1736.532s] -- Installing: /home/rlagent/jay_ws/install/jaybot/lib/jaybot/motor_controller
[1736.584s] -- Set runtime path of "/home/rlagent/jay_ws/install/jaybot/lib/jaybot/motor_controller" to ""
[1736.586s] -- Up-to-date: /home/rlagent/jay_ws/install/jaybot/include
[1736.589s] -- Up-to-date: /home/rlagent/jay_ws/install/jaybot/include/jaybot
[1736.591s] -- Installing: /home/rlagent/jay_ws/install/jaybot/include/jaybot/motor_controller.h
[1736.594s] -- Up-to-date: /home/rlagent/jay_ws/install/jaybot/include/jaybot/RangeSensor.h
[1736.602s] -- Up-to-date: /home/rlagent/jay_ws/install/jaybot/share/ament_index/resource_index/package_run_dependencies/jaybot
[1736.613s] -- Installing: /home/rlagent/jay_ws/install/jaybot/share/ament_index/resource_index/parent_prefix_path/jaybot
[1736.633s] -- Up-to-date: /home/rlagent/jay_ws/install/jaybot/share/jaybot/environment/ament_prefix_path.sh
[1736.635s] -- Installing: /home/rlagent/jay_ws/install/jaybot/share/jaybot/environment/ament_prefix_path.dsv
[1736.641s] -- Up-to-date: /home/rlagent/jay_ws/install/jaybot/share/jaybot/environment/path.sh
[1736.642s] -- Installing: /home/rlagent/jay_ws/install/jaybot/share/jaybot/environment/path.dsv
[1736.645s] -- Up-to-date: /home/rlagent/jay_ws/install/jaybot/share/jaybot/local_setup.bash
[1736.647s] -- Up-to-date: /home/rlagent/jay_ws/install/jaybot/share/jaybot/local_setup.sh
[1736.648s] -- Up-to-date: /home/rlagent/jay_ws/install/jaybot/share/jaybot/local_setup.zsh
[1736.649s] -- Installing: /home/rlagent/jay_ws/install/jaybot/share/jaybot/local_setup.dsv
[1736.656s] -- Installing: /home/rlagent/jay_ws/install/jaybot/share/jaybot/package.dsv
[1736.665s] -- Up-to-date: /home/rlagent/jay_ws/install/jaybot/share/ament_index/resource_index/packages/jaybot
[1736.668s] -- Up-to-date: /home/rlagent/jay_ws/install/jaybot/share/jaybot/cmake/ament_cmake_export_dependencies-extras.cmake
[1736.671s] -- Up-to-date: /home/rlagent/jay_ws/install/jaybot/share/jaybot/cmake/jaybotConfig.cmake
[1736.672s] -- Up-to-date: /home/rlagent/jay_ws/install/jaybot/share/jaybot/cmake/jaybotConfig-version.cmake
[1736.673s] -- Up-to-date: /home/rlagent/jay_ws/install/jaybot/share/jaybot/package.xml
[1736.711s] Invoked command in '/home/rlagent/jay_ws/build/jaybot' returned '0': AMENT_PREFIX_PATH=/home/rlagent/jay_ws/install/rl_custom_messages:${AMENT_PREFIX_PATH} CMAKE_PREFIX_PATH=/home/rlagent/jay_ws/install/rl_custom_messages:/opt/ros/humble LD_LIBRARY_PATH=/home/rlagent/jay_ws/install/rl_custom_messages/lib:${LD_LIBRARY_PATH} PYTHONPATH=/home/rlagent/jay_ws/install/rl_custom_messages/local/lib/python3.10/dist-packages:${PYTHONPATH} /usr/bin/cmake --install /home/rlagent/jay_ws/build/jaybot
