[0.012s] Invoking command in '/home/rlcontrol/jay_ws/build/jaybot': CMAKE_PREFIX_PATH=/home/rlcontrol/jay_ws/install/rl_custom_messages:/home/rlcontrol/jay_ws/install/jaybot:/opt/ros/humble /home/rlcontrol/.local/bin/cmake --build /home/rlcontrol/jay_ws/build/jaybot -- -j6 -l6
[0.055s] -- Found ament_cmake: 1.3.4 (/opt/ros/humble/share/ament_cmake/cmake)
[0.179s] -- Found rclcpp: 16.0.4 (/opt/ros/humble/share/rclcpp/cmake)
[0.217s] -- Found rosidl_generator_c: 3.1.4 (/opt/ros/humble/share/rosidl_generator_c/cmake)
[0.220s] -- Found rosidl_adapter: 3.1.4 (/opt/ros/humble/share/rosidl_adapter/cmake)
[0.227s] -- Found rosidl_generator_cpp: 3.1.4 (/opt/ros/humble/share/rosidl_generator_cpp/cmake)
[0.242s] -- Using all available rosidl_typesupport_c: rosidl_typesupport_fastrtps_c;rosidl_typesupport_introspection_c
[0.262s] -- Using all available rosidl_typesupport_cpp: rosidl_typesupport_fastrtps_cpp;rosidl_typesupport_introspection_cpp
[0.324s] -- Found rmw_implementation_cmake: 6.1.1 (/opt/ros/humble/share/rmw_implementation_cmake/cmake)
[0.325s] -- Found rmw_fastrtps_cpp: 6.2.2 (/opt/ros/humble/share/rmw_fastrtps_cpp/cmake)
[0.432s] -- Using RMW implementation 'rmw_fastrtps_cpp' as default
[0.607s] -- Found rclpy: 3.3.8 (/opt/ros/humble/share/rclpy/cmake)
[0.607s] -- Found rl_custom_messages: 0.0.0 (/home/rlcontrol/jay_ws/install/rl_custom_messages/share/rl_custom_messages/cmake)
[0.733s] -- Configuring done (0.7s)
[0.747s] -- Generating done (0.0s)
[0.749s] -- Build files have been written to: /home/rlcontrol/jay_ws/build/jaybot
[0.771s] [  0%] Built target ament_cmake_python_copy_jaybot
[0.776s] [100%] Built target range_publisher
[0.777s] [100%] Built target rl_server
[0.994s] running egg_info
[0.994s] creating jaybot.egg-info
[0.994s] writing jaybot.egg-info/PKG-INFO
[0.995s] writing dependency_links to jaybot.egg-info/dependency_links.txt
[0.995s] writing top-level names to jaybot.egg-info/top_level.txt
[0.995s] writing manifest file 'jaybot.egg-info/SOURCES.txt'
[0.996s] reading manifest file 'jaybot.egg-info/SOURCES.txt'
[0.997s] writing manifest file 'jaybot.egg-info/SOURCES.txt'
[1.016s] [100%] Built target ament_cmake_python_build_jaybot_egg
[1.024s] Invoked command in '/home/rlcontrol/jay_ws/build/jaybot' returned '0': CMAKE_PREFIX_PATH=/home/rlcontrol/jay_ws/install/rl_custom_messages:/home/rlcontrol/jay_ws/install/jaybot:/opt/ros/humble /home/rlcontrol/.local/bin/cmake --build /home/rlcontrol/jay_ws/build/jaybot -- -j6 -l6
[1.082s] Invoking command in '/home/rlcontrol/jay_ws/build/jaybot': CMAKE_PREFIX_PATH=/home/rlcontrol/jay_ws/install/rl_custom_messages:/home/rlcontrol/jay_ws/install/jaybot:/opt/ros/humble /home/rlcontrol/.local/bin/cmake --install /home/rlcontrol/jay_ws/build/jaybot
[1.106s] -- Install configuration: ""
[1.106s] -- Up-to-date: /home/rlcontrol/jay_ws/install/jaybot/lib/jaybot/range_publisher
[1.106s] -- Up-to-date: /home/rlcontrol/jay_ws/install/jaybot/lib/jaybot/rl_server
[1.107s] -- Up-to-date: /home/rlcontrol/jay_ws/install/jaybot/include
[1.107s] -- Up-to-date: /home/rlcontrol/jay_ws/install/jaybot/include/jaybot
[1.107s] -- Up-to-date: /home/rlcontrol/jay_ws/install/jaybot/include/jaybot/RangeSensor.h
[1.107s] -- Installing: /home/rlcontrol/jay_ws/install/jaybot/share/jaybot/environment/pythonpath.sh
[1.107s] -- Installing: /home/rlcontrol/jay_ws/install/jaybot/share/jaybot/environment/pythonpath.dsv
[1.107s] -- Installing: /home/rlcontrol/jay_ws/install/jaybot/local/lib/python3.10/dist-packages/jaybot-0.0.0-py3.10.egg-info
[1.107s] -- Installing: /home/rlcontrol/jay_ws/install/jaybot/local/lib/python3.10/dist-packages/jaybot-0.0.0-py3.10.egg-info/top_level.txt
[1.107s] -- Installing: /home/rlcontrol/jay_ws/install/jaybot/local/lib/python3.10/dist-packages/jaybot-0.0.0-py3.10.egg-info/dependency_links.txt
[1.107s] -- Installing: /home/rlcontrol/jay_ws/install/jaybot/local/lib/python3.10/dist-packages/jaybot-0.0.0-py3.10.egg-info/PKG-INFO
[1.108s] -- Installing: /home/rlcontrol/jay_ws/install/jaybot/local/lib/python3.10/dist-packages/jaybot-0.0.0-py3.10.egg-info/SOURCES.txt
[1.108s] -- Installing: /home/rlcontrol/jay_ws/install/jaybot/local/lib/python3.10/dist-packages/jaybot
[1.108s] -- Installing: /home/rlcontrol/jay_ws/install/jaybot/local/lib/python3.10/dist-packages/jaybot/__init__.py
[1.133s] Listing '/home/rlcontrol/jay_ws/install/jaybot/local/lib/python3.10/dist-packages/jaybot'...
[1.133s] Compiling '/home/rlcontrol/jay_ws/install/jaybot/local/lib/python3.10/dist-packages/jaybot/__init__.py'...
[1.136s] -- Installing: /home/rlcontrol/jay_ws/install/jaybot/lib/jaybot/rl_mind.py
[1.136s] -- Installing: /home/rlcontrol/jay_ws/install/jaybot/share/ament_index/resource_index/package_run_dependencies/jaybot
[1.136s] -- Up-to-date: /home/rlcontrol/jay_ws/install/jaybot/share/ament_index/resource_index/parent_prefix_path/jaybot
[1.137s] -- Up-to-date: /home/rlcontrol/jay_ws/install/jaybot/share/jaybot/environment/ament_prefix_path.sh
[1.137s] -- Installing: /home/rlcontrol/jay_ws/install/jaybot/share/jaybot/environment/ament_prefix_path.dsv
[1.137s] -- Up-to-date: /home/rlcontrol/jay_ws/install/jaybot/share/jaybot/environment/path.sh
[1.137s] -- Installing: /home/rlcontrol/jay_ws/install/jaybot/share/jaybot/environment/path.dsv
[1.137s] -- Up-to-date: /home/rlcontrol/jay_ws/install/jaybot/share/jaybot/local_setup.bash
[1.137s] -- Installing: /home/rlcontrol/jay_ws/install/jaybot/share/jaybot/local_setup.sh
[1.137s] -- Up-to-date: /home/rlcontrol/jay_ws/install/jaybot/share/jaybot/local_setup.zsh
[1.137s] -- Installing: /home/rlcontrol/jay_ws/install/jaybot/share/jaybot/local_setup.dsv
[1.137s] -- Installing: /home/rlcontrol/jay_ws/install/jaybot/share/jaybot/package.dsv
[1.138s] -- Up-to-date: /home/rlcontrol/jay_ws/install/jaybot/share/ament_index/resource_index/packages/jaybot
[1.138s] -- Up-to-date: /home/rlcontrol/jay_ws/install/jaybot/share/jaybot/cmake/ament_cmake_export_dependencies-extras.cmake
[1.138s] -- Up-to-date: /home/rlcontrol/jay_ws/install/jaybot/share/jaybot/cmake/jaybotConfig.cmake
[1.138s] -- Up-to-date: /home/rlcontrol/jay_ws/install/jaybot/share/jaybot/cmake/jaybotConfig-version.cmake
[1.138s] -- Installing: /home/rlcontrol/jay_ws/install/jaybot/share/jaybot/package.xml
[1.144s] Invoked command in '/home/rlcontrol/jay_ws/build/jaybot' returned '0': CMAKE_PREFIX_PATH=/home/rlcontrol/jay_ws/install/rl_custom_messages:/home/rlcontrol/jay_ws/install/jaybot:/opt/ros/humble /home/rlcontrol/.local/bin/cmake --install /home/rlcontrol/jay_ws/build/jaybot
