[  0%] Built target ament_cmake_python_symlink_jaybot
[ 25%] Built target motor_controller
[ 50%] Built target range_publisher
[ 75%] [32mBuilding CXX object CMakeFiles/camera_publisher.dir/src/camera_publisher.cpp.o[0m
[ 75%] [32mBuilding CXX object CMakeFiles/rl_server.dir/src/rl_server.cpp.o[0m
running egg_info
writing jaybot.egg-info/PKG-INFO
writing dependency_links to jaybot.egg-info/dependency_links.txt
writing top-level names to jaybot.egg-info/top_level.txt
reading manifest file 'jaybot.egg-info/SOURCES.txt'
writing manifest file 'jaybot.egg-info/SOURCES.txt'
[ 75%] Built target ament_cmake_python_build_jaybot_egg
[01m[K/home/rlcontrol/jay_ws/jaybot/src/camera_publisher.cpp:[m[K In function ‘[01m[Kint main(int, char**)[m[K’:
[01m[K/home/rlcontrol/jay_ws/jaybot/src/camera_publisher.cpp:55:10:[m[K [01;31m[Kerror: [m[Kconflicting declaration ‘[01m[Kauto imagePublisherNode[m[K’
   55 |     auto [01;31m[KimagePublisherNode[m[K = std::make_shared<ImagePublisher>();
      |          [01;31m[K^~~~~~~~~~~~~~~~~~[m[K
[01m[K/home/rlcontrol/jay_ws/jaybot/src/camera_publisher.cpp:53:10:[m[K [01;36m[Knote: [m[Kprevious declaration as ‘[01m[Kstd::shared_ptr<ImagePublisher> imagePublisherNode[m[K’
   53 |     auto [01;36m[KimagePublisherNode[m[K = std::make_shared<ImagePublisher>();
      |          [01;36m[K^~~~~~~~~~~~~~~~~~[m[K
In file included from [01m[K/usr/include/c++/11/pstl/glue_algorithm_defs.h:13[m[K,
                 from [01m[K/usr/include/c++/11/algorithm:74[m[K,
                 from [01m[K/opt/ros/humble/include/rclcpp/rclcpp/executor.hpp:18[m[K,
                 from [01m[K/opt/ros/humble/include/rclcpp/rclcpp/executors/multi_threaded_executor.hpp:25[m[K,
                 from [01m[K/opt/ros/humble/include/rclcpp/rclcpp/executors.hpp:21[m[K,
                 from [01m[K/opt/ros/humble/include/rclcpp/rclcpp/rclcpp.hpp:155[m[K,
                 from [01m[K/home/rlcontrol/jay_ws/jaybot/src/rl_server.cpp:1[m[K:
/usr/include/c++/11/functional: In instantiation of ‘[01m[Kstruct std::_Bind_check_arity<void (ImageServer::*)(std::shared_ptr<rl_custom_messages::srv::ImageService_Response_<std::allocator<void> > >), ImageServer*, const std::_Placeholder<1>&, const std::_Placeholder<2>&>[m[K’:
[01m[K/usr/include/c++/11/functional:768:12:[m[K   required from ‘[01m[Kstruct std::_Bind_helper<false, void (ImageServer::*)(std::shared_ptr<rl_custom_messages::srv::ImageService_Response_<std::allocator<void> > >), ImageServer*, const std::_Placeholder<1>&, const std::_Placeholder<2>&>[m[K’
[01m[K/usr/include/c++/11/functional:789:5:[m[K   required by substitution of ‘[01m[Ktemplate<class _Func, class ... _BoundArgs> typename std::_Bind_helper<std::__is_socketlike<_Func>::value, _Func, _BoundArgs ...>::type std::bind(_Func&&, _BoundArgs&& ...) [with _Func = void (ImageServer::*)(std::shared_ptr<rl_custom_messages::srv::ImageService_Response_<std::allocator<void> > >); _BoundArgs = {ImageServer*, const std::_Placeholder<1>&, const std::_Placeholder<2>&}][m[K’
[01m[K/home/rlcontrol/jay_ws/jaybot/src/rl_server.cpp:68:18:[m[K   required from here
[01m[K/usr/include/c++/11/functional:756:21:[m[K [01;31m[Kerror: [m[Kstatic assertion failed: Wrong number of arguments for pointer-to-member
  755 |       static_assert(_Varargs::[01;31m[Kvalue[m[K
      |                               [01;31m[K~~~~~[m[K
  756 | [01;31m[K                    ? sizeof...(_BoundArgs) >= _Arity::value + 1[m[K
      |                     [01;31m[K^~~~~~~~~~~~~~~~~~~~~~~~~~~~~~~~~~~~~~~~~~~~[m[K
  757 | [01;31m[K                    : sizeof...(_BoundArgs) == _Arity::value + 1[m[K,
      |                     [01;31m[K~~~~~~~~~~~~~~~~~~~~~~~~~~~~~~~~~~~~~~~~~~~~[m[K
[01m[K/usr/include/c++/11/functional:756:21:[m[K [01;36m[Knote: [m[K‘[01m[K(false ? (3 >= (((long unsigned int)std::integral_constant<long unsigned int, 1>::value) + 1)) : (3 == (((long unsigned int)std::integral_constant<long unsigned int, 1>::value) + 1)))[m[K’ evaluates to false
In file included from [01m[K/opt/ros/humble/include/rclcpp/rclcpp/service.hpp:36[m[K,
                 from [01m[K/opt/ros/humble/include/rclcpp/rclcpp/callback_group.hpp:28[m[K,
                 from [01m[K/opt/ros/humble/include/rclcpp/rclcpp/any_executable.hpp:20[m[K,
                 from [01m[K/opt/ros/humble/include/rclcpp/rclcpp/memory_strategy.hpp:25[m[K,
                 from [01m[K/opt/ros/humble/include/rclcpp/rclcpp/memory_strategies.hpp:18[m[K,
                 from [01m[K/opt/ros/humble/include/rclcpp/rclcpp/executor_options.hpp:20[m[K,
                 from [01m[K/opt/ros/humble/include/rclcpp/rclcpp/executor.hpp:37[m[K,
                 from [01m[K/opt/ros/humble/include/rclcpp/rclcpp/executors/multi_threaded_executor.hpp:25[m[K,
                 from [01m[K/opt/ros/humble/include/rclcpp/rclcpp/executors.hpp:21[m[K,
                 from [01m[K/opt/ros/humble/include/rclcpp/rclcpp/rclcpp.hpp:155[m[K,
                 from [01m[K/home/rlcontrol/jay_ws/jaybot/src/rl_server.cpp:1[m[K:
/opt/ros/humble/include/rclcpp/rclcpp/any_service_callback.hpp: In instantiation of ‘[01m[Kvoid rclcpp::AnyServiceCallback<ServiceT>::set(CallbackT&&) [with CallbackT = std::_Bind<void (ImageServer::*(ImageServer*, std::_Placeholder<1>, std::_Placeholder<2>))(std::shared_ptr<rl_custom_messages::srv::ImageService_Response_<std::allocator<void> > >)>; typename std::enable_if<(! rclcpp::detail::can_be_nullptr<CallbackT>::value), int>::type <anonymous> = 0; ServiceT = rl_custom_messages::srv::ImageService][m[K’:
[01m[K/opt/ros/humble/include/rclcpp/rclcpp/create_service.hpp:43:27:[m[K   required from ‘[01m[Ktypename rclcpp::Service<ServiceT>::SharedPtr rclcpp::create_service(std::shared_ptr<rclcpp::node_interfaces::NodeBaseInterface>, std::shared_ptr<rclcpp::node_interfaces::NodeServicesInterface>, const string&, CallbackT&&, const rmw_qos_profile_t&, rclcpp::CallbackGroup::SharedPtr) [with ServiceT = rl_custom_messages::srv::ImageService; CallbackT = std::_Bind<void (ImageServer::*(ImageServer*, std::_Placeholder<1>, std::_Placeholder<2>))(std::shared_ptr<rl_custom_messages::srv::ImageService_Response_<std::allocator<void> > >)>; typename rclcpp::Service<ServiceT>::SharedPtr = std::shared_ptr<rclcpp::Service<rl_custom_messages::srv::ImageService> >; std::string = std::__cxx11::basic_string<char>; rmw_qos_profile_t = rmw_qos_profile_s; rclcpp::CallbackGroup::SharedPtr = std::shared_ptr<rclcpp::CallbackGroup>][m[K’
[01m[K/opt/ros/humble/include/rclcpp/rclcpp/node_impl.hpp:147:53:[m[K   required from ‘[01m[Ktypename rclcpp::Service<ServiceT>::SharedPtr rclcpp::Node::create_service(const string&, CallbackT&&, const rmw_qos_profile_t&, rclcpp::CallbackGroup::SharedPtr) [with ServiceT = rl_custom_messages::srv::ImageService; CallbackT = std::_Bind<void (ImageServer::*(ImageServer*, std::_Placeholder<1>, std::_Placeholder<2>))(std::shared_ptr<rl_custom_messages::srv::ImageService_Response_<std::allocator<void> > >)>; typename rclcpp::Service<ServiceT>::SharedPtr = std::shared_ptr<rclcpp::Service<rl_custom_messages::srv::ImageService> >; std::string = std::__cxx11::basic_string<char>; rmw_qos_profile_t = rmw_qos_profile_s; rclcpp::CallbackGroup::SharedPtr = std::shared_ptr<rclcpp::CallbackGroup>][m[K’
[01m[K/home/rlcontrol/jay_ws/jaybot/src/rl_server.cpp:67:79:[m[K   required from here
[01m[K/opt/ros/humble/include/rclcpp/rclcpp/any_service_callback.hpp:103:17:[m[K [01;31m[Kerror: [m[Kno match for ‘[01m[Koperator=[m[K’ (operand types are ‘[01m[Kstd::variant<std::monostate, std::function<void(std::shared_ptr<rl_custom_messages::srv::ImageService_Request_<std::allocator<void> > >, std::shared_ptr<rl_custom_messages::srv::ImageService_Response_<std::allocator<void> > >)>, std::function<void(std::shared_ptr<rmw_request_id_s>, std::shared_ptr<rl_custom_messages::srv::ImageService_Request_<std::allocator<void> > >, std::shared_ptr<rl_custom_messages::srv::ImageService_Response_<std::allocator<void> > >)>, std::function<void(std::shared_ptr<rmw_request_id_s>, std::shared_ptr<rl_custom_messages::srv::ImageService_Request_<std::allocator<void> > >)>, std::function<void(std::shared_ptr<rclcpp::Service<rl_custom_messages::srv::ImageService> >, std::shared_ptr<rmw_request_id_s>, std::shared_ptr<rl_custom_messages::srv::ImageService_Request_<std::allocator<void> > >)> >[m[K’ and ‘[01m[Kstd::_Bind<void (ImageServer::*(ImageServer*, std::_Placeholder<1>, std::_Placeholder<2>))(std::shared_ptr<rl_custom_messages::srv::ImageService_Response_<std::allocator<void> > >)>[m[K’)
  103 |       [01;31m[Kcallback_ = std::forward<CallbackT>(callback)[m[K;
      |       [01;31m[K~~~~~~~~~~^~~~~~~~~~~~~~~~~~~~~~~~~~~~~~~~~~~[m[K
In file included from [01m[K/opt/ros/humble/include/rclcpp/rclcpp/client.hpp:28[m[K,
                 from [01m[K/opt/ros/humble/include/rclcpp/rclcpp/callback_group.hpp:24[m[K,
                 from [01m[K/opt/ros/humble/include/rclcpp/rclcpp/any_executable.hpp:20[m[K,
                 from [01m[K/opt/ros/humble/include/rclcpp/rclcpp/memory_strategy.hpp:25[m[K,
                 from [01m[K/opt/ros/humble/include/rclcpp/rclcpp/memory_strategies.hpp:18[m[K,
                 from [01m[K/opt/ros/humble/include/rclcpp/rclcpp/executor_options.hpp:20[m[K,
                 from [01m[K/opt/ros/humble/include/rclcpp/rclcpp/executor.hpp:37[m[K,
                 from [01m[K/opt/ros/humble/include/rclcpp/rclcpp/executors/multi_threaded_executor.hpp:25[m[K,
                 from [01m[K/opt/ros/humble/include/rclcpp/rclcpp/executors.hpp:21[m[K,
                 from [01m[K/opt/ros/humble/include/rclcpp/rclcpp/rclcpp.hpp:155[m[K,
                 from [01m[K/home/rlcontrol/jay_ws/jaybot/src/rl_server.cpp:1[m[K:
[01m[K/usr/include/c++/11/variant:1477:9:[m[K [01;36m[Knote: [m[Kcandidate: ‘[01m[Ktemplate<class _Tp> std::enable_if_t<((__exactly_once<std::variant<_Types>::__accepted_type<_Tp&&, typename std::enable_if<__not_self<_Tp&&>, void>::type> > && is_constructible_v<std::variant<_Types>::__accepted_type<_Tp&&, typename std::enable_if<__not_self<_Tp&&>, void>::type>, _Tp>) && is_assignable_v<std::variant<_Types>::__accepted_type<_Tp&&, typename std::enable_if<__not_self<_Tp&&>, void>::type>&, _Tp>), std::variant<_Types>&> std::variant<_Types>::operator=(_Tp&&) [with _Tp = _Tp; _Types = {std::monostate, std::function<void(std::shared_ptr<rl_custom_messages::srv::ImageService_Request_<std::allocator<void> > >, std::shared_ptr<rl_custom_messages::srv::ImageService_Response_<std::allocator<void> > >)>, std::function<void(std::shared_ptr<rmw_request_id_s>, std::shared_ptr<rl_custom_messages::srv::ImageService_Request_<std::allocator<void> > >, std::shared_ptr<rl_custom_messages::srv::ImageService_Response_<std::allocator<void> > >)>, std::function<void(std::shared_ptr<rmw_request_id_s>, std::shared_ptr<rl_custom_messages::srv::ImageService_Request_<std::allocator<void> > >)>, std::function<void(std::shared_ptr<rclcpp::Service<rl_custom_messages::srv::ImageService> >, std::shared_ptr<rmw_request_id_s>, std::shared_ptr<rl_custom_messages::srv::ImageService_Request_<std::allocator<void> > >)>}][m[K’
 1477 |         [01;36m[Koperator[m[K=(_Tp&& __rhs)
      |         [01;36m[K^~~~~~~~[m[K
[01m[K/usr/include/c++/11/variant:1477:9:[m[K [01;36m[Knote: [m[K  template argument deduction/substitution failed:
/usr/include/c++/11/variant: In substitution of ‘[01m[Ktemplate<class ... _Types> template<class _Tp, class> using __accepted_type = std::variant<_Types>::__to_type<__accepted_index<_Tp> > [with _Tp = std::_Bind<void (ImageServer::*(ImageServer*, std::_Placeholder<1>, std::_Placeholder<2>))(std::shared_ptr<rl_custom_messages::srv::ImageService_Response_<std::allocator<void> > >)>&&; <template-parameter-2-2> = void; _Types = {std::monostate, std::function<void(std::shared_ptr<rl_custom_messages::srv::ImageService_Request_<std::allocator<void> > >, std::shared_ptr<rl_custom_messages::srv::ImageService_Response_<std::allocator<void> > >)>, std::function<void(std::shared_ptr<rmw_request_id_s>, std::shared_ptr<rl_custom_messages::srv::ImageService_Request_<std::allocator<void> > >, std::shared_ptr<rl_custom_messages::srv::ImageService_Response_<std::allocator<void> > >)>, std::function<void(std::shared_ptr<rmw_request_id_s>, std::shared_ptr<rl_custom_messages::srv::ImageService_Request_<std::allocator<void> > >)>, std::function<void(std::shared_ptr<rclcpp::Service<rl_custom_messages::srv::ImageService> >, std::shared_ptr<rmw_request_id_s>, std::shared_ptr<rl_custom_messages::srv::ImageService_Request_<std::allocator<void> > >)>}][m[K’:
[01m[K/usr/include/c++/11/variant:1473:14:[m[K   required by substitution of ‘[01m[Ktemplate<class _Tp> std::enable_if_t<((__exactly_once<std::variant<std::monostate, std::function<void(std::shared_ptr<rl_custom_messages::srv::ImageService_Request_<std::allocator<void> > >, std::shared_ptr<rl_custom_messages::srv::ImageService_Response_<std::allocator<void> > >)>, std::function<void(std::shared_ptr<rmw_request_id_s>, std::shared_ptr<rl_custom_messages::srv::ImageService_Request_<std::allocator<void> > >, std::shared_ptr<rl_custom_messages::srv::ImageService_Response_<std::allocator<void> > >)>, std::function<void(std::shared_ptr<rmw_request_id_s>, std::shared_ptr<rl_custom_messages::srv::ImageService_Request_<std::allocator<void> > >)>, std::function<void(std::shared_ptr<rclcpp::Service<rl_custom_messages::srv::ImageService> >, std::shared_ptr<rmw_request_id_s>, std::shared_ptr<rl_custom_messages::srv::ImageService_Request_<std::allocator<void> > >)> >::__accepted_type<_Tp&&, typename std::enable_if<__not_self<_Tp&&>, void>::type> > && is_constructible_v<std::variant<std::monostate, std::function<void(std::shared_ptr<rl_custom_messages::srv::ImageService_Request_<std::allocator<void> > >, std::shared_ptr<rl_custom_messages::srv::ImageService_Response_<std::allocator<void> > >)>, std::function<void(std::shared_ptr<rmw_request_id_s>, std::shared_ptr<rl_custom_messages::srv::ImageService_Request_<std::allocator<void> > >, std::shared_ptr<rl_custom_messages::srv::ImageService_Response_<std::allocator<void> > >)>, std::function<void(std::shared_ptr<rmw_request_id_s>, std::shared_ptr<rl_custom_messages::srv::ImageService_Request_<std::allocator<void> > >)>, std::function<void(std::shared_ptr<rclcpp::Service<rl_custom_messages::srv::ImageService> >, std::shared_ptr<rmw_request_id_s>, std::shared_ptr<rl_custom_messages::srv::ImageService_Request_<std::allocator<void> > >)> >::__accepted_type<_Tp&&, typename std::enable_if<__not_self<_Tp&&>, void>::type>, _Tp>) && is_assignable_v<std::variant<std::monostate, std::function<void(std::shared_ptr<rl_custom_messages::srv::ImageService_Request_<std::allocator<void> > >, std::shared_ptr<rl_custom_messages::srv::ImageService_Response_<std::allocator<void> > >)>, std::function<void(std::shared_ptr<rmw_request_id_s>, std::shared_ptr<rl_custom_messages::srv::ImageService_Request_<std::allocator<void> > >, std::shared_ptr<rl_custom_messages::srv::ImageService_Response_<std::allocator<void> > >)>, std::function<void(std::shared_ptr<rmw_request_id_s>, std::shared_ptr<rl_custom_messages::srv::ImageService_Request_<std::allocator<void> > >)>, std::function<void(std::shared_ptr<rclcpp::Service<rl_custom_messages::srv::ImageService> >, std::shared_ptr<rmw_request_id_s>, std::shared_ptr<rl_custom_messages::srv::ImageService_Request_<std::allocator<void> > >)> >::__accepted_type<_Tp&&, typename std::enable_if<__not_self<_Tp&&>, void>::type>&, _Tp>), std::variant<std::monostate, std::function<void(std::shared_ptr<rl_custom_messages::srv::ImageService_Request_<std::allocator<void> > >, std::shared_ptr<rl_custom_messages::srv::ImageService_Response_<std::allocator<void> > >)>, std::function<void(std::shared_ptr<rmw_request_id_s>, std::shared_ptr<rl_custom_messages::srv::ImageService_Request_<std::allocator<void> > >, std::shared_ptr<rl_custom_messages::srv::ImageService_Response_<std::allocator<void> > >)>, std::function<void(std::shared_ptr<rmw_request_id_s>, std::shared_ptr<rl_custom_messages::srv::ImageService_Request_<std::allocator<void> > >)>, std::function<void(std::shared_ptr<rclcpp::Service<rl_custom_messages::srv::ImageService> >, std::shared_ptr<rmw_request_id_s>, std::shared_ptr<rl_custom_messages::srv::ImageService_Request_<std::allocator<void> > >)> >&> std::variant<std::monostate, std::function<void(std::shared_ptr<rl_custom_messages::srv::ImageService_Request_<std::allocator<void> > >, std::shared_ptr<rl_custom_messages::srv::ImageService_Response_<std::allocator<void> > >)>, std::function<void(std::shared_ptr<rmw_request_id_s>, std::shared_ptr<rl_custom_messages::srv::ImageService_Request_<std::allocator<void> > >, std::shared_ptr<rl_custom_messages::srv::ImageService_Response_<std::allocator<void> > >)>, std::function<void(std::shared_ptr<rmw_request_id_s>, std::shared_ptr<rl_custom_messages::srv::ImageService_Request_<std::allocator<void> > >)>, std::function<void(std::shared_ptr<rclcpp::Service<rl_custom_messages::srv::ImageService> >, std::shared_ptr<rmw_request_id_s>, std::shared_ptr<rl_custom_messages::srv::ImageService_Request_<std::allocator<void> > >)> >::operator=<_Tp>(_Tp&&) [with _Tp = std::_Bind<void (ImageServer::*(ImageServer*, std::_Placeholder<1>, std::_Placeholder<2>))(std::shared_ptr<rl_custom_messages::srv::ImageService_Response_<std::allocator<void> > >)>][m[K’
[01m[K/opt/ros/humble/include/rclcpp/rclcpp/any_service_callback.hpp:103:17:[m[K   required from ‘[01m[Kvoid rclcpp::AnyServiceCallback<ServiceT>::set(CallbackT&&) [with CallbackT = std::_Bind<void (ImageServer::*(ImageServer*, std::_Placeholder<1>, std::_Placeholder<2>))(std::shared_ptr<rl_custom_messages::srv::ImageService_Response_<std::allocator<void> > >)>; typename std::enable_if<(! rclcpp::detail::can_be_nullptr<CallbackT>::value), int>::type <anonymous> = 0; ServiceT = rl_custom_messages::srv::ImageService][m[K’
[01m[K/opt/ros/humble/include/rclcpp/rclcpp/create_service.hpp:43:27:[m[K   required from ‘[01m[Ktypename rclcpp::Service<ServiceT>::SharedPtr rclcpp::create_service(std::shared_ptr<rclcpp::node_interfaces::NodeBaseInterface>, std::shared_ptr<rclcpp::node_interfaces::NodeServicesInterface>, const string&, CallbackT&&, const rmw_qos_profile_t&, rclcpp::CallbackGroup::SharedPtr) [with ServiceT = rl_custom_messages::srv::ImageService; CallbackT = std::_Bind<void (ImageServer::*(ImageServer*, std::_Placeholder<1>, std::_Placeholder<2>))(std::shared_ptr<rl_custom_messages::srv::ImageService_Response_<std::allocator<void> > >)>; typename rclcpp::Service<ServiceT>::SharedPtr = std::shared_ptr<rclcpp::Service<rl_custom_messages::srv::ImageService> >; std::string = std::__cxx11::basic_string<char>; rmw_qos_profile_t = rmw_qos_profile_s; rclcpp::CallbackGroup::SharedPtr = std::shared_ptr<rclcpp::CallbackGroup>][m[K’
[01m[K/opt/ros/humble/include/rclcpp/rclcpp/node_impl.hpp:147:53:[m[K   required from ‘[01m[Ktypename rclcpp::Service<ServiceT>::SharedPtr rclcpp::Node::create_service(const string&, CallbackT&&, const rmw_qos_profile_t&, rclcpp::CallbackGroup::SharedPtr) [with ServiceT = rl_custom_messages::srv::ImageService; CallbackT = std::_Bind<void (ImageServer::*(ImageServer*, std::_Placeholder<1>, std::_Placeholder<2>))(std::shared_ptr<rl_custom_messages::srv::ImageService_Response_<std::allocator<void> > >)>; typename rclcpp::Service<ServiceT>::SharedPtr = std::shared_ptr<rclcpp::Service<rl_custom_messages::srv::ImageService> >; std::string = std::__cxx11::basic_string<char>; rmw_qos_profile_t = rmw_qos_profile_s; rclcpp::CallbackGroup::SharedPtr = std::shared_ptr<rclcpp::CallbackGroup>][m[K’
[01m[K/home/rlcontrol/jay_ws/jaybot/src/rl_server.cpp:67:79:[m[K   required from here
[01m[K/usr/include/c++/11/variant:1391:15:[m[K [01;31m[Kerror: [m[Kno type named ‘[01m[Ktype[m[K’ in ‘[01m[Kstruct std::enable_if<false, void>[m[K’
 1391 |         using [01;31m[K__accepted_type[m[K = __to_type<__accepted_index<_Tp>>;
      |               [01;31m[K^~~~~~~~~~~~~~~[m[K
/opt/ros/humble/include/rclcpp/rclcpp/any_service_callback.hpp: In instantiation of ‘[01m[Kvoid rclcpp::AnyServiceCallback<ServiceT>::set(CallbackT&&) [with CallbackT = std::_Bind<void (ImageServer::*(ImageServer*, std::_Placeholder<1>, std::_Placeholder<2>))(std::shared_ptr<rl_custom_messages::srv::ImageService_Response_<std::allocator<void> > >)>; typename std::enable_if<(! rclcpp::detail::can_be_nullptr<CallbackT>::value), int>::type <anonymous> = 0; ServiceT = rl_custom_messages::srv::ImageService][m[K’:
[01m[K/opt/ros/humble/include/rclcpp/rclcpp/create_service.hpp:43:27:[m[K   required from ‘[01m[Ktypename rclcpp::Service<ServiceT>::SharedPtr rclcpp::create_service(std::shared_ptr<rclcpp::node_interfaces::NodeBaseInterface>, std::shared_ptr<rclcpp::node_interfaces::NodeServicesInterface>, const string&, CallbackT&&, const rmw_qos_profile_t&, rclcpp::CallbackGroup::SharedPtr) [with ServiceT = rl_custom_messages::srv::ImageService; CallbackT = std::_Bind<void (ImageServer::*(ImageServer*, std::_Placeholder<1>, std::_Placeholder<2>))(std::shared_ptr<rl_custom_messages::srv::ImageService_Response_<std::allocator<void> > >)>; typename rclcpp::Service<ServiceT>::SharedPtr = std::shared_ptr<rclcpp::Service<rl_custom_messages::srv::ImageService> >; std::string = std::__cxx11::basic_string<char>; rmw_qos_profile_t = rmw_qos_profile_s; rclcpp::CallbackGroup::SharedPtr = std::shared_ptr<rclcpp::CallbackGroup>][m[K’
[01m[K/opt/ros/humble/include/rclcpp/rclcpp/node_impl.hpp:147:53:[m[K   required from ‘[01m[Ktypename rclcpp::Service<ServiceT>::SharedPtr rclcpp::Node::create_service(const string&, CallbackT&&, const rmw_qos_profile_t&, rclcpp::CallbackGroup::SharedPtr) [with ServiceT = rl_custom_messages::srv::ImageService; CallbackT = std::_Bind<void (ImageServer::*(ImageServer*, std::_Placeholder<1>, std::_Placeholder<2>))(std::shared_ptr<rl_custom_messages::srv::ImageService_Response_<std::allocator<void> > >)>; typename rclcpp::Service<ServiceT>::SharedPtr = std::shared_ptr<rclcpp::Service<rl_custom_messages::srv::ImageService> >; std::string = std::__cxx11::basic_string<char>; rmw_qos_profile_t = rmw_qos_profile_s; rclcpp::CallbackGroup::SharedPtr = std::shared_ptr<rclcpp::CallbackGroup>][m[K’
[01m[K/home/rlcontrol/jay_ws/jaybot/src/rl_server.cpp:67:79:[m[K   required from here
[01m[K/usr/include/c++/11/variant:1414:16:[m[K [01;36m[Knote: [m[Kcandidate: ‘[01m[Kstd::variant<_Types>& std::variant<_Types>::operator=(const std::variant<_Types>&) [with _Types = {std::monostate, std::function<void(std::shared_ptr<rl_custom_messages::srv::ImageService_Request_<std::allocator<void> > >, std::shared_ptr<rl_custom_messages::srv::ImageService_Response_<std::allocator<void> > >)>, std::function<void(std::shared_ptr<rmw_request_id_s>, std::shared_ptr<rl_custom_messages::srv::ImageService_Request_<std::allocator<void> > >, std::shared_ptr<rl_custom_messages::srv::ImageService_Response_<std::allocator<void> > >)>, std::function<void(std::shared_ptr<rmw_request_id_s>, std::shared_ptr<rl_custom_messages::srv::ImageService_Request_<std::allocator<void> > >)>, std::function<void(std::shared_ptr<rclcpp::Service<rl_custom_messages::srv::ImageService> >, std::shared_ptr<rmw_request_id_s>, std::shared_ptr<rl_custom_messages::srv::ImageService_Request_<std::allocator<void> > >)>}][m[K’
 1414 |       variant& [01;36m[Koperator[m[K=(const variant&) = default;
      |                [01;36m[K^~~~~~~~[m[K
[01m[K/usr/include/c++/11/variant:1414:26:[m[K [01;36m[Knote: [m[K  no known conversion for argument 1 from ‘[01m[Kstd::_Bind<void (ImageServer::*(ImageServer*, std::_Placeholder<1>, std::_Placeholder<2>))(std::shared_ptr<rl_custom_messages::srv::ImageService_Response_<std::allocator<void> > >)>[m[K’ to ‘[01m[Kconst std::variant<std::monostate, std::function<void(std::shared_ptr<rl_custom_messages::srv::ImageService_Request_<std::allocator<void> > >, std::shared_ptr<rl_custom_messages::srv::ImageService_Response_<std::allocator<void> > >)>, std::function<void(std::shared_ptr<rmw_request_id_s>, std::shared_ptr<rl_custom_messages::srv::ImageService_Request_<std::allocator<void> > >, std::shared_ptr<rl_custom_messages::srv::ImageService_Response_<std::allocator<void> > >)>, std::function<void(std::shared_ptr<rmw_request_id_s>, std::shared_ptr<rl_custom_messages::srv::ImageService_Request_<std::allocator<void> > >)>, std::function<void(std::shared_ptr<rclcpp::Service<rl_custom_messages::srv::ImageService> >, std::shared_ptr<rmw_request_id_s>, std::shared_ptr<rl_custom_messages::srv::ImageService_Request_<std::allocator<void> > >)> >&[m[K’
 1414 |       variant& operator=([01;36m[Kconst variant&[m[K) = default;
      |                          [01;36m[K^~~~~~~~~~~~~~[m[K
[01m[K/usr/include/c++/11/variant:1415:16:[m[K [01;36m[Knote: [m[Kcandidate: ‘[01m[Kstd::variant<_Types>& std::variant<_Types>::operator=(std::variant<_Types>&&) [with _Types = {std::monostate, std::function<void(std::shared_ptr<rl_custom_messages::srv::ImageService_Request_<std::allocator<void> > >, std::shared_ptr<rl_custom_messages::srv::ImageService_Response_<std::allocator<void> > >)>, std::function<void(std::shared_ptr<rmw_request_id_s>, std::shared_ptr<rl_custom_messages::srv::ImageService_Request_<std::allocator<void> > >, std::shared_ptr<rl_custom_messages::srv::ImageService_Response_<std::allocator<void> > >)>, std::function<void(std::shared_ptr<rmw_request_id_s>, std::shared_ptr<rl_custom_messages::srv::ImageService_Request_<std::allocator<void> > >)>, std::function<void(std::shared_ptr<rclcpp::Service<rl_custom_messages::srv::ImageService> >, std::shared_ptr<rmw_request_id_s>, std::shared_ptr<rl_custom_messages::srv::ImageService_Request_<std::allocator<void> > >)>}][m[K’
 1415 |       variant& [01;36m[Koperator[m[K=(variant&&) = default;
      |                [01;36m[K^~~~~~~~[m[K
[01m[K/usr/include/c++/11/variant:1415:26:[m[K [01;36m[Knote: [m[K  no known conversion for argument 1 from ‘[01m[Kstd::_Bind<void (ImageServer::*(ImageServer*, std::_Placeholder<1>, std::_Placeholder<2>))(std::shared_ptr<rl_custom_messages::srv::ImageService_Response_<std::allocator<void> > >)>[m[K’ to ‘[01m[Kstd::variant<std::monostate, std::function<void(std::shared_ptr<rl_custom_messages::srv::ImageService_Request_<std::allocator<void> > >, std::shared_ptr<rl_custom_messages::srv::ImageService_Response_<std::allocator<void> > >)>, std::function<void(std::shared_ptr<rmw_request_id_s>, std::shared_ptr<rl_custom_messages::srv::ImageService_Request_<std::allocator<void> > >, std::shared_ptr<rl_custom_messages::srv::ImageService_Response_<std::allocator<void> > >)>, std::function<void(std::shared_ptr<rmw_request_id_s>, std::shared_ptr<rl_custom_messages::srv::ImageService_Request_<std::allocator<void> > >)>, std::function<void(std::shared_ptr<rclcpp::Service<rl_custom_messages::srv::ImageService> >, std::shared_ptr<rmw_request_id_s>, std::shared_ptr<rl_custom_messages::srv::ImageService_Request_<std::allocator<void> > >)> >&&[m[K’
 1415 |       variant& operator=([01;36m[Kvariant&&[m[K) = default;
      |                          [01;36m[K^~~~~~~~~[m[K
gmake[2]: *** [CMakeFiles/camera_publisher.dir/build.make:76: CMakeFiles/camera_publisher.dir/src/camera_publisher.cpp.o] Error 1
gmake[1]: *** [CMakeFiles/Makefile2:198: CMakeFiles/camera_publisher.dir/all] Error 2
gmake[1]: *** Waiting for unfinished jobs....
gmake[2]: *** [CMakeFiles/rl_server.dir/build.make:76: CMakeFiles/rl_server.dir/src/rl_server.cpp.o] Error 1
gmake[1]: *** [CMakeFiles/Makefile2:224: CMakeFiles/rl_server.dir/all] Error 2
gmake: *** [Makefile:146: all] Error 2
