[0.107s] Invoking command in '/home/rlagent/jay_ws/build/jaybot': CMAKE_PREFIX_PATH=/home/rlagent/jay_ws/install/rl_custom_messages:/home/rlagent/jay_ws/install/jaybot:/opt/ros/humble /usr/bin/cmake --build /home/rlagent/jay_ws/build/jaybot -- -j4 -l4
[0.518s] [35m[1mConsolidate compiler generated dependencies of target range_publisher[0m
[0.737s] [ 50%] [32mBuilding CXX object CMakeFiles/range_publisher.dir/src/range_publisher.cpp.o[0m
[301.349s] [100%] [32m[1mLinking CXX executable range_publisher[0m
[303.844s] [100%] Built target range_publisher
[304.509s] Invoked command in '/home/rlagent/jay_ws/build/jaybot' returned '0': CMAKE_PREFIX_PATH=/home/rlagent/jay_ws/install/rl_custom_messages:/home/rlagent/jay_ws/install/jaybot:/opt/ros/humble /usr/bin/cmake --build /home/rlagent/jay_ws/build/jaybot -- -j4 -l4
[305.139s] Invoking command in '/home/rlagent/jay_ws/build/jaybot': CMAKE_PREFIX_PATH=/home/rlagent/jay_ws/install/rl_custom_messages:/home/rlagent/jay_ws/install/jaybot:/opt/ros/humble /usr/bin/cmake --install /home/rlagent/jay_ws/build/jaybot
[305.212s] -- Install configuration: ""
[305.225s] -- Installing: /home/rlagent/jay_ws/install/jaybot/lib/jaybot/range_publisher
[305.248s] -- Set runtime path of "/home/rlagent/jay_ws/install/jaybot/lib/jaybot/range_publisher" to ""
[305.252s] -- Up-to-date: /home/rlagent/jay_ws/install/jaybot/include
[305.254s] -- Up-to-date: /home/rlagent/jay_ws/install/jaybot/include/jaybot
[305.257s] -- Up-to-date: /home/rlagent/jay_ws/install/jaybot/include/jaybot/RangeSensor.h
[305.265s] -- Up-to-date: /home/rlagent/jay_ws/install/jaybot/share/ament_index/resource_index/package_run_dependencies/jaybot
[305.268s] -- Up-to-date: /home/rlagent/jay_ws/install/jaybot/share/ament_index/resource_index/parent_prefix_path/jaybot
[305.284s] -- Up-to-date: /home/rlagent/jay_ws/install/jaybot/share/jaybot/environment/ament_prefix_path.sh
[305.286s] -- Up-to-date: /home/rlagent/jay_ws/install/jaybot/share/jaybot/environment/ament_prefix_path.dsv
[305.288s] -- Up-to-date: /home/rlagent/jay_ws/install/jaybot/share/jaybot/environment/path.sh
[305.289s] -- Up-to-date: /home/rlagent/jay_ws/install/jaybot/share/jaybot/environment/path.dsv
[305.290s] -- Up-to-date: /home/rlagent/jay_ws/install/jaybot/share/jaybot/local_setup.bash
[305.292s] -- Up-to-date: /home/rlagent/jay_ws/install/jaybot/share/jaybot/local_setup.sh
[305.293s] -- Up-to-date: /home/rlagent/jay_ws/install/jaybot/share/jaybot/local_setup.zsh
[305.294s] -- Up-to-date: /home/rlagent/jay_ws/install/jaybot/share/jaybot/local_setup.dsv
[305.298s] -- Installing: /home/rlagent/jay_ws/install/jaybot/share/jaybot/package.dsv
[305.305s] -- Up-to-date: /home/rlagent/jay_ws/install/jaybot/share/ament_index/resource_index/packages/jaybot
[305.308s] -- Up-to-date: /home/rlagent/jay_ws/install/jaybot/share/jaybot/cmake/ament_cmake_export_dependencies-extras.cmake
[305.310s] -- Up-to-date: /home/rlagent/jay_ws/install/jaybot/share/jaybot/cmake/jaybotConfig.cmake
[305.311s] -- Up-to-date: /home/rlagent/jay_ws/install/jaybot/share/jaybot/cmake/jaybotConfig-version.cmake
[305.312s] -- Up-to-date: /home/rlagent/jay_ws/install/jaybot/share/jaybot/package.xml
[305.350s] Invoked command in '/home/rlagent/jay_ws/build/jaybot' returned '0': CMAKE_PREFIX_PATH=/home/rlagent/jay_ws/install/rl_custom_messages:/home/rlagent/jay_ws/install/jaybot:/opt/ros/humble /usr/bin/cmake --install /home/rlagent/jay_ws/build/jaybot
