[0.023s] Invoking command in '/home/rlagent/jay_ws/build/rl_custom_messages': CMAKE_PREFIX_PATH=${CMAKE_PREFIX_PATH}:/opt/ros/humble /usr/bin/cmake --build /home/rlagent/jay_ws/build/rl_custom_messages -- -j2 -l2
[0.118s] [  3%] Built target rl_custom_messages__cpp
[0.123s] [ 12%] Built target rl_custom_messages__rosidl_generator_c
[0.172s] [ 22%] Built target rl_custom_messages__rosidl_typesupport_cpp
[0.178s] [ 22%] Built target ament_cmake_python_copy_rl_custom_messages
[0.213s] [ 32%] Built target rl_custom_messages__rosidl_typesupport_fastrtps_c
[0.221s] [ 41%] Built target rl_custom_messages__rosidl_typesupport_introspection_c
[0.255s] [ 51%] Built target rl_custom_messages__rosidl_typesupport_c
[0.265s] [ 61%] Built target rl_custom_messages__rosidl_typesupport_fastrtps_cpp
[0.294s] [ 70%] Built target rl_custom_messages__rosidl_typesupport_introspection_cpp
[0.331s] [ 70%] Built target rl_custom_messages
[0.371s] [ 74%] Built target rl_custom_messages__py
[0.411s] [ 80%] Built target rl_custom_messages__rosidl_generator_py
[0.454s] [ 87%] Built target rl_custom_messages__rosidl_typesupport_fastrtps_c__pyext
[0.494s] [ 93%] Built target rl_custom_messages__rosidl_typesupport_introspection_c__pyext
[0.534s] [100%] Built target rl_custom_messages__rosidl_typesupport_c__pyext
[0.605s] running egg_info
[0.606s] writing rl_custom_messages.egg-info/PKG-INFO
[0.607s] writing dependency_links to rl_custom_messages.egg-info/dependency_links.txt
[0.608s] writing top-level names to rl_custom_messages.egg-info/top_level.txt
[0.610s] reading manifest file 'rl_custom_messages.egg-info/SOURCES.txt'
[0.612s] writing manifest file 'rl_custom_messages.egg-info/SOURCES.txt'
[0.643s] [100%] Built target ament_cmake_python_build_rl_custom_messages_egg
[0.666s] Invoked command in '/home/rlagent/jay_ws/build/rl_custom_messages' returned '0': CMAKE_PREFIX_PATH=${CMAKE_PREFIX_PATH}:/opt/ros/humble /usr/bin/cmake --build /home/rlagent/jay_ws/build/rl_custom_messages -- -j2 -l2
[0.855s] Invoking command in '/home/rlagent/jay_ws/build/rl_custom_messages': CMAKE_PREFIX_PATH=${CMAKE_PREFIX_PATH}:/opt/ros/humble /usr/bin/cmake --install /home/rlagent/jay_ws/build/rl_custom_messages
[0.869s] -- Install configuration: ""
[0.870s] -- Up-to-date: /home/rlagent/jay_ws/install/rl_custom_messages/share/ament_index/resource_index/rosidl_interfaces/rl_custom_messages
[0.870s] -- Up-to-date: /home/rlagent/jay_ws/install/rl_custom_messages/include/rl_custom_messages/rl_custom_messages
[0.870s] -- Up-to-date: /home/rlagent/jay_ws/install/rl_custom_messages/include/rl_custom_messages/rl_custom_messages/msg
[0.871s] -- Up-to-date: /home/rlagent/jay_ws/install/rl_custom_messages/include/rl_custom_messages/rl_custom_messages/msg/range_array.h
[0.871s] -- Up-to-date: /home/rlagent/jay_ws/install/rl_custom_messages/include/rl_custom_messages/rl_custom_messages/msg/detail
[0.871s] -- Up-to-date: /home/rlagent/jay_ws/install/rl_custom_messages/include/rl_custom_messages/rl_custom_messages/msg/detail/range_array__functions.h
[0.872s] -- Up-to-date: /home/rlagent/jay_ws/install/rl_custom_messages/include/rl_custom_messages/rl_custom_messages/msg/detail/range_array__type_support.h
[0.872s] -- Up-to-date: /home/rlagent/jay_ws/install/rl_custom_messages/include/rl_custom_messages/rl_custom_messages/msg/detail/range_array__struct.h
[0.872s] -- Up-to-date: /home/rlagent/jay_ws/install/rl_custom_messages/include/rl_custom_messages/rl_custom_messages/msg/detail/range_array__functions.c
[0.873s] -- Up-to-date: /home/rlagent/jay_ws/install/rl_custom_messages/include/rl_custom_messages/rl_custom_messages/msg/rosidl_generator_c__visibility_control.h
[0.873s] -- Up-to-date: /home/rlagent/jay_ws/install/rl_custom_messages/share/rl_custom_messages/environment/library_path.sh
[0.873s] -- Up-to-date: /home/rlagent/jay_ws/install/rl_custom_messages/share/rl_custom_messages/environment/library_path.dsv
[0.874s] -- Up-to-date: /home/rlagent/jay_ws/install/rl_custom_messages/lib/librl_custom_messages__rosidl_generator_c.so
[0.875s] -- Up-to-date: /home/rlagent/jay_ws/install/rl_custom_messages/include/rl_custom_messages/rl_custom_messages
[0.876s] -- Up-to-date: /home/rlagent/jay_ws/install/rl_custom_messages/include/rl_custom_messages/rl_custom_messages/msg
[0.876s] -- Up-to-date: /home/rlagent/jay_ws/install/rl_custom_messages/include/rl_custom_messages/rl_custom_messages/msg/rosidl_typesupport_fastrtps_c__visibility_control.h
[0.876s] -- Up-to-date: /home/rlagent/jay_ws/install/rl_custom_messages/include/rl_custom_messages/rl_custom_messages/msg/detail
[0.877s] -- Up-to-date: /home/rlagent/jay_ws/install/rl_custom_messages/include/rl_custom_messages/rl_custom_messages/msg/detail/range_array__rosidl_typesupport_fastrtps_c.h
[0.878s] -- Up-to-date: /home/rlagent/jay_ws/install/rl_custom_messages/lib/librl_custom_messages__rosidl_typesupport_fastrtps_c.so
[0.879s] -- Up-to-date: /home/rlagent/jay_ws/install/rl_custom_messages/include/rl_custom_messages/rl_custom_messages
[0.879s] -- Up-to-date: /home/rlagent/jay_ws/install/rl_custom_messages/include/rl_custom_messages/rl_custom_messages/msg
[0.879s] -- Up-to-date: /home/rlagent/jay_ws/install/rl_custom_messages/include/rl_custom_messages/rl_custom_messages/msg/rosidl_typesupport_introspection_c__visibility_control.h
[0.880s] -- Up-to-date: /home/rlagent/jay_ws/install/rl_custom_messages/include/rl_custom_messages/rl_custom_messages/msg/detail
[0.880s] -- Up-to-date: /home/rlagent/jay_ws/install/rl_custom_messages/include/rl_custom_messages/rl_custom_messages/msg/detail/range_array__rosidl_typesupport_introspection_c.h
[0.880s] -- Up-to-date: /home/rlagent/jay_ws/install/rl_custom_messages/include/rl_custom_messages/rl_custom_messages/msg/detail/range_array__type_support.c
[0.881s] -- Up-to-date: /home/rlagent/jay_ws/install/rl_custom_messages/lib/librl_custom_messages__rosidl_typesupport_introspection_c.so
[0.882s] -- Up-to-date: /home/rlagent/jay_ws/install/rl_custom_messages/lib/librl_custom_messages__rosidl_typesupport_c.so
[0.883s] -- Up-to-date: /home/rlagent/jay_ws/install/rl_custom_messages/include/rl_custom_messages/rl_custom_messages
[0.883s] -- Up-to-date: /home/rlagent/jay_ws/install/rl_custom_messages/include/rl_custom_messages/rl_custom_messages/msg
[0.883s] -- Up-to-date: /home/rlagent/jay_ws/install/rl_custom_messages/include/rl_custom_messages/rl_custom_messages/msg/range_array.hpp
[0.883s] -- Up-to-date: /home/rlagent/jay_ws/install/rl_custom_messages/include/rl_custom_messages/rl_custom_messages/msg/detail
[0.884s] -- Up-to-date: /home/rlagent/jay_ws/install/rl_custom_messages/include/rl_custom_messages/rl_custom_messages/msg/detail/range_array__struct.hpp
[0.884s] -- Up-to-date: /home/rlagent/jay_ws/install/rl_custom_messages/include/rl_custom_messages/rl_custom_messages/msg/detail/range_array__builder.hpp
[0.884s] -- Up-to-date: /home/rlagent/jay_ws/install/rl_custom_messages/include/rl_custom_messages/rl_custom_messages/msg/detail/range_array__traits.hpp
[0.884s] -- Up-to-date: /home/rlagent/jay_ws/install/rl_custom_messages/include/rl_custom_messages/rl_custom_messages
[0.884s] -- Up-to-date: /home/rlagent/jay_ws/install/rl_custom_messages/include/rl_custom_messages/rl_custom_messages/msg
[0.884s] -- Up-to-date: /home/rlagent/jay_ws/install/rl_custom_messages/include/rl_custom_messages/rl_custom_messages/msg/rosidl_typesupport_fastrtps_cpp__visibility_control.h
[0.885s] -- Up-to-date: /home/rlagent/jay_ws/install/rl_custom_messages/include/rl_custom_messages/rl_custom_messages/msg/detail
[0.885s] -- Up-to-date: /home/rlagent/jay_ws/install/rl_custom_messages/include/rl_custom_messages/rl_custom_messages/msg/detail/dds_fastrtps
[0.885s] -- Up-to-date: /home/rlagent/jay_ws/install/rl_custom_messages/include/rl_custom_messages/rl_custom_messages/msg/detail/range_array__rosidl_typesupport_fastrtps_cpp.hpp
[0.885s] -- Up-to-date: /home/rlagent/jay_ws/install/rl_custom_messages/lib/librl_custom_messages__rosidl_typesupport_fastrtps_cpp.so
[0.885s] -- Up-to-date: /home/rlagent/jay_ws/install/rl_custom_messages/include/rl_custom_messages/rl_custom_messages
[0.886s] -- Up-to-date: /home/rlagent/jay_ws/install/rl_custom_messages/include/rl_custom_messages/rl_custom_messages/msg
[0.886s] -- Up-to-date: /home/rlagent/jay_ws/install/rl_custom_messages/include/rl_custom_messages/rl_custom_messages/msg/detail
[0.886s] -- Up-to-date: /home/rlagent/jay_ws/install/rl_custom_messages/include/rl_custom_messages/rl_custom_messages/msg/detail/range_array__type_support.cpp
[0.886s] -- Up-to-date: /home/rlagent/jay_ws/install/rl_custom_messages/include/rl_custom_messages/rl_custom_messages/msg/detail/range_array__rosidl_typesupport_introspection_cpp.hpp
[0.886s] -- Up-to-date: /home/rlagent/jay_ws/install/rl_custom_messages/lib/librl_custom_messages__rosidl_typesupport_introspection_cpp.so
[0.887s] -- Up-to-date: /home/rlagent/jay_ws/install/rl_custom_messages/lib/librl_custom_messages__rosidl_typesupport_cpp.so
[0.888s] -- Up-to-date: /home/rlagent/jay_ws/install/rl_custom_messages/share/rl_custom_messages/environment/pythonpath.sh
[0.888s] -- Up-to-date: /home/rlagent/jay_ws/install/rl_custom_messages/share/rl_custom_messages/environment/pythonpath.dsv
[0.888s] -- Up-to-date: /home/rlagent/jay_ws/install/rl_custom_messages/local/lib/python3.10/dist-packages/rl_custom_messages-0.0.0-py3.10.egg-info
[0.888s] -- Installing: /home/rlagent/jay_ws/install/rl_custom_messages/local/lib/python3.10/dist-packages/rl_custom_messages-0.0.0-py3.10.egg-info/dependency_links.txt
[0.889s] -- Installing: /home/rlagent/jay_ws/install/rl_custom_messages/local/lib/python3.10/dist-packages/rl_custom_messages-0.0.0-py3.10.egg-info/SOURCES.txt
[0.890s] -- Installing: /home/rlagent/jay_ws/install/rl_custom_messages/local/lib/python3.10/dist-packages/rl_custom_messages-0.0.0-py3.10.egg-info/PKG-INFO
[0.890s] -- Installing: /home/rlagent/jay_ws/install/rl_custom_messages/local/lib/python3.10/dist-packages/rl_custom_messages-0.0.0-py3.10.egg-info/top_level.txt
[0.890s] -- Up-to-date: /home/rlagent/jay_ws/install/rl_custom_messages/local/lib/python3.10/dist-packages/rl_custom_messages
[0.890s] -- Up-to-date: /home/rlagent/jay_ws/install/rl_custom_messages/local/lib/python3.10/dist-packages/rl_custom_messages/rl_custom_messages_s__rosidl_typesupport_fastrtps_c.cpython-310-x86_64-linux-gnu.so
[0.890s] -- Up-to-date: /home/rlagent/jay_ws/install/rl_custom_messages/local/lib/python3.10/dist-packages/rl_custom_messages/_rl_custom_messages_s.ep.rosidl_typesupport_c.c
[0.890s] -- Up-to-date: /home/rlagent/jay_ws/install/rl_custom_messages/local/lib/python3.10/dist-packages/rl_custom_messages/_rl_custom_messages_s.ep.rosidl_typesupport_fastrtps_c.c
[0.890s] -- Up-to-date: /home/rlagent/jay_ws/install/rl_custom_messages/local/lib/python3.10/dist-packages/rl_custom_messages/rl_custom_messages_s__rosidl_typesupport_introspection_c.cpython-310-x86_64-linux-gnu.so
[0.890s] -- Up-to-date: /home/rlagent/jay_ws/install/rl_custom_messages/local/lib/python3.10/dist-packages/rl_custom_messages/librl_custom_messages__rosidl_generator_py.so
[0.891s] -- Up-to-date: /home/rlagent/jay_ws/install/rl_custom_messages/local/lib/python3.10/dist-packages/rl_custom_messages/msg
[0.891s] -- Up-to-date: /home/rlagent/jay_ws/install/rl_custom_messages/local/lib/python3.10/dist-packages/rl_custom_messages/msg/_range_array.py
[0.891s] -- Up-to-date: /home/rlagent/jay_ws/install/rl_custom_messages/local/lib/python3.10/dist-packages/rl_custom_messages/msg/_range_array_s.c
[0.891s] -- Up-to-date: /home/rlagent/jay_ws/install/rl_custom_messages/local/lib/python3.10/dist-packages/rl_custom_messages/msg/__init__.py
[0.891s] -- Up-to-date: /home/rlagent/jay_ws/install/rl_custom_messages/local/lib/python3.10/dist-packages/rl_custom_messages/rl_custom_messages_s__rosidl_typesupport_c.cpython-310-x86_64-linux-gnu.so
[0.891s] -- Up-to-date: /home/rlagent/jay_ws/install/rl_custom_messages/local/lib/python3.10/dist-packages/rl_custom_messages/__init__.py
[0.891s] -- Up-to-date: /home/rlagent/jay_ws/install/rl_custom_messages/local/lib/python3.10/dist-packages/rl_custom_messages/_rl_custom_messages_s.ep.rosidl_typesupport_introspection_c.c
[0.931s] Listing '/home/rlagent/jay_ws/install/rl_custom_messages/local/lib/python3.10/dist-packages/rl_custom_messages'...
[0.931s] Listing '/home/rlagent/jay_ws/install/rl_custom_messages/local/lib/python3.10/dist-packages/rl_custom_messages/msg'...
[0.936s] -- Up-to-date: /home/rlagent/jay_ws/install/rl_custom_messages/local/lib/python3.10/dist-packages/rl_custom_messages/rl_custom_messages_s__rosidl_typesupport_fastrtps_c.cpython-310-x86_64-linux-gnu.so
[0.937s] -- Up-to-date: /home/rlagent/jay_ws/install/rl_custom_messages/local/lib/python3.10/dist-packages/rl_custom_messages/rl_custom_messages_s__rosidl_typesupport_introspection_c.cpython-310-x86_64-linux-gnu.so
[0.938s] -- Up-to-date: /home/rlagent/jay_ws/install/rl_custom_messages/local/lib/python3.10/dist-packages/rl_custom_messages/rl_custom_messages_s__rosidl_typesupport_c.cpython-310-x86_64-linux-gnu.so
[0.940s] -- Up-to-date: /home/rlagent/jay_ws/install/rl_custom_messages/lib/librl_custom_messages__rosidl_generator_py.so
[0.941s] -- Up-to-date: /home/rlagent/jay_ws/install/rl_custom_messages/share/rl_custom_messages/msg/RangeArray.idl
[0.942s] -- Up-to-date: /home/rlagent/jay_ws/install/rl_custom_messages/share/rl_custom_messages/msg/RangeArray.msg
[0.942s] -- Up-to-date: /home/rlagent/jay_ws/install/rl_custom_messages/share/ament_index/resource_index/package_run_dependencies/rl_custom_messages
[0.942s] -- Up-to-date: /home/rlagent/jay_ws/install/rl_custom_messages/share/ament_index/resource_index/parent_prefix_path/rl_custom_messages
[0.942s] -- Up-to-date: /home/rlagent/jay_ws/install/rl_custom_messages/share/rl_custom_messages/environment/ament_prefix_path.sh
[0.943s] -- Up-to-date: /home/rlagent/jay_ws/install/rl_custom_messages/share/rl_custom_messages/environment/ament_prefix_path.dsv
[0.943s] -- Up-to-date: /home/rlagent/jay_ws/install/rl_custom_messages/share/rl_custom_messages/environment/path.sh
[0.943s] -- Up-to-date: /home/rlagent/jay_ws/install/rl_custom_messages/share/rl_custom_messages/environment/path.dsv
[0.944s] -- Up-to-date: /home/rlagent/jay_ws/install/rl_custom_messages/share/rl_custom_messages/local_setup.bash
[0.944s] -- Up-to-date: /home/rlagent/jay_ws/install/rl_custom_messages/share/rl_custom_messages/local_setup.sh
[0.944s] -- Up-to-date: /home/rlagent/jay_ws/install/rl_custom_messages/share/rl_custom_messages/local_setup.zsh
[0.945s] -- Up-to-date: /home/rlagent/jay_ws/install/rl_custom_messages/share/rl_custom_messages/local_setup.dsv
[0.945s] -- Installing: /home/rlagent/jay_ws/install/rl_custom_messages/share/rl_custom_messages/package.dsv
[0.946s] -- Up-to-date: /home/rlagent/jay_ws/install/rl_custom_messages/share/ament_index/resource_index/packages/rl_custom_messages
[0.946s] -- Up-to-date: /home/rlagent/jay_ws/install/rl_custom_messages/share/rl_custom_messages/cmake/export_rl_custom_messages__rosidl_generator_cExport.cmake
[0.946s] -- Up-to-date: /home/rlagent/jay_ws/install/rl_custom_messages/share/rl_custom_messages/cmake/export_rl_custom_messages__rosidl_generator_cExport-noconfig.cmake
[0.946s] -- Up-to-date: /home/rlagent/jay_ws/install/rl_custom_messages/share/rl_custom_messages/cmake/export_rl_custom_messages__rosidl_typesupport_fastrtps_cExport.cmake
[0.946s] -- Up-to-date: /home/rlagent/jay_ws/install/rl_custom_messages/share/rl_custom_messages/cmake/export_rl_custom_messages__rosidl_typesupport_fastrtps_cExport-noconfig.cmake
[0.946s] -- Up-to-date: /home/rlagent/jay_ws/install/rl_custom_messages/share/rl_custom_messages/cmake/rl_custom_messages__rosidl_typesupport_introspection_cExport.cmake
[0.946s] -- Up-to-date: /home/rlagent/jay_ws/install/rl_custom_messages/share/rl_custom_messages/cmake/rl_custom_messages__rosidl_typesupport_introspection_cExport-noconfig.cmake
[0.947s] -- Up-to-date: /home/rlagent/jay_ws/install/rl_custom_messages/share/rl_custom_messages/cmake/rl_custom_messages__rosidl_typesupport_cExport.cmake
[0.947s] -- Up-to-date: /home/rlagent/jay_ws/install/rl_custom_messages/share/rl_custom_messages/cmake/rl_custom_messages__rosidl_typesupport_cExport-noconfig.cmake
[0.947s] -- Up-to-date: /home/rlagent/jay_ws/install/rl_custom_messages/share/rl_custom_messages/cmake/export_rl_custom_messages__rosidl_generator_cppExport.cmake
[0.947s] -- Up-to-date: /home/rlagent/jay_ws/install/rl_custom_messages/share/rl_custom_messages/cmake/export_rl_custom_messages__rosidl_typesupport_fastrtps_cppExport.cmake
[0.947s] -- Up-to-date: /home/rlagent/jay_ws/install/rl_custom_messages/share/rl_custom_messages/cmake/export_rl_custom_messages__rosidl_typesupport_fastrtps_cppExport-noconfig.cmake
[0.947s] -- Up-to-date: /home/rlagent/jay_ws/install/rl_custom_messages/share/rl_custom_messages/cmake/rl_custom_messages__rosidl_typesupport_introspection_cppExport.cmake
[0.947s] -- Up-to-date: /home/rlagent/jay_ws/install/rl_custom_messages/share/rl_custom_messages/cmake/rl_custom_messages__rosidl_typesupport_introspection_cppExport-noconfig.cmake
[0.947s] -- Up-to-date: /home/rlagent/jay_ws/install/rl_custom_messages/share/rl_custom_messages/cmake/rl_custom_messages__rosidl_typesupport_cppExport.cmake
[0.948s] -- Up-to-date: /home/rlagent/jay_ws/install/rl_custom_messages/share/rl_custom_messages/cmake/rl_custom_messages__rosidl_typesupport_cppExport-noconfig.cmake
[0.948s] -- Up-to-date: /home/rlagent/jay_ws/install/rl_custom_messages/share/rl_custom_messages/cmake/export_rl_custom_messages__rosidl_generator_pyExport.cmake
[0.952s] -- Up-to-date: /home/rlagent/jay_ws/install/rl_custom_messages/share/rl_custom_messages/cmake/export_rl_custom_messages__rosidl_generator_pyExport-noconfig.cmake
[0.952s] -- Up-to-date: /home/rlagent/jay_ws/install/rl_custom_messages/share/rl_custom_messages/cmake/rosidl_cmake-extras.cmake
[0.952s] -- Up-to-date: /home/rlagent/jay_ws/install/rl_custom_messages/share/rl_custom_messages/cmake/ament_cmake_export_include_directories-extras.cmake
[0.953s] -- Up-to-date: /home/rlagent/jay_ws/install/rl_custom_messages/share/rl_custom_messages/cmake/ament_cmake_export_libraries-extras.cmake
[0.953s] -- Up-to-date: /home/rlagent/jay_ws/install/rl_custom_messages/share/rl_custom_messages/cmake/ament_cmake_export_targets-extras.cmake
[0.953s] -- Up-to-date: /home/rlagent/jay_ws/install/rl_custom_messages/share/rl_custom_messages/cmake/rosidl_cmake_export_typesupport_targets-extras.cmake
[0.954s] -- Up-to-date: /home/rlagent/jay_ws/install/rl_custom_messages/share/rl_custom_messages/cmake/ament_cmake_export_dependencies-extras.cmake
[0.954s] -- Up-to-date: /home/rlagent/jay_ws/install/rl_custom_messages/share/rl_custom_messages/cmake/rosidl_cmake_export_typesupport_libraries-extras.cmake
[0.954s] -- Up-to-date: /home/rlagent/jay_ws/install/rl_custom_messages/share/rl_custom_messages/cmake/rl_custom_messagesConfig.cmake
[0.955s] -- Up-to-date: /home/rlagent/jay_ws/install/rl_custom_messages/share/rl_custom_messages/cmake/rl_custom_messagesConfig-version.cmake
[0.955s] -- Up-to-date: /home/rlagent/jay_ws/install/rl_custom_messages/share/rl_custom_messages/package.xml
[0.956s] Invoked command in '/home/rlagent/jay_ws/build/rl_custom_messages' returned '0': CMAKE_PREFIX_PATH=${CMAKE_PREFIX_PATH}:/opt/ros/humble /usr/bin/cmake --install /home/rlagent/jay_ws/build/rl_custom_messages
