[0.020s] Invoking command in '/home/rlcontrol/jay_ws/build/jaybot': CMAKE_PREFIX_PATH=/home/rlcontrol/jay_ws/install/rl_custom_messages:/home/rlcontrol/jay_ws/install/jaybot:/opt/ros/humble /home/rlcontrol/.local/bin/cmake --build /home/rlcontrol/jay_ws/build/jaybot -- -j6 -l6
[0.104s] [  0%] Built target ament_cmake_python_symlink_jaybot
[0.110s] [ 33%] Built target range_publisher
[0.111s] [ 50%] [32mBuilding CXX object CMakeFiles/motor_controller.dir/src/motor_controller.cpp.o[0m
[0.117s] [ 83%] Built target rl_server
[0.418s] In file included from [01m[K/home/rlcontrol/jay_ws/jaybot/src/motor_controller.cpp:1[m[K:
[0.418s] [01m[K/home/rlcontrol/jay_ws/jaybot/include/jaybot/motor_controller.h:9:10:[m[K [01;31m[Kfatal error: [m[Krl_custom_messages/msg/motor_commands.hpp: No such file or directory
[0.418s]     9 | #include [01;31m[K"rl_custom_messages/msg/motor_commands.hpp"[m[K
[0.419s]       |          [01;31m[K^~~~~~~~~~~~~~~~~~~~~~~~~~~~~~~~~~~~~~~~~~~[m[K
[0.419s] compilation terminated.
[0.422s] gmake[2]: *** [CMakeFiles/motor_controller.dir/build.make:76: CMakeFiles/motor_controller.dir/src/motor_controller.cpp.o] Error 1
[0.422s] gmake[1]: *** [CMakeFiles/Makefile2:170: CMakeFiles/motor_controller.dir/all] Error 2
[0.422s] gmake[1]: *** Waiting for unfinished jobs....
[0.506s] running egg_info
[0.507s] writing jaybot.egg-info/PKG-INFO
[0.507s] writing dependency_links to jaybot.egg-info/dependency_links.txt
[0.508s] writing top-level names to jaybot.egg-info/top_level.txt
[0.511s] reading manifest file 'jaybot.egg-info/SOURCES.txt'
[0.512s] writing manifest file 'jaybot.egg-info/SOURCES.txt'
[0.537s] [ 83%] Built target ament_cmake_python_build_jaybot_egg
[0.539s] gmake: *** [Makefile:146: all] Error 2
[0.545s] Invoked command in '/home/rlcontrol/jay_ws/build/jaybot' returned '2': CMAKE_PREFIX_PATH=/home/rlcontrol/jay_ws/install/rl_custom_messages:/home/rlcontrol/jay_ws/install/jaybot:/opt/ros/humble /home/rlcontrol/.local/bin/cmake --build /home/rlcontrol/jay_ws/build/jaybot -- -j6 -l6
