[  0%] Built target ament_cmake_python_symlink_jaybot
[ 50%] Built target range_publisher
[ 75%] [32mBuilding CXX object CMakeFiles/rl_server.dir/src/rl_server.cpp.o[0m
running egg_info
writing jaybot.egg-info/PKG-INFO
writing dependency_links to jaybot.egg-info/dependency_links.txt
writing top-level names to jaybot.egg-info/top_level.txt
reading manifest file 'jaybot.egg-info/SOURCES.txt'
writing manifest file 'jaybot.egg-info/SOURCES.txt'
[ 75%] Built target ament_cmake_python_build_jaybot_egg
[01m[K/home/rlcontrol/jay_ws/jaybot/src/rl_server.cpp:[m[K In member function ‘[01m[Kvoid RangeSubscriber::topic_callback(rl_custom_messages::msg::RangeArray_<std::allocator<void> >::SharedPtr) const[m[K’:
[01m[K/home/rlcontrol/jay_ws/jaybot/src/rl_server.cpp:28:25:[m[K [01;31m[Kerror: [m[Kpassing ‘[01m[Kconst RangeArray[m[K’ {aka ‘[01m[Kconst rl_custom_messages::msg::RangeArray_<std::allocator<void> >[m[K’} as ‘[01m[Kthis[m[K’ argument discards qualifiers [[01;31m[K]8;;https://gcc.gnu.org/onlinedocs/gcc/Warning-Options.html#index-fpermissive-fpermissive]8;;[m[K]
   28 |     last_range_data_ = *[01;31m[Kmsg[m[K;
      |                         [01;31m[K^~~[m[K
In file included from [01m[K/home/rlcontrol/jay_ws/build/rl_custom_messages/rosidl_generator_cpp/rl_custom_messages/msg/range_array.hpp:7[m[K,
                 from [01m[K/home/rlcontrol/jay_ws/jaybot/src/rl_server.cpp:5[m[K:
[01m[K/home/rlcontrol/jay_ws/build/rl_custom_messages/rosidl_generator_cpp/rl_custom_messages/msg/detail/range_array__struct.hpp:32:8:[m[K [01;36m[Knote: [m[K  in call to ‘[01m[Kconstexpr rl_custom_messages::msg::RangeArray_<std::allocator<void> >& rl_custom_messages::msg::RangeArray_<std::allocator<void> >::operator=(const rl_custom_messages::msg::RangeArray_<std::allocator<void> >&)[m[K’
   32 | struct [01;36m[KRangeArray_[m[K
      |        [01;36m[K^~~~~~~~~~~[m[K
gmake[2]: *** [CMakeFiles/rl_server.dir/build.make:76: CMakeFiles/rl_server.dir/src/rl_server.cpp.o] Error 1
gmake[1]: *** [CMakeFiles/Makefile2:168: CMakeFiles/rl_server.dir/all] Error 2
gmake: *** [Makefile:146: all] Error 2
