[0.014s] Invoking command in '/home/rlcontrol/jay_ws/build/jaybot': CMAKE_PREFIX_PATH=/home/rlcontrol/jay_ws/install/rl_custom_messages:/home/rlcontrol/jay_ws/install/jaybot:/opt/ros/humble /home/rlcontrol/.local/bin/cmake --build /home/rlcontrol/jay_ws/build/jaybot -- -j6 -l6
[0.083s] [ 16%] Built target motor_controller
[0.084s] [ 50%] Built target microphone_publisher
[0.084s] [ 50%] Built target range_publisher
[0.090s] [ 75%] Built target rl_server
[0.090s] [ 75%] [32mBuilding CXX object CMakeFiles/image_debugger.dir/src/image_debugger.cpp.o[0m
[0.090s] [ 91%] Built target camera_publisher
[0.098s] [ 91%] Built target ament_cmake_python_symlink_jaybot
[0.335s] running egg_info
[0.336s] writing jaybot.egg-info/PKG-INFO
[0.336s] writing dependency_links to jaybot.egg-info/dependency_links.txt
[0.336s] writing top-level names to jaybot.egg-info/top_level.txt
[0.338s] reading manifest file 'jaybot.egg-info/SOURCES.txt'
[0.339s] writing manifest file 'jaybot.egg-info/SOURCES.txt'
[0.356s] [ 91%] Built target ament_cmake_python_build_jaybot_egg
[9.869s] [100%] [32m[1mLinking CXX executable image_debugger[0m
[10.747s] [100%] Built target image_debugger
[10.757s] Invoked command in '/home/rlcontrol/jay_ws/build/jaybot' returned '0': CMAKE_PREFIX_PATH=/home/rlcontrol/jay_ws/install/rl_custom_messages:/home/rlcontrol/jay_ws/install/jaybot:/opt/ros/humble /home/rlcontrol/.local/bin/cmake --build /home/rlcontrol/jay_ws/build/jaybot -- -j6 -l6
[10.828s] Invoking command in '/home/rlcontrol/jay_ws/build/jaybot': CMAKE_PREFIX_PATH=/home/rlcontrol/jay_ws/install/rl_custom_messages:/home/rlcontrol/jay_ws/install/jaybot:/opt/ros/humble /home/rlcontrol/.local/bin/cmake --install /home/rlcontrol/jay_ws/build/jaybot
[10.851s] -- Install configuration: ""
[10.852s] -- Execute custom install script
[10.853s] -- Up-to-date symlink: /home/rlcontrol/jay_ws/install/jaybot/lib/jaybot/range_publisher
[10.854s] -- Up-to-date symlink: /home/rlcontrol/jay_ws/install/jaybot/lib/jaybot/motor_controller
[10.854s] -- Up-to-date symlink: /home/rlcontrol/jay_ws/install/jaybot/lib/jaybot/camera_publisher
[10.854s] -- Up-to-date symlink: /home/rlcontrol/jay_ws/install/jaybot/lib/jaybot/microphone_publisher
[10.854s] -- Up-to-date symlink: /home/rlcontrol/jay_ws/install/jaybot/lib/jaybot/rl_server
[10.854s] -- Up-to-date symlink: /home/rlcontrol/jay_ws/install/jaybot/lib/jaybot/image_debugger
[10.855s] -- Up-to-date symlink: /home/rlcontrol/jay_ws/install/jaybot/include/jaybot/RangeSensor.h
[10.856s] -- Up-to-date symlink: /home/rlcontrol/jay_ws/install/jaybot/include/jaybot/motor_controller.h
[10.856s] -- Up-to-date symlink: /home/rlcontrol/jay_ws/install/jaybot/share/jaybot/environment/pythonpath.sh
[10.856s] -- Up-to-date symlink: /home/rlcontrol/jay_ws/install/jaybot/share/jaybot/environment/pythonpath.dsv
[10.857s] -- Up-to-date symlink: /home/rlcontrol/jay_ws/install/jaybot/local/lib/python3.10/dist-packages/jaybot-0.0.0-py3.10.egg-info/PKG-INFO
[10.857s] -- Up-to-date symlink: /home/rlcontrol/jay_ws/install/jaybot/local/lib/python3.10/dist-packages/jaybot-0.0.0-py3.10.egg-info/SOURCES.txt
[10.858s] -- Up-to-date symlink: /home/rlcontrol/jay_ws/install/jaybot/local/lib/python3.10/dist-packages/jaybot-0.0.0-py3.10.egg-info/dependency_links.txt
[10.858s] -- Up-to-date symlink: /home/rlcontrol/jay_ws/install/jaybot/local/lib/python3.10/dist-packages/jaybot-0.0.0-py3.10.egg-info/top_level.txt
[10.859s] -- Up-to-date symlink: /home/rlcontrol/jay_ws/install/jaybot/local/lib/python3.10/dist-packages/jaybot/__init__.py
[10.859s] -- Up-to-date symlink: /home/rlcontrol/jay_ws/install/jaybot/lib/jaybot/rl_mind.py
[10.859s] -- Up-to-date symlink: /home/rlcontrol/jay_ws/install/jaybot/lib/jaybot/robot_monitor.py
[10.860s] -- Up-to-date symlink: /home/rlcontrol/jay_ws/install/jaybot/share/ament_index/resource_index/package_run_dependencies/jaybot
[10.860s] -- Up-to-date symlink: /home/rlcontrol/jay_ws/install/jaybot/share/ament_index/resource_index/parent_prefix_path/jaybot
[10.860s] -- Up-to-date symlink: /home/rlcontrol/jay_ws/install/jaybot/share/jaybot/environment/ament_prefix_path.sh
[10.861s] -- Up-to-date symlink: /home/rlcontrol/jay_ws/install/jaybot/share/jaybot/environment/ament_prefix_path.dsv
[10.861s] -- Up-to-date symlink: /home/rlcontrol/jay_ws/install/jaybot/share/jaybot/environment/path.sh
[10.861s] -- Up-to-date symlink: /home/rlcontrol/jay_ws/install/jaybot/share/jaybot/environment/path.dsv
[10.862s] -- Up-to-date symlink: /home/rlcontrol/jay_ws/install/jaybot/share/jaybot/local_setup.bash
[10.862s] -- Up-to-date symlink: /home/rlcontrol/jay_ws/install/jaybot/share/jaybot/local_setup.sh
[10.862s] -- Up-to-date symlink: /home/rlcontrol/jay_ws/install/jaybot/share/jaybot/local_setup.zsh
[10.862s] -- Up-to-date symlink: /home/rlcontrol/jay_ws/install/jaybot/share/jaybot/local_setup.dsv
[10.863s] -- Symlinking: /home/rlcontrol/jay_ws/install/jaybot/share/jaybot/package.dsv
[10.866s] -- Up-to-date symlink: /home/rlcontrol/jay_ws/install/jaybot/share/ament_index/resource_index/packages/jaybot
[10.866s] -- Up-to-date symlink: /home/rlcontrol/jay_ws/install/jaybot/share/jaybot/cmake/ament_cmake_export_dependencies-extras.cmake
[10.867s] -- Up-to-date symlink: /home/rlcontrol/jay_ws/install/jaybot/share/jaybot/cmake/jaybotConfig.cmake
[10.867s] -- Up-to-date symlink: /home/rlcontrol/jay_ws/install/jaybot/share/jaybot/cmake/jaybotConfig-version.cmake
[10.867s] -- Up-to-date symlink: /home/rlcontrol/jay_ws/install/jaybot/share/jaybot/package.xml
[10.894s] Listing '/home/rlcontrol/jay_ws/install/jaybot/local/lib/python3.10/dist-packages/jaybot'...
[10.903s] Invoked command in '/home/rlcontrol/jay_ws/build/jaybot' returned '0': CMAKE_PREFIX_PATH=/home/rlcontrol/jay_ws/install/rl_custom_messages:/home/rlcontrol/jay_ws/install/jaybot:/opt/ros/humble /home/rlcontrol/.local/bin/cmake --install /home/rlcontrol/jay_ws/build/jaybot
