[0.017s] Invoking command in '/home/rlagent/jay_ws/build/jaybot': AMENT_PREFIX_PATH=/home/rlagent/jay_ws/install/rl_custom_messages:${AMENT_PREFIX_PATH} CMAKE_PREFIX_PATH=/home/rlagent/jay_ws/install/rl_custom_messages:/opt/ros/humble LD_LIBRARY_PATH=/home/rlagent/jay_ws/install/rl_custom_messages/lib:${LD_LIBRARY_PATH} PYTHONPATH=/home/rlagent/jay_ws/install/rl_custom_messages/local/lib/python3.10/dist-packages:${PYTHONPATH} /usr/bin/cmake --build /home/rlagent/jay_ws/build/jaybot -- -j2 -l2
[0.096s] [35m[1mConsolidate compiler generated dependencies of target range_publisher[0m
[0.097s] [35m[1mConsolidate compiler generated dependencies of target range_subscriber[0m
[0.134s] [ 25%] [32mBuilding CXX object CMakeFiles/range_publisher.dir/src/range_publisher.cpp.o[0m
[0.135s] [ 75%] Built target range_subscriber
[3.356s] [01m[K/home/rlagent/jay_ws/jaybot/src/range_publisher.cpp:[m[K In constructor ‘[01m[KRangePublisher::RangePublisher()[m[K’:
[3.357s] [01m[K/home/rlagent/jay_ws/jaybot/src/range_publisher.cpp:18:27:[m[K [01;31m[Kerror: [m[Kno matching function for call to ‘[01m[KRangesensor::Rangesensor()[m[K’
[3.358s]    18 |   : Node("range_publisher"[01;31m[K)[m[K
[3.358s]       |                           [01;31m[K^[m[K
[3.358s] In file included from [01m[K/home/rlagent/jay_ws/jaybot/src/range_publisher.cpp:10[m[K:
[3.359s] [01m[K/home/rlagent/jay_ws/jaybot/include/jaybot/RangeSensor.h:37:1:[m[K [01;36m[Knote: [m[Kcandidate: ‘[01m[KRangesensor::Rangesensor(int, int)[m[K’
[3.359s]    37 | [01;36m[KRangesensor[m[K::Rangesensor(int trigpin, int echopin)
[3.359s]       | [01;36m[K^~~~~~~~~~~[m[K
[3.359s] [01m[K/home/rlagent/jay_ws/jaybot/include/jaybot/RangeSensor.h:37:1:[m[K [01;36m[Knote: [m[K  candidate expects 2 arguments, 0 provided
[3.359s] [01m[K/home/rlagent/jay_ws/jaybot/include/jaybot/RangeSensor.h:15:7:[m[K [01;36m[Knote: [m[Kcandidate: ‘[01m[KRangesensor::Rangesensor(const Rangesensor&)[m[K’
[3.359s]    15 | class [01;36m[KRangesensor[m[K
[3.359s]       |       [01;36m[K^~~~~~~~~~~[m[K
[3.359s] [01m[K/home/rlagent/jay_ws/jaybot/include/jaybot/RangeSensor.h:15:7:[m[K [01;36m[Knote: [m[K  candidate expects 1 argument, 0 provided
[3.360s] [01m[K/home/rlagent/jay_ws/jaybot/include/jaybot/RangeSensor.h:15:7:[m[K [01;36m[Knote: [m[Kcandidate: ‘[01m[KRangesensor::Rangesensor(Rangesensor&&)[m[K’
[3.360s] [01m[K/home/rlagent/jay_ws/jaybot/include/jaybot/RangeSensor.h:15:7:[m[K [01;36m[Knote: [m[K  candidate expects 1 argument, 0 provided
[3.360s] [01m[K/home/rlagent/jay_ws/jaybot/src/range_publisher.cpp:18:27:[m[K [01;31m[Kerror: [m[Kno matching function for call to ‘[01m[KRangesensor::Rangesensor()[m[K’
[3.360s]    18 |   : Node("range_publisher"[01;31m[K)[m[K
[3.360s]       |                           [01;31m[K^[m[K
[3.360s] In file included from [01m[K/home/rlagent/jay_ws/jaybot/src/range_publisher.cpp:10[m[K:
[3.360s] [01m[K/home/rlagent/jay_ws/jaybot/include/jaybot/RangeSensor.h:37:1:[m[K [01;36m[Knote: [m[Kcandidate: ‘[01m[KRangesensor::Rangesensor(int, int)[m[K’
[3.361s]    37 | [01;36m[KRangesensor[m[K::Rangesensor(int trigpin, int echopin)
[3.361s]       | [01;36m[K^~~~~~~~~~~[m[K
[3.361s] [01m[K/home/rlagent/jay_ws/jaybot/include/jaybot/RangeSensor.h:37:1:[m[K [01;36m[Knote: [m[K  candidate expects 2 arguments, 0 provided
[3.361s] [01m[K/home/rlagent/jay_ws/jaybot/include/jaybot/RangeSensor.h:15:7:[m[K [01;36m[Knote: [m[Kcandidate: ‘[01m[KRangesensor::Rangesensor(const Rangesensor&)[m[K’
[3.361s]    15 | class [01;36m[KRangesensor[m[K
[3.361s]       |       [01;36m[K^~~~~~~~~~~[m[K
[3.361s] [01m[K/home/rlagent/jay_ws/jaybot/include/jaybot/RangeSensor.h:15:7:[m[K [01;36m[Knote: [m[K  candidate expects 1 argument, 0 provided
[3.362s] [01m[K/home/rlagent/jay_ws/jaybot/include/jaybot/RangeSensor.h:15:7:[m[K [01;36m[Knote: [m[Kcandidate: ‘[01m[KRangesensor::Rangesensor(Rangesensor&&)[m[K’
[3.362s] [01m[K/home/rlagent/jay_ws/jaybot/include/jaybot/RangeSensor.h:15:7:[m[K [01;36m[Knote: [m[K  candidate expects 1 argument, 0 provided
[3.362s] [01m[K/home/rlagent/jay_ws/jaybot/src/range_publisher.cpp:18:27:[m[K [01;31m[Kerror: [m[Kno matching function for call to ‘[01m[KRangesensor::Rangesensor()[m[K’
[3.362s]    18 |   : Node("range_publisher"[01;31m[K)[m[K
[3.362s]       |                           [01;31m[K^[m[K
[3.362s] In file included from [01m[K/home/rlagent/jay_ws/jaybot/src/range_publisher.cpp:10[m[K:
[3.362s] [01m[K/home/rlagent/jay_ws/jaybot/include/jaybot/RangeSensor.h:37:1:[m[K [01;36m[Knote: [m[Kcandidate: ‘[01m[KRangesensor::Rangesensor(int, int)[m[K’
[3.363s]    37 | [01;36m[KRangesensor[m[K::Rangesensor(int trigpin, int echopin)
[3.363s]       | [01;36m[K^~~~~~~~~~~[m[K
[3.363s] [01m[K/home/rlagent/jay_ws/jaybot/include/jaybot/RangeSensor.h:37:1:[m[K [01;36m[Knote: [m[K  candidate expects 2 arguments, 0 provided
[3.363s] [01m[K/home/rlagent/jay_ws/jaybot/include/jaybot/RangeSensor.h:15:7:[m[K [01;36m[Knote: [m[Kcandidate: ‘[01m[KRangesensor::Rangesensor(const Rangesensor&)[m[K’
[3.363s]    15 | class [01;36m[KRangesensor[m[K
[3.363s]       |       [01;36m[K^~~~~~~~~~~[m[K
[3.363s] [01m[K/home/rlagent/jay_ws/jaybot/include/jaybot/RangeSensor.h:15:7:[m[K [01;36m[Knote: [m[K  candidate expects 1 argument, 0 provided
[3.364s] [01m[K/home/rlagent/jay_ws/jaybot/include/jaybot/RangeSensor.h:15:7:[m[K [01;36m[Knote: [m[Kcandidate: ‘[01m[KRangesensor::Rangesensor(Rangesensor&&)[m[K’
[3.364s] [01m[K/home/rlagent/jay_ws/jaybot/include/jaybot/RangeSensor.h:15:7:[m[K [01;36m[Knote: [m[K  candidate expects 1 argument, 0 provided
[3.364s] [01m[K/home/rlagent/jay_ws/jaybot/src/range_publisher.cpp:18:27:[m[K [01;31m[Kerror: [m[Kno matching function for call to ‘[01m[KRangesensor::Rangesensor()[m[K’
[3.364s]    18 |   : Node("range_publisher"[01;31m[K)[m[K
[3.364s]       |                           [01;31m[K^[m[K
[3.364s] In file included from [01m[K/home/rlagent/jay_ws/jaybot/src/range_publisher.cpp:10[m[K:
[3.364s] [01m[K/home/rlagent/jay_ws/jaybot/include/jaybot/RangeSensor.h:37:1:[m[K [01;36m[Knote: [m[Kcandidate: ‘[01m[KRangesensor::Rangesensor(int, int)[m[K’
[3.364s]    37 | [01;36m[KRangesensor[m[K::Rangesensor(int trigpin, int echopin)
[3.365s]       | [01;36m[K^~~~~~~~~~~[m[K
[3.365s] [01m[K/home/rlagent/jay_ws/jaybot/include/jaybot/RangeSensor.h:37:1:[m[K [01;36m[Knote: [m[K  candidate expects 2 arguments, 0 provided
[3.365s] [01m[K/home/rlagent/jay_ws/jaybot/include/jaybot/RangeSensor.h:15:7:[m[K [01;36m[Knote: [m[Kcandidate: ‘[01m[KRangesensor::Rangesensor(const Rangesensor&)[m[K’
[3.365s]    15 | class [01;36m[KRangesensor[m[K
[3.365s]       |       [01;36m[K^~~~~~~~~~~[m[K
[3.365s] [01m[K/home/rlagent/jay_ws/jaybot/include/jaybot/RangeSensor.h:15:7:[m[K [01;36m[Knote: [m[K  candidate expects 1 argument, 0 provided
[3.365s] [01m[K/home/rlagent/jay_ws/jaybot/include/jaybot/RangeSensor.h:15:7:[m[K [01;36m[Knote: [m[Kcandidate: ‘[01m[KRangesensor::Rangesensor(Rangesensor&&)[m[K’
[3.366s] [01m[K/home/rlagent/jay_ws/jaybot/include/jaybot/RangeSensor.h:15:7:[m[K [01;36m[Knote: [m[K  candidate expects 1 argument, 0 provided
[4.371s] gmake[2]: *** [CMakeFiles/range_publisher.dir/build.make:76: CMakeFiles/range_publisher.dir/src/range_publisher.cpp.o] Error 1
[4.373s] gmake[1]: *** [CMakeFiles/Makefile2:139: CMakeFiles/range_publisher.dir/all] Error 2
[4.374s] gmake: *** [Makefile:146: all] Error 2
[4.377s] Invoked command in '/home/rlagent/jay_ws/build/jaybot' returned '2': AMENT_PREFIX_PATH=/home/rlagent/jay_ws/install/rl_custom_messages:${AMENT_PREFIX_PATH} CMAKE_PREFIX_PATH=/home/rlagent/jay_ws/install/rl_custom_messages:/opt/ros/humble LD_LIBRARY_PATH=/home/rlagent/jay_ws/install/rl_custom_messages/lib:${LD_LIBRARY_PATH} PYTHONPATH=/home/rlagent/jay_ws/install/rl_custom_messages/local/lib/python3.10/dist-packages:${PYTHONPATH} /usr/bin/cmake --build /home/rlagent/jay_ws/build/jaybot -- -j2 -l2
