[0.012s] Invoking command in '/home/rlcontrol/jay_ws/build/jaybot': CMAKE_PREFIX_PATH=/home/rlcontrol/jay_ws/install/rl_custom_messages:/home/rlcontrol/jay_ws/install/jaybot:/opt/ros/humble /home/rlcontrol/.local/bin/cmake --build /home/rlcontrol/jay_ws/build/jaybot -- -j6 -l6
[0.049s] -- Found ament_cmake: 1.3.4 (/opt/ros/humble/share/ament_cmake/cmake)
[0.145s] -- Override CMake install command with custom implementation using symlinks instead of copying resources
[0.153s] -- Found rclcpp: 16.0.4 (/opt/ros/humble/share/rclcpp/cmake)
[0.184s] -- Found rosidl_generator_c: 3.1.4 (/opt/ros/humble/share/rosidl_generator_c/cmake)
[0.186s] -- Found rosidl_adapter: 3.1.4 (/opt/ros/humble/share/rosidl_adapter/cmake)
[0.193s] -- Found rosidl_generator_cpp: 3.1.4 (/opt/ros/humble/share/rosidl_generator_cpp/cmake)
[0.205s] -- Using all available rosidl_typesupport_c: rosidl_typesupport_fastrtps_c;rosidl_typesupport_introspection_c
[0.225s] -- Using all available rosidl_typesupport_cpp: rosidl_typesupport_fastrtps_cpp;rosidl_typesupport_introspection_cpp
[0.289s] -- Found rmw_implementation_cmake: 6.1.1 (/opt/ros/humble/share/rmw_implementation_cmake/cmake)
[0.290s] -- Found rmw_fastrtps_cpp: 6.2.2 (/opt/ros/humble/share/rmw_fastrtps_cpp/cmake)
[0.401s] -- Using RMW implementation 'rmw_fastrtps_cpp' as default
[0.564s] -- Found rclpy: 3.3.8 (/opt/ros/humble/share/rclpy/cmake)
[0.564s] -- Found rl_custom_messages: 0.0.0 (/home/rlcontrol/jay_ws/install/rl_custom_messages/share/rl_custom_messages/cmake)
[0.580s] -- Found sensor_msgs: 4.2.3 (/opt/ros/humble/share/sensor_msgs/cmake)
[0.715s] -- Found cv_bridge: 3.2.1 (/opt/ros/humble/share/cv_bridge/cmake)
[0.838s] -- Configuring done (0.8s)
[0.862s] -- Generating done (0.0s)
[0.865s] -- Build files have been written to: /home/rlcontrol/jay_ws/build/jaybot
[0.888s] [  0%] Built target ament_cmake_python_symlink_jaybot
[0.894s] [ 37%] Built target range_publisher
[0.895s] [ 62%] Built target motor_controller
[0.895s] [ 25%] [32mBuilding CXX object CMakeFiles/rl_server.dir/src/rl_server.cpp.o[0m
[0.896s] [ 87%] Built target camera_publisher
[1.087s] [01m[K/home/rlcontrol/jay_ws/jaybot/src/rl_server.cpp:6:10:[m[K [01;31m[Kfatal error: [m[Kcv_bridge/cv_bridge.h: No such file or directory
[1.087s]     6 | #include [01;31m[K<cv_bridge/cv_bridge.h>[m[K
[1.087s]       |          [01;31m[K^~~~~~~~~~~~~~~~~~~~~~~[m[K
[1.087s] compilation terminated.
[1.089s] gmake[2]: *** [CMakeFiles/rl_server.dir/build.make:76: CMakeFiles/rl_server.dir/src/rl_server.cpp.o] Error 1
[1.089s] gmake[1]: *** [CMakeFiles/Makefile2:224: CMakeFiles/rl_server.dir/all] Error 2
[1.089s] gmake[1]: *** Waiting for unfinished jobs....
[1.122s] running egg_info
[1.123s] writing jaybot.egg-info/PKG-INFO
[1.123s] writing dependency_links to jaybot.egg-info/dependency_links.txt
[1.123s] writing top-level names to jaybot.egg-info/top_level.txt
[1.125s] reading manifest file 'jaybot.egg-info/SOURCES.txt'
[1.125s] writing manifest file 'jaybot.egg-info/SOURCES.txt'
[1.142s] [ 87%] Built target ament_cmake_python_build_jaybot_egg
[1.143s] gmake: *** [Makefile:146: all] Error 2
[1.148s] Invoked command in '/home/rlcontrol/jay_ws/build/jaybot' returned '2': CMAKE_PREFIX_PATH=/home/rlcontrol/jay_ws/install/rl_custom_messages:/home/rlcontrol/jay_ws/install/jaybot:/opt/ros/humble /home/rlcontrol/.local/bin/cmake --build /home/rlcontrol/jay_ws/build/jaybot -- -j6 -l6
