[0.037s] Invoking command in '/home/rlcontrol/jay_ws/build/jaybot': CMAKE_PREFIX_PATH=/home/rlcontrol/jay_ws/install/rl_custom_messages:/home/rlcontrol/jay_ws/install/jaybot:/opt/ros/humble /usr/bin/cmake /home/rlcontrol/jay_ws/jaybot -DCMAKE_INSTALL_PREFIX=/home/rlcontrol/jay_ws/install/jaybot
[0.191s] -- The C compiler identification is GNU 11.3.0
[0.346s] -- The CXX compiler identification is GNU 11.3.0
[0.366s] -- Detecting C compiler ABI info
[0.567s] -- Detecting C compiler ABI info - done
[0.579s] -- Check for working C compiler: /usr/bin/cc - skipped
[0.579s] -- Detecting C compile features
[0.581s] -- Detecting C compile features - done
[0.587s] -- Detecting CXX compiler ABI info
[0.821s] -- Detecting CXX compiler ABI info - done
[0.836s] -- Check for working CXX compiler: /usr/bin/c++ - skipped
[0.837s] -- Detecting CXX compile features
[0.838s] -- Detecting CXX compile features - done
[0.847s] -- Found ament_cmake: 1.3.4 (/opt/ros/humble/share/ament_cmake/cmake)
[1.251s] -- Found Python3: /usr/bin/python3.10 (found version "3.10.6") found components: Interpreter 
[1.445s] -- Found rclcpp: 16.0.4 (/opt/ros/humble/share/rclcpp/cmake)
[1.565s] -- Found rosidl_generator_c: 3.1.4 (/opt/ros/humble/share/rosidl_generator_c/cmake)
[1.576s] -- Found rosidl_adapter: 3.1.4 (/opt/ros/humble/share/rosidl_adapter/cmake)
[1.596s] -- Found rosidl_generator_cpp: 3.1.4 (/opt/ros/humble/share/rosidl_generator_cpp/cmake)
[1.630s] -- Using all available rosidl_typesupport_c: rosidl_typesupport_fastrtps_c;rosidl_typesupport_introspection_c
[1.680s] -- Using all available rosidl_typesupport_cpp: rosidl_typesupport_fastrtps_cpp;rosidl_typesupport_introspection_cpp
[1.895s] -- Found rmw_implementation_cmake: 6.1.1 (/opt/ros/humble/share/rmw_implementation_cmake/cmake)
[1.906s] -- Found rmw_fastrtps_cpp: 6.2.2 (/opt/ros/humble/share/rmw_fastrtps_cpp/cmake)
[2.223s] -- Found OpenSSL: /usr/lib/x86_64-linux-gnu/libcrypto.so (found version "3.0.2")  
[2.279s] -- Found FastRTPS: /opt/ros/humble/include  
[2.377s] -- Using RMW implementation 'rmw_fastrtps_cpp' as default
[2.417s] -- Looking for pthread.h
[2.627s] -- Looking for pthread.h - found
[2.630s] -- Performing Test CMAKE_HAVE_LIBC_PTHREAD
[2.846s] -- Performing Test CMAKE_HAVE_LIBC_PTHREAD - Success
[2.850s] -- Found Threads: TRUE  
[3.283s] -- Found rl_custom_messages: 0.0.0 (/home/rlcontrol/jay_ws/install/rl_custom_messages/share/rl_custom_messages/cmake)
[3.460s] -- Configuring done
[3.498s] -- Generating done
[3.502s] -- Build files have been written to: /home/rlcontrol/jay_ws/build/jaybot
[3.523s] Invoked command in '/home/rlcontrol/jay_ws/build/jaybot' returned '0': CMAKE_PREFIX_PATH=/home/rlcontrol/jay_ws/install/rl_custom_messages:/home/rlcontrol/jay_ws/install/jaybot:/opt/ros/humble /usr/bin/cmake /home/rlcontrol/jay_ws/jaybot -DCMAKE_INSTALL_PREFIX=/home/rlcontrol/jay_ws/install/jaybot
[3.524s] Invoking command in '/home/rlcontrol/jay_ws/build/jaybot': CMAKE_PREFIX_PATH=/home/rlcontrol/jay_ws/install/rl_custom_messages:/home/rlcontrol/jay_ws/install/jaybot:/opt/ros/humble /usr/bin/cmake --build /home/rlcontrol/jay_ws/build/jaybot -- -j2 -l2
[3.674s] [ 25%] [32mBuilding CXX object CMakeFiles/range_publisher.dir/src/range_publisher.cpp.o[0m
[3.681s] [ 50%] [32mBuilding CXX object CMakeFiles/range_subscriber.dir/src/range_subscriber.cpp.o[0m
[12.980s] [ 75%] [32m[1mLinking CXX executable range_publisher[0m
[13.485s] [ 75%] Built target range_publisher
[19.966s] [100%] [32m[1mLinking CXX executable range_subscriber[0m
[20.840s] [100%] Built target range_subscriber
[20.871s] Invoked command in '/home/rlcontrol/jay_ws/build/jaybot' returned '0': CMAKE_PREFIX_PATH=/home/rlcontrol/jay_ws/install/rl_custom_messages:/home/rlcontrol/jay_ws/install/jaybot:/opt/ros/humble /usr/bin/cmake --build /home/rlcontrol/jay_ws/build/jaybot -- -j2 -l2
[20.979s] Invoking command in '/home/rlcontrol/jay_ws/build/jaybot': CMAKE_PREFIX_PATH=/home/rlcontrol/jay_ws/install/rl_custom_messages:/home/rlcontrol/jay_ws/install/jaybot:/opt/ros/humble /usr/bin/cmake --install /home/rlcontrol/jay_ws/build/jaybot
[21.002s] -- Install configuration: ""
[21.003s] -- Installing: /home/rlcontrol/jay_ws/install/jaybot/lib/jaybot/range_publisher
[21.011s] -- Set runtime path of "/home/rlcontrol/jay_ws/install/jaybot/lib/jaybot/range_publisher" to ""
[21.011s] -- Installing: /home/rlcontrol/jay_ws/install/jaybot/lib/jaybot/range_subscriber
[21.028s] -- Set runtime path of "/home/rlcontrol/jay_ws/install/jaybot/lib/jaybot/range_subscriber" to ""
[21.029s] -- Installing: /home/rlcontrol/jay_ws/install/jaybot/include
[21.030s] -- Installing: /home/rlcontrol/jay_ws/install/jaybot/include/jaybot
[21.031s] -- Installing: /home/rlcontrol/jay_ws/install/jaybot/include/jaybot/RangeSensor (copy).h
[21.033s] -- Installing: /home/rlcontrol/jay_ws/install/jaybot/include/jaybot/RangeSensor.h
[21.034s] -- Installing: /home/rlcontrol/jay_ws/install/jaybot/share/ament_index/resource_index/package_run_dependencies/jaybot
[21.035s] -- Installing: /home/rlcontrol/jay_ws/install/jaybot/share/ament_index/resource_index/parent_prefix_path/jaybot
[21.036s] -- Installing: /home/rlcontrol/jay_ws/install/jaybot/share/jaybot/environment/ament_prefix_path.sh
[21.037s] -- Installing: /home/rlcontrol/jay_ws/install/jaybot/share/jaybot/environment/ament_prefix_path.dsv
[21.038s] -- Installing: /home/rlcontrol/jay_ws/install/jaybot/share/jaybot/environment/path.sh
[21.039s] -- Installing: /home/rlcontrol/jay_ws/install/jaybot/share/jaybot/environment/path.dsv
[21.040s] -- Installing: /home/rlcontrol/jay_ws/install/jaybot/share/jaybot/local_setup.bash
[21.041s] -- Installing: /home/rlcontrol/jay_ws/install/jaybot/share/jaybot/local_setup.sh
[21.042s] -- Installing: /home/rlcontrol/jay_ws/install/jaybot/share/jaybot/local_setup.zsh
[21.043s] -- Installing: /home/rlcontrol/jay_ws/install/jaybot/share/jaybot/local_setup.dsv
[21.044s] -- Installing: /home/rlcontrol/jay_ws/install/jaybot/share/jaybot/package.dsv
[21.045s] -- Installing: /home/rlcontrol/jay_ws/install/jaybot/share/ament_index/resource_index/packages/jaybot
[21.046s] -- Installing: /home/rlcontrol/jay_ws/install/jaybot/share/jaybot/cmake/ament_cmake_export_dependencies-extras.cmake
[21.047s] -- Installing: /home/rlcontrol/jay_ws/install/jaybot/share/jaybot/cmake/jaybotConfig.cmake
[21.048s] -- Installing: /home/rlcontrol/jay_ws/install/jaybot/share/jaybot/cmake/jaybotConfig-version.cmake
[21.049s] -- Installing: /home/rlcontrol/jay_ws/install/jaybot/share/jaybot/package.xml
[21.055s] Invoked command in '/home/rlcontrol/jay_ws/build/jaybot' returned '0': CMAKE_PREFIX_PATH=/home/rlcontrol/jay_ws/install/rl_custom_messages:/home/rlcontrol/jay_ws/install/jaybot:/opt/ros/humble /usr/bin/cmake --install /home/rlcontrol/jay_ws/build/jaybot
