[0.019s] Invoking command in '/home/rlcontrol/jay_ws/build/jaybot': CMAKE_PREFIX_PATH=/home/rlcontrol/jay_ws/install/rl_custom_messages:/home/rlcontrol/jay_ws/install/jaybot:/opt/ros/humble /home/rlcontrol/.local/bin/cmake --build /home/rlcontrol/jay_ws/build/jaybot -- -j6 -l6
[0.117s] [ 14%] Built target motor_controller
[0.121s] [ 28%] Built target microphone_publisher
[0.121s] [ 35%] [32mBuilding CXX object CMakeFiles/camera_publisher.dir/src/camera_publisher.cpp.o[0m
[0.122s] [ 50%] Built target range_publisher
[0.125s] [ 64%] Built target rl_server
[0.130s] [ 78%] Built target speaker_controller
[0.153s] [ 78%] Built target ament_cmake_python_symlink_jaybot
[0.156s] [ 92%] Built target image_debugger
[0.519s] running egg_info
[0.519s] writing jaybot.egg-info/PKG-INFO
[0.520s] writing dependency_links to jaybot.egg-info/dependency_links.txt
[0.520s] writing top-level names to jaybot.egg-info/top_level.txt
[0.522s] reading manifest file 'jaybot.egg-info/SOURCES.txt'
[0.523s] writing manifest file 'jaybot.egg-info/SOURCES.txt'
[0.546s] [ 92%] Built target ament_cmake_python_build_jaybot_egg
[0.876s] [01m[K/home/rlcontrol/jay_ws/jaybot/src/camera_publisher.cpp:6:10:[m[K [01;31m[Kfatal error: [m[Krl_custom_messages/srv/image_server.hpp: No such file or directory
[0.877s]     6 | #include [01;31m[K"rl_custom_messages/srv/image_server.hpp"[m[K
[0.877s]       |          [01;31m[K^~~~~~~~~~~~~~~~~~~~~~~~~~~~~~~~~~~~~~~~~[m[K
[0.877s] compilation terminated.
[0.880s] gmake[2]: *** [CMakeFiles/camera_publisher.dir/build.make:76: CMakeFiles/camera_publisher.dir/src/camera_publisher.cpp.o] Error 1
[0.881s] gmake[1]: *** [CMakeFiles/Makefile2:204: CMakeFiles/camera_publisher.dir/all] Error 2
[0.881s] gmake: *** [Makefile:146: all] Error 2
[0.889s] Invoked command in '/home/rlcontrol/jay_ws/build/jaybot' returned '2': CMAKE_PREFIX_PATH=/home/rlcontrol/jay_ws/install/rl_custom_messages:/home/rlcontrol/jay_ws/install/jaybot:/opt/ros/humble /home/rlcontrol/.local/bin/cmake --build /home/rlcontrol/jay_ws/build/jaybot -- -j6 -l6
