[0.015s] Invoking command in '/home/rlcontrol/jay_ws/build/rl_custom_messages': CMAKE_PREFIX_PATH=${CMAKE_PREFIX_PATH}:/opt/ros/humble /home/rlcontrol/.local/bin/cmake /home/rlcontrol/jay_ws/rl_custom_messages -DAMENT_CMAKE_SYMLINK_INSTALL=1 -DCMAKE_INSTALL_PREFIX=/home/rlcontrol/jay_ws/install/rl_custom_messages
[0.232s] -- The C compiler identification is GNU 11.3.0
[0.386s] -- The CXX compiler identification is GNU 11.3.0
[0.412s] -- Detecting C compiler ABI info
[0.525s] -- Detecting C compiler ABI info - done
[0.536s] -- Check for working C compiler: /usr/bin/cc - skipped
[0.537s] -- Detecting C compile features
[0.537s] -- Detecting C compile features - done
[0.545s] -- Detecting CXX compiler ABI info
[0.663s] -- Detecting CXX compiler ABI info - done
[0.674s] -- Check for working CXX compiler: /usr/bin/c++ - skipped
[0.674s] -- Detecting CXX compile features
[0.675s] -- Detecting CXX compile features - done
[0.688s] -- Found ament_cmake: 1.3.5 (/opt/ros/humble/share/ament_cmake/cmake)
[1.129s] -- Found Python3: /usr/bin/python3.10 (found version "3.10.6") found components: Interpreter 
[1.215s] -- Override CMake install command with custom implementation using symlinks instead of copying resources
[1.275s] -- Found rosidl_default_generators: 1.2.0 (/opt/ros/humble/share/rosidl_default_generators/cmake)
[1.282s] -- Using all available rosidl_typesupport_c: rosidl_typesupport_fastrtps_c;rosidl_typesupport_introspection_c
[1.295s] -- Found rosidl_adapter: 3.1.4 (/opt/ros/humble/share/rosidl_adapter/cmake)
[1.371s] -- Using all available rosidl_typesupport_cpp: rosidl_typesupport_fastrtps_cpp;rosidl_typesupport_introspection_cpp
[1.439s] -- Found sensor_msgs: 4.2.3 (/opt/ros/humble/share/sensor_msgs/cmake)
[2.073s] -- Found ament_cmake_ros: 0.10.0 (/opt/ros/humble/share/ament_cmake_ros/cmake)
[2.375s] -- Using all available rosidl_typesupport_c: rosidl_typesupport_fastrtps_c;rosidl_typesupport_introspection_c
[2.783s] -- Using all available rosidl_typesupport_cpp: rosidl_typesupport_fastrtps_cpp;rosidl_typesupport_introspection_cpp
[2.814s] -- Found PythonInterp: /usr/bin/python3 (found suitable version "3.10.6", minimum required is "3.6") 
[2.818s] -- Found python_cmake_module: 0.10.0 (/opt/ros/humble/share/python_cmake_module/cmake)
[2.857s] -- Found PythonLibs: /usr/lib/x86_64-linux-gnu/libpython3.10.so (found suitable version "3.10.6", minimum required is "3.5") 
[2.858s] -- Using PYTHON_EXECUTABLE: /usr/bin/python3
[2.858s] -- Using PYTHON_INCLUDE_DIRS: /usr/include/python3.10
[2.858s] -- Using PYTHON_LIBRARIES: /usr/lib/x86_64-linux-gnu/libpython3.10.so
[2.886s] -- Found PythonExtra: .so  
[3.027s] -- Configuring done (3.0s)
[3.100s] -- Generating done (0.1s)
[3.104s] -- Build files have been written to: /home/rlcontrol/jay_ws/build/rl_custom_messages
[3.118s] Invoked command in '/home/rlcontrol/jay_ws/build/rl_custom_messages' returned '0': CMAKE_PREFIX_PATH=${CMAKE_PREFIX_PATH}:/opt/ros/humble /home/rlcontrol/.local/bin/cmake /home/rlcontrol/jay_ws/rl_custom_messages -DAMENT_CMAKE_SYMLINK_INSTALL=1 -DCMAKE_INSTALL_PREFIX=/home/rlcontrol/jay_ws/install/rl_custom_messages
[3.121s] Invoking command in '/home/rlcontrol/jay_ws/build/rl_custom_messages': CMAKE_PREFIX_PATH=${CMAKE_PREFIX_PATH}:/opt/ros/humble /home/rlcontrol/.local/bin/cmake --build /home/rlcontrol/jay_ws/build/rl_custom_messages -- -j6 -l6
[3.186s] [  1%] [34m[1mGenerating C code for ROS interfaces[0m
[3.197s] [  3%] [34m[1mGenerating C++ code for ROS interfaces[0m
[3.199s] [  3%] Built target ament_cmake_python_symlink_rl_custom_messages
[3.521s] running egg_info
[3.521s] creating rl_custom_messages.egg-info
[3.521s] writing rl_custom_messages.egg-info/PKG-INFO
[3.522s] writing dependency_links to rl_custom_messages.egg-info/dependency_links.txt
[3.522s] writing top-level names to rl_custom_messages.egg-info/top_level.txt
[3.522s] writing manifest file 'rl_custom_messages.egg-info/SOURCES.txt'
[3.524s] reading manifest file 'rl_custom_messages.egg-info/SOURCES.txt'
[3.525s] writing manifest file 'rl_custom_messages.egg-info/SOURCES.txt'
[3.545s] [  3%] Built target ament_cmake_python_build_rl_custom_messages_egg
[3.655s] [  3%] Built target rl_custom_messages__cpp
[3.666s] [  4%] [34m[1mGenerating C++ type support dispatch for ROS interfaces[0m
[3.687s] [  6%] [34m[1mGenerating C++ type support for eProsima Fast-RTPS[0m
[3.687s] [  7%] [34m[1mGenerating C++ introspection for ROS interfaces[0m
[3.697s] [  9%] [32mBuilding C object CMakeFiles/rl_custom_messages__rosidl_generator_c.dir/rosidl_generator_c/rl_custom_messages/msg/detail/range_array__functions.c.o[0m
[3.698s] [ 11%] [32mBuilding C object CMakeFiles/rl_custom_messages__rosidl_generator_c.dir/rosidl_generator_c/rl_custom_messages/msg/detail/motor_commands__functions.c.o[0m
[3.699s] [ 12%] [32mBuilding C object CMakeFiles/rl_custom_messages__rosidl_generator_c.dir/rosidl_generator_c/rl_custom_messages/msg/detail/audio_data__functions.c.o[0m
[3.821s] [ 14%] [32mBuilding C object CMakeFiles/rl_custom_messages__rosidl_generator_c.dir/rosidl_generator_c/rl_custom_messages/srv/detail/observation_service__functions.c.o[0m
[3.822s] [ 15%] [32mBuilding C object CMakeFiles/rl_custom_messages__rosidl_generator_c.dir/rosidl_generator_c/rl_custom_messages/srv/detail/image_service__functions.c.o[0m
[3.906s] [ 17%] [32m[1mLinking C shared library librl_custom_messages__rosidl_generator_c.so[0m
[3.951s] [ 17%] Built target rl_custom_messages__rosidl_generator_c
[3.961s] [ 19%] [34m[1mGenerating C type support for eProsima Fast-RTPS[0m
[3.962s] [ 20%] [34m[1mGenerating C introspection for ROS interfaces[0m
[3.963s] [ 22%] [34m[1mGenerating C type support dispatch for ROS interfaces[0m
[4.064s] [ 23%] [32mBuilding CXX object CMakeFiles/rl_custom_messages__rosidl_typesupport_cpp.dir/rosidl_typesupport_cpp/rl_custom_messages/msg/range_array__type_support.cpp.o[0m
[4.217s] [ 25%] [32mBuilding CXX object CMakeFiles/rl_custom_messages__rosidl_typesupport_introspection_cpp.dir/rosidl_typesupport_introspection_cpp/rl_custom_messages/msg/detail/range_array__type_support.cpp.o[0m
[4.246s] [ 26%] [32mBuilding CXX object CMakeFiles/rl_custom_messages__rosidl_typesupport_fastrtps_cpp.dir/rosidl_typesupport_fastrtps_cpp/rl_custom_messages/msg/detail/dds_fastrtps/range_array__type_support.cpp.o[0m
[4.406s] [ 28%] [32mBuilding CXX object CMakeFiles/rl_custom_messages__rosidl_typesupport_c.dir/rosidl_typesupport_c/rl_custom_messages/msg/range_array__type_support.cpp.o[0m
[4.465s] [ 30%] [32mBuilding CXX object CMakeFiles/rl_custom_messages__rosidl_typesupport_c.dir/rosidl_typesupport_c/rl_custom_messages/msg/motor_commands__type_support.cpp.o[0m
[4.516s] [ 31%] [32mBuilding CXX object CMakeFiles/rl_custom_messages__rosidl_typesupport_c.dir/rosidl_typesupport_c/rl_custom_messages/msg/audio_data__type_support.cpp.o[0m
[4.516s] [ 33%] [32mBuilding C object CMakeFiles/rl_custom_messages__rosidl_typesupport_introspection_c.dir/rosidl_typesupport_introspection_c/rl_custom_messages/msg/detail/range_array__type_support.c.o[0m
[4.531s] [ 34%] [32mBuilding CXX object CMakeFiles/rl_custom_messages__rosidl_typesupport_fastrtps_c.dir/rosidl_typesupport_fastrtps_c/rl_custom_messages/msg/detail/range_array__type_support_c.cpp.o[0m
[4.565s] [ 36%] [32mBuilding CXX object CMakeFiles/rl_custom_messages__rosidl_typesupport_c.dir/rosidl_typesupport_c/rl_custom_messages/srv/observation_service__type_support.cpp.o[0m
[4.576s] [ 38%] [32mBuilding C object CMakeFiles/rl_custom_messages__rosidl_typesupport_introspection_c.dir/rosidl_typesupport_introspection_c/rl_custom_messages/msg/detail/motor_commands__type_support.c.o[0m
[4.576s] [ 39%] [32mBuilding CXX object CMakeFiles/rl_custom_messages__rosidl_typesupport_cpp.dir/rosidl_typesupport_cpp/rl_custom_messages/msg/motor_commands__type_support.cpp.o[0m
[4.618s] [ 41%] [32mBuilding CXX object CMakeFiles/rl_custom_messages__rosidl_typesupport_c.dir/rosidl_typesupport_c/rl_custom_messages/srv/image_service__type_support.cpp.o[0m
[4.637s] [ 42%] [32mBuilding C object CMakeFiles/rl_custom_messages__rosidl_typesupport_introspection_c.dir/rosidl_typesupport_introspection_c/rl_custom_messages/msg/detail/audio_data__type_support.c.o[0m
[4.667s] [ 44%] [32m[1mLinking CXX shared library librl_custom_messages__rosidl_typesupport_c.so[0m
[4.701s] [ 46%] [32mBuilding C object CMakeFiles/rl_custom_messages__rosidl_typesupport_introspection_c.dir/rosidl_typesupport_introspection_c/rl_custom_messages/srv/detail/observation_service__type_support.c.o[0m
[4.726s] [ 46%] Built target rl_custom_messages__rosidl_typesupport_c
[4.732s] [ 47%] [32mBuilding CXX object CMakeFiles/rl_custom_messages__rosidl_typesupport_fastrtps_c.dir/rosidl_typesupport_fastrtps_c/rl_custom_messages/msg/detail/motor_commands__type_support_c.cpp.o[0m
[4.765s] [ 49%] [32mBuilding C object CMakeFiles/rl_custom_messages__rosidl_typesupport_introspection_c.dir/rosidl_typesupport_introspection_c/rl_custom_messages/srv/detail/image_service__type_support.c.o[0m
[4.783s] [ 50%] [32mBuilding CXX object CMakeFiles/rl_custom_messages__rosidl_typesupport_introspection_cpp.dir/rosidl_typesupport_introspection_cpp/rl_custom_messages/msg/detail/motor_commands__type_support.cpp.o[0m
[4.840s] [ 52%] [32m[1mLinking C shared library librl_custom_messages__rosidl_typesupport_introspection_c.so[0m
[4.842s] [ 53%] [32mBuilding CXX object CMakeFiles/rl_custom_messages__rosidl_typesupport_fastrtps_cpp.dir/rosidl_typesupport_fastrtps_cpp/rl_custom_messages/msg/detail/dds_fastrtps/motor_commands__type_support.cpp.o[0m
[4.899s] [ 53%] Built target rl_custom_messages__rosidl_typesupport_introspection_c
[4.908s] [ 55%] [32mBuilding CXX object CMakeFiles/rl_custom_messages__rosidl_typesupport_fastrtps_cpp.dir/rosidl_typesupport_fastrtps_cpp/rl_custom_messages/msg/detail/dds_fastrtps/audio_data__type_support.cpp.o[0m
[4.948s] [ 57%] [32mBuilding CXX object CMakeFiles/rl_custom_messages__rosidl_typesupport_cpp.dir/rosidl_typesupport_cpp/rl_custom_messages/msg/audio_data__type_support.cpp.o[0m
[5.014s] [ 58%] [32mBuilding CXX object CMakeFiles/rl_custom_messages__rosidl_typesupport_fastrtps_c.dir/rosidl_typesupport_fastrtps_c/rl_custom_messages/msg/detail/audio_data__type_support_c.cpp.o[0m
[5.199s] [ 60%] [32mBuilding CXX object CMakeFiles/rl_custom_messages__rosidl_typesupport_fastrtps_c.dir/rosidl_typesupport_fastrtps_c/rl_custom_messages/srv/detail/observation_service__type_support_c.cpp.o[0m
[5.325s] [ 61%] [32mBuilding CXX object CMakeFiles/rl_custom_messages__rosidl_typesupport_cpp.dir/rosidl_typesupport_cpp/rl_custom_messages/srv/observation_service__type_support.cpp.o[0m
[5.353s] [ 63%] [32mBuilding CXX object CMakeFiles/rl_custom_messages__rosidl_typesupport_introspection_cpp.dir/rosidl_typesupport_introspection_cpp/rl_custom_messages/msg/detail/audio_data__type_support.cpp.o[0m
[5.439s] [ 65%] [32mBuilding CXX object CMakeFiles/rl_custom_messages__rosidl_typesupport_fastrtps_cpp.dir/rosidl_typesupport_fastrtps_cpp/rl_custom_messages/srv/detail/dds_fastrtps/observation_service__type_support.cpp.o[0m
[5.487s] [ 66%] [32mBuilding CXX object CMakeFiles/rl_custom_messages__rosidl_typesupport_fastrtps_c.dir/rosidl_typesupport_fastrtps_c/rl_custom_messages/srv/detail/image_service__type_support_c.cpp.o[0m
[5.514s] [ 68%] [32mBuilding CXX object CMakeFiles/rl_custom_messages__rosidl_typesupport_fastrtps_cpp.dir/rosidl_typesupport_fastrtps_cpp/rl_custom_messages/srv/detail/dds_fastrtps/image_service__type_support.cpp.o[0m
[5.670s] [ 69%] [32mBuilding CXX object CMakeFiles/rl_custom_messages__rosidl_typesupport_introspection_cpp.dir/rosidl_typesupport_introspection_cpp/rl_custom_messages/srv/detail/observation_service__type_support.cpp.o[0m
[5.681s] [ 71%] [32mBuilding CXX object CMakeFiles/rl_custom_messages__rosidl_typesupport_cpp.dir/rosidl_typesupport_cpp/rl_custom_messages/srv/image_service__type_support.cpp.o[0m
[5.883s] [ 73%] [32mBuilding CXX object CMakeFiles/rl_custom_messages__rosidl_typesupport_introspection_cpp.dir/rosidl_typesupport_introspection_cpp/rl_custom_messages/srv/detail/image_service__type_support.cpp.o[0m
[5.954s] [ 74%] [32m[1mLinking CXX shared library librl_custom_messages__rosidl_typesupport_fastrtps_c.so[0m
[6.040s] [ 76%] [32m[1mLinking CXX shared library librl_custom_messages__rosidl_typesupport_cpp.so[0m
[6.043s] [ 77%] [32m[1mLinking CXX shared library librl_custom_messages__rosidl_typesupport_fastrtps_cpp.so[0m
[6.055s] [ 77%] Built target rl_custom_messages__rosidl_typesupport_fastrtps_c
[6.101s] [ 77%] Built target rl_custom_messages__rosidl_typesupport_cpp
[6.147s] [ 77%] Built target rl_custom_messages__rosidl_typesupport_fastrtps_cpp
[6.354s] [ 79%] [32m[1mLinking CXX shared library librl_custom_messages__rosidl_typesupport_introspection_cpp.so[0m
[6.452s] [ 79%] Built target rl_custom_messages__rosidl_typesupport_introspection_cpp
[6.468s] [ 79%] Built target rl_custom_messages
[6.485s] [ 80%] [34m[1mGenerating Python code for ROS interfaces[0m
[7.174s] [ 80%] Built target rl_custom_messages__py
[7.192s] [ 82%] [32mBuilding C object CMakeFiles/rl_custom_messages__rosidl_generator_py.dir/rosidl_generator_py/rl_custom_messages/msg/_range_array_s.c.o[0m
[7.193s] [ 84%] [32mBuilding C object CMakeFiles/rl_custom_messages__rosidl_generator_py.dir/rosidl_generator_py/rl_custom_messages/msg/_motor_commands_s.c.o[0m
[7.194s] [ 85%] [32mBuilding C object CMakeFiles/rl_custom_messages__rosidl_generator_py.dir/rosidl_generator_py/rl_custom_messages/msg/_audio_data_s.c.o[0m
[7.195s] [ 87%] [32mBuilding C object CMakeFiles/rl_custom_messages__rosidl_generator_py.dir/rosidl_generator_py/rl_custom_messages/srv/_observation_service_s.c.o[0m
[7.196s] [ 88%] [32mBuilding C object CMakeFiles/rl_custom_messages__rosidl_generator_py.dir/rosidl_generator_py/rl_custom_messages/srv/_image_service_s.c.o[0m
[7.433s] [ 90%] [32m[1mLinking C shared library rosidl_generator_py/rl_custom_messages/librl_custom_messages__rosidl_generator_py.so[0m
[7.484s] [ 90%] Built target rl_custom_messages__rosidl_generator_py
[7.505s] [ 92%] [32mBuilding C object CMakeFiles/rl_custom_messages__rosidl_typesupport_fastrtps_c__pyext.dir/rosidl_generator_py/rl_custom_messages/_rl_custom_messages_s.ep.rosidl_typesupport_fastrtps_c.c.o[0m
[7.505s] [ 93%] [32mBuilding C object CMakeFiles/rl_custom_messages__rosidl_typesupport_introspection_c__pyext.dir/rosidl_generator_py/rl_custom_messages/_rl_custom_messages_s.ep.rosidl_typesupport_introspection_c.c.o[0m
[7.507s] [ 95%] [32mBuilding C object CMakeFiles/rl_custom_messages__rosidl_typesupport_c__pyext.dir/rosidl_generator_py/rl_custom_messages/_rl_custom_messages_s.ep.rosidl_typesupport_c.c.o[0m
[7.681s] [ 98%] [32m[1mLinking C shared library rosidl_generator_py/rl_custom_messages/rl_custom_messages_s__rosidl_typesupport_fastrtps_c.cpython-310-x86_64-linux-gnu.so[0m
[7.682s] [ 98%] [32m[1mLinking C shared library rosidl_generator_py/rl_custom_messages/rl_custom_messages_s__rosidl_typesupport_introspection_c.cpython-310-x86_64-linux-gnu.so[0m
[7.682s] [100%] [32m[1mLinking C shared library rosidl_generator_py/rl_custom_messages/rl_custom_messages_s__rosidl_typesupport_c.cpython-310-x86_64-linux-gnu.so[0m
[7.741s] [100%] Built target rl_custom_messages__rosidl_typesupport_introspection_c__pyext
[7.743s] [100%] Built target rl_custom_messages__rosidl_typesupport_c__pyext
[7.745s] [100%] Built target rl_custom_messages__rosidl_typesupport_fastrtps_c__pyext
[7.756s] Invoked command in '/home/rlcontrol/jay_ws/build/rl_custom_messages' returned '0': CMAKE_PREFIX_PATH=${CMAKE_PREFIX_PATH}:/opt/ros/humble /home/rlcontrol/.local/bin/cmake --build /home/rlcontrol/jay_ws/build/rl_custom_messages -- -j6 -l6
[8.166s] Invoking command in '/home/rlcontrol/jay_ws/build/rl_custom_messages': CMAKE_PREFIX_PATH=${CMAKE_PREFIX_PATH}:/opt/ros/humble /home/rlcontrol/.local/bin/cmake --install /home/rlcontrol/jay_ws/build/rl_custom_messages
[8.198s] -- Install configuration: ""
[8.199s] -- Execute custom install script
[8.199s] -- Symlinking: /home/rlcontrol/jay_ws/install/rl_custom_messages/share/ament_index/resource_index/rosidl_interfaces/rl_custom_messages
[8.205s] -- Symlinking: /home/rlcontrol/jay_ws/install/rl_custom_messages/include/rl_custom_messages/rl_custom_messages/msg/audio_data.h
[8.209s] -- Symlinking: /home/rlcontrol/jay_ws/install/rl_custom_messages/include/rl_custom_messages/rl_custom_messages/msg/detail/audio_data__functions.h
[8.214s] -- Symlinking: /home/rlcontrol/jay_ws/install/rl_custom_messages/include/rl_custom_messages/rl_custom_messages/msg/detail/audio_data__struct.h
[8.218s] -- Symlinking: /home/rlcontrol/jay_ws/install/rl_custom_messages/include/rl_custom_messages/rl_custom_messages/msg/detail/audio_data__type_support.h
[8.223s] -- Symlinking: /home/rlcontrol/jay_ws/install/rl_custom_messages/include/rl_custom_messages/rl_custom_messages/msg/detail/motor_commands__functions.h
[8.227s] -- Symlinking: /home/rlcontrol/jay_ws/install/rl_custom_messages/include/rl_custom_messages/rl_custom_messages/msg/detail/motor_commands__struct.h
[8.233s] -- Symlinking: /home/rlcontrol/jay_ws/install/rl_custom_messages/include/rl_custom_messages/rl_custom_messages/msg/detail/motor_commands__type_support.h
[8.238s] -- Symlinking: /home/rlcontrol/jay_ws/install/rl_custom_messages/include/rl_custom_messages/rl_custom_messages/msg/detail/range_array__functions.h
[8.243s] -- Symlinking: /home/rlcontrol/jay_ws/install/rl_custom_messages/include/rl_custom_messages/rl_custom_messages/msg/detail/range_array__struct.h
[8.247s] -- Symlinking: /home/rlcontrol/jay_ws/install/rl_custom_messages/include/rl_custom_messages/rl_custom_messages/msg/detail/range_array__type_support.h
[8.252s] -- Symlinking: /home/rlcontrol/jay_ws/install/rl_custom_messages/include/rl_custom_messages/rl_custom_messages/msg/motor_commands.h
[8.256s] -- Symlinking: /home/rlcontrol/jay_ws/install/rl_custom_messages/include/rl_custom_messages/rl_custom_messages/msg/range_array.h
[8.261s] -- Symlinking: /home/rlcontrol/jay_ws/install/rl_custom_messages/include/rl_custom_messages/rl_custom_messages/msg/rosidl_generator_c__visibility_control.h
[8.266s] -- Symlinking: /home/rlcontrol/jay_ws/install/rl_custom_messages/include/rl_custom_messages/rl_custom_messages/srv/detail/image_service__functions.h
[8.271s] -- Symlinking: /home/rlcontrol/jay_ws/install/rl_custom_messages/include/rl_custom_messages/rl_custom_messages/srv/detail/image_service__struct.h
[8.277s] -- Symlinking: /home/rlcontrol/jay_ws/install/rl_custom_messages/include/rl_custom_messages/rl_custom_messages/srv/detail/image_service__type_support.h
[8.282s] -- Symlinking: /home/rlcontrol/jay_ws/install/rl_custom_messages/include/rl_custom_messages/rl_custom_messages/srv/detail/observation_service__functions.h
[8.289s] -- Symlinking: /home/rlcontrol/jay_ws/install/rl_custom_messages/include/rl_custom_messages/rl_custom_messages/srv/detail/observation_service__struct.h
[8.294s] -- Symlinking: /home/rlcontrol/jay_ws/install/rl_custom_messages/include/rl_custom_messages/rl_custom_messages/srv/detail/observation_service__type_support.h
[8.298s] -- Symlinking: /home/rlcontrol/jay_ws/install/rl_custom_messages/include/rl_custom_messages/rl_custom_messages/srv/image_service.h
[8.303s] -- Symlinking: /home/rlcontrol/jay_ws/install/rl_custom_messages/include/rl_custom_messages/rl_custom_messages/srv/observation_service.h
[8.307s] -- Symlinking: /home/rlcontrol/jay_ws/install/rl_custom_messages/share/rl_custom_messages/environment/library_path.sh
[8.312s] -- Symlinking: /home/rlcontrol/jay_ws/install/rl_custom_messages/share/rl_custom_messages/environment/library_path.dsv
[8.318s] -- Symlinking: /home/rlcontrol/jay_ws/install/rl_custom_messages/include/rl_custom_messages/rl_custom_messages/msg/detail/audio_data__rosidl_typesupport_fastrtps_c.h
[8.322s] -- Symlinking: /home/rlcontrol/jay_ws/install/rl_custom_messages/include/rl_custom_messages/rl_custom_messages/msg/detail/motor_commands__rosidl_typesupport_fastrtps_c.h
[8.327s] -- Symlinking: /home/rlcontrol/jay_ws/install/rl_custom_messages/include/rl_custom_messages/rl_custom_messages/msg/detail/range_array__rosidl_typesupport_fastrtps_c.h
[8.332s] -- Symlinking: /home/rlcontrol/jay_ws/install/rl_custom_messages/include/rl_custom_messages/rl_custom_messages/msg/rosidl_typesupport_fastrtps_c__visibility_control.h
[8.337s] -- Symlinking: /home/rlcontrol/jay_ws/install/rl_custom_messages/include/rl_custom_messages/rl_custom_messages/srv/detail/image_service__rosidl_typesupport_fastrtps_c.h
[8.341s] -- Symlinking: /home/rlcontrol/jay_ws/install/rl_custom_messages/include/rl_custom_messages/rl_custom_messages/srv/detail/observation_service__rosidl_typesupport_fastrtps_c.h
[8.346s] -- Symlinking: /home/rlcontrol/jay_ws/install/rl_custom_messages/include/rl_custom_messages/rl_custom_messages/msg/detail/audio_data__rosidl_typesupport_introspection_c.h
[8.351s] -- Symlinking: /home/rlcontrol/jay_ws/install/rl_custom_messages/include/rl_custom_messages/rl_custom_messages/msg/detail/motor_commands__rosidl_typesupport_introspection_c.h
[8.355s] -- Symlinking: /home/rlcontrol/jay_ws/install/rl_custom_messages/include/rl_custom_messages/rl_custom_messages/msg/detail/range_array__rosidl_typesupport_introspection_c.h
[8.359s] -- Symlinking: /home/rlcontrol/jay_ws/install/rl_custom_messages/include/rl_custom_messages/rl_custom_messages/msg/rosidl_typesupport_introspection_c__visibility_control.h
[8.364s] -- Symlinking: /home/rlcontrol/jay_ws/install/rl_custom_messages/include/rl_custom_messages/rl_custom_messages/srv/detail/image_service__rosidl_typesupport_introspection_c.h
[8.369s] -- Symlinking: /home/rlcontrol/jay_ws/install/rl_custom_messages/include/rl_custom_messages/rl_custom_messages/srv/detail/observation_service__rosidl_typesupport_introspection_c.h
[8.374s] -- Symlinking: /home/rlcontrol/jay_ws/install/rl_custom_messages/include/rl_custom_messages/rl_custom_messages/msg/audio_data.hpp
[8.379s] -- Symlinking: /home/rlcontrol/jay_ws/install/rl_custom_messages/include/rl_custom_messages/rl_custom_messages/msg/detail/audio_data__builder.hpp
[8.383s] -- Symlinking: /home/rlcontrol/jay_ws/install/rl_custom_messages/include/rl_custom_messages/rl_custom_messages/msg/detail/audio_data__struct.hpp
[8.388s] -- Symlinking: /home/rlcontrol/jay_ws/install/rl_custom_messages/include/rl_custom_messages/rl_custom_messages/msg/detail/audio_data__traits.hpp
[8.392s] -- Symlinking: /home/rlcontrol/jay_ws/install/rl_custom_messages/include/rl_custom_messages/rl_custom_messages/msg/detail/motor_commands__builder.hpp
[8.397s] -- Symlinking: /home/rlcontrol/jay_ws/install/rl_custom_messages/include/rl_custom_messages/rl_custom_messages/msg/detail/motor_commands__struct.hpp
[8.401s] -- Symlinking: /home/rlcontrol/jay_ws/install/rl_custom_messages/include/rl_custom_messages/rl_custom_messages/msg/detail/motor_commands__traits.hpp
[8.406s] -- Symlinking: /home/rlcontrol/jay_ws/install/rl_custom_messages/include/rl_custom_messages/rl_custom_messages/msg/detail/range_array__builder.hpp
[8.411s] -- Symlinking: /home/rlcontrol/jay_ws/install/rl_custom_messages/include/rl_custom_messages/rl_custom_messages/msg/detail/range_array__struct.hpp
[8.417s] -- Symlinking: /home/rlcontrol/jay_ws/install/rl_custom_messages/include/rl_custom_messages/rl_custom_messages/msg/detail/range_array__traits.hpp
[8.422s] -- Symlinking: /home/rlcontrol/jay_ws/install/rl_custom_messages/include/rl_custom_messages/rl_custom_messages/msg/motor_commands.hpp
[8.427s] -- Symlinking: /home/rlcontrol/jay_ws/install/rl_custom_messages/include/rl_custom_messages/rl_custom_messages/msg/range_array.hpp
[8.433s] -- Symlinking: /home/rlcontrol/jay_ws/install/rl_custom_messages/include/rl_custom_messages/rl_custom_messages/srv/detail/image_service__builder.hpp
[8.437s] -- Symlinking: /home/rlcontrol/jay_ws/install/rl_custom_messages/include/rl_custom_messages/rl_custom_messages/srv/detail/image_service__struct.hpp
[8.442s] -- Symlinking: /home/rlcontrol/jay_ws/install/rl_custom_messages/include/rl_custom_messages/rl_custom_messages/srv/detail/image_service__traits.hpp
[8.447s] -- Symlinking: /home/rlcontrol/jay_ws/install/rl_custom_messages/include/rl_custom_messages/rl_custom_messages/srv/detail/observation_service__builder.hpp
[8.451s] -- Symlinking: /home/rlcontrol/jay_ws/install/rl_custom_messages/include/rl_custom_messages/rl_custom_messages/srv/detail/observation_service__struct.hpp
[8.456s] -- Symlinking: /home/rlcontrol/jay_ws/install/rl_custom_messages/include/rl_custom_messages/rl_custom_messages/srv/detail/observation_service__traits.hpp
[8.460s] -- Symlinking: /home/rlcontrol/jay_ws/install/rl_custom_messages/include/rl_custom_messages/rl_custom_messages/srv/image_service.hpp
[8.465s] -- Symlinking: /home/rlcontrol/jay_ws/install/rl_custom_messages/include/rl_custom_messages/rl_custom_messages/srv/observation_service.hpp
[8.472s] -- Symlinking: /home/rlcontrol/jay_ws/install/rl_custom_messages/include/rl_custom_messages/rl_custom_messages/msg/detail/audio_data__rosidl_typesupport_fastrtps_cpp.hpp
[8.477s] -- Symlinking: /home/rlcontrol/jay_ws/install/rl_custom_messages/include/rl_custom_messages/rl_custom_messages/msg/detail/motor_commands__rosidl_typesupport_fastrtps_cpp.hpp
[8.482s] -- Symlinking: /home/rlcontrol/jay_ws/install/rl_custom_messages/include/rl_custom_messages/rl_custom_messages/msg/detail/range_array__rosidl_typesupport_fastrtps_cpp.hpp
[8.486s] -- Symlinking: /home/rlcontrol/jay_ws/install/rl_custom_messages/include/rl_custom_messages/rl_custom_messages/msg/rosidl_typesupport_fastrtps_cpp__visibility_control.h
[8.491s] -- Symlinking: /home/rlcontrol/jay_ws/install/rl_custom_messages/include/rl_custom_messages/rl_custom_messages/srv/detail/image_service__rosidl_typesupport_fastrtps_cpp.hpp
[8.495s] -- Symlinking: /home/rlcontrol/jay_ws/install/rl_custom_messages/include/rl_custom_messages/rl_custom_messages/srv/detail/observation_service__rosidl_typesupport_fastrtps_cpp.hpp
[8.501s] -- Symlinking: /home/rlcontrol/jay_ws/install/rl_custom_messages/include/rl_custom_messages/rl_custom_messages/msg/detail/audio_data__rosidl_typesupport_introspection_cpp.hpp
[8.506s] -- Symlinking: /home/rlcontrol/jay_ws/install/rl_custom_messages/include/rl_custom_messages/rl_custom_messages/msg/detail/motor_commands__rosidl_typesupport_introspection_cpp.hpp
[8.512s] -- Symlinking: /home/rlcontrol/jay_ws/install/rl_custom_messages/include/rl_custom_messages/rl_custom_messages/msg/detail/range_array__rosidl_typesupport_introspection_cpp.hpp
[8.517s] -- Symlinking: /home/rlcontrol/jay_ws/install/rl_custom_messages/include/rl_custom_messages/rl_custom_messages/srv/detail/image_service__rosidl_typesupport_introspection_cpp.hpp
[8.521s] -- Symlinking: /home/rlcontrol/jay_ws/install/rl_custom_messages/include/rl_custom_messages/rl_custom_messages/srv/detail/observation_service__rosidl_typesupport_introspection_cpp.hpp
[8.527s] -- Symlinking: /home/rlcontrol/jay_ws/install/rl_custom_messages/share/rl_custom_messages/environment/pythonpath.sh
[8.532s] -- Symlinking: /home/rlcontrol/jay_ws/install/rl_custom_messages/share/rl_custom_messages/environment/pythonpath.dsv
[8.538s] -- Symlinking: /home/rlcontrol/jay_ws/install/rl_custom_messages/local/lib/python3.10/dist-packages/rl_custom_messages-0.0.0-py3.10.egg-info/PKG-INFO
[8.542s] -- Symlinking: /home/rlcontrol/jay_ws/install/rl_custom_messages/local/lib/python3.10/dist-packages/rl_custom_messages-0.0.0-py3.10.egg-info/SOURCES.txt
[8.547s] -- Symlinking: /home/rlcontrol/jay_ws/install/rl_custom_messages/local/lib/python3.10/dist-packages/rl_custom_messages-0.0.0-py3.10.egg-info/dependency_links.txt
[8.552s] -- Symlinking: /home/rlcontrol/jay_ws/install/rl_custom_messages/local/lib/python3.10/dist-packages/rl_custom_messages-0.0.0-py3.10.egg-info/top_level.txt
[8.557s] -- Symlinking: /home/rlcontrol/jay_ws/install/rl_custom_messages/local/lib/python3.10/dist-packages/rl_custom_messages/__init__.py
[8.562s] -- Symlinking: /home/rlcontrol/jay_ws/install/rl_custom_messages/local/lib/python3.10/dist-packages/rl_custom_messages/_rl_custom_messages_s.ep.rosidl_typesupport_c.c
[8.566s] -- Symlinking: /home/rlcontrol/jay_ws/install/rl_custom_messages/local/lib/python3.10/dist-packages/rl_custom_messages/_rl_custom_messages_s.ep.rosidl_typesupport_fastrtps_c.c
[8.571s] -- Symlinking: /home/rlcontrol/jay_ws/install/rl_custom_messages/local/lib/python3.10/dist-packages/rl_custom_messages/_rl_custom_messages_s.ep.rosidl_typesupport_introspection_c.c
[8.575s] -- Symlinking: /home/rlcontrol/jay_ws/install/rl_custom_messages/local/lib/python3.10/dist-packages/rl_custom_messages/librl_custom_messages__rosidl_generator_py.so
[8.581s] -- Symlinking: /home/rlcontrol/jay_ws/install/rl_custom_messages/local/lib/python3.10/dist-packages/rl_custom_messages/msg/__init__.py
[8.585s] -- Symlinking: /home/rlcontrol/jay_ws/install/rl_custom_messages/local/lib/python3.10/dist-packages/rl_custom_messages/msg/_audio_data.py
[8.590s] -- Symlinking: /home/rlcontrol/jay_ws/install/rl_custom_messages/local/lib/python3.10/dist-packages/rl_custom_messages/msg/_audio_data_s.c
[8.594s] -- Symlinking: /home/rlcontrol/jay_ws/install/rl_custom_messages/local/lib/python3.10/dist-packages/rl_custom_messages/msg/_motor_commands.py
[8.599s] -- Symlinking: /home/rlcontrol/jay_ws/install/rl_custom_messages/local/lib/python3.10/dist-packages/rl_custom_messages/msg/_motor_commands_s.c
[8.603s] -- Symlinking: /home/rlcontrol/jay_ws/install/rl_custom_messages/local/lib/python3.10/dist-packages/rl_custom_messages/msg/_range_array.py
[8.608s] -- Symlinking: /home/rlcontrol/jay_ws/install/rl_custom_messages/local/lib/python3.10/dist-packages/rl_custom_messages/msg/_range_array_s.c
[8.612s] -- Symlinking: /home/rlcontrol/jay_ws/install/rl_custom_messages/local/lib/python3.10/dist-packages/rl_custom_messages/rl_custom_messages_s__rosidl_typesupport_c.cpython-310-x86_64-linux-gnu.so
[8.617s] -- Symlinking: /home/rlcontrol/jay_ws/install/rl_custom_messages/local/lib/python3.10/dist-packages/rl_custom_messages/rl_custom_messages_s__rosidl_typesupport_fastrtps_c.cpython-310-x86_64-linux-gnu.so
[8.621s] -- Symlinking: /home/rlcontrol/jay_ws/install/rl_custom_messages/local/lib/python3.10/dist-packages/rl_custom_messages/rl_custom_messages_s__rosidl_typesupport_introspection_c.cpython-310-x86_64-linux-gnu.so
[8.626s] -- Symlinking: /home/rlcontrol/jay_ws/install/rl_custom_messages/local/lib/python3.10/dist-packages/rl_custom_messages/srv/__init__.py
[8.632s] -- Symlinking: /home/rlcontrol/jay_ws/install/rl_custom_messages/local/lib/python3.10/dist-packages/rl_custom_messages/srv/_image_service.py
[8.636s] -- Symlinking: /home/rlcontrol/jay_ws/install/rl_custom_messages/local/lib/python3.10/dist-packages/rl_custom_messages/srv/_image_service_s.c
[8.641s] -- Symlinking: /home/rlcontrol/jay_ws/install/rl_custom_messages/local/lib/python3.10/dist-packages/rl_custom_messages/srv/_observation_service.py
[8.645s] -- Symlinking: /home/rlcontrol/jay_ws/install/rl_custom_messages/local/lib/python3.10/dist-packages/rl_custom_messages/srv/_observation_service_s.c
[8.650s] -- Up-to-date symlink: /home/rlcontrol/jay_ws/install/rl_custom_messages/local/lib/python3.10/dist-packages/rl_custom_messages/rl_custom_messages_s__rosidl_typesupport_fastrtps_c.cpython-310-x86_64-linux-gnu.so
[8.650s] -- Up-to-date symlink: /home/rlcontrol/jay_ws/install/rl_custom_messages/local/lib/python3.10/dist-packages/rl_custom_messages/rl_custom_messages_s__rosidl_typesupport_introspection_c.cpython-310-x86_64-linux-gnu.so
[8.651s] -- Up-to-date symlink: /home/rlcontrol/jay_ws/install/rl_custom_messages/local/lib/python3.10/dist-packages/rl_custom_messages/rl_custom_messages_s__rosidl_typesupport_c.cpython-310-x86_64-linux-gnu.so
[8.651s] -- Symlinking: /home/rlcontrol/jay_ws/install/rl_custom_messages/share/rl_custom_messages/msg/RangeArray.idl
[8.656s] -- Symlinking: /home/rlcontrol/jay_ws/install/rl_custom_messages/share/rl_custom_messages/msg/MotorCommands.idl
[8.662s] -- Symlinking: /home/rlcontrol/jay_ws/install/rl_custom_messages/share/rl_custom_messages/msg/AudioData.idl
[8.666s] -- Symlinking: /home/rlcontrol/jay_ws/install/rl_custom_messages/share/rl_custom_messages/srv/ObservationService.idl
[8.671s] -- Symlinking: /home/rlcontrol/jay_ws/install/rl_custom_messages/share/rl_custom_messages/srv/ImageService.idl
[8.678s] -- Symlinking: /home/rlcontrol/jay_ws/install/rl_custom_messages/share/rl_custom_messages/msg/RangeArray.msg
[8.683s] -- Symlinking: /home/rlcontrol/jay_ws/install/rl_custom_messages/share/rl_custom_messages/msg/MotorCommands.msg
[8.687s] -- Symlinking: /home/rlcontrol/jay_ws/install/rl_custom_messages/share/rl_custom_messages/msg/AudioData.msg
[8.692s] -- Symlinking: /home/rlcontrol/jay_ws/install/rl_custom_messages/share/rl_custom_messages/srv/ObservationService.srv
[8.697s] -- Symlinking: /home/rlcontrol/jay_ws/install/rl_custom_messages/share/rl_custom_messages/srv/ObservationService_Request.msg
[8.701s] -- Symlinking: /home/rlcontrol/jay_ws/install/rl_custom_messages/share/rl_custom_messages/srv/ObservationService_Response.msg
[8.706s] -- Symlinking: /home/rlcontrol/jay_ws/install/rl_custom_messages/share/rl_custom_messages/srv/ImageService.srv
[8.711s] -- Symlinking: /home/rlcontrol/jay_ws/install/rl_custom_messages/share/rl_custom_messages/srv/ImageService_Request.msg
[8.715s] -- Symlinking: /home/rlcontrol/jay_ws/install/rl_custom_messages/share/rl_custom_messages/srv/ImageService_Response.msg
[8.720s] -- Symlinking: /home/rlcontrol/jay_ws/install/rl_custom_messages/share/ament_index/resource_index/package_run_dependencies/rl_custom_messages
[8.724s] -- Symlinking: /home/rlcontrol/jay_ws/install/rl_custom_messages/share/ament_index/resource_index/parent_prefix_path/rl_custom_messages
[8.729s] -- Symlinking: /home/rlcontrol/jay_ws/install/rl_custom_messages/share/rl_custom_messages/environment/ament_prefix_path.sh
[8.733s] -- Symlinking: /home/rlcontrol/jay_ws/install/rl_custom_messages/share/rl_custom_messages/environment/ament_prefix_path.dsv
[8.738s] -- Symlinking: /home/rlcontrol/jay_ws/install/rl_custom_messages/share/rl_custom_messages/environment/path.sh
[8.742s] -- Symlinking: /home/rlcontrol/jay_ws/install/rl_custom_messages/share/rl_custom_messages/environment/path.dsv
[8.747s] -- Symlinking: /home/rlcontrol/jay_ws/install/rl_custom_messages/share/rl_custom_messages/local_setup.bash
[8.752s] -- Symlinking: /home/rlcontrol/jay_ws/install/rl_custom_messages/share/rl_custom_messages/local_setup.sh
[8.756s] -- Symlinking: /home/rlcontrol/jay_ws/install/rl_custom_messages/share/rl_custom_messages/local_setup.zsh
[8.761s] -- Symlinking: /home/rlcontrol/jay_ws/install/rl_custom_messages/share/rl_custom_messages/local_setup.dsv
[8.765s] -- Symlinking: /home/rlcontrol/jay_ws/install/rl_custom_messages/share/rl_custom_messages/package.dsv
[8.770s] -- Symlinking: /home/rlcontrol/jay_ws/install/rl_custom_messages/share/ament_index/resource_index/packages/rl_custom_messages
[8.774s] -- Symlinking: /home/rlcontrol/jay_ws/install/rl_custom_messages/share/rl_custom_messages/cmake/rosidl_cmake-extras.cmake
[8.779s] -- Symlinking: /home/rlcontrol/jay_ws/install/rl_custom_messages/share/rl_custom_messages/cmake/ament_cmake_export_dependencies-extras.cmake
[8.783s] -- Symlinking: /home/rlcontrol/jay_ws/install/rl_custom_messages/share/rl_custom_messages/cmake/ament_cmake_export_include_directories-extras.cmake
[8.788s] -- Symlinking: /home/rlcontrol/jay_ws/install/rl_custom_messages/share/rl_custom_messages/cmake/ament_cmake_export_libraries-extras.cmake
[8.792s] -- Symlinking: /home/rlcontrol/jay_ws/install/rl_custom_messages/share/rl_custom_messages/cmake/ament_cmake_export_targets-extras.cmake
[8.797s] -- Symlinking: /home/rlcontrol/jay_ws/install/rl_custom_messages/share/rl_custom_messages/cmake/rosidl_cmake_export_typesupport_targets-extras.cmake
[8.802s] -- Symlinking: /home/rlcontrol/jay_ws/install/rl_custom_messages/share/rl_custom_messages/cmake/rosidl_cmake_export_typesupport_libraries-extras.cmake
[8.807s] -- Symlinking: /home/rlcontrol/jay_ws/install/rl_custom_messages/share/rl_custom_messages/cmake/rl_custom_messagesConfig.cmake
[8.811s] -- Symlinking: /home/rlcontrol/jay_ws/install/rl_custom_messages/share/rl_custom_messages/cmake/rl_custom_messagesConfig-version.cmake
[8.816s] -- Symlinking: /home/rlcontrol/jay_ws/install/rl_custom_messages/share/rl_custom_messages/package.xml
[8.821s] -- Installing: /home/rlcontrol/jay_ws/install/rl_custom_messages/lib/librl_custom_messages__rosidl_generator_c.so
[8.822s] -- Set runtime path of "/home/rlcontrol/jay_ws/install/rl_custom_messages/lib/librl_custom_messages__rosidl_generator_c.so" to ""
[8.822s] -- Installing: /home/rlcontrol/jay_ws/install/rl_custom_messages/lib/librl_custom_messages__rosidl_typesupport_fastrtps_c.so
[8.823s] -- Set runtime path of "/home/rlcontrol/jay_ws/install/rl_custom_messages/lib/librl_custom_messages__rosidl_typesupport_fastrtps_c.so" to ""
[8.823s] -- Installing: /home/rlcontrol/jay_ws/install/rl_custom_messages/lib/librl_custom_messages__rosidl_typesupport_introspection_c.so
[8.825s] -- Set runtime path of "/home/rlcontrol/jay_ws/install/rl_custom_messages/lib/librl_custom_messages__rosidl_typesupport_introspection_c.so" to ""
[8.825s] -- Installing: /home/rlcontrol/jay_ws/install/rl_custom_messages/lib/librl_custom_messages__rosidl_typesupport_c.so
[8.826s] -- Set runtime path of "/home/rlcontrol/jay_ws/install/rl_custom_messages/lib/librl_custom_messages__rosidl_typesupport_c.so" to ""
[8.826s] -- Installing: /home/rlcontrol/jay_ws/install/rl_custom_messages/lib/librl_custom_messages__rosidl_typesupport_fastrtps_cpp.so
[8.827s] -- Set runtime path of "/home/rlcontrol/jay_ws/install/rl_custom_messages/lib/librl_custom_messages__rosidl_typesupport_fastrtps_cpp.so" to ""
[8.827s] -- Installing: /home/rlcontrol/jay_ws/install/rl_custom_messages/lib/librl_custom_messages__rosidl_typesupport_introspection_cpp.so
[8.829s] -- Set runtime path of "/home/rlcontrol/jay_ws/install/rl_custom_messages/lib/librl_custom_messages__rosidl_typesupport_introspection_cpp.so" to ""
[8.829s] -- Installing: /home/rlcontrol/jay_ws/install/rl_custom_messages/lib/librl_custom_messages__rosidl_typesupport_cpp.so
[8.830s] -- Set runtime path of "/home/rlcontrol/jay_ws/install/rl_custom_messages/lib/librl_custom_messages__rosidl_typesupport_cpp.so" to ""
[8.878s] Listing '/home/rlcontrol/jay_ws/install/rl_custom_messages/local/lib/python3.10/dist-packages/rl_custom_messages'...
[8.878s] Compiling '/home/rlcontrol/jay_ws/install/rl_custom_messages/local/lib/python3.10/dist-packages/rl_custom_messages/__init__.py'...
[8.878s] Listing '/home/rlcontrol/jay_ws/install/rl_custom_messages/local/lib/python3.10/dist-packages/rl_custom_messages/msg'...
[8.878s] Compiling '/home/rlcontrol/jay_ws/install/rl_custom_messages/local/lib/python3.10/dist-packages/rl_custom_messages/msg/__init__.py'...
[8.878s] Compiling '/home/rlcontrol/jay_ws/install/rl_custom_messages/local/lib/python3.10/dist-packages/rl_custom_messages/msg/_audio_data.py'...
[8.878s] Compiling '/home/rlcontrol/jay_ws/install/rl_custom_messages/local/lib/python3.10/dist-packages/rl_custom_messages/msg/_motor_commands.py'...
[8.879s] Compiling '/home/rlcontrol/jay_ws/install/rl_custom_messages/local/lib/python3.10/dist-packages/rl_custom_messages/msg/_range_array.py'...
[8.879s] Listing '/home/rlcontrol/jay_ws/install/rl_custom_messages/local/lib/python3.10/dist-packages/rl_custom_messages/srv'...
[8.879s] Compiling '/home/rlcontrol/jay_ws/install/rl_custom_messages/local/lib/python3.10/dist-packages/rl_custom_messages/srv/__init__.py'...
[8.879s] Compiling '/home/rlcontrol/jay_ws/install/rl_custom_messages/local/lib/python3.10/dist-packages/rl_custom_messages/srv/_image_service.py'...
[8.879s] Compiling '/home/rlcontrol/jay_ws/install/rl_custom_messages/local/lib/python3.10/dist-packages/rl_custom_messages/srv/_observation_service.py'...
[8.882s] -- Installing: /home/rlcontrol/jay_ws/install/rl_custom_messages/lib/librl_custom_messages__rosidl_generator_py.so
[8.883s] -- Set runtime path of "/home/rlcontrol/jay_ws/install/rl_custom_messages/lib/librl_custom_messages__rosidl_generator_py.so" to ""
[8.883s] -- Installing: /home/rlcontrol/jay_ws/install/rl_custom_messages/share/rl_custom_messages/cmake/export_rl_custom_messages__rosidl_generator_cExport.cmake
[8.883s] -- Installing: /home/rlcontrol/jay_ws/install/rl_custom_messages/share/rl_custom_messages/cmake/export_rl_custom_messages__rosidl_generator_cExport-noconfig.cmake
[8.884s] -- Installing: /home/rlcontrol/jay_ws/install/rl_custom_messages/share/rl_custom_messages/cmake/export_rl_custom_messages__rosidl_typesupport_fastrtps_cExport.cmake
[8.884s] -- Installing: /home/rlcontrol/jay_ws/install/rl_custom_messages/share/rl_custom_messages/cmake/export_rl_custom_messages__rosidl_typesupport_fastrtps_cExport-noconfig.cmake
[8.884s] -- Installing: /home/rlcontrol/jay_ws/install/rl_custom_messages/share/rl_custom_messages/cmake/rl_custom_messages__rosidl_typesupport_introspection_cExport.cmake
[8.885s] -- Installing: /home/rlcontrol/jay_ws/install/rl_custom_messages/share/rl_custom_messages/cmake/rl_custom_messages__rosidl_typesupport_introspection_cExport-noconfig.cmake
[8.885s] -- Installing: /home/rlcontrol/jay_ws/install/rl_custom_messages/share/rl_custom_messages/cmake/rl_custom_messages__rosidl_typesupport_cExport.cmake
[8.885s] -- Installing: /home/rlcontrol/jay_ws/install/rl_custom_messages/share/rl_custom_messages/cmake/rl_custom_messages__rosidl_typesupport_cExport-noconfig.cmake
[8.885s] -- Installing: /home/rlcontrol/jay_ws/install/rl_custom_messages/share/rl_custom_messages/cmake/export_rl_custom_messages__rosidl_generator_cppExport.cmake
[8.886s] -- Installing: /home/rlcontrol/jay_ws/install/rl_custom_messages/share/rl_custom_messages/cmake/export_rl_custom_messages__rosidl_typesupport_fastrtps_cppExport.cmake
[8.886s] -- Installing: /home/rlcontrol/jay_ws/install/rl_custom_messages/share/rl_custom_messages/cmake/export_rl_custom_messages__rosidl_typesupport_fastrtps_cppExport-noconfig.cmake
[8.886s] -- Installing: /home/rlcontrol/jay_ws/install/rl_custom_messages/share/rl_custom_messages/cmake/rl_custom_messages__rosidl_typesupport_introspection_cppExport.cmake
[8.886s] -- Installing: /home/rlcontrol/jay_ws/install/rl_custom_messages/share/rl_custom_messages/cmake/rl_custom_messages__rosidl_typesupport_introspection_cppExport-noconfig.cmake
[8.887s] -- Installing: /home/rlcontrol/jay_ws/install/rl_custom_messages/share/rl_custom_messages/cmake/rl_custom_messages__rosidl_typesupport_cppExport.cmake
[8.887s] -- Installing: /home/rlcontrol/jay_ws/install/rl_custom_messages/share/rl_custom_messages/cmake/rl_custom_messages__rosidl_typesupport_cppExport-noconfig.cmake
[8.887s] -- Installing: /home/rlcontrol/jay_ws/install/rl_custom_messages/share/rl_custom_messages/cmake/export_rl_custom_messages__rosidl_generator_pyExport.cmake
[8.887s] -- Installing: /home/rlcontrol/jay_ws/install/rl_custom_messages/share/rl_custom_messages/cmake/export_rl_custom_messages__rosidl_generator_pyExport-noconfig.cmake
[8.894s] Invoked command in '/home/rlcontrol/jay_ws/build/rl_custom_messages' returned '0': CMAKE_PREFIX_PATH=${CMAKE_PREFIX_PATH}:/opt/ros/humble /home/rlcontrol/.local/bin/cmake --install /home/rlcontrol/jay_ws/build/rl_custom_messages
