[0.125s] Invoking command in '/home/rlagent/jay_ws/build/jaybot': CMAKE_PREFIX_PATH=/home/rlagent/jay_ws/install/rl_custom_messages:/home/rlagent/jay_ws/install/jaybot:/opt/ros/humble /usr/bin/cmake --build /home/rlagent/jay_ws/build/jaybot -- -j4 -l4
[0.791s] [100%] Built target range_publisher
[0.863s] Invoked command in '/home/rlagent/jay_ws/build/jaybot' returned '0': CMAKE_PREFIX_PATH=/home/rlagent/jay_ws/install/rl_custom_messages:/home/rlagent/jay_ws/install/jaybot:/opt/ros/humble /usr/bin/cmake --build /home/rlagent/jay_ws/build/jaybot -- -j4 -l4
[1.096s] Invoking command in '/home/rlagent/jay_ws/build/jaybot': CMAKE_PREFIX_PATH=/home/rlagent/jay_ws/install/rl_custom_messages:/home/rlagent/jay_ws/install/jaybot:/opt/ros/humble /usr/bin/cmake --install /home/rlagent/jay_ws/build/jaybot
[1.146s] -- Install configuration: ""
[1.152s] -- Up-to-date: /home/rlagent/jay_ws/install/jaybot/lib/jaybot/range_publisher
[1.154s] -- Up-to-date: /home/rlagent/jay_ws/install/jaybot/include
[1.156s] -- Up-to-date: /home/rlagent/jay_ws/install/jaybot/include/jaybot
[1.157s] -- Up-to-date: /home/rlagent/jay_ws/install/jaybot/include/jaybot/RangeSensor.h
[1.159s] -- Up-to-date: /home/rlagent/jay_ws/install/jaybot/share/ament_index/resource_index/package_run_dependencies/jaybot
[1.162s] -- Up-to-date: /home/rlagent/jay_ws/install/jaybot/share/ament_index/resource_index/parent_prefix_path/jaybot
[1.164s] -- Up-to-date: /home/rlagent/jay_ws/install/jaybot/share/jaybot/environment/ament_prefix_path.sh
[1.165s] -- Up-to-date: /home/rlagent/jay_ws/install/jaybot/share/jaybot/environment/ament_prefix_path.dsv
[1.166s] -- Up-to-date: /home/rlagent/jay_ws/install/jaybot/share/jaybot/environment/path.sh
[1.167s] -- Up-to-date: /home/rlagent/jay_ws/install/jaybot/share/jaybot/environment/path.dsv
[1.169s] -- Up-to-date: /home/rlagent/jay_ws/install/jaybot/share/jaybot/local_setup.bash
[1.170s] -- Up-to-date: /home/rlagent/jay_ws/install/jaybot/share/jaybot/local_setup.sh
[1.171s] -- Up-to-date: /home/rlagent/jay_ws/install/jaybot/share/jaybot/local_setup.zsh
[1.172s] -- Up-to-date: /home/rlagent/jay_ws/install/jaybot/share/jaybot/local_setup.dsv
[1.173s] -- Installing: /home/rlagent/jay_ws/install/jaybot/share/jaybot/package.dsv
[1.182s] -- Up-to-date: /home/rlagent/jay_ws/install/jaybot/share/ament_index/resource_index/packages/jaybot
[1.184s] -- Up-to-date: /home/rlagent/jay_ws/install/jaybot/share/jaybot/cmake/ament_cmake_export_dependencies-extras.cmake
[1.185s] -- Up-to-date: /home/rlagent/jay_ws/install/jaybot/share/jaybot/cmake/jaybotConfig.cmake
[1.187s] -- Up-to-date: /home/rlagent/jay_ws/install/jaybot/share/jaybot/cmake/jaybotConfig-version.cmake
[1.188s] -- Up-to-date: /home/rlagent/jay_ws/install/jaybot/share/jaybot/package.xml
[1.205s] Invoked command in '/home/rlagent/jay_ws/build/jaybot' returned '0': CMAKE_PREFIX_PATH=/home/rlagent/jay_ws/install/rl_custom_messages:/home/rlagent/jay_ws/install/jaybot:/opt/ros/humble /usr/bin/cmake --install /home/rlagent/jay_ws/build/jaybot
