-- Found ament_cmake: 1.3.5 (/opt/ros/humble/share/ament_cmake/cmake)
-- Override CMake install command with custom implementation using symlinks instead of copying resources
-- Found rosidl_default_generators: 1.2.0 (/opt/ros/humble/share/rosidl_default_generators/cmake)
-- Using all available rosidl_typesupport_c: rosidl_typesupport_fastrtps_c;rosidl_typesupport_introspection_c
-- Found rosidl_adapter: 3.1.4 (/opt/ros/humble/share/rosidl_adapter/cmake)
-- Using all available rosidl_typesupport_cpp: rosidl_typesupport_fastrtps_cpp;rosidl_typesupport_introspection_cpp
-- Found ament_cmake_ros: 0.10.0 (/opt/ros/humble/share/ament_cmake_ros/cmake)
-- Using all available rosidl_typesupport_c: rosidl_typesupport_fastrtps_c;rosidl_typesupport_introspection_c
-- Using all available rosidl_typesupport_cpp: rosidl_typesupport_fastrtps_cpp;rosidl_typesupport_introspection_cpp
-- Found python_cmake_module: 0.10.0 (/opt/ros/humble/share/python_cmake_module/cmake)
-- Using PYTHON_EXECUTABLE: /usr/bin/python3
-- Using PYTHON_INCLUDE_DIRS: /usr/include/python3.10
-- Using PYTHON_LIBRARIES: /usr/lib/x86_64-linux-gnu/libpython3.10.so
-- Configuring done (1.6s)
-- Generating done (0.1s)
-- Build files have been written to: /home/rlcontrol/jay_ws/build/rl_custom_messages
[  1%] [34m[1mGenerating C code for ROS interfaces[0m
[  3%] [34m[1mGenerating C++ code for ROS interfaces[0m
[  3%] Built target ament_cmake_python_symlink_rl_custom_messages
running egg_info
writing rl_custom_messages.egg-info/PKG-INFO
writing dependency_links to rl_custom_messages.egg-info/dependency_links.txt
writing top-level names to rl_custom_messages.egg-info/top_level.txt
reading manifest file 'rl_custom_messages.egg-info/SOURCES.txt'
writing manifest file 'rl_custom_messages.egg-info/SOURCES.txt'
[  3%] Built target ament_cmake_python_build_rl_custom_messages_egg
[  3%] Built target rl_custom_messages__cpp
[  4%] [34m[1mGenerating C++ type support dispatch for ROS interfaces[0m
[  6%] [34m[1mGenerating C++ type support for eProsima Fast-RTPS[0m
[  7%] [34m[1mGenerating C++ introspection for ROS interfaces[0m
[  9%] [32mBuilding C object CMakeFiles/rl_custom_messages__rosidl_generator_c.dir/rosidl_generator_c/rl_custom_messages/msg/detail/range_array__functions.c.o[0m
[ 11%] [32mBuilding C object CMakeFiles/rl_custom_messages__rosidl_generator_c.dir/rosidl_generator_c/rl_custom_messages/msg/detail/motor_commands__functions.c.o[0m
[ 12%] [32mBuilding C object CMakeFiles/rl_custom_messages__rosidl_generator_c.dir/rosidl_generator_c/rl_custom_messages/msg/detail/audio_data__functions.c.o[0m
[ 14%] [32mBuilding C object CMakeFiles/rl_custom_messages__rosidl_generator_c.dir/rosidl_generator_c/rl_custom_messages/srv/detail/observation_service__functions.c.o[0m
[ 15%] [32mBuilding C object CMakeFiles/rl_custom_messages__rosidl_generator_c.dir/rosidl_generator_c/rl_custom_messages/srv/detail/image_service__functions.c.o[0m
In file included from [01m[K/home/rlcontrol/jay_ws/build/rl_custom_messages/rosidl_generator_c/rl_custom_messages/srv/detail/image_service__functions.h:19[m[K,
                 from [01m[K/home/rlcontrol/jay_ws/build/rl_custom_messages/rosidl_generator_c/rl_custom_messages/srv/detail/image_service__functions.c:4[m[K:
[01m[K/home/rlcontrol/jay_ws/build/rl_custom_messages/rosidl_generator_c/rl_custom_messages/srv/detail/image_service__struct.h:41:10:[m[K [01;31m[Kfatal error: [m[Ksensor_msgs/msg/detail/compressed_image__struct.h: No such file or directory
   41 | #include [01;31m[K"sensor_msgs/msg/detail/compressed_image__struct.h"[m[K
      |          [01;31m[K^~~~~~~~~~~~~~~~~~~~~~~~~~~~~~~~~~~~~~~~~~~~~~~~~~~[m[K
compilation terminated.
gmake[2]: *** [CMakeFiles/rl_custom_messages__rosidl_generator_c.dir/build.make:225: CMakeFiles/rl_custom_messages__rosidl_generator_c.dir/rosidl_generator_c/rl_custom_messages/srv/detail/image_service__functions.c.o] Error 1
gmake[2]: *** Waiting for unfinished jobs....
gmake[1]: *** [CMakeFiles/Makefile2:213: CMakeFiles/rl_custom_messages__rosidl_generator_c.dir/all] Error 2
gmake[1]: *** Waiting for unfinished jobs....
[ 17%] [32mBuilding CXX object CMakeFiles/rl_custom_messages__rosidl_typesupport_cpp.dir/rosidl_typesupport_cpp/rl_custom_messages/msg/range_array__type_support.cpp.o[0m
[ 19%] [32mBuilding CXX object CMakeFiles/rl_custom_messages__rosidl_typesupport_cpp.dir/rosidl_typesupport_cpp/rl_custom_messages/msg/motor_commands__type_support.cpp.o[0m
[ 20%] [32mBuilding CXX object CMakeFiles/rl_custom_messages__rosidl_typesupport_cpp.dir/rosidl_typesupport_cpp/rl_custom_messages/msg/audio_data__type_support.cpp.o[0m
[ 22%] [32mBuilding CXX object CMakeFiles/rl_custom_messages__rosidl_typesupport_cpp.dir/rosidl_typesupport_cpp/rl_custom_messages/srv/observation_service__type_support.cpp.o[0m
[ 23%] [32mBuilding CXX object CMakeFiles/rl_custom_messages__rosidl_typesupport_introspection_cpp.dir/rosidl_typesupport_introspection_cpp/rl_custom_messages/msg/detail/range_array__type_support.cpp.o[0m
[ 25%] [32mBuilding CXX object CMakeFiles/rl_custom_messages__rosidl_typesupport_fastrtps_cpp.dir/rosidl_typesupport_fastrtps_cpp/rl_custom_messages/msg/detail/dds_fastrtps/range_array__type_support.cpp.o[0m
[ 26%] [32mBuilding CXX object CMakeFiles/rl_custom_messages__rosidl_typesupport_cpp.dir/rosidl_typesupport_cpp/rl_custom_messages/srv/image_service__type_support.cpp.o[0m
[ 28%] [32mBuilding CXX object CMakeFiles/rl_custom_messages__rosidl_typesupport_fastrtps_cpp.dir/rosidl_typesupport_fastrtps_cpp/rl_custom_messages/msg/detail/dds_fastrtps/motor_commands__type_support.cpp.o[0m
[ 30%] [32mBuilding CXX object CMakeFiles/rl_custom_messages__rosidl_typesupport_introspection_cpp.dir/rosidl_typesupport_introspection_cpp/rl_custom_messages/msg/detail/motor_commands__type_support.cpp.o[0m
[ 31%] [32mBuilding CXX object CMakeFiles/rl_custom_messages__rosidl_typesupport_introspection_cpp.dir/rosidl_typesupport_introspection_cpp/rl_custom_messages/msg/detail/audio_data__type_support.cpp.o[0m
In file included from [01m[K/home/rlcontrol/jay_ws/build/rl_custom_messages/rosidl_typesupport_cpp/rl_custom_messages/srv/image_service__type_support.cpp:7[m[K:
[01m[K/home/rlcontrol/jay_ws/build/rl_custom_messages/rosidl_generator_cpp/rl_custom_messages/srv/detail/image_service__struct.hpp:127:10:[m[K [01;31m[Kfatal error: [m[Ksensor_msgs/msg/detail/compressed_image__struct.hpp: No such file or directory
  127 | #include [01;31m[K"sensor_msgs/msg/detail/compressed_image__struct.hpp"[m[K
      |          [01;31m[K^~~~~~~~~~~~~~~~~~~~~~~~~~~~~~~~~~~~~~~~~~~~~~~~~~~~~[m[K
compilation terminated.
gmake[2]: *** [CMakeFiles/rl_custom_messages__rosidl_typesupport_cpp.dir/build.make:158: CMakeFiles/rl_custom_messages__rosidl_typesupport_cpp.dir/rosidl_typesupport_cpp/rl_custom_messages/srv/image_service__type_support.cpp.o] Error 1
gmake[1]: *** [CMakeFiles/Makefile2:395: CMakeFiles/rl_custom_messages__rosidl_typesupport_cpp.dir/all] Error 2
[ 33%] [32mBuilding CXX object CMakeFiles/rl_custom_messages__rosidl_typesupport_introspection_cpp.dir/rosidl_typesupport_introspection_cpp/rl_custom_messages/srv/detail/observation_service__type_support.cpp.o[0m
[ 34%] [32mBuilding CXX object CMakeFiles/rl_custom_messages__rosidl_typesupport_introspection_cpp.dir/rosidl_typesupport_introspection_cpp/rl_custom_messages/srv/detail/image_service__type_support.cpp.o[0m
[ 36%] [32mBuilding CXX object CMakeFiles/rl_custom_messages__rosidl_typesupport_fastrtps_cpp.dir/rosidl_typesupport_fastrtps_cpp/rl_custom_messages/msg/detail/dds_fastrtps/audio_data__type_support.cpp.o[0m
In file included from [01m[K/home/rlcontrol/jay_ws/build/rl_custom_messages/rosidl_typesupport_introspection_cpp/rl_custom_messages/srv/detail/image_service__type_support.cpp:12[m[K:
[01m[K/home/rlcontrol/jay_ws/build/rl_custom_messages/rosidl_generator_cpp/rl_custom_messages/srv/detail/image_service__struct.hpp:127:10:[m[K [01;31m[Kfatal error: [m[Ksensor_msgs/msg/detail/compressed_image__struct.hpp: No such file or directory
  127 | #include [01;31m[K"sensor_msgs/msg/detail/compressed_image__struct.hpp"[m[K
      |          [01;31m[K^~~~~~~~~~~~~~~~~~~~~~~~~~~~~~~~~~~~~~~~~~~~~~~~~~~~~[m[K
compilation terminated.
gmake[2]: *** [CMakeFiles/rl_custom_messages__rosidl_typesupport_introspection_cpp.dir/build.make:175: CMakeFiles/rl_custom_messages__rosidl_typesupport_introspection_cpp.dir/rosidl_typesupport_introspection_cpp/rl_custom_messages/srv/detail/image_service__type_support.cpp.o] Error 1
gmake[2]: *** Waiting for unfinished jobs....
[ 38%] [32mBuilding CXX object CMakeFiles/rl_custom_messages__rosidl_typesupport_fastrtps_cpp.dir/rosidl_typesupport_fastrtps_cpp/rl_custom_messages/srv/detail/dds_fastrtps/observation_service__type_support.cpp.o[0m
[ 39%] [32mBuilding CXX object CMakeFiles/rl_custom_messages__rosidl_typesupport_fastrtps_cpp.dir/rosidl_typesupport_fastrtps_cpp/rl_custom_messages/srv/detail/dds_fastrtps/image_service__type_support.cpp.o[0m
gmake[1]: *** [CMakeFiles/Makefile2:369: CMakeFiles/rl_custom_messages__rosidl_typesupport_introspection_cpp.dir/all] Error 2
In file included from [01m[K/home/rlcontrol/jay_ws/build/rl_custom_messages/rosidl_typesupport_fastrtps_cpp/rl_custom_messages/srv/detail/image_service__rosidl_typesupport_fastrtps_cpp.hpp:11[m[K,
                 from [01m[K/home/rlcontrol/jay_ws/build/rl_custom_messages/rosidl_typesupport_fastrtps_cpp/rl_custom_messages/srv/detail/dds_fastrtps/image_service__type_support.cpp:4[m[K:
[01m[K/home/rlcontrol/jay_ws/build/rl_custom_messages/rosidl_generator_cpp/rl_custom_messages/srv/detail/image_service__struct.hpp:127:10:[m[K [01;31m[Kfatal error: [m[Ksensor_msgs/msg/detail/compressed_image__struct.hpp: No such file or directory
  127 | #include [01;31m[K"sensor_msgs/msg/detail/compressed_image__struct.hpp"[m[K
      |          [01;31m[K^~~~~~~~~~~~~~~~~~~~~~~~~~~~~~~~~~~~~~~~~~~~~~~~~~~~~[m[K
compilation terminated.
gmake[2]: *** [CMakeFiles/rl_custom_messages__rosidl_typesupport_fastrtps_cpp.dir/build.make:175: CMakeFiles/rl_custom_messages__rosidl_typesupport_fastrtps_cpp.dir/rosidl_typesupport_fastrtps_cpp/rl_custom_messages/srv/detail/dds_fastrtps/image_service__type_support.cpp.o] Error 1
gmake[2]: *** Waiting for unfinished jobs....
gmake[1]: *** [CMakeFiles/Makefile2:343: CMakeFiles/rl_custom_messages__rosidl_typesupport_fastrtps_cpp.dir/all] Error 2
gmake: *** [Makefile:146: all] Error 2
