[0.036s] Invoking command in '/home/rlcontrol/jay_ws/build/rl_custom_messages': CMAKE_PREFIX_PATH=/opt/ros/humble /home/rlcontrol/.local/bin/cmake --build /home/rlcontrol/jay_ws/build/rl_custom_messages -- -j6 -l6
[0.205s] -- Found ament_cmake: 1.3.5 (/opt/ros/humble/share/ament_cmake/cmake)
[0.443s] -- Override CMake install command with custom implementation using symlinks instead of copying resources
[0.501s] -- Found rosidl_default_generators: 1.2.0 (/opt/ros/humble/share/rosidl_default_generators/cmake)
[0.512s] -- Using all available rosidl_typesupport_c: rosidl_typesupport_fastrtps_c;rosidl_typesupport_introspection_c
[0.526s] -- Found rosidl_adapter: 3.1.4 (/opt/ros/humble/share/rosidl_adapter/cmake)
[0.637s] -- Using all available rosidl_typesupport_cpp: rosidl_typesupport_fastrtps_cpp;rosidl_typesupport_introspection_cpp
[1.144s] -- Found ament_cmake_ros: 0.10.0 (/opt/ros/humble/share/ament_cmake_ros/cmake)
[1.332s] -- Using all available rosidl_typesupport_c: rosidl_typesupport_fastrtps_c;rosidl_typesupport_introspection_c
[1.563s] -- Using all available rosidl_typesupport_cpp: rosidl_typesupport_fastrtps_cpp;rosidl_typesupport_introspection_cpp
[1.609s] -- Found python_cmake_module: 0.10.0 (/opt/ros/humble/share/python_cmake_module/cmake)
[1.659s] -- Using PYTHON_EXECUTABLE: /usr/bin/python3
[1.659s] -- Using PYTHON_INCLUDE_DIRS: /usr/include/python3.10
[1.659s] -- Using PYTHON_LIBRARIES: /usr/lib/x86_64-linux-gnu/libpython3.10.so
[1.733s] -- Configuring done (1.6s)
[1.884s] -- Generating done (0.1s)
[1.893s] -- Build files have been written to: /home/rlcontrol/jay_ws/build/rl_custom_messages
[1.921s] [  1%] [34m[1mGenerating C code for ROS interfaces[0m
[1.934s] [  3%] [34m[1mGenerating C++ code for ROS interfaces[0m
[1.937s] [  3%] Built target ament_cmake_python_symlink_rl_custom_messages
[2.454s] running egg_info
[2.456s] writing rl_custom_messages.egg-info/PKG-INFO
[2.457s] writing dependency_links to rl_custom_messages.egg-info/dependency_links.txt
[2.457s] writing top-level names to rl_custom_messages.egg-info/top_level.txt
[2.464s] reading manifest file 'rl_custom_messages.egg-info/SOURCES.txt'
[2.467s] writing manifest file 'rl_custom_messages.egg-info/SOURCES.txt'
[2.503s] [  3%] Built target ament_cmake_python_build_rl_custom_messages_egg
[2.852s] [  3%] Built target rl_custom_messages__cpp
[2.863s] [  4%] [34m[1mGenerating C++ type support dispatch for ROS interfaces[0m
[2.864s] [  6%] [34m[1mGenerating C++ type support for eProsima Fast-RTPS[0m
[2.865s] [  7%] [34m[1mGenerating C++ introspection for ROS interfaces[0m
[2.966s] [  9%] [32mBuilding C object CMakeFiles/rl_custom_messages__rosidl_generator_c.dir/rosidl_generator_c/rl_custom_messages/msg/detail/range_array__functions.c.o[0m
[2.967s] [ 11%] [32mBuilding C object CMakeFiles/rl_custom_messages__rosidl_generator_c.dir/rosidl_generator_c/rl_custom_messages/msg/detail/motor_commands__functions.c.o[0m
[2.968s] [ 12%] [32mBuilding C object CMakeFiles/rl_custom_messages__rosidl_generator_c.dir/rosidl_generator_c/rl_custom_messages/msg/detail/audio_data__functions.c.o[0m
[3.155s] [ 14%] [32mBuilding C object CMakeFiles/rl_custom_messages__rosidl_generator_c.dir/rosidl_generator_c/rl_custom_messages/srv/detail/observation_service__functions.c.o[0m
[3.155s] [ 15%] [32mBuilding C object CMakeFiles/rl_custom_messages__rosidl_generator_c.dir/rosidl_generator_c/rl_custom_messages/srv/detail/image_service__functions.c.o[0m
[3.183s] In file included from [01m[K/home/rlcontrol/jay_ws/build/rl_custom_messages/rosidl_generator_c/rl_custom_messages/srv/detail/image_service__functions.h:19[m[K,
[3.183s]                  from [01m[K/home/rlcontrol/jay_ws/build/rl_custom_messages/rosidl_generator_c/rl_custom_messages/srv/detail/image_service__functions.c:4[m[K:
[3.183s] [01m[K/home/rlcontrol/jay_ws/build/rl_custom_messages/rosidl_generator_c/rl_custom_messages/srv/detail/image_service__struct.h:41:10:[m[K [01;31m[Kfatal error: [m[Ksensor_msgs/msg/detail/compressed_image__struct.h: No such file or directory
[3.183s]    41 | #include [01;31m[K"sensor_msgs/msg/detail/compressed_image__struct.h"[m[K
[3.184s]       |          [01;31m[K^~~~~~~~~~~~~~~~~~~~~~~~~~~~~~~~~~~~~~~~~~~~~~~~~~~[m[K
[3.184s] compilation terminated.
[3.185s] gmake[2]: *** [CMakeFiles/rl_custom_messages__rosidl_generator_c.dir/build.make:225: CMakeFiles/rl_custom_messages__rosidl_generator_c.dir/rosidl_generator_c/rl_custom_messages/srv/detail/image_service__functions.c.o] Error 1
[3.185s] gmake[2]: *** Waiting for unfinished jobs....
[3.247s] gmake[1]: *** [CMakeFiles/Makefile2:213: CMakeFiles/rl_custom_messages__rosidl_generator_c.dir/all] Error 2
[3.247s] gmake[1]: *** Waiting for unfinished jobs....
[3.554s] [ 17%] [32mBuilding CXX object CMakeFiles/rl_custom_messages__rosidl_typesupport_cpp.dir/rosidl_typesupport_cpp/rl_custom_messages/msg/range_array__type_support.cpp.o[0m
[3.555s] [ 19%] [32mBuilding CXX object CMakeFiles/rl_custom_messages__rosidl_typesupport_cpp.dir/rosidl_typesupport_cpp/rl_custom_messages/msg/motor_commands__type_support.cpp.o[0m
[3.555s] [ 20%] [32mBuilding CXX object CMakeFiles/rl_custom_messages__rosidl_typesupport_cpp.dir/rosidl_typesupport_cpp/rl_custom_messages/msg/audio_data__type_support.cpp.o[0m
[3.559s] [ 22%] [32mBuilding CXX object CMakeFiles/rl_custom_messages__rosidl_typesupport_cpp.dir/rosidl_typesupport_cpp/rl_custom_messages/srv/observation_service__type_support.cpp.o[0m
[3.684s] [ 23%] [32mBuilding CXX object CMakeFiles/rl_custom_messages__rosidl_typesupport_introspection_cpp.dir/rosidl_typesupport_introspection_cpp/rl_custom_messages/msg/detail/range_array__type_support.cpp.o[0m
[3.781s] [ 25%] [32mBuilding CXX object CMakeFiles/rl_custom_messages__rosidl_typesupport_fastrtps_cpp.dir/rosidl_typesupport_fastrtps_cpp/rl_custom_messages/msg/detail/dds_fastrtps/range_array__type_support.cpp.o[0m
[4.290s] [ 26%] [32mBuilding CXX object CMakeFiles/rl_custom_messages__rosidl_typesupport_cpp.dir/rosidl_typesupport_cpp/rl_custom_messages/srv/image_service__type_support.cpp.o[0m
[4.291s] [ 28%] [32mBuilding CXX object CMakeFiles/rl_custom_messages__rosidl_typesupport_fastrtps_cpp.dir/rosidl_typesupport_fastrtps_cpp/rl_custom_messages/msg/detail/dds_fastrtps/motor_commands__type_support.cpp.o[0m
[4.293s] [ 30%] [32mBuilding CXX object CMakeFiles/rl_custom_messages__rosidl_typesupport_introspection_cpp.dir/rosidl_typesupport_introspection_cpp/rl_custom_messages/msg/detail/motor_commands__type_support.cpp.o[0m
[4.298s] [ 31%] [32mBuilding CXX object CMakeFiles/rl_custom_messages__rosidl_typesupport_introspection_cpp.dir/rosidl_typesupport_introspection_cpp/rl_custom_messages/msg/detail/audio_data__type_support.cpp.o[0m
[4.398s] In file included from [01m[K/home/rlcontrol/jay_ws/build/rl_custom_messages/rosidl_typesupport_cpp/rl_custom_messages/srv/image_service__type_support.cpp:7[m[K:
[4.399s] [01m[K/home/rlcontrol/jay_ws/build/rl_custom_messages/rosidl_generator_cpp/rl_custom_messages/srv/detail/image_service__struct.hpp:127:10:[m[K [01;31m[Kfatal error: [m[Ksensor_msgs/msg/detail/compressed_image__struct.hpp: No such file or directory
[4.399s]   127 | #include [01;31m[K"sensor_msgs/msg/detail/compressed_image__struct.hpp"[m[K
[4.399s]       |          [01;31m[K^~~~~~~~~~~~~~~~~~~~~~~~~~~~~~~~~~~~~~~~~~~~~~~~~~~~~[m[K
[4.399s] compilation terminated.
[4.402s] gmake[2]: *** [CMakeFiles/rl_custom_messages__rosidl_typesupport_cpp.dir/build.make:158: CMakeFiles/rl_custom_messages__rosidl_typesupport_cpp.dir/rosidl_typesupport_cpp/rl_custom_messages/srv/image_service__type_support.cpp.o] Error 1
[4.402s] gmake[1]: *** [CMakeFiles/Makefile2:395: CMakeFiles/rl_custom_messages__rosidl_typesupport_cpp.dir/all] Error 2
[4.411s] [ 33%] [32mBuilding CXX object CMakeFiles/rl_custom_messages__rosidl_typesupport_introspection_cpp.dir/rosidl_typesupport_introspection_cpp/rl_custom_messages/srv/detail/observation_service__type_support.cpp.o[0m
[4.558s] [ 34%] [32mBuilding CXX object CMakeFiles/rl_custom_messages__rosidl_typesupport_introspection_cpp.dir/rosidl_typesupport_introspection_cpp/rl_custom_messages/srv/detail/image_service__type_support.cpp.o[0m
[4.691s] [ 36%] [32mBuilding CXX object CMakeFiles/rl_custom_messages__rosidl_typesupport_fastrtps_cpp.dir/rosidl_typesupport_fastrtps_cpp/rl_custom_messages/msg/detail/dds_fastrtps/audio_data__type_support.cpp.o[0m
[4.725s] In file included from [01m[K/home/rlcontrol/jay_ws/build/rl_custom_messages/rosidl_typesupport_introspection_cpp/rl_custom_messages/srv/detail/image_service__type_support.cpp:12[m[K:
[4.725s] [01m[K/home/rlcontrol/jay_ws/build/rl_custom_messages/rosidl_generator_cpp/rl_custom_messages/srv/detail/image_service__struct.hpp:127:10:[m[K [01;31m[Kfatal error: [m[Ksensor_msgs/msg/detail/compressed_image__struct.hpp: No such file or directory
[4.725s]   127 | #include [01;31m[K"sensor_msgs/msg/detail/compressed_image__struct.hpp"[m[K
[4.726s]       |          [01;31m[K^~~~~~~~~~~~~~~~~~~~~~~~~~~~~~~~~~~~~~~~~~~~~~~~~~~~~[m[K
[4.726s] compilation terminated.
[4.729s] gmake[2]: *** [CMakeFiles/rl_custom_messages__rosidl_typesupport_introspection_cpp.dir/build.make:175: CMakeFiles/rl_custom_messages__rosidl_typesupport_introspection_cpp.dir/rosidl_typesupport_introspection_cpp/rl_custom_messages/srv/detail/image_service__type_support.cpp.o] Error 1
[4.729s] gmake[2]: *** Waiting for unfinished jobs....
[4.737s] [ 38%] [32mBuilding CXX object CMakeFiles/rl_custom_messages__rosidl_typesupport_fastrtps_cpp.dir/rosidl_typesupport_fastrtps_cpp/rl_custom_messages/srv/detail/dds_fastrtps/observation_service__type_support.cpp.o[0m
[5.241s] [ 39%] [32mBuilding CXX object CMakeFiles/rl_custom_messages__rosidl_typesupport_fastrtps_cpp.dir/rosidl_typesupport_fastrtps_cpp/rl_custom_messages/srv/detail/dds_fastrtps/image_service__type_support.cpp.o[0m
[5.308s] gmake[1]: *** [CMakeFiles/Makefile2:369: CMakeFiles/rl_custom_messages__rosidl_typesupport_introspection_cpp.dir/all] Error 2
[5.342s] In file included from [01m[K/home/rlcontrol/jay_ws/build/rl_custom_messages/rosidl_typesupport_fastrtps_cpp/rl_custom_messages/srv/detail/image_service__rosidl_typesupport_fastrtps_cpp.hpp:11[m[K,
[5.342s]                  from [01m[K/home/rlcontrol/jay_ws/build/rl_custom_messages/rosidl_typesupport_fastrtps_cpp/rl_custom_messages/srv/detail/dds_fastrtps/image_service__type_support.cpp:4[m[K:
[5.342s] [01m[K/home/rlcontrol/jay_ws/build/rl_custom_messages/rosidl_generator_cpp/rl_custom_messages/srv/detail/image_service__struct.hpp:127:10:[m[K [01;31m[Kfatal error: [m[Ksensor_msgs/msg/detail/compressed_image__struct.hpp: No such file or directory
[5.342s]   127 | #include [01;31m[K"sensor_msgs/msg/detail/compressed_image__struct.hpp"[m[K
[5.343s]       |          [01;31m[K^~~~~~~~~~~~~~~~~~~~~~~~~~~~~~~~~~~~~~~~~~~~~~~~~~~~~[m[K
[5.343s] compilation terminated.
[5.344s] gmake[2]: *** [CMakeFiles/rl_custom_messages__rosidl_typesupport_fastrtps_cpp.dir/build.make:175: CMakeFiles/rl_custom_messages__rosidl_typesupport_fastrtps_cpp.dir/rosidl_typesupport_fastrtps_cpp/rl_custom_messages/srv/detail/dds_fastrtps/image_service__type_support.cpp.o] Error 1
[5.344s] gmake[2]: *** Waiting for unfinished jobs....
[5.618s] gmake[1]: *** [CMakeFiles/Makefile2:343: CMakeFiles/rl_custom_messages__rosidl_typesupport_fastrtps_cpp.dir/all] Error 2
[5.618s] gmake: *** [Makefile:146: all] Error 2
[5.627s] Invoked command in '/home/rlcontrol/jay_ws/build/rl_custom_messages' returned '2': CMAKE_PREFIX_PATH=/opt/ros/humble /home/rlcontrol/.local/bin/cmake --build /home/rlcontrol/jay_ws/build/rl_custom_messages -- -j6 -l6
