[0.029s] Invoking command in '/home/rlcontrol/jay_ws/build/rl_custom_messages': CMAKE_PREFIX_PATH=${CMAKE_PREFIX_PATH}:/home/rlcontrol/jay_ws/install/opencv_tests:/opt/ros/humble /home/rlcontrol/.local/bin/cmake --build /home/rlcontrol/jay_ws/build/rl_custom_messages -- -j6 -l6
[0.206s] [  2%] Built target rl_custom_messages__cpp
[0.207s] [  2%] Built target ament_cmake_python_symlink_rl_custom_messages
[0.220s] [ 12%] Built target rl_custom_messages__rosidl_generator_c
[0.248s] [ 34%] Built target rl_custom_messages__rosidl_typesupport_c
[0.248s] [ 34%] Built target rl_custom_messages__rosidl_typesupport_introspection_cpp
[0.248s] [ 44%] Built target rl_custom_messages__rosidl_typesupport_cpp
[0.249s] [ 55%] Built target rl_custom_messages__rosidl_typesupport_fastrtps_cpp
[0.251s] [ 65%] Built target rl_custom_messages__rosidl_typesupport_fastrtps_c
[0.273s] [ 76%] Built target rl_custom_messages__rosidl_typesupport_introspection_c
[0.291s] [ 76%] Built target rl_custom_messages
[0.312s] [ 78%] Built target rl_custom_messages__py
[0.345s] [ 87%] Built target rl_custom_messages__rosidl_generator_py
[0.368s] [ 91%] Built target rl_custom_messages__rosidl_typesupport_fastrtps_c__pyext
[0.368s] [ 95%] Built target rl_custom_messages__rosidl_typesupport_introspection_c__pyext
[0.368s] [100%] Built target rl_custom_messages__rosidl_typesupport_c__pyext
[0.609s] running egg_info
[0.610s] writing rl_custom_messages.egg-info/PKG-INFO
[0.611s] writing dependency_links to rl_custom_messages.egg-info/dependency_links.txt
[0.611s] writing top-level names to rl_custom_messages.egg-info/top_level.txt
[0.617s] reading manifest file 'rl_custom_messages.egg-info/SOURCES.txt'
[0.619s] writing manifest file 'rl_custom_messages.egg-info/SOURCES.txt'
[0.644s] [100%] Built target ament_cmake_python_build_rl_custom_messages_egg
[0.656s] Invoked command in '/home/rlcontrol/jay_ws/build/rl_custom_messages' returned '0': CMAKE_PREFIX_PATH=${CMAKE_PREFIX_PATH}:/home/rlcontrol/jay_ws/install/opencv_tests:/opt/ros/humble /home/rlcontrol/.local/bin/cmake --build /home/rlcontrol/jay_ws/build/rl_custom_messages -- -j6 -l6
[0.917s] Invoking command in '/home/rlcontrol/jay_ws/build/rl_custom_messages': CMAKE_PREFIX_PATH=${CMAKE_PREFIX_PATH}:/home/rlcontrol/jay_ws/install/opencv_tests:/opt/ros/humble /home/rlcontrol/.local/bin/cmake --install /home/rlcontrol/jay_ws/build/rl_custom_messages
[0.958s] -- Install configuration: ""
[0.961s] -- Execute custom install script
[0.962s] -- Up-to-date symlink: /home/rlcontrol/jay_ws/install/rl_custom_messages/share/ament_index/resource_index/rosidl_interfaces/rl_custom_messages
[0.966s] -- Up-to-date symlink: /home/rlcontrol/jay_ws/install/rl_custom_messages/include/rl_custom_messages/rl_custom_messages/msg/detail/motor_commands__functions.h
[0.966s] -- Up-to-date symlink: /home/rlcontrol/jay_ws/install/rl_custom_messages/include/rl_custom_messages/rl_custom_messages/msg/detail/motor_commands__struct.h
[0.967s] -- Up-to-date symlink: /home/rlcontrol/jay_ws/install/rl_custom_messages/include/rl_custom_messages/rl_custom_messages/msg/detail/motor_commands__type_support.h
[0.967s] -- Up-to-date symlink: /home/rlcontrol/jay_ws/install/rl_custom_messages/include/rl_custom_messages/rl_custom_messages/msg/detail/range_array__functions.h
[0.967s] -- Up-to-date symlink: /home/rlcontrol/jay_ws/install/rl_custom_messages/include/rl_custom_messages/rl_custom_messages/msg/detail/range_array__struct.h
[0.968s] -- Up-to-date symlink: /home/rlcontrol/jay_ws/install/rl_custom_messages/include/rl_custom_messages/rl_custom_messages/msg/detail/range_array__type_support.h
[0.968s] -- Up-to-date symlink: /home/rlcontrol/jay_ws/install/rl_custom_messages/include/rl_custom_messages/rl_custom_messages/msg/motor_commands.h
[0.969s] -- Up-to-date symlink: /home/rlcontrol/jay_ws/install/rl_custom_messages/include/rl_custom_messages/rl_custom_messages/msg/range_array.h
[0.970s] -- Up-to-date symlink: /home/rlcontrol/jay_ws/install/rl_custom_messages/include/rl_custom_messages/rl_custom_messages/msg/rosidl_generator_c__visibility_control.h
[0.971s] -- Up-to-date symlink: /home/rlcontrol/jay_ws/install/rl_custom_messages/include/rl_custom_messages/rl_custom_messages/srv/detail/observation_service__functions.h
[0.972s] -- Up-to-date symlink: /home/rlcontrol/jay_ws/install/rl_custom_messages/include/rl_custom_messages/rl_custom_messages/srv/detail/observation_service__struct.h
[0.972s] -- Up-to-date symlink: /home/rlcontrol/jay_ws/install/rl_custom_messages/include/rl_custom_messages/rl_custom_messages/srv/detail/observation_service__type_support.h
[0.972s] -- Up-to-date symlink: /home/rlcontrol/jay_ws/install/rl_custom_messages/include/rl_custom_messages/rl_custom_messages/srv/observation_service.h
[0.973s] -- Up-to-date symlink: /home/rlcontrol/jay_ws/install/rl_custom_messages/share/rl_custom_messages/environment/library_path.sh
[0.973s] -- Up-to-date symlink: /home/rlcontrol/jay_ws/install/rl_custom_messages/share/rl_custom_messages/environment/library_path.dsv
[0.974s] -- Up-to-date symlink: /home/rlcontrol/jay_ws/install/rl_custom_messages/include/rl_custom_messages/rl_custom_messages/msg/detail/motor_commands__rosidl_typesupport_fastrtps_c.h
[0.975s] -- Up-to-date symlink: /home/rlcontrol/jay_ws/install/rl_custom_messages/include/rl_custom_messages/rl_custom_messages/msg/detail/range_array__rosidl_typesupport_fastrtps_c.h
[0.975s] -- Up-to-date symlink: /home/rlcontrol/jay_ws/install/rl_custom_messages/include/rl_custom_messages/rl_custom_messages/msg/rosidl_typesupport_fastrtps_c__visibility_control.h
[0.976s] -- Up-to-date symlink: /home/rlcontrol/jay_ws/install/rl_custom_messages/include/rl_custom_messages/rl_custom_messages/srv/detail/observation_service__rosidl_typesupport_fastrtps_c.h
[0.977s] -- Up-to-date symlink: /home/rlcontrol/jay_ws/install/rl_custom_messages/include/rl_custom_messages/rl_custom_messages/msg/detail/motor_commands__rosidl_typesupport_introspection_c.h
[0.977s] -- Up-to-date symlink: /home/rlcontrol/jay_ws/install/rl_custom_messages/include/rl_custom_messages/rl_custom_messages/msg/detail/range_array__rosidl_typesupport_introspection_c.h
[0.978s] -- Up-to-date symlink: /home/rlcontrol/jay_ws/install/rl_custom_messages/include/rl_custom_messages/rl_custom_messages/msg/rosidl_typesupport_introspection_c__visibility_control.h
[0.978s] -- Up-to-date symlink: /home/rlcontrol/jay_ws/install/rl_custom_messages/include/rl_custom_messages/rl_custom_messages/srv/detail/observation_service__rosidl_typesupport_introspection_c.h
[0.979s] -- Up-to-date symlink: /home/rlcontrol/jay_ws/install/rl_custom_messages/include/rl_custom_messages/rl_custom_messages/msg/detail/motor_commands__builder.hpp
[0.980s] -- Up-to-date symlink: /home/rlcontrol/jay_ws/install/rl_custom_messages/include/rl_custom_messages/rl_custom_messages/msg/detail/motor_commands__struct.hpp
[0.980s] -- Up-to-date symlink: /home/rlcontrol/jay_ws/install/rl_custom_messages/include/rl_custom_messages/rl_custom_messages/msg/detail/motor_commands__traits.hpp
[0.981s] -- Up-to-date symlink: /home/rlcontrol/jay_ws/install/rl_custom_messages/include/rl_custom_messages/rl_custom_messages/msg/detail/range_array__builder.hpp
[0.982s] -- Up-to-date symlink: /home/rlcontrol/jay_ws/install/rl_custom_messages/include/rl_custom_messages/rl_custom_messages/msg/detail/range_array__struct.hpp
[0.983s] -- Up-to-date symlink: /home/rlcontrol/jay_ws/install/rl_custom_messages/include/rl_custom_messages/rl_custom_messages/msg/detail/range_array__traits.hpp
[0.983s] -- Up-to-date symlink: /home/rlcontrol/jay_ws/install/rl_custom_messages/include/rl_custom_messages/rl_custom_messages/msg/motor_commands.hpp
[0.984s] -- Up-to-date symlink: /home/rlcontrol/jay_ws/install/rl_custom_messages/include/rl_custom_messages/rl_custom_messages/msg/range_array.hpp
[0.984s] -- Up-to-date symlink: /home/rlcontrol/jay_ws/install/rl_custom_messages/include/rl_custom_messages/rl_custom_messages/srv/detail/observation_service__builder.hpp
[0.985s] -- Up-to-date symlink: /home/rlcontrol/jay_ws/install/rl_custom_messages/include/rl_custom_messages/rl_custom_messages/srv/detail/observation_service__struct.hpp
[0.985s] -- Up-to-date symlink: /home/rlcontrol/jay_ws/install/rl_custom_messages/include/rl_custom_messages/rl_custom_messages/srv/detail/observation_service__traits.hpp
[0.986s] -- Up-to-date symlink: /home/rlcontrol/jay_ws/install/rl_custom_messages/include/rl_custom_messages/rl_custom_messages/srv/observation_service.hpp
[0.987s] -- Up-to-date symlink: /home/rlcontrol/jay_ws/install/rl_custom_messages/include/rl_custom_messages/rl_custom_messages/msg/detail/motor_commands__rosidl_typesupport_fastrtps_cpp.hpp
[0.987s] -- Up-to-date symlink: /home/rlcontrol/jay_ws/install/rl_custom_messages/include/rl_custom_messages/rl_custom_messages/msg/detail/range_array__rosidl_typesupport_fastrtps_cpp.hpp
[0.988s] -- Up-to-date symlink: /home/rlcontrol/jay_ws/install/rl_custom_messages/include/rl_custom_messages/rl_custom_messages/msg/rosidl_typesupport_fastrtps_cpp__visibility_control.h
[0.988s] -- Up-to-date symlink: /home/rlcontrol/jay_ws/install/rl_custom_messages/include/rl_custom_messages/rl_custom_messages/srv/detail/observation_service__rosidl_typesupport_fastrtps_cpp.hpp
[0.989s] -- Up-to-date symlink: /home/rlcontrol/jay_ws/install/rl_custom_messages/include/rl_custom_messages/rl_custom_messages/msg/detail/motor_commands__rosidl_typesupport_introspection_cpp.hpp
[0.990s] -- Up-to-date symlink: /home/rlcontrol/jay_ws/install/rl_custom_messages/include/rl_custom_messages/rl_custom_messages/msg/detail/range_array__rosidl_typesupport_introspection_cpp.hpp
[0.991s] -- Up-to-date symlink: /home/rlcontrol/jay_ws/install/rl_custom_messages/include/rl_custom_messages/rl_custom_messages/srv/detail/observation_service__rosidl_typesupport_introspection_cpp.hpp
[0.991s] -- Up-to-date symlink: /home/rlcontrol/jay_ws/install/rl_custom_messages/share/rl_custom_messages/environment/pythonpath.sh
[0.991s] -- Up-to-date symlink: /home/rlcontrol/jay_ws/install/rl_custom_messages/share/rl_custom_messages/environment/pythonpath.dsv
[0.992s] -- Up-to-date symlink: /home/rlcontrol/jay_ws/install/rl_custom_messages/local/lib/python3.10/dist-packages/rl_custom_messages-0.0.0-py3.10.egg-info/PKG-INFO
[0.993s] -- Up-to-date symlink: /home/rlcontrol/jay_ws/install/rl_custom_messages/local/lib/python3.10/dist-packages/rl_custom_messages-0.0.0-py3.10.egg-info/SOURCES.txt
[0.993s] -- Up-to-date symlink: /home/rlcontrol/jay_ws/install/rl_custom_messages/local/lib/python3.10/dist-packages/rl_custom_messages-0.0.0-py3.10.egg-info/dependency_links.txt
[0.994s] -- Up-to-date symlink: /home/rlcontrol/jay_ws/install/rl_custom_messages/local/lib/python3.10/dist-packages/rl_custom_messages-0.0.0-py3.10.egg-info/top_level.txt
[0.996s] -- Up-to-date symlink: /home/rlcontrol/jay_ws/install/rl_custom_messages/local/lib/python3.10/dist-packages/rl_custom_messages/__init__.py
[0.996s] -- Up-to-date symlink: /home/rlcontrol/jay_ws/install/rl_custom_messages/local/lib/python3.10/dist-packages/rl_custom_messages/_rl_custom_messages_s.ep.rosidl_typesupport_c.c
[0.997s] -- Up-to-date symlink: /home/rlcontrol/jay_ws/install/rl_custom_messages/local/lib/python3.10/dist-packages/rl_custom_messages/_rl_custom_messages_s.ep.rosidl_typesupport_fastrtps_c.c
[0.997s] -- Up-to-date symlink: /home/rlcontrol/jay_ws/install/rl_custom_messages/local/lib/python3.10/dist-packages/rl_custom_messages/_rl_custom_messages_s.ep.rosidl_typesupport_introspection_c.c
[0.997s] -- Up-to-date symlink: /home/rlcontrol/jay_ws/install/rl_custom_messages/local/lib/python3.10/dist-packages/rl_custom_messages/librl_custom_messages__rosidl_generator_py.so
[0.998s] -- Up-to-date symlink: /home/rlcontrol/jay_ws/install/rl_custom_messages/local/lib/python3.10/dist-packages/rl_custom_messages/msg/__init__.py
[0.998s] -- Up-to-date symlink: /home/rlcontrol/jay_ws/install/rl_custom_messages/local/lib/python3.10/dist-packages/rl_custom_messages/msg/_motor_commands.py
[0.999s] -- Up-to-date symlink: /home/rlcontrol/jay_ws/install/rl_custom_messages/local/lib/python3.10/dist-packages/rl_custom_messages/msg/_motor_commands_s.c
[0.999s] -- Up-to-date symlink: /home/rlcontrol/jay_ws/install/rl_custom_messages/local/lib/python3.10/dist-packages/rl_custom_messages/msg/_range_array.py
[1.000s] -- Up-to-date symlink: /home/rlcontrol/jay_ws/install/rl_custom_messages/local/lib/python3.10/dist-packages/rl_custom_messages/msg/_range_array_s.c
[1.000s] -- Up-to-date symlink: /home/rlcontrol/jay_ws/install/rl_custom_messages/local/lib/python3.10/dist-packages/rl_custom_messages/rl_custom_messages_s__rosidl_typesupport_c.cpython-310-x86_64-linux-gnu.so
[1.001s] -- Up-to-date symlink: /home/rlcontrol/jay_ws/install/rl_custom_messages/local/lib/python3.10/dist-packages/rl_custom_messages/rl_custom_messages_s__rosidl_typesupport_fastrtps_c.cpython-310-x86_64-linux-gnu.so
[1.001s] -- Up-to-date symlink: /home/rlcontrol/jay_ws/install/rl_custom_messages/local/lib/python3.10/dist-packages/rl_custom_messages/rl_custom_messages_s__rosidl_typesupport_introspection_c.cpython-310-x86_64-linux-gnu.so
[1.002s] -- Up-to-date symlink: /home/rlcontrol/jay_ws/install/rl_custom_messages/local/lib/python3.10/dist-packages/rl_custom_messages/srv/__init__.py
[1.002s] -- Up-to-date symlink: /home/rlcontrol/jay_ws/install/rl_custom_messages/local/lib/python3.10/dist-packages/rl_custom_messages/srv/_observation_service.py
[1.003s] -- Up-to-date symlink: /home/rlcontrol/jay_ws/install/rl_custom_messages/local/lib/python3.10/dist-packages/rl_custom_messages/srv/_observation_service_s.c
[1.004s] -- Up-to-date symlink: /home/rlcontrol/jay_ws/install/rl_custom_messages/local/lib/python3.10/dist-packages/rl_custom_messages/rl_custom_messages_s__rosidl_typesupport_fastrtps_c.cpython-310-x86_64-linux-gnu.so
[1.005s] -- Up-to-date symlink: /home/rlcontrol/jay_ws/install/rl_custom_messages/local/lib/python3.10/dist-packages/rl_custom_messages/rl_custom_messages_s__rosidl_typesupport_introspection_c.cpython-310-x86_64-linux-gnu.so
[1.006s] -- Up-to-date symlink: /home/rlcontrol/jay_ws/install/rl_custom_messages/local/lib/python3.10/dist-packages/rl_custom_messages/rl_custom_messages_s__rosidl_typesupport_c.cpython-310-x86_64-linux-gnu.so
[1.007s] -- Up-to-date symlink: /home/rlcontrol/jay_ws/install/rl_custom_messages/share/rl_custom_messages/msg/RangeArray.idl
[1.007s] -- Up-to-date symlink: /home/rlcontrol/jay_ws/install/rl_custom_messages/share/rl_custom_messages/msg/MotorCommands.idl
[1.008s] -- Up-to-date symlink: /home/rlcontrol/jay_ws/install/rl_custom_messages/share/rl_custom_messages/srv/ObservationService.idl
[1.009s] -- Up-to-date symlink: /home/rlcontrol/jay_ws/install/rl_custom_messages/share/rl_custom_messages/msg/RangeArray.msg
[1.009s] -- Up-to-date symlink: /home/rlcontrol/jay_ws/install/rl_custom_messages/share/rl_custom_messages/msg/MotorCommands.msg
[1.010s] -- Up-to-date symlink: /home/rlcontrol/jay_ws/install/rl_custom_messages/share/rl_custom_messages/srv/ObservationService.srv
[1.011s] -- Up-to-date symlink: /home/rlcontrol/jay_ws/install/rl_custom_messages/share/rl_custom_messages/srv/ObservationService_Request.msg
[1.011s] -- Up-to-date symlink: /home/rlcontrol/jay_ws/install/rl_custom_messages/share/rl_custom_messages/srv/ObservationService_Response.msg
[1.011s] -- Up-to-date symlink: /home/rlcontrol/jay_ws/install/rl_custom_messages/share/ament_index/resource_index/package_run_dependencies/rl_custom_messages
[1.012s] -- Up-to-date symlink: /home/rlcontrol/jay_ws/install/rl_custom_messages/share/ament_index/resource_index/parent_prefix_path/rl_custom_messages
[1.013s] -- Up-to-date symlink: /home/rlcontrol/jay_ws/install/rl_custom_messages/share/rl_custom_messages/environment/ament_prefix_path.sh
[1.013s] -- Up-to-date symlink: /home/rlcontrol/jay_ws/install/rl_custom_messages/share/rl_custom_messages/environment/ament_prefix_path.dsv
[1.014s] -- Up-to-date symlink: /home/rlcontrol/jay_ws/install/rl_custom_messages/share/rl_custom_messages/environment/path.sh
[1.014s] -- Up-to-date symlink: /home/rlcontrol/jay_ws/install/rl_custom_messages/share/rl_custom_messages/environment/path.dsv
[1.015s] -- Up-to-date symlink: /home/rlcontrol/jay_ws/install/rl_custom_messages/share/rl_custom_messages/local_setup.bash
[1.015s] -- Up-to-date symlink: /home/rlcontrol/jay_ws/install/rl_custom_messages/share/rl_custom_messages/local_setup.sh
[1.016s] -- Up-to-date symlink: /home/rlcontrol/jay_ws/install/rl_custom_messages/share/rl_custom_messages/local_setup.zsh
[1.017s] -- Up-to-date symlink: /home/rlcontrol/jay_ws/install/rl_custom_messages/share/rl_custom_messages/local_setup.dsv
[1.017s] -- Symlinking: /home/rlcontrol/jay_ws/install/rl_custom_messages/share/rl_custom_messages/package.dsv
[1.022s] -- Up-to-date symlink: /home/rlcontrol/jay_ws/install/rl_custom_messages/share/ament_index/resource_index/packages/rl_custom_messages
[1.023s] -- Up-to-date symlink: /home/rlcontrol/jay_ws/install/rl_custom_messages/share/rl_custom_messages/cmake/rosidl_cmake-extras.cmake
[1.024s] -- Up-to-date symlink: /home/rlcontrol/jay_ws/install/rl_custom_messages/share/rl_custom_messages/cmake/ament_cmake_export_include_directories-extras.cmake
[1.024s] -- Up-to-date symlink: /home/rlcontrol/jay_ws/install/rl_custom_messages/share/rl_custom_messages/cmake/ament_cmake_export_libraries-extras.cmake
[1.025s] -- Up-to-date symlink: /home/rlcontrol/jay_ws/install/rl_custom_messages/share/rl_custom_messages/cmake/ament_cmake_export_targets-extras.cmake
[1.025s] -- Up-to-date symlink: /home/rlcontrol/jay_ws/install/rl_custom_messages/share/rl_custom_messages/cmake/rosidl_cmake_export_typesupport_targets-extras.cmake
[1.026s] -- Up-to-date symlink: /home/rlcontrol/jay_ws/install/rl_custom_messages/share/rl_custom_messages/cmake/ament_cmake_export_dependencies-extras.cmake
[1.026s] -- Up-to-date symlink: /home/rlcontrol/jay_ws/install/rl_custom_messages/share/rl_custom_messages/cmake/rosidl_cmake_export_typesupport_libraries-extras.cmake
[1.027s] -- Up-to-date symlink: /home/rlcontrol/jay_ws/install/rl_custom_messages/share/rl_custom_messages/cmake/rl_custom_messagesConfig.cmake
[1.027s] -- Up-to-date symlink: /home/rlcontrol/jay_ws/install/rl_custom_messages/share/rl_custom_messages/cmake/rl_custom_messagesConfig-version.cmake
[1.028s] -- Up-to-date symlink: /home/rlcontrol/jay_ws/install/rl_custom_messages/share/rl_custom_messages/package.xml
[1.029s] -- Up-to-date: /home/rlcontrol/jay_ws/install/rl_custom_messages/lib/librl_custom_messages__rosidl_generator_c.so
[1.031s] -- Up-to-date: /home/rlcontrol/jay_ws/install/rl_custom_messages/lib/librl_custom_messages__rosidl_typesupport_fastrtps_c.so
[1.032s] -- Up-to-date: /home/rlcontrol/jay_ws/install/rl_custom_messages/lib/librl_custom_messages__rosidl_typesupport_introspection_c.so
[1.033s] -- Up-to-date: /home/rlcontrol/jay_ws/install/rl_custom_messages/lib/librl_custom_messages__rosidl_typesupport_c.so
[1.034s] -- Up-to-date: /home/rlcontrol/jay_ws/install/rl_custom_messages/lib/librl_custom_messages__rosidl_typesupport_fastrtps_cpp.so
[1.034s] -- Up-to-date: /home/rlcontrol/jay_ws/install/rl_custom_messages/lib/librl_custom_messages__rosidl_typesupport_introspection_cpp.so
[1.034s] -- Up-to-date: /home/rlcontrol/jay_ws/install/rl_custom_messages/lib/librl_custom_messages__rosidl_typesupport_cpp.so
[1.084s] Listing '/home/rlcontrol/jay_ws/install/rl_custom_messages/local/lib/python3.10/dist-packages/rl_custom_messages'...
[1.084s] Listing '/home/rlcontrol/jay_ws/install/rl_custom_messages/local/lib/python3.10/dist-packages/rl_custom_messages/msg'...
[1.084s] Listing '/home/rlcontrol/jay_ws/install/rl_custom_messages/local/lib/python3.10/dist-packages/rl_custom_messages/srv'...
[1.091s] -- Up-to-date: /home/rlcontrol/jay_ws/install/rl_custom_messages/lib/librl_custom_messages__rosidl_generator_py.so
[1.093s] -- Up-to-date: /home/rlcontrol/jay_ws/install/rl_custom_messages/share/rl_custom_messages/cmake/export_rl_custom_messages__rosidl_generator_cExport.cmake
[1.093s] -- Up-to-date: /home/rlcontrol/jay_ws/install/rl_custom_messages/share/rl_custom_messages/cmake/export_rl_custom_messages__rosidl_generator_cExport-noconfig.cmake
[1.094s] -- Up-to-date: /home/rlcontrol/jay_ws/install/rl_custom_messages/share/rl_custom_messages/cmake/export_rl_custom_messages__rosidl_typesupport_fastrtps_cExport.cmake
[1.094s] -- Up-to-date: /home/rlcontrol/jay_ws/install/rl_custom_messages/share/rl_custom_messages/cmake/export_rl_custom_messages__rosidl_typesupport_fastrtps_cExport-noconfig.cmake
[1.095s] -- Up-to-date: /home/rlcontrol/jay_ws/install/rl_custom_messages/share/rl_custom_messages/cmake/rl_custom_messages__rosidl_typesupport_introspection_cExport.cmake
[1.096s] -- Up-to-date: /home/rlcontrol/jay_ws/install/rl_custom_messages/share/rl_custom_messages/cmake/rl_custom_messages__rosidl_typesupport_introspection_cExport-noconfig.cmake
[1.097s] -- Up-to-date: /home/rlcontrol/jay_ws/install/rl_custom_messages/share/rl_custom_messages/cmake/rl_custom_messages__rosidl_typesupport_cExport.cmake
[1.097s] -- Up-to-date: /home/rlcontrol/jay_ws/install/rl_custom_messages/share/rl_custom_messages/cmake/rl_custom_messages__rosidl_typesupport_cExport-noconfig.cmake
[1.098s] -- Up-to-date: /home/rlcontrol/jay_ws/install/rl_custom_messages/share/rl_custom_messages/cmake/export_rl_custom_messages__rosidl_generator_cppExport.cmake
[1.099s] -- Up-to-date: /home/rlcontrol/jay_ws/install/rl_custom_messages/share/rl_custom_messages/cmake/export_rl_custom_messages__rosidl_typesupport_fastrtps_cppExport.cmake
[1.099s] -- Up-to-date: /home/rlcontrol/jay_ws/install/rl_custom_messages/share/rl_custom_messages/cmake/export_rl_custom_messages__rosidl_typesupport_fastrtps_cppExport-noconfig.cmake
[1.100s] -- Up-to-date: /home/rlcontrol/jay_ws/install/rl_custom_messages/share/rl_custom_messages/cmake/rl_custom_messages__rosidl_typesupport_introspection_cppExport.cmake
[1.100s] -- Up-to-date: /home/rlcontrol/jay_ws/install/rl_custom_messages/share/rl_custom_messages/cmake/rl_custom_messages__rosidl_typesupport_introspection_cppExport-noconfig.cmake
[1.102s] -- Up-to-date: /home/rlcontrol/jay_ws/install/rl_custom_messages/share/rl_custom_messages/cmake/rl_custom_messages__rosidl_typesupport_cppExport.cmake
[1.102s] -- Up-to-date: /home/rlcontrol/jay_ws/install/rl_custom_messages/share/rl_custom_messages/cmake/rl_custom_messages__rosidl_typesupport_cppExport-noconfig.cmake
[1.103s] -- Up-to-date: /home/rlcontrol/jay_ws/install/rl_custom_messages/share/rl_custom_messages/cmake/export_rl_custom_messages__rosidl_generator_pyExport.cmake
[1.103s] -- Up-to-date: /home/rlcontrol/jay_ws/install/rl_custom_messages/share/rl_custom_messages/cmake/export_rl_custom_messages__rosidl_generator_pyExport-noconfig.cmake
[1.112s] Invoked command in '/home/rlcontrol/jay_ws/build/rl_custom_messages' returned '0': CMAKE_PREFIX_PATH=${CMAKE_PREFIX_PATH}:/home/rlcontrol/jay_ws/install/opencv_tests:/opt/ros/humble /home/rlcontrol/.local/bin/cmake --install /home/rlcontrol/jay_ws/build/rl_custom_messages
