[0.010s] Invoking command in '/home/rlcontrol/jay_ws/build/jaybot': CMAKE_PREFIX_PATH=/home/rlcontrol/jay_ws/install/rl_custom_messages:/home/rlcontrol/jay_ws/install/jaybot:/opt/ros/humble /home/rlcontrol/.local/bin/cmake --build /home/rlcontrol/jay_ws/build/jaybot -- -j6 -l6
[0.062s] [ 35%] Built target range_publisher
[0.062s] [ 42%] Built target microphone_publisher
[0.062s] [ 35%] Built target motor_controller
[0.063s] [ 57%] Built target speaker_controller
[0.063s] [ 71%] Built target camera_publisher
[0.064s] [ 85%] Built target rl_server
[0.074s] [ 85%] Built target ament_cmake_python_symlink_jaybot
[0.079s] [100%] Built target image_debugger
[0.294s] running egg_info
[0.294s] writing jaybot.egg-info/PKG-INFO
[0.295s] writing dependency_links to jaybot.egg-info/dependency_links.txt
[0.295s] writing top-level names to jaybot.egg-info/top_level.txt
[0.297s] reading manifest file 'jaybot.egg-info/SOURCES.txt'
[0.297s] writing manifest file 'jaybot.egg-info/SOURCES.txt'
[0.313s] [100%] Built target ament_cmake_python_build_jaybot_egg
[0.321s] Invoked command in '/home/rlcontrol/jay_ws/build/jaybot' returned '0': CMAKE_PREFIX_PATH=/home/rlcontrol/jay_ws/install/rl_custom_messages:/home/rlcontrol/jay_ws/install/jaybot:/opt/ros/humble /home/rlcontrol/.local/bin/cmake --build /home/rlcontrol/jay_ws/build/jaybot -- -j6 -l6
[0.391s] Invoking command in '/home/rlcontrol/jay_ws/build/jaybot': CMAKE_PREFIX_PATH=/home/rlcontrol/jay_ws/install/rl_custom_messages:/home/rlcontrol/jay_ws/install/jaybot:/opt/ros/humble /home/rlcontrol/.local/bin/cmake --install /home/rlcontrol/jay_ws/build/jaybot
[0.414s] -- Install configuration: ""
[0.414s] -- Execute custom install script
[0.414s] -- Up-to-date symlink: /home/rlcontrol/jay_ws/install/jaybot/lib/jaybot/range_publisher
[0.414s] -- Up-to-date symlink: /home/rlcontrol/jay_ws/install/jaybot/lib/jaybot/motor_controller
[0.415s] -- Up-to-date symlink: /home/rlcontrol/jay_ws/install/jaybot/lib/jaybot/camera_publisher
[0.415s] -- Up-to-date symlink: /home/rlcontrol/jay_ws/install/jaybot/lib/jaybot/microphone_publisher
[0.415s] -- Up-to-date symlink: /home/rlcontrol/jay_ws/install/jaybot/lib/jaybot/speaker_controller
[0.415s] -- Up-to-date symlink: /home/rlcontrol/jay_ws/install/jaybot/lib/jaybot/rl_server
[0.415s] -- Up-to-date symlink: /home/rlcontrol/jay_ws/install/jaybot/lib/jaybot/image_debugger
[0.415s] -- Up-to-date symlink: /home/rlcontrol/jay_ws/install/jaybot/include/jaybot/RangeSensor.h
[0.415s] -- Up-to-date symlink: /home/rlcontrol/jay_ws/install/jaybot/include/jaybot/motor_controller.h
[0.416s] -- Up-to-date symlink: /home/rlcontrol/jay_ws/install/jaybot/share/jaybot/environment/pythonpath.sh
[0.416s] -- Up-to-date symlink: /home/rlcontrol/jay_ws/install/jaybot/share/jaybot/environment/pythonpath.dsv
[0.416s] -- Up-to-date symlink: /home/rlcontrol/jay_ws/install/jaybot/local/lib/python3.10/dist-packages/jaybot-0.0.0-py3.10.egg-info/PKG-INFO
[0.416s] -- Up-to-date symlink: /home/rlcontrol/jay_ws/install/jaybot/local/lib/python3.10/dist-packages/jaybot-0.0.0-py3.10.egg-info/SOURCES.txt
[0.416s] -- Up-to-date symlink: /home/rlcontrol/jay_ws/install/jaybot/local/lib/python3.10/dist-packages/jaybot-0.0.0-py3.10.egg-info/dependency_links.txt
[0.416s] -- Up-to-date symlink: /home/rlcontrol/jay_ws/install/jaybot/local/lib/python3.10/dist-packages/jaybot-0.0.0-py3.10.egg-info/top_level.txt
[0.417s] -- Up-to-date symlink: /home/rlcontrol/jay_ws/install/jaybot/local/lib/python3.10/dist-packages/jaybot/__init__.py
[0.417s] -- Up-to-date symlink: /home/rlcontrol/jay_ws/install/jaybot/lib/jaybot/rl_mind.py
[0.417s] -- Up-to-date symlink: /home/rlcontrol/jay_ws/install/jaybot/share/ament_index/resource_index/package_run_dependencies/jaybot
[0.417s] -- Up-to-date symlink: /home/rlcontrol/jay_ws/install/jaybot/share/ament_index/resource_index/parent_prefix_path/jaybot
[0.417s] -- Up-to-date symlink: /home/rlcontrol/jay_ws/install/jaybot/share/jaybot/environment/ament_prefix_path.sh
[0.418s] -- Up-to-date symlink: /home/rlcontrol/jay_ws/install/jaybot/share/jaybot/environment/ament_prefix_path.dsv
[0.418s] -- Up-to-date symlink: /home/rlcontrol/jay_ws/install/jaybot/share/jaybot/environment/path.sh
[0.418s] -- Up-to-date symlink: /home/rlcontrol/jay_ws/install/jaybot/share/jaybot/environment/path.dsv
[0.418s] -- Up-to-date symlink: /home/rlcontrol/jay_ws/install/jaybot/share/jaybot/local_setup.bash
[0.418s] -- Up-to-date symlink: /home/rlcontrol/jay_ws/install/jaybot/share/jaybot/local_setup.sh
[0.418s] -- Up-to-date symlink: /home/rlcontrol/jay_ws/install/jaybot/share/jaybot/local_setup.zsh
[0.419s] -- Up-to-date symlink: /home/rlcontrol/jay_ws/install/jaybot/share/jaybot/local_setup.dsv
[0.419s] -- Symlinking: /home/rlcontrol/jay_ws/install/jaybot/share/jaybot/package.dsv
[0.423s] -- Up-to-date symlink: /home/rlcontrol/jay_ws/install/jaybot/share/ament_index/resource_index/packages/jaybot
[0.423s] -- Up-to-date symlink: /home/rlcontrol/jay_ws/install/jaybot/share/jaybot/cmake/ament_cmake_export_dependencies-extras.cmake
[0.423s] -- Up-to-date symlink: /home/rlcontrol/jay_ws/install/jaybot/share/jaybot/cmake/jaybotConfig.cmake
[0.423s] -- Up-to-date symlink: /home/rlcontrol/jay_ws/install/jaybot/share/jaybot/cmake/jaybotConfig-version.cmake
[0.423s] -- Up-to-date symlink: /home/rlcontrol/jay_ws/install/jaybot/share/jaybot/package.xml
[0.450s] Listing '/home/rlcontrol/jay_ws/install/jaybot/local/lib/python3.10/dist-packages/jaybot'...
[0.459s] Invoked command in '/home/rlcontrol/jay_ws/build/jaybot' returned '0': CMAKE_PREFIX_PATH=/home/rlcontrol/jay_ws/install/rl_custom_messages:/home/rlcontrol/jay_ws/install/jaybot:/opt/ros/humble /home/rlcontrol/.local/bin/cmake --install /home/rlcontrol/jay_ws/build/jaybot
