[0.017s] Invoking command in '/home/rlcontrol/jay_ws/build/jaybot': AMENT_PREFIX_PATH=/home/rlcontrol/jay_ws/install/rl_custom_messages:${AMENT_PREFIX_PATH} CMAKE_PREFIX_PATH=/home/rlcontrol/jay_ws/install/rl_custom_messages:/opt/ros/humble LD_LIBRARY_PATH=/home/rlcontrol/jay_ws/install/rl_custom_messages/lib:${LD_LIBRARY_PATH} PYTHONPATH=/home/rlcontrol/jay_ws/install/rl_custom_messages/local/lib/python3.10/dist-packages:${PYTHONPATH} /home/rlcontrol/.local/bin/cmake --build /home/rlcontrol/jay_ws/build/jaybot -- -j6 -l6
[0.106s] [ 20%] Built target range_publisher
[0.111s] [ 30%] [32mBuilding CXX object CMakeFiles/camera_publisher.dir/src/camera_publisher.cpp.o[0m
[0.112s] [ 30%] Built target ament_cmake_python_symlink_jaybot
[0.113s] [ 50%] Built target motor_controller
[0.116s] [ 70%] Built target image_debugger
[0.131s] [ 80%] [32mBuilding CXX object CMakeFiles/rl_server.dir/src/rl_server.cpp.o[0m
[0.458s] running egg_info
[0.459s] writing jaybot.egg-info/PKG-INFO
[0.459s] writing dependency_links to jaybot.egg-info/dependency_links.txt
[0.459s] writing top-level names to jaybot.egg-info/top_level.txt
[0.462s] reading manifest file 'jaybot.egg-info/SOURCES.txt'
[0.462s] writing manifest file 'jaybot.egg-info/SOURCES.txt'
[0.482s] [ 80%] Built target ament_cmake_python_build_jaybot_egg
[0.891s] [01m[K/home/rlcontrol/jay_ws/jaybot/src/rl_server.cpp:117:1:[m[K [01;31m[Kerror: [m[Kstray ‘[01m[K`[m[K’ in program
[0.891s]   117 | [01;31m[K`[m[K``cpp
[0.891s]       | [01;31m[K^[m[K
[0.891s] [01m[K/home/rlcontrol/jay_ws/jaybot/src/rl_server.cpp:117:2:[m[K [01;31m[Kerror: [m[Kstray ‘[01m[K`[m[K’ in program
[0.891s]   117 | `[01;31m[K`[m[K`cpp
[0.891s]       |  [01;31m[K^[m[K
[0.891s] [01m[K/home/rlcontrol/jay_ws/jaybot/src/rl_server.cpp:117:3:[m[K [01;31m[Kerror: [m[Kstray ‘[01m[K`[m[K’ in program
[0.891s]   117 | ``[01;31m[K`[m[Kcpp
[0.891s]       |   [01;31m[K^[m[K
[4.266s] [01m[K/home/rlcontrol/jay_ws/jaybot/src/rl_server.cpp:[m[K In member function ‘[01m[Kvoid ImageServer::service_callback(std::shared_ptr<rl_custom_messages::srv::ImageService_Request_<std::allocator<void> > >, std::shared_ptr<rl_custom_messages::srv::ImageService_Response_<std::allocator<void> > >)[m[K’:
[4.266s] [01m[K/home/rlcontrol/jay_ws/jaybot/src/rl_server.cpp:89:79:[m[K [01;35m[Kwarning: [m[Kunused parameter ‘[01m[Krequest[m[K’ [[01;35m[K]8;;https://gcc.gnu.org/onlinedocs/gcc/Warning-Options.html#index-Wunused-parameter-Wunused-parameter]8;;[m[K]
[4.266s]    89 |         [01;35m[Kconst std::shared_ptr<rl_custom_messages::srv::ImageService::Request> request[m[K,
[4.266s]       |         [01;35m[K~~~~~~~~~~~~~~~~~~~~~~~~~~~~~~~~~~~~~~~~~~~~~~~~~~~~~~~~~~~~~~~~~~~~~~^~~~~~~[m[K
[4.275s] [01m[K/home/rlcontrol/jay_ws/jaybot/src/rl_server.cpp:[m[K In function ‘[01m[Kint main(int, char**)[m[K’:
[4.275s] [01m[K/home/rlcontrol/jay_ws/jaybot/src/rl_server.cpp:115:14:[m[K [01;31m[Kerror: [m[K‘[01m[Kclass rclcpp::executors::MultiThreadedExecutor[m[K’ has no member named ‘[01m[KaddApologies[m[K’
[4.275s]   115 |     executor.[01;31m[KaddApologies[m[K for the cutoff. Here is the rest of the server code:
[4.275s]       |              [01;31m[K^~~~~~~~~~~~[m[K
[7.191s] [ 90%] [32m[1mLinking CXX executable camera_publisher[0m
[7.966s] [ 90%] Built target camera_publisher
[10.262s] gmake[2]: *** [CMakeFiles/rl_server.dir/build.make:76: CMakeFiles/rl_server.dir/src/rl_server.cpp.o] Error 1
[10.262s] gmake[1]: *** [CMakeFiles/Makefile2:226: CMakeFiles/rl_server.dir/all] Error 2
[10.263s] gmake: *** [Makefile:146: all] Error 2
[10.269s] Invoked command in '/home/rlcontrol/jay_ws/build/jaybot' returned '2': AMENT_PREFIX_PATH=/home/rlcontrol/jay_ws/install/rl_custom_messages:${AMENT_PREFIX_PATH} CMAKE_PREFIX_PATH=/home/rlcontrol/jay_ws/install/rl_custom_messages:/opt/ros/humble LD_LIBRARY_PATH=/home/rlcontrol/jay_ws/install/rl_custom_messages/lib:${LD_LIBRARY_PATH} PYTHONPATH=/home/rlcontrol/jay_ws/install/rl_custom_messages/local/lib/python3.10/dist-packages:${PYTHONPATH} /home/rlcontrol/.local/bin/cmake --build /home/rlcontrol/jay_ws/build/jaybot -- -j6 -l6
